[2022-10-14 19:06:27.957] [exthost] [info] Extension host with pid 6601 started
[2022-10-14 19:06:28.011] [exthost] [info] Lock '/home/nunoamorim/.vscode-server/data/User/workspaceStorage/a9f5109e99d391079f85d3e92812567a/vscode.lock': Lock acquired.
[2022-10-14 19:06:28.805] [exthost] [info] ExtensionService#_doActivateExtension vscode.html-language-features, startup: false, activationEvent: 'onLanguage:html'
[2022-10-14 19:06:28.809] [exthost] [info] ExtensionService#_doActivateExtension vscode.debug-auto-launch, startup: true, activationEvent: '*'
[2022-10-14 19:06:28.810] [exthost] [info] ExtensionService#_doActivateExtension vscode.git-base, startup: true, activationEvent: '*', root cause: vscode.git
[2022-10-14 19:06:28.812] [exthost] [info] ExtensionService#_doActivateExtension vscode.ipynb, startup: true, activationEvent: '*'
[2022-10-14 19:06:29.295] [exthost] [info] ExtensionService#_doActivateExtension vscode.git, startup: true, activationEvent: '*'
[2022-10-14 19:06:29.295] [exthost] [info] ExtensionService#_doActivateExtension vscode.github, startup: true, activationEvent: '*'
[2022-10-14 19:06:29.610] [exthost] [info] ExtensionService#_doActivateExtension GitHub.vscode-pull-request-github, startup: true, activationEvent: '*'
[2022-10-14 19:06:30.830] [exthost] [warning] [Decorations] CAPPING events from decorations provider vscode.git 4642
[2022-10-14 19:06:32.163] [exthost] [warning] [Decorations] CAPPING events from decorations provider vscode.git 4642
[2022-10-14 19:06:33.493] [exthost] [warning] [Decorations] CAPPING events from decorations provider vscode.git 4642
[2022-10-14 19:06:34.609] [exthost] [info] ExtensionService#_doActivateExtension vscode.emmet, startup: false, activationEvent: 'onStartupFinished'
[2022-10-14 19:06:34.609] [exthost] [info] ExtensionService#_doActivateExtension vscode.merge-conflict, startup: false, activationEvent: 'onStartupFinished'
[2022-10-14 19:06:34.609] [exthost] [info] ExtensionService#_doActivateExtension ritwickdey.LiveServer, startup: false, activationEvent: 'onStartupFinished'
[2022-10-14 19:06:34.610] [exthost] [info] Eager extensions activated
[2022-10-14 19:06:37.515] [exthost] [warning] [Decorations] CAPPING events from decorations provider vscode.git 4647
[2022-10-14 19:12:37.591] [exthost] [warning] [Decorations] CAPPING events from decorations provider vscode.git 4647
[2022-10-14 19:12:38.362] [exthost] [warning] [Decorations] CAPPING events from decorations provider vscode.git 4646
[2022-10-14 19:12:42.740] [exthost] [warning] [Decorations] CAPPING events from decorations provider vscode.git 4646
[2022-10-14 19:12:46.850] [exthost] [info] ExtensionService#_doActivateExtension vscode.typescript-language-features, startup: false, activationEvent: 'onLanguage:javascript'
[2022-10-14 19:12:51.490] [exthost] [warning] [Decorations] CAPPING events from decorations provider vscode.git 4649
[2022-10-14 19:13:10.665] [exthost] [warning] [Decorations] CAPPING events from decorations provider vscode.git 4649
[2022-10-14 19:13:15.821] [exthost] [warning] [Decorations] CAPPING events from decorations provider vscode.git 4649
[2022-10-14 19:13:20.967] [exthost] [warning] [Decorations] CAPPING events from decorations provider vscode.git 4649
[2022-10-14 19:13:26.125] [exthost] [warning] [Decorations] CAPPING events from decorations provider vscode.git 4649
[2022-10-14 19:13:31.882] [exthost] [warning] [Decorations] CAPPING events from decorations provider vscode.git 4649
[2022-10-14 19:22:15.202] [exthost] [warning] [Decorations] CAPPING events from decorations provider vscode.git 4649
[2022-10-14 19:22:15.962] [exthost] [warning] [Decorations] CAPPING events from decorations provider vscode.git 4649
[2022-10-14 19:22:20.358] [exthost] [warning] [Decorations] CAPPING events from decorations provider vscode.git 4649
[2022-10-14 19:22:25.516] [exthost] [warning] [Decorations] CAPPING events from decorations provider vscode.git 4649
[2022-10-14 19:25:55.893] [exthost] [warning] [Decorations] CAPPING events from decorations provider vscode.git 4649
[2022-10-14 19:25:56.622] [exthost] [warning] [Decorations] CAPPING events from decorations provider vscode.git 4649
[2022-10-14 19:26:01.033] [exthost] [warning] [Decorations] CAPPING events from decorations provider vscode.git 4649
[2022-10-14 19:31:11.459] [exthost] [warning] [Decorations] CAPPING events from decorations provider vscode.git 4649
[2022-10-14 19:31:12.190] [exthost] [warning] [Decorations] CAPPING events from decorations provider vscode.git 4649
[2022-10-14 19:31:56.959] [exthost] [warning] [Decorations] CAPPING events from decorations provider vscode.git 4649
[2022-10-14 19:32:13.784] [exthost] [warning] [Decorations] CAPPING events from decorations provider vscode.git 4649
[2022-10-14 19:32:26.474] [exthost] [warning] [Decorations] CAPPING events from decorations provider vscode.git 4649
[2022-10-14 19:32:45.261] [exthost] [warning] [Decorations] CAPPING events from decorations provider vscode.git 4649
[2022-10-14 19:32:50.457] [exthost] [warning] [Decorations] CAPPING events from decorations provider vscode.git 4649
[2022-10-14 19:32:55.620] [exthost] [warning] [Decorations] CAPPING events from decorations provider vscode.git 4649
[2022-10-14 19:33:52.913] [exthost] [warning] [Decorations] CAPPING events from decorations provider vscode.git 4649
[2022-10-14 19:33:58.068] [exthost] [warning] [Decorations] CAPPING events from decorations provider vscode.git 4649
[2022-10-14 19:35:05.720] [exthost] [warning] [Decorations] CAPPING events from decorations provider vscode.git 4649
[2022-10-14 19:35:06.656] [exthost] [warning] [Decorations] CAPPING events from decorations provider vscode.git 4649
[2022-10-14 19:35:10.922] [exthost] [warning] [Decorations] CAPPING events from decorations provider vscode.git 4649
[2022-10-14 19:35:16.101] [exthost] [warning] [Decorations] CAPPING events from decorations provider vscode.git 4649
[2022-10-14 19:35:21.254] [exthost] [warning] [Decorations] CAPPING events from decorations provider vscode.git 4649
[2022-10-14 19:35:26.421] [exthost] [warning] [Decorations] CAPPING events from decorations provider vscode.git 4649
[2022-10-14 19:35:54.056] [exthost] [warning] [Decorations] CAPPING events from decorations provider vscode.git 4649
[2022-10-14 19:42:58.532] [exthost] [warning] [Decorations] CAPPING events from decorations provider vscode.git 4649
[2022-10-14 19:42:59.291] [exthost] [warning] [Decorations] CAPPING events from decorations provider vscode.git 4649
[2022-10-14 19:43:12.092] [exthost] [warning] [Decorations] CAPPING events from decorations provider vscode.git 4649
[2022-10-14 19:43:17.276] [exthost] [warning] [Decorations] CAPPING events from decorations provider vscode.git 4649
[2022-10-14 19:48:50.789] [exthost] [warning] [Decorations] CAPPING events from decorations provider vscode.git 4649
[2022-10-14 19:48:51.952] [exthost] [warning] [Decorations] CAPPING events from decorations provider vscode.git 4649
[2022-10-14 19:48:54.600] [exthost] [info] Extension host terminating: received terminate message from renderer
[2022-10-14 19:48:54.601] [exthost] [info] Lock '/home/nunoamorim/.vscode-server/data/User/workspaceStorage/a9f5109e99d391079f85d3e92812567a/vscode.lock': Marking the lockfile as scheduled to be released in 6000 ms.
[2022-10-14 19:48:54.704] [exthost] [info] Extension host with pid 6601 exiting with code 0
