2022-12-19 16:59:03.870 [info] Extension host with pid 15828 started
2022-12-19 16:59:03.905 [info] Lock '/home/nunoamorim/.vscode-server/data/User/workspaceStorage/a9f5109e99d391079f85d3e92812567a/vscode.lock': Lock acquired.
2022-12-19 16:59:04.058 [info] ExtensionService#_doActivateExtension ms-azuretools.vscode-docker, startup: false, activationEvent: 'onLanguage:dockercompose'
2022-12-19 16:59:04.059 [info] ExtensionService#_doActivateExtension vscode.git-base, startup: true, activationEvent: '*', root cause: vscode.git
2022-12-19 16:59:04.060 [info] ExtensionService#_doActivateExtension Blackboxapp.blackbox, startup: true, activationEvent: '*'
2022-12-19 16:59:04.983 [info] ExtensionService#_doActivateExtension vscode.git, startup: true, activationEvent: '*'
2022-12-19 16:59:04.984 [info] ExtensionService#_doActivateExtension vscode.github, startup: true, activationEvent: '*'
2022-12-19 16:59:05.431 [info] ExtensionService#_doActivateExtension vscode.debug-auto-launch, startup: false, activationEvent: 'onStartupFinished'
2022-12-19 16:59:05.432 [info] ExtensionService#_doActivateExtension vscode.emmet, startup: false, activationEvent: 'onStartupFinished'
2022-12-19 16:59:05.433 [info] ExtensionService#_doActivateExtension vscode.merge-conflict, startup: false, activationEvent: 'onStartupFinished'
2022-12-19 16:59:05.433 [info] ExtensionService#_doActivateExtension ritwickdey.LiveServer, startup: false, activationEvent: 'onStartupFinished'
2022-12-19 16:59:05.433 [info] Eager extensions activated
2022-12-19 16:59:06.203 [info] ExtensionService#_doActivateExtension GitHub.vscode-pull-request-github, startup: false, activationEvent: 'onStartupFinished'
2022-12-19 16:59:07.320 [warning] [Decorations] CAPPING events from decorations provider vscode.git 10000
2022-12-19 16:59:09.528 [warning] [Decorations] CAPPING events from decorations provider vscode.git 10001
2022-12-19 16:59:16.439 [info] ExtensionService#_doActivateExtension vscode.typescript-language-features, startup: false, activationEvent: 'onLanguage:javascript'
2022-12-19 17:14:04.587 [info] ExtensionService#_doActivateExtension vscode.configuration-editing, startup: false, activationEvent: 'onLanguage:json'
2022-12-19 17:14:04.587 [info] ExtensionService#_doActivateExtension vscode.extension-editing, startup: false, activationEvent: 'onLanguage:json'
2022-12-19 17:14:04.588 [info] ExtensionService#_doActivateExtension vscode.json-language-features, startup: false, activationEvent: 'onLanguage:json'
2022-12-19 17:14:04.588 [info] ExtensionService#_doActivateExtension vscode.npm, startup: false, activationEvent: 'onLanguage:json'
2022-12-19 17:27:04.720 [info] Extension host terminating: received terminate message from renderer
2022-12-19 17:27:04.721 [info] Lock '/home/nunoamorim/.vscode-server/data/User/workspaceStorage/a9f5109e99d391079f85d3e92812567a/vscode.lock': Marking the lockfile as scheduled to be released in 6000 ms.
2022-12-19 17:27:04.852 [info] Extension host with pid 15828 exiting with code 0
