[2022-10-20T15:55:07.739Z] Log level: Info
[2022-10-20T15:55:07.753Z] [info] Validating found git in: git
[2022-10-20T15:55:07.863Z] [info] Using git 2.25.1 from git
[2022-10-20T15:55:07.891Z] > git rev-parse --show-toplevel [7ms]
[2022-10-20T15:55:07.916Z] > git rev-parse --git-dir --git-common-dir [11ms]
[2022-10-20T15:55:07.930Z] [info] Open repository: /home/nunoamorim
[2022-10-20T15:55:07.987Z] > git rev-parse --show-toplevel [7ms]
[2022-10-20T15:55:07.996Z] > git rev-parse --show-toplevel [1ms]
[2022-10-20T15:55:08.053Z] > git rev-parse --show-toplevel [38ms]
[2022-10-20T15:55:08.070Z] > git rev-parse --show-toplevel [9ms]
[2022-10-20T15:55:08.079Z] > git rev-parse --show-toplevel [2ms]
[2022-10-20T15:55:08.111Z] > git rev-parse --show-toplevel [12ms]
[2022-10-20T15:55:08.117Z] > git rev-parse --git-dir --git-common-dir [1ms]
[2022-10-20T15:55:08.122Z] [info] Open repository: /home/nunoamorim/.nvm
[2022-10-20T15:55:08.181Z] > git status -z -uall [24ms]
[2022-10-20T15:55:08.199Z] > git rev-parse --show-toplevel [37ms]
[2022-10-20T15:55:08.213Z] > git rev-parse --show-toplevel [4ms]
[2022-10-20T15:55:08.218Z] > git symbolic-ref --short HEAD [20ms]
[2022-10-20T15:55:08.218Z] fatal: ref HEAD is not a symbolic ref
[2022-10-20T15:55:08.233Z] > git rev-parse HEAD [8ms]
[2022-10-20T15:55:08.249Z] > git rev-parse --show-toplevel [31ms]
[2022-10-20T15:55:08.257Z] > git remote --verbose [9ms]
[2022-10-20T15:55:08.265Z] > git for-each-ref --sort -committerdate --format %(refname) %(objectname) %(*objectname) [23ms]
[2022-10-20T15:55:08.283Z] > git config --get commit.template [2ms]
[2022-10-20T15:55:08.601Z] > git status -z -uall [638ms]
[2022-10-20T15:55:08.613Z] > git status -z -uall [312ms]
[2022-10-20T15:55:08.628Z] > git symbolic-ref --short HEAD [5ms]
[2022-10-20T15:55:08.628Z] fatal: ref HEAD is not a symbolic ref
[2022-10-20T15:55:08.633Z] > git symbolic-ref --short HEAD [21ms]
[2022-10-20T15:55:08.646Z] > git for-each-ref --format=%(refname)%00%(upstream:short)%00%(objectname)%00%(upstream:track)%00%(upstream:remotename)%00%(upstream:remoteref) refs/heads/master refs/remotes/master [5ms]
[2022-10-20T15:55:08.667Z] > git rev-parse HEAD [35ms]
[2022-10-20T15:55:08.805Z] > git show --textconv :ITI/server2.js [70ms]
[2022-10-20T15:55:08.805Z] > git remote --verbose [120ms]
[2022-10-20T15:55:08.805Z] > git for-each-ref --sort -committerdate --format %(refname) %(objectname) %(*objectname) [130ms]
[2022-10-20T15:55:08.808Z] > git remote --verbose [143ms]
[2022-10-20T15:55:08.808Z] > git for-each-ref --sort -committerdate --format %(refname) %(objectname) %(*objectname) [152ms]
[2022-10-20T15:55:08.862Z] > git check-ignore -v -z --stdin [152ms]
[2022-10-20T15:55:08.864Z] > git check-ignore -v -z --stdin [142ms]
[2022-10-20T15:55:08.865Z] > git ls-files --stage -- /home/nunoamorim/ITI/server2.js [112ms]
[2022-10-20T15:55:08.882Z] > git cat-file -s 3d102245461f76cf1038abdfe8d11df2111d4f53 [7ms]
[2022-10-20T15:55:08.883Z] > git config --get commit.template [22ms]
[2022-10-20T15:55:08.906Z] > git config --get commit.template [66ms]
[2022-10-20T15:55:09.053Z] > git status -z -uall [148ms]
[2022-10-20T15:55:09.068Z] > git symbolic-ref --short HEAD [5ms]
[2022-10-20T15:55:09.084Z] > git for-each-ref --format=%(refname)%00%(upstream:short)%00%(objectname)%00%(upstream:track)%00%(upstream:remotename)%00%(upstream:remoteref) refs/heads/master refs/remotes/master [4ms]
[2022-10-20T15:55:09.103Z] > git remote --verbose [2ms]
[2022-10-20T15:55:09.104Z] > git for-each-ref --sort -committerdate --format %(refname) %(objectname) %(*objectname) [11ms]
[2022-10-20T15:55:09.116Z] > git fetch [1170ms]
[2022-10-20T15:55:09.117Z] > git config --get commit.template [1ms]
[2022-10-20T15:55:09.239Z] > git status -z -uall [114ms]
[2022-10-20T15:55:09.248Z] > git symbolic-ref --short HEAD [2ms]
[2022-10-20T15:55:09.260Z] > git for-each-ref --format=%(refname)%00%(upstream:short)%00%(objectname)%00%(upstream:track)%00%(upstream:remotename)%00%(upstream:remoteref) refs/heads/master refs/remotes/master [3ms]
[2022-10-20T15:55:09.279Z] > git for-each-ref --sort -committerdate --format %(refname) %(objectname) %(*objectname) [12ms]
[2022-10-20T15:55:09.279Z] > git remote --verbose [3ms]
[2022-10-20T15:55:09.297Z] > git config --get commit.template [2ms]
[2022-10-20T15:55:09.443Z] > git fetch [1309ms]
[2022-10-20T15:55:09.455Z] > git status -z -uall [1ms]
[2022-10-20T15:55:09.465Z] > git symbolic-ref --short HEAD [2ms]
[2022-10-20T15:55:09.465Z] fatal: ref HEAD is not a symbolic ref
[2022-10-20T15:55:09.473Z] > git rev-parse HEAD [2ms]
[2022-10-20T15:55:09.495Z] > git remote --verbose [2ms]
[2022-10-20T15:55:09.496Z] > git for-each-ref --sort -committerdate --format %(refname) %(objectname) %(*objectname) [10ms]
[2022-10-20T15:55:09.508Z] > git config --get commit.template [2ms]
[2022-10-20T15:55:10.676Z] > git status -z -uall [3ms]
[2022-10-20T15:55:10.682Z] > git symbolic-ref --short HEAD [2ms]
[2022-10-20T15:55:10.682Z] fatal: ref HEAD is not a symbolic ref
[2022-10-20T15:55:10.689Z] > git rev-parse HEAD [1ms]
[2022-10-20T15:55:10.700Z] > git for-each-ref --sort -committerdate --format %(refname) %(objectname) %(*objectname) [5ms]
[2022-10-20T15:55:10.700Z] > git remote --verbose [2ms]
[2022-10-20T15:55:10.707Z] > git config --get commit.template [1ms]
[2022-10-20T15:55:11.064Z] > git config --local branch.master.github-pr-owner-number [84ms]
[2022-10-20T15:55:11.080Z] > git ls-files --stage -- /home/nunoamorim/ITI/server2.js [19ms]
[2022-10-20T15:55:11.090Z] > git cat-file -s 3d102245461f76cf1038abdfe8d11df2111d4f53 [5ms]
[2022-10-20T15:55:11.141Z] > git show --textconv :ITI/server2.js [28ms]
[2022-10-20T15:55:16.159Z] > git status -z -uall [45ms]
[2022-10-20T15:55:16.165Z] > git symbolic-ref --short HEAD [0ms]
[2022-10-20T15:55:16.171Z] > git for-each-ref --format=%(refname)%00%(upstream:short)%00%(objectname)%00%(upstream:track)%00%(upstream:remotename)%00%(upstream:remoteref) refs/heads/master refs/remotes/master [1ms]
[2022-10-20T15:55:16.180Z] > git remote --verbose [1ms]
[2022-10-20T15:55:16.180Z] > git for-each-ref --sort -committerdate --format %(refname) %(objectname) %(*objectname) [5ms]
[2022-10-20T15:55:16.188Z] > git config --get commit.template [1ms]
[2022-10-20T15:55:21.253Z] > git status -z -uall [53ms]
[2022-10-20T15:55:21.257Z] > git symbolic-ref --short HEAD [0ms]
[2022-10-20T15:55:21.262Z] > git for-each-ref --format=%(refname)%00%(upstream:short)%00%(objectname)%00%(upstream:track)%00%(upstream:remotename)%00%(upstream:remoteref) refs/heads/master refs/remotes/master [0ms]
[2022-10-20T15:55:21.271Z] > git remote --verbose [1ms]
[2022-10-20T15:55:21.271Z] > git for-each-ref --sort -committerdate --format %(refname) %(objectname) %(*objectname) [5ms]
[2022-10-20T15:55:21.278Z] > git config --get commit.template [0ms]
[2022-10-20T15:55:26.325Z] > git status -z -uall [42ms]
[2022-10-20T15:55:26.329Z] > git symbolic-ref --short HEAD [0ms]
[2022-10-20T15:55:26.335Z] > git for-each-ref --format=%(refname)%00%(upstream:short)%00%(objectname)%00%(upstream:track)%00%(upstream:remotename)%00%(upstream:remoteref) refs/heads/master refs/remotes/master [1ms]
[2022-10-20T15:55:26.343Z] > git remote --verbose [1ms]
[2022-10-20T15:55:26.344Z] > git for-each-ref --sort -committerdate --format %(refname) %(objectname) %(*objectname) [5ms]
[2022-10-20T15:55:26.351Z] > git config --get commit.template [0ms]
[2022-10-20T15:55:31.414Z] > git status -z -uall [48ms]
[2022-10-20T15:55:31.418Z] > git symbolic-ref --short HEAD [1ms]
[2022-10-20T15:55:31.423Z] > git for-each-ref --format=%(refname)%00%(upstream:short)%00%(objectname)%00%(upstream:track)%00%(upstream:remotename)%00%(upstream:remoteref) refs/heads/master refs/remotes/master [1ms]
[2022-10-20T15:55:31.431Z] > git remote --verbose [0ms]
[2022-10-20T15:55:31.432Z] > git for-each-ref --sort -committerdate --format %(refname) %(objectname) %(*objectname) [5ms]
[2022-10-20T15:55:31.439Z] > git config --get commit.template [1ms]
[2022-10-20T15:55:36.492Z] > git status -z -uall [46ms]
[2022-10-20T15:55:36.496Z] > git symbolic-ref --short HEAD [0ms]
[2022-10-20T15:55:36.501Z] > git for-each-ref --format=%(refname)%00%(upstream:short)%00%(objectname)%00%(upstream:track)%00%(upstream:remotename)%00%(upstream:remoteref) refs/heads/master refs/remotes/master [1ms]
[2022-10-20T15:55:36.509Z] > git remote --verbose [1ms]
[2022-10-20T15:55:36.509Z] > git for-each-ref --sort -committerdate --format %(refname) %(objectname) %(*objectname) [4ms]
[2022-10-20T15:55:36.524Z] > git config --get commit.template [9ms]
[2022-10-20T15:55:41.584Z] > git status -z -uall [51ms]
[2022-10-20T15:55:41.588Z] > git symbolic-ref --short HEAD [0ms]
[2022-10-20T15:55:41.594Z] > git for-each-ref --format=%(refname)%00%(upstream:short)%00%(objectname)%00%(upstream:track)%00%(upstream:remotename)%00%(upstream:remoteref) refs/heads/master refs/remotes/master [1ms]
[2022-10-20T15:55:41.602Z] > git remote --verbose [1ms]
[2022-10-20T15:55:41.602Z] > git for-each-ref --sort -committerdate --format %(refname) %(objectname) %(*objectname) [5ms]
[2022-10-20T15:55:41.610Z] > git config --get commit.template [1ms]
[2022-10-20T15:55:46.673Z] > git status -z -uall [41ms]
[2022-10-20T15:55:46.678Z] > git symbolic-ref --short HEAD [1ms]
[2022-10-20T15:55:46.682Z] > git for-each-ref --format=%(refname)%00%(upstream:short)%00%(objectname)%00%(upstream:track)%00%(upstream:remotename)%00%(upstream:remoteref) refs/heads/master refs/remotes/master [1ms]
[2022-10-20T15:55:46.690Z] > git remote --verbose [1ms]
[2022-10-20T15:55:46.690Z] > git for-each-ref --sort -committerdate --format %(refname) %(objectname) %(*objectname) [4ms]
[2022-10-20T15:55:46.698Z] > git config --get commit.template [2ms]
[2022-10-20T15:56:45.078Z] > git status -z -uall [69ms]
[2022-10-20T15:56:45.085Z] > git symbolic-ref --short HEAD [2ms]
[2022-10-20T15:56:45.089Z] > git for-each-ref --format=%(refname)%00%(upstream:short)%00%(objectname)%00%(upstream:track)%00%(upstream:remotename)%00%(upstream:remoteref) refs/heads/master refs/remotes/master [0ms]
[2022-10-20T15:56:45.101Z] > git remote --verbose [2ms]
[2022-10-20T15:56:45.101Z] > git for-each-ref --sort -committerdate --format %(refname) %(objectname) %(*objectname) [7ms]
[2022-10-20T15:56:45.108Z] > git config --get commit.template [1ms]
[2022-10-20T15:56:46.887Z] > git show --textconv :ITI/index.html [21ms]
[2022-10-20T15:56:46.888Z] > git ls-files --stage -- /home/nunoamorim/ITI/index.html [17ms]
[2022-10-20T15:56:46.893Z] > git cat-file -s b036d1f479fea4eb2669ff017f7640643f836f89 [1ms]
[2022-10-20T15:56:50.157Z] > git status -z -uall [44ms]
[2022-10-20T15:56:50.162Z] > git symbolic-ref --short HEAD [1ms]
[2022-10-20T15:56:50.167Z] > git for-each-ref --format=%(refname)%00%(upstream:short)%00%(objectname)%00%(upstream:track)%00%(upstream:remotename)%00%(upstream:remoteref) refs/heads/master refs/remotes/master [1ms]
[2022-10-20T15:56:50.180Z] > git for-each-ref --sort -committerdate --format %(refname) %(objectname) %(*objectname) [9ms]
[2022-10-20T15:56:50.180Z] > git remote --verbose [2ms]
[2022-10-20T15:56:50.196Z] > git config --get commit.template [5ms]
[2022-10-20T15:57:38.265Z] > git status -z -uall [54ms]
[2022-10-20T15:57:38.271Z] > git symbolic-ref --short HEAD [2ms]
[2022-10-20T15:57:38.277Z] > git for-each-ref --format=%(refname)%00%(upstream:short)%00%(objectname)%00%(upstream:track)%00%(upstream:remotename)%00%(upstream:remoteref) refs/heads/master refs/remotes/master [1ms]
[2022-10-20T15:57:38.286Z] > git remote --verbose [1ms]
[2022-10-20T15:57:38.286Z] > git for-each-ref --sort -committerdate --format %(refname) %(objectname) %(*objectname) [4ms]
[2022-10-20T15:57:38.294Z] > git config --get commit.template [0ms]
[2022-10-20T15:57:48.701Z] > git status -z -uall [52ms]
[2022-10-20T15:57:48.707Z] > git symbolic-ref --short HEAD [1ms]
[2022-10-20T15:57:48.713Z] > git for-each-ref --format=%(refname)%00%(upstream:short)%00%(objectname)%00%(upstream:track)%00%(upstream:remotename)%00%(upstream:remoteref) refs/heads/master refs/remotes/master [1ms]
[2022-10-20T15:57:48.720Z] > git remote --verbose [1ms]
[2022-10-20T15:57:48.721Z] > git for-each-ref --sort -committerdate --format %(refname) %(objectname) %(*objectname) [5ms]
[2022-10-20T15:57:48.728Z] > git config --get commit.template [1ms]
[2022-10-20T15:57:52.071Z] > git show --textconv :ITI/server.js [10ms]
[2022-10-20T15:57:52.072Z] > git ls-files --stage -- /home/nunoamorim/ITI/server.js [5ms]
[2022-10-20T15:57:52.077Z] > git cat-file -s ae73d099347a06c301d7864253f9c3b9192f54cf [1ms]
[2022-10-20T15:57:53.517Z] > git show --textconv :ITI/server2.js [5ms]
[2022-10-20T15:57:53.520Z] > git ls-files --stage -- /home/nunoamorim/ITI/server2.js [4ms]
[2022-10-20T15:57:53.525Z] > git cat-file -s 3d102245461f76cf1038abdfe8d11df2111d4f53 [1ms]
[2022-10-20T15:57:53.779Z] > git status -z -uall [46ms]
[2022-10-20T15:57:53.784Z] > git symbolic-ref --short HEAD [1ms]
[2022-10-20T15:57:53.793Z] > git for-each-ref --format=%(refname)%00%(upstream:short)%00%(objectname)%00%(upstream:track)%00%(upstream:remotename)%00%(upstream:remoteref) refs/heads/master refs/remotes/master [4ms]
[2022-10-20T15:57:53.803Z] > git remote --verbose [3ms]
[2022-10-20T15:57:53.803Z] > git for-each-ref --sort -committerdate --format %(refname) %(objectname) %(*objectname) [6ms]
[2022-10-20T15:57:53.812Z] > git config --get commit.template [1ms]
[2022-10-20T15:57:58.860Z] > git status -z -uall [42ms]
[2022-10-20T15:57:58.864Z] > git symbolic-ref --short HEAD [0ms]
[2022-10-20T15:57:58.869Z] > git for-each-ref --format=%(refname)%00%(upstream:short)%00%(objectname)%00%(upstream:track)%00%(upstream:remotename)%00%(upstream:remoteref) refs/heads/master refs/remotes/master [1ms]
[2022-10-20T15:57:58.880Z] > git remote --verbose [4ms]
[2022-10-20T15:57:58.880Z] > git for-each-ref --sort -committerdate --format %(refname) %(objectname) %(*objectname) [7ms]
[2022-10-20T15:57:58.886Z] > git config --get commit.template [1ms]
[2022-10-20T15:58:03.950Z] > git status -z -uall [53ms]
[2022-10-20T15:58:03.957Z] > git symbolic-ref --short HEAD [1ms]
[2022-10-20T15:58:03.962Z] > git for-each-ref --format=%(refname)%00%(upstream:short)%00%(objectname)%00%(upstream:track)%00%(upstream:remotename)%00%(upstream:remoteref) refs/heads/master refs/remotes/master [1ms]
[2022-10-20T15:58:03.973Z] > git remote --verbose [1ms]
[2022-10-20T15:58:03.973Z] > git for-each-ref --sort -committerdate --format %(refname) %(objectname) %(*objectname) [7ms]
[2022-10-20T15:58:03.981Z] > git config --get commit.template [0ms]
[2022-10-20T15:58:04.729Z] > git show --textconv :ITI/index.html [5ms]
[2022-10-20T15:58:04.732Z] > git ls-files --stage -- /home/nunoamorim/ITI/index.html [3ms]
[2022-10-20T15:58:04.740Z] > git cat-file -s b036d1f479fea4eb2669ff017f7640643f836f89 [2ms]
[2022-10-20T15:58:09.031Z] > git status -z -uall [41ms]
[2022-10-20T15:58:09.035Z] > git symbolic-ref --short HEAD [0ms]
[2022-10-20T15:58:09.040Z] > git for-each-ref --format=%(refname)%00%(upstream:short)%00%(objectname)%00%(upstream:track)%00%(upstream:remotename)%00%(upstream:remoteref) refs/heads/master refs/remotes/master [1ms]
[2022-10-20T15:58:09.048Z] > git remote --verbose [1ms]
[2022-10-20T15:58:09.049Z] > git for-each-ref --sort -committerdate --format %(refname) %(objectname) %(*objectname) [5ms]
[2022-10-20T15:58:09.055Z] > git config --get commit.template [0ms]
[2022-10-20T15:58:09.662Z] > git fetch [358ms]
[2022-10-20T15:58:09.708Z] > git status -z -uall [43ms]
[2022-10-20T15:58:09.713Z] > git symbolic-ref --short HEAD [0ms]
[2022-10-20T15:58:09.718Z] > git for-each-ref --format=%(refname)%00%(upstream:short)%00%(objectname)%00%(upstream:track)%00%(upstream:remotename)%00%(upstream:remoteref) refs/heads/master refs/remotes/master [1ms]
[2022-10-20T15:58:09.727Z] > git remote --verbose [2ms]
[2022-10-20T15:58:09.727Z] > git for-each-ref --sort -committerdate --format %(refname) %(objectname) %(*objectname) [5ms]
[2022-10-20T15:58:09.734Z] > git config --get commit.template [1ms]
[2022-10-20T15:58:10.225Z] > git fetch [711ms]
[2022-10-20T15:58:10.235Z] > git status -z -uall [4ms]
[2022-10-20T15:58:10.239Z] > git symbolic-ref --short HEAD [1ms]
[2022-10-20T15:58:10.239Z] fatal: ref HEAD is not a symbolic ref
[2022-10-20T15:58:10.245Z] > git rev-parse HEAD [2ms]
[2022-10-20T15:58:10.253Z] > git remote --verbose [2ms]
[2022-10-20T15:58:10.253Z] > git for-each-ref --sort -committerdate --format %(refname) %(objectname) %(*objectname) [5ms]
[2022-10-20T15:58:10.259Z] > git config --get commit.template [1ms]
[2022-10-20T15:58:11.328Z] > git status -z -uall [3ms]
[2022-10-20T15:58:11.332Z] > git symbolic-ref --short HEAD [1ms]
[2022-10-20T15:58:11.332Z] fatal: ref HEAD is not a symbolic ref
[2022-10-20T15:58:11.336Z] > git rev-parse HEAD [0ms]
[2022-10-20T15:58:11.344Z] > git remote --verbose [2ms]
[2022-10-20T15:58:11.344Z] > git for-each-ref --sort -committerdate --format %(refname) %(objectname) %(*objectname) [5ms]
[2022-10-20T15:58:11.350Z] > git config --get commit.template [0ms]
[2022-10-20T15:58:11.436Z] > git ls-files --stage -- /home/nunoamorim/ITI/index.html [4ms]
[2022-10-20T15:58:11.440Z] > git cat-file -s b036d1f479fea4eb2669ff017f7640643f836f89 [1ms]
[2022-10-20T15:58:11.452Z] > git show --textconv :ITI/index.html [3ms]
[2022-10-20T15:58:14.106Z] > git status -z -uall [45ms]
[2022-10-20T15:58:14.110Z] > git symbolic-ref --short HEAD [0ms]
[2022-10-20T15:58:14.115Z] > git for-each-ref --format=%(refname)%00%(upstream:short)%00%(objectname)%00%(upstream:track)%00%(upstream:remotename)%00%(upstream:remoteref) refs/heads/master refs/remotes/master [1ms]
[2022-10-20T15:58:14.124Z] > git remote --verbose [2ms]
[2022-10-20T15:58:14.125Z] > git for-each-ref --sort -committerdate --format %(refname) %(objectname) %(*objectname) [6ms]
[2022-10-20T15:58:14.132Z] > git config --get commit.template [1ms]
[2022-10-20T15:58:19.183Z] > git status -z -uall [43ms]
[2022-10-20T15:58:19.187Z] > git symbolic-ref --short HEAD [1ms]
[2022-10-20T15:58:19.191Z] > git for-each-ref --format=%(refname)%00%(upstream:short)%00%(objectname)%00%(upstream:track)%00%(upstream:remotename)%00%(upstream:remoteref) refs/heads/master refs/remotes/master [1ms]
[2022-10-20T15:58:19.199Z] > git remote --verbose [1ms]
[2022-10-20T15:58:19.199Z] > git for-each-ref --sort -committerdate --format %(refname) %(objectname) %(*objectname) [5ms]
[2022-10-20T15:58:19.207Z] > git config --get commit.template [1ms]
[2022-10-20T15:58:24.259Z] > git status -z -uall [43ms]
[2022-10-20T15:58:24.263Z] > git symbolic-ref --short HEAD [1ms]
[2022-10-20T15:58:24.268Z] > git for-each-ref --format=%(refname)%00%(upstream:short)%00%(objectname)%00%(upstream:track)%00%(upstream:remotename)%00%(upstream:remoteref) refs/heads/master refs/remotes/master [1ms]
[2022-10-20T15:58:24.278Z] > git remote --verbose [1ms]
[2022-10-20T15:58:24.278Z] > git for-each-ref --sort -committerdate --format %(refname) %(objectname) %(*objectname) [7ms]
[2022-10-20T15:58:24.287Z] > git config --get commit.template [1ms]
[2022-10-20T15:58:29.334Z] > git status -z -uall [43ms]
[2022-10-20T15:58:29.338Z] > git symbolic-ref --short HEAD [1ms]
[2022-10-20T15:58:29.343Z] > git for-each-ref --format=%(refname)%00%(upstream:short)%00%(objectname)%00%(upstream:track)%00%(upstream:remotename)%00%(upstream:remoteref) refs/heads/master refs/remotes/master [1ms]
[2022-10-20T15:58:29.351Z] > git remote --verbose [1ms]
[2022-10-20T15:58:29.351Z] > git for-each-ref --sort -committerdate --format %(refname) %(objectname) %(*objectname) [5ms]
[2022-10-20T15:58:29.359Z] > git config --get commit.template [2ms]
[2022-10-20T15:58:34.427Z] > git status -z -uall [49ms]
[2022-10-20T15:58:34.431Z] > git symbolic-ref --short HEAD [0ms]
[2022-10-20T15:58:34.436Z] > git for-each-ref --format=%(refname)%00%(upstream:short)%00%(objectname)%00%(upstream:track)%00%(upstream:remotename)%00%(upstream:remoteref) refs/heads/master refs/remotes/master [1ms]
[2022-10-20T15:58:34.443Z] > git remote --verbose [1ms]
[2022-10-20T15:58:34.443Z] > git for-each-ref --sort -committerdate --format %(refname) %(objectname) %(*objectname) [4ms]
[2022-10-20T15:58:34.450Z] > git config --get commit.template [1ms]
[2022-10-20T15:58:56.102Z] > git status -z -uall [48ms]
[2022-10-20T15:58:56.107Z] > git symbolic-ref --short HEAD [1ms]
[2022-10-20T15:58:56.111Z] > git for-each-ref --format=%(refname)%00%(upstream:short)%00%(objectname)%00%(upstream:track)%00%(upstream:remotename)%00%(upstream:remoteref) refs/heads/master refs/remotes/master [1ms]
[2022-10-20T15:58:56.121Z] > git remote --verbose [1ms]
[2022-10-20T15:58:56.122Z] > git for-each-ref --sort -committerdate --format %(refname) %(objectname) %(*objectname) [6ms]
[2022-10-20T15:58:56.128Z] > git config --get commit.template [0ms]
[2022-10-20T15:59:01.202Z] > git status -z -uall [57ms]
[2022-10-20T15:59:01.206Z] > git symbolic-ref --short HEAD [1ms]
[2022-10-20T15:59:01.211Z] > git for-each-ref --format=%(refname)%00%(upstream:short)%00%(objectname)%00%(upstream:track)%00%(upstream:remotename)%00%(upstream:remoteref) refs/heads/master refs/remotes/master [1ms]
[2022-10-20T15:59:01.219Z] > git remote --verbose [1ms]
[2022-10-20T15:59:01.219Z] > git for-each-ref --sort -committerdate --format %(refname) %(objectname) %(*objectname) [4ms]
[2022-10-20T15:59:01.226Z] > git config --get commit.template [1ms]
[2022-10-20T15:59:06.275Z] > git status -z -uall [43ms]
[2022-10-20T15:59:06.280Z] > git symbolic-ref --short HEAD [1ms]
[2022-10-20T15:59:06.285Z] > git for-each-ref --format=%(refname)%00%(upstream:short)%00%(objectname)%00%(upstream:track)%00%(upstream:remotename)%00%(upstream:remoteref) refs/heads/master refs/remotes/master [1ms]
[2022-10-20T15:59:06.292Z] > git remote --verbose [1ms]
[2022-10-20T15:59:06.292Z] > git for-each-ref --sort -committerdate --format %(refname) %(objectname) %(*objectname) [4ms]
[2022-10-20T15:59:06.300Z] > git config --get commit.template [2ms]
[2022-10-20T16:04:42.692Z] > git status -z -uall [78ms]
[2022-10-20T16:04:42.699Z] > git symbolic-ref --short HEAD [2ms]
[2022-10-20T16:04:42.708Z] > git for-each-ref --format=%(refname)%00%(upstream:short)%00%(objectname)%00%(upstream:track)%00%(upstream:remotename)%00%(upstream:remoteref) refs/heads/master refs/remotes/master [1ms]
[2022-10-20T16:04:42.719Z] > git remote --verbose [2ms]
[2022-10-20T16:04:42.720Z] > git for-each-ref --sort -committerdate --format %(refname) %(objectname) %(*objectname) [7ms]
[2022-10-20T16:04:42.730Z] > git config --get commit.template [0ms]
[2022-10-20T16:04:42.991Z] > git fetch [394ms]
[2022-10-20T16:04:43.084Z] > git status -z -uall [82ms]
[2022-10-20T16:04:43.089Z] > git symbolic-ref --short HEAD [1ms]
[2022-10-20T16:04:43.094Z] > git for-each-ref --format=%(refname)%00%(upstream:short)%00%(objectname)%00%(upstream:track)%00%(upstream:remotename)%00%(upstream:remoteref) refs/heads/master refs/remotes/master [1ms]
[2022-10-20T16:04:43.103Z] > git remote --verbose [1ms]
[2022-10-20T16:04:43.103Z] > git for-each-ref --sort -committerdate --format %(refname) %(objectname) %(*objectname) [5ms]
[2022-10-20T16:04:43.111Z] > git config --get commit.template [1ms]
[2022-10-20T16:04:43.356Z] > git fetch [753ms]
[2022-10-20T16:04:43.363Z] > git status -z -uall [2ms]
[2022-10-20T16:04:43.368Z] > git symbolic-ref --short HEAD [0ms]
[2022-10-20T16:04:43.368Z] fatal: ref HEAD is not a symbolic ref
[2022-10-20T16:04:43.373Z] > git rev-parse HEAD [1ms]
[2022-10-20T16:04:43.382Z] > git remote --verbose [1ms]
[2022-10-20T16:04:43.382Z] > git for-each-ref --sort -committerdate --format %(refname) %(objectname) %(*objectname) [5ms]
[2022-10-20T16:04:43.390Z] > git config --get commit.template [1ms]
[2022-10-20T16:04:44.427Z] > git status -z -uall [6ms]
[2022-10-20T16:04:44.437Z] > git symbolic-ref --short HEAD [3ms]
[2022-10-20T16:04:44.437Z] fatal: ref HEAD is not a symbolic ref
[2022-10-20T16:04:44.443Z] > git rev-parse HEAD [1ms]
[2022-10-20T16:04:44.455Z] > git remote --verbose [2ms]
[2022-10-20T16:04:44.455Z] > git for-each-ref --sort -committerdate --format %(refname) %(objectname) %(*objectname) [7ms]
[2022-10-20T16:04:44.460Z] > git config --get commit.template [1ms]
[2022-10-20T16:04:44.524Z] > git ls-files --stage -- /home/nunoamorim/ITI/index.html [4ms]
[2022-10-20T16:04:44.528Z] > git cat-file -s b036d1f479fea4eb2669ff017f7640643f836f89 [0ms]
[2022-10-20T16:04:44.542Z] > git show --textconv :ITI/index.html [4ms]
