[2022-10-10 14:02:29.199] [exthost] [info] Extension host with pid 611 started
[2022-10-10 14:02:29.240] [exthost] [info] Lock '/home/nunoamorim/.vscode-server/data/User/workspaceStorage/a9f5109e99d391079f85d3e92812567a/vscode.lock': Lock acquired.
[2022-10-10 14:02:31.771] [exthost] [info] ExtensionService#_doActivateExtension vscode.typescript-language-features, startup: false, activationEvent: 'onLanguage:javascript'
[2022-10-10 14:02:31.773] [exthost] [info] ExtensionService#_doActivateExtension vscode.debug-auto-launch, startup: true, activationEvent: '*'
[2022-10-10 14:02:31.775] [exthost] [info] ExtensionService#_doActivateExtension vscode.git-base, startup: true, activationEvent: '*', root cause: vscode.git
[2022-10-10 14:02:31.776] [exthost] [info] ExtensionService#_doActivateExtension vscode.ipynb, startup: true, activationEvent: '*'
[2022-10-10 14:02:32.778] [exthost] [info] ExtensionService#_doActivateExtension vscode.git, startup: true, activationEvent: '*'
[2022-10-10 14:02:32.779] [exthost] [info] ExtensionService#_doActivateExtension vscode.github, startup: true, activationEvent: '*'
[2022-10-10 14:02:33.436] [exthost] [info] ExtensionService#_doActivateExtension GitHub.vscode-pull-request-github, startup: true, activationEvent: '*'
[2022-10-10 14:02:35.632] [exthost] [warning] [Decorations] CAPPING events from decorations provider vscode.git 3689
[2022-10-10 14:02:37.800] [exthost] [warning] [Decorations] CAPPING events from decorations provider vscode.git 3692
[2022-10-10 14:02:40.121] [exthost] [warning] [Decorations] CAPPING events from decorations provider vscode.git 3700
[2022-10-10 14:02:41.828] [exthost] [info] ExtensionService#_doActivateExtension vscode.emmet, startup: false, activationEvent: 'onStartupFinished'
[2022-10-10 14:02:41.829] [exthost] [info] ExtensionService#_doActivateExtension vscode.merge-conflict, startup: false, activationEvent: 'onStartupFinished'
[2022-10-10 14:02:41.830] [exthost] [info] ExtensionService#_doActivateExtension ritwickdey.LiveServer, startup: false, activationEvent: 'onStartupFinished'
[2022-10-10 14:02:41.831] [exthost] [info] Eager extensions activated
[2022-10-10 14:02:44.815] [exthost] [warning] [Decorations] CAPPING events from decorations provider vscode.git 3700
[2022-10-10 14:02:50.131] [exthost] [warning] [Decorations] CAPPING events from decorations provider vscode.git 3700
[2022-10-10 14:02:55.664] [exthost] [warning] [Decorations] CAPPING events from decorations provider vscode.git 3700
[2022-10-10 14:03:02.106] [exthost] [warning] [Decorations] CAPPING events from decorations provider vscode.git 3700
[2022-10-10 14:03:03.451] [exthost] [info] ExtensionService#_doActivateExtension vscode.html-language-features, startup: false, activationEvent: 'onLanguage:html'
[2022-10-10 14:03:08.557] [exthost] [warning] [Decorations] CAPPING events from decorations provider vscode.git 3701
[2022-10-10 14:03:32.904] [exthost] [warning] [Decorations] CAPPING events from decorations provider vscode.git 3702
[2022-10-10 14:03:39.841] [exthost] [warning] [Decorations] CAPPING events from decorations provider vscode.git 3702
[2022-10-10 14:03:45.379] [exthost] [warning] [Decorations] CAPPING events from decorations provider vscode.git 3702
[2022-10-10 14:04:54.929] [exthost] [warning] [Decorations] CAPPING events from decorations provider vscode.git 3702
[2022-10-10 14:11:35.723] [exthost] [warning] [Decorations] CAPPING events from decorations provider vscode.git 3702
[2022-10-10 14:11:37.272] [exthost] [warning] [Decorations] CAPPING events from decorations provider vscode.git 3702
[2022-10-10 14:21:29.591] [exthost] [warning] [Decorations] CAPPING events from decorations provider vscode.git 3702
[2022-10-10 14:21:32.429] [exthost] [warning] [Decorations] CAPPING events from decorations provider vscode.git 3702
[2022-10-10 14:21:41.692] [exthost] [warning] [Decorations] CAPPING events from decorations provider vscode.git 3702
[2022-10-10 14:23:04.484] [exthost] [warning] [Decorations] CAPPING events from decorations provider vscode.git 3702
[2022-10-10 14:23:11.351] [exthost] [warning] [Decorations] CAPPING events from decorations provider vscode.git 3702
[2022-10-10 14:23:17.382] [exthost] [warning] [Decorations] CAPPING events from decorations provider vscode.git 3702
[2022-10-10 14:29:21.129] [exthost] [warning] [Decorations] CAPPING events from decorations provider vscode.git 3704
[2022-10-10 14:29:22.686] [exthost] [warning] [Decorations] CAPPING events from decorations provider vscode.git 3704
[2022-10-10 14:29:27.632] [exthost] [warning] [Decorations] CAPPING events from decorations provider vscode.git 3704
[2022-10-10 14:29:33.006] [exthost] [warning] [Decorations] CAPPING events from decorations provider vscode.git 3704
[2022-10-10 14:29:38.367] [exthost] [warning] [Decorations] CAPPING events from decorations provider vscode.git 3704
[2022-10-10 14:29:44.534] [exthost] [warning] [Decorations] CAPPING events from decorations provider vscode.git 3704
[2022-10-10 14:29:49.884] [exthost] [warning] [Decorations] CAPPING events from decorations provider vscode.git 3704
[2022-10-10 14:29:55.345] [exthost] [warning] [Decorations] CAPPING events from decorations provider vscode.git 3704
[2022-10-10 14:30:00.679] [exthost] [warning] [Decorations] CAPPING events from decorations provider vscode.git 3704
[2022-10-10 15:19:26.862] [exthost] [warning] [Decorations] CAPPING events from decorations provider vscode.git 3704
[2022-10-10 15:19:29.049] [exthost] [warning] [Decorations] CAPPING events from decorations provider vscode.git 3704
[2022-10-10 15:43:16.856] [exthost] [warning] [Decorations] CAPPING events from decorations provider vscode.git 3704
[2022-10-10 15:43:18.208] [exthost] [warning] [Decorations] CAPPING events from decorations provider vscode.git 3704
[2022-10-10 15:44:31.272] [exthost] [warning] [Decorations] CAPPING events from decorations provider vscode.git 3704
[2022-10-10 15:51:41.406] [exthost] [warning] [Decorations] CAPPING events from decorations provider vscode.git 3704
[2022-10-10 15:51:42.911] [exthost] [warning] [Decorations] CAPPING events from decorations provider vscode.git 3704
[2022-10-10 15:51:46.735] [exthost] [warning] [Decorations] CAPPING events from decorations provider vscode.git 3704
[2022-10-10 15:59:15.225] [exthost] [warning] [Decorations] CAPPING events from decorations provider vscode.git 3704
[2022-10-10 15:59:16.610] [exthost] [warning] [Decorations] CAPPING events from decorations provider vscode.git 3704
[2022-10-10 20:55:30.799] [exthost] [warning] [Decorations] CAPPING events from decorations provider vscode.git 3704
[2022-10-10 20:55:31.797] [exthost] [warning] [Decorations] CAPPING events from decorations provider vscode.git 3704
[2022-10-10 20:55:31.843] [exthost] [info] Extension host terminating: received terminate message from renderer
[2022-10-10 20:55:31.845] [exthost] [info] Lock '/home/nunoamorim/.vscode-server/data/User/workspaceStorage/a9f5109e99d391079f85d3e92812567a/vscode.lock': Marking the lockfile as scheduled to be released in 6000 ms.
[2022-10-10 20:55:31.988] [exthost] [info] Extension host with pid 611 exiting with code 0
