2022-12-19 14:58:23.487 [info] Extension host with pid 8181 started
2022-12-19 14:58:23.583 [info] ExtensionService#_doActivateExtension vscode.typescript-language-features, startup: false, activationEvent: 'onLanguage:javascript'
2022-12-19 14:58:23.587 [info] ExtensionService#_doActivateExtension vscode.git-base, startup: true, activationEvent: '*', root cause: vscode.git
2022-12-19 14:58:23.588 [info] ExtensionService#_doActivateExtension Blackboxapp.blackbox, startup: true, activationEvent: '*'
2022-12-19 14:58:24.372 [info] Lock '/home/nunoamorim/.vscode-server/data/User/workspaceStorage/a9f5109e99d391079f85d3e92812567a/vscode.lock': Lock acquired.
2022-12-19 14:58:26.251 [info] ExtensionService#_doActivateExtension vscode.git, startup: true, activationEvent: '*'
2022-12-19 14:58:26.252 [info] ExtensionService#_doActivateExtension vscode.github, startup: true, activationEvent: '*'
2022-12-19 14:58:27.175 [info] ExtensionService#_doActivateExtension vscode.debug-auto-launch, startup: false, activationEvent: 'onStartupFinished'
2022-12-19 14:58:27.176 [info] ExtensionService#_doActivateExtension vscode.emmet, startup: false, activationEvent: 'onStartupFinished'
2022-12-19 14:58:27.177 [info] ExtensionService#_doActivateExtension vscode.merge-conflict, startup: false, activationEvent: 'onStartupFinished'
2022-12-19 14:58:27.178 [info] ExtensionService#_doActivateExtension ritwickdey.LiveServer, startup: false, activationEvent: 'onStartupFinished'
2022-12-19 14:58:27.179 [info] Eager extensions activated
2022-12-19 14:58:27.943 [info] ExtensionService#_doActivateExtension GitHub.vscode-pull-request-github, startup: false, activationEvent: 'onStartupFinished'
2022-12-19 14:58:31.004 [warning] [Decorations] CAPPING events from decorations provider vscode.git 7540
2022-12-19 14:58:36.360 [info] ExtensionService#_doActivateExtension vscode.html-language-features, startup: false, activationEvent: 'onLanguage:html'
2022-12-19 14:58:37.938 [warning] [Decorations] CAPPING events from decorations provider vscode.git 7645
2022-12-19 14:58:44.478 [warning] [Decorations] CAPPING events from decorations provider vscode.git 7857
2022-12-19 14:58:50.863 [warning] [Decorations] CAPPING events from decorations provider vscode.git 7857
2022-12-19 14:58:57.290 [warning] [Decorations] CAPPING events from decorations provider vscode.git 7857
2022-12-19 14:59:02.873 [warning] [Decorations] CAPPING events from decorations provider vscode.git 7857
2022-12-19 14:59:18.317 [warning] [Decorations] CAPPING events from decorations provider vscode.git 7857
2022-12-19 14:59:33.599 [warning] [Decorations] CAPPING events from decorations provider vscode.git 7857
2022-12-19 14:59:39.142 [warning] [Decorations] CAPPING events from decorations provider vscode.git 8446
2022-12-19 14:59:45.080 [warning] [Decorations] CAPPING events from decorations provider vscode.git 9698
2022-12-19 15:00:06.837 [warning] [Decorations] CAPPING events from decorations provider vscode.git 10005
2022-12-19 15:00:12.568 [warning] [Decorations] CAPPING events from decorations provider vscode.git 11664
2022-12-19 15:01:29.885 [warning] [Decorations] CAPPING events from decorations provider vscode.git 10232
2022-12-19 15:04:31.153 [warning] [Decorations] CAPPING events from decorations provider vscode.git 10002
2022-12-19 15:04:38.182 [info] ExtensionService#_doActivateExtension ms-azuretools.vscode-docker, startup: false, activationEvent: 'onLanguage:dockercompose'
2022-12-19 15:05:38.812 [info] Extension host terminating: received terminate message from renderer
2022-12-19 15:05:38.815 [info] Lock '/home/nunoamorim/.vscode-server/data/User/workspaceStorage/a9f5109e99d391079f85d3e92812567a/vscode.lock': Marking the lockfile as scheduled to be released in 6000 ms.
2022-12-19 15:05:39.059 [info] Extension host with pid 8181 exiting with code 0
