[2022-10-22T11:12:33.916Z] Log level: Info
[2022-10-22T11:12:33.937Z] [info] Validating found git in: git
[2022-10-22T11:12:34.106Z] [info] Using git 2.25.1 from git
[2022-10-22T11:12:34.146Z] > git rev-parse --show-toplevel [17ms]
[2022-10-22T11:12:34.181Z] > git rev-parse --git-dir --git-common-dir [3ms]
[2022-10-22T11:12:34.198Z] [info] Open repository: /home/nunoamorim
[2022-10-22T11:12:34.238Z] > git rev-parse --show-toplevel [12ms]
[2022-10-22T11:12:34.262Z] > git rev-parse --show-toplevel [17ms]
[2022-10-22T11:12:34.275Z] > git rev-parse --show-toplevel [5ms]
[2022-10-22T11:12:34.291Z] > git rev-parse --show-toplevel [4ms]
[2022-10-22T11:12:34.299Z] > git rev-parse --show-toplevel [1ms]
[2022-10-22T11:12:34.323Z] > git rev-parse --show-toplevel [13ms]
[2022-10-22T11:12:34.341Z] > git rev-parse --git-dir --git-common-dir [2ms]
[2022-10-22T11:12:34.347Z] [info] Open repository: /home/nunoamorim/.nvm
[2022-10-22T11:12:34.400Z] > git status -z -uall [25ms]
[2022-10-22T11:12:34.415Z] > git rev-parse --show-toplevel [27ms]
[2022-10-22T11:12:34.427Z] > git rev-parse --show-toplevel [4ms]
[2022-10-22T11:12:34.439Z] > git symbolic-ref --short HEAD [24ms]
[2022-10-22T11:12:34.439Z] fatal: ref HEAD is not a symbolic ref
[2022-10-22T11:12:34.474Z] > git rev-parse --show-toplevel [36ms]
[2022-10-22T11:12:34.492Z] > git rev-parse HEAD [22ms]
[2022-10-22T11:12:34.512Z] > git remote --verbose [2ms]
[2022-10-22T11:12:34.517Z] > git for-each-ref --sort -committerdate --format %(refname) %(objectname) %(*objectname) [17ms]
[2022-10-22T11:12:34.529Z] > git config --get commit.template [2ms]
[2022-10-22T11:12:34.562Z] > git status -z -uall [19ms]
[2022-10-22T11:12:34.589Z] > git symbolic-ref --short HEAD [3ms]
[2022-10-22T11:12:34.589Z] fatal: ref HEAD is not a symbolic ref
[2022-10-22T11:12:34.615Z] > git rev-parse HEAD [3ms]
[2022-10-22T11:12:34.634Z] > git remote --verbose [2ms]
[2022-10-22T11:12:34.634Z] > git for-each-ref --sort -committerdate --format %(refname) %(objectname) %(*objectname) [14ms]
[2022-10-22T11:12:34.673Z] > git config --get commit.template [5ms]
[2022-10-22T11:12:35.054Z] > git status -z -uall [833ms]
[2022-10-22T11:12:35.092Z] > git symbolic-ref --short HEAD [5ms]
[2022-10-22T11:12:35.103Z] > git for-each-ref --format=%(refname)%00%(upstream:short)%00%(objectname)%00%(upstream:track)%00%(upstream:remotename)%00%(upstream:remoteref) refs/heads/master refs/remotes/master [3ms]
[2022-10-22T11:12:35.117Z] > git for-each-ref --sort -committerdate --format %(refname) %(objectname) %(*objectname) [7ms]
[2022-10-22T11:12:35.117Z] > git remote --verbose [2ms]
[2022-10-22T11:12:35.539Z] > git check-ignore -v -z --stdin [278ms]
[2022-10-22T11:12:35.547Z] > git check-ignore -v -z --stdin [262ms]
[2022-10-22T11:12:35.548Z] > git config --get commit.template [63ms]
[2022-10-22T11:12:35.651Z] > git fetch [1438ms]
[2022-10-22T11:12:35.877Z] > git status -z -uall [310ms]
[2022-10-22T11:12:35.884Z] > git show --textconv :ITI/server.js [134ms]
[2022-10-22T11:12:35.886Z] > git ls-files --stage -- /home/nunoamorim/ITI/server.js [120ms]
[2022-10-22T11:12:35.929Z] > git cat-file -s e01f6f3d121339e7203a40e9b53bf7a7afb0648d [33ms]
[2022-10-22T11:12:35.930Z] > git symbolic-ref --short HEAD [47ms]
[2022-10-22T11:12:35.942Z] > git for-each-ref --format=%(refname)%00%(upstream:short)%00%(objectname)%00%(upstream:track)%00%(upstream:remotename)%00%(upstream:remoteref) refs/heads/master refs/remotes/master [2ms]
[2022-10-22T11:12:35.964Z] > git for-each-ref --sort -committerdate --format %(refname) %(objectname) %(*objectname) [10ms]
[2022-10-22T11:12:35.966Z] > git remote --verbose [4ms]
[2022-10-22T11:12:36.010Z] > git config --get commit.template [4ms]
[2022-10-22T11:12:36.019Z] > git fetch [1650ms]
[2022-10-22T11:12:36.246Z] > git status -z -uall [228ms]
[2022-10-22T11:12:36.257Z] > git status -z -uall [221ms]
[2022-10-22T11:12:36.267Z] > git symbolic-ref --short HEAD [11ms]
[2022-10-22T11:12:36.279Z] > git symbolic-ref --short HEAD [15ms]
[2022-10-22T11:12:36.279Z] fatal: ref HEAD is not a symbolic ref
[2022-10-22T11:12:36.291Z] > git for-each-ref --format=%(refname)%00%(upstream:short)%00%(objectname)%00%(upstream:track)%00%(upstream:remotename)%00%(upstream:remoteref) refs/heads/master refs/remotes/master [13ms]
[2022-10-22T11:12:36.317Z] > git remote --verbose [11ms]
[2022-10-22T11:12:36.318Z] > git for-each-ref --sort -committerdate --format %(refname) %(objectname) %(*objectname) [19ms]
[2022-10-22T11:12:36.335Z] > git rev-parse HEAD [46ms]
[2022-10-22T11:12:36.360Z] > git remote --verbose [9ms]
[2022-10-22T11:12:36.360Z] > git for-each-ref --sort -committerdate --format %(refname) %(objectname) %(*objectname) [18ms]
[2022-10-22T11:12:36.370Z] > git config --get commit.template [11ms]
[2022-10-22T11:12:36.393Z] > git config --get commit.template [24ms]
[2022-10-22T11:12:37.591Z] > git ls-files --stage -- /home/nunoamorim/ITI/server.js [7ms]
[2022-10-22T11:12:37.599Z] > git cat-file -s e01f6f3d121339e7203a40e9b53bf7a7afb0648d [1ms]
[2022-10-22T11:12:38.325Z] > git show --textconv :ITI/server.js [159ms]
[2022-10-22T11:12:38.554Z] > git config --local branch.master.github-pr-owner-number [201ms]
[2022-10-22T11:12:42.269Z] > git status -z -uall [56ms]
[2022-10-22T11:12:42.275Z] > git symbolic-ref --short HEAD [0ms]
[2022-10-22T11:12:42.281Z] > git for-each-ref --format=%(refname)%00%(upstream:short)%00%(objectname)%00%(upstream:track)%00%(upstream:remotename)%00%(upstream:remoteref) refs/heads/master refs/remotes/master [1ms]
[2022-10-22T11:12:42.292Z] > git remote --verbose [2ms]
[2022-10-22T11:12:42.292Z] > git for-each-ref --sort -committerdate --format %(refname) %(objectname) %(*objectname) [6ms]
[2022-10-22T11:12:42.302Z] > git config --get commit.template [0ms]
[2022-10-22T11:12:47.381Z] > git status -z -uall [66ms]
[2022-10-22T11:12:47.386Z] > git symbolic-ref --short HEAD [1ms]
[2022-10-22T11:12:47.391Z] > git for-each-ref --format=%(refname)%00%(upstream:short)%00%(objectname)%00%(upstream:track)%00%(upstream:remotename)%00%(upstream:remoteref) refs/heads/master refs/remotes/master [0ms]
[2022-10-22T11:12:47.400Z] > git remote --verbose [1ms]
[2022-10-22T11:12:47.401Z] > git for-each-ref --sort -committerdate --format %(refname) %(objectname) %(*objectname) [5ms]
[2022-10-22T11:12:47.412Z] > git config --get commit.template [1ms]
[2022-10-22T11:12:52.468Z] > git status -z -uall [51ms]
[2022-10-22T11:12:52.473Z] > git symbolic-ref --short HEAD [1ms]
[2022-10-22T11:12:52.478Z] > git for-each-ref --format=%(refname)%00%(upstream:short)%00%(objectname)%00%(upstream:track)%00%(upstream:remotename)%00%(upstream:remoteref) refs/heads/master refs/remotes/master [0ms]
[2022-10-22T11:12:52.487Z] > git remote --verbose [1ms]
[2022-10-22T11:12:52.487Z] > git for-each-ref --sort -committerdate --format %(refname) %(objectname) %(*objectname) [5ms]
[2022-10-22T11:12:52.496Z] > git config --get commit.template [0ms]
[2022-10-22T11:12:57.563Z] > git status -z -uall [59ms]
[2022-10-22T11:12:57.569Z] > git symbolic-ref --short HEAD [1ms]
[2022-10-22T11:12:57.574Z] > git for-each-ref --format=%(refname)%00%(upstream:short)%00%(objectname)%00%(upstream:track)%00%(upstream:remotename)%00%(upstream:remoteref) refs/heads/master refs/remotes/master [1ms]
[2022-10-22T11:12:57.586Z] > git remote --verbose [1ms]
[2022-10-22T11:12:57.586Z] > git for-each-ref --sort -committerdate --format %(refname) %(objectname) %(*objectname) [6ms]
[2022-10-22T11:12:57.598Z] > git config --get commit.template [0ms]
[2022-10-22T11:12:58.335Z] > git show --textconv :ITI/index.html [34ms]
[2022-10-22T11:12:58.335Z] > git ls-files --stage -- /home/nunoamorim/ITI/index.html [25ms]
[2022-10-22T11:12:58.346Z] > git cat-file -s 122048ccbb1bcc55986819da012c1051351431de [1ms]
[2022-10-22T11:13:01.614Z] > git show --textconv :ITI/server.js [10ms]
[2022-10-22T11:13:01.617Z] > git ls-files --stage -- /home/nunoamorim/ITI/server.js [6ms]
[2022-10-22T11:13:01.623Z] > git cat-file -s e01f6f3d121339e7203a40e9b53bf7a7afb0648d [1ms]
[2022-10-22T11:13:02.669Z] > git status -z -uall [65ms]
[2022-10-22T11:13:02.675Z] > git symbolic-ref --short HEAD [1ms]
[2022-10-22T11:13:02.683Z] > git for-each-ref --format=%(refname)%00%(upstream:short)%00%(objectname)%00%(upstream:track)%00%(upstream:remotename)%00%(upstream:remoteref) refs/heads/master refs/remotes/master [1ms]
[2022-10-22T11:13:02.696Z] > git remote --verbose [2ms]
[2022-10-22T11:13:02.696Z] > git for-each-ref --sort -committerdate --format %(refname) %(objectname) %(*objectname) [8ms]
[2022-10-22T11:13:02.713Z] > git config --get commit.template [1ms]
[2022-10-22T11:13:07.835Z] > git status -z -uall [111ms]
[2022-10-22T11:13:07.843Z] > git symbolic-ref --short HEAD [2ms]
[2022-10-22T11:13:07.856Z] > git for-each-ref --format=%(refname)%00%(upstream:short)%00%(objectname)%00%(upstream:track)%00%(upstream:remotename)%00%(upstream:remoteref) refs/heads/master refs/remotes/master [2ms]
[2022-10-22T11:13:07.873Z] > git for-each-ref --sort -committerdate --format %(refname) %(objectname) %(*objectname) [6ms]
[2022-10-22T11:13:07.873Z] > git remote --verbose [2ms]
[2022-10-22T11:13:07.897Z] > git config --get commit.template [1ms]
[2022-10-22T11:13:12.959Z] > git status -z -uall [55ms]
[2022-10-22T11:13:12.966Z] > git symbolic-ref --short HEAD [1ms]
[2022-10-22T11:13:12.972Z] > git for-each-ref --format=%(refname)%00%(upstream:short)%00%(objectname)%00%(upstream:track)%00%(upstream:remotename)%00%(upstream:remoteref) refs/heads/master refs/remotes/master [1ms]
[2022-10-22T11:13:12.984Z] > git remote --verbose [1ms]
[2022-10-22T11:13:12.985Z] > git for-each-ref --sort -committerdate --format %(refname) %(objectname) %(*objectname) [7ms]
[2022-10-22T11:13:12.996Z] > git config --get commit.template [1ms]
[2022-10-22T11:13:18.055Z] > git status -z -uall [55ms]
[2022-10-22T11:13:18.061Z] > git symbolic-ref --short HEAD [1ms]
[2022-10-22T11:13:18.068Z] > git for-each-ref --format=%(refname)%00%(upstream:short)%00%(objectname)%00%(upstream:track)%00%(upstream:remotename)%00%(upstream:remoteref) refs/heads/master refs/remotes/master [1ms]
[2022-10-22T11:13:18.079Z] > git remote --verbose [1ms]
[2022-10-22T11:13:18.079Z] > git for-each-ref --sort -committerdate --format %(refname) %(objectname) %(*objectname) [6ms]
[2022-10-22T11:13:18.089Z] > git config --get commit.template [1ms]
[2022-10-22T11:13:23.151Z] > git status -z -uall [56ms]
[2022-10-22T11:13:23.158Z] > git symbolic-ref --short HEAD [1ms]
[2022-10-22T11:13:23.164Z] > git for-each-ref --format=%(refname)%00%(upstream:short)%00%(objectname)%00%(upstream:track)%00%(upstream:remotename)%00%(upstream:remoteref) refs/heads/master refs/remotes/master [1ms]
[2022-10-22T11:13:23.175Z] > git remote --verbose [1ms]
[2022-10-22T11:13:23.175Z] > git for-each-ref --sort -committerdate --format %(refname) %(objectname) %(*objectname) [6ms]
[2022-10-22T11:13:23.188Z] > git config --get commit.template [2ms]
[2022-10-22T11:13:28.259Z] > git status -z -uall [60ms]
[2022-10-22T11:13:28.264Z] > git symbolic-ref --short HEAD [1ms]
[2022-10-22T11:13:28.270Z] > git for-each-ref --format=%(refname)%00%(upstream:short)%00%(objectname)%00%(upstream:track)%00%(upstream:remotename)%00%(upstream:remoteref) refs/heads/master refs/remotes/master [0ms]
[2022-10-22T11:13:28.280Z] > git remote --verbose [1ms]
[2022-10-22T11:13:28.280Z] > git for-each-ref --sort -committerdate --format %(refname) %(objectname) %(*objectname) [5ms]
[2022-10-22T11:13:28.290Z] > git config --get commit.template [1ms]
[2022-10-22T11:13:33.363Z] > git status -z -uall [57ms]
[2022-10-22T11:13:33.369Z] > git symbolic-ref --short HEAD [0ms]
[2022-10-22T11:13:33.376Z] > git for-each-ref --format=%(refname)%00%(upstream:short)%00%(objectname)%00%(upstream:track)%00%(upstream:remotename)%00%(upstream:remoteref) refs/heads/master refs/remotes/master [1ms]
[2022-10-22T11:13:33.385Z] > git remote --verbose [1ms]
[2022-10-22T11:13:33.385Z] > git for-each-ref --sort -committerdate --format %(refname) %(objectname) %(*objectname) [5ms]
[2022-10-22T11:13:33.394Z] > git config --get commit.template [1ms]
[2022-10-22T11:13:38.470Z] > git status -z -uall [60ms]
[2022-10-22T11:13:38.475Z] > git symbolic-ref --short HEAD [1ms]
[2022-10-22T11:13:38.480Z] > git for-each-ref --format=%(refname)%00%(upstream:short)%00%(objectname)%00%(upstream:track)%00%(upstream:remotename)%00%(upstream:remoteref) refs/heads/master refs/remotes/master [1ms]
[2022-10-22T11:13:38.488Z] > git remote --verbose [1ms]
[2022-10-22T11:13:38.489Z] > git for-each-ref --sort -committerdate --format %(refname) %(objectname) %(*objectname) [5ms]
[2022-10-22T11:13:38.500Z] > git config --get commit.template [1ms]
[2022-10-22T11:13:43.568Z] > git status -z -uall [60ms]
[2022-10-22T11:13:43.574Z] > git symbolic-ref --short HEAD [1ms]
[2022-10-22T11:13:43.579Z] > git for-each-ref --format=%(refname)%00%(upstream:short)%00%(objectname)%00%(upstream:track)%00%(upstream:remotename)%00%(upstream:remoteref) refs/heads/master refs/remotes/master [1ms]
[2022-10-22T11:13:43.590Z] > git remote --verbose [1ms]
[2022-10-22T11:13:43.590Z] > git for-each-ref --sort -committerdate --format %(refname) %(objectname) %(*objectname) [5ms]
[2022-10-22T11:13:43.601Z] > git config --get commit.template [2ms]
[2022-10-22T11:13:48.685Z] > git status -z -uall [65ms]
[2022-10-22T11:13:48.689Z] > git symbolic-ref --short HEAD [0ms]
[2022-10-22T11:13:48.695Z] > git for-each-ref --format=%(refname)%00%(upstream:short)%00%(objectname)%00%(upstream:track)%00%(upstream:remotename)%00%(upstream:remoteref) refs/heads/master refs/remotes/master [1ms]
[2022-10-22T11:13:48.703Z] > git remote --verbose [1ms]
[2022-10-22T11:13:48.703Z] > git for-each-ref --sort -committerdate --format %(refname) %(objectname) %(*objectname) [4ms]
[2022-10-22T11:13:48.714Z] > git config --get commit.template [2ms]
[2022-10-22T11:13:53.803Z] > git status -z -uall [69ms]
[2022-10-22T11:13:53.809Z] > git symbolic-ref --short HEAD [0ms]
[2022-10-22T11:13:53.815Z] > git for-each-ref --format=%(refname)%00%(upstream:short)%00%(objectname)%00%(upstream:track)%00%(upstream:remotename)%00%(upstream:remoteref) refs/heads/master refs/remotes/master [1ms]
[2022-10-22T11:13:53.823Z] > git remote --verbose [1ms]
[2022-10-22T11:13:53.823Z] > git for-each-ref --sort -committerdate --format %(refname) %(objectname) %(*objectname) [4ms]
[2022-10-22T11:13:53.836Z] > git config --get commit.template [1ms]
[2022-10-22T11:13:58.899Z] > git status -z -uall [56ms]
[2022-10-22T11:13:58.905Z] > git symbolic-ref --short HEAD [1ms]
[2022-10-22T11:13:58.910Z] > git for-each-ref --format=%(refname)%00%(upstream:short)%00%(objectname)%00%(upstream:track)%00%(upstream:remotename)%00%(upstream:remoteref) refs/heads/master refs/remotes/master [1ms]
[2022-10-22T11:13:58.922Z] > git remote --verbose [1ms]
[2022-10-22T11:13:58.922Z] > git for-each-ref --sort -committerdate --format %(refname) %(objectname) %(*objectname) [7ms]
[2022-10-22T11:13:58.933Z] > git config --get commit.template [0ms]
[2022-10-22T11:14:04.367Z] > git status -z -uall [68ms]
[2022-10-22T11:14:04.372Z] > git symbolic-ref --short HEAD [1ms]
[2022-10-22T11:14:04.377Z] > git for-each-ref --format=%(refname)%00%(upstream:short)%00%(objectname)%00%(upstream:track)%00%(upstream:remotename)%00%(upstream:remoteref) refs/heads/master refs/remotes/master [1ms]
[2022-10-22T11:14:04.385Z] > git for-each-ref --sort -committerdate --format %(refname) %(objectname) %(*objectname) [4ms]
[2022-10-22T11:14:04.386Z] > git remote --verbose [2ms]
[2022-10-22T11:14:04.396Z] > git config --get commit.template [1ms]
[2022-10-22T11:14:09.462Z] > git status -z -uall [60ms]
[2022-10-22T11:14:09.468Z] > git symbolic-ref --short HEAD [1ms]
[2022-10-22T11:14:09.474Z] > git for-each-ref --format=%(refname)%00%(upstream:short)%00%(objectname)%00%(upstream:track)%00%(upstream:remotename)%00%(upstream:remoteref) refs/heads/master refs/remotes/master [1ms]
[2022-10-22T11:14:09.484Z] > git remote --verbose [1ms]
[2022-10-22T11:14:09.485Z] > git for-each-ref --sort -committerdate --format %(refname) %(objectname) %(*objectname) [6ms]
[2022-10-22T11:14:09.494Z] > git config --get commit.template [1ms]
[2022-10-22T11:14:14.575Z] > git status -z -uall [63ms]
[2022-10-22T11:14:14.580Z] > git symbolic-ref --short HEAD [1ms]
[2022-10-22T11:14:14.586Z] > git for-each-ref --format=%(refname)%00%(upstream:short)%00%(objectname)%00%(upstream:track)%00%(upstream:remotename)%00%(upstream:remoteref) refs/heads/master refs/remotes/master [1ms]
[2022-10-22T11:14:14.596Z] > git remote --verbose [1ms]
[2022-10-22T11:14:14.597Z] > git for-each-ref --sort -committerdate --format %(refname) %(objectname) %(*objectname) [6ms]
[2022-10-22T11:14:14.606Z] > git config --get commit.template [1ms]
[2022-10-22T11:14:19.694Z] > git status -z -uall [69ms]
[2022-10-22T11:14:19.700Z] > git symbolic-ref --short HEAD [0ms]
[2022-10-22T11:14:19.706Z] > git for-each-ref --format=%(refname)%00%(upstream:short)%00%(objectname)%00%(upstream:track)%00%(upstream:remotename)%00%(upstream:remoteref) refs/heads/master refs/remotes/master [1ms]
[2022-10-22T11:14:19.716Z] > git remote --verbose [1ms]
[2022-10-22T11:14:19.716Z] > git for-each-ref --sort -committerdate --format %(refname) %(objectname) %(*objectname) [6ms]
[2022-10-22T11:14:19.727Z] > git config --get commit.template [0ms]
[2022-10-22T11:15:19.530Z] > git status -z -uall [86ms]
[2022-10-22T11:15:19.536Z] > git symbolic-ref --short HEAD [1ms]
[2022-10-22T11:15:19.544Z] > git for-each-ref --format=%(refname)%00%(upstream:short)%00%(objectname)%00%(upstream:track)%00%(upstream:remotename)%00%(upstream:remoteref) refs/heads/master refs/remotes/master [1ms]
[2022-10-22T11:15:19.558Z] > git remote --verbose [1ms]
[2022-10-22T11:15:19.558Z] > git for-each-ref --sort -committerdate --format %(refname) %(objectname) %(*objectname) [7ms]
[2022-10-22T11:15:19.572Z] > git config --get commit.template [1ms]
[2022-10-22T11:15:24.657Z] > git status -z -uall [65ms]
[2022-10-22T11:15:24.662Z] > git symbolic-ref --short HEAD [1ms]
[2022-10-22T11:15:24.667Z] > git for-each-ref --format=%(refname)%00%(upstream:short)%00%(objectname)%00%(upstream:track)%00%(upstream:remotename)%00%(upstream:remoteref) refs/heads/master refs/remotes/master [1ms]
[2022-10-22T11:15:24.677Z] > git remote --verbose [1ms]
[2022-10-22T11:15:24.677Z] > git for-each-ref --sort -committerdate --format %(refname) %(objectname) %(*objectname) [6ms]
[2022-10-22T11:15:24.687Z] > git config --get commit.template [1ms]
[2022-10-22T11:15:29.743Z] > git status -z -uall [50ms]
[2022-10-22T11:15:29.748Z] > git symbolic-ref --short HEAD [0ms]
[2022-10-22T11:15:29.754Z] > git for-each-ref --format=%(refname)%00%(upstream:short)%00%(objectname)%00%(upstream:track)%00%(upstream:remotename)%00%(upstream:remoteref) refs/heads/master refs/remotes/master [1ms]
[2022-10-22T11:15:29.764Z] > git remote --verbose [3ms]
[2022-10-22T11:15:29.764Z] > git for-each-ref --sort -committerdate --format %(refname) %(objectname) %(*objectname) [6ms]
[2022-10-22T11:15:29.773Z] > git config --get commit.template [1ms]
[2022-10-22T11:15:34.833Z] > git status -z -uall [54ms]
[2022-10-22T11:15:34.838Z] > git symbolic-ref --short HEAD [0ms]
[2022-10-22T11:15:34.844Z] > git for-each-ref --format=%(refname)%00%(upstream:short)%00%(objectname)%00%(upstream:track)%00%(upstream:remotename)%00%(upstream:remoteref) refs/heads/master refs/remotes/master [1ms]
[2022-10-22T11:15:34.854Z] > git remote --verbose [1ms]
[2022-10-22T11:15:34.854Z] > git for-each-ref --sort -committerdate --format %(refname) %(objectname) %(*objectname) [5ms]
[2022-10-22T11:15:34.867Z] > git config --get commit.template [1ms]
[2022-10-22T11:15:36.716Z] > git fetch [340ms]
[2022-10-22T11:15:36.770Z] > git status -z -uall [50ms]
[2022-10-22T11:15:36.777Z] > git symbolic-ref --short HEAD [2ms]
[2022-10-22T11:15:36.782Z] > git for-each-ref --format=%(refname)%00%(upstream:short)%00%(objectname)%00%(upstream:track)%00%(upstream:remotename)%00%(upstream:remoteref) refs/heads/master refs/remotes/master [1ms]
[2022-10-22T11:15:36.791Z] > git remote --verbose [1ms]
[2022-10-22T11:15:36.791Z] > git for-each-ref --sort -committerdate --format %(refname) %(objectname) %(*objectname) [5ms]
[2022-10-22T11:15:36.803Z] > git config --get commit.template [1ms]
[2022-10-22T11:15:37.117Z] > git fetch [716ms]
[2022-10-22T11:15:37.128Z] > git status -z -uall [3ms]
[2022-10-22T11:15:37.137Z] > git symbolic-ref --short HEAD [1ms]
[2022-10-22T11:15:37.137Z] fatal: ref HEAD is not a symbolic ref
[2022-10-22T11:15:37.146Z] > git rev-parse HEAD [1ms]
[2022-10-22T11:15:37.157Z] > git remote --verbose [1ms]
[2022-10-22T11:15:37.157Z] > git for-each-ref --sort -committerdate --format %(refname) %(objectname) %(*objectname) [6ms]
[2022-10-22T11:15:37.163Z] > git config --get commit.template [1ms]
[2022-10-22T11:15:38.244Z] > git status -z -uall [6ms]
[2022-10-22T11:15:38.253Z] > git symbolic-ref --short HEAD [1ms]
[2022-10-22T11:15:38.253Z] fatal: ref HEAD is not a symbolic ref
[2022-10-22T11:15:38.259Z] > git rev-parse HEAD [1ms]
[2022-10-22T11:15:38.269Z] > git remote --verbose [1ms]
[2022-10-22T11:15:38.269Z] > git for-each-ref --sort -committerdate --format %(refname) %(objectname) %(*objectname) [5ms]
[2022-10-22T11:15:38.275Z] > git config --get commit.template [1ms]
[2022-10-22T11:15:38.373Z] > git ls-files --stage -- /home/nunoamorim/ITI/server.js [3ms]
[2022-10-22T11:15:38.379Z] > git cat-file -s e01f6f3d121339e7203a40e9b53bf7a7afb0648d [1ms]
[2022-10-22T11:15:38.393Z] > git show --textconv :ITI/server.js [5ms]
[2022-10-22T11:15:39.951Z] > git status -z -uall [63ms]
[2022-10-22T11:15:39.957Z] > git symbolic-ref --short HEAD [1ms]
[2022-10-22T11:15:39.962Z] > git for-each-ref --format=%(refname)%00%(upstream:short)%00%(objectname)%00%(upstream:track)%00%(upstream:remotename)%00%(upstream:remoteref) refs/heads/master refs/remotes/master [0ms]
[2022-10-22T11:15:39.971Z] > git remote --verbose [1ms]
[2022-10-22T11:15:39.971Z] > git for-each-ref --sort -committerdate --format %(refname) %(objectname) %(*objectname) [5ms]
[2022-10-22T11:15:39.982Z] > git config --get commit.template [1ms]
[2022-10-22T11:15:45.062Z] > git status -z -uall [61ms]
[2022-10-22T11:15:45.067Z] > git symbolic-ref --short HEAD [1ms]
[2022-10-22T11:15:45.072Z] > git for-each-ref --format=%(refname)%00%(upstream:short)%00%(objectname)%00%(upstream:track)%00%(upstream:remotename)%00%(upstream:remoteref) refs/heads/master refs/remotes/master [1ms]
[2022-10-22T11:15:45.080Z] > git remote --verbose [1ms]
[2022-10-22T11:15:45.080Z] > git for-each-ref --sort -committerdate --format %(refname) %(objectname) %(*objectname) [4ms]
[2022-10-22T11:15:45.092Z] > git config --get commit.template [1ms]
[2022-10-22T11:15:50.158Z] > git status -z -uall [56ms]
[2022-10-22T11:15:50.164Z] > git symbolic-ref --short HEAD [1ms]
[2022-10-22T11:15:50.170Z] > git for-each-ref --format=%(refname)%00%(upstream:short)%00%(objectname)%00%(upstream:track)%00%(upstream:remotename)%00%(upstream:remoteref) refs/heads/master refs/remotes/master [1ms]
[2022-10-22T11:15:50.181Z] > git remote --verbose [1ms]
[2022-10-22T11:15:50.181Z] > git for-each-ref --sort -committerdate --format %(refname) %(objectname) %(*objectname) [5ms]
[2022-10-22T11:15:50.192Z] > git config --get commit.template [0ms]
[2022-10-22T11:15:55.254Z] > git status -z -uall [54ms]
[2022-10-22T11:15:55.259Z] > git symbolic-ref --short HEAD [1ms]
[2022-10-22T11:15:55.264Z] > git for-each-ref --format=%(refname)%00%(upstream:short)%00%(objectname)%00%(upstream:track)%00%(upstream:remotename)%00%(upstream:remoteref) refs/heads/master refs/remotes/master [1ms]
[2022-10-22T11:15:55.272Z] > git remote --verbose [2ms]
[2022-10-22T11:15:55.272Z] > git for-each-ref --sort -committerdate --format %(refname) %(objectname) %(*objectname) [5ms]
[2022-10-22T11:15:55.281Z] > git config --get commit.template [1ms]
[2022-10-22T11:16:00.348Z] > git status -z -uall [58ms]
[2022-10-22T11:16:00.353Z] > git symbolic-ref --short HEAD [1ms]
[2022-10-22T11:16:00.358Z] > git for-each-ref --format=%(refname)%00%(upstream:short)%00%(objectname)%00%(upstream:track)%00%(upstream:remotename)%00%(upstream:remoteref) refs/heads/master refs/remotes/master [1ms]
[2022-10-22T11:16:00.366Z] > git remote --verbose [1ms]
[2022-10-22T11:16:00.366Z] > git for-each-ref --sort -committerdate --format %(refname) %(objectname) %(*objectname) [5ms]
[2022-10-22T11:16:00.377Z] > git config --get commit.template [1ms]
[2022-10-22T11:16:05.444Z] > git status -z -uall [59ms]
[2022-10-22T11:16:05.448Z] > git symbolic-ref --short HEAD [0ms]
[2022-10-22T11:16:05.454Z] > git for-each-ref --format=%(refname)%00%(upstream:short)%00%(objectname)%00%(upstream:track)%00%(upstream:remotename)%00%(upstream:remoteref) refs/heads/master refs/remotes/master [1ms]
[2022-10-22T11:16:05.461Z] > git remote --verbose [1ms]
[2022-10-22T11:16:05.461Z] > git for-each-ref --sort -committerdate --format %(refname) %(objectname) %(*objectname) [4ms]
[2022-10-22T11:16:05.473Z] > git config --get commit.template [1ms]
[2022-10-22T11:16:10.553Z] > git status -z -uall [63ms]
[2022-10-22T11:16:10.557Z] > git symbolic-ref --short HEAD [0ms]
[2022-10-22T11:16:10.563Z] > git for-each-ref --format=%(refname)%00%(upstream:short)%00%(objectname)%00%(upstream:track)%00%(upstream:remotename)%00%(upstream:remoteref) refs/heads/master refs/remotes/master [1ms]
[2022-10-22T11:16:10.570Z] > git remote --verbose [1ms]
[2022-10-22T11:16:10.571Z] > git for-each-ref --sort -committerdate --format %(refname) %(objectname) %(*objectname) [5ms]
[2022-10-22T11:16:10.580Z] > git config --get commit.template [1ms]
[2022-10-22T11:16:15.636Z] > git status -z -uall [50ms]
[2022-10-22T11:16:15.641Z] > git symbolic-ref --short HEAD [1ms]
[2022-10-22T11:16:15.646Z] > git for-each-ref --format=%(refname)%00%(upstream:short)%00%(objectname)%00%(upstream:track)%00%(upstream:remotename)%00%(upstream:remoteref) refs/heads/master refs/remotes/master [1ms]
[2022-10-22T11:16:15.654Z] > git remote --verbose [1ms]
[2022-10-22T11:16:15.654Z] > git for-each-ref --sort -committerdate --format %(refname) %(objectname) %(*objectname) [5ms]
[2022-10-22T11:16:15.664Z] > git config --get commit.template [1ms]
[2022-10-22T11:16:20.737Z] > git status -z -uall [67ms]
[2022-10-22T11:16:20.742Z] > git symbolic-ref --short HEAD [1ms]
[2022-10-22T11:16:20.749Z] > git for-each-ref --format=%(refname)%00%(upstream:short)%00%(objectname)%00%(upstream:track)%00%(upstream:remotename)%00%(upstream:remoteref) refs/heads/master refs/remotes/master [1ms]
[2022-10-22T11:16:20.761Z] > git remote --verbose [2ms]
[2022-10-22T11:16:20.761Z] > git for-each-ref --sort -committerdate --format %(refname) %(objectname) %(*objectname) [6ms]
[2022-10-22T11:16:20.786Z] > git config --get commit.template [11ms]
[2022-10-22T11:16:28.618Z] > git status -z -uall [86ms]
[2022-10-22T11:16:28.624Z] > git symbolic-ref --short HEAD [1ms]
[2022-10-22T11:16:28.630Z] > git for-each-ref --format=%(refname)%00%(upstream:short)%00%(objectname)%00%(upstream:track)%00%(upstream:remotename)%00%(upstream:remoteref) refs/heads/master refs/remotes/master [1ms]
[2022-10-22T11:16:28.642Z] > git remote --verbose [1ms]
[2022-10-22T11:16:28.642Z] > git for-each-ref --sort -committerdate --format %(refname) %(objectname) %(*objectname) [6ms]
[2022-10-22T11:16:28.655Z] > git config --get commit.template [1ms]
[2022-10-22T11:16:33.730Z] > git status -z -uall [70ms]
[2022-10-22T11:16:33.738Z] > git symbolic-ref --short HEAD [2ms]
[2022-10-22T11:16:33.747Z] > git for-each-ref --format=%(refname)%00%(upstream:short)%00%(objectname)%00%(upstream:track)%00%(upstream:remotename)%00%(upstream:remoteref) refs/heads/master refs/remotes/master [2ms]
[2022-10-22T11:16:33.757Z] > git remote --verbose [1ms]
[2022-10-22T11:16:33.757Z] > git for-each-ref --sort -committerdate --format %(refname) %(objectname) %(*objectname) [5ms]
[2022-10-22T11:16:33.768Z] > git config --get commit.template [1ms]
[2022-10-22T11:16:44.638Z] > git status -z -uall [68ms]
[2022-10-22T11:16:44.644Z] > git symbolic-ref --short HEAD [1ms]
[2022-10-22T11:16:44.652Z] > git for-each-ref --format=%(refname)%00%(upstream:short)%00%(objectname)%00%(upstream:track)%00%(upstream:remotename)%00%(upstream:remoteref) refs/heads/master refs/remotes/master [1ms]
[2022-10-22T11:16:44.666Z] > git for-each-ref --sort -committerdate --format %(refname) %(objectname) %(*objectname) [7ms]
[2022-10-22T11:16:44.666Z] > git remote --verbose [1ms]
[2022-10-22T11:16:44.683Z] > git config --get commit.template [1ms]
[2022-10-22T11:16:49.765Z] > git status -z -uall [68ms]
[2022-10-22T11:16:49.771Z] > git symbolic-ref --short HEAD [1ms]
[2022-10-22T11:16:49.778Z] > git for-each-ref --format=%(refname)%00%(upstream:short)%00%(objectname)%00%(upstream:track)%00%(upstream:remotename)%00%(upstream:remoteref) refs/heads/master refs/remotes/master [1ms]
[2022-10-22T11:16:49.790Z] > git remote --verbose [1ms]
[2022-10-22T11:16:49.790Z] > git for-each-ref --sort -committerdate --format %(refname) %(objectname) %(*objectname) [6ms]
[2022-10-22T11:16:49.801Z] > git config --get commit.template [1ms]
[2022-10-22T11:16:59.057Z] > git status -z -uall [85ms]
[2022-10-22T11:16:59.064Z] > git symbolic-ref --short HEAD [2ms]
[2022-10-22T11:16:59.070Z] > git for-each-ref --format=%(refname)%00%(upstream:short)%00%(objectname)%00%(upstream:track)%00%(upstream:remotename)%00%(upstream:remoteref) refs/heads/master refs/remotes/master [1ms]
[2022-10-22T11:16:59.083Z] > git for-each-ref --sort -committerdate --format %(refname) %(objectname) %(*objectname) [7ms]
[2022-10-22T11:16:59.083Z] > git remote --verbose [2ms]
[2022-10-22T11:16:59.095Z] > git config --get commit.template [2ms]
[2022-10-22T11:17:04.159Z] > git status -z -uall [58ms]
[2022-10-22T11:17:04.165Z] > git symbolic-ref --short HEAD [0ms]
[2022-10-22T11:17:04.171Z] > git for-each-ref --format=%(refname)%00%(upstream:short)%00%(objectname)%00%(upstream:track)%00%(upstream:remotename)%00%(upstream:remoteref) refs/heads/master refs/remotes/master [1ms]
[2022-10-22T11:17:04.183Z] > git for-each-ref --sort -committerdate --format %(refname) %(objectname) %(*objectname) [7ms]
[2022-10-22T11:17:04.184Z] > git remote --verbose [2ms]
[2022-10-22T11:17:04.196Z] > git config --get commit.template [1ms]
[2022-10-22T11:17:42.887Z] > git status -z -uall [73ms]
[2022-10-22T11:17:42.893Z] > git symbolic-ref --short HEAD [1ms]
[2022-10-22T11:17:42.900Z] > git for-each-ref --format=%(refname)%00%(upstream:short)%00%(objectname)%00%(upstream:track)%00%(upstream:remotename)%00%(upstream:remoteref) refs/heads/master refs/remotes/master [1ms]
[2022-10-22T11:17:42.912Z] > git remote --verbose [2ms]
[2022-10-22T11:17:42.912Z] > git for-each-ref --sort -committerdate --format %(refname) %(objectname) %(*objectname) [8ms]
[2022-10-22T11:17:42.922Z] > git config --get commit.template [2ms]
[2022-10-22T11:17:47.977Z] > git status -z -uall [50ms]
[2022-10-22T11:17:47.982Z] > git symbolic-ref --short HEAD [1ms]
[2022-10-22T11:17:47.989Z] > git for-each-ref --format=%(refname)%00%(upstream:short)%00%(objectname)%00%(upstream:track)%00%(upstream:remotename)%00%(upstream:remoteref) refs/heads/master refs/remotes/master [1ms]
[2022-10-22T11:17:47.999Z] > git remote --verbose [1ms]
[2022-10-22T11:17:47.999Z] > git for-each-ref --sort -committerdate --format %(refname) %(objectname) %(*objectname) [5ms]
[2022-10-22T11:17:48.015Z] > git config --get commit.template [1ms]
[2022-10-22T11:17:53.079Z] > git status -z -uall [54ms]
[2022-10-22T11:17:53.085Z] > git symbolic-ref --short HEAD [1ms]
[2022-10-22T11:17:53.091Z] > git for-each-ref --format=%(refname)%00%(upstream:short)%00%(objectname)%00%(upstream:track)%00%(upstream:remotename)%00%(upstream:remoteref) refs/heads/master refs/remotes/master [1ms]
[2022-10-22T11:17:53.100Z] > git remote --verbose [1ms]
[2022-10-22T11:17:53.101Z] > git for-each-ref --sort -committerdate --format %(refname) %(objectname) %(*objectname) [6ms]
[2022-10-22T11:17:53.111Z] > git config --get commit.template [1ms]
[2022-10-22T11:17:58.178Z] > git status -z -uall [50ms]
[2022-10-22T11:17:58.183Z] > git symbolic-ref --short HEAD [1ms]
[2022-10-22T11:17:58.188Z] > git for-each-ref --format=%(refname)%00%(upstream:short)%00%(objectname)%00%(upstream:track)%00%(upstream:remotename)%00%(upstream:remoteref) refs/heads/master refs/remotes/master [0ms]
[2022-10-22T11:17:58.198Z] > git remote --verbose [1ms]
[2022-10-22T11:17:58.198Z] > git for-each-ref --sort -committerdate --format %(refname) %(objectname) %(*objectname) [5ms]
[2022-10-22T11:17:58.209Z] > git config --get commit.template [1ms]
[2022-10-22T11:18:03.270Z] > git status -z -uall [54ms]
[2022-10-22T11:18:03.276Z] > git symbolic-ref --short HEAD [1ms]
[2022-10-22T11:18:03.281Z] > git for-each-ref --format=%(refname)%00%(upstream:short)%00%(objectname)%00%(upstream:track)%00%(upstream:remotename)%00%(upstream:remoteref) refs/heads/master refs/remotes/master [1ms]
[2022-10-22T11:18:03.290Z] > git remote --verbose [1ms]
[2022-10-22T11:18:03.291Z] > git for-each-ref --sort -committerdate --format %(refname) %(objectname) %(*objectname) [6ms]
[2022-10-22T11:18:03.302Z] > git config --get commit.template [1ms]
[2022-10-22T11:18:08.364Z] > git status -z -uall [53ms]
[2022-10-22T11:18:08.369Z] > git symbolic-ref --short HEAD [1ms]
[2022-10-22T11:18:08.375Z] > git for-each-ref --format=%(refname)%00%(upstream:short)%00%(objectname)%00%(upstream:track)%00%(upstream:remotename)%00%(upstream:remoteref) refs/heads/master refs/remotes/master [1ms]
[2022-10-22T11:18:08.384Z] > git remote --verbose [1ms]
[2022-10-22T11:18:08.384Z] > git for-each-ref --sort -committerdate --format %(refname) %(objectname) %(*objectname) [5ms]
[2022-10-22T11:18:08.394Z] > git config --get commit.template [0ms]
[2022-10-22T11:18:13.480Z] > git status -z -uall [66ms]
[2022-10-22T11:18:13.486Z] > git symbolic-ref --short HEAD [1ms]
[2022-10-22T11:18:13.491Z] > git for-each-ref --format=%(refname)%00%(upstream:short)%00%(objectname)%00%(upstream:track)%00%(upstream:remotename)%00%(upstream:remoteref) refs/heads/master refs/remotes/master [1ms]
[2022-10-22T11:18:13.500Z] > git remote --verbose [1ms]
[2022-10-22T11:18:13.501Z] > git for-each-ref --sort -committerdate --format %(refname) %(objectname) %(*objectname) [5ms]
[2022-10-22T11:18:13.512Z] > git config --get commit.template [1ms]
[2022-10-22T11:18:18.591Z] > git status -z -uall [59ms]
[2022-10-22T11:18:18.596Z] > git symbolic-ref --short HEAD [1ms]
[2022-10-22T11:18:18.602Z] > git for-each-ref --format=%(refname)%00%(upstream:short)%00%(objectname)%00%(upstream:track)%00%(upstream:remotename)%00%(upstream:remoteref) refs/heads/master refs/remotes/master [1ms]
[2022-10-22T11:18:18.611Z] > git remote --verbose [1ms]
[2022-10-22T11:18:18.612Z] > git for-each-ref --sort -committerdate --format %(refname) %(objectname) %(*objectname) [6ms]
[2022-10-22T11:18:18.623Z] > git config --get commit.template [2ms]
[2022-10-22T11:18:23.707Z] > git status -z -uall [61ms]
[2022-10-22T11:18:23.713Z] > git symbolic-ref --short HEAD [1ms]
[2022-10-22T11:18:23.720Z] > git for-each-ref --format=%(refname)%00%(upstream:short)%00%(objectname)%00%(upstream:track)%00%(upstream:remotename)%00%(upstream:remoteref) refs/heads/master refs/remotes/master [1ms]
[2022-10-22T11:18:23.728Z] > git for-each-ref --sort -committerdate --format %(refname) %(objectname) %(*objectname) [4ms]
[2022-10-22T11:18:23.728Z] > git remote --verbose [1ms]
[2022-10-22T11:18:23.739Z] > git config --get commit.template [1ms]
[2022-10-22T11:18:28.806Z] > git status -z -uall [59ms]
[2022-10-22T11:18:28.811Z] > git symbolic-ref --short HEAD [1ms]
[2022-10-22T11:18:28.816Z] > git for-each-ref --format=%(refname)%00%(upstream:short)%00%(objectname)%00%(upstream:track)%00%(upstream:remotename)%00%(upstream:remoteref) refs/heads/master refs/remotes/master [0ms]
[2022-10-22T11:18:28.827Z] > git remote --verbose [1ms]
[2022-10-22T11:18:28.828Z] > git for-each-ref --sort -committerdate --format %(refname) %(objectname) %(*objectname) [6ms]
[2022-10-22T11:18:28.840Z] > git config --get commit.template [1ms]
