[2022-10-20T15:16:28.953Z] Log level: Info
[2022-10-20T15:16:28.986Z] [info] Validating found git in: git
[2022-10-20T15:16:29.113Z] [info] Using git 2.25.1 from git
[2022-10-20T15:16:29.169Z] > git rev-parse --show-toplevel [19ms]
[2022-10-20T15:16:29.203Z] > git rev-parse --git-dir --git-common-dir [2ms]
[2022-10-20T15:16:29.218Z] [info] Open repository: /home/nunoamorim
[2022-10-20T15:16:29.256Z] > git rev-parse --show-toplevel [4ms]
[2022-10-20T15:16:29.270Z] > git rev-parse --show-toplevel [2ms]
[2022-10-20T15:16:29.285Z] > git rev-parse --show-toplevel [1ms]
[2022-10-20T15:16:29.295Z] > git rev-parse --show-toplevel [2ms]
[2022-10-20T15:16:29.315Z] > git rev-parse --show-toplevel [12ms]
[2022-10-20T15:16:29.329Z] > git rev-parse --show-toplevel [5ms]
[2022-10-20T15:16:29.338Z] > git rev-parse --git-dir --git-common-dir [2ms]
[2022-10-20T15:16:29.344Z] [info] Open repository: /home/nunoamorim/.nvm
[2022-10-20T15:16:29.388Z] > git status -z -uall [21ms]
[2022-10-20T15:16:29.402Z] > git symbolic-ref --short HEAD [2ms]
[2022-10-20T15:16:29.402Z] fatal: ref HEAD is not a symbolic ref
[2022-10-20T15:16:29.420Z] > git rev-parse --show-toplevel [38ms]
[2022-10-20T15:16:29.431Z] > git rev-parse HEAD [14ms]
[2022-10-20T15:16:29.474Z] > git remote --verbose [19ms]
[2022-10-20T15:16:29.474Z] > git rev-parse --show-toplevel [48ms]
[2022-10-20T15:16:29.973Z] > git status -z -uall [729ms]
[2022-10-20T15:16:29.987Z] > git rev-parse --show-toplevel [495ms]
[2022-10-20T15:16:30.003Z] > git for-each-ref --sort -committerdate --format %(refname) %(objectname) %(*objectname) [564ms]
[2022-10-20T15:16:30.121Z] > git symbolic-ref --short HEAD [135ms]
[2022-10-20T15:16:30.139Z] > git config --get commit.template [19ms]
[2022-10-20T15:16:30.160Z] > git status -z -uall [5ms]
[2022-10-20T15:16:30.193Z] > git for-each-ref --format=%(refname)%00%(upstream:short)%00%(objectname)%00%(upstream:track)%00%(upstream:remotename)%00%(upstream:remoteref) refs/heads/master refs/remotes/master [59ms]
[2022-10-20T15:16:30.237Z] > git remote --verbose [17ms]
[2022-10-20T15:16:30.238Z] > git for-each-ref --sort -committerdate --format %(refname) %(objectname) %(*objectname) [24ms]
[2022-10-20T15:16:30.272Z] > git symbolic-ref --short HEAD [79ms]
[2022-10-20T15:16:30.272Z] fatal: ref HEAD is not a symbolic ref
[2022-10-20T15:16:30.298Z] > git config --get commit.template [8ms]
[2022-10-20T15:16:30.312Z] > git rev-parse HEAD [35ms]
[2022-10-20T15:16:30.576Z] > git status -z -uall [265ms]
[2022-10-20T15:16:30.586Z] > git remote --verbose [229ms]
[2022-10-20T15:16:30.587Z] > git for-each-ref --sort -committerdate --format %(refname) %(objectname) %(*objectname) [259ms]
[2022-10-20T15:16:30.590Z] > git fetch [1359ms]
[2022-10-20T15:16:30.635Z] > git symbolic-ref --short HEAD [50ms]
[2022-10-20T15:16:30.644Z] > git check-ignore -v -z --stdin [23ms]
[2022-10-20T15:16:30.646Z] > git config --get commit.template [13ms]
[2022-10-20T15:16:30.652Z] > git for-each-ref --format=%(refname)%00%(upstream:short)%00%(objectname)%00%(upstream:track)%00%(upstream:remotename)%00%(upstream:remoteref) refs/heads/master refs/remotes/master [9ms]
[2022-10-20T15:16:30.675Z] > git check-ignore -v -z --stdin [64ms]
[2022-10-20T15:16:30.678Z] > git for-each-ref --sort -committerdate --format %(refname) %(objectname) %(*objectname) [14ms]
[2022-10-20T15:16:30.685Z] > git remote --verbose [13ms]
[2022-10-20T15:16:30.720Z] > git config --get commit.template [4ms]
[2022-10-20T15:16:30.926Z] > git status -z -uall [197ms]
[2022-10-20T15:16:30.935Z] > git fetch [1575ms]
[2022-10-20T15:16:31.051Z] > git status -z -uall [105ms]
[2022-10-20T15:16:31.071Z] > git symbolic-ref --short HEAD [136ms]
[2022-10-20T15:16:31.093Z] > git for-each-ref --format=%(refname)%00%(upstream:short)%00%(objectname)%00%(upstream:track)%00%(upstream:remotename)%00%(upstream:remoteref) refs/heads/master refs/remotes/master [7ms]
[2022-10-20T15:16:31.114Z] > git symbolic-ref --short HEAD [43ms]
[2022-10-20T15:16:31.114Z] fatal: ref HEAD is not a symbolic ref
[2022-10-20T15:16:31.139Z] > git remote --verbose [26ms]
[2022-10-20T15:16:31.139Z] > git for-each-ref --sort -committerdate --format %(refname) %(objectname) %(*objectname) [40ms]
[2022-10-20T15:16:31.240Z] > git rev-parse HEAD [118ms]
[2022-10-20T15:16:31.466Z] > git show --textconv :ITI/server2.js [268ms]
[2022-10-20T15:16:31.470Z] > git remote --verbose [216ms]
[2022-10-20T15:16:31.470Z] > git for-each-ref --sort -committerdate --format %(refname) %(objectname) %(*objectname) [223ms]
[2022-10-20T15:16:31.473Z] > git config --get commit.template [234ms]
[2022-10-20T15:16:31.475Z] > git ls-files --stage -- /home/nunoamorim/ITI/server2.js [249ms]
[2022-10-20T15:16:31.492Z] > git config --get commit.template [3ms]
[2022-10-20T15:16:32.617Z] > git ls-files --stage -- /home/nunoamorim/ITI/server2.js [10ms]
[2022-10-20T15:16:32.774Z] > git show --textconv :ITI/server2.js [26ms]
[2022-10-20T15:16:33.896Z] > git config --local branch.master.github-pr-owner-number [512ms]
[2022-10-20T15:16:56.824Z] > git status -z -uall [55ms]
[2022-10-20T15:16:56.831Z] > git symbolic-ref --short HEAD [1ms]
[2022-10-20T15:16:56.836Z] > git for-each-ref --format=%(refname)%00%(upstream:short)%00%(objectname)%00%(upstream:track)%00%(upstream:remotename)%00%(upstream:remoteref) refs/heads/master refs/remotes/master [0ms]
[2022-10-20T15:16:56.847Z] > git remote --verbose [1ms]
[2022-10-20T15:16:56.847Z] > git for-each-ref --sort -committerdate --format %(refname) %(objectname) %(*objectname) [7ms]
[2022-10-20T15:16:56.857Z] > git config --get commit.template [0ms]
[2022-10-20T15:17:01.905Z] > git status -z -uall [42ms]
[2022-10-20T15:17:01.910Z] > git symbolic-ref --short HEAD [1ms]
[2022-10-20T15:17:01.915Z] > git for-each-ref --format=%(refname)%00%(upstream:short)%00%(objectname)%00%(upstream:track)%00%(upstream:remotename)%00%(upstream:remoteref) refs/heads/master refs/remotes/master [2ms]
[2022-10-20T15:17:01.922Z] > git remote --verbose [0ms]
[2022-10-20T15:17:01.923Z] > git for-each-ref --sort -committerdate --format %(refname) %(objectname) %(*objectname) [5ms]
[2022-10-20T15:17:01.933Z] > git config --get commit.template [1ms]
[2022-10-20T15:17:06.986Z] > git status -z -uall [48ms]
[2022-10-20T15:17:06.990Z] > git symbolic-ref --short HEAD [1ms]
[2022-10-20T15:17:06.997Z] > git for-each-ref --format=%(refname)%00%(upstream:short)%00%(objectname)%00%(upstream:track)%00%(upstream:remotename)%00%(upstream:remoteref) refs/heads/master refs/remotes/master [1ms]
[2022-10-20T15:17:07.005Z] > git remote --verbose [2ms]
[2022-10-20T15:17:07.005Z] > git for-each-ref --sort -committerdate --format %(refname) %(objectname) %(*objectname) [5ms]
[2022-10-20T15:17:07.016Z] > git config --get commit.template [1ms]
[2022-10-20T15:17:21.962Z] > git status -z -uall [118ms]
[2022-10-20T15:17:21.970Z] > git symbolic-ref --short HEAD [2ms]
[2022-10-20T15:17:21.978Z] > git for-each-ref --format=%(refname)%00%(upstream:short)%00%(objectname)%00%(upstream:track)%00%(upstream:remotename)%00%(upstream:remoteref) refs/heads/master refs/remotes/master [1ms]
[2022-10-20T15:17:21.990Z] > git remote --verbose [2ms]
[2022-10-20T15:17:21.991Z] > git for-each-ref --sort -committerdate --format %(refname) %(objectname) %(*objectname) [8ms]
[2022-10-20T15:17:22.004Z] > git config --get commit.template [1ms]
[2022-10-20T15:17:29.558Z] > git status -z -uall [86ms]
[2022-10-20T15:17:29.564Z] > git symbolic-ref --short HEAD [1ms]
[2022-10-20T15:17:29.570Z] > git for-each-ref --format=%(refname)%00%(upstream:short)%00%(objectname)%00%(upstream:track)%00%(upstream:remotename)%00%(upstream:remoteref) refs/heads/master refs/remotes/master [1ms]
[2022-10-20T15:17:29.584Z] > git for-each-ref --sort -committerdate --format %(refname) %(objectname) %(*objectname) [7ms]
[2022-10-20T15:17:29.584Z] > git remote --verbose [2ms]
[2022-10-20T15:17:29.600Z] > git config --get commit.template [2ms]
[2022-10-20T15:17:43.160Z] > git status -z -uall [63ms]
[2022-10-20T15:17:43.164Z] > git symbolic-ref --short HEAD [0ms]
[2022-10-20T15:17:43.169Z] > git for-each-ref --format=%(refname)%00%(upstream:short)%00%(objectname)%00%(upstream:track)%00%(upstream:remotename)%00%(upstream:remoteref) refs/heads/master refs/remotes/master [1ms]
[2022-10-20T15:17:43.179Z] > git remote --verbose [1ms]
[2022-10-20T15:17:43.180Z] > git for-each-ref --sort -committerdate --format %(refname) %(objectname) %(*objectname) [6ms]
[2022-10-20T15:17:43.196Z] > git config --get commit.template [1ms]
[2022-10-20T15:17:51.745Z] > git status -z -uall [72ms]
[2022-10-20T15:17:51.749Z] > git symbolic-ref --short HEAD [0ms]
[2022-10-20T15:17:51.757Z] > git for-each-ref --format=%(refname)%00%(upstream:short)%00%(objectname)%00%(upstream:track)%00%(upstream:remotename)%00%(upstream:remoteref) refs/heads/master refs/remotes/master [2ms]
[2022-10-20T15:17:51.766Z] > git remote --verbose [1ms]
[2022-10-20T15:17:51.767Z] > git for-each-ref --sort -committerdate --format %(refname) %(objectname) %(*objectname) [6ms]
[2022-10-20T15:17:51.781Z] > git config --get commit.template [1ms]
[2022-10-20T15:17:57.126Z] > git status -z -uall [64ms]
[2022-10-20T15:17:57.130Z] > git symbolic-ref --short HEAD [0ms]
[2022-10-20T15:17:57.137Z] > git for-each-ref --format=%(refname)%00%(upstream:short)%00%(objectname)%00%(upstream:track)%00%(upstream:remotename)%00%(upstream:remoteref) refs/heads/master refs/remotes/master [1ms]
[2022-10-20T15:17:57.148Z] > git for-each-ref --sort -committerdate --format %(refname) %(objectname) %(*objectname) [6ms]
[2022-10-20T15:17:57.148Z] > git remote --verbose [1ms]
[2022-10-20T15:17:57.162Z] > git config --get commit.template [0ms]
[2022-10-20T15:18:04.704Z] > git status -z -uall [73ms]
[2022-10-20T15:18:04.709Z] > git symbolic-ref --short HEAD [1ms]
[2022-10-20T15:18:04.714Z] > git for-each-ref --format=%(refname)%00%(upstream:short)%00%(objectname)%00%(upstream:track)%00%(upstream:remotename)%00%(upstream:remoteref) refs/heads/master refs/remotes/master [1ms]
[2022-10-20T15:18:04.728Z] > git remote --verbose [2ms]
[2022-10-20T15:18:04.728Z] > git for-each-ref --sort -committerdate --format %(refname) %(objectname) %(*objectname) [7ms]
[2022-10-20T15:18:04.742Z] > git config --get commit.template [1ms]
[2022-10-20T15:18:09.794Z] > git status -z -uall [46ms]
[2022-10-20T15:18:09.799Z] > git symbolic-ref --short HEAD [0ms]
[2022-10-20T15:18:09.805Z] > git for-each-ref --format=%(refname)%00%(upstream:short)%00%(objectname)%00%(upstream:track)%00%(upstream:remotename)%00%(upstream:remoteref) refs/heads/master refs/remotes/master [0ms]
[2022-10-20T15:18:09.815Z] > git for-each-ref --sort -committerdate --format %(refname) %(objectname) %(*objectname) [5ms]
[2022-10-20T15:18:09.816Z] > git remote --verbose [2ms]
[2022-10-20T15:18:09.826Z] > git config --get commit.template [1ms]
[2022-10-20T15:18:14.876Z] > git status -z -uall [45ms]
[2022-10-20T15:18:14.881Z] > git symbolic-ref --short HEAD [1ms]
[2022-10-20T15:18:14.886Z] > git for-each-ref --format=%(refname)%00%(upstream:short)%00%(objectname)%00%(upstream:track)%00%(upstream:remotename)%00%(upstream:remoteref) refs/heads/master refs/remotes/master [1ms]
[2022-10-20T15:18:14.896Z] > git remote --verbose [1ms]
[2022-10-20T15:18:14.897Z] > git for-each-ref --sort -committerdate --format %(refname) %(objectname) %(*objectname) [6ms]
[2022-10-20T15:18:14.913Z] > git config --get commit.template [2ms]
[2022-10-20T15:18:19.967Z] > git status -z -uall [45ms]
[2022-10-20T15:18:19.973Z] > git symbolic-ref --short HEAD [1ms]
[2022-10-20T15:18:19.979Z] > git for-each-ref --format=%(refname)%00%(upstream:short)%00%(objectname)%00%(upstream:track)%00%(upstream:remotename)%00%(upstream:remoteref) refs/heads/master refs/remotes/master [1ms]
[2022-10-20T15:18:19.990Z] > git remote --verbose [1ms]
[2022-10-20T15:18:19.990Z] > git for-each-ref --sort -committerdate --format %(refname) %(objectname) %(*objectname) [6ms]
[2022-10-20T15:18:20.003Z] > git config --get commit.template [1ms]
[2022-10-20T15:18:41.790Z] > git status -z -uall [62ms]
[2022-10-20T15:18:41.794Z] > git symbolic-ref --short HEAD [1ms]
[2022-10-20T15:18:41.801Z] > git for-each-ref --format=%(refname)%00%(upstream:short)%00%(objectname)%00%(upstream:track)%00%(upstream:remotename)%00%(upstream:remoteref) refs/heads/master refs/remotes/master [1ms]
[2022-10-20T15:18:41.812Z] > git remote --verbose [1ms]
[2022-10-20T15:18:41.812Z] > git for-each-ref --sort -committerdate --format %(refname) %(objectname) %(*objectname) [6ms]
[2022-10-20T15:18:41.824Z] > git config --get commit.template [0ms]
[2022-10-20T15:18:46.881Z] > git status -z -uall [50ms]
[2022-10-20T15:18:46.887Z] > git symbolic-ref --short HEAD [1ms]
[2022-10-20T15:18:46.893Z] > git for-each-ref --format=%(refname)%00%(upstream:short)%00%(objectname)%00%(upstream:track)%00%(upstream:remotename)%00%(upstream:remoteref) refs/heads/master refs/remotes/master [1ms]
[2022-10-20T15:18:46.903Z] > git remote --verbose [1ms]
[2022-10-20T15:18:46.903Z] > git for-each-ref --sort -committerdate --format %(refname) %(objectname) %(*objectname) [6ms]
[2022-10-20T15:18:46.915Z] > git config --get commit.template [2ms]
[2022-10-20T15:18:51.969Z] > git status -z -uall [46ms]
[2022-10-20T15:18:51.974Z] > git symbolic-ref --short HEAD [1ms]
[2022-10-20T15:18:51.980Z] > git for-each-ref --format=%(refname)%00%(upstream:short)%00%(objectname)%00%(upstream:track)%00%(upstream:remotename)%00%(upstream:remoteref) refs/heads/master refs/remotes/master [1ms]
[2022-10-20T15:18:51.990Z] > git remote --verbose [1ms]
[2022-10-20T15:18:51.990Z] > git for-each-ref --sort -committerdate --format %(refname) %(objectname) %(*objectname) [6ms]
[2022-10-20T15:18:52.000Z] > git config --get commit.template [1ms]
[2022-10-20T15:18:57.052Z] > git status -z -uall [47ms]
[2022-10-20T15:18:57.057Z] > git symbolic-ref --short HEAD [1ms]
[2022-10-20T15:18:57.063Z] > git for-each-ref --format=%(refname)%00%(upstream:short)%00%(objectname)%00%(upstream:track)%00%(upstream:remotename)%00%(upstream:remoteref) refs/heads/master refs/remotes/master [1ms]
[2022-10-20T15:18:57.072Z] > git remote --verbose [1ms]
[2022-10-20T15:18:57.072Z] > git for-each-ref --sort -committerdate --format %(refname) %(objectname) %(*objectname) [5ms]
[2022-10-20T15:18:57.085Z] > git config --get commit.template [1ms]
[2022-10-20T15:19:02.178Z] > git status -z -uall [81ms]
[2022-10-20T15:19:02.186Z] > git symbolic-ref --short HEAD [1ms]
[2022-10-20T15:19:02.195Z] > git for-each-ref --format=%(refname)%00%(upstream:short)%00%(objectname)%00%(upstream:track)%00%(upstream:remotename)%00%(upstream:remoteref) refs/heads/master refs/remotes/master [1ms]
[2022-10-20T15:19:02.209Z] > git remote --verbose [1ms]
[2022-10-20T15:19:02.210Z] > git for-each-ref --sort -committerdate --format %(refname) %(objectname) %(*objectname) [7ms]
[2022-10-20T15:19:02.225Z] > git config --get commit.template [1ms]
[2022-10-20T15:19:07.279Z] > git status -z -uall [47ms]
[2022-10-20T15:19:07.287Z] > git symbolic-ref --short HEAD [2ms]
[2022-10-20T15:19:07.293Z] > git for-each-ref --format=%(refname)%00%(upstream:short)%00%(objectname)%00%(upstream:track)%00%(upstream:remotename)%00%(upstream:remoteref) refs/heads/master refs/remotes/master [1ms]
[2022-10-20T15:19:07.304Z] > git remote --verbose [1ms]
[2022-10-20T15:19:07.304Z] > git for-each-ref --sort -committerdate --format %(refname) %(objectname) %(*objectname) [5ms]
[2022-10-20T15:19:07.317Z] > git config --get commit.template [4ms]
[2022-10-20T15:19:12.375Z] > git status -z -uall [52ms]
[2022-10-20T15:19:12.382Z] > git symbolic-ref --short HEAD [0ms]
[2022-10-20T15:19:12.390Z] > git for-each-ref --format=%(refname)%00%(upstream:short)%00%(objectname)%00%(upstream:track)%00%(upstream:remotename)%00%(upstream:remoteref) refs/heads/master refs/remotes/master [1ms]
[2022-10-20T15:19:12.400Z] > git remote --verbose [1ms]
[2022-10-20T15:19:12.400Z] > git for-each-ref --sort -committerdate --format %(refname) %(objectname) %(*objectname) [6ms]
[2022-10-20T15:19:12.409Z] > git config --get commit.template [2ms]
[2022-10-20T15:19:17.462Z] > git status -z -uall [46ms]
[2022-10-20T15:19:17.467Z] > git symbolic-ref --short HEAD [1ms]
[2022-10-20T15:19:17.473Z] > git for-each-ref --format=%(refname)%00%(upstream:short)%00%(objectname)%00%(upstream:track)%00%(upstream:remotename)%00%(upstream:remoteref) refs/heads/master refs/remotes/master [2ms]
[2022-10-20T15:19:17.483Z] > git remote --verbose [1ms]
[2022-10-20T15:19:17.483Z] > git for-each-ref --sort -committerdate --format %(refname) %(objectname) %(*objectname) [6ms]
[2022-10-20T15:19:17.493Z] > git config --get commit.template [1ms]
[2022-10-20T15:19:22.546Z] > git status -z -uall [48ms]
[2022-10-20T15:19:22.551Z] > git symbolic-ref --short HEAD [1ms]
[2022-10-20T15:19:22.556Z] > git for-each-ref --format=%(refname)%00%(upstream:short)%00%(objectname)%00%(upstream:track)%00%(upstream:remotename)%00%(upstream:remoteref) refs/heads/master refs/remotes/master [1ms]
[2022-10-20T15:19:22.563Z] > git remote --verbose [1ms]
[2022-10-20T15:19:22.563Z] > git for-each-ref --sort -committerdate --format %(refname) %(objectname) %(*objectname) [4ms]
[2022-10-20T15:19:22.571Z] > git config --get commit.template [1ms]
[2022-10-20T15:19:42.642Z] > git status -z -uall [61ms]
[2022-10-20T15:19:42.647Z] > git symbolic-ref --short HEAD [1ms]
[2022-10-20T15:19:42.652Z] > git for-each-ref --format=%(refname)%00%(upstream:short)%00%(objectname)%00%(upstream:track)%00%(upstream:remotename)%00%(upstream:remoteref) refs/heads/master refs/remotes/master [1ms]
[2022-10-20T15:19:42.661Z] > git remote --verbose [1ms]
[2022-10-20T15:19:42.662Z] > git for-each-ref --sort -committerdate --format %(refname) %(objectname) %(*objectname) [5ms]
[2022-10-20T15:19:42.670Z] > git config --get commit.template [1ms]
[2022-10-20T15:19:43.462Z] > git fetch [887ms]
[2022-10-20T15:19:43.467Z] > git status -z -uall [2ms]
[2022-10-20T15:19:43.472Z] > git symbolic-ref --short HEAD [1ms]
[2022-10-20T15:19:43.472Z] fatal: ref HEAD is not a symbolic ref
[2022-10-20T15:19:43.477Z] > git rev-parse HEAD [1ms]
[2022-10-20T15:19:43.485Z] > git remote --verbose [2ms]
[2022-10-20T15:19:43.485Z] > git for-each-ref --sort -committerdate --format %(refname) %(objectname) %(*objectname) [5ms]
[2022-10-20T15:19:43.490Z] > git config --get commit.template [0ms]
[2022-10-20T15:19:43.711Z] > git fetch [1143ms]
[2022-10-20T15:19:43.757Z] > git status -z -uall [43ms]
[2022-10-20T15:19:43.762Z] > git symbolic-ref --short HEAD [1ms]
[2022-10-20T15:19:43.767Z] > git for-each-ref --format=%(refname)%00%(upstream:short)%00%(objectname)%00%(upstream:track)%00%(upstream:remotename)%00%(upstream:remoteref) refs/heads/master refs/remotes/master [1ms]
[2022-10-20T15:19:43.776Z] > git remote --verbose [1ms]
[2022-10-20T15:19:43.776Z] > git for-each-ref --sort -committerdate --format %(refname) %(objectname) %(*objectname) [5ms]
[2022-10-20T15:19:43.784Z] > git config --get commit.template [1ms]
[2022-10-20T15:19:44.558Z] > git status -z -uall [2ms]
[2022-10-20T15:19:44.563Z] > git symbolic-ref --short HEAD [1ms]
[2022-10-20T15:19:44.563Z] fatal: ref HEAD is not a symbolic ref
[2022-10-20T15:19:44.568Z] > git rev-parse HEAD [1ms]
[2022-10-20T15:19:44.576Z] > git remote --verbose [1ms]
[2022-10-20T15:19:44.576Z] > git for-each-ref --sort -committerdate --format %(refname) %(objectname) %(*objectname) [4ms]
[2022-10-20T15:19:44.581Z] > git config --get commit.template [0ms]
[2022-10-20T15:19:44.956Z] > git ls-files --stage -- /home/nunoamorim/ITI/server2.js [4ms]
[2022-10-20T15:19:44.970Z] > git show --textconv :ITI/server2.js [4ms]
[2022-10-20T15:19:47.722Z] > git status -z -uall [47ms]
[2022-10-20T15:19:47.727Z] > git symbolic-ref --short HEAD [1ms]
[2022-10-20T15:19:47.733Z] > git for-each-ref --format=%(refname)%00%(upstream:short)%00%(objectname)%00%(upstream:track)%00%(upstream:remotename)%00%(upstream:remoteref) refs/heads/master refs/remotes/master [1ms]
[2022-10-20T15:19:47.743Z] > git remote --verbose [1ms]
[2022-10-20T15:19:47.743Z] > git for-each-ref --sort -committerdate --format %(refname) %(objectname) %(*objectname) [6ms]
[2022-10-20T15:19:47.757Z] > git config --get commit.template [1ms]
[2022-10-20T15:19:52.807Z] > git status -z -uall [46ms]
[2022-10-20T15:19:52.812Z] > git symbolic-ref --short HEAD [1ms]
[2022-10-20T15:19:52.816Z] > git for-each-ref --format=%(refname)%00%(upstream:short)%00%(objectname)%00%(upstream:track)%00%(upstream:remotename)%00%(upstream:remoteref) refs/heads/master refs/remotes/master [1ms]
[2022-10-20T15:19:52.824Z] > git remote --verbose [1ms]
[2022-10-20T15:19:52.824Z] > git for-each-ref --sort -committerdate --format %(refname) %(objectname) %(*objectname) [5ms]
[2022-10-20T15:19:52.831Z] > git config --get commit.template [0ms]
[2022-10-20T15:19:57.888Z] > git status -z -uall [50ms]
[2022-10-20T15:19:57.893Z] > git symbolic-ref --short HEAD [1ms]
[2022-10-20T15:19:57.899Z] > git for-each-ref --format=%(refname)%00%(upstream:short)%00%(objectname)%00%(upstream:track)%00%(upstream:remotename)%00%(upstream:remoteref) refs/heads/master refs/remotes/master [1ms]
[2022-10-20T15:19:57.908Z] > git remote --verbose [1ms]
[2022-10-20T15:19:57.909Z] > git for-each-ref --sort -committerdate --format %(refname) %(objectname) %(*objectname) [6ms]
[2022-10-20T15:19:57.916Z] > git config --get commit.template [1ms]
[2022-10-20T15:20:06.264Z] > git status -z -uall [61ms]
[2022-10-20T15:20:06.270Z] > git symbolic-ref --short HEAD [2ms]
[2022-10-20T15:20:06.276Z] > git for-each-ref --format=%(refname)%00%(upstream:short)%00%(objectname)%00%(upstream:track)%00%(upstream:remotename)%00%(upstream:remoteref) refs/heads/master refs/remotes/master [1ms]
[2022-10-20T15:20:06.285Z] > git remote --verbose [2ms]
[2022-10-20T15:20:06.285Z] > git for-each-ref --sort -committerdate --format %(refname) %(objectname) %(*objectname) [5ms]
[2022-10-20T15:20:06.300Z] > git config --get commit.template [1ms]
[2022-10-20T15:20:31.101Z] > git status -z -uall [96ms]
[2022-10-20T15:20:31.110Z] > git symbolic-ref --short HEAD [1ms]
[2022-10-20T15:20:31.117Z] > git for-each-ref --format=%(refname)%00%(upstream:short)%00%(objectname)%00%(upstream:track)%00%(upstream:remotename)%00%(upstream:remoteref) refs/heads/master refs/remotes/master [2ms]
[2022-10-20T15:20:31.127Z] > git remote --verbose [1ms]
[2022-10-20T15:20:31.127Z] > git for-each-ref --sort -committerdate --format %(refname) %(objectname) %(*objectname) [6ms]
[2022-10-20T15:20:31.137Z] > git config --get commit.template [1ms]
[2022-10-20T15:21:33.988Z] > git status -z -uall [74ms]
[2022-10-20T15:21:33.993Z] > git symbolic-ref --short HEAD [1ms]
[2022-10-20T15:21:33.998Z] > git for-each-ref --format=%(refname)%00%(upstream:short)%00%(objectname)%00%(upstream:track)%00%(upstream:remotename)%00%(upstream:remoteref) refs/heads/master refs/remotes/master [1ms]
[2022-10-20T15:21:34.008Z] > git for-each-ref --sort -committerdate --format %(refname) %(objectname) %(*objectname) [6ms]
[2022-10-20T15:21:34.008Z] > git remote --verbose [1ms]
[2022-10-20T15:21:34.019Z] > git config --get commit.template [1ms]
[2022-10-20T15:23:35.360Z] > git status -z -uall [109ms]
[2022-10-20T15:23:35.371Z] > git symbolic-ref --short HEAD [2ms]
[2022-10-20T15:23:35.380Z] > git for-each-ref --format=%(refname)%00%(upstream:short)%00%(objectname)%00%(upstream:track)%00%(upstream:remotename)%00%(upstream:remoteref) refs/heads/master refs/remotes/master [1ms]
[2022-10-20T15:23:35.390Z] > git for-each-ref --sort -committerdate --format %(refname) %(objectname) %(*objectname) [6ms]
[2022-10-20T15:23:35.390Z] > git remote --verbose [1ms]
[2022-10-20T15:23:35.404Z] > git config --get commit.template [1ms]
[2022-10-20T15:23:35.687Z] > git fetch [444ms]
[2022-10-20T15:23:35.746Z] > git status -z -uall [55ms]
[2022-10-20T15:23:35.756Z] > git symbolic-ref --short HEAD [4ms]
[2022-10-20T15:23:35.763Z] > git for-each-ref --format=%(refname)%00%(upstream:short)%00%(objectname)%00%(upstream:track)%00%(upstream:remotename)%00%(upstream:remoteref) refs/heads/master refs/remotes/master [2ms]
[2022-10-20T15:23:35.776Z] > git remote --verbose [2ms]
[2022-10-20T15:23:35.777Z] > git for-each-ref --sort -committerdate --format %(refname) %(objectname) %(*objectname) [7ms]
[2022-10-20T15:23:35.786Z] > git config --get commit.template [1ms]
[2022-10-20T15:23:36.145Z] > git fetch [913ms]
[2022-10-20T15:23:36.153Z] > git status -z -uall [2ms]
[2022-10-20T15:23:36.159Z] > git symbolic-ref --short HEAD [0ms]
[2022-10-20T15:23:36.159Z] fatal: ref HEAD is not a symbolic ref
[2022-10-20T15:23:36.173Z] > git rev-parse HEAD [3ms]
[2022-10-20T15:23:36.185Z] > git remote --verbose [1ms]
[2022-10-20T15:23:36.185Z] > git for-each-ref --sort -committerdate --format %(refname) %(objectname) %(*objectname) [5ms]
[2022-10-20T15:23:36.194Z] > git config --get commit.template [2ms]
[2022-10-20T15:23:36.898Z] > git show --textconv :ITI/index.html [42ms]
[2022-10-20T15:23:36.899Z] > git ls-files --stage -- /home/nunoamorim/ITI/index.html [19ms]
[2022-10-20T15:23:36.905Z] > git cat-file -s b1c4d6ee8b021aab8f228fa22a328913429d0603 [2ms]
[2022-10-20T15:23:37.461Z] > git status -z -uall [4ms]
[2022-10-20T15:23:37.471Z] > git symbolic-ref --short HEAD [1ms]
[2022-10-20T15:23:37.471Z] fatal: ref HEAD is not a symbolic ref
[2022-10-20T15:23:37.480Z] > git rev-parse HEAD [1ms]
[2022-10-20T15:23:37.488Z] > git for-each-ref --sort -committerdate --format %(refname) %(objectname) %(*objectname) [4ms]
[2022-10-20T15:23:37.489Z] > git remote --verbose [2ms]
[2022-10-20T15:23:37.497Z] > git config --get commit.template [1ms]
[2022-10-20T15:23:37.572Z] > git ls-files --stage -- /home/nunoamorim/ITI/index.html [6ms]
[2022-10-20T15:23:37.580Z] > git cat-file -s b1c4d6ee8b021aab8f228fa22a328913429d0603 [1ms]
[2022-10-20T15:23:37.605Z] > git show --textconv :ITI/index.html [4ms]
[2022-10-20T15:23:40.459Z] > git status -z -uall [48ms]
[2022-10-20T15:23:40.464Z] > git symbolic-ref --short HEAD [1ms]
[2022-10-20T15:23:40.470Z] > git for-each-ref --format=%(refname)%00%(upstream:short)%00%(objectname)%00%(upstream:track)%00%(upstream:remotename)%00%(upstream:remoteref) refs/heads/master refs/remotes/master [2ms]
[2022-10-20T15:23:40.479Z] > git remote --verbose [1ms]
[2022-10-20T15:23:40.479Z] > git for-each-ref --sort -committerdate --format %(refname) %(objectname) %(*objectname) [5ms]
[2022-10-20T15:23:40.489Z] > git config --get commit.template [1ms]
[2022-10-20T15:23:45.559Z] > git status -z -uall [63ms]
[2022-10-20T15:23:45.565Z] > git symbolic-ref --short HEAD [1ms]
[2022-10-20T15:23:45.571Z] > git for-each-ref --format=%(refname)%00%(upstream:short)%00%(objectname)%00%(upstream:track)%00%(upstream:remotename)%00%(upstream:remoteref) refs/heads/master refs/remotes/master [1ms]
[2022-10-20T15:23:45.588Z] > git for-each-ref --sort -committerdate --format %(refname) %(objectname) %(*objectname) [10ms]
[2022-10-20T15:23:45.588Z] > git remote --verbose [3ms]
[2022-10-20T15:23:45.600Z] > git config --get commit.template [0ms]
[2022-10-20T15:23:50.653Z] > git status -z -uall [45ms]
[2022-10-20T15:23:50.658Z] > git symbolic-ref --short HEAD [1ms]
[2022-10-20T15:23:50.663Z] > git for-each-ref --format=%(refname)%00%(upstream:short)%00%(objectname)%00%(upstream:track)%00%(upstream:remotename)%00%(upstream:remoteref) refs/heads/master refs/remotes/master [1ms]
[2022-10-20T15:23:50.674Z] > git remote --verbose [1ms]
[2022-10-20T15:23:50.674Z] > git for-each-ref --sort -committerdate --format %(refname) %(objectname) %(*objectname) [6ms]
[2022-10-20T15:23:50.684Z] > git config --get commit.template [1ms]
[2022-10-20T15:23:55.736Z] > git status -z -uall [47ms]
[2022-10-20T15:23:55.741Z] > git symbolic-ref --short HEAD [0ms]
[2022-10-20T15:23:55.747Z] > git for-each-ref --format=%(refname)%00%(upstream:short)%00%(objectname)%00%(upstream:track)%00%(upstream:remotename)%00%(upstream:remoteref) refs/heads/master refs/remotes/master [1ms]
[2022-10-20T15:23:55.755Z] > git remote --verbose [1ms]
[2022-10-20T15:23:55.755Z] > git for-each-ref --sort -committerdate --format %(refname) %(objectname) %(*objectname) [5ms]
[2022-10-20T15:23:55.763Z] > git config --get commit.template [0ms]
[2022-10-20T15:24:03.563Z] > git status -z -uall [54ms]
[2022-10-20T15:24:03.569Z] > git symbolic-ref --short HEAD [0ms]
[2022-10-20T15:24:03.575Z] > git for-each-ref --format=%(refname)%00%(upstream:short)%00%(objectname)%00%(upstream:track)%00%(upstream:remotename)%00%(upstream:remoteref) refs/heads/master refs/remotes/master [1ms]
[2022-10-20T15:24:03.586Z] > git remote --verbose [1ms]
[2022-10-20T15:24:03.587Z] > git for-each-ref --sort -committerdate --format %(refname) %(objectname) %(*objectname) [5ms]
[2022-10-20T15:24:03.600Z] > git config --get commit.template [1ms]
[2022-10-20T15:24:23.644Z] > git status -z -uall [60ms]
[2022-10-20T15:24:23.649Z] > git symbolic-ref --short HEAD [1ms]
[2022-10-20T15:24:23.657Z] > git for-each-ref --format=%(refname)%00%(upstream:short)%00%(objectname)%00%(upstream:track)%00%(upstream:remotename)%00%(upstream:remoteref) refs/heads/master refs/remotes/master [2ms]
[2022-10-20T15:24:23.665Z] > git remote --verbose [1ms]
[2022-10-20T15:24:23.665Z] > git for-each-ref --sort -committerdate --format %(refname) %(objectname) %(*objectname) [5ms]
[2022-10-20T15:24:23.680Z] > git config --get commit.template [1ms]
[2022-10-20T15:24:28.751Z] > git status -z -uall [65ms]
[2022-10-20T15:24:28.756Z] > git symbolic-ref --short HEAD [1ms]
[2022-10-20T15:24:28.762Z] > git for-each-ref --format=%(refname)%00%(upstream:short)%00%(objectname)%00%(upstream:track)%00%(upstream:remotename)%00%(upstream:remoteref) refs/heads/master refs/remotes/master [1ms]
[2022-10-20T15:24:28.773Z] > git remote --verbose [1ms]
[2022-10-20T15:24:28.773Z] > git for-each-ref --sort -committerdate --format %(refname) %(objectname) %(*objectname) [7ms]
[2022-10-20T15:24:28.787Z] > git config --get commit.template [1ms]
[2022-10-20T15:25:15.488Z] > git status -z -uall [127ms]
[2022-10-20T15:25:15.493Z] > git symbolic-ref --short HEAD [0ms]
[2022-10-20T15:25:15.500Z] > git for-each-ref --format=%(refname)%00%(upstream:short)%00%(objectname)%00%(upstream:track)%00%(upstream:remotename)%00%(upstream:remoteref) refs/heads/master refs/remotes/master [2ms]
[2022-10-20T15:25:15.510Z] > git remote --verbose [1ms]
[2022-10-20T15:25:15.511Z] > git for-each-ref --sort -committerdate --format %(refname) %(objectname) %(*objectname) [6ms]
[2022-10-20T15:25:15.526Z] > git config --get commit.template [1ms]
[2022-10-20T15:25:20.587Z] > git status -z -uall [55ms]
[2022-10-20T15:25:20.593Z] > git symbolic-ref --short HEAD [1ms]
[2022-10-20T15:25:20.602Z] > git for-each-ref --format=%(refname)%00%(upstream:short)%00%(objectname)%00%(upstream:track)%00%(upstream:remotename)%00%(upstream:remoteref) refs/heads/master refs/remotes/master [2ms]
[2022-10-20T15:25:20.615Z] > git for-each-ref --sort -committerdate --format %(refname) %(objectname) %(*objectname) [8ms]
[2022-10-20T15:25:20.616Z] > git remote --verbose [2ms]
[2022-10-20T15:25:20.629Z] > git config --get commit.template [2ms]
[2022-10-20T15:25:25.694Z] > git status -z -uall [58ms]
[2022-10-20T15:25:25.700Z] > git symbolic-ref --short HEAD [1ms]
[2022-10-20T15:25:25.705Z] > git for-each-ref --format=%(refname)%00%(upstream:short)%00%(objectname)%00%(upstream:track)%00%(upstream:remotename)%00%(upstream:remoteref) refs/heads/master refs/remotes/master [1ms]
[2022-10-20T15:25:25.716Z] > git remote --verbose [1ms]
[2022-10-20T15:25:25.716Z] > git for-each-ref --sort -committerdate --format %(refname) %(objectname) %(*objectname) [6ms]
[2022-10-20T15:25:25.728Z] > git config --get commit.template [1ms]
[2022-10-20T15:25:30.790Z] > git status -z -uall [55ms]
[2022-10-20T15:25:30.796Z] > git symbolic-ref --short HEAD [1ms]
[2022-10-20T15:25:30.802Z] > git for-each-ref --format=%(refname)%00%(upstream:short)%00%(objectname)%00%(upstream:track)%00%(upstream:remotename)%00%(upstream:remoteref) refs/heads/master refs/remotes/master [1ms]
[2022-10-20T15:25:30.815Z] > git remote --verbose [1ms]
[2022-10-20T15:25:30.815Z] > git for-each-ref --sort -committerdate --format %(refname) %(objectname) %(*objectname) [7ms]
[2022-10-20T15:25:30.825Z] > git config --get commit.template [1ms]
[2022-10-20T15:25:35.901Z] > git status -z -uall [68ms]
[2022-10-20T15:25:35.908Z] > git symbolic-ref --short HEAD [1ms]
[2022-10-20T15:25:35.916Z] > git for-each-ref --format=%(refname)%00%(upstream:short)%00%(objectname)%00%(upstream:track)%00%(upstream:remotename)%00%(upstream:remoteref) refs/heads/master refs/remotes/master [1ms]
[2022-10-20T15:25:35.929Z] > git remote --verbose [0ms]
[2022-10-20T15:25:35.929Z] > git for-each-ref --sort -committerdate --format %(refname) %(objectname) %(*objectname) [7ms]
[2022-10-20T15:25:35.942Z] > git config --get commit.template [1ms]
[2022-10-20T15:25:41.024Z] > git status -z -uall [73ms]
[2022-10-20T15:25:41.035Z] > git symbolic-ref --short HEAD [2ms]
[2022-10-20T15:25:41.048Z] > git for-each-ref --format=%(refname)%00%(upstream:short)%00%(objectname)%00%(upstream:track)%00%(upstream:remotename)%00%(upstream:remoteref) refs/heads/master refs/remotes/master [1ms]
[2022-10-20T15:25:41.062Z] > git remote --verbose [1ms]
[2022-10-20T15:25:41.062Z] > git for-each-ref --sort -committerdate --format %(refname) %(objectname) %(*objectname) [8ms]
[2022-10-20T15:25:41.081Z] > git config --get commit.template [2ms]
[2022-10-20T15:25:41.514Z] > git show --textconv :ITI/server2.js [10ms]
[2022-10-20T15:25:41.519Z] > git ls-files --stage -- /home/nunoamorim/ITI/server2.js [6ms]
[2022-10-20T15:25:46.155Z] > git status -z -uall [67ms]
[2022-10-20T15:25:46.162Z] > git symbolic-ref --short HEAD [1ms]
[2022-10-20T15:25:46.169Z] > git for-each-ref --format=%(refname)%00%(upstream:short)%00%(objectname)%00%(upstream:track)%00%(upstream:remotename)%00%(upstream:remoteref) refs/heads/master refs/remotes/master [1ms]
[2022-10-20T15:25:46.184Z] > git for-each-ref --sort -committerdate --format %(refname) %(objectname) %(*objectname) [8ms]
[2022-10-20T15:25:46.185Z] > git remote --verbose [2ms]
[2022-10-20T15:25:46.198Z] > git config --get commit.template [1ms]
[2022-10-20T15:25:52.596Z] > git status -z -uall [55ms]
[2022-10-20T15:25:52.602Z] > git symbolic-ref --short HEAD [1ms]
[2022-10-20T15:25:52.609Z] > git for-each-ref --format=%(refname)%00%(upstream:short)%00%(objectname)%00%(upstream:track)%00%(upstream:remotename)%00%(upstream:remoteref) refs/heads/master refs/remotes/master [2ms]
[2022-10-20T15:25:52.623Z] > git remote --verbose [2ms]
[2022-10-20T15:25:52.623Z] > git for-each-ref --sort -committerdate --format %(refname) %(objectname) %(*objectname) [8ms]
[2022-10-20T15:25:52.632Z] > git config --get commit.template [0ms]
[2022-10-20T15:25:53.375Z] > git show --textconv :ITI/index.html [9ms]
[2022-10-20T15:25:53.378Z] > git ls-files --stage -- /home/nunoamorim/ITI/index.html [4ms]
[2022-10-20T15:25:53.385Z] > git cat-file -s b1c4d6ee8b021aab8f228fa22a328913429d0603 [1ms]
[2022-10-20T15:25:57.691Z] > git status -z -uall [54ms]
[2022-10-20T15:25:57.696Z] > git symbolic-ref --short HEAD [1ms]
[2022-10-20T15:25:57.702Z] > git for-each-ref --format=%(refname)%00%(upstream:short)%00%(objectname)%00%(upstream:track)%00%(upstream:remotename)%00%(upstream:remoteref) refs/heads/master refs/remotes/master [2ms]
[2022-10-20T15:25:57.714Z] > git remote --verbose [1ms]
[2022-10-20T15:25:57.714Z] > git for-each-ref --sort -committerdate --format %(refname) %(objectname) %(*objectname) [7ms]
[2022-10-20T15:25:57.726Z] > git config --get commit.template [2ms]
[2022-10-20T15:26:02.786Z] > git status -z -uall [53ms]
[2022-10-20T15:26:02.793Z] > git symbolic-ref --short HEAD [1ms]
[2022-10-20T15:26:02.799Z] > git for-each-ref --format=%(refname)%00%(upstream:short)%00%(objectname)%00%(upstream:track)%00%(upstream:remotename)%00%(upstream:remoteref) refs/heads/master refs/remotes/master [0ms]
[2022-10-20T15:26:02.809Z] > git remote --verbose [1ms]
[2022-10-20T15:26:02.809Z] > git for-each-ref --sort -committerdate --format %(refname) %(objectname) %(*objectname) [6ms]
[2022-10-20T15:26:02.821Z] > git config --get commit.template [1ms]
[2022-10-20T15:26:07.883Z] > git status -z -uall [55ms]
[2022-10-20T15:26:07.889Z] > git symbolic-ref --short HEAD [1ms]
[2022-10-20T15:26:07.896Z] > git for-each-ref --format=%(refname)%00%(upstream:short)%00%(objectname)%00%(upstream:track)%00%(upstream:remotename)%00%(upstream:remoteref) refs/heads/master refs/remotes/master [1ms]
[2022-10-20T15:26:07.908Z] > git remote --verbose [0ms]
[2022-10-20T15:26:07.909Z] > git for-each-ref --sort -committerdate --format %(refname) %(objectname) %(*objectname) [7ms]
[2022-10-20T15:26:07.918Z] > git config --get commit.template [1ms]
[2022-10-20T15:26:11.230Z] > git show --textconv :ITI/server2.js [6ms]
[2022-10-20T15:26:11.233Z] > git ls-files --stage -- /home/nunoamorim/ITI/server2.js [3ms]
[2022-10-20T15:26:12.976Z] > git status -z -uall [53ms]
[2022-10-20T15:26:12.981Z] > git symbolic-ref --short HEAD [1ms]
[2022-10-20T15:26:12.986Z] > git for-each-ref --format=%(refname)%00%(upstream:short)%00%(objectname)%00%(upstream:track)%00%(upstream:remotename)%00%(upstream:remoteref) refs/heads/master refs/remotes/master [1ms]
[2022-10-20T15:26:12.995Z] > git remote --verbose [1ms]
[2022-10-20T15:26:12.995Z] > git for-each-ref --sort -committerdate --format %(refname) %(objectname) %(*objectname) [5ms]
[2022-10-20T15:26:13.005Z] > git config --get commit.template [2ms]
[2022-10-20T15:26:14.407Z] > git show --textconv :ITI/server.js [10ms]
[2022-10-20T15:26:14.408Z] > git ls-files --stage -- /home/nunoamorim/ITI/server.js [6ms]
[2022-10-20T15:26:14.413Z] > git cat-file -s 300dec6016f780272f7d13c91cd1a652119749bb [0ms]
[2022-10-20T15:26:15.101Z] > git show --textconv :ITI/server2.js [5ms]
[2022-10-20T15:26:15.105Z] > git ls-files --stage -- /home/nunoamorim/ITI/server2.js [4ms]
[2022-10-20T15:26:18.060Z] > git status -z -uall [48ms]
[2022-10-20T15:26:18.066Z] > git symbolic-ref --short HEAD [1ms]
[2022-10-20T15:26:18.073Z] > git for-each-ref --format=%(refname)%00%(upstream:short)%00%(objectname)%00%(upstream:track)%00%(upstream:remotename)%00%(upstream:remoteref) refs/heads/master refs/remotes/master [2ms]
[2022-10-20T15:26:18.082Z] > git remote --verbose [1ms]
[2022-10-20T15:26:18.082Z] > git for-each-ref --sort -committerdate --format %(refname) %(objectname) %(*objectname) [5ms]
[2022-10-20T15:26:18.092Z] > git config --get commit.template [1ms]
[2022-10-20T15:26:23.156Z] > git status -z -uall [54ms]
[2022-10-20T15:26:23.162Z] > git symbolic-ref --short HEAD [0ms]
[2022-10-20T15:26:23.169Z] > git for-each-ref --format=%(refname)%00%(upstream:short)%00%(objectname)%00%(upstream:track)%00%(upstream:remotename)%00%(upstream:remoteref) refs/heads/master refs/remotes/master [1ms]
[2022-10-20T15:26:23.179Z] > git remote --verbose [1ms]
[2022-10-20T15:26:23.179Z] > git for-each-ref --sort -committerdate --format %(refname) %(objectname) %(*objectname) [5ms]
[2022-10-20T15:26:23.189Z] > git config --get commit.template [1ms]
[2022-10-20T15:26:28.267Z] > git status -z -uall [72ms]
[2022-10-20T15:26:28.277Z] > git symbolic-ref --short HEAD [1ms]
[2022-10-20T15:26:28.283Z] > git for-each-ref --format=%(refname)%00%(upstream:short)%00%(objectname)%00%(upstream:track)%00%(upstream:remotename)%00%(upstream:remoteref) refs/heads/master refs/remotes/master [1ms]
[2022-10-20T15:26:28.301Z] > git for-each-ref --sort -committerdate --format %(refname) %(objectname) %(*objectname) [11ms]
[2022-10-20T15:26:28.303Z] > git remote --verbose [3ms]
[2022-10-20T15:26:28.324Z] > git config --get commit.template [1ms]
[2022-10-20T15:27:56.252Z] > git status -z -uall [57ms]
[2022-10-20T15:27:56.256Z] > git symbolic-ref --short HEAD [0ms]
[2022-10-20T15:27:56.262Z] > git for-each-ref --format=%(refname)%00%(upstream:short)%00%(objectname)%00%(upstream:track)%00%(upstream:remotename)%00%(upstream:remoteref) refs/heads/master refs/remotes/master [1ms]
[2022-10-20T15:27:56.271Z] > git remote --verbose [1ms]
[2022-10-20T15:27:56.271Z] > git for-each-ref --sort -committerdate --format %(refname) %(objectname) %(*objectname) [5ms]
[2022-10-20T15:27:56.293Z] > git config --get commit.template [1ms]
[2022-10-20T15:27:56.575Z] > git fetch [393ms]
[2022-10-20T15:27:56.642Z] > git status -z -uall [59ms]
[2022-10-20T15:27:56.647Z] > git symbolic-ref --short HEAD [1ms]
[2022-10-20T15:27:56.651Z] > git for-each-ref --format=%(refname)%00%(upstream:short)%00%(objectname)%00%(upstream:track)%00%(upstream:remotename)%00%(upstream:remoteref) refs/heads/master refs/remotes/master [0ms]
[2022-10-20T15:27:56.662Z] > git remote --verbose [2ms]
[2022-10-20T15:27:56.662Z] > git for-each-ref --sort -committerdate --format %(refname) %(objectname) %(*objectname) [6ms]
[2022-10-20T15:27:56.673Z] > git config --get commit.template [2ms]
[2022-10-20T15:27:56.972Z] > git fetch [784ms]
[2022-10-20T15:27:56.980Z] > git status -z -uall [3ms]
[2022-10-20T15:27:56.985Z] > git symbolic-ref --short HEAD [1ms]
[2022-10-20T15:27:56.985Z] fatal: ref HEAD is not a symbolic ref
[2022-10-20T15:27:56.990Z] > git rev-parse HEAD [1ms]
[2022-10-20T15:27:57.000Z] > git remote --verbose [1ms]
[2022-10-20T15:27:57.000Z] > git for-each-ref --sort -committerdate --format %(refname) %(objectname) %(*objectname) [5ms]
[2022-10-20T15:27:57.007Z] > git config --get commit.template [1ms]
[2022-10-20T15:27:58.088Z] > git status -z -uall [7ms]
[2022-10-20T15:27:58.097Z] > git symbolic-ref --short HEAD [2ms]
[2022-10-20T15:27:58.097Z] fatal: ref HEAD is not a symbolic ref
[2022-10-20T15:27:58.103Z] > git rev-parse HEAD [1ms]
[2022-10-20T15:27:58.113Z] > git remote --verbose [2ms]
[2022-10-20T15:27:58.113Z] > git for-each-ref --sort -committerdate --format %(refname) %(objectname) %(*objectname) [6ms]
[2022-10-20T15:27:58.120Z] > git config --get commit.template [2ms]
[2022-10-20T15:27:58.181Z] > git ls-files --stage -- /home/nunoamorim/ITI/server2.js [3ms]
[2022-10-20T15:27:58.196Z] > git show --textconv :ITI/server2.js [2ms]
[2022-10-20T15:28:02.522Z] > git status -z -uall [74ms]
[2022-10-20T15:28:02.528Z] > git symbolic-ref --short HEAD [1ms]
[2022-10-20T15:28:02.533Z] > git for-each-ref --format=%(refname)%00%(upstream:short)%00%(objectname)%00%(upstream:track)%00%(upstream:remotename)%00%(upstream:remoteref) refs/heads/master refs/remotes/master [1ms]
[2022-10-20T15:28:02.541Z] > git remote --verbose [2ms]
[2022-10-20T15:28:02.541Z] > git for-each-ref --sort -committerdate --format %(refname) %(objectname) %(*objectname) [5ms]
[2022-10-20T15:28:02.552Z] > git config --get commit.template [3ms]
[2022-10-20T15:28:07.619Z] > git status -z -uall [54ms]
[2022-10-20T15:28:07.631Z] > git symbolic-ref --short HEAD [8ms]
[2022-10-20T15:28:07.635Z] > git for-each-ref --format=%(refname)%00%(upstream:short)%00%(objectname)%00%(upstream:track)%00%(upstream:remotename)%00%(upstream:remoteref) refs/heads/master refs/remotes/master [1ms]
[2022-10-20T15:28:07.644Z] > git remote --verbose [1ms]
[2022-10-20T15:28:07.644Z] > git for-each-ref --sort -committerdate --format %(refname) %(objectname) %(*objectname) [4ms]
[2022-10-20T15:28:07.654Z] > git config --get commit.template [1ms]
[2022-10-20T15:28:12.709Z] > git status -z -uall [49ms]
[2022-10-20T15:28:12.713Z] > git symbolic-ref --short HEAD [0ms]
[2022-10-20T15:28:12.718Z] > git for-each-ref --format=%(refname)%00%(upstream:short)%00%(objectname)%00%(upstream:track)%00%(upstream:remotename)%00%(upstream:remoteref) refs/heads/master refs/remotes/master [1ms]
[2022-10-20T15:28:12.726Z] > git remote --verbose [1ms]
[2022-10-20T15:28:12.727Z] > git for-each-ref --sort -committerdate --format %(refname) %(objectname) %(*objectname) [5ms]
[2022-10-20T15:28:12.735Z] > git config --get commit.template [0ms]
[2022-10-20T15:28:17.800Z] > git status -z -uall [57ms]
[2022-10-20T15:28:17.805Z] > git symbolic-ref --short HEAD [1ms]
[2022-10-20T15:28:17.811Z] > git for-each-ref --format=%(refname)%00%(upstream:short)%00%(objectname)%00%(upstream:track)%00%(upstream:remotename)%00%(upstream:remoteref) refs/heads/master refs/remotes/master [1ms]
[2022-10-20T15:28:17.819Z] > git remote --verbose [1ms]
[2022-10-20T15:28:17.819Z] > git for-each-ref --sort -committerdate --format %(refname) %(objectname) %(*objectname) [4ms]
[2022-10-20T15:28:17.831Z] > git config --get commit.template [1ms]
[2022-10-20T15:28:20.597Z] > git check-ignore -v -z --stdin [18ms]
[2022-10-20T15:28:22.181Z] > git check-ignore -v -z --stdin [23ms]
[2022-10-20T15:28:22.889Z] > git status -z -uall [53ms]
[2022-10-20T15:28:22.895Z] > git symbolic-ref --short HEAD [1ms]
[2022-10-20T15:28:22.899Z] > git for-each-ref --format=%(refname)%00%(upstream:short)%00%(objectname)%00%(upstream:track)%00%(upstream:remotename)%00%(upstream:remoteref) refs/heads/master refs/remotes/master [1ms]
[2022-10-20T15:28:22.909Z] > git remote --verbose [1ms]
[2022-10-20T15:28:22.910Z] > git for-each-ref --sort -committerdate --format %(refname) %(objectname) %(*objectname) [7ms]
[2022-10-20T15:28:22.923Z] > git config --get commit.template [1ms]
[2022-10-20T15:28:24.079Z] > git check-ignore -v -z --stdin [27ms]
[2022-10-20T15:28:24.795Z] > git show --textconv :ITI/server.js [6ms]
[2022-10-20T15:28:24.798Z] > git ls-files --stage -- /home/nunoamorim/ITI/server.js [4ms]
[2022-10-20T15:28:24.803Z] > git cat-file -s 300dec6016f780272f7d13c91cd1a652119749bb [1ms]
[2022-10-20T15:28:27.982Z] > git status -z -uall [52ms]
[2022-10-20T15:28:27.987Z] > git symbolic-ref --short HEAD [1ms]
[2022-10-20T15:28:27.993Z] > git for-each-ref --format=%(refname)%00%(upstream:short)%00%(objectname)%00%(upstream:track)%00%(upstream:remotename)%00%(upstream:remoteref) refs/heads/master refs/remotes/master [1ms]
[2022-10-20T15:28:28.001Z] > git remote --verbose [1ms]
[2022-10-20T15:28:28.001Z] > git for-each-ref --sort -committerdate --format %(refname) %(objectname) %(*objectname) [5ms]
[2022-10-20T15:28:28.011Z] > git config --get commit.template [1ms]
[2022-10-20T15:28:33.095Z] > git status -z -uall [66ms]
[2022-10-20T15:28:33.100Z] > git symbolic-ref --short HEAD [1ms]
[2022-10-20T15:28:33.105Z] > git for-each-ref --format=%(refname)%00%(upstream:short)%00%(objectname)%00%(upstream:track)%00%(upstream:remotename)%00%(upstream:remoteref) refs/heads/master refs/remotes/master [1ms]
[2022-10-20T15:28:33.113Z] > git remote --verbose [1ms]
[2022-10-20T15:28:33.113Z] > git for-each-ref --sort -committerdate --format %(refname) %(objectname) %(*objectname) [4ms]
[2022-10-20T15:28:33.122Z] > git config --get commit.template [1ms]
[2022-10-20T15:28:38.208Z] > git status -z -uall [67ms]
[2022-10-20T15:28:38.213Z] > git symbolic-ref --short HEAD [1ms]
[2022-10-20T15:28:38.242Z] > git for-each-ref --format=%(refname)%00%(upstream:short)%00%(objectname)%00%(upstream:track)%00%(upstream:remotename)%00%(upstream:remoteref) refs/heads/master refs/remotes/master [25ms]
[2022-10-20T15:28:38.250Z] > git remote --verbose [1ms]
[2022-10-20T15:28:38.250Z] > git for-each-ref --sort -committerdate --format %(refname) %(objectname) %(*objectname) [4ms]
[2022-10-20T15:28:38.260Z] > git config --get commit.template [1ms]
[2022-10-20T15:28:43.322Z] > git status -z -uall [56ms]
[2022-10-20T15:28:43.327Z] > git symbolic-ref --short HEAD [1ms]
[2022-10-20T15:28:43.332Z] > git for-each-ref --format=%(refname)%00%(upstream:short)%00%(objectname)%00%(upstream:track)%00%(upstream:remotename)%00%(upstream:remoteref) refs/heads/master refs/remotes/master [1ms]
[2022-10-20T15:28:43.344Z] > git remote --verbose [1ms]
[2022-10-20T15:28:43.344Z] > git for-each-ref --sort -committerdate --format %(refname) %(objectname) %(*objectname) [5ms]
[2022-10-20T15:28:43.356Z] > git config --get commit.template [3ms]
