[2022-10-14T13:24:04.854Z] Log level: Info
[2022-10-14T13:24:04.867Z] [info] Validating found git in: git
[2022-10-14T13:24:04.922Z] [info] Using git 2.25.1 from git
[2022-10-14T13:24:05.180Z] > git rev-parse --show-toplevel [235ms]
[2022-10-14T13:24:05.296Z] > git rev-parse --git-dir --git-common-dir [93ms]
[2022-10-14T13:24:05.321Z] [info] Open repository: /home/nunoamorim
[2022-10-14T13:24:05.416Z] > git rev-parse --show-toplevel [25ms]
[2022-10-14T13:24:05.572Z] > git rev-parse --show-toplevel [110ms]
[2022-10-14T13:24:05.594Z] > git rev-parse --show-toplevel [5ms]
[2022-10-14T13:24:05.608Z] > git rev-parse --show-toplevel [2ms]
[2022-10-14T13:24:05.625Z] > git rev-parse --show-toplevel [6ms]
[2022-10-14T13:24:05.746Z] > git rev-parse --show-toplevel [105ms]
[2022-10-14T13:24:05.790Z] > git rev-parse --git-dir --git-common-dir [8ms]
[2022-10-14T13:24:05.801Z] [info] Open repository: /home/nunoamorim/.nvm
[2022-10-14T13:24:05.950Z] > git status -z -uall [594ms]
[2022-10-14T13:24:05.961Z] > git status -z -uall [121ms]
[2022-10-14T13:24:05.970Z] > git rev-parse --show-toplevel [113ms]
[2022-10-14T13:24:06.002Z] > git rev-parse --show-toplevel [18ms]
[2022-10-14T13:24:06.016Z] > git symbolic-ref --short HEAD [47ms]
[2022-10-14T13:24:06.016Z] fatal: ref HEAD is not a symbolic ref
[2022-10-14T13:24:06.028Z] > git symbolic-ref --short HEAD [68ms]
[2022-10-14T13:24:06.041Z] > git fetch [702ms]
[2022-10-14T13:24:06.061Z] > git rev-parse HEAD [33ms]
[2022-10-14T13:24:06.099Z] > git rev-parse --show-toplevel [84ms]
[2022-10-14T13:24:06.160Z] > git show --textconv :ITI/server.js [38ms]
[2022-10-14T13:24:06.161Z] > git ls-files --stage -- /home/nunoamorim/ITI/server.js [25ms]
[2022-10-14T13:24:06.171Z] > git remote --verbose [80ms]
[2022-10-14T13:24:06.173Z] > git for-each-ref --sort -committerdate --format %(refname) %(objectname) %(*objectname) [98ms]
[2022-10-14T13:24:06.181Z] > git for-each-ref --format=%(refname)%00%(upstream:short)%00%(objectname)%00%(upstream:track)%00%(upstream:remotename)%00%(upstream:remoteref) refs/heads/master refs/remotes/master [142ms]
[2022-10-14T13:24:06.219Z] > git for-each-ref --sort -committerdate --format %(refname) %(objectname) %(*objectname) [30ms]
[2022-10-14T13:24:06.220Z] > git cat-file -s aa75b861277e8c6a02fbe8ee723554e425915825 [51ms]
[2022-10-14T13:24:06.237Z] > git remote --verbose [38ms]
[2022-10-14T13:24:08.649Z] > git fetch [2838ms]
[2022-10-14T13:24:08.649Z] > git config --get commit.template [2435ms]
[2022-10-14T13:24:08.680Z] > git check-ignore -v -z --stdin [157ms]
[2022-10-14T13:24:08.683Z] > git check-ignore -v -z --stdin [149ms]
[2022-10-14T13:24:08.684Z] > git status -z -uall [23ms]
[2022-10-14T13:24:08.694Z] > git config --get commit.template [110ms]
[2022-10-14T13:24:08.809Z] > git symbolic-ref --short HEAD [115ms]
[2022-10-14T13:24:08.809Z] fatal: ref HEAD is not a symbolic ref
[2022-10-14T13:24:08.877Z] > git rev-parse HEAD [9ms]
[2022-10-14T13:24:08.917Z] > git remote --verbose [18ms]
[2022-10-14T13:24:08.924Z] > git for-each-ref --sort -committerdate --format %(refname) %(objectname) %(*objectname) [35ms]
[2022-10-14T13:24:08.969Z] > git config --get commit.template [28ms]
[2022-10-14T13:24:08.988Z] > git status -z -uall [7ms]
[2022-10-14T13:24:09.010Z] > git symbolic-ref --short HEAD [10ms]
[2022-10-14T13:24:09.010Z] fatal: ref HEAD is not a symbolic ref
[2022-10-14T13:24:09.024Z] > git rev-parse HEAD [5ms]
[2022-10-14T13:24:09.053Z] > git for-each-ref --sort -committerdate --format %(refname) %(objectname) %(*objectname) [18ms]
[2022-10-14T13:24:09.054Z] > git remote --verbose [5ms]
[2022-10-14T13:24:09.081Z] > git config --get commit.template [2ms]
[2022-10-14T13:24:09.129Z] > git status -z -uall [420ms]
[2022-10-14T13:24:09.138Z] > git symbolic-ref --short HEAD [2ms]
[2022-10-14T13:24:09.150Z] > git for-each-ref --format=%(refname)%00%(upstream:short)%00%(objectname)%00%(upstream:track)%00%(upstream:remotename)%00%(upstream:remoteref) refs/heads/master refs/remotes/master [3ms]
[2022-10-14T13:24:09.178Z] > git remote --verbose [12ms]
[2022-10-14T13:24:09.179Z] > git for-each-ref --sort -committerdate --format %(refname) %(objectname) %(*objectname) [20ms]
[2022-10-14T13:24:10.963Z] > git config --get commit.template [61ms]
[2022-10-14T13:24:11.207Z] > git ls-files --stage -- /home/nunoamorim/ITI/server.js [9ms]
[2022-10-14T13:24:11.219Z] > git cat-file -s aa75b861277e8c6a02fbe8ee723554e425915825 [2ms]
[2022-10-14T13:24:11.280Z] > git status -z -uall [300ms]
[2022-10-14T13:24:11.375Z] > git symbolic-ref --short HEAD [80ms]
[2022-10-14T13:24:11.393Z] > git for-each-ref --format=%(refname)%00%(upstream:short)%00%(objectname)%00%(upstream:track)%00%(upstream:remotename)%00%(upstream:remoteref) refs/heads/master refs/remotes/master [7ms]
[2022-10-14T13:24:11.424Z] > git for-each-ref --sort -committerdate --format %(refname) %(objectname) %(*objectname) [20ms]
[2022-10-14T13:24:11.428Z] > git remote --verbose [10ms]
[2022-10-14T13:24:12.814Z] > git show --textconv :ITI/server.js [100ms]
[2022-10-14T13:24:12.815Z] > git config --get commit.template [25ms]
[2022-10-14T13:24:13.430Z] > git config --local branch.master.github-pr-owner-number [217ms]
[2022-10-14T13:24:18.073Z] > git status -z -uall [194ms]
[2022-10-14T13:24:18.081Z] > git symbolic-ref --short HEAD [1ms]
[2022-10-14T13:24:18.090Z] > git for-each-ref --format=%(refname)%00%(upstream:short)%00%(objectname)%00%(upstream:track)%00%(upstream:remotename)%00%(upstream:remoteref) refs/heads/master refs/remotes/master [1ms]
[2022-10-14T13:24:18.105Z] > git remote --verbose [1ms]
[2022-10-14T13:24:18.106Z] > git for-each-ref --sort -committerdate --format %(refname) %(objectname) %(*objectname) [9ms]
[2022-10-14T13:24:18.205Z] > git config --get commit.template [1ms]
[2022-10-14T13:24:23.529Z] > git status -z -uall [290ms]
[2022-10-14T13:24:23.538Z] > git symbolic-ref --short HEAD [1ms]
[2022-10-14T13:24:23.551Z] > git for-each-ref --format=%(refname)%00%(upstream:short)%00%(objectname)%00%(upstream:track)%00%(upstream:remotename)%00%(upstream:remoteref) refs/heads/master refs/remotes/master [2ms]
[2022-10-14T13:24:23.575Z] > git remote --verbose [2ms]
[2022-10-14T13:24:23.576Z] > git for-each-ref --sort -committerdate --format %(refname) %(objectname) %(*objectname) [15ms]
[2022-10-14T13:24:24.701Z] > git config --get commit.template [970ms]
[2022-10-14T13:24:30.041Z] > git status -z -uall [315ms]
[2022-10-14T13:24:30.053Z] > git symbolic-ref --short HEAD [2ms]
[2022-10-14T13:24:30.064Z] > git for-each-ref --format=%(refname)%00%(upstream:short)%00%(objectname)%00%(upstream:track)%00%(upstream:remotename)%00%(upstream:remoteref) refs/heads/master refs/remotes/master [2ms]
[2022-10-14T13:24:30.084Z] > git remote --verbose [3ms]
[2022-10-14T13:24:30.084Z] > git for-each-ref --sort -committerdate --format %(refname) %(objectname) %(*objectname) [11ms]
[2022-10-14T13:24:30.191Z] > git config --get commit.template [11ms]
[2022-10-14T13:24:35.462Z] > git status -z -uall [247ms]
[2022-10-14T13:24:35.472Z] > git symbolic-ref --short HEAD [1ms]
[2022-10-14T13:24:35.482Z] > git for-each-ref --format=%(refname)%00%(upstream:short)%00%(objectname)%00%(upstream:track)%00%(upstream:remotename)%00%(upstream:remoteref) refs/heads/master refs/remotes/master [2ms]
[2022-10-14T13:24:35.500Z] > git remote --verbose [1ms]
[2022-10-14T13:24:35.501Z] > git for-each-ref --sort -committerdate --format %(refname) %(objectname) %(*objectname) [10ms]
[2022-10-14T13:24:36.735Z] > git config --get commit.template [1101ms]
[2022-10-14T13:24:42.301Z] > git status -z -uall [542ms]
[2022-10-14T13:24:42.327Z] > git symbolic-ref --short HEAD [5ms]
[2022-10-14T13:24:42.355Z] > git for-each-ref --format=%(refname)%00%(upstream:short)%00%(objectname)%00%(upstream:track)%00%(upstream:remotename)%00%(upstream:remoteref) refs/heads/master refs/remotes/master [5ms]
[2022-10-14T13:24:42.411Z] > git for-each-ref --sort -committerdate --format %(refname) %(objectname) %(*objectname) [29ms]
[2022-10-14T13:24:42.412Z] > git remote --verbose [7ms]
[2022-10-14T13:24:44.350Z] > git config --get commit.template [13ms]
[2022-10-14T13:24:50.006Z] > git status -z -uall [626ms]
[2022-10-14T13:24:50.032Z] > git symbolic-ref --short HEAD [3ms]
[2022-10-14T13:24:50.060Z] > git for-each-ref --format=%(refname)%00%(upstream:short)%00%(objectname)%00%(upstream:track)%00%(upstream:remotename)%00%(upstream:remoteref) refs/heads/master refs/remotes/master [5ms]
[2022-10-14T13:24:50.106Z] > git remote --verbose [4ms]
[2022-10-14T13:24:50.107Z] > git for-each-ref --sort -committerdate --format %(refname) %(objectname) %(*objectname) [25ms]
[2022-10-14T13:24:51.234Z] > git config --get commit.template [15ms]
[2022-10-14T13:24:56.527Z] > git status -z -uall [269ms]
[2022-10-14T13:24:56.537Z] > git symbolic-ref --short HEAD [2ms]
[2022-10-14T13:24:56.549Z] > git for-each-ref --format=%(refname)%00%(upstream:short)%00%(objectname)%00%(upstream:track)%00%(upstream:remotename)%00%(upstream:remoteref) refs/heads/master refs/remotes/master [2ms]
[2022-10-14T13:24:56.569Z] > git for-each-ref --sort -committerdate --format %(refname) %(objectname) %(*objectname) [11ms]
[2022-10-14T13:24:56.570Z] > git remote --verbose [3ms]
[2022-10-14T13:24:56.676Z] > git config --get commit.template [2ms]
[2022-10-14T13:25:02.083Z] > git status -z -uall [373ms]
[2022-10-14T13:25:02.096Z] > git symbolic-ref --short HEAD [2ms]
[2022-10-14T13:25:02.110Z] > git for-each-ref --format=%(refname)%00%(upstream:short)%00%(objectname)%00%(upstream:track)%00%(upstream:remotename)%00%(upstream:remoteref) refs/heads/master refs/remotes/master [3ms]
[2022-10-14T13:25:02.134Z] > git remote --verbose [3ms]
[2022-10-14T13:25:02.134Z] > git for-each-ref --sort -committerdate --format %(refname) %(objectname) %(*objectname) [14ms]
[2022-10-14T13:25:03.406Z] > git config --get commit.template [1134ms]
[2022-10-14T13:25:08.752Z] > git status -z -uall [315ms]
[2022-10-14T13:25:08.762Z] > git symbolic-ref --short HEAD [1ms]
[2022-10-14T13:25:08.774Z] > git for-each-ref --format=%(refname)%00%(upstream:short)%00%(objectname)%00%(upstream:track)%00%(upstream:remotename)%00%(upstream:remoteref) refs/heads/master refs/remotes/master [1ms]
[2022-10-14T13:25:08.794Z] > git remote --verbose [1ms]
[2022-10-14T13:25:08.795Z] > git for-each-ref --sort -committerdate --format %(refname) %(objectname) %(*objectname) [11ms]
[2022-10-14T13:25:09.984Z] > git config --get commit.template [1062ms]
[2022-10-14T13:25:12.842Z] > git show --textconv :ITI/index.html [20ms]
[2022-10-14T13:25:12.852Z] > git ls-files --stage -- /home/nunoamorim/ITI/index.html [12ms]
[2022-10-14T13:25:12.872Z] > git cat-file -s baf584f57cdfe82326d9d370d767e3f6c6094166 [4ms]
[2022-10-14T13:25:15.345Z] > git status -z -uall [342ms]
[2022-10-14T13:25:15.360Z] > git symbolic-ref --short HEAD [2ms]
[2022-10-14T13:25:15.377Z] > git for-each-ref --format=%(refname)%00%(upstream:short)%00%(objectname)%00%(upstream:track)%00%(upstream:remotename)%00%(upstream:remoteref) refs/heads/master refs/remotes/master [1ms]
[2022-10-14T13:25:15.406Z] > git remote --verbose [1ms]
[2022-10-14T13:25:15.407Z] > git for-each-ref --sort -committerdate --format %(refname) %(objectname) %(*objectname) [17ms]
[2022-10-14T13:25:16.839Z] > git config --get commit.template [44ms]
[2022-10-14T13:25:22.249Z] > git status -z -uall [384ms]
[2022-10-14T13:25:22.261Z] > git symbolic-ref --short HEAD [2ms]
[2022-10-14T13:25:22.276Z] > git for-each-ref --format=%(refname)%00%(upstream:short)%00%(objectname)%00%(upstream:track)%00%(upstream:remotename)%00%(upstream:remoteref) refs/heads/master refs/remotes/master [3ms]
[2022-10-14T13:25:22.317Z] > git for-each-ref --sort -committerdate --format %(refname) %(objectname) %(*objectname) [25ms]
[2022-10-14T13:25:22.322Z] > git remote --verbose [8ms]
[2022-10-14T13:25:24.183Z] > git config --get commit.template [27ms]
[2022-10-14T13:25:29.548Z] > git status -z -uall [333ms]
[2022-10-14T13:25:29.569Z] > git symbolic-ref --short HEAD [3ms]
[2022-10-14T13:25:29.588Z] > git for-each-ref --format=%(refname)%00%(upstream:short)%00%(objectname)%00%(upstream:track)%00%(upstream:remotename)%00%(upstream:remoteref) refs/heads/master refs/remotes/master [2ms]
[2022-10-14T13:25:29.619Z] > git remote --verbose [3ms]
[2022-10-14T13:25:29.620Z] > git for-each-ref --sort -committerdate --format %(refname) %(objectname) %(*objectname) [19ms]
[2022-10-14T13:25:30.833Z] > git config --get commit.template [20ms]
[2022-10-14T13:25:36.321Z] > git status -z -uall [456ms]
[2022-10-14T13:25:36.333Z] > git symbolic-ref --short HEAD [1ms]
[2022-10-14T13:25:36.345Z] > git for-each-ref --format=%(refname)%00%(upstream:short)%00%(objectname)%00%(upstream:track)%00%(upstream:remotename)%00%(upstream:remoteref) refs/heads/master refs/remotes/master [2ms]
[2022-10-14T13:25:36.368Z] > git for-each-ref --sort -committerdate --format %(refname) %(objectname) %(*objectname) [12ms]
[2022-10-14T13:25:36.369Z] > git remote --verbose [3ms]
[2022-10-14T13:25:36.490Z] > git config --get commit.template [15ms]
[2022-10-14T13:25:41.787Z] > git status -z -uall [272ms]
[2022-10-14T13:25:41.796Z] > git symbolic-ref --short HEAD [1ms]
[2022-10-14T13:25:41.807Z] > git for-each-ref --format=%(refname)%00%(upstream:short)%00%(objectname)%00%(upstream:track)%00%(upstream:remotename)%00%(upstream:remoteref) refs/heads/master refs/remotes/master [2ms]
[2022-10-14T13:25:41.829Z] > git for-each-ref --sort -committerdate --format %(refname) %(objectname) %(*objectname) [12ms]
[2022-10-14T13:25:41.830Z] > git remote --verbose [3ms]
[2022-10-14T13:25:41.946Z] > git config --get commit.template [2ms]
[2022-10-14T13:25:47.290Z] > git status -z -uall [317ms]
[2022-10-14T13:25:47.302Z] > git symbolic-ref --short HEAD [1ms]
[2022-10-14T13:25:47.313Z] > git for-each-ref --format=%(refname)%00%(upstream:short)%00%(objectname)%00%(upstream:track)%00%(upstream:remotename)%00%(upstream:remoteref) refs/heads/master refs/remotes/master [2ms]
[2022-10-14T13:25:47.342Z] > git for-each-ref --sort -committerdate --format %(refname) %(objectname) %(*objectname) [15ms]
[2022-10-14T13:25:47.342Z] > git remote --verbose [2ms]
[2022-10-14T13:25:48.618Z] > git config --get commit.template [1145ms]
[2022-10-14T13:26:21.335Z] > git status -z -uall [475ms]
[2022-10-14T13:26:21.354Z] > git symbolic-ref --short HEAD [2ms]
[2022-10-14T13:26:21.372Z] > git for-each-ref --format=%(refname)%00%(upstream:short)%00%(objectname)%00%(upstream:track)%00%(upstream:remotename)%00%(upstream:remoteref) refs/heads/master refs/remotes/master [3ms]
[2022-10-14T13:26:21.410Z] > git for-each-ref --sort -committerdate --format %(refname) %(objectname) %(*objectname) [21ms]
[2022-10-14T13:26:21.411Z] > git remote --verbose [3ms]
[2022-10-14T13:26:23.077Z] > git config --get commit.template [27ms]
[2022-10-14T13:27:34.079Z] > git status -z -uall [238ms]
[2022-10-14T13:27:34.086Z] > git symbolic-ref --short HEAD [1ms]
[2022-10-14T13:27:34.095Z] > git for-each-ref --format=%(refname)%00%(upstream:short)%00%(objectname)%00%(upstream:track)%00%(upstream:remotename)%00%(upstream:remoteref) refs/heads/master refs/remotes/master [2ms]
[2022-10-14T13:27:34.113Z] > git remote --verbose [2ms]
[2022-10-14T13:27:34.113Z] > git for-each-ref --sort -committerdate --format %(refname) %(objectname) %(*objectname) [9ms]
[2022-10-14T13:27:35.555Z] > git fetch [1760ms]
[2022-10-14T13:27:35.571Z] > git fetch [1741ms]
[2022-10-14T13:27:35.590Z] > git status -z -uall [19ms]
[2022-10-14T13:27:35.617Z] > git config --get commit.template [84ms]
[2022-10-14T13:27:35.663Z] > git symbolic-ref --short HEAD [47ms]
[2022-10-14T13:27:35.663Z] fatal: ref HEAD is not a symbolic ref
[2022-10-14T13:27:35.676Z] > git rev-parse HEAD [3ms]
[2022-10-14T13:27:35.726Z] > git remote --verbose [2ms]
[2022-10-14T13:27:35.733Z] > git for-each-ref --sort -committerdate --format %(refname) %(objectname) %(*objectname) [49ms]
[2022-10-14T13:27:35.759Z] > git config --get commit.template [2ms]
[2022-10-14T13:27:35.915Z] > git status -z -uall [254ms]
[2022-10-14T13:27:35.924Z] > git symbolic-ref --short HEAD [1ms]
[2022-10-14T13:27:35.934Z] > git for-each-ref --format=%(refname)%00%(upstream:short)%00%(objectname)%00%(upstream:track)%00%(upstream:remotename)%00%(upstream:remoteref) refs/heads/master refs/remotes/master [2ms]
[2022-10-14T13:27:35.959Z] > git remote --verbose [2ms]
[2022-10-14T13:27:35.959Z] > git for-each-ref --sort -committerdate --format %(refname) %(objectname) %(*objectname) [14ms]
[2022-10-14T13:27:37.399Z] > git config --get commit.template [1307ms]
[2022-10-14T13:27:37.645Z] > git ls-files --stage -- /home/nunoamorim/ITI/index.html [6ms]
[2022-10-14T13:27:37.656Z] > git cat-file -s baf584f57cdfe82326d9d370d767e3f6c6094166 [1ms]
[2022-10-14T13:27:37.679Z] > git show --textconv :ITI/index.html [5ms]
[2022-10-14T13:27:39.148Z] > git show --textconv :ITI/server.js [11ms]
[2022-10-14T13:27:39.153Z] > git ls-files --stage -- /home/nunoamorim/ITI/server.js [6ms]
[2022-10-14T13:27:39.166Z] > git cat-file -s aa75b861277e8c6a02fbe8ee723554e425915825 [1ms]
[2022-10-14T13:27:40.926Z] > git status -z -uall [253ms]
[2022-10-14T13:27:40.936Z] > git symbolic-ref --short HEAD [1ms]
[2022-10-14T13:27:40.948Z] > git for-each-ref --format=%(refname)%00%(upstream:short)%00%(objectname)%00%(upstream:track)%00%(upstream:remotename)%00%(upstream:remoteref) refs/heads/master refs/remotes/master [2ms]
[2022-10-14T13:27:40.973Z] > git remote --verbose [3ms]
[2022-10-14T13:27:40.973Z] > git for-each-ref --sort -committerdate --format %(refname) %(objectname) %(*objectname) [17ms]
[2022-10-14T13:27:42.198Z] > git config --get commit.template [19ms]
[2022-10-14T13:32:11.964Z] > git status -z -uall [130ms]
[2022-10-14T13:32:11.977Z] > git symbolic-ref --short HEAD [3ms]
[2022-10-14T13:32:11.989Z] > git for-each-ref --format=%(refname)%00%(upstream:short)%00%(objectname)%00%(upstream:track)%00%(upstream:remotename)%00%(upstream:remoteref) refs/heads/master refs/remotes/master [2ms]
[2022-10-14T13:32:12.010Z] > git remote --verbose [3ms]
[2022-10-14T13:32:12.010Z] > git for-each-ref --sort -committerdate --format %(refname) %(objectname) %(*objectname) [12ms]
[2022-10-14T13:32:13.659Z] > git fetch [1853ms]
[2022-10-14T13:32:13.669Z] > git fetch [1847ms]
[2022-10-14T13:32:13.681Z] > git status -z -uall [13ms]
[2022-10-14T13:32:13.700Z] > git config --get commit.template [44ms]
[2022-10-14T13:32:13.722Z] > git symbolic-ref --short HEAD [23ms]
[2022-10-14T13:32:13.722Z] fatal: ref HEAD is not a symbolic ref
[2022-10-14T13:32:13.751Z] > git rev-parse HEAD [3ms]
[2022-10-14T13:32:13.781Z] > git remote --verbose [4ms]
[2022-10-14T13:32:13.782Z] > git for-each-ref --sort -committerdate --format %(refname) %(objectname) %(*objectname) [17ms]
[2022-10-14T13:32:13.854Z] > git config --get commit.template [36ms]
[2022-10-14T13:32:13.896Z] > git status -z -uall [175ms]
[2022-10-14T13:32:13.906Z] > git symbolic-ref --short HEAD [1ms]
[2022-10-14T13:32:13.916Z] > git for-each-ref --format=%(refname)%00%(upstream:short)%00%(objectname)%00%(upstream:track)%00%(upstream:remotename)%00%(upstream:remoteref) refs/heads/master refs/remotes/master [2ms]
[2022-10-14T13:32:13.936Z] > git for-each-ref --sort -committerdate --format %(refname) %(objectname) %(*objectname) [11ms]
[2022-10-14T13:32:13.936Z] > git remote --verbose [2ms]
[2022-10-14T13:32:14.061Z] > git config --get commit.template [16ms]
[2022-10-14T13:43:14.935Z] > git ls-files --stage -- /home/nunoamorim/ITI/server.js [8ms]
[2022-10-14T13:43:14.948Z] > git cat-file -s aa75b861277e8c6a02fbe8ee723554e425915825 [2ms]
[2022-10-14T13:43:14.968Z] > git show --textconv :ITI/server.js [7ms]
[2022-10-14T13:43:15.051Z] > git status -z -uall [158ms]
[2022-10-14T13:43:15.058Z] > git symbolic-ref --short HEAD [1ms]
[2022-10-14T13:43:15.067Z] > git for-each-ref --format=%(refname)%00%(upstream:short)%00%(objectname)%00%(upstream:track)%00%(upstream:remotename)%00%(upstream:remoteref) refs/heads/master refs/remotes/master [2ms]
[2022-10-14T13:43:15.082Z] > git remote --verbose [2ms]
[2022-10-14T13:43:15.083Z] > git for-each-ref --sort -committerdate --format %(refname) %(objectname) %(*objectname) [9ms]
[2022-10-14T13:43:16.586Z] > git fetch [1721ms]
[2022-10-14T13:43:16.601Z] > git fetch [1719ms]
[2022-10-14T13:43:16.617Z] > git status -z -uall [17ms]
[2022-10-14T13:43:16.643Z] > git config --get commit.template [61ms]
[2022-10-14T13:43:16.678Z] > git symbolic-ref --short HEAD [36ms]
[2022-10-14T13:43:16.678Z] fatal: ref HEAD is not a symbolic ref
[2022-10-14T13:43:16.712Z] > git rev-parse HEAD [4ms]
[2022-10-14T13:43:16.760Z] > git for-each-ref --sort -committerdate --format %(refname) %(objectname) %(*objectname) [35ms]
[2022-10-14T13:43:16.761Z] > git remote --verbose [25ms]
[2022-10-14T13:43:16.791Z] > git config --get commit.template [4ms]
[2022-10-14T13:43:16.850Z] > git status -z -uall [175ms]
[2022-10-14T13:43:16.864Z] > git symbolic-ref --short HEAD [3ms]
[2022-10-14T13:43:16.876Z] > git for-each-ref --format=%(refname)%00%(upstream:short)%00%(objectname)%00%(upstream:track)%00%(upstream:remotename)%00%(upstream:remoteref) refs/heads/master refs/remotes/master [2ms]
[2022-10-14T13:43:16.896Z] > git for-each-ref --sort -committerdate --format %(refname) %(objectname) %(*objectname) [11ms]
[2022-10-14T13:43:16.897Z] > git remote --verbose [2ms]
[2022-10-14T13:43:18.193Z] > git config --get commit.template [1179ms]
[2022-10-14T13:43:18.450Z] > git ls-files --stage -- /home/nunoamorim/ITI/server.js [32ms]
[2022-10-14T13:43:18.476Z] > git cat-file -s aa75b861277e8c6a02fbe8ee723554e425915825 [7ms]
[2022-10-14T13:43:18.582Z] > git show --textconv :ITI/server.js [13ms]
[2022-10-14T13:43:22.022Z] > git status -z -uall [320ms]
[2022-10-14T13:43:22.056Z] > git symbolic-ref --short HEAD [5ms]
[2022-10-14T13:43:22.085Z] > git for-each-ref --format=%(refname)%00%(upstream:short)%00%(objectname)%00%(upstream:track)%00%(upstream:remotename)%00%(upstream:remoteref) refs/heads/master refs/remotes/master [5ms]
[2022-10-14T13:43:22.145Z] > git for-each-ref --sort -committerdate --format %(refname) %(objectname) %(*objectname) [33ms]
[2022-10-14T13:43:22.147Z] > git remote --verbose [9ms]
[2022-10-14T13:43:23.375Z] > git config --get commit.template [7ms]
[2022-10-14T14:34:43.877Z] > git fetch [514ms]
[2022-10-14T14:34:43.952Z] > git status -z -uall [564ms]
[2022-10-14T14:34:43.961Z] > git symbolic-ref --short HEAD [1ms]
[2022-10-14T14:34:43.971Z] > git for-each-ref --format=%(refname)%00%(upstream:short)%00%(objectname)%00%(upstream:track)%00%(upstream:remotename)%00%(upstream:remoteref) refs/heads/master refs/remotes/master [2ms]
[2022-10-14T14:34:44.028Z] > git remote --verbose [5ms]
[2022-10-14T14:34:44.029Z] > git for-each-ref --sort -committerdate --format %(refname) %(objectname) %(*objectname) [34ms]
[2022-10-14T14:34:45.526Z] > git fetch [2213ms]
[2022-10-14T14:34:45.579Z] > git status -z -uall [40ms]
[2022-10-14T14:34:45.605Z] > git config --get commit.template [82ms]
[2022-10-14T14:34:45.635Z] > git symbolic-ref --short HEAD [31ms]
[2022-10-14T14:34:45.635Z] fatal: ref HEAD is not a symbolic ref
[2022-10-14T14:34:45.691Z] > git rev-parse HEAD [3ms]
[2022-10-14T14:34:45.718Z] > git for-each-ref --sort -committerdate --format %(refname) %(objectname) %(*objectname) [13ms]
[2022-10-14T14:34:45.719Z] > git remote --verbose [3ms]
[2022-10-14T14:34:45.746Z] > git config --get commit.template [1ms]
[2022-10-14T14:34:45.814Z] > git status -z -uall [184ms]
[2022-10-14T14:34:45.827Z] > git symbolic-ref --short HEAD [2ms]
[2022-10-14T14:34:45.841Z] > git for-each-ref --format=%(refname)%00%(upstream:short)%00%(objectname)%00%(upstream:track)%00%(upstream:remotename)%00%(upstream:remoteref) refs/heads/master refs/remotes/master [3ms]
[2022-10-14T14:34:45.880Z] > git for-each-ref --sort -committerdate --format %(refname) %(objectname) %(*objectname) [28ms]
[2022-10-14T14:34:45.883Z] > git remote --verbose [6ms]
[2022-10-14T14:34:47.029Z] > git config --get commit.template [992ms]
[2022-10-14T14:36:05.016Z] > git ls-files --stage -- /home/nunoamorim/ITI/server.js [7ms]
[2022-10-14T14:36:05.026Z] > git cat-file -s aa75b861277e8c6a02fbe8ee723554e425915825 [1ms]
[2022-10-14T14:36:05.054Z] > git show --textconv :ITI/server.js [9ms]
[2022-10-14T14:36:05.071Z] > git status -z -uall [131ms]
[2022-10-14T14:36:05.082Z] > git symbolic-ref --short HEAD [2ms]
[2022-10-14T14:36:05.092Z] > git for-each-ref --format=%(refname)%00%(upstream:short)%00%(objectname)%00%(upstream:track)%00%(upstream:remotename)%00%(upstream:remoteref) refs/heads/master refs/remotes/master [2ms]
[2022-10-14T14:36:05.110Z] > git for-each-ref --sort -committerdate --format %(refname) %(objectname) %(*objectname) [10ms]
[2022-10-14T14:36:05.110Z] > git remote --verbose [2ms]
[2022-10-14T14:36:06.806Z] > git config --get commit.template [28ms]
[2022-10-14T17:57:50.670Z] > git status -z -uall [175ms]
[2022-10-14T17:57:50.678Z] > git symbolic-ref --short HEAD [1ms]
[2022-10-14T17:57:50.689Z] > git for-each-ref --format=%(refname)%00%(upstream:short)%00%(objectname)%00%(upstream:track)%00%(upstream:remotename)%00%(upstream:remoteref) refs/heads/master refs/remotes/master [2ms]
[2022-10-14T17:57:50.710Z] > git remote --verbose [5ms]
[2022-10-14T17:57:50.710Z] > git for-each-ref --sort -committerdate --format %(refname) %(objectname) %(*objectname) [13ms]
[2022-10-14T17:57:50.804Z] > git config --get commit.template [8ms]
[2022-10-14T17:57:55.873Z] > git status -z -uall [61ms]
[2022-10-14T17:57:55.879Z] > git symbolic-ref --short HEAD [1ms]
[2022-10-14T17:57:55.886Z] > git for-each-ref --format=%(refname)%00%(upstream:short)%00%(objectname)%00%(upstream:track)%00%(upstream:remotename)%00%(upstream:remoteref) refs/heads/master refs/remotes/master [2ms]
[2022-10-14T17:57:55.897Z] > git remote --verbose [1ms]
[2022-10-14T17:57:55.897Z] > git for-each-ref --sort -committerdate --format %(refname) %(objectname) %(*objectname) [6ms]
[2022-10-14T17:57:55.965Z] > git config --get commit.template [8ms]
[2022-10-14T17:58:01.065Z] > git status -z -uall [92ms]
[2022-10-14T17:58:01.077Z] > git symbolic-ref --short HEAD [2ms]
[2022-10-14T17:58:01.088Z] > git for-each-ref --format=%(refname)%00%(upstream:short)%00%(objectname)%00%(upstream:track)%00%(upstream:remotename)%00%(upstream:remoteref) refs/heads/master refs/remotes/master [2ms]
[2022-10-14T17:58:01.106Z] > git remote --verbose [1ms]
[2022-10-14T17:58:01.107Z] > git for-each-ref --sort -committerdate --format %(refname) %(objectname) %(*objectname) [11ms]
[2022-10-14T17:58:01.214Z] > git config --get commit.template [2ms]
[2022-10-14T17:58:45.428Z] > git status -z -uall [173ms]
[2022-10-14T17:58:45.438Z] > git symbolic-ref --short HEAD [1ms]
[2022-10-14T17:58:45.447Z] > git for-each-ref --format=%(refname)%00%(upstream:short)%00%(objectname)%00%(upstream:track)%00%(upstream:remotename)%00%(upstream:remoteref) refs/heads/master refs/remotes/master [1ms]
[2022-10-14T17:58:45.467Z] > git remote --verbose [2ms]
[2022-10-14T17:58:45.467Z] > git for-each-ref --sort -committerdate --format %(refname) %(objectname) %(*objectname) [11ms]
[2022-10-14T17:58:46.375Z] > git config --get commit.template [743ms]
[2022-10-14T17:58:46.376Z] > git fetch [1149ms]
[2022-10-14T17:58:46.383Z] > git fetch [1141ms]
[2022-10-14T17:58:46.416Z] > git status -z -uall [33ms]
[2022-10-14T17:58:46.431Z] > git symbolic-ref --short HEAD [2ms]
[2022-10-14T17:58:46.431Z] fatal: ref HEAD is not a symbolic ref
[2022-10-14T17:58:46.448Z] > git rev-parse HEAD [2ms]
[2022-10-14T17:58:46.470Z] > git remote --verbose [2ms]
[2022-10-14T17:58:46.471Z] > git for-each-ref --sort -committerdate --format %(refname) %(objectname) %(*objectname) [14ms]
[2022-10-14T17:58:46.491Z] > git config --get commit.template [2ms]
[2022-10-14T17:58:46.555Z] > git status -z -uall [166ms]
[2022-10-14T17:58:46.564Z] > git symbolic-ref --short HEAD [1ms]
[2022-10-14T17:58:46.573Z] > git for-each-ref --format=%(refname)%00%(upstream:short)%00%(objectname)%00%(upstream:track)%00%(upstream:remotename)%00%(upstream:remoteref) refs/heads/master refs/remotes/master [2ms]
[2022-10-14T17:58:46.598Z] > git remote --verbose [5ms]
[2022-10-14T17:58:46.598Z] > git for-each-ref --sort -committerdate --format %(refname) %(objectname) %(*objectname) [15ms]
[2022-10-14T17:58:46.702Z] > git config --get commit.template [12ms]
[2022-10-14T17:58:47.502Z] > git ls-files --stage -- /home/nunoamorim/ITI/server.js [4ms]
[2022-10-14T17:58:47.510Z] > git cat-file -s aa75b861277e8c6a02fbe8ee723554e425915825 [2ms]
[2022-10-14T17:58:47.531Z] > git show --textconv :ITI/server.js [7ms]
[2022-10-14T17:58:51.466Z] > git status -z -uall [80ms]
[2022-10-14T17:58:51.475Z] > git symbolic-ref --short HEAD [2ms]
[2022-10-14T17:58:51.486Z] > git for-each-ref --format=%(refname)%00%(upstream:short)%00%(objectname)%00%(upstream:track)%00%(upstream:remotename)%00%(upstream:remoteref) refs/heads/master refs/remotes/master [1ms]
[2022-10-14T17:58:51.500Z] > git remote --verbose [1ms]
[2022-10-14T17:58:51.501Z] > git for-each-ref --sort -committerdate --format %(refname) %(objectname) %(*objectname) [8ms]
[2022-10-14T17:58:51.580Z] > git config --get commit.template [1ms]
[2022-10-14T18:01:31.276Z] > git status -z -uall [138ms]
[2022-10-14T18:01:31.281Z] > git symbolic-ref --short HEAD [1ms]
[2022-10-14T18:01:31.286Z] > git for-each-ref --format=%(refname)%00%(upstream:short)%00%(objectname)%00%(upstream:track)%00%(upstream:remotename)%00%(upstream:remoteref) refs/heads/master refs/remotes/master [1ms]
[2022-10-14T18:01:31.298Z] > git remote --verbose [2ms]
[2022-10-14T18:01:31.298Z] > git for-each-ref --sort -committerdate --format %(refname) %(objectname) %(*objectname) [6ms]
[2022-10-14T18:01:31.365Z] > git config --get commit.template [1ms]
[2022-10-14T18:01:36.445Z] > git status -z -uall [67ms]
[2022-10-14T18:01:36.452Z] > git symbolic-ref --short HEAD [1ms]
[2022-10-14T18:01:36.459Z] > git for-each-ref --format=%(refname)%00%(upstream:short)%00%(objectname)%00%(upstream:track)%00%(upstream:remotename)%00%(upstream:remoteref) refs/heads/master refs/remotes/master [1ms]
[2022-10-14T18:01:36.474Z] > git remote --verbose [1ms]
[2022-10-14T18:01:36.474Z] > git for-each-ref --sort -committerdate --format %(refname) %(objectname) %(*objectname) [8ms]
[2022-10-14T18:01:36.573Z] > git config --get commit.template [1ms]
[2022-10-14T18:01:41.669Z] > git status -z -uall [81ms]
[2022-10-14T18:01:41.677Z] > git symbolic-ref --short HEAD [0ms]
[2022-10-14T18:01:41.683Z] > git for-each-ref --format=%(refname)%00%(upstream:short)%00%(objectname)%00%(upstream:track)%00%(upstream:remotename)%00%(upstream:remoteref) refs/heads/master refs/remotes/master [1ms]
[2022-10-14T18:01:41.696Z] > git remote --verbose [1ms]
[2022-10-14T18:01:41.696Z] > git for-each-ref --sort -committerdate --format %(refname) %(objectname) %(*objectname) [7ms]
[2022-10-14T18:01:41.761Z] > git config --get commit.template [9ms]
[2022-10-14T18:04:56.310Z] > git status -z -uall [75ms]
[2022-10-14T18:04:56.317Z] > git symbolic-ref --short HEAD [1ms]
[2022-10-14T18:04:56.323Z] > git for-each-ref --format=%(refname)%00%(upstream:short)%00%(objectname)%00%(upstream:track)%00%(upstream:remotename)%00%(upstream:remoteref) refs/heads/master refs/remotes/master [1ms]
[2022-10-14T18:04:56.336Z] > git remote --verbose [2ms]
[2022-10-14T18:04:56.336Z] > git for-each-ref --sort -committerdate --format %(refname) %(objectname) %(*objectname) [7ms]
[2022-10-14T18:04:56.403Z] > git config --get commit.template [2ms]
[2022-10-14T18:04:56.970Z] > git fetch [749ms]
[2022-10-14T18:04:56.976Z] > git fetch [748ms]
[2022-10-14T18:04:56.993Z] > git status -z -uall [17ms]
[2022-10-14T18:04:57.008Z] > git symbolic-ref --short HEAD [1ms]
[2022-10-14T18:04:57.008Z] fatal: ref HEAD is not a symbolic ref
[2022-10-14T18:04:57.048Z] > git rev-parse HEAD [19ms]
[2022-10-14T18:04:57.092Z] > git remote --verbose [3ms]
[2022-10-14T18:04:57.093Z] > git for-each-ref --sort -committerdate --format %(refname) %(objectname) %(*objectname) [36ms]
[2022-10-14T18:04:57.107Z] > git config --get commit.template [1ms]
[2022-10-14T18:04:57.119Z] > git status -z -uall [134ms]
[2022-10-14T18:04:57.125Z] > git symbolic-ref --short HEAD [1ms]
[2022-10-14T18:04:57.133Z] > git for-each-ref --format=%(refname)%00%(upstream:short)%00%(objectname)%00%(upstream:track)%00%(upstream:remotename)%00%(upstream:remoteref) refs/heads/master refs/remotes/master [1ms]
[2022-10-14T18:04:57.166Z] > git for-each-ref --sort -committerdate --format %(refname) %(objectname) %(*objectname) [9ms]
[2022-10-14T18:04:57.166Z] > git remote --verbose [1ms]
[2022-10-14T18:04:57.231Z] > git config --get commit.template [8ms]
[2022-10-14T18:05:02.106Z] > git status -z -uall [12ms]
[2022-10-14T18:05:02.119Z] > git symbolic-ref --short HEAD [1ms]
[2022-10-14T18:05:02.119Z] fatal: ref HEAD is not a symbolic ref
[2022-10-14T18:05:02.142Z] > git rev-parse HEAD [11ms]
[2022-10-14T18:05:02.163Z] > git for-each-ref --sort -committerdate --format %(refname) %(objectname) %(*objectname) [11ms]
[2022-10-14T18:05:02.164Z] > git ls-files --stage -- /home/nunoamorim/ITI/server.js [22ms]
[2022-10-14T18:05:02.176Z] > git remote --verbose [14ms]
[2022-10-14T18:05:02.191Z] > git cat-file -s aa75b861277e8c6a02fbe8ee723554e425915825 [16ms]
[2022-10-14T18:05:02.193Z] > git config --get commit.template [2ms]
[2022-10-14T18:05:02.209Z] > git status -z -uall [104ms]
[2022-10-14T18:05:02.219Z] > git symbolic-ref --short HEAD [1ms]
[2022-10-14T18:05:02.249Z] > git for-each-ref --format=%(refname)%00%(upstream:short)%00%(objectname)%00%(upstream:track)%00%(upstream:remotename)%00%(upstream:remoteref) refs/heads/master refs/remotes/master [16ms]
[2022-10-14T18:05:02.269Z] > git show --textconv :ITI/server.js [21ms]
[2022-10-14T18:05:02.269Z] > git for-each-ref --sort -committerdate --format %(refname) %(objectname) %(*objectname) [12ms]
[2022-10-14T18:05:02.271Z] > git remote --verbose [4ms]
[2022-10-14T18:05:02.360Z] > git config --get commit.template [5ms]
[2022-10-14T18:05:05.502Z] > git show --textconv :ITI/index.html [8ms]
[2022-10-14T18:05:05.504Z] > git ls-files --stage -- /home/nunoamorim/ITI/index.html [3ms]
[2022-10-14T18:05:05.512Z] > git cat-file -s baf584f57cdfe82326d9d370d767e3f6c6094166 [1ms]
[2022-10-14T18:05:07.434Z] > git status -z -uall [63ms]
[2022-10-14T18:05:07.440Z] > git symbolic-ref --short HEAD [1ms]
[2022-10-14T18:05:07.448Z] > git for-each-ref --format=%(refname)%00%(upstream:short)%00%(objectname)%00%(upstream:track)%00%(upstream:remotename)%00%(upstream:remoteref) refs/heads/master refs/remotes/master [2ms]
[2022-10-14T18:05:07.458Z] > git remote --verbose [1ms]
[2022-10-14T18:05:07.458Z] > git for-each-ref --sort -committerdate --format %(refname) %(objectname) %(*objectname) [5ms]
[2022-10-14T18:05:07.522Z] > git config --get commit.template [1ms]
[2022-10-14T18:05:12.592Z] > git status -z -uall [58ms]
[2022-10-14T18:05:12.599Z] > git symbolic-ref --short HEAD [1ms]
[2022-10-14T18:05:12.605Z] > git for-each-ref --format=%(refname)%00%(upstream:short)%00%(objectname)%00%(upstream:track)%00%(upstream:remotename)%00%(upstream:remoteref) refs/heads/master refs/remotes/master [1ms]
[2022-10-14T18:05:12.616Z] > git remote --verbose [1ms]
[2022-10-14T18:05:12.616Z] > git for-each-ref --sort -committerdate --format %(refname) %(objectname) %(*objectname) [6ms]
[2022-10-14T18:05:12.670Z] > git config --get commit.template [0ms]
[2022-10-14T18:05:17.743Z] > git status -z -uall [51ms]
[2022-10-14T18:05:17.749Z] > git symbolic-ref --short HEAD [0ms]
[2022-10-14T18:05:17.755Z] > git for-each-ref --format=%(refname)%00%(upstream:short)%00%(objectname)%00%(upstream:track)%00%(upstream:remotename)%00%(upstream:remoteref) refs/heads/master refs/remotes/master [1ms]
[2022-10-14T18:05:17.766Z] > git remote --verbose [2ms]
[2022-10-14T18:05:17.766Z] > git for-each-ref --sort -committerdate --format %(refname) %(objectname) %(*objectname) [6ms]
[2022-10-14T18:05:17.820Z] > git config --get commit.template [7ms]
[2022-10-14T18:05:22.889Z] > git status -z -uall [57ms]
[2022-10-14T18:05:22.896Z] > git symbolic-ref --short HEAD [1ms]
[2022-10-14T18:05:22.903Z] > git for-each-ref --format=%(refname)%00%(upstream:short)%00%(objectname)%00%(upstream:track)%00%(upstream:remotename)%00%(upstream:remoteref) refs/heads/master refs/remotes/master [1ms]
[2022-10-14T18:05:22.914Z] > git remote --verbose [1ms]
[2022-10-14T18:05:22.914Z] > git for-each-ref --sort -committerdate --format %(refname) %(objectname) %(*objectname) [6ms]
[2022-10-14T18:05:22.968Z] > git config --get commit.template [3ms]
[2022-10-14T18:05:28.029Z] > git status -z -uall [51ms]
[2022-10-14T18:05:28.034Z] > git symbolic-ref --short HEAD [0ms]
[2022-10-14T18:05:28.040Z] > git for-each-ref --format=%(refname)%00%(upstream:short)%00%(objectname)%00%(upstream:track)%00%(upstream:remotename)%00%(upstream:remoteref) refs/heads/master refs/remotes/master [0ms]
[2022-10-14T18:05:28.051Z] > git remote --verbose [1ms]
[2022-10-14T18:05:28.052Z] > git for-each-ref --sort -committerdate --format %(refname) %(objectname) %(*objectname) [6ms]
[2022-10-14T18:05:28.104Z] > git config --get commit.template [0ms]
[2022-10-14T18:05:33.180Z] > git status -z -uall [56ms]
[2022-10-14T18:05:33.186Z] > git symbolic-ref --short HEAD [1ms]
[2022-10-14T18:05:33.192Z] > git for-each-ref --format=%(refname)%00%(upstream:short)%00%(objectname)%00%(upstream:track)%00%(upstream:remotename)%00%(upstream:remoteref) refs/heads/master refs/remotes/master [0ms]
[2022-10-14T18:05:33.203Z] > git remote --verbose [1ms]
[2022-10-14T18:05:33.203Z] > git for-each-ref --sort -committerdate --format %(refname) %(objectname) %(*objectname) [6ms]
[2022-10-14T18:05:33.258Z] > git config --get commit.template [6ms]
[2022-10-14T18:05:38.350Z] > git status -z -uall [67ms]
[2022-10-14T18:05:38.357Z] > git symbolic-ref --short HEAD [1ms]
[2022-10-14T18:05:38.366Z] > git for-each-ref --format=%(refname)%00%(upstream:short)%00%(objectname)%00%(upstream:track)%00%(upstream:remotename)%00%(upstream:remoteref) refs/heads/master refs/remotes/master [1ms]
[2022-10-14T18:05:38.381Z] > git remote --verbose [2ms]
[2022-10-14T18:05:38.381Z] > git for-each-ref --sort -committerdate --format %(refname) %(objectname) %(*objectname) [9ms]
[2022-10-14T18:05:38.453Z] > git config --get commit.template [1ms]
[2022-10-14T18:05:43.521Z] > git status -z -uall [57ms]
[2022-10-14T18:05:43.530Z] > git symbolic-ref --short HEAD [1ms]
[2022-10-14T18:05:43.539Z] > git for-each-ref --format=%(refname)%00%(upstream:short)%00%(objectname)%00%(upstream:track)%00%(upstream:remotename)%00%(upstream:remoteref) refs/heads/master refs/remotes/master [2ms]
[2022-10-14T18:05:43.553Z] > git for-each-ref --sort -committerdate --format %(refname) %(objectname) %(*objectname) [8ms]
[2022-10-14T18:05:43.553Z] > git remote --verbose [1ms]
[2022-10-14T18:05:43.622Z] > git config --get commit.template [0ms]
[2022-10-14T18:05:48.686Z] > git status -z -uall [51ms]
[2022-10-14T18:05:48.693Z] > git symbolic-ref --short HEAD [1ms]
[2022-10-14T18:05:48.700Z] > git for-each-ref --format=%(refname)%00%(upstream:short)%00%(objectname)%00%(upstream:track)%00%(upstream:remotename)%00%(upstream:remoteref) refs/heads/master refs/remotes/master [0ms]
[2022-10-14T18:05:48.711Z] > git remote --verbose [1ms]
[2022-10-14T18:05:48.712Z] > git for-each-ref --sort -committerdate --format %(refname) %(objectname) %(*objectname) [7ms]
[2022-10-14T18:05:48.766Z] > git config --get commit.template [1ms]
[2022-10-14T18:05:53.832Z] > git status -z -uall [56ms]
[2022-10-14T18:05:53.839Z] > git symbolic-ref --short HEAD [1ms]
[2022-10-14T18:05:53.846Z] > git for-each-ref --format=%(refname)%00%(upstream:short)%00%(objectname)%00%(upstream:track)%00%(upstream:remotename)%00%(upstream:remoteref) refs/heads/master refs/remotes/master [1ms]
[2022-10-14T18:05:53.856Z] > git remote --verbose [0ms]
[2022-10-14T18:05:53.857Z] > git for-each-ref --sort -committerdate --format %(refname) %(objectname) %(*objectname) [6ms]
[2022-10-14T18:05:53.910Z] > git config --get commit.template [6ms]
[2022-10-14T18:05:58.978Z] > git status -z -uall [58ms]
[2022-10-14T18:05:58.985Z] > git symbolic-ref --short HEAD [1ms]
[2022-10-14T18:05:58.995Z] > git for-each-ref --format=%(refname)%00%(upstream:short)%00%(objectname)%00%(upstream:track)%00%(upstream:remotename)%00%(upstream:remoteref) refs/heads/master refs/remotes/master [2ms]
[2022-10-14T18:05:59.009Z] > git for-each-ref --sort -committerdate --format %(refname) %(objectname) %(*objectname) [7ms]
[2022-10-14T18:05:59.010Z] > git remote --verbose [2ms]
[2022-10-14T18:05:59.084Z] > git config --get commit.template [1ms]
[2022-10-14T18:06:04.149Z] > git status -z -uall [54ms]
[2022-10-14T18:06:04.158Z] > git symbolic-ref --short HEAD [2ms]
[2022-10-14T18:06:04.165Z] > git for-each-ref --format=%(refname)%00%(upstream:short)%00%(objectname)%00%(upstream:track)%00%(upstream:remotename)%00%(upstream:remoteref) refs/heads/master refs/remotes/master [1ms]
[2022-10-14T18:06:04.180Z] > git for-each-ref --sort -committerdate --format %(refname) %(objectname) %(*objectname) [7ms]
[2022-10-14T18:06:04.181Z] > git remote --verbose [2ms]
[2022-10-14T18:06:04.251Z] > git config --get commit.template [1ms]
[2022-10-14T18:06:09.723Z] > git status -z -uall [61ms]
[2022-10-14T18:06:09.730Z] > git symbolic-ref --short HEAD [1ms]
[2022-10-14T18:06:09.737Z] > git for-each-ref --format=%(refname)%00%(upstream:short)%00%(objectname)%00%(upstream:track)%00%(upstream:remotename)%00%(upstream:remoteref) refs/heads/master refs/remotes/master [1ms]
[2022-10-14T18:06:09.750Z] > git remote --verbose [1ms]
[2022-10-14T18:06:09.750Z] > git for-each-ref --sort -committerdate --format %(refname) %(objectname) %(*objectname) [7ms]
[2022-10-14T18:06:09.810Z] > git config --get commit.template [3ms]
