2022-12-26 17:17:08.286 [info] Extension host with pid 22777 started
2022-12-26 17:17:08.325 [info] Lock '/home/nunoamorim/.vscode-server/data/User/workspaceStorage/a9f5109e99d391079f85d3e92812567a/vscode.lock': Lock acquired.
2022-12-26 17:17:08.492 [info] ExtensionService#_doActivateExtension ms-azuretools.vscode-docker, startup: false, activationEvent: 'onLanguage:dockercompose'
2022-12-26 17:17:08.495 [info] ExtensionService#_doActivateExtension vscode.git-base, startup: true, activationEvent: '*', root cause: vscode.git
2022-12-26 17:17:08.496 [info] ExtensionService#_doActivateExtension Blackboxapp.blackbox, startup: true, activationEvent: '*'
2022-12-26 17:17:09.639 [info] ExtensionService#_doActivateExtension vscode.git, startup: true, activationEvent: '*'
2022-12-26 17:17:09.640 [info] ExtensionService#_doActivateExtension vscode.github, startup: true, activationEvent: '*'
2022-12-26 17:17:10.265 [info] ExtensionService#_doActivateExtension vscode.debug-auto-launch, startup: false, activationEvent: 'onStartupFinished'
2022-12-26 17:17:10.266 [info] ExtensionService#_doActivateExtension vscode.emmet, startup: false, activationEvent: 'onStartupFinished'
2022-12-26 17:17:10.268 [info] ExtensionService#_doActivateExtension vscode.merge-conflict, startup: false, activationEvent: 'onStartupFinished'
2022-12-26 17:17:10.269 [info] ExtensionService#_doActivateExtension ritwickdey.LiveServer, startup: false, activationEvent: 'onStartupFinished'
2022-12-26 17:17:10.270 [info] Eager extensions activated
2022-12-26 17:17:10.998 [info] ExtensionService#_doActivateExtension GitHub.vscode-pull-request-github, startup: false, activationEvent: 'onStartupFinished'
2022-12-26 17:17:13.392 [warning] [Decorations] CAPPING events from decorations provider vscode.git 10000
2022-12-26 17:17:15.308 [warning] [Decorations] CAPPING events from decorations provider vscode.git 10007
2022-12-26 17:20:16.165 [warning] [Decorations] CAPPING events from decorations provider vscode.git 10001
2022-12-26 17:23:17.215 [warning] [Decorations] CAPPING events from decorations provider vscode.git 10003
2022-12-26 17:27:16.673 [warning] [Decorations] CAPPING events from decorations provider vscode.git 10000
2022-12-26 17:30:51.658 [warning] [Decorations] CAPPING events from decorations provider vscode.git 10000
2022-12-26 17:43:47.969 [warning] [Decorations] CAPPING events from decorations provider vscode.git 10000
2022-12-26 17:46:39.105 [info] ExtensionService#_doActivateExtension vscode.typescript-language-features, startup: false, activationEvent: 'onLanguage:javascript'
2022-12-26 17:47:46.078 [warning] [Decorations] CAPPING events from decorations provider vscode.git 10004
2022-12-26 17:50:46.837 [warning] [Decorations] CAPPING events from decorations provider vscode.git 10001
2022-12-26 17:53:47.560 [warning] [Decorations] CAPPING events from decorations provider vscode.git 10000
2022-12-26 17:58:17.412 [warning] [Decorations] CAPPING events from decorations provider vscode.git 10000
2022-12-26 18:01:25.291 [warning] [Decorations] CAPPING events from decorations provider vscode.git 10000
2022-12-26 18:04:26.112 [warning] [Decorations] CAPPING events from decorations provider vscode.git 10000
2022-12-26 18:07:27.888 [warning] [Decorations] CAPPING events from decorations provider vscode.git 10003
2022-12-26 18:10:30.008 [warning] [Decorations] CAPPING events from decorations provider vscode.git 10000
2022-12-26 18:13:33.404 [warning] [Decorations] CAPPING events from decorations provider vscode.git 10000
2022-12-26 18:16:35.651 [warning] [Decorations] CAPPING events from decorations provider vscode.git 10002
2022-12-26 18:19:38.907 [warning] [Decorations] CAPPING events from decorations provider vscode.git 10003
2022-12-26 18:22:41.048 [warning] [Decorations] CAPPING events from decorations provider vscode.git 10002
2022-12-26 18:25:43.093 [warning] [Decorations] CAPPING events from decorations provider vscode.git 10001
2022-12-26 18:28:45.897 [warning] [Decorations] CAPPING events from decorations provider vscode.git 10004
2022-12-26 18:31:48.845 [warning] [Decorations] CAPPING events from decorations provider vscode.git 10003
2022-12-26 18:36:01.391 [warning] [Decorations] CAPPING events from decorations provider vscode.git 10001
2022-12-26 18:36:12.350 [info] ExtensionService#_doActivateExtension vscode.configuration-editing, startup: false, activationEvent: 'onLanguage:json'
2022-12-26 18:36:12.350 [info] ExtensionService#_doActivateExtension vscode.extension-editing, startup: false, activationEvent: 'onLanguage:json'
2022-12-26 18:36:12.351 [info] ExtensionService#_doActivateExtension vscode.json-language-features, startup: false, activationEvent: 'onLanguage:json'
2022-12-26 18:36:12.351 [info] ExtensionService#_doActivateExtension vscode.npm, startup: false, activationEvent: 'onLanguage:json'
2022-12-26 18:39:24.923 [warning] [Decorations] CAPPING events from decorations provider vscode.git 10001
2022-12-26 18:42:38.532 [warning] [Decorations] CAPPING events from decorations provider vscode.git 10004
2022-12-26 18:46:01.336 [warning] [Decorations] CAPPING events from decorations provider vscode.git 10004
2022-12-26 18:49:10.325 [warning] [Decorations] CAPPING events from decorations provider vscode.git 10001
2022-12-26 18:52:15.481 [warning] [Decorations] CAPPING events from decorations provider vscode.git 10000
2022-12-26 18:55:23.231 [warning] [Decorations] CAPPING events from decorations provider vscode.git 10004
2022-12-26 19:01:44.831 [warning] [Decorations] CAPPING events from decorations provider vscode.git 10000
2022-12-26 19:01:46.595 [error] No tree item with id '1//iti2|LocalGroup' found.
2022-12-26 19:04:55.573 [warning] [Decorations] CAPPING events from decorations provider vscode.git 10001
2022-12-26 19:08:20.009 [warning] [Decorations] CAPPING events from decorations provider vscode.git 10001
2022-12-26 19:11:24.041 [warning] [Decorations] CAPPING events from decorations provider vscode.git 10002
2022-12-26 19:15:00.969 [warning] [Decorations] CAPPING events from decorations provider vscode.git 10001
2022-12-26 19:17:30.739 [error] Error: getaddrinfo EAI_AGAIN default.exp-tas.com
	at GetAddrInfoReqWrap.onlookup [as oncomplete] (node:dns:71:26)
2022-12-27 09:31:22.293 [info] Extension host terminating: received terminate message from renderer
2022-12-27 09:31:22.296 [info] Lock '/home/nunoamorim/.vscode-server/data/User/workspaceStorage/a9f5109e99d391079f85d3e92812567a/vscode.lock': Marking the lockfile as scheduled to be released in 6000 ms.
2022-12-27 09:31:22.583 [info] Extension host with pid 22777 exiting with code 0
