2022-12-19 14:28:35.965 [info] Validating found git in: git
2022-12-19 14:28:35.966 [info] Using git 2.25.1 from git
2022-12-19 14:28:35.967 [info] > git rev-parse --show-toplevel [144ms]
2022-12-19 14:28:35.967 [info] > git rev-parse --git-dir --git-common-dir [1ms]
2022-12-19 14:28:35.967 [info] Log level: Info
2022-12-19 14:28:35.967 [info] Open repository: /home/nunoamorim
2022-12-19 14:28:35.967 [info] > git remote --verbose [734ms]
2022-12-19 14:28:35.967 [info] > git for-each-ref --sort -committerdate --format %(refname) %(objectname) %(*objectname) [766ms]
2022-12-19 14:28:35.967 [info] > git config --get commit.template [63ms]
2022-12-19 14:28:35.967 [info] > git rev-parse --show-toplevel [274ms]
2022-12-19 14:28:35.967 [info] > git rev-parse --show-toplevel [29ms]
2022-12-19 14:28:35.968 [info] > git for-each-ref --format=%(refname)%00%(upstream:short)%00%(objectname)%00%(upstream:track)%00%(upstream:remotename)%00%(upstream:remoteref) refs/heads/master refs/remotes/master [32ms]
2022-12-19 14:28:35.969 [info] > git rev-parse --show-toplevel [4ms]
2022-12-19 14:28:35.969 [info] > git rev-parse --show-toplevel [1ms]
2022-12-19 14:28:35.969 [info] > git rev-parse --show-toplevel [25ms]
2022-12-19 14:28:35.970 [info] > git rev-parse --show-toplevel [6ms]
2022-12-19 14:28:35.970 [info] > git rev-parse --show-toplevel [4ms]
2022-12-19 14:28:35.970 [info] > git rev-parse --git-dir --git-common-dir [1065ms]
2022-12-19 14:28:35.970 [info] Log level: Info
2022-12-19 14:28:35.972 [info] Open repository: /home/nunoamorim/.nvm
2022-12-19 14:28:35.979 [info] > git status -z -uall [1229ms]
2022-12-19 14:28:35.979 [info] > git rev-parse --show-toplevel [1205ms]
2022-12-19 14:28:35.979 [info] > git remote --verbose [1287ms]
2022-12-19 14:28:35.979 [info] > git for-each-ref --sort -committerdate --format %(refname) %(objectname) %(*objectname) [1318ms]
2022-12-19 14:28:35.979 [info] > git check-ignore -v -z --stdin [1192ms]
2022-12-19 14:28:35.979 [info] > git rev-parse --show-toplevel [25ms]
2022-12-19 14:28:35.980 [info] > git config --get commit.template [172ms]
2022-12-19 14:28:36.175 [info] > git check-ignore -v -z --stdin [230ms]
2022-12-19 14:28:36.177 [info] > git rev-parse --show-toplevel [314ms]
2022-12-19 14:28:36.216 [info] > git fetch [4011ms]
2022-12-19 14:28:36.696 [info] > git status -z -uall [4395ms] (cancelled)
2022-12-19 14:28:36.697 [info] > git check-ignore -v -z --stdin [812ms]
2022-12-19 14:28:36.703 [info] > git show --textconv :ITI/server.js [508ms]
2022-12-19 14:28:36.703 [info] > git status -z -uall [419ms] (cancelled)
2022-12-19 14:28:36.704 [info] > git status -z -uall [254ms]
2022-12-19 14:28:36.713 [info] > git remote --verbose [345ms]
2022-12-19 14:28:36.714 [info] > git for-each-ref --sort -committerdate --format %(refname) %(objectname) %(*objectname) [403ms]
2022-12-19 14:28:36.715 [info] > git remote --verbose [474ms]
2022-12-19 14:28:36.716 [info] > git for-each-ref --sort -committerdate --format %(refname) %(objectname) %(*objectname) [489ms]
2022-12-19 14:28:36.718 [info] > git ls-files --stage -- /home/nunoamorim/ITI/server.js [504ms]
2022-12-19 14:28:36.748 [info] > git fetch [2354ms]
2022-12-19 14:28:36.877 [info] > git status -z -uall [55ms]
2022-12-19 14:28:36.879 [info] > git remote --verbose [71ms]
2022-12-19 14:28:36.881 [info] > git for-each-ref --sort -committerdate --format %(refname) %(objectname) %(*objectname) [97ms]
2022-12-19 14:28:36.887 [info] > git cat-file -s bfa6741355c3b27500a0d7b20273e1636b503364 [141ms]
2022-12-19 14:28:36.895 [info] > git config --get commit.template [390ms]
2022-12-19 14:28:36.896 [info] > git config --get commit.template [430ms]
2022-12-19 14:28:36.897 [info] > git remote --verbose [461ms]
2022-12-19 14:28:36.898 [info] > git for-each-ref --sort -committerdate --format %(refname) %(objectname) %(*objectname) [473ms]
2022-12-19 14:28:37.078 [info] > git config --get commit.template [221ms]
2022-12-19 14:28:37.078 [info] > git config --get commit.template [236ms]
2022-12-19 14:28:37.159 [info] > git status -z -uall [792ms]
2022-12-19 14:28:37.815 [info] > git for-each-ref --format=%(refname)%00%(upstream:short)%00%(objectname)%00%(upstream:track)%00%(upstream:remotename)%00%(upstream:remoteref) refs/heads/master refs/remotes/master [709ms]
2022-12-19 14:28:38.138 [info] > git for-each-ref --format=%(refname)%00%(upstream:short)%00%(objectname)%00%(upstream:track)%00%(upstream:remotename)%00%(upstream:remoteref) refs/heads/master refs/remotes/master [1041ms]
2022-12-19 14:28:43.546 [info] > git config --local branch.master.github-pr-owner-number [339ms]
2022-12-19 14:28:53.390 [info] > git remote --verbose [42ms]
2022-12-19 14:28:53.391 [info] > git for-each-ref --sort -committerdate --format %(refname) %(objectname) %(*objectname) [58ms]
2022-12-19 14:28:53.415 [info] > git config --get commit.template [26ms]
2022-12-19 14:28:53.432 [info] > git ls-files --stage -- /home/nunoamorim/ITI/server.js [18ms]
2022-12-19 14:28:53.444 [info] > git for-each-ref --format=%(refname)%00%(upstream:short)%00%(objectname)%00%(upstream:track)%00%(upstream:remotename)%00%(upstream:remoteref) refs/heads/master refs/remotes/master [14ms]
2022-12-19 14:28:53.446 [info] > git cat-file -s bfa6741355c3b27500a0d7b20273e1636b503364 [4ms]
2022-12-19 14:28:53.484 [info] > git show --textconv :ITI/server.js [10ms]
2022-12-19 14:28:53.582 [info] > git status -z -uall [211ms]
2022-12-19 14:28:58.758 [info] > git remote --verbose [36ms]
2022-12-19 14:28:58.761 [info] > git for-each-ref --sort -committerdate --format %(refname) %(objectname) %(*objectname) [67ms]
2022-12-19 14:28:58.765 [info] > git config --get commit.template [14ms]
2022-12-19 14:28:58.795 [info] > git for-each-ref --format=%(refname)%00%(upstream:short)%00%(objectname)%00%(upstream:track)%00%(upstream:remotename)%00%(upstream:remoteref) refs/heads/master refs/remotes/master [4ms]
2022-12-19 14:28:59.122 [info] > git status -z -uall [391ms]
2022-12-19 14:29:04.373 [info] > git remote --verbose [51ms]
2022-12-19 14:29:04.382 [info] > git for-each-ref --sort -committerdate --format %(refname) %(objectname) %(*objectname) [76ms]
2022-12-19 14:29:04.388 [info] > git config --get commit.template [20ms]
2022-12-19 14:29:04.428 [info] > git for-each-ref --format=%(refname)%00%(upstream:short)%00%(objectname)%00%(upstream:track)%00%(upstream:remotename)%00%(upstream:remoteref) refs/heads/master refs/remotes/master [5ms]
2022-12-19 14:29:04.680 [info] > git status -z -uall [342ms]
2022-12-19 14:29:10.436 [info] > git remote --verbose [59ms]
2022-12-19 14:29:10.439 [info] > git for-each-ref --sort -committerdate --format %(refname) %(objectname) %(*objectname) [86ms]
2022-12-19 14:29:10.442 [info] > git config --get commit.template [13ms]
2022-12-19 14:29:10.470 [info] > git for-each-ref --format=%(refname)%00%(upstream:short)%00%(objectname)%00%(upstream:track)%00%(upstream:remotename)%00%(upstream:remoteref) refs/heads/master refs/remotes/master [5ms]
2022-12-19 14:29:10.741 [info] > git status -z -uall [343ms]
2022-12-19 14:29:15.945 [info] > git remote --verbose [51ms]
2022-12-19 14:29:15.954 [info] > git for-each-ref --sort -committerdate --format %(refname) %(objectname) %(*objectname) [66ms]
2022-12-19 14:29:15.956 [info] > git config --get commit.template [14ms]
2022-12-19 14:29:15.990 [info] > git for-each-ref --format=%(refname)%00%(upstream:short)%00%(objectname)%00%(upstream:track)%00%(upstream:remotename)%00%(upstream:remoteref) refs/heads/master refs/remotes/master [8ms]
2022-12-19 14:29:16.083 [info] > git status -z -uall [177ms]
2022-12-19 14:29:59.668 [info] > git remote --verbose [21ms]
2022-12-19 14:29:59.669 [info] > git for-each-ref --sort -committerdate --format %(refname) %(objectname) %(*objectname) [34ms]
2022-12-19 14:29:59.670 [info] > git config --get commit.template [2ms]
2022-12-19 14:29:59.690 [info] > git for-each-ref --format=%(refname)%00%(upstream:short)%00%(objectname)%00%(upstream:track)%00%(upstream:remotename)%00%(upstream:remoteref) refs/heads/master refs/remotes/master [5ms]
2022-12-19 14:29:59.799 [info] > git status -z -uall [144ms]
2022-12-19 14:30:04.113 [info] > git check-ignore -v -z --stdin [79ms]
2022-12-19 14:30:05.061 [info] > git remote --verbose [65ms]
2022-12-19 14:30:05.063 [info] > git for-each-ref --sort -committerdate --format %(refname) %(objectname) %(*objectname) [92ms]
2022-12-19 14:30:05.070 [info] > git config --get commit.template [12ms]
2022-12-19 14:30:05.082 [info] > git for-each-ref --format=%(refname)%00%(upstream:short)%00%(objectname)%00%(upstream:track)%00%(upstream:remotename)%00%(upstream:remoteref) refs/heads/master refs/remotes/master [2ms]
2022-12-19 14:30:05.185 [info] > git status -z -uall [162ms]
2022-12-19 14:30:10.389 [info] > git remote --verbose [49ms]
2022-12-19 14:30:10.391 [info] > git for-each-ref --sort -committerdate --format %(refname) %(objectname) %(*objectname) [75ms]
2022-12-19 14:30:10.395 [info] > git config --get commit.template [11ms]
2022-12-19 14:30:10.446 [info] > git for-each-ref --format=%(refname)%00%(upstream:short)%00%(objectname)%00%(upstream:track)%00%(upstream:remotename)%00%(upstream:remoteref) refs/heads/master refs/remotes/master [19ms]
2022-12-19 14:30:10.796 [info] > git status -z -uall [436ms]
2022-12-19 14:30:40.808 [info] > git remote --verbose [46ms]
2022-12-19 14:30:40.809 [info] > git for-each-ref --sort -committerdate --format %(refname) %(objectname) %(*objectname) [63ms]
2022-12-19 14:30:40.811 [info] > git config --get commit.template [7ms]
2022-12-19 14:30:40.830 [info] > git for-each-ref --format=%(refname)%00%(upstream:short)%00%(objectname)%00%(upstream:track)%00%(upstream:remotename)%00%(upstream:remoteref) refs/heads/master refs/remotes/master [2ms]
2022-12-19 14:30:40.857 [info] > git ls-files --stage -- /home/nunoamorim/ITI/server.js [8ms]
2022-12-19 14:30:40.868 [info] > git cat-file -s bfa6741355c3b27500a0d7b20273e1636b503364 [1ms]
2022-12-19 14:30:40.894 [info] > git show --textconv :ITI/server.js [9ms]
2022-12-19 14:30:40.940 [info] > git status -z -uall [168ms]
