[2022-10-14T13:06:10.032Z] Log level: Info
[2022-10-14T13:06:10.062Z] [info] Validating found git in: git
[2022-10-14T13:06:10.226Z] [info] Using git 2.25.1 from git
[2022-10-14T13:06:10.330Z] > git rev-parse --show-toplevel [28ms]
[2022-10-14T13:06:10.354Z] > git rev-parse --git-dir --git-common-dir [1ms]
[2022-10-14T13:06:10.406Z] [info] Open repository: /home/nunoamorim
[2022-10-14T13:06:10.472Z] > git rev-parse --show-toplevel [16ms]
[2022-10-14T13:06:10.528Z] > git rev-parse --show-toplevel [34ms]
[2022-10-14T13:06:10.936Z] > git rev-parse --show-toplevel [356ms]
[2022-10-14T13:06:10.999Z] > git rev-parse --show-toplevel [18ms]
[2022-10-14T13:06:11.039Z] > git rev-parse --show-toplevel [7ms]
[2022-10-14T13:06:11.208Z] > git rev-parse --show-toplevel [134ms]
[2022-10-14T13:06:11.315Z] > git rev-parse --git-dir --git-common-dir [91ms]
[2022-10-14T13:06:11.331Z] [info] Open repository: /home/nunoamorim/.nvm
[2022-10-14T13:06:11.417Z] > git rev-parse --show-toplevel [32ms]
[2022-10-14T13:06:11.471Z] > git status -z -uall [1031ms]
[2022-10-14T13:06:11.511Z] > git status -z -uall [143ms]
[2022-10-14T13:06:11.536Z] > git check-ignore -v -z --stdin [83ms]
[2022-10-14T13:06:11.555Z] > git rev-parse --show-toplevel [123ms]
[2022-10-14T13:06:11.637Z] > git rev-parse --show-toplevel [70ms]
[2022-10-14T13:06:11.675Z] > git symbolic-ref --short HEAD [142ms]
[2022-10-14T13:06:11.675Z] fatal: ref HEAD is not a symbolic ref
[2022-10-14T13:06:11.696Z] > git symbolic-ref --short HEAD [189ms]
[2022-10-14T13:06:11.725Z] > git show --textconv :ITI/server.js [62ms]
[2022-10-14T13:06:11.726Z] > git for-each-ref --format=%(refname)%00%(upstream:short)%00%(objectname)%00%(upstream:track)%00%(upstream:remotename)%00%(upstream:remoteref) refs/heads/master refs/remotes/master [17ms]
[2022-10-14T13:06:11.761Z] > git rev-parse HEAD [67ms]
[2022-10-14T13:06:11.796Z] > git ls-files --stage -- /home/nunoamorim/ITI/server.js [122ms]
[2022-10-14T13:06:11.845Z] > git cat-file -s aa75b861277e8c6a02fbe8ee723554e425915825 [35ms]
[2022-10-14T13:06:11.850Z] > git remote --verbose [55ms]
[2022-10-14T13:06:11.854Z] > git for-each-ref --sort -committerdate --format %(refname) %(objectname) %(*objectname) [79ms]
[2022-10-14T13:06:11.869Z] > git remote --verbose [110ms]
[2022-10-14T13:06:11.869Z] > git for-each-ref --sort -committerdate --format %(refname) %(objectname) %(*objectname) [131ms]
[2022-10-14T13:06:14.997Z] > git fetch [3644ms]
[2022-10-14T13:06:14.997Z] From https://github.com/nvm-sh/nvm
   7c929f8..180b5aa  master     -> origin/master
 * [new tag]         v0.39.2    -> v0.39.2
[2022-10-14T13:06:14.998Z] > git fetch [4574ms]
[2022-10-14T13:06:15.087Z] > git check-ignore -v -z --stdin [2807ms]
[2022-10-14T13:06:15.089Z] > git check-ignore -v -z --stdin [2797ms]
[2022-10-14T13:06:15.090Z] > git config --get commit.template [101ms]
[2022-10-14T13:06:15.114Z] > git config --get commit.template [137ms]
[2022-10-14T13:06:15.144Z] > git status -z -uall [18ms]
[2022-10-14T13:06:15.180Z] > git symbolic-ref --short HEAD [16ms]
[2022-10-14T13:06:15.180Z] fatal: ref HEAD is not a symbolic ref
[2022-10-14T13:06:15.207Z] > git rev-parse HEAD [2ms]
[2022-10-14T13:06:15.243Z] > git for-each-ref --sort -committerdate --format %(refname) %(objectname) %(*objectname) [25ms]
[2022-10-14T13:06:15.271Z] > git remote --verbose [30ms]
[2022-10-14T13:06:15.295Z] > git config --get commit.template [11ms]
[2022-10-14T13:06:15.326Z] > git status -z -uall [14ms]
[2022-10-14T13:06:15.350Z] > git symbolic-ref --short HEAD [2ms]
[2022-10-14T13:06:15.350Z] fatal: ref HEAD is not a symbolic ref
[2022-10-14T13:06:15.395Z] > git rev-parse HEAD [21ms]
[2022-10-14T13:06:15.424Z] > git status -z -uall [313ms]
[2022-10-14T13:06:15.436Z] > git remote --verbose [17ms]
[2022-10-14T13:06:15.436Z] > git for-each-ref --sort -committerdate --format %(refname) %(objectname) %(*objectname) [32ms]
[2022-10-14T13:06:15.454Z] > git symbolic-ref --short HEAD [20ms]
[2022-10-14T13:06:15.475Z] > git for-each-ref --format=%(refname)%00%(upstream:short)%00%(objectname)%00%(upstream:track)%00%(upstream:remotename)%00%(upstream:remoteref) refs/heads/master refs/remotes/master [5ms]
[2022-10-14T13:06:15.543Z] > git config --get commit.template [92ms]
[2022-10-14T13:06:15.555Z] > git for-each-ref --sort -committerdate --format %(refname) %(objectname) %(*objectname) [26ms]
[2022-10-14T13:06:15.557Z] > git remote --verbose [16ms]
[2022-10-14T13:06:17.357Z] > git config --get commit.template [67ms]
[2022-10-14T13:06:17.548Z] > git status -z -uall [176ms]
[2022-10-14T13:06:17.561Z] > git symbolic-ref --short HEAD [3ms]
[2022-10-14T13:06:17.571Z] > git for-each-ref --format=%(refname)%00%(upstream:short)%00%(objectname)%00%(upstream:track)%00%(upstream:remotename)%00%(upstream:remoteref) refs/heads/master refs/remotes/master [2ms]
[2022-10-14T13:06:17.589Z] > git for-each-ref --sort -committerdate --format %(refname) %(objectname) %(*objectname) [11ms]
[2022-10-14T13:06:17.590Z] > git remote --verbose [4ms]
[2022-10-14T13:06:19.093Z] > git config --get commit.template [80ms]
[2022-10-14T13:06:19.094Z] > git ls-files --stage -- /home/nunoamorim/ITI/server.js [130ms]
[2022-10-14T13:06:19.112Z] > git cat-file -s aa75b861277e8c6a02fbe8ee723554e425915825 [5ms]
[2022-10-14T13:06:19.390Z] > git show --textconv :ITI/server.js [14ms]
[2022-10-14T13:06:19.815Z] > git config --local branch.master.github-pr-owner-number [130ms]
[2022-10-14T13:06:23.322Z] > git status -z -uall [222ms]
[2022-10-14T13:06:23.344Z] > git symbolic-ref --short HEAD [3ms]
[2022-10-14T13:06:23.366Z] > git for-each-ref --format=%(refname)%00%(upstream:short)%00%(objectname)%00%(upstream:track)%00%(upstream:remotename)%00%(upstream:remoteref) refs/heads/master refs/remotes/master [4ms]
[2022-10-14T13:06:23.392Z] > git remote --verbose [2ms]
[2022-10-14T13:06:23.393Z] > git for-each-ref --sort -committerdate --format %(refname) %(objectname) %(*objectname) [16ms]
[2022-10-14T13:06:24.833Z] > git config --get commit.template [37ms]
[2022-10-14T13:06:30.090Z] > git status -z -uall [235ms]
[2022-10-14T13:06:30.113Z] > git symbolic-ref --short HEAD [3ms]
[2022-10-14T13:06:30.137Z] > git for-each-ref --format=%(refname)%00%(upstream:short)%00%(objectname)%00%(upstream:track)%00%(upstream:remotename)%00%(upstream:remoteref) refs/heads/master refs/remotes/master [4ms]
[2022-10-14T13:06:30.184Z] > git for-each-ref --sort -committerdate --format %(refname) %(objectname) %(*objectname) [26ms]
[2022-10-14T13:06:30.186Z] > git remote --verbose [6ms]
[2022-10-14T13:06:31.379Z] > git config --get commit.template [20ms]
[2022-10-14T13:06:36.612Z] > git status -z -uall [212ms]
[2022-10-14T13:06:36.633Z] > git symbolic-ref --short HEAD [3ms]
[2022-10-14T13:06:36.658Z] > git for-each-ref --format=%(refname)%00%(upstream:short)%00%(objectname)%00%(upstream:track)%00%(upstream:remotename)%00%(upstream:remoteref) refs/heads/master refs/remotes/master [5ms]
[2022-10-14T13:06:36.696Z] > git for-each-ref --sort -committerdate --format %(refname) %(objectname) %(*objectname) [21ms]
[2022-10-14T13:06:36.698Z] > git remote --verbose [7ms]
[2022-10-14T13:06:38.634Z] > git config --get commit.template [17ms]
[2022-10-14T13:06:43.843Z] > git status -z -uall [188ms]
[2022-10-14T13:06:43.866Z] > git symbolic-ref --short HEAD [3ms]
[2022-10-14T13:06:43.886Z] > git for-each-ref --format=%(refname)%00%(upstream:short)%00%(objectname)%00%(upstream:track)%00%(upstream:remotename)%00%(upstream:remoteref) refs/heads/master refs/remotes/master [3ms]
[2022-10-14T13:06:43.921Z] > git for-each-ref --sort -committerdate --format %(refname) %(objectname) %(*objectname) [19ms]
[2022-10-14T13:06:43.922Z] > git remote --verbose [3ms]
[2022-10-14T13:06:45.155Z] > git config --get commit.template [32ms]
[2022-10-14T13:06:50.257Z] > git status -z -uall [92ms]
[2022-10-14T13:06:50.270Z] > git symbolic-ref --short HEAD [2ms]
[2022-10-14T13:06:50.284Z] > git for-each-ref --format=%(refname)%00%(upstream:short)%00%(objectname)%00%(upstream:track)%00%(upstream:remotename)%00%(upstream:remoteref) refs/heads/master refs/remotes/master [3ms]
[2022-10-14T13:06:50.309Z] > git remote --verbose [3ms]
[2022-10-14T13:06:50.310Z] > git for-each-ref --sort -committerdate --format %(refname) %(objectname) %(*objectname) [15ms]
[2022-10-14T13:06:50.431Z] > git config --get commit.template [2ms]
[2022-10-14T13:06:57.374Z] > git status -z -uall [124ms]
[2022-10-14T13:06:57.383Z] > git symbolic-ref --short HEAD [1ms]
[2022-10-14T13:06:57.396Z] > git for-each-ref --format=%(refname)%00%(upstream:short)%00%(objectname)%00%(upstream:track)%00%(upstream:remotename)%00%(upstream:remoteref) refs/heads/master refs/remotes/master [2ms]
[2022-10-14T13:06:57.420Z] > git remote --verbose [3ms]
[2022-10-14T13:06:57.421Z] > git for-each-ref --sort -committerdate --format %(refname) %(objectname) %(*objectname) [12ms]
[2022-10-14T13:06:58.570Z] > git config --get commit.template [18ms]
[2022-10-14T13:07:03.710Z] > git status -z -uall [124ms]
[2022-10-14T13:07:03.718Z] > git symbolic-ref --short HEAD [0ms]
[2022-10-14T13:07:03.729Z] > git for-each-ref --format=%(refname)%00%(upstream:short)%00%(objectname)%00%(upstream:track)%00%(upstream:remotename)%00%(upstream:remoteref) refs/heads/master refs/remotes/master [3ms]
[2022-10-14T13:07:03.747Z] > git remote --verbose [1ms]
[2022-10-14T13:07:03.747Z] > git for-each-ref --sort -committerdate --format %(refname) %(objectname) %(*objectname) [10ms]
[2022-10-14T13:07:03.833Z] > git config --get commit.template [3ms]
[2022-10-14T13:07:09.050Z] > git status -z -uall [175ms]
[2022-10-14T13:07:09.065Z] > git symbolic-ref --short HEAD [2ms]
[2022-10-14T13:07:09.080Z] > git for-each-ref --format=%(refname)%00%(upstream:short)%00%(objectname)%00%(upstream:track)%00%(upstream:remotename)%00%(upstream:remoteref) refs/heads/master refs/remotes/master [4ms]
[2022-10-14T13:07:09.107Z] > git remote --verbose [2ms]
[2022-10-14T13:07:09.108Z] > git for-each-ref --sort -committerdate --format %(refname) %(objectname) %(*objectname) [17ms]
[2022-10-14T13:07:10.602Z] > git config --get commit.template [36ms]
[2022-10-14T13:07:57.407Z] > git status -z -uall [124ms]
[2022-10-14T13:07:57.420Z] > git symbolic-ref --short HEAD [2ms]
[2022-10-14T13:07:57.440Z] > git for-each-ref --format=%(refname)%00%(upstream:short)%00%(objectname)%00%(upstream:track)%00%(upstream:remotename)%00%(upstream:remoteref) refs/heads/master refs/remotes/master [9ms]
[2022-10-14T13:07:57.461Z] > git for-each-ref --sort -committerdate --format %(refname) %(objectname) %(*objectname) [11ms]
[2022-10-14T13:07:57.462Z] > git remote --verbose [3ms]
[2022-10-14T13:07:59.361Z] > git config --get commit.template [1737ms]
[2022-10-14T13:08:04.656Z] > git status -z -uall [265ms]
[2022-10-14T13:08:04.681Z] > git symbolic-ref --short HEAD [6ms]
[2022-10-14T13:08:04.708Z] > git for-each-ref --format=%(refname)%00%(upstream:short)%00%(objectname)%00%(upstream:track)%00%(upstream:remotename)%00%(upstream:remoteref) refs/heads/master refs/remotes/master [5ms]
[2022-10-14T13:08:04.762Z] > git remote --verbose [5ms]
[2022-10-14T13:08:04.763Z] > git for-each-ref --sort -committerdate --format %(refname) %(objectname) %(*objectname) [30ms]
[2022-10-14T13:08:05.937Z] > git config --get commit.template [1023ms]
[2022-10-14T13:08:11.082Z] > git status -z -uall [130ms]
[2022-10-14T13:08:11.096Z] > git symbolic-ref --short HEAD [2ms]
[2022-10-14T13:08:11.110Z] > git for-each-ref --format=%(refname)%00%(upstream:short)%00%(objectname)%00%(upstream:track)%00%(upstream:remotename)%00%(upstream:remoteref) refs/heads/master refs/remotes/master [3ms]
[2022-10-14T13:08:11.135Z] > git remote --verbose [3ms]
[2022-10-14T13:08:11.136Z] > git for-each-ref --sort -committerdate --format %(refname) %(objectname) %(*objectname) [14ms]
[2022-10-14T13:08:12.719Z] > git config --get commit.template [18ms]
[2022-10-14T13:08:18.002Z] > git status -z -uall [251ms]
[2022-10-14T13:08:18.025Z] > git symbolic-ref --short HEAD [4ms]
[2022-10-14T13:08:18.049Z] > git for-each-ref --format=%(refname)%00%(upstream:short)%00%(objectname)%00%(upstream:track)%00%(upstream:remotename)%00%(upstream:remoteref) refs/heads/master refs/remotes/master [4ms]
[2022-10-14T13:08:18.103Z] > git for-each-ref --sort -committerdate --format %(refname) %(objectname) %(*objectname) [33ms]
[2022-10-14T13:08:18.105Z] > git remote --verbose [6ms]
[2022-10-14T13:08:19.679Z] > git config --get commit.template [33ms]
[2022-10-14T13:08:24.898Z] > git status -z -uall [192ms]
[2022-10-14T13:08:24.918Z] > git symbolic-ref --short HEAD [3ms]
[2022-10-14T13:08:24.932Z] > git for-each-ref --format=%(refname)%00%(upstream:short)%00%(objectname)%00%(upstream:track)%00%(upstream:remotename)%00%(upstream:remoteref) refs/heads/master refs/remotes/master [2ms]
[2022-10-14T13:08:24.955Z] > git remote --verbose [2ms]
[2022-10-14T13:08:24.955Z] > git for-each-ref --sort -committerdate --format %(refname) %(objectname) %(*objectname) [12ms]
[2022-10-14T13:08:25.060Z] > git config --get commit.template [2ms]
[2022-10-14T13:08:30.335Z] > git status -z -uall [252ms]
[2022-10-14T13:08:30.347Z] > git symbolic-ref --short HEAD [2ms]
[2022-10-14T13:08:30.360Z] > git for-each-ref --format=%(refname)%00%(upstream:short)%00%(objectname)%00%(upstream:track)%00%(upstream:remotename)%00%(upstream:remoteref) refs/heads/master refs/remotes/master [2ms]
[2022-10-14T13:08:30.382Z] > git for-each-ref --sort -committerdate --format %(refname) %(objectname) %(*objectname) [12ms]
[2022-10-14T13:08:30.383Z] > git remote --verbose [3ms]
[2022-10-14T13:08:31.597Z] > git config --get commit.template [1080ms]
[2022-10-14T13:08:36.924Z] > git status -z -uall [301ms]
[2022-10-14T13:08:36.955Z] > git symbolic-ref --short HEAD [6ms]
[2022-10-14T13:08:37.003Z] > git for-each-ref --format=%(refname)%00%(upstream:short)%00%(objectname)%00%(upstream:track)%00%(upstream:remotename)%00%(upstream:remoteref) refs/heads/master refs/remotes/master [6ms]
[2022-10-14T13:08:37.060Z] > git remote --verbose [5ms]
[2022-10-14T13:08:37.062Z] > git for-each-ref --sort -committerdate --format %(refname) %(objectname) %(*objectname) [31ms]
[2022-10-14T13:08:38.428Z] > git config --get commit.template [14ms]
[2022-10-14T13:08:43.585Z] > git status -z -uall [123ms]
[2022-10-14T13:08:43.599Z] > git symbolic-ref --short HEAD [2ms]
[2022-10-14T13:08:43.615Z] > git for-each-ref --format=%(refname)%00%(upstream:short)%00%(objectname)%00%(upstream:track)%00%(upstream:remotename)%00%(upstream:remoteref) refs/heads/master refs/remotes/master [3ms]
[2022-10-14T13:08:43.644Z] > git for-each-ref --sort -committerdate --format %(refname) %(objectname) %(*objectname) [14ms]
[2022-10-14T13:08:43.645Z] > git remote --verbose [3ms]
[2022-10-14T13:08:44.790Z] > git config --get commit.template [17ms]
[2022-10-14T13:08:50.038Z] > git status -z -uall [222ms]
[2022-10-14T13:08:50.051Z] > git symbolic-ref --short HEAD [2ms]
[2022-10-14T13:08:50.064Z] > git for-each-ref --format=%(refname)%00%(upstream:short)%00%(objectname)%00%(upstream:track)%00%(upstream:remotename)%00%(upstream:remoteref) refs/heads/master refs/remotes/master [2ms]
[2022-10-14T13:08:50.087Z] > git remote --verbose [2ms]
[2022-10-14T13:08:50.088Z] > git for-each-ref --sort -committerdate --format %(refname) %(objectname) %(*objectname) [13ms]
[2022-10-14T13:08:51.372Z] > git config --get commit.template [1151ms]
[2022-10-14T13:08:56.632Z] > git status -z -uall [233ms]
[2022-10-14T13:08:56.645Z] > git symbolic-ref --short HEAD [1ms]
[2022-10-14T13:08:56.659Z] > git for-each-ref --format=%(refname)%00%(upstream:short)%00%(objectname)%00%(upstream:track)%00%(upstream:remotename)%00%(upstream:remoteref) refs/heads/master refs/remotes/master [2ms]
[2022-10-14T13:08:56.682Z] > git remote --verbose [2ms]
[2022-10-14T13:08:56.683Z] > git for-each-ref --sort -committerdate --format %(refname) %(objectname) %(*objectname) [13ms]
[2022-10-14T13:08:56.812Z] > git config --get commit.template [2ms]
[2022-10-14T13:09:01.946Z] > git status -z -uall [121ms]
[2022-10-14T13:09:01.962Z] > git symbolic-ref --short HEAD [1ms]
[2022-10-14T13:09:01.979Z] > git for-each-ref --format=%(refname)%00%(upstream:short)%00%(objectname)%00%(upstream:track)%00%(upstream:remotename)%00%(upstream:remoteref) refs/heads/master refs/remotes/master [3ms]
[2022-10-14T13:09:02.008Z] > git for-each-ref --sort -committerdate --format %(refname) %(objectname) %(*objectname) [16ms]
[2022-10-14T13:09:02.009Z] > git remote --verbose [4ms]
[2022-10-14T13:09:03.501Z] > git config --get commit.template [22ms]
[2022-10-14T13:09:08.818Z] > git status -z -uall [289ms]
[2022-10-14T13:09:08.840Z] > git symbolic-ref --short HEAD [3ms]
[2022-10-14T13:09:08.871Z] > git for-each-ref --format=%(refname)%00%(upstream:short)%00%(objectname)%00%(upstream:track)%00%(upstream:remotename)%00%(upstream:remoteref) refs/heads/master refs/remotes/master [7ms]
[2022-10-14T13:09:08.937Z] > git remote --verbose [8ms]
[2022-10-14T13:09:08.939Z] > git for-each-ref --sort -committerdate --format %(refname) %(objectname) %(*objectname) [44ms]
[2022-10-14T13:09:10.448Z] > git config --get commit.template [17ms]
[2022-10-14T13:09:15.689Z] > git status -z -uall [213ms]
[2022-10-14T13:09:15.698Z] > git symbolic-ref --short HEAD [1ms]
[2022-10-14T13:09:15.709Z] > git for-each-ref --format=%(refname)%00%(upstream:short)%00%(objectname)%00%(upstream:track)%00%(upstream:remotename)%00%(upstream:remoteref) refs/heads/master refs/remotes/master [1ms]
[2022-10-14T13:09:15.725Z] > git remote --verbose [1ms]
[2022-10-14T13:09:15.726Z] > git for-each-ref --sort -committerdate --format %(refname) %(objectname) %(*objectname) [9ms]
[2022-10-14T13:09:15.814Z] > git config --get commit.template [2ms]
[2022-10-14T13:09:17.163Z] > git fetch [1831ms]
[2022-10-14T13:09:17.183Z] > git status -z -uall [9ms]
[2022-10-14T13:09:17.219Z] > git symbolic-ref --short HEAD [9ms]
[2022-10-14T13:09:17.219Z] fatal: ref HEAD is not a symbolic ref
[2022-10-14T13:09:17.243Z] > git rev-parse HEAD [2ms]
[2022-10-14T13:09:17.278Z] > git remote --verbose [3ms]
[2022-10-14T13:09:17.279Z] > git for-each-ref --sort -committerdate --format %(refname) %(objectname) %(*objectname) [21ms]
[2022-10-14T13:09:17.299Z] > git config --get commit.template [2ms]
[2022-10-14T13:09:17.912Z] > git fetch [525ms]
[2022-10-14T13:09:18.254Z] > git status -z -uall [313ms]
[2022-10-14T13:09:18.296Z] > git symbolic-ref --short HEAD [13ms]
[2022-10-14T13:09:18.339Z] > git for-each-ref --format=%(refname)%00%(upstream:short)%00%(objectname)%00%(upstream:track)%00%(upstream:remotename)%00%(upstream:remoteref) refs/heads/master refs/remotes/master [9ms]
[2022-10-14T13:09:18.406Z] > git for-each-ref --sort -committerdate --format %(refname) %(objectname) %(*objectname) [30ms]
[2022-10-14T13:09:18.409Z] > git remote --verbose [9ms]
[2022-10-14T13:09:20.086Z] > git config --get commit.template [1551ms]
[2022-10-14T13:09:20.559Z] > git show --textconv :ITI/index.html [134ms]
[2022-10-14T13:09:20.559Z] > git ls-files --stage -- /home/nunoamorim/ITI/index.html [112ms]
[2022-10-14T13:09:20.573Z] > git cat-file -s baf584f57cdfe82326d9d370d767e3f6c6094166 [4ms]
[2022-10-14T13:09:20.962Z] > git status -z -uall [132ms]
[2022-10-14T13:09:20.975Z] > git symbolic-ref --short HEAD [1ms]
[2022-10-14T13:09:20.988Z] > git for-each-ref --format=%(refname)%00%(upstream:short)%00%(objectname)%00%(upstream:track)%00%(upstream:remotename)%00%(upstream:remoteref) refs/heads/master refs/remotes/master [1ms]
[2022-10-14T13:09:21.016Z] > git for-each-ref --sort -committerdate --format %(refname) %(objectname) %(*objectname) [17ms]
[2022-10-14T13:09:21.017Z] > git remote --verbose [4ms]
[2022-10-14T13:09:22.333Z] > git config --get commit.template [63ms]
[2022-10-14T13:09:27.523Z] > git status -z -uall [172ms]
[2022-10-14T13:09:27.544Z] > git symbolic-ref --short HEAD [3ms]
[2022-10-14T13:09:27.568Z] > git for-each-ref --format=%(refname)%00%(upstream:short)%00%(objectname)%00%(upstream:track)%00%(upstream:remotename)%00%(upstream:remoteref) refs/heads/master refs/remotes/master [6ms]
[2022-10-14T13:09:27.604Z] > git remote --verbose [3ms]
[2022-10-14T13:09:27.605Z] > git for-each-ref --sort -committerdate --format %(refname) %(objectname) %(*objectname) [22ms]
[2022-10-14T13:09:29.400Z] > git config --get commit.template [15ms]
[2022-10-14T13:09:57.736Z] > git status -z -uall [130ms]
[2022-10-14T13:09:57.747Z] > git symbolic-ref --short HEAD [2ms]
[2022-10-14T13:09:57.760Z] > git for-each-ref --format=%(refname)%00%(upstream:short)%00%(objectname)%00%(upstream:track)%00%(upstream:remotename)%00%(upstream:remoteref) refs/heads/master refs/remotes/master [2ms]
[2022-10-14T13:09:57.800Z] > git remote --verbose [19ms]
[2022-10-14T13:09:57.801Z] > git for-each-ref --sort -committerdate --format %(refname) %(objectname) %(*objectname) [30ms]
[2022-10-14T13:09:57.940Z] > git config --get commit.template [13ms]
[2022-10-14T13:11:25.027Z] > git status -z -uall [120ms]
[2022-10-14T13:11:25.034Z] > git symbolic-ref --short HEAD [1ms]
[2022-10-14T13:11:25.043Z] > git for-each-ref --format=%(refname)%00%(upstream:short)%00%(objectname)%00%(upstream:track)%00%(upstream:remotename)%00%(upstream:remoteref) refs/heads/master refs/remotes/master [1ms]
[2022-10-14T13:11:25.059Z] > git remote --verbose [2ms]
[2022-10-14T13:11:25.059Z] > git for-each-ref --sort -committerdate --format %(refname) %(objectname) %(*objectname) [9ms]
[2022-10-14T13:11:25.186Z] > git config --get commit.template [5ms]
[2022-10-14T13:11:30.295Z] > git status -z -uall [96ms]
[2022-10-14T13:11:30.305Z] > git symbolic-ref --short HEAD [2ms]
[2022-10-14T13:11:30.315Z] > git for-each-ref --format=%(refname)%00%(upstream:short)%00%(objectname)%00%(upstream:track)%00%(upstream:remotename)%00%(upstream:remoteref) refs/heads/master refs/remotes/master [1ms]
[2022-10-14T13:11:30.333Z] > git remote --verbose [1ms]
[2022-10-14T13:11:30.333Z] > git for-each-ref --sort -committerdate --format %(refname) %(objectname) %(*objectname) [10ms]
[2022-10-14T13:11:31.332Z] > git config --get commit.template [894ms]
[2022-10-14T13:11:36.483Z] > git status -z -uall [137ms]
[2022-10-14T13:11:36.498Z] > git symbolic-ref --short HEAD [3ms]
[2022-10-14T13:11:36.516Z] > git for-each-ref --format=%(refname)%00%(upstream:short)%00%(objectname)%00%(upstream:track)%00%(upstream:remotename)%00%(upstream:remoteref) refs/heads/master refs/remotes/master [5ms]
[2022-10-14T13:11:36.545Z] > git remote --verbose [1ms]
[2022-10-14T13:11:36.546Z] > git for-each-ref --sort -committerdate --format %(refname) %(objectname) %(*objectname) [16ms]
[2022-10-14T13:11:37.518Z] > git config --get commit.template [845ms]
[2022-10-14T13:11:42.627Z] > git status -z -uall [98ms]
[2022-10-14T13:11:42.637Z] > git symbolic-ref --short HEAD [1ms]
[2022-10-14T13:11:42.647Z] > git for-each-ref --format=%(refname)%00%(upstream:short)%00%(objectname)%00%(upstream:track)%00%(upstream:remotename)%00%(upstream:remoteref) refs/heads/master refs/remotes/master [1ms]
[2022-10-14T13:11:42.665Z] > git for-each-ref --sort -committerdate --format %(refname) %(objectname) %(*objectname) [10ms]
[2022-10-14T13:11:42.665Z] > git remote --verbose [2ms]
[2022-10-14T13:11:42.764Z] > git config --get commit.template [12ms]
[2022-10-14T13:11:47.924Z] > git status -z -uall [143ms]
[2022-10-14T13:11:47.940Z] > git symbolic-ref --short HEAD [2ms]
[2022-10-14T13:11:47.955Z] > git for-each-ref --format=%(refname)%00%(upstream:short)%00%(objectname)%00%(upstream:track)%00%(upstream:remotename)%00%(upstream:remoteref) refs/heads/master refs/remotes/master [2ms]
[2022-10-14T13:11:47.980Z] > git for-each-ref --sort -committerdate --format %(refname) %(objectname) %(*objectname) [13ms]
[2022-10-14T13:11:47.980Z] > git remote --verbose [2ms]
[2022-10-14T13:11:49.057Z] > git config --get commit.template [937ms]
[2022-10-14T13:11:54.216Z] > git status -z -uall [142ms]
[2022-10-14T13:11:54.230Z] > git symbolic-ref --short HEAD [1ms]
[2022-10-14T13:11:54.243Z] > git for-each-ref --format=%(refname)%00%(upstream:short)%00%(objectname)%00%(upstream:track)%00%(upstream:remotename)%00%(upstream:remoteref) refs/heads/master refs/remotes/master [1ms]
[2022-10-14T13:11:54.269Z] > git remote --verbose [2ms]
[2022-10-14T13:11:54.270Z] > git for-each-ref --sort -committerdate --format %(refname) %(objectname) %(*objectname) [15ms]
[2022-10-14T13:11:55.325Z] > git config --get commit.template [925ms]
[2022-10-14T13:12:00.488Z] > git status -z -uall [148ms]
[2022-10-14T13:12:00.505Z] > git symbolic-ref --short HEAD [3ms]
[2022-10-14T13:12:00.522Z] > git for-each-ref --format=%(refname)%00%(upstream:short)%00%(objectname)%00%(upstream:track)%00%(upstream:remotename)%00%(upstream:remoteref) refs/heads/master refs/remotes/master [3ms]
[2022-10-14T13:12:00.548Z] > git for-each-ref --sort -committerdate --format %(refname) %(objectname) %(*objectname) [13ms]
[2022-10-14T13:12:00.549Z] > git remote --verbose [3ms]
[2022-10-14T13:12:01.513Z] > git config --get commit.template [10ms]
[2022-10-14T13:12:06.616Z] > git status -z -uall [88ms]
[2022-10-14T13:12:06.627Z] > git symbolic-ref --short HEAD [1ms]
[2022-10-14T13:12:06.638Z] > git for-each-ref --format=%(refname)%00%(upstream:short)%00%(objectname)%00%(upstream:track)%00%(upstream:remotename)%00%(upstream:remoteref) refs/heads/master refs/remotes/master [1ms]
[2022-10-14T13:12:06.659Z] > git remote --verbose [2ms]
[2022-10-14T13:12:06.660Z] > git for-each-ref --sort -committerdate --format %(refname) %(objectname) %(*objectname) [13ms]
[2022-10-14T13:12:06.771Z] > git config --get commit.template [7ms]
[2022-10-14T13:12:11.884Z] > git status -z -uall [100ms]
[2022-10-14T13:12:11.895Z] > git symbolic-ref --short HEAD [1ms]
[2022-10-14T13:12:11.909Z] > git for-each-ref --format=%(refname)%00%(upstream:short)%00%(objectname)%00%(upstream:track)%00%(upstream:remotename)%00%(upstream:remoteref) refs/heads/master refs/remotes/master [2ms]
[2022-10-14T13:12:11.930Z] > git for-each-ref --sort -committerdate --format %(refname) %(objectname) %(*objectname) [11ms]
[2022-10-14T13:12:11.931Z] > git remote --verbose [3ms]
[2022-10-14T13:12:12.047Z] > git config --get commit.template [10ms]
[2022-10-14T13:12:17.235Z] > git status -z -uall [169ms]
[2022-10-14T13:12:17.253Z] > git symbolic-ref --short HEAD [4ms]
[2022-10-14T13:12:17.271Z] > git for-each-ref --format=%(refname)%00%(upstream:short)%00%(objectname)%00%(upstream:track)%00%(upstream:remotename)%00%(upstream:remoteref) refs/heads/master refs/remotes/master [2ms]
[2022-10-14T13:12:17.320Z] > git remote --verbose [19ms]
[2022-10-14T13:12:17.321Z] > git for-each-ref --sort -committerdate --format %(refname) %(objectname) %(*objectname) [32ms]
[2022-10-14T13:12:18.583Z] > git fetch [1265ms]
[2022-10-14T13:12:18.625Z] > git status -z -uall [28ms]
[2022-10-14T13:12:18.654Z] > git config --get commit.template [84ms]
[2022-10-14T13:12:18.665Z] > git symbolic-ref --short HEAD [9ms]
[2022-10-14T13:12:18.665Z] fatal: ref HEAD is not a symbolic ref
[2022-10-14T13:12:18.689Z] > git rev-parse HEAD [1ms]
[2022-10-14T13:12:18.720Z] > git for-each-ref --sort -committerdate --format %(refname) %(objectname) %(*objectname) [16ms]
[2022-10-14T13:12:18.721Z] > git remote --verbose [3ms]
[2022-10-14T13:12:18.737Z] > git config --get commit.template [1ms]
[2022-10-14T13:12:49.445Z] > git status -z -uall [110ms]
[2022-10-14T13:12:49.473Z] > git symbolic-ref --short HEAD [18ms]
[2022-10-14T13:12:49.485Z] > git for-each-ref --format=%(refname)%00%(upstream:short)%00%(objectname)%00%(upstream:track)%00%(upstream:remotename)%00%(upstream:remoteref) refs/heads/master refs/remotes/master [2ms]
[2022-10-14T13:12:49.505Z] > git remote --verbose [2ms]
[2022-10-14T13:12:49.505Z] > git for-each-ref --sort -committerdate --format %(refname) %(objectname) %(*objectname) [11ms]
[2022-10-14T13:12:50.933Z] > git config --get commit.template [1287ms]
[2022-10-14T13:12:50.934Z] > git fetch [1612ms]
[2022-10-14T13:12:51.097Z] > git status -z -uall [153ms]
[2022-10-14T13:12:51.107Z] > git symbolic-ref --short HEAD [1ms]
[2022-10-14T13:12:51.117Z] > git for-each-ref --format=%(refname)%00%(upstream:short)%00%(objectname)%00%(upstream:track)%00%(upstream:remotename)%00%(upstream:remoteref) refs/heads/master refs/remotes/master [1ms]
[2022-10-14T13:12:51.136Z] > git remote --verbose [1ms]
[2022-10-14T13:12:51.137Z] > git for-each-ref --sort -committerdate --format %(refname) %(objectname) %(*objectname) [11ms]
[2022-10-14T13:12:51.267Z] > git config --get commit.template [2ms]
[2022-10-14T13:12:52.520Z] > git ls-files --stage -- /home/nunoamorim/ITI/index.html [6ms]
[2022-10-14T13:12:52.536Z] > git cat-file -s baf584f57cdfe82326d9d370d767e3f6c6094166 [1ms]
[2022-10-14T13:12:52.563Z] > git show --textconv :ITI/index.html [7ms]
[2022-10-14T13:12:53.185Z] > git show --textconv :ITI/server.js [19ms]
[2022-10-14T13:12:53.195Z] > git ls-files --stage -- /home/nunoamorim/ITI/server.js [12ms]
[2022-10-14T13:12:53.206Z] > git cat-file -s aa75b861277e8c6a02fbe8ee723554e425915825 [2ms]
[2022-10-14T13:13:32.067Z] > git status -z -uall [144ms]
[2022-10-14T13:13:32.079Z] > git symbolic-ref --short HEAD [1ms]
[2022-10-14T13:13:32.093Z] > git for-each-ref --format=%(refname)%00%(upstream:short)%00%(objectname)%00%(upstream:track)%00%(upstream:remotename)%00%(upstream:remoteref) refs/heads/master refs/remotes/master [2ms]
[2022-10-14T13:13:32.113Z] > git remote --verbose [2ms]
[2022-10-14T13:13:32.113Z] > git for-each-ref --sort -committerdate --format %(refname) %(objectname) %(*objectname) [11ms]
[2022-10-14T13:13:33.507Z] > git config --get commit.template [1276ms]
[2022-10-14T13:13:39.505Z] > git status -z -uall [103ms]
[2022-10-14T13:13:39.516Z] > git symbolic-ref --short HEAD [1ms]
[2022-10-14T13:13:39.528Z] > git for-each-ref --format=%(refname)%00%(upstream:short)%00%(objectname)%00%(upstream:track)%00%(upstream:remotename)%00%(upstream:remoteref) refs/heads/master refs/remotes/master [2ms]
[2022-10-14T13:13:39.556Z] > git remote --verbose [4ms]
[2022-10-14T13:13:39.556Z] > git for-each-ref --sort -committerdate --format %(refname) %(objectname) %(*objectname) [16ms]
[2022-10-14T13:13:39.690Z] > git config --get commit.template [7ms]
[2022-10-14T13:14:38.347Z] > git status -z -uall [157ms]
[2022-10-14T13:14:38.356Z] > git symbolic-ref --short HEAD [1ms]
[2022-10-14T13:14:38.366Z] > git for-each-ref --format=%(refname)%00%(upstream:short)%00%(objectname)%00%(upstream:track)%00%(upstream:remotename)%00%(upstream:remoteref) refs/heads/master refs/remotes/master [1ms]
[2022-10-14T13:14:38.381Z] > git for-each-ref --sort -committerdate --format %(refname) %(objectname) %(*objectname) [8ms]
[2022-10-14T13:14:38.382Z] > git remote --verbose [3ms]
[2022-10-14T13:14:39.581Z] > git config --get commit.template [1061ms]
[2022-10-14T13:17:25.354Z] > git status -z -uall [248ms]
[2022-10-14T13:17:25.366Z] > git symbolic-ref --short HEAD [1ms]
[2022-10-14T13:17:25.380Z] > git for-each-ref --format=%(refname)%00%(upstream:short)%00%(objectname)%00%(upstream:track)%00%(upstream:remotename)%00%(upstream:remoteref) refs/heads/master refs/remotes/master [2ms]
[2022-10-14T13:17:25.428Z] > git for-each-ref --sort -committerdate --format %(refname) %(objectname) %(*objectname) [30ms]
[2022-10-14T13:17:25.430Z] > git remote --verbose [11ms]
[2022-10-14T13:17:27.212Z] > git fetch [2136ms]
[2022-10-14T13:17:27.231Z] > git fetch [2142ms]
[2022-10-14T13:17:27.256Z] > git status -z -uall [26ms]
[2022-10-14T13:17:27.281Z] > git config --get commit.template [101ms]
[2022-10-14T13:17:27.317Z] > git symbolic-ref --short HEAD [38ms]
[2022-10-14T13:17:27.317Z] fatal: ref HEAD is not a symbolic ref
[2022-10-14T13:17:27.334Z] > git rev-parse HEAD [4ms]
[2022-10-14T13:17:27.362Z] > git for-each-ref --sort -committerdate --format %(refname) %(objectname) %(*objectname) [18ms]
[2022-10-14T13:17:27.363Z] > git remote --verbose [3ms]
[2022-10-14T13:17:27.384Z] > git config --get commit.template [3ms]
[2022-10-14T13:17:27.557Z] > git status -z -uall [260ms]
[2022-10-14T13:17:27.567Z] > git symbolic-ref --short HEAD [1ms]
[2022-10-14T13:17:27.578Z] > git for-each-ref --format=%(refname)%00%(upstream:short)%00%(objectname)%00%(upstream:track)%00%(upstream:remotename)%00%(upstream:remoteref) refs/heads/master refs/remotes/master [2ms]
[2022-10-14T13:17:27.598Z] > git remote --verbose [3ms]
[2022-10-14T13:17:27.598Z] > git for-each-ref --sort -committerdate --format %(refname) %(objectname) %(*objectname) [11ms]
[2022-10-14T13:17:28.854Z] > git config --get commit.template [1135ms]
[2022-10-14T13:17:29.130Z] > git ls-files --stage -- /home/nunoamorim/ITI/server.js [6ms]
[2022-10-14T13:17:29.146Z] > git cat-file -s aa75b861277e8c6a02fbe8ee723554e425915825 [2ms]
[2022-10-14T13:17:29.179Z] > git show --textconv :ITI/server.js [9ms]
[2022-10-14T13:17:32.637Z] > git status -z -uall [316ms]
[2022-10-14T13:17:32.652Z] > git symbolic-ref --short HEAD [2ms]
[2022-10-14T13:17:32.668Z] > git for-each-ref --format=%(refname)%00%(upstream:short)%00%(objectname)%00%(upstream:track)%00%(upstream:remotename)%00%(upstream:remoteref) refs/heads/master refs/remotes/master [3ms]
[2022-10-14T13:17:32.698Z] > git for-each-ref --sort -committerdate --format %(refname) %(objectname) %(*objectname) [16ms]
[2022-10-14T13:17:32.699Z] > git remote --verbose [3ms]
[2022-10-14T13:17:33.971Z] > git config --get commit.template [10ms]
[2022-10-14T13:17:39.275Z] > git status -z -uall [266ms]
[2022-10-14T13:17:39.290Z] > git symbolic-ref --short HEAD [3ms]
[2022-10-14T13:17:39.304Z] > git for-each-ref --format=%(refname)%00%(upstream:short)%00%(objectname)%00%(upstream:track)%00%(upstream:remotename)%00%(upstream:remoteref) refs/heads/master refs/remotes/master [2ms]
[2022-10-14T13:17:39.334Z] > git for-each-ref --sort -committerdate --format %(refname) %(objectname) %(*objectname) [17ms]
[2022-10-14T13:17:39.336Z] > git remote --verbose [5ms]
[2022-10-14T13:17:40.411Z] > git config --get commit.template [940ms]
[2022-10-14T13:18:15.684Z] > git status -z -uall [535ms]
[2022-10-14T13:18:15.697Z] > git symbolic-ref --short HEAD [1ms]
[2022-10-14T13:18:15.711Z] > git for-each-ref --format=%(refname)%00%(upstream:short)%00%(objectname)%00%(upstream:track)%00%(upstream:remotename)%00%(upstream:remoteref) refs/heads/master refs/remotes/master [1ms]
[2022-10-14T13:18:15.736Z] > git for-each-ref --sort -committerdate --format %(refname) %(objectname) %(*objectname) [13ms]
[2022-10-14T13:18:15.736Z] > git remote --verbose [2ms]
[2022-10-14T13:18:17.626Z] > git config --get commit.template [1765ms]
[2022-10-14T13:18:22.952Z] > git status -z -uall [303ms]
[2022-10-14T13:18:22.965Z] > git symbolic-ref --short HEAD [1ms]
[2022-10-14T13:18:22.980Z] > git for-each-ref --format=%(refname)%00%(upstream:short)%00%(objectname)%00%(upstream:track)%00%(upstream:remotename)%00%(upstream:remoteref) refs/heads/master refs/remotes/master [3ms]
[2022-10-14T13:18:23.003Z] > git for-each-ref --sort -committerdate --format %(refname) %(objectname) %(*objectname) [13ms]
[2022-10-14T13:18:23.003Z] > git remote --verbose [2ms]
[2022-10-14T13:18:24.178Z] > git config --get commit.template [1033ms]
[2022-10-14T13:18:29.693Z] > git status -z -uall [494ms]
[2022-10-14T13:18:29.724Z] > git symbolic-ref --short HEAD [4ms]
[2022-10-14T13:18:29.751Z] > git for-each-ref --format=%(refname)%00%(upstream:short)%00%(objectname)%00%(upstream:track)%00%(upstream:remotename)%00%(upstream:remoteref) refs/heads/master refs/remotes/master [4ms]
[2022-10-14T13:18:29.798Z] > git for-each-ref --sort -committerdate --format %(refname) %(objectname) %(*objectname) [27ms]
[2022-10-14T13:18:29.799Z] > git remote --verbose [5ms]
[2022-10-14T13:18:29.925Z] > git config --get commit.template [8ms]
[2022-10-14T13:18:35.536Z] > git status -z -uall [525ms]
[2022-10-14T13:18:35.557Z] > git symbolic-ref --short HEAD [3ms]
[2022-10-14T13:18:35.583Z] > git for-each-ref --format=%(refname)%00%(upstream:short)%00%(objectname)%00%(upstream:track)%00%(upstream:remotename)%00%(upstream:remoteref) refs/heads/master refs/remotes/master [5ms]
[2022-10-14T13:18:35.626Z] > git remote --verbose [3ms]
[2022-10-14T13:18:35.631Z] > git for-each-ref --sort -committerdate --format %(refname) %(objectname) %(*objectname) [25ms]
[2022-10-14T13:18:37.615Z] > git config --get commit.template [24ms]
[2022-10-14T13:21:46.311Z] > git status -z -uall [409ms]
[2022-10-14T13:21:46.344Z] > git symbolic-ref --short HEAD [5ms]
[2022-10-14T13:21:46.380Z] > git fetch [489ms]
[2022-10-14T13:21:46.381Z] > git for-each-ref --format=%(refname)%00%(upstream:short)%00%(objectname)%00%(upstream:track)%00%(upstream:remotename)%00%(upstream:remoteref) refs/heads/master refs/remotes/master [8ms]
[2022-10-14T13:21:46.445Z] > git for-each-ref --sort -committerdate --format %(refname) %(objectname) %(*objectname) [40ms]
[2022-10-14T13:21:46.449Z] > git remote --verbose [10ms]
[2022-10-14T13:21:48.155Z] > git fetch [2287ms]
[2022-10-14T13:21:48.229Z] > git status -z -uall [61ms]
[2022-10-14T13:21:48.256Z] > git config --get commit.template [105ms]
[2022-10-14T13:21:48.285Z] > git symbolic-ref --short HEAD [30ms]
[2022-10-14T13:21:48.285Z] fatal: ref HEAD is not a symbolic ref
[2022-10-14T13:21:48.318Z] > git rev-parse HEAD [2ms]
[2022-10-14T13:21:48.366Z] > git remote --verbose [8ms]
[2022-10-14T13:21:48.366Z] > git for-each-ref --sort -committerdate --format %(refname) %(objectname) %(*objectname) [36ms]
[2022-10-14T13:21:48.388Z] > git config --get commit.template [2ms]
[2022-10-14T13:21:48.536Z] > git status -z -uall [255ms]
[2022-10-14T13:21:48.546Z] > git symbolic-ref --short HEAD [1ms]
[2022-10-14T13:21:48.561Z] > git for-each-ref --format=%(refname)%00%(upstream:short)%00%(objectname)%00%(upstream:track)%00%(upstream:remotename)%00%(upstream:remoteref) refs/heads/master refs/remotes/master [4ms]
[2022-10-14T13:21:48.602Z] > git remote --verbose [5ms]
[2022-10-14T13:21:48.602Z] > git for-each-ref --sort -committerdate --format %(refname) %(objectname) %(*objectname) [23ms]
[2022-10-14T13:21:50.381Z] > git config --get commit.template [33ms]
[2022-10-14T13:21:51.187Z] > git ls-files --stage -- /home/nunoamorim/ITI/server.js [16ms]
[2022-10-14T13:21:51.222Z] > git cat-file -s aa75b861277e8c6a02fbe8ee723554e425915825 [17ms]
[2022-10-14T13:21:51.259Z] > git show --textconv :ITI/server.js [8ms]
