[2022-10-19T20:09:56.756Z] Log level: Info
[2022-10-19T20:09:56.768Z] [info] Validating found git in: git
[2022-10-19T20:09:56.864Z] [info] Using git 2.25.1 from git
[2022-10-19T20:09:56.901Z] > git rev-parse --show-toplevel [15ms]
[2022-10-19T20:09:56.918Z] > git rev-parse --git-dir --git-common-dir [2ms]
[2022-10-19T20:09:56.935Z] [info] Open repository: /home/nunoamorim
[2022-10-19T20:09:57.023Z] > git rev-parse --show-toplevel [40ms]
[2022-10-19T20:09:57.430Z] > git rev-parse --show-toplevel [392ms]
[2022-10-19T20:09:57.495Z] > git status -z -uall [532ms]
[2022-10-19T20:09:57.505Z] > git rev-parse --show-toplevel [70ms]
[2022-10-19T20:09:57.532Z] > git rev-parse --show-toplevel [15ms]
[2022-10-19T20:09:57.545Z] > git symbolic-ref --short HEAD [40ms]
[2022-10-19T20:09:57.562Z] > git rev-parse --show-toplevel [18ms]
[2022-10-19T20:09:57.577Z] > git rev-parse --show-toplevel [1ms]
[2022-10-19T20:09:57.588Z] > git for-each-ref --format=%(refname)%00%(upstream:short)%00%(objectname)%00%(upstream:track)%00%(upstream:remotename)%00%(upstream:remoteref) refs/heads/master refs/remotes/master [32ms]
[2022-10-19T20:09:57.632Z] > git check-ignore -v -z --stdin [105ms]
[2022-10-19T20:09:57.634Z] > git remote --verbose [16ms]
[2022-10-19T20:09:57.640Z] > git for-each-ref --sort -committerdate --format %(refname) %(objectname) %(*objectname) [42ms]
[2022-10-19T20:09:57.675Z] > git rev-parse --git-dir --git-common-dir [90ms]
[2022-10-19T20:09:57.688Z] [info] Open repository: /home/nunoamorim/.nvm
[2022-10-19T20:09:57.749Z] > git status -z -uall [33ms]
[2022-10-19T20:09:57.760Z] > git rev-parse --show-toplevel [26ms]
[2022-10-19T20:09:57.943Z] > git rev-parse --show-toplevel [166ms]
[2022-10-19T20:09:57.952Z] > git symbolic-ref --short HEAD [193ms]
[2022-10-19T20:09:57.952Z] fatal: ref HEAD is not a symbolic ref
[2022-10-19T20:09:57.972Z] > git config --get commit.template [224ms]
[2022-10-19T20:09:57.994Z] > git rev-parse HEAD [22ms]
[2022-10-19T20:09:58.019Z] > git rev-parse --show-toplevel [68ms]
[2022-10-19T20:09:58.131Z] > git show --textconv :ITI/experience.js [84ms]
[2022-10-19T20:09:58.131Z] > git remote --verbose [113ms]
[2022-10-19T20:09:58.132Z] > git for-each-ref --sort -committerdate --format %(refname) %(objectname) %(*objectname) [132ms]
[2022-10-19T20:09:58.154Z] > git ls-files --stage -- /home/nunoamorim/ITI/experience.js [89ms]
[2022-10-19T20:09:58.158Z] > git config --get commit.template [6ms]
[2022-10-19T20:09:58.186Z] > git status -z -uall [199ms]
[2022-10-19T20:09:58.194Z] > git status -z -uall [9ms]
[2022-10-19T20:09:58.205Z] > git symbolic-ref --short HEAD [3ms]
[2022-10-19T20:09:58.205Z] fatal: ref HEAD is not a symbolic ref
[2022-10-19T20:09:58.218Z] > git symbolic-ref --short HEAD [26ms]
[2022-10-19T20:09:58.233Z] > git for-each-ref --format=%(refname)%00%(upstream:short)%00%(objectname)%00%(upstream:track)%00%(upstream:remotename)%00%(upstream:remoteref) refs/heads/master refs/remotes/master [6ms]
[2022-10-19T20:09:58.255Z] > git rev-parse HEAD [38ms]
[2022-10-19T20:09:58.269Z] > git remote --verbose [2ms]
[2022-10-19T20:09:58.270Z] > git remote --verbose [18ms]
[2022-10-19T20:09:58.270Z] > git for-each-ref --sort -committerdate --format %(refname) %(objectname) %(*objectname) [30ms]
[2022-10-19T20:09:58.291Z] > git fetch [1341ms]
[2022-10-19T20:09:58.301Z] > git for-each-ref --sort -committerdate --format %(refname) %(objectname) %(*objectname) [40ms]
[2022-10-19T20:09:58.324Z] > git config --get commit.template [8ms]
[2022-10-19T20:09:58.354Z] > git config --get commit.template [30ms]
[2022-10-19T20:09:58.692Z] > git status -z -uall [357ms]
[2022-10-19T20:09:58.756Z] > git symbolic-ref --short HEAD [58ms]
[2022-10-19T20:09:58.770Z] > git fetch [1060ms]
[2022-10-19T20:09:58.810Z] > git check-ignore -v -z --stdin [81ms]
[2022-10-19T20:09:58.811Z] > git check-ignore -v -z --stdin [76ms]
[2022-10-19T20:09:58.812Z] > git for-each-ref --format=%(refname)%00%(upstream:short)%00%(objectname)%00%(upstream:track)%00%(upstream:remotename)%00%(upstream:remoteref) refs/heads/master refs/remotes/master [42ms]
[2022-10-19T20:09:58.836Z] > git status -z -uall [34ms]
[2022-10-19T20:09:58.860Z] > git remote --verbose [27ms]
[2022-10-19T20:09:58.860Z] > git for-each-ref --sort -committerdate --format %(refname) %(objectname) %(*objectname) [34ms]
[2022-10-19T20:09:58.905Z] > git symbolic-ref --short HEAD [46ms]
[2022-10-19T20:09:58.905Z] fatal: ref HEAD is not a symbolic ref
[2022-10-19T20:09:58.917Z] > git config --get commit.template [13ms]
[2022-10-19T20:09:59.171Z] > git show --textconv :ITI/server.js [225ms]
[2022-10-19T20:09:59.171Z] > git ls-files --stage -- /home/nunoamorim/ITI/server.js [211ms]
[2022-10-19T20:09:59.189Z] > git rev-parse HEAD [273ms]
[2022-10-19T20:09:59.221Z] > git remote --verbose [9ms]
[2022-10-19T20:09:59.222Z] > git for-each-ref --sort -committerdate --format %(refname) %(objectname) %(*objectname) [23ms]
[2022-10-19T20:09:59.223Z] > git cat-file -s 300dec6016f780272f7d13c91cd1a652119749bb [36ms]
[2022-10-19T20:09:59.234Z] > git config --get commit.template [2ms]
[2022-10-19T20:09:59.886Z] > git ls-files --stage -- /home/nunoamorim/ITI/server.js [22ms]
[2022-10-19T20:09:59.901Z] > git cat-file -s 300dec6016f780272f7d13c91cd1a652119749bb [4ms]
[2022-10-19T20:09:59.931Z] > git show --textconv :ITI/server.js [14ms]
[2022-10-19T20:10:00.825Z] > git config --local branch.master.github-pr-owner-number [126ms]
[2022-10-19T20:10:03.933Z] > git status -z -uall [52ms]
[2022-10-19T20:10:03.939Z] > git symbolic-ref --short HEAD [1ms]
[2022-10-19T20:10:03.946Z] > git for-each-ref --format=%(refname)%00%(upstream:short)%00%(objectname)%00%(upstream:track)%00%(upstream:remotename)%00%(upstream:remoteref) refs/heads/master refs/remotes/master [2ms]
[2022-10-19T20:10:03.957Z] > git remote --verbose [1ms]
[2022-10-19T20:10:03.958Z] > git for-each-ref --sort -committerdate --format %(refname) %(objectname) %(*objectname) [7ms]
[2022-10-19T20:10:03.969Z] > git config --get commit.template [1ms]
[2022-10-19T20:10:09.064Z] > git status -z -uall [71ms]
[2022-10-19T20:10:09.070Z] > git symbolic-ref --short HEAD [1ms]
[2022-10-19T20:10:09.076Z] > git for-each-ref --format=%(refname)%00%(upstream:short)%00%(objectname)%00%(upstream:track)%00%(upstream:remotename)%00%(upstream:remoteref) refs/heads/master refs/remotes/master [1ms]
[2022-10-19T20:10:09.086Z] > git remote --verbose [2ms]
[2022-10-19T20:10:09.086Z] > git for-each-ref --sort -committerdate --format %(refname) %(objectname) %(*objectname) [6ms]
[2022-10-19T20:10:09.098Z] > git config --get commit.template [1ms]
[2022-10-19T20:10:12.944Z] > git show --textconv :ITI/index.html [22ms]
[2022-10-19T20:10:12.945Z] > git ls-files --stage -- /home/nunoamorim/ITI/index.html [17ms]
[2022-10-19T20:10:12.955Z] > git cat-file -s b1c4d6ee8b021aab8f228fa22a328913429d0603 [4ms]
[2022-10-19T20:10:15.963Z] > git status -z -uall [71ms]
[2022-10-19T20:10:15.968Z] > git symbolic-ref --short HEAD [0ms]
[2022-10-19T20:10:15.977Z] > git for-each-ref --format=%(refname)%00%(upstream:short)%00%(objectname)%00%(upstream:track)%00%(upstream:remotename)%00%(upstream:remoteref) refs/heads/master refs/remotes/master [1ms]
[2022-10-19T20:10:15.993Z] > git remote --verbose [2ms]
[2022-10-19T20:10:15.993Z] > git for-each-ref --sort -committerdate --format %(refname) %(objectname) %(*objectname) [10ms]
[2022-10-19T20:10:16.011Z] > git config --get commit.template [0ms]
[2022-10-19T20:10:22.631Z] > git status -z -uall [70ms]
[2022-10-19T20:10:22.642Z] > git symbolic-ref --short HEAD [2ms]
[2022-10-19T20:10:22.651Z] > git for-each-ref --format=%(refname)%00%(upstream:short)%00%(objectname)%00%(upstream:track)%00%(upstream:remotename)%00%(upstream:remoteref) refs/heads/master refs/remotes/master [2ms]
[2022-10-19T20:10:22.664Z] > git remote --verbose [1ms]
[2022-10-19T20:10:22.664Z] > git for-each-ref --sort -committerdate --format %(refname) %(objectname) %(*objectname) [6ms]
[2022-10-19T20:10:22.677Z] > git config --get commit.template [1ms]
[2022-10-19T20:13:57.389Z] > git status -z -uall [71ms]
[2022-10-19T20:13:57.397Z] > git symbolic-ref --short HEAD [2ms]
[2022-10-19T20:13:57.405Z] > git for-each-ref --format=%(refname)%00%(upstream:short)%00%(objectname)%00%(upstream:track)%00%(upstream:remotename)%00%(upstream:remoteref) refs/heads/master refs/remotes/master [3ms]
[2022-10-19T20:13:57.416Z] > git remote --verbose [1ms]
[2022-10-19T20:13:57.417Z] > git for-each-ref --sort -committerdate --format %(refname) %(objectname) %(*objectname) [6ms]
[2022-10-19T20:13:57.429Z] > git config --get commit.template [0ms]
[2022-10-19T20:13:57.743Z] > git fetch [440ms]
[2022-10-19T20:13:57.817Z] > git status -z -uall [66ms]
[2022-10-19T20:13:57.821Z] > git symbolic-ref --short HEAD [1ms]
[2022-10-19T20:13:57.829Z] > git for-each-ref --format=%(refname)%00%(upstream:short)%00%(objectname)%00%(upstream:track)%00%(upstream:remotename)%00%(upstream:remoteref) refs/heads/master refs/remotes/master [1ms]
[2022-10-19T20:13:57.837Z] > git remote --verbose [1ms]
[2022-10-19T20:13:57.837Z] > git for-each-ref --sort -committerdate --format %(refname) %(objectname) %(*objectname) [4ms]
[2022-10-19T20:13:57.848Z] > git config --get commit.template [1ms]
[2022-10-19T20:13:58.135Z] > git fetch [824ms]
[2022-10-19T20:13:58.147Z] > git status -z -uall [4ms]
[2022-10-19T20:13:58.153Z] > git symbolic-ref --short HEAD [1ms]
[2022-10-19T20:13:58.153Z] fatal: ref HEAD is not a symbolic ref
[2022-10-19T20:13:58.162Z] > git rev-parse HEAD [1ms]
[2022-10-19T20:13:58.176Z] > git for-each-ref --sort -committerdate --format %(refname) %(objectname) %(*objectname) [8ms]
[2022-10-19T20:13:58.178Z] > git remote --verbose [4ms]
[2022-10-19T20:13:58.194Z] > git config --get commit.template [2ms]
[2022-10-19T20:13:59.285Z] > git status -z -uall [4ms]
[2022-10-19T20:13:59.295Z] > git symbolic-ref --short HEAD [2ms]
[2022-10-19T20:13:59.295Z] fatal: ref HEAD is not a symbolic ref
[2022-10-19T20:13:59.301Z] > git rev-parse HEAD [0ms]
[2022-10-19T20:13:59.311Z] > git remote --verbose [1ms]
[2022-10-19T20:13:59.311Z] > git for-each-ref --sort -committerdate --format %(refname) %(objectname) %(*objectname) [7ms]
[2022-10-19T20:13:59.317Z] > git config --get commit.template [1ms]
[2022-10-19T20:13:59.384Z] > git ls-files --stage -- /home/nunoamorim/ITI/index.html [4ms]
[2022-10-19T20:13:59.389Z] > git cat-file -s b1c4d6ee8b021aab8f228fa22a328913429d0603 [0ms]
[2022-10-19T20:13:59.415Z] > git show --textconv :ITI/index.html [3ms]
[2022-10-19T20:14:07.936Z] > git status -z -uall [60ms]
[2022-10-19T20:14:07.943Z] > git symbolic-ref --short HEAD [2ms]
[2022-10-19T20:14:07.948Z] > git for-each-ref --format=%(refname)%00%(upstream:short)%00%(objectname)%00%(upstream:track)%00%(upstream:remotename)%00%(upstream:remoteref) refs/heads/master refs/remotes/master [1ms]
[2022-10-19T20:14:07.957Z] > git remote --verbose [2ms]
[2022-10-19T20:14:07.957Z] > git for-each-ref --sort -committerdate --format %(refname) %(objectname) %(*objectname) [6ms]
[2022-10-19T20:14:07.966Z] > git config --get commit.template [1ms]
[2022-10-19T20:16:45.871Z] > git status -z -uall [79ms]
[2022-10-19T20:16:45.877Z] > git symbolic-ref --short HEAD [1ms]
[2022-10-19T20:16:45.883Z] > git for-each-ref --format=%(refname)%00%(upstream:short)%00%(objectname)%00%(upstream:track)%00%(upstream:remotename)%00%(upstream:remoteref) refs/heads/master refs/remotes/master [1ms]
[2022-10-19T20:16:45.895Z] > git for-each-ref --sort -committerdate --format %(refname) %(objectname) %(*objectname) [5ms]
[2022-10-19T20:16:45.895Z] > git remote --verbose [1ms]
[2022-10-19T20:16:45.906Z] > git config --get commit.template [1ms]
[2022-10-19T20:16:50.960Z] > git status -z -uall [47ms]
[2022-10-19T20:16:50.965Z] > git symbolic-ref --short HEAD [1ms]
[2022-10-19T20:16:50.971Z] > git for-each-ref --format=%(refname)%00%(upstream:short)%00%(objectname)%00%(upstream:track)%00%(upstream:remotename)%00%(upstream:remoteref) refs/heads/master refs/remotes/master [1ms]
[2022-10-19T20:16:50.980Z] > git remote --verbose [2ms]
[2022-10-19T20:16:50.980Z] > git for-each-ref --sort -committerdate --format %(refname) %(objectname) %(*objectname) [6ms]
[2022-10-19T20:16:50.989Z] > git config --get commit.template [1ms]
[2022-10-19T20:16:56.051Z] > git status -z -uall [44ms]
[2022-10-19T20:16:56.055Z] > git symbolic-ref --short HEAD [1ms]
[2022-10-19T20:16:56.060Z] > git for-each-ref --format=%(refname)%00%(upstream:short)%00%(objectname)%00%(upstream:track)%00%(upstream:remotename)%00%(upstream:remoteref) refs/heads/master refs/remotes/master [1ms]
[2022-10-19T20:16:56.069Z] > git remote --verbose [2ms]
[2022-10-19T20:16:56.069Z] > git for-each-ref --sort -committerdate --format %(refname) %(objectname) %(*objectname) [5ms]
[2022-10-19T20:16:56.079Z] > git config --get commit.template [1ms]
[2022-10-19T20:16:58.246Z] > git fetch [380ms]
[2022-10-19T20:16:58.293Z] > git status -z -uall [43ms]
[2022-10-19T20:16:58.298Z] > git symbolic-ref --short HEAD [1ms]
[2022-10-19T20:16:58.303Z] > git for-each-ref --format=%(refname)%00%(upstream:short)%00%(objectname)%00%(upstream:track)%00%(upstream:remotename)%00%(upstream:remoteref) refs/heads/master refs/remotes/master [1ms]
[2022-10-19T20:16:58.312Z] > git remote --verbose [1ms]
[2022-10-19T20:16:58.312Z] > git for-each-ref --sort -committerdate --format %(refname) %(objectname) %(*objectname) [5ms]
[2022-10-19T20:16:58.323Z] > git config --get commit.template [1ms]
[2022-10-19T20:16:58.935Z] > git fetch [723ms]
[2022-10-19T20:16:58.943Z] > git status -z -uall [3ms]
[2022-10-19T20:16:58.949Z] > git symbolic-ref --short HEAD [1ms]
[2022-10-19T20:16:58.949Z] fatal: ref HEAD is not a symbolic ref
[2022-10-19T20:16:58.954Z] > git rev-parse HEAD [1ms]
[2022-10-19T20:16:58.962Z] > git remote --verbose [1ms]
[2022-10-19T20:16:58.962Z] > git for-each-ref --sort -committerdate --format %(refname) %(objectname) %(*objectname) [4ms]
[2022-10-19T20:16:58.968Z] > git config --get commit.template [0ms]
[2022-10-19T20:17:00.036Z] > git status -z -uall [3ms]
[2022-10-19T20:17:00.041Z] > git symbolic-ref --short HEAD [1ms]
[2022-10-19T20:17:00.041Z] fatal: ref HEAD is not a symbolic ref
[2022-10-19T20:17:00.047Z] > git rev-parse HEAD [1ms]
[2022-10-19T20:17:00.057Z] > git remote --verbose [1ms]
[2022-10-19T20:17:00.057Z] > git for-each-ref --sort -committerdate --format %(refname) %(objectname) %(*objectname) [5ms]
[2022-10-19T20:17:00.063Z] > git config --get commit.template [1ms]
[2022-10-19T20:17:00.142Z] > git ls-files --stage -- /home/nunoamorim/ITI/index.html [4ms]
[2022-10-19T20:17:00.147Z] > git cat-file -s b1c4d6ee8b021aab8f228fa22a328913429d0603 [0ms]
[2022-10-19T20:17:00.163Z] > git show --textconv :ITI/index.html [4ms]
[2022-10-19T20:17:01.133Z] > git status -z -uall [45ms]
[2022-10-19T20:17:01.138Z] > git symbolic-ref --short HEAD [1ms]
[2022-10-19T20:17:01.143Z] > git for-each-ref --format=%(refname)%00%(upstream:short)%00%(objectname)%00%(upstream:track)%00%(upstream:remotename)%00%(upstream:remoteref) refs/heads/master refs/remotes/master [1ms]
[2022-10-19T20:17:01.154Z] > git remote --verbose [3ms]
[2022-10-19T20:17:01.154Z] > git for-each-ref --sort -committerdate --format %(refname) %(objectname) %(*objectname) [8ms]
[2022-10-19T20:17:01.164Z] > git config --get commit.template [1ms]
[2022-10-19T20:17:09.790Z] > git status -z -uall [66ms]
[2022-10-19T20:17:09.794Z] > git symbolic-ref --short HEAD [0ms]
[2022-10-19T20:17:09.801Z] > git for-each-ref --format=%(refname)%00%(upstream:short)%00%(objectname)%00%(upstream:track)%00%(upstream:remotename)%00%(upstream:remoteref) refs/heads/master refs/remotes/master [1ms]
[2022-10-19T20:17:09.810Z] > git remote --verbose [1ms]
[2022-10-19T20:17:09.810Z] > git for-each-ref --sort -committerdate --format %(refname) %(objectname) %(*objectname) [4ms]
[2022-10-19T20:17:09.823Z] > git config --get commit.template [1ms]
[2022-10-19T20:17:14.893Z] > git status -z -uall [52ms]
[2022-10-19T20:17:14.899Z] > git symbolic-ref --short HEAD [1ms]
[2022-10-19T20:17:14.904Z] > git for-each-ref --format=%(refname)%00%(upstream:short)%00%(objectname)%00%(upstream:track)%00%(upstream:remotename)%00%(upstream:remoteref) refs/heads/master refs/remotes/master [1ms]
[2022-10-19T20:17:14.915Z] > git remote --verbose [1ms]
[2022-10-19T20:17:14.916Z] > git for-each-ref --sort -committerdate --format %(refname) %(objectname) %(*objectname) [6ms]
[2022-10-19T20:17:14.924Z] > git config --get commit.template [1ms]
[2022-10-19T20:17:19.979Z] > git status -z -uall [44ms]
[2022-10-19T20:17:19.984Z] > git symbolic-ref --short HEAD [1ms]
[2022-10-19T20:17:19.989Z] > git for-each-ref --format=%(refname)%00%(upstream:short)%00%(objectname)%00%(upstream:track)%00%(upstream:remotename)%00%(upstream:remoteref) refs/heads/master refs/remotes/master [1ms]
[2022-10-19T20:17:19.997Z] > git for-each-ref --sort -committerdate --format %(refname) %(objectname) %(*objectname) [4ms]
[2022-10-19T20:17:19.998Z] > git remote --verbose [1ms]
[2022-10-19T20:17:20.007Z] > git config --get commit.template [1ms]
[2022-10-19T20:17:25.083Z] > git status -z -uall [56ms]
[2022-10-19T20:17:25.087Z] > git symbolic-ref --short HEAD [0ms]
[2022-10-19T20:17:25.093Z] > git for-each-ref --format=%(refname)%00%(upstream:short)%00%(objectname)%00%(upstream:track)%00%(upstream:remotename)%00%(upstream:remoteref) refs/heads/master refs/remotes/master [1ms]
[2022-10-19T20:17:25.101Z] > git remote --verbose [1ms]
[2022-10-19T20:17:25.101Z] > git for-each-ref --sort -committerdate --format %(refname) %(objectname) %(*objectname) [4ms]
[2022-10-19T20:17:25.110Z] > git config --get commit.template [1ms]
[2022-10-19T20:17:30.167Z] > git status -z -uall [46ms]
[2022-10-19T20:17:30.172Z] > git symbolic-ref --short HEAD [1ms]
[2022-10-19T20:17:30.178Z] > git for-each-ref --format=%(refname)%00%(upstream:short)%00%(objectname)%00%(upstream:track)%00%(upstream:remotename)%00%(upstream:remoteref) refs/heads/master refs/remotes/master [1ms]
[2022-10-19T20:17:30.186Z] > git remote --verbose [1ms]
[2022-10-19T20:17:30.186Z] > git for-each-ref --sort -committerdate --format %(refname) %(objectname) %(*objectname) [4ms]
[2022-10-19T20:17:30.195Z] > git config --get commit.template [1ms]
[2022-10-19T20:17:35.292Z] > git status -z -uall [74ms]
[2022-10-19T20:17:35.300Z] > git symbolic-ref --short HEAD [1ms]
[2022-10-19T20:17:35.309Z] > git for-each-ref --format=%(refname)%00%(upstream:short)%00%(objectname)%00%(upstream:track)%00%(upstream:remotename)%00%(upstream:remoteref) refs/heads/master refs/remotes/master [1ms]
[2022-10-19T20:17:35.324Z] > git for-each-ref --sort -committerdate --format %(refname) %(objectname) %(*objectname) [8ms]
[2022-10-19T20:17:35.325Z] > git remote --verbose [2ms]
[2022-10-19T20:17:35.343Z] > git config --get commit.template [1ms]
[2022-10-19T20:18:30.577Z] > git status -z -uall [60ms]
[2022-10-19T20:18:30.582Z] > git symbolic-ref --short HEAD [0ms]
[2022-10-19T20:18:30.588Z] > git for-each-ref --format=%(refname)%00%(upstream:short)%00%(objectname)%00%(upstream:track)%00%(upstream:remotename)%00%(upstream:remoteref) refs/heads/master refs/remotes/master [1ms]
[2022-10-19T20:18:30.598Z] > git for-each-ref --sort -committerdate --format %(refname) %(objectname) %(*objectname) [5ms]
[2022-10-19T20:18:30.599Z] > git remote --verbose [2ms]
[2022-10-19T20:18:30.609Z] > git config --get commit.template [0ms]
[2022-10-19T20:18:35.664Z] > git status -z -uall [45ms]
[2022-10-19T20:18:35.669Z] > git symbolic-ref --short HEAD [1ms]
[2022-10-19T20:18:35.675Z] > git for-each-ref --format=%(refname)%00%(upstream:short)%00%(objectname)%00%(upstream:track)%00%(upstream:remotename)%00%(upstream:remoteref) refs/heads/master refs/remotes/master [1ms]
[2022-10-19T20:18:35.683Z] > git remote --verbose [1ms]
[2022-10-19T20:18:35.684Z] > git for-each-ref --sort -committerdate --format %(refname) %(objectname) %(*objectname) [5ms]
[2022-10-19T20:18:35.693Z] > git config --get commit.template [1ms]
[2022-10-19T20:18:40.746Z] > git status -z -uall [45ms]
[2022-10-19T20:18:40.751Z] > git symbolic-ref --short HEAD [1ms]
[2022-10-19T20:18:40.756Z] > git for-each-ref --format=%(refname)%00%(upstream:short)%00%(objectname)%00%(upstream:track)%00%(upstream:remotename)%00%(upstream:remoteref) refs/heads/master refs/remotes/master [0ms]
[2022-10-19T20:18:40.765Z] > git remote --verbose [1ms]
[2022-10-19T20:18:40.766Z] > git for-each-ref --sort -committerdate --format %(refname) %(objectname) %(*objectname) [6ms]
[2022-10-19T20:18:40.775Z] > git config --get commit.template [1ms]
[2022-10-19T20:18:45.833Z] > git status -z -uall [40ms]
[2022-10-19T20:18:45.838Z] > git symbolic-ref --short HEAD [1ms]
[2022-10-19T20:18:45.844Z] > git for-each-ref --format=%(refname)%00%(upstream:short)%00%(objectname)%00%(upstream:track)%00%(upstream:remotename)%00%(upstream:remoteref) refs/heads/master refs/remotes/master [1ms]
[2022-10-19T20:18:45.852Z] > git remote --verbose [1ms]
[2022-10-19T20:18:45.852Z] > git for-each-ref --sort -committerdate --format %(refname) %(objectname) %(*objectname) [4ms]
[2022-10-19T20:18:45.860Z] > git config --get commit.template [1ms]
[2022-10-19T20:18:50.939Z] > git status -z -uall [57ms]
[2022-10-19T20:18:50.944Z] > git symbolic-ref --short HEAD [1ms]
[2022-10-19T20:18:50.950Z] > git for-each-ref --format=%(refname)%00%(upstream:short)%00%(objectname)%00%(upstream:track)%00%(upstream:remotename)%00%(upstream:remoteref) refs/heads/master refs/remotes/master [1ms]
[2022-10-19T20:18:50.958Z] > git for-each-ref --sort -committerdate --format %(refname) %(objectname) %(*objectname) [5ms]
[2022-10-19T20:18:50.958Z] > git remote --verbose [1ms]
[2022-10-19T20:18:50.966Z] > git config --get commit.template [0ms]
[2022-10-19T20:19:13.341Z] > git status -z -uall [84ms]
[2022-10-19T20:19:13.347Z] > git symbolic-ref --short HEAD [1ms]
[2022-10-19T20:19:13.353Z] > git for-each-ref --format=%(refname)%00%(upstream:short)%00%(objectname)%00%(upstream:track)%00%(upstream:remotename)%00%(upstream:remoteref) refs/heads/master refs/remotes/master [1ms]
[2022-10-19T20:19:13.363Z] > git remote --verbose [0ms]
[2022-10-19T20:19:13.364Z] > git for-each-ref --sort -committerdate --format %(refname) %(objectname) %(*objectname) [6ms]
[2022-10-19T20:19:13.373Z] > git config --get commit.template [1ms]
[2022-10-19T20:19:18.429Z] > git status -z -uall [46ms]
[2022-10-19T20:19:18.436Z] > git symbolic-ref --short HEAD [1ms]
[2022-10-19T20:19:18.442Z] > git for-each-ref --format=%(refname)%00%(upstream:short)%00%(objectname)%00%(upstream:track)%00%(upstream:remotename)%00%(upstream:remoteref) refs/heads/master refs/remotes/master [1ms]
[2022-10-19T20:19:18.452Z] > git remote --verbose [1ms]
[2022-10-19T20:19:18.453Z] > git for-each-ref --sort -committerdate --format %(refname) %(objectname) %(*objectname) [6ms]
[2022-10-19T20:19:18.461Z] > git config --get commit.template [2ms]
[2022-10-19T20:19:23.536Z] > git status -z -uall [60ms]
[2022-10-19T20:19:23.541Z] > git symbolic-ref --short HEAD [1ms]
[2022-10-19T20:19:23.546Z] > git for-each-ref --format=%(refname)%00%(upstream:short)%00%(objectname)%00%(upstream:track)%00%(upstream:remotename)%00%(upstream:remoteref) refs/heads/master refs/remotes/master [0ms]
[2022-10-19T20:19:23.555Z] > git remote --verbose [1ms]
[2022-10-19T20:19:23.555Z] > git for-each-ref --sort -committerdate --format %(refname) %(objectname) %(*objectname) [5ms]
[2022-10-19T20:19:23.563Z] > git config --get commit.template [0ms]
[2022-10-19T20:19:28.617Z] > git status -z -uall [43ms]
[2022-10-19T20:19:28.622Z] > git symbolic-ref --short HEAD [0ms]
[2022-10-19T20:19:28.628Z] > git for-each-ref --format=%(refname)%00%(upstream:short)%00%(objectname)%00%(upstream:track)%00%(upstream:remotename)%00%(upstream:remoteref) refs/heads/master refs/remotes/master [1ms]
[2022-10-19T20:19:28.639Z] > git remote --verbose [1ms]
[2022-10-19T20:19:28.639Z] > git for-each-ref --sort -committerdate --format %(refname) %(objectname) %(*objectname) [5ms]
[2022-10-19T20:19:28.647Z] > git config --get commit.template [1ms]
[2022-10-19T20:20:00.443Z] > git status -z -uall [63ms]
[2022-10-19T20:20:00.448Z] > git symbolic-ref --short HEAD [1ms]
[2022-10-19T20:20:00.455Z] > git for-each-ref --format=%(refname)%00%(upstream:short)%00%(objectname)%00%(upstream:track)%00%(upstream:remotename)%00%(upstream:remoteref) refs/heads/master refs/remotes/master [1ms]
[2022-10-19T20:20:00.466Z] > git remote --verbose [1ms]
[2022-10-19T20:20:00.466Z] > git for-each-ref --sort -committerdate --format %(refname) %(objectname) %(*objectname) [8ms]
[2022-10-19T20:20:00.475Z] > git config --get commit.template [1ms]
[2022-10-19T20:20:00.751Z] > git fetch [391ms]
[2022-10-19T20:20:00.798Z] > git status -z -uall [43ms]
[2022-10-19T20:20:00.803Z] > git symbolic-ref --short HEAD [1ms]
[2022-10-19T20:20:00.808Z] > git for-each-ref --format=%(refname)%00%(upstream:short)%00%(objectname)%00%(upstream:track)%00%(upstream:remotename)%00%(upstream:remoteref) refs/heads/master refs/remotes/master [1ms]
[2022-10-19T20:20:00.817Z] > git remote --verbose [1ms]
[2022-10-19T20:20:00.818Z] > git for-each-ref --sort -committerdate --format %(refname) %(objectname) %(*objectname) [6ms]
[2022-10-19T20:20:00.828Z] > git config --get commit.template [1ms]
[2022-10-19T20:20:01.116Z] > git fetch [746ms]
[2022-10-19T20:20:01.123Z] > git status -z -uall [2ms]
[2022-10-19T20:20:01.129Z] > git symbolic-ref --short HEAD [1ms]
[2022-10-19T20:20:01.129Z] fatal: ref HEAD is not a symbolic ref
[2022-10-19T20:20:01.134Z] > git rev-parse HEAD [1ms]
[2022-10-19T20:20:01.143Z] > git for-each-ref --sort -committerdate --format %(refname) %(objectname) %(*objectname) [5ms]
[2022-10-19T20:20:01.143Z] > git remote --verbose [1ms]
[2022-10-19T20:20:01.151Z] > git config --get commit.template [0ms]
[2022-10-19T20:20:02.219Z] > git status -z -uall [3ms]
[2022-10-19T20:20:02.225Z] > git symbolic-ref --short HEAD [1ms]
[2022-10-19T20:20:02.225Z] fatal: ref HEAD is not a symbolic ref
[2022-10-19T20:20:02.231Z] > git rev-parse HEAD [0ms]
[2022-10-19T20:20:02.242Z] > git remote --verbose [1ms]
[2022-10-19T20:20:02.243Z] > git for-each-ref --sort -committerdate --format %(refname) %(objectname) %(*objectname) [7ms]
[2022-10-19T20:20:02.251Z] > git config --get commit.template [1ms]
[2022-10-19T20:20:02.330Z] > git ls-files --stage -- /home/nunoamorim/ITI/index.html [4ms]
[2022-10-19T20:20:02.335Z] > git cat-file -s b1c4d6ee8b021aab8f228fa22a328913429d0603 [1ms]
[2022-10-19T20:20:02.364Z] > git show --textconv :ITI/index.html [4ms]
[2022-10-19T20:20:05.527Z] > git status -z -uall [43ms]
[2022-10-19T20:20:05.532Z] > git symbolic-ref --short HEAD [1ms]
[2022-10-19T20:20:05.538Z] > git for-each-ref --format=%(refname)%00%(upstream:short)%00%(objectname)%00%(upstream:track)%00%(upstream:remotename)%00%(upstream:remoteref) refs/heads/master refs/remotes/master [0ms]
[2022-10-19T20:20:05.546Z] > git for-each-ref --sort -committerdate --format %(refname) %(objectname) %(*objectname) [5ms]
[2022-10-19T20:20:05.546Z] > git remote --verbose [1ms]
[2022-10-19T20:20:05.555Z] > git config --get commit.template [1ms]
[2022-10-19T20:20:41.289Z] > git status -z -uall [60ms]
[2022-10-19T20:20:41.295Z] > git symbolic-ref --short HEAD [1ms]
[2022-10-19T20:20:41.300Z] > git for-each-ref --format=%(refname)%00%(upstream:short)%00%(objectname)%00%(upstream:track)%00%(upstream:remotename)%00%(upstream:remoteref) refs/heads/master refs/remotes/master [1ms]
[2022-10-19T20:20:41.311Z] > git remote --verbose [2ms]
[2022-10-19T20:20:41.311Z] > git for-each-ref --sort -committerdate --format %(refname) %(objectname) %(*objectname) [6ms]
[2022-10-19T20:20:41.319Z] > git config --get commit.template [1ms]
[2022-10-19T20:20:46.386Z] > git status -z -uall [56ms]
[2022-10-19T20:20:46.394Z] > git symbolic-ref --short HEAD [1ms]
[2022-10-19T20:20:46.399Z] > git for-each-ref --format=%(refname)%00%(upstream:short)%00%(objectname)%00%(upstream:track)%00%(upstream:remotename)%00%(upstream:remoteref) refs/heads/master refs/remotes/master [1ms]
[2022-10-19T20:20:46.411Z] > git remote --verbose [1ms]
[2022-10-19T20:20:46.412Z] > git for-each-ref --sort -committerdate --format %(refname) %(objectname) %(*objectname) [9ms]
[2022-10-19T20:20:46.419Z] > git config --get commit.template [0ms]
[2022-10-19T20:21:09.477Z] > git status -z -uall [53ms]
[2022-10-19T20:21:09.482Z] > git symbolic-ref --short HEAD [1ms]
[2022-10-19T20:21:09.488Z] > git for-each-ref --format=%(refname)%00%(upstream:short)%00%(objectname)%00%(upstream:track)%00%(upstream:remotename)%00%(upstream:remoteref) refs/heads/master refs/remotes/master [1ms]
[2022-10-19T20:21:09.497Z] > git remote --verbose [1ms]
[2022-10-19T20:21:09.497Z] > git for-each-ref --sort -committerdate --format %(refname) %(objectname) %(*objectname) [5ms]
[2022-10-19T20:21:09.506Z] > git config --get commit.template [1ms]
[2022-10-19T20:21:45.791Z] > git status -z -uall [58ms]
[2022-10-19T20:21:45.797Z] > git symbolic-ref --short HEAD [1ms]
[2022-10-19T20:21:45.802Z] > git for-each-ref --format=%(refname)%00%(upstream:short)%00%(objectname)%00%(upstream:track)%00%(upstream:remotename)%00%(upstream:remoteref) refs/heads/master refs/remotes/master [1ms]
[2022-10-19T20:21:45.810Z] > git for-each-ref --sort -committerdate --format %(refname) %(objectname) %(*objectname) [4ms]
[2022-10-19T20:21:45.810Z] > git remote --verbose [1ms]
[2022-10-19T20:21:45.820Z] > git config --get commit.template [1ms]
[2022-10-19T20:21:55.416Z] > git status -z -uall [73ms]
[2022-10-19T20:21:55.421Z] > git symbolic-ref --short HEAD [1ms]
[2022-10-19T20:21:55.426Z] > git for-each-ref --format=%(refname)%00%(upstream:short)%00%(objectname)%00%(upstream:track)%00%(upstream:remotename)%00%(upstream:remoteref) refs/heads/master refs/remotes/master [1ms]
[2022-10-19T20:21:55.436Z] > git remote --verbose [2ms]
[2022-10-19T20:21:55.436Z] > git for-each-ref --sort -committerdate --format %(refname) %(objectname) %(*objectname) [6ms]
[2022-10-19T20:21:55.444Z] > git config --get commit.template [1ms]
[2022-10-19T20:22:00.502Z] > git status -z -uall [49ms]
[2022-10-19T20:22:00.508Z] > git symbolic-ref --short HEAD [1ms]
[2022-10-19T20:22:00.514Z] > git for-each-ref --format=%(refname)%00%(upstream:short)%00%(objectname)%00%(upstream:track)%00%(upstream:remotename)%00%(upstream:remoteref) refs/heads/master refs/remotes/master [1ms]
[2022-10-19T20:22:00.524Z] > git remote --verbose [1ms]
[2022-10-19T20:22:00.524Z] > git for-each-ref --sort -committerdate --format %(refname) %(objectname) %(*objectname) [5ms]
[2022-10-19T20:22:00.532Z] > git config --get commit.template [0ms]
[2022-10-19T20:23:02.382Z] > git status -z -uall [54ms]
[2022-10-19T20:23:02.390Z] > git symbolic-ref --short HEAD [2ms]
[2022-10-19T20:23:02.395Z] > git for-each-ref --format=%(refname)%00%(upstream:short)%00%(objectname)%00%(upstream:track)%00%(upstream:remotename)%00%(upstream:remoteref) refs/heads/master refs/remotes/master [1ms]
[2022-10-19T20:23:02.403Z] > git for-each-ref --sort -committerdate --format %(refname) %(objectname) %(*objectname) [4ms]
[2022-10-19T20:23:02.404Z] > git remote --verbose [2ms]
[2022-10-19T20:23:02.413Z] > git config --get commit.template [1ms]
[2022-10-19T20:23:02.699Z] > git fetch [383ms]
[2022-10-19T20:23:02.764Z] > git status -z -uall [55ms]
[2022-10-19T20:23:02.769Z] > git symbolic-ref --short HEAD [1ms]
[2022-10-19T20:23:02.775Z] > git for-each-ref --format=%(refname)%00%(upstream:short)%00%(objectname)%00%(upstream:track)%00%(upstream:remotename)%00%(upstream:remoteref) refs/heads/master refs/remotes/master [1ms]
[2022-10-19T20:23:02.784Z] > git remote --verbose [1ms]
[2022-10-19T20:23:02.785Z] > git for-each-ref --sort -committerdate --format %(refname) %(objectname) %(*objectname) [6ms]
[2022-10-19T20:23:02.794Z] > git config --get commit.template [1ms]
[2022-10-19T20:23:03.082Z] > git fetch [759ms]
[2022-10-19T20:23:03.092Z] > git status -z -uall [3ms]
[2022-10-19T20:23:03.099Z] > git symbolic-ref --short HEAD [1ms]
[2022-10-19T20:23:03.099Z] fatal: ref HEAD is not a symbolic ref
[2022-10-19T20:23:03.105Z] > git rev-parse HEAD [1ms]
[2022-10-19T20:23:03.114Z] > git remote --verbose [1ms]
[2022-10-19T20:23:03.114Z] > git for-each-ref --sort -committerdate --format %(refname) %(objectname) %(*objectname) [5ms]
[2022-10-19T20:23:03.120Z] > git config --get commit.template [0ms]
[2022-10-19T20:23:04.206Z] > git status -z -uall [7ms]
[2022-10-19T20:23:04.214Z] > git symbolic-ref --short HEAD [1ms]
[2022-10-19T20:23:04.214Z] fatal: ref HEAD is not a symbolic ref
[2022-10-19T20:23:04.221Z] > git rev-parse HEAD [2ms]
[2022-10-19T20:23:04.231Z] > git remote --verbose [1ms]
[2022-10-19T20:23:04.232Z] > git for-each-ref --sort -committerdate --format %(refname) %(objectname) %(*objectname) [6ms]
[2022-10-19T20:23:04.237Z] > git config --get commit.template [1ms]
[2022-10-19T20:23:04.299Z] > git ls-files --stage -- /home/nunoamorim/ITI/index.html [4ms]
[2022-10-19T20:23:04.304Z] > git cat-file -s b1c4d6ee8b021aab8f228fa22a328913429d0603 [1ms]
[2022-10-19T20:23:04.319Z] > git show --textconv :ITI/index.html [4ms]
[2022-10-19T20:23:10.070Z] > git status -z -uall [63ms]
[2022-10-19T20:23:10.076Z] > git symbolic-ref --short HEAD [1ms]
[2022-10-19T20:23:10.081Z] > git for-each-ref --format=%(refname)%00%(upstream:short)%00%(objectname)%00%(upstream:track)%00%(upstream:remotename)%00%(upstream:remoteref) refs/heads/master refs/remotes/master [1ms]
[2022-10-19T20:23:10.091Z] > git for-each-ref --sort -committerdate --format %(refname) %(objectname) %(*objectname) [6ms]
[2022-10-19T20:23:10.092Z] > git remote --verbose [1ms]
[2022-10-19T20:23:10.100Z] > git config --get commit.template [0ms]
[2022-10-19T20:23:36.272Z] > git status -z -uall [68ms]
[2022-10-19T20:23:36.277Z] > git symbolic-ref --short HEAD [1ms]
[2022-10-19T20:23:36.283Z] > git for-each-ref --format=%(refname)%00%(upstream:short)%00%(objectname)%00%(upstream:track)%00%(upstream:remotename)%00%(upstream:remoteref) refs/heads/master refs/remotes/master [1ms]
[2022-10-19T20:23:36.292Z] > git remote --verbose [1ms]
[2022-10-19T20:23:36.293Z] > git for-each-ref --sort -committerdate --format %(refname) %(objectname) %(*objectname) [6ms]
[2022-10-19T20:23:36.303Z] > git config --get commit.template [0ms]
[2022-10-19T20:24:59.386Z] > git status -z -uall [70ms]
[2022-10-19T20:24:59.392Z] > git symbolic-ref --short HEAD [1ms]
[2022-10-19T20:24:59.398Z] > git for-each-ref --format=%(refname)%00%(upstream:short)%00%(objectname)%00%(upstream:track)%00%(upstream:remotename)%00%(upstream:remoteref) refs/heads/master refs/remotes/master [1ms]
[2022-10-19T20:24:59.409Z] > git remote --verbose [2ms]
[2022-10-19T20:24:59.409Z] > git for-each-ref --sort -committerdate --format %(refname) %(objectname) %(*objectname) [7ms]
[2022-10-19T20:24:59.420Z] > git config --get commit.template [1ms]
[2022-10-19T20:25:51.555Z] > git status -z -uall [74ms]
[2022-10-19T20:25:51.560Z] > git symbolic-ref --short HEAD [0ms]
[2022-10-19T20:25:51.566Z] > git for-each-ref --format=%(refname)%00%(upstream:short)%00%(objectname)%00%(upstream:track)%00%(upstream:remotename)%00%(upstream:remoteref) refs/heads/master refs/remotes/master [1ms]
[2022-10-19T20:25:51.576Z] > git remote --verbose [1ms]
[2022-10-19T20:25:51.576Z] > git for-each-ref --sort -committerdate --format %(refname) %(objectname) %(*objectname) [5ms]
[2022-10-19T20:25:51.586Z] > git config --get commit.template [1ms]
[2022-10-19T20:26:11.556Z] > git status -z -uall [52ms]
[2022-10-19T20:26:11.561Z] > git symbolic-ref --short HEAD [0ms]
[2022-10-19T20:26:11.569Z] > git for-each-ref --format=%(refname)%00%(upstream:short)%00%(objectname)%00%(upstream:track)%00%(upstream:remotename)%00%(upstream:remoteref) refs/heads/master refs/remotes/master [2ms]
[2022-10-19T20:26:11.578Z] > git remote --verbose [1ms]
[2022-10-19T20:26:11.579Z] > git for-each-ref --sort -committerdate --format %(refname) %(objectname) %(*objectname) [6ms]
[2022-10-19T20:26:11.589Z] > git config --get commit.template [1ms]
[2022-10-19T20:26:11.882Z] > git fetch [396ms]
[2022-10-19T20:26:11.947Z] > git status -z -uall [56ms]
[2022-10-19T20:26:11.954Z] > git symbolic-ref --short HEAD [1ms]
[2022-10-19T20:26:11.961Z] > git for-each-ref --format=%(refname)%00%(upstream:short)%00%(objectname)%00%(upstream:track)%00%(upstream:remotename)%00%(upstream:remoteref) refs/heads/master refs/remotes/master [2ms]
[2022-10-19T20:26:11.973Z] > git remote --verbose [2ms]
[2022-10-19T20:26:11.973Z] > git for-each-ref --sort -committerdate --format %(refname) %(objectname) %(*objectname) [7ms]
[2022-10-19T20:26:11.993Z] > git config --get commit.template [8ms]
[2022-10-19T20:26:12.262Z] > git fetch [767ms]
[2022-10-19T20:26:12.275Z] > git status -z -uall [5ms]
[2022-10-19T20:26:12.284Z] > git symbolic-ref --short HEAD [1ms]
[2022-10-19T20:26:12.284Z] fatal: ref HEAD is not a symbolic ref
[2022-10-19T20:26:12.294Z] > git rev-parse HEAD [1ms]
[2022-10-19T20:26:12.307Z] > git remote --verbose [1ms]
[2022-10-19T20:26:12.307Z] > git for-each-ref --sort -committerdate --format %(refname) %(objectname) %(*objectname) [7ms]
[2022-10-19T20:26:12.313Z] > git config --get commit.template [0ms]
[2022-10-19T20:27:15.074Z] > git status -z -uall [9ms]
[2022-10-19T20:27:15.086Z] > git symbolic-ref --short HEAD [0ms]
[2022-10-19T20:27:15.086Z] fatal: ref HEAD is not a symbolic ref
[2022-10-19T20:27:15.093Z] > git rev-parse HEAD [0ms]
[2022-10-19T20:27:15.103Z] > git remote --verbose [1ms]
[2022-10-19T20:27:15.104Z] > git for-each-ref --sort -committerdate --format %(refname) %(objectname) %(*objectname) [6ms]
[2022-10-19T20:27:15.111Z] > git config --get commit.template [1ms]
[2022-10-19T20:27:15.129Z] > git ls-files --stage -- /home/nunoamorim/ITI/index.html [4ms]
[2022-10-19T20:27:15.137Z] > git status -z -uall [64ms]
[2022-10-19T20:27:15.142Z] > git cat-file -s b1c4d6ee8b021aab8f228fa22a328913429d0603 [5ms]
[2022-10-19T20:27:15.143Z] > git symbolic-ref --short HEAD [2ms]
[2022-10-19T20:27:15.150Z] > git for-each-ref --format=%(refname)%00%(upstream:short)%00%(objectname)%00%(upstream:track)%00%(upstream:remotename)%00%(upstream:remoteref) refs/heads/master refs/remotes/master [1ms]
[2022-10-19T20:27:15.168Z] > git for-each-ref --sort -committerdate --format %(refname) %(objectname) %(*objectname) [11ms]
[2022-10-19T20:27:15.168Z] > git remote --verbose [1ms]
[2022-10-19T20:27:15.190Z] > git config --get commit.template [9ms]
[2022-10-19T20:27:15.190Z] > git show --textconv :ITI/index.html [3ms]
[2022-10-19T20:27:54.887Z] > git status -z -uall [60ms]
[2022-10-19T20:27:54.892Z] > git symbolic-ref --short HEAD [1ms]
[2022-10-19T20:27:54.898Z] > git for-each-ref --format=%(refname)%00%(upstream:short)%00%(objectname)%00%(upstream:track)%00%(upstream:remotename)%00%(upstream:remoteref) refs/heads/master refs/remotes/master [2ms]
[2022-10-19T20:27:54.908Z] > git remote --verbose [2ms]
[2022-10-19T20:27:54.908Z] > git for-each-ref --sort -committerdate --format %(refname) %(objectname) %(*objectname) [6ms]
[2022-10-19T20:27:54.916Z] > git config --get commit.template [0ms]
[2022-10-19T20:27:59.976Z] > git status -z -uall [52ms]
[2022-10-19T20:27:59.982Z] > git symbolic-ref --short HEAD [1ms]
[2022-10-19T20:27:59.988Z] > git for-each-ref --format=%(refname)%00%(upstream:short)%00%(objectname)%00%(upstream:track)%00%(upstream:remotename)%00%(upstream:remoteref) refs/heads/master refs/remotes/master [1ms]
[2022-10-19T20:27:59.998Z] > git remote --verbose [1ms]
[2022-10-19T20:27:59.998Z] > git for-each-ref --sort -committerdate --format %(refname) %(objectname) %(*objectname) [6ms]
[2022-10-19T20:28:00.007Z] > git config --get commit.template [1ms]
[2022-10-19T20:28:22.581Z] > git status -z -uall [60ms]
[2022-10-19T20:28:22.586Z] > git symbolic-ref --short HEAD [1ms]
[2022-10-19T20:28:22.592Z] > git for-each-ref --format=%(refname)%00%(upstream:short)%00%(objectname)%00%(upstream:track)%00%(upstream:remotename)%00%(upstream:remoteref) refs/heads/master refs/remotes/master [1ms]
[2022-10-19T20:28:22.604Z] > git remote --verbose [1ms]
[2022-10-19T20:28:22.604Z] > git for-each-ref --sort -committerdate --format %(refname) %(objectname) %(*objectname) [7ms]
[2022-10-19T20:28:22.615Z] > git config --get commit.template [3ms]
[2022-10-19T20:28:44.106Z] > git status -z -uall [69ms]
[2022-10-19T20:28:44.112Z] > git symbolic-ref --short HEAD [1ms]
[2022-10-19T20:28:44.117Z] > git for-each-ref --format=%(refname)%00%(upstream:short)%00%(objectname)%00%(upstream:track)%00%(upstream:remotename)%00%(upstream:remoteref) refs/heads/master refs/remotes/master [0ms]
[2022-10-19T20:28:44.127Z] > git for-each-ref --sort -committerdate --format %(refname) %(objectname) %(*objectname) [5ms]
[2022-10-19T20:28:44.128Z] > git remote --verbose [2ms]
[2022-10-19T20:28:44.138Z] > git config --get commit.template [0ms]
[2022-10-19T20:28:59.851Z] > git status -z -uall [67ms]
[2022-10-19T20:28:59.856Z] > git symbolic-ref --short HEAD [1ms]
[2022-10-19T20:28:59.863Z] > git for-each-ref --format=%(refname)%00%(upstream:short)%00%(objectname)%00%(upstream:track)%00%(upstream:remotename)%00%(upstream:remoteref) refs/heads/master refs/remotes/master [1ms]
[2022-10-19T20:28:59.872Z] > git for-each-ref --sort -committerdate --format %(refname) %(objectname) %(*objectname) [5ms]
[2022-10-19T20:28:59.873Z] > git remote --verbose [2ms]
[2022-10-19T20:28:59.884Z] > git config --get commit.template [1ms]
[2022-10-19T20:29:04.940Z] > git status -z -uall [47ms]
[2022-10-19T20:29:04.946Z] > git symbolic-ref --short HEAD [1ms]
[2022-10-19T20:29:04.952Z] > git for-each-ref --format=%(refname)%00%(upstream:short)%00%(objectname)%00%(upstream:track)%00%(upstream:remotename)%00%(upstream:remoteref) refs/heads/master refs/remotes/master [1ms]
[2022-10-19T20:29:04.962Z] > git remote --verbose [1ms]
[2022-10-19T20:29:04.962Z] > git for-each-ref --sort -committerdate --format %(refname) %(objectname) %(*objectname) [6ms]
[2022-10-19T20:29:04.971Z] > git config --get commit.template [1ms]
[2022-10-19T20:29:10.033Z] > git status -z -uall [43ms]
[2022-10-19T20:29:10.038Z] > git symbolic-ref --short HEAD [1ms]
[2022-10-19T20:29:10.043Z] > git for-each-ref --format=%(refname)%00%(upstream:short)%00%(objectname)%00%(upstream:track)%00%(upstream:remotename)%00%(upstream:remoteref) refs/heads/master refs/remotes/master [1ms]
[2022-10-19T20:29:10.051Z] > git remote --verbose [1ms]
[2022-10-19T20:29:10.052Z] > git for-each-ref --sort -committerdate --format %(refname) %(objectname) %(*objectname) [5ms]
[2022-10-19T20:29:10.059Z] > git config --get commit.template [0ms]
[2022-10-19T20:29:12.378Z] > git fetch [376ms]
[2022-10-19T20:29:12.440Z] > git status -z -uall [55ms]
[2022-10-19T20:29:12.445Z] > git symbolic-ref --short HEAD [0ms]
[2022-10-19T20:29:12.451Z] > git for-each-ref --format=%(refname)%00%(upstream:short)%00%(objectname)%00%(upstream:track)%00%(upstream:remotename)%00%(upstream:remoteref) refs/heads/master refs/remotes/master [1ms]
[2022-10-19T20:29:12.459Z] > git remote --verbose [1ms]
[2022-10-19T20:29:12.460Z] > git for-each-ref --sort -committerdate --format %(refname) %(objectname) %(*objectname) [4ms]
[2022-10-19T20:29:12.468Z] > git config --get commit.template [0ms]
[2022-10-19T20:29:13.045Z] > git fetch [721ms]
[2022-10-19T20:29:13.053Z] > git status -z -uall [3ms]
[2022-10-19T20:29:13.059Z] > git symbolic-ref --short HEAD [1ms]
[2022-10-19T20:29:13.060Z] fatal: ref HEAD is not a symbolic ref
[2022-10-19T20:29:13.066Z] > git rev-parse HEAD [1ms]
[2022-10-19T20:29:13.077Z] > git for-each-ref --sort -committerdate --format %(refname) %(objectname) %(*objectname) [6ms]
[2022-10-19T20:29:13.077Z] > git remote --verbose [1ms]
[2022-10-19T20:29:13.086Z] > git config --get commit.template [1ms]
[2022-10-19T20:29:14.174Z] > git status -z -uall [10ms]
[2022-10-19T20:29:14.184Z] > git symbolic-ref --short HEAD [2ms]
[2022-10-19T20:29:14.184Z] fatal: ref HEAD is not a symbolic ref
[2022-10-19T20:29:14.191Z] > git rev-parse HEAD [1ms]
[2022-10-19T20:29:14.203Z] > git remote --verbose [1ms]
[2022-10-19T20:29:14.203Z] > git for-each-ref --sort -committerdate --format %(refname) %(objectname) %(*objectname) [7ms]
[2022-10-19T20:29:14.209Z] > git config --get commit.template [0ms]
[2022-10-19T20:29:14.257Z] > git ls-files --stage -- /home/nunoamorim/ITI/index.html [4ms]
[2022-10-19T20:29:14.262Z] > git cat-file -s b1c4d6ee8b021aab8f228fa22a328913429d0603 [1ms]
[2022-10-19T20:29:14.277Z] > git show --textconv :ITI/index.html [4ms]
[2022-10-19T20:29:15.112Z] > git status -z -uall [46ms]
[2022-10-19T20:29:15.117Z] > git symbolic-ref --short HEAD [1ms]
[2022-10-19T20:29:15.122Z] > git for-each-ref --format=%(refname)%00%(upstream:short)%00%(objectname)%00%(upstream:track)%00%(upstream:remotename)%00%(upstream:remoteref) refs/heads/master refs/remotes/master [1ms]
[2022-10-19T20:29:15.130Z] > git remote --verbose [1ms]
[2022-10-19T20:29:15.131Z] > git for-each-ref --sort -committerdate --format %(refname) %(objectname) %(*objectname) [5ms]
[2022-10-19T20:29:15.139Z] > git config --get commit.template [1ms]
[2022-10-19T20:29:20.221Z] > git status -z -uall [59ms]
[2022-10-19T20:29:20.227Z] > git symbolic-ref --short HEAD [1ms]
[2022-10-19T20:29:20.232Z] > git for-each-ref --format=%(refname)%00%(upstream:short)%00%(objectname)%00%(upstream:track)%00%(upstream:remotename)%00%(upstream:remoteref) refs/heads/master refs/remotes/master [1ms]
[2022-10-19T20:29:20.240Z] > git remote --verbose [1ms]
[2022-10-19T20:29:20.241Z] > git for-each-ref --sort -committerdate --format %(refname) %(objectname) %(*objectname) [5ms]
[2022-10-19T20:29:20.249Z] > git config --get commit.template [1ms]
[2022-10-19T20:29:25.316Z] > git status -z -uall [44ms]
[2022-10-19T20:29:25.321Z] > git symbolic-ref --short HEAD [1ms]
[2022-10-19T20:29:25.327Z] > git for-each-ref --format=%(refname)%00%(upstream:short)%00%(objectname)%00%(upstream:track)%00%(upstream:remotename)%00%(upstream:remoteref) refs/heads/master refs/remotes/master [1ms]
[2022-10-19T20:29:25.337Z] > git remote --verbose [2ms]
[2022-10-19T20:29:25.337Z] > git for-each-ref --sort -committerdate --format %(refname) %(objectname) %(*objectname) [6ms]
[2022-10-19T20:29:25.345Z] > git config --get commit.template [1ms]
[2022-10-19T20:29:40.013Z] > git status -z -uall [74ms]
[2022-10-19T20:29:40.018Z] > git symbolic-ref --short HEAD [1ms]
[2022-10-19T20:29:40.027Z] > git for-each-ref --format=%(refname)%00%(upstream:short)%00%(objectname)%00%(upstream:track)%00%(upstream:remotename)%00%(upstream:remoteref) refs/heads/master refs/remotes/master [2ms]
[2022-10-19T20:29:40.035Z] > git remote --verbose [1ms]
[2022-10-19T20:29:40.036Z] > git for-each-ref --sort -committerdate --format %(refname) %(objectname) %(*objectname) [5ms]
[2022-10-19T20:29:40.045Z] > git config --get commit.template [1ms]
[2022-10-19T20:29:45.107Z] > git status -z -uall [44ms]
[2022-10-19T20:29:45.111Z] > git symbolic-ref --short HEAD [0ms]
[2022-10-19T20:29:45.117Z] > git for-each-ref --format=%(refname)%00%(upstream:short)%00%(objectname)%00%(upstream:track)%00%(upstream:remotename)%00%(upstream:remoteref) refs/heads/master refs/remotes/master [1ms]
[2022-10-19T20:29:45.125Z] > git remote --verbose [1ms]
[2022-10-19T20:29:45.126Z] > git for-each-ref --sort -committerdate --format %(refname) %(objectname) %(*objectname) [5ms]
[2022-10-19T20:29:45.134Z] > git config --get commit.template [1ms]
[2022-10-19T20:29:50.206Z] > git status -z -uall [51ms]
[2022-10-19T20:29:50.212Z] > git symbolic-ref --short HEAD [1ms]
[2022-10-19T20:29:50.217Z] > git for-each-ref --format=%(refname)%00%(upstream:short)%00%(objectname)%00%(upstream:track)%00%(upstream:remotename)%00%(upstream:remoteref) refs/heads/master refs/remotes/master [1ms]
[2022-10-19T20:29:50.226Z] > git remote --verbose [1ms]
[2022-10-19T20:29:50.226Z] > git for-each-ref --sort -committerdate --format %(refname) %(objectname) %(*objectname) [5ms]
[2022-10-19T20:29:50.234Z] > git config --get commit.template [1ms]
[2022-10-19T20:29:55.316Z] > git status -z -uall [59ms]
[2022-10-19T20:29:55.321Z] > git symbolic-ref --short HEAD [1ms]
[2022-10-19T20:29:55.327Z] > git for-each-ref --format=%(refname)%00%(upstream:short)%00%(objectname)%00%(upstream:track)%00%(upstream:remotename)%00%(upstream:remoteref) refs/heads/master refs/remotes/master [1ms]
[2022-10-19T20:29:55.335Z] > git remote --verbose [0ms]
[2022-10-19T20:29:55.336Z] > git for-each-ref --sort -committerdate --format %(refname) %(objectname) %(*objectname) [5ms]
[2022-10-19T20:29:55.344Z] > git config --get commit.template [1ms]
[2022-10-19T20:30:00.398Z] > git status -z -uall [45ms]
[2022-10-19T20:30:00.403Z] > git symbolic-ref --short HEAD [1ms]
[2022-10-19T20:30:00.408Z] > git for-each-ref --format=%(refname)%00%(upstream:short)%00%(objectname)%00%(upstream:track)%00%(upstream:remotename)%00%(upstream:remoteref) refs/heads/master refs/remotes/master [1ms]
[2022-10-19T20:30:00.417Z] > git for-each-ref --sort -committerdate --format %(refname) %(objectname) %(*objectname) [5ms]
[2022-10-19T20:30:00.417Z] > git remote --verbose [1ms]
[2022-10-19T20:30:00.425Z] > git config --get commit.template [1ms]
[2022-10-19T20:30:05.480Z] > git status -z -uall [49ms]
[2022-10-19T20:30:05.486Z] > git symbolic-ref --short HEAD [1ms]
[2022-10-19T20:30:05.492Z] > git for-each-ref --format=%(refname)%00%(upstream:short)%00%(objectname)%00%(upstream:track)%00%(upstream:remotename)%00%(upstream:remoteref) refs/heads/master refs/remotes/master [1ms]
[2022-10-19T20:30:05.502Z] > git remote --verbose [2ms]
[2022-10-19T20:30:05.502Z] > git for-each-ref --sort -committerdate --format %(refname) %(objectname) %(*objectname) [6ms]
[2022-10-19T20:30:05.510Z] > git config --get commit.template [0ms]
[2022-10-19T20:32:31.791Z] > git status -z -uall [55ms]
[2022-10-19T20:32:31.796Z] > git symbolic-ref --short HEAD [2ms]
[2022-10-19T20:32:31.803Z] > git for-each-ref --format=%(refname)%00%(upstream:short)%00%(objectname)%00%(upstream:track)%00%(upstream:remotename)%00%(upstream:remoteref) refs/heads/master refs/remotes/master [1ms]
[2022-10-19T20:32:31.812Z] > git remote --verbose [1ms]
[2022-10-19T20:32:31.812Z] > git for-each-ref --sort -committerdate --format %(refname) %(objectname) %(*objectname) [5ms]
[2022-10-19T20:32:31.825Z] > git config --get commit.template [1ms]
[2022-10-19T20:32:32.099Z] > git fetch [380ms]
[2022-10-19T20:32:32.159Z] > git status -z -uall [53ms]
[2022-10-19T20:32:32.164Z] > git symbolic-ref --short HEAD [1ms]
[2022-10-19T20:32:32.169Z] > git for-each-ref --format=%(refname)%00%(upstream:short)%00%(objectname)%00%(upstream:track)%00%(upstream:remotename)%00%(upstream:remoteref) refs/heads/master refs/remotes/master [1ms]
[2022-10-19T20:32:32.178Z] > git remote --verbose [1ms]
[2022-10-19T20:32:32.178Z] > git for-each-ref --sort -committerdate --format %(refname) %(objectname) %(*objectname) [5ms]
[2022-10-19T20:32:32.186Z] > git config --get commit.template [0ms]
[2022-10-19T20:32:32.494Z] > git fetch [768ms]
[2022-10-19T20:32:32.511Z] > git status -z -uall [5ms]
[2022-10-19T20:32:32.519Z] > git symbolic-ref --short HEAD [1ms]
[2022-10-19T20:32:32.519Z] fatal: ref HEAD is not a symbolic ref
[2022-10-19T20:32:32.525Z] > git rev-parse HEAD [1ms]
[2022-10-19T20:32:32.534Z] > git for-each-ref --sort -committerdate --format %(refname) %(objectname) %(*objectname) [5ms]
[2022-10-19T20:32:32.534Z] > git remote --verbose [1ms]
[2022-10-19T20:32:32.541Z] > git config --get commit.template [0ms]
[2022-10-19T20:34:43.168Z] > git status -z -uall [7ms]
[2022-10-19T20:34:43.189Z] > git symbolic-ref --short HEAD [12ms]
[2022-10-19T20:34:43.189Z] fatal: ref HEAD is not a symbolic ref
[2022-10-19T20:34:43.197Z] > git ls-files --stage -- /home/nunoamorim/ITI/index.html [9ms]
[2022-10-19T20:34:43.203Z] > git rev-parse HEAD [8ms]
[2022-10-19T20:34:43.214Z] > git remote --verbose [2ms]
[2022-10-19T20:34:43.214Z] > git for-each-ref --sort -committerdate --format %(refname) %(objectname) %(*objectname) [6ms]
[2022-10-19T20:34:43.215Z] > git cat-file -s b1c4d6ee8b021aab8f228fa22a328913429d0603 [12ms]
[2022-10-19T20:34:43.221Z] > git config --get commit.template [1ms]
[2022-10-19T20:34:43.231Z] > git show --textconv :ITI/index.html [3ms]
[2022-10-19T20:34:43.233Z] > git status -z -uall [66ms]
[2022-10-19T20:34:43.244Z] > git symbolic-ref --short HEAD [0ms]
[2022-10-19T20:34:43.252Z] > git for-each-ref --format=%(refname)%00%(upstream:short)%00%(objectname)%00%(upstream:track)%00%(upstream:remotename)%00%(upstream:remoteref) refs/heads/master refs/remotes/master [1ms]
[2022-10-19T20:34:43.261Z] > git for-each-ref --sort -committerdate --format %(refname) %(objectname) %(*objectname) [4ms]
[2022-10-19T20:34:43.261Z] > git remote --verbose [1ms]
[2022-10-19T20:34:43.271Z] > git config --get commit.template [1ms]
[2022-10-19T20:35:11.345Z] > git status -z -uall [66ms]
[2022-10-19T20:35:11.349Z] > git symbolic-ref --short HEAD [0ms]
[2022-10-19T20:35:11.355Z] > git for-each-ref --format=%(refname)%00%(upstream:short)%00%(objectname)%00%(upstream:track)%00%(upstream:remotename)%00%(upstream:remoteref) refs/heads/master refs/remotes/master [1ms]
[2022-10-19T20:35:11.365Z] > git remote --verbose [2ms]
[2022-10-19T20:35:11.365Z] > git for-each-ref --sort -committerdate --format %(refname) %(objectname) %(*objectname) [6ms]
[2022-10-19T20:35:11.373Z] > git config --get commit.template [1ms]
[2022-10-19T20:36:12.696Z] > git status -z -uall [58ms]
[2022-10-19T20:36:12.701Z] > git symbolic-ref --short HEAD [1ms]
[2022-10-19T20:36:12.706Z] > git for-each-ref --format=%(refname)%00%(upstream:short)%00%(objectname)%00%(upstream:track)%00%(upstream:remotename)%00%(upstream:remoteref) refs/heads/master refs/remotes/master [1ms]
[2022-10-19T20:36:12.714Z] > git remote --verbose [1ms]
[2022-10-19T20:36:12.714Z] > git for-each-ref --sort -committerdate --format %(refname) %(objectname) %(*objectname) [4ms]
[2022-10-19T20:36:12.722Z] > git config --get commit.template [1ms]
[2022-10-19T20:36:13.006Z] > git fetch [381ms]
[2022-10-19T20:36:13.059Z] > git status -z -uall [48ms]
[2022-10-19T20:36:13.064Z] > git symbolic-ref --short HEAD [1ms]
[2022-10-19T20:36:13.069Z] > git for-each-ref --format=%(refname)%00%(upstream:short)%00%(objectname)%00%(upstream:track)%00%(upstream:remotename)%00%(upstream:remoteref) refs/heads/master refs/remotes/master [1ms]
[2022-10-19T20:36:13.078Z] > git remote --verbose [1ms]
[2022-10-19T20:36:13.078Z] > git for-each-ref --sort -committerdate --format %(refname) %(objectname) %(*objectname) [4ms]
[2022-10-19T20:36:13.088Z] > git config --get commit.template [1ms]
[2022-10-19T20:36:13.370Z] > git fetch [739ms]
[2022-10-19T20:36:13.376Z] > git status -z -uall [2ms]
[2022-10-19T20:36:13.380Z] > git symbolic-ref --short HEAD [1ms]
[2022-10-19T20:36:13.380Z] fatal: ref HEAD is not a symbolic ref
[2022-10-19T20:36:13.385Z] > git rev-parse HEAD [1ms]
[2022-10-19T20:36:13.393Z] > git remote --verbose [1ms]
[2022-10-19T20:36:13.393Z] > git for-each-ref --sort -committerdate --format %(refname) %(objectname) %(*objectname) [4ms]
[2022-10-19T20:36:13.400Z] > git config --get commit.template [1ms]
[2022-10-19T20:36:14.467Z] > git status -z -uall [3ms]
[2022-10-19T20:36:14.472Z] > git symbolic-ref --short HEAD [0ms]
[2022-10-19T20:36:14.472Z] fatal: ref HEAD is not a symbolic ref
[2022-10-19T20:36:14.478Z] > git rev-parse HEAD [1ms]
[2022-10-19T20:36:14.488Z] > git remote --verbose [1ms]
[2022-10-19T20:36:14.488Z] > git for-each-ref --sort -committerdate --format %(refname) %(objectname) %(*objectname) [6ms]
[2022-10-19T20:36:14.494Z] > git config --get commit.template [0ms]
[2022-10-19T20:36:14.586Z] > git ls-files --stage -- /home/nunoamorim/ITI/index.html [7ms]
[2022-10-19T20:36:14.595Z] > git cat-file -s b1c4d6ee8b021aab8f228fa22a328913429d0603 [1ms]
[2022-10-19T20:36:14.611Z] > git show --textconv :ITI/index.html [3ms]
[2022-10-19T20:37:22.179Z] > git status -z -uall [53ms]
[2022-10-19T20:37:22.183Z] > git symbolic-ref --short HEAD [0ms]
[2022-10-19T20:37:22.189Z] > git for-each-ref --format=%(refname)%00%(upstream:short)%00%(objectname)%00%(upstream:track)%00%(upstream:remotename)%00%(upstream:remoteref) refs/heads/master refs/remotes/master [1ms]
[2022-10-19T20:37:22.200Z] > git for-each-ref --sort -committerdate --format %(refname) %(objectname) %(*objectname) [5ms]
[2022-10-19T20:37:22.201Z] > git remote --verbose [2ms]
[2022-10-19T20:37:22.215Z] > git config --get commit.template [1ms]
[2022-10-19T20:37:27.263Z] > git status -z -uall [43ms]
[2022-10-19T20:37:27.268Z] > git symbolic-ref --short HEAD [1ms]
[2022-10-19T20:37:27.273Z] > git for-each-ref --format=%(refname)%00%(upstream:short)%00%(objectname)%00%(upstream:track)%00%(upstream:remotename)%00%(upstream:remoteref) refs/heads/master refs/remotes/master [1ms]
[2022-10-19T20:37:27.280Z] > git for-each-ref --sort -committerdate --format %(refname) %(objectname) %(*objectname) [4ms]
[2022-10-19T20:37:27.281Z] > git remote --verbose [1ms]
[2022-10-19T20:37:27.289Z] > git config --get commit.template [0ms]
[2022-10-19T20:37:32.341Z] > git status -z -uall [42ms]
[2022-10-19T20:37:32.346Z] > git symbolic-ref --short HEAD [0ms]
[2022-10-19T20:37:32.351Z] > git for-each-ref --format=%(refname)%00%(upstream:short)%00%(objectname)%00%(upstream:track)%00%(upstream:remotename)%00%(upstream:remoteref) refs/heads/master refs/remotes/master [1ms]
[2022-10-19T20:37:32.359Z] > git remote --verbose [1ms]
[2022-10-19T20:37:32.359Z] > git for-each-ref --sort -committerdate --format %(refname) %(objectname) %(*objectname) [5ms]
[2022-10-19T20:37:32.368Z] > git config --get commit.template [1ms]
[2022-10-19T20:37:37.424Z] > git status -z -uall [46ms]
[2022-10-19T20:37:37.429Z] > git symbolic-ref --short HEAD [1ms]
[2022-10-19T20:37:37.435Z] > git for-each-ref --format=%(refname)%00%(upstream:short)%00%(objectname)%00%(upstream:track)%00%(upstream:remotename)%00%(upstream:remoteref) refs/heads/master refs/remotes/master [1ms]
[2022-10-19T20:37:37.443Z] > git remote --verbose [0ms]
[2022-10-19T20:37:37.443Z] > git for-each-ref --sort -committerdate --format %(refname) %(objectname) %(*objectname) [5ms]
[2022-10-19T20:37:37.450Z] > git config --get commit.template [0ms]
[2022-10-19T20:39:39.867Z] > git status -z -uall [65ms]
[2022-10-19T20:39:39.875Z] > git symbolic-ref --short HEAD [2ms]
[2022-10-19T20:39:39.883Z] > git for-each-ref --format=%(refname)%00%(upstream:short)%00%(objectname)%00%(upstream:track)%00%(upstream:remotename)%00%(upstream:remoteref) refs/heads/master refs/remotes/master [1ms]
[2022-10-19T20:39:39.900Z] > git remote --verbose [2ms]
[2022-10-19T20:39:39.900Z] > git for-each-ref --sort -committerdate --format %(refname) %(objectname) %(*objectname) [10ms]
[2022-10-19T20:39:39.934Z] > git config --get commit.template [8ms]
[2022-10-19T20:39:40.197Z] > git fetch [408ms]
[2022-10-19T20:39:40.260Z] > git status -z -uall [54ms]
[2022-10-19T20:39:40.265Z] > git symbolic-ref --short HEAD [1ms]
[2022-10-19T20:39:40.271Z] > git for-each-ref --format=%(refname)%00%(upstream:short)%00%(objectname)%00%(upstream:track)%00%(upstream:remotename)%00%(upstream:remoteref) refs/heads/master refs/remotes/master [1ms]
[2022-10-19T20:39:40.280Z] > git for-each-ref --sort -committerdate --format %(refname) %(objectname) %(*objectname) [5ms]
[2022-10-19T20:39:40.281Z] > git remote --verbose [2ms]
[2022-10-19T20:39:40.295Z] > git config --get commit.template [1ms]
[2022-10-19T20:39:40.574Z] > git fetch [778ms]
[2022-10-19T20:39:40.587Z] > git status -z -uall [4ms]
[2022-10-19T20:39:40.595Z] > git symbolic-ref --short HEAD [1ms]
[2022-10-19T20:39:40.595Z] fatal: ref HEAD is not a symbolic ref
[2022-10-19T20:39:40.602Z] > git rev-parse HEAD [1ms]
[2022-10-19T20:39:40.612Z] > git remote --verbose [1ms]
[2022-10-19T20:39:40.613Z] > git for-each-ref --sort -committerdate --format %(refname) %(objectname) %(*objectname) [7ms]
[2022-10-19T20:39:40.625Z] > git config --get commit.template [0ms]
[2022-10-19T20:39:41.713Z] > git status -z -uall [7ms]
[2022-10-19T20:39:41.727Z] > git symbolic-ref --short HEAD [2ms]
[2022-10-19T20:39:41.727Z] fatal: ref HEAD is not a symbolic ref
[2022-10-19T20:39:41.737Z] > git rev-parse HEAD [1ms]
[2022-10-19T20:39:41.749Z] > git remote --verbose [1ms]
[2022-10-19T20:39:41.749Z] > git for-each-ref --sort -committerdate --format %(refname) %(objectname) %(*objectname) [6ms]
[2022-10-19T20:39:41.755Z] > git config --get commit.template [0ms]
[2022-10-19T20:39:41.845Z] > git ls-files --stage -- /home/nunoamorim/ITI/index.html [4ms]
[2022-10-19T20:39:41.852Z] > git cat-file -s b1c4d6ee8b021aab8f228fa22a328913429d0603 [1ms]
[2022-10-19T20:39:41.868Z] > git show --textconv :ITI/index.html [4ms]
[2022-10-19T20:39:44.991Z] > git status -z -uall [49ms]
[2022-10-19T20:39:44.996Z] > git symbolic-ref --short HEAD [1ms]
[2022-10-19T20:39:45.002Z] > git for-each-ref --format=%(refname)%00%(upstream:short)%00%(objectname)%00%(upstream:track)%00%(upstream:remotename)%00%(upstream:remoteref) refs/heads/master refs/remotes/master [1ms]
[2022-10-19T20:39:45.010Z] > git for-each-ref --sort -committerdate --format %(refname) %(objectname) %(*objectname) [4ms]
[2022-10-19T20:39:45.011Z] > git remote --verbose [2ms]
[2022-10-19T20:39:45.018Z] > git config --get commit.template [0ms]
[2022-10-19T20:39:54.917Z] > git status -z -uall [61ms]
[2022-10-19T20:39:54.923Z] > git symbolic-ref --short HEAD [2ms]
[2022-10-19T20:39:54.930Z] > git for-each-ref --format=%(refname)%00%(upstream:short)%00%(objectname)%00%(upstream:track)%00%(upstream:remotename)%00%(upstream:remoteref) refs/heads/master refs/remotes/master [1ms]
[2022-10-19T20:39:54.940Z] > git remote --verbose [2ms]
[2022-10-19T20:39:54.940Z] > git for-each-ref --sort -committerdate --format %(refname) %(objectname) %(*objectname) [5ms]
[2022-10-19T20:39:54.950Z] > git config --get commit.template [1ms]
[2022-10-19T20:40:00.018Z] > git status -z -uall [50ms]
[2022-10-19T20:40:00.025Z] > git symbolic-ref --short HEAD [1ms]
[2022-10-19T20:40:00.032Z] > git for-each-ref --format=%(refname)%00%(upstream:short)%00%(objectname)%00%(upstream:track)%00%(upstream:remotename)%00%(upstream:remoteref) refs/heads/master refs/remotes/master [1ms]
[2022-10-19T20:40:00.043Z] > git for-each-ref --sort -committerdate --format %(refname) %(objectname) %(*objectname) [6ms]
[2022-10-19T20:40:00.046Z] > git remote --verbose [3ms]
[2022-10-19T20:40:00.056Z] > git config --get commit.template [1ms]
[2022-10-19T20:40:05.537Z] > git status -z -uall [101ms]
[2022-10-19T20:40:05.548Z] > git symbolic-ref --short HEAD [2ms]
[2022-10-19T20:40:05.558Z] > git for-each-ref --format=%(refname)%00%(upstream:short)%00%(objectname)%00%(upstream:track)%00%(upstream:remotename)%00%(upstream:remoteref) refs/heads/master refs/remotes/master [2ms]
[2022-10-19T20:40:05.573Z] > git remote --verbose [1ms]
[2022-10-19T20:40:05.573Z] > git for-each-ref --sort -committerdate --format %(refname) %(objectname) %(*objectname) [7ms]
[2022-10-19T20:40:05.589Z] > git config --get commit.template [2ms]
[2022-10-19T20:40:10.643Z] > git status -z -uall [47ms]
[2022-10-19T20:40:10.649Z] > git symbolic-ref --short HEAD [1ms]
[2022-10-19T20:40:10.656Z] > git for-each-ref --format=%(refname)%00%(upstream:short)%00%(objectname)%00%(upstream:track)%00%(upstream:remotename)%00%(upstream:remoteref) refs/heads/master refs/remotes/master [2ms]
[2022-10-19T20:40:10.666Z] > git for-each-ref --sort -committerdate --format %(refname) %(objectname) %(*objectname) [5ms]
[2022-10-19T20:40:10.667Z] > git remote --verbose [1ms]
[2022-10-19T20:40:10.676Z] > git config --get commit.template [0ms]
[2022-10-19T20:40:27.966Z] > git status -z -uall [52ms]
[2022-10-19T20:40:27.972Z] > git symbolic-ref --short HEAD [1ms]
[2022-10-19T20:40:27.977Z] > git for-each-ref --format=%(refname)%00%(upstream:short)%00%(objectname)%00%(upstream:track)%00%(upstream:remotename)%00%(upstream:remoteref) refs/heads/master refs/remotes/master [1ms]
[2022-10-19T20:40:27.986Z] > git for-each-ref --sort -committerdate --format %(refname) %(objectname) %(*objectname) [5ms]
[2022-10-19T20:40:27.987Z] > git remote --verbose [1ms]
[2022-10-19T20:40:27.994Z] > git config --get commit.template [1ms]
[2022-10-19T20:41:00.238Z] > git status -z -uall [64ms]
[2022-10-19T20:41:00.245Z] > git symbolic-ref --short HEAD [2ms]
[2022-10-19T20:41:00.252Z] > git for-each-ref --format=%(refname)%00%(upstream:short)%00%(objectname)%00%(upstream:track)%00%(upstream:remotename)%00%(upstream:remoteref) refs/heads/master refs/remotes/master [1ms]
[2022-10-19T20:41:00.262Z] > git for-each-ref --sort -committerdate --format %(refname) %(objectname) %(*objectname) [5ms]
[2022-10-19T20:41:00.262Z] > git remote --verbose [1ms]
[2022-10-19T20:41:00.273Z] > git config --get commit.template [1ms]
[2022-10-19T20:41:05.328Z] > git status -z -uall [44ms]
[2022-10-19T20:41:05.333Z] > git symbolic-ref --short HEAD [1ms]
[2022-10-19T20:41:05.339Z] > git for-each-ref --format=%(refname)%00%(upstream:short)%00%(objectname)%00%(upstream:track)%00%(upstream:remotename)%00%(upstream:remoteref) refs/heads/master refs/remotes/master [1ms]
[2022-10-19T20:41:05.349Z] > git for-each-ref --sort -committerdate --format %(refname) %(objectname) %(*objectname) [6ms]
[2022-10-19T20:41:05.349Z] > git remote --verbose [1ms]
[2022-10-19T20:41:05.361Z] > git config --get commit.template [1ms]
[2022-10-19T20:41:30.450Z] > git status -z -uall [77ms]
[2022-10-19T20:41:30.455Z] > git symbolic-ref --short HEAD [1ms]
[2022-10-19T20:41:30.460Z] > git for-each-ref --format=%(refname)%00%(upstream:short)%00%(objectname)%00%(upstream:track)%00%(upstream:remotename)%00%(upstream:remoteref) refs/heads/master refs/remotes/master [1ms]
[2022-10-19T20:41:30.473Z] > git remote --verbose [1ms]
[2022-10-19T20:41:30.473Z] > git for-each-ref --sort -committerdate --format %(refname) %(objectname) %(*objectname) [7ms]
[2022-10-19T20:41:30.483Z] > git config --get commit.template [1ms]
[2022-10-19T20:41:35.546Z] > git status -z -uall [44ms]
[2022-10-19T20:41:35.551Z] > git symbolic-ref --short HEAD [1ms]
[2022-10-19T20:41:35.557Z] > git for-each-ref --format=%(refname)%00%(upstream:short)%00%(objectname)%00%(upstream:track)%00%(upstream:remotename)%00%(upstream:remoteref) refs/heads/master refs/remotes/master [1ms]
[2022-10-19T20:41:35.565Z] > git remote --verbose [1ms]
[2022-10-19T20:41:35.566Z] > git for-each-ref --sort -committerdate --format %(refname) %(objectname) %(*objectname) [6ms]
[2022-10-19T20:41:35.574Z] > git config --get commit.template [1ms]
[2022-10-19T20:41:57.644Z] > git status -z -uall [58ms]
[2022-10-19T20:41:57.650Z] > git symbolic-ref --short HEAD [1ms]
[2022-10-19T20:41:57.657Z] > git for-each-ref --format=%(refname)%00%(upstream:short)%00%(objectname)%00%(upstream:track)%00%(upstream:remotename)%00%(upstream:remoteref) refs/heads/master refs/remotes/master [2ms]
[2022-10-19T20:41:57.666Z] > git for-each-ref --sort -committerdate --format %(refname) %(objectname) %(*objectname) [5ms]
[2022-10-19T20:41:57.666Z] > git remote --verbose [1ms]
[2022-10-19T20:41:57.676Z] > git config --get commit.template [0ms]
[2022-10-19T20:42:24.629Z] > git status -z -uall [72ms]
[2022-10-19T20:42:24.636Z] > git symbolic-ref --short HEAD [2ms]
[2022-10-19T20:42:24.643Z] > git for-each-ref --format=%(refname)%00%(upstream:short)%00%(objectname)%00%(upstream:track)%00%(upstream:remotename)%00%(upstream:remoteref) refs/heads/master refs/remotes/master [1ms]
[2022-10-19T20:42:24.654Z] > git remote --verbose [1ms]
[2022-10-19T20:42:24.655Z] > git for-each-ref --sort -committerdate --format %(refname) %(objectname) %(*objectname) [7ms]
[2022-10-19T20:42:24.665Z] > git config --get commit.template [1ms]
[2022-10-19T20:48:24.011Z] > git status -z -uall [160ms]
[2022-10-19T20:48:24.020Z] > git symbolic-ref --short HEAD [2ms]
[2022-10-19T20:48:24.030Z] > git for-each-ref --format=%(refname)%00%(upstream:short)%00%(objectname)%00%(upstream:track)%00%(upstream:remotename)%00%(upstream:remoteref) refs/heads/master refs/remotes/master [1ms]
[2022-10-19T20:48:24.048Z] > git remote --verbose [2ms]
[2022-10-19T20:48:24.048Z] > git for-each-ref --sort -committerdate --format %(refname) %(objectname) %(*objectname) [11ms]
[2022-10-19T20:48:24.062Z] > git config --get commit.template [1ms]
[2022-10-19T20:48:24.275Z] > git fetch [443ms]
[2022-10-19T20:48:24.339Z] > git status -z -uall [57ms]
[2022-10-19T20:48:24.346Z] > git symbolic-ref --short HEAD [1ms]
[2022-10-19T20:48:24.350Z] > git for-each-ref --format=%(refname)%00%(upstream:short)%00%(objectname)%00%(upstream:track)%00%(upstream:remotename)%00%(upstream:remoteref) refs/heads/master refs/remotes/master [1ms]
[2022-10-19T20:48:24.359Z] > git remote --verbose [2ms]
[2022-10-19T20:48:24.360Z] > git for-each-ref --sort -committerdate --format %(refname) %(objectname) %(*objectname) [6ms]
[2022-10-19T20:48:24.367Z] > git config --get commit.template [1ms]
[2022-10-19T20:48:24.629Z] > git fetch [788ms]
[2022-10-19T20:48:24.638Z] > git status -z -uall [3ms]
[2022-10-19T20:48:24.647Z] > git symbolic-ref --short HEAD [1ms]
[2022-10-19T20:48:24.647Z] fatal: ref HEAD is not a symbolic ref
[2022-10-19T20:48:24.654Z] > git rev-parse HEAD [1ms]
[2022-10-19T20:48:24.665Z] > git for-each-ref --sort -committerdate --format %(refname) %(objectname) %(*objectname) [5ms]
[2022-10-19T20:48:24.666Z] > git remote --verbose [2ms]
[2022-10-19T20:48:24.671Z] > git config --get commit.template [0ms]
[2022-10-19T20:48:25.742Z] > git status -z -uall [3ms]
[2022-10-19T20:48:25.747Z] > git symbolic-ref --short HEAD [0ms]
[2022-10-19T20:48:25.748Z] fatal: ref HEAD is not a symbolic ref
[2022-10-19T20:48:25.753Z] > git rev-parse HEAD [1ms]
[2022-10-19T20:48:25.761Z] > git for-each-ref --sort -committerdate --format %(refname) %(objectname) %(*objectname) [5ms]
[2022-10-19T20:48:25.761Z] > git remote --verbose [1ms]
[2022-10-19T20:48:25.767Z] > git config --get commit.template [1ms]
[2022-10-19T20:48:25.851Z] > git ls-files --stage -- /home/nunoamorim/ITI/index.html [3ms]
[2022-10-19T20:48:25.856Z] > git cat-file -s b1c4d6ee8b021aab8f228fa22a328913429d0603 [1ms]
[2022-10-19T20:48:25.881Z] > git show --textconv :ITI/index.html [3ms]
