[2022-09-28 15:18:13.941] [exthost] [info] Extension host with pid 273 started
[2022-09-28 15:18:13.972] [exthost] [info] Lock '/home/nunoamorim/.vscode-server/data/User/workspaceStorage/a9f5109e99d391079f85d3e92812567a/vscode.lock': Lock acquired.
[2022-09-28 15:18:14.038] [exthost] [info] ExtensionService#_doActivateExtension vscode.debug-auto-launch, startup: true, activationEvent: '*'
[2022-09-28 15:18:14.049] [exthost] [info] ExtensionService#_doActivateExtension vscode.git-base, startup: true, activationEvent: '*'
[2022-09-28 15:18:14.056] [exthost] [info] ExtensionService#_doActivateExtension vscode.ipynb, startup: true, activationEvent: '*'
[2022-09-28 15:18:14.279] [exthost] [info] ExtensionService#_doActivateExtension vscode.github, startup: true, activationEvent: '*'
[2022-09-28 15:18:14.298] [exthost] [info] ExtensionService#_doActivateExtension vscode.emmet, startup: false, activationEvent: 'onStartupFinished'
[2022-09-28 15:18:14.317] [exthost] [info] ExtensionService#_doActivateExtension vscode.merge-conflict, startup: false, activationEvent: 'onStartupFinished'
[2022-09-28 15:18:14.323] [exthost] [info] Eager extensions activated
[2022-09-28 15:18:14.704] [exthost] [info] ExtensionService#_doActivateExtension vscode.git, startup: false, activationEvent: 'api', root cause: vscode.github
[2022-09-28 15:34:19.513] [exthost] [info] ExtensionService#_doActivateExtension GitHub.vscode-pull-request-github, startup: false, activationEvent: '*'
[2022-09-28 15:47:28.063] [exthost] [info] ExtensionService#_doActivateExtension vscode.configuration-editing, startup: false, activationEvent: 'onLanguage:json'
[2022-09-28 15:47:28.072] [exthost] [info] ExtensionService#_doActivateExtension vscode.extension-editing, startup: false, activationEvent: 'onLanguage:json'
[2022-09-28 15:47:28.095] [exthost] [info] ExtensionService#_doActivateExtension vscode.json-language-features, startup: false, activationEvent: 'onLanguage:json'
[2022-09-28 15:47:28.210] [exthost] [info] ExtensionService#_doActivateExtension vscode.npm, startup: false, activationEvent: 'onLanguage:json'
[2022-09-28 15:47:40.220] [exthost] [info] ExtensionService#_doActivateExtension vscode.typescript-language-features, startup: false, activationEvent: 'onLanguage:javascript'
[2022-09-28 15:50:17.334] [exthost] [warning] [Decorations] CAPPING events from decorations provider vscode.git 1881
[2022-09-28 15:50:17.749] [exthost] [warning] [Decorations] CAPPING events from decorations provider vscode.git 1881
[2022-09-28 15:50:17.829] [exthost] [warning] [Decorations] CAPPING events from decorations provider vscode.git 1881
[2022-09-28 15:50:21.904] [exthost] [warning] [Decorations] CAPPING events from decorations provider vscode.git 1881
[2022-09-28 16:01:18.413] [exthost] [info] ExtensionService#_doActivateExtension vscode.debug-server-ready, startup: false, activationEvent: 'onDebugResolve'
[2022-09-28 16:09:11.381] [exthost] [info] ExtensionService#_doActivateExtension ms-vscode.js-debug, startup: false, activationEvent: 'onDebugInitialConfigurations'
[2022-09-28 16:09:35.335] [exthost] [info] ExtensionService#_doActivateExtension vscode.grunt, startup: false, activationEvent: 'onTaskType:grunt'
[2022-09-28 16:09:35.341] [exthost] [info] ExtensionService#_doActivateExtension vscode.gulp, startup: false, activationEvent: 'onTaskType:gulp'
[2022-09-28 16:09:35.344] [exthost] [info] ExtensionService#_doActivateExtension vscode.jake, startup: false, activationEvent: 'onTaskType:jake'
[2022-09-28 16:44:13.027] [exthost] [warning] [Decorations] CAPPING events from decorations provider vscode.git 408
[2022-09-28 16:44:18.109] [exthost] [warning] [Decorations] CAPPING events from decorations provider vscode.git 408
[2022-09-28 16:44:23.181] [exthost] [warning] [Decorations] CAPPING events from decorations provider vscode.git 408
[2022-09-28 16:44:28.248] [exthost] [warning] [Decorations] CAPPING events from decorations provider vscode.git 408
[2022-09-28 16:44:33.327] [exthost] [warning] [Decorations] CAPPING events from decorations provider vscode.git 672
[2022-09-28 16:44:38.387] [exthost] [warning] [Decorations] CAPPING events from decorations provider vscode.git 672
[2022-09-28 16:44:43.449] [exthost] [warning] [Decorations] CAPPING events from decorations provider vscode.git 827
[2022-09-28 16:44:48.527] [exthost] [warning] [Decorations] CAPPING events from decorations provider vscode.git 827
[2022-09-28 16:44:53.611] [exthost] [warning] [Decorations] CAPPING events from decorations provider vscode.git 827
[2022-09-28 16:44:58.677] [exthost] [warning] [Decorations] CAPPING events from decorations provider vscode.git 827
[2022-09-28 16:45:03.758] [exthost] [warning] [Decorations] CAPPING events from decorations provider vscode.git 827
[2022-09-28 16:45:08.849] [exthost] [warning] [Decorations] CAPPING events from decorations provider vscode.git 827
[2022-09-28 16:45:13.938] [exthost] [warning] [Decorations] CAPPING events from decorations provider vscode.git 827
[2022-09-28 16:45:19.011] [exthost] [warning] [Decorations] CAPPING events from decorations provider vscode.git 827
[2022-09-28 16:45:24.096] [exthost] [warning] [Decorations] CAPPING events from decorations provider vscode.git 827
[2022-09-28 16:45:29.192] [exthost] [warning] [Decorations] CAPPING events from decorations provider vscode.git 827
[2022-09-28 16:45:34.255] [exthost] [warning] [Decorations] CAPPING events from decorations provider vscode.git 827
[2022-09-28 16:45:39.319] [exthost] [warning] [Decorations] CAPPING events from decorations provider vscode.git 827
[2022-09-28 16:45:44.388] [exthost] [warning] [Decorations] CAPPING events from decorations provider vscode.git 827
[2022-09-28 16:45:49.465] [exthost] [warning] [Decorations] CAPPING events from decorations provider vscode.git 828
[2022-09-28 16:45:54.531] [exthost] [warning] [Decorations] CAPPING events from decorations provider vscode.git 828
[2022-09-28 16:45:59.619] [exthost] [warning] [Decorations] CAPPING events from decorations provider vscode.git 828
[2022-09-28 16:46:04.712] [exthost] [warning] [Decorations] CAPPING events from decorations provider vscode.git 828
[2022-09-28 16:46:09.808] [exthost] [warning] [Decorations] CAPPING events from decorations provider vscode.git 828
[2022-09-28 16:46:14.877] [exthost] [warning] [Decorations] CAPPING events from decorations provider vscode.git 829
[2022-09-28 16:46:19.947] [exthost] [warning] [Decorations] CAPPING events from decorations provider vscode.git 829
[2022-09-28 16:46:25.019] [exthost] [warning] [Decorations] CAPPING events from decorations provider vscode.git 829
[2022-09-28 16:46:30.080] [exthost] [warning] [Decorations] CAPPING events from decorations provider vscode.git 829
[2022-09-28 16:46:35.167] [exthost] [warning] [Decorations] CAPPING events from decorations provider vscode.git 829
[2022-09-28 16:46:40.255] [exthost] [warning] [Decorations] CAPPING events from decorations provider vscode.git 829
[2022-09-28 16:46:45.319] [exthost] [warning] [Decorations] CAPPING events from decorations provider vscode.git 829
[2022-09-28 16:46:50.383] [exthost] [warning] [Decorations] CAPPING events from decorations provider vscode.git 829
[2022-09-28 16:46:55.471] [exthost] [warning] [Decorations] CAPPING events from decorations provider vscode.git 829
[2022-09-28 16:47:00.534] [exthost] [warning] [Decorations] CAPPING events from decorations provider vscode.git 829
[2022-09-28 16:47:03.126] [exthost] [warning] [Decorations] CAPPING events from decorations provider vscode.git 829
[2022-09-28 16:47:07.429] [exthost] [warning] [Decorations] CAPPING events from decorations provider vscode.git 829
[2022-09-28 16:47:12.497] [exthost] [warning] [Decorations] CAPPING events from decorations provider vscode.git 829
[2022-09-28 16:47:17.577] [exthost] [warning] [Decorations] CAPPING events from decorations provider vscode.git 829
[2022-09-28 16:47:22.656] [exthost] [warning] [Decorations] CAPPING events from decorations provider vscode.git 829
[2022-09-28 16:47:27.722] [exthost] [warning] [Decorations] CAPPING events from decorations provider vscode.git 829
[2022-09-28 16:47:32.789] [exthost] [warning] [Decorations] CAPPING events from decorations provider vscode.git 829
[2022-09-28 16:47:37.875] [exthost] [warning] [Decorations] CAPPING events from decorations provider vscode.git 829
[2022-09-28 16:47:42.950] [exthost] [warning] [Decorations] CAPPING events from decorations provider vscode.git 829
[2022-09-28 16:47:48.018] [exthost] [warning] [Decorations] CAPPING events from decorations provider vscode.git 829
[2022-09-28 16:47:53.110] [exthost] [warning] [Decorations] CAPPING events from decorations provider vscode.git 829
[2022-09-28 16:47:58.178] [exthost] [warning] [Decorations] CAPPING events from decorations provider vscode.git 829
[2022-09-28 16:48:03.247] [exthost] [warning] [Decorations] CAPPING events from decorations provider vscode.git 829
[2022-09-28 16:48:08.313] [exthost] [warning] [Decorations] CAPPING events from decorations provider vscode.git 829
[2022-09-28 16:48:13.376] [exthost] [warning] [Decorations] CAPPING events from decorations provider vscode.git 829
[2022-09-28 16:48:18.444] [exthost] [warning] [Decorations] CAPPING events from decorations provider vscode.git 829
[2022-09-28 16:48:23.506] [exthost] [warning] [Decorations] CAPPING events from decorations provider vscode.git 829
[2022-09-28 16:48:28.599] [exthost] [warning] [Decorations] CAPPING events from decorations provider vscode.git 829
[2022-09-28 16:48:33.668] [exthost] [warning] [Decorations] CAPPING events from decorations provider vscode.git 829
[2022-09-28 16:48:38.734] [exthost] [warning] [Decorations] CAPPING events from decorations provider vscode.git 829
[2022-09-28 16:48:43.801] [exthost] [warning] [Decorations] CAPPING events from decorations provider vscode.git 829
[2022-09-28 16:48:48.884] [exthost] [warning] [Decorations] CAPPING events from decorations provider vscode.git 829
[2022-09-28 16:48:53.953] [exthost] [warning] [Decorations] CAPPING events from decorations provider vscode.git 829
[2022-09-28 16:48:59.022] [exthost] [warning] [Decorations] CAPPING events from decorations provider vscode.git 829
[2022-09-28 16:49:04.091] [exthost] [warning] [Decorations] CAPPING events from decorations provider vscode.git 829
[2022-09-28 16:49:09.158] [exthost] [warning] [Decorations] CAPPING events from decorations provider vscode.git 829
[2022-09-28 16:49:14.234] [exthost] [warning] [Decorations] CAPPING events from decorations provider vscode.git 829
[2022-09-28 16:49:19.298] [exthost] [warning] [Decorations] CAPPING events from decorations provider vscode.git 829
[2022-09-28 16:49:24.359] [exthost] [warning] [Decorations] CAPPING events from decorations provider vscode.git 829
[2022-09-28 16:49:29.423] [exthost] [warning] [Decorations] CAPPING events from decorations provider vscode.git 829
[2022-09-28 16:49:34.489] [exthost] [warning] [Decorations] CAPPING events from decorations provider vscode.git 829
[2022-09-28 16:49:39.554] [exthost] [warning] [Decorations] CAPPING events from decorations provider vscode.git 829
[2022-09-28 16:49:44.627] [exthost] [warning] [Decorations] CAPPING events from decorations provider vscode.git 829
[2022-09-28 16:49:49.701] [exthost] [warning] [Decorations] CAPPING events from decorations provider vscode.git 829
[2022-09-28 16:49:54.770] [exthost] [warning] [Decorations] CAPPING events from decorations provider vscode.git 829
[2022-09-28 16:49:59.854] [exthost] [warning] [Decorations] CAPPING events from decorations provider vscode.git 829
[2022-09-28 16:50:03.712] [exthost] [warning] [Decorations] CAPPING events from decorations provider vscode.git 829
[2022-09-28 16:50:04.942] [exthost] [warning] [Decorations] CAPPING events from decorations provider vscode.git 829
[2022-09-28 16:50:10.013] [exthost] [warning] [Decorations] CAPPING events from decorations provider vscode.git 829
[2022-09-28 16:50:15.098] [exthost] [warning] [Decorations] CAPPING events from decorations provider vscode.git 830
[2022-09-28 16:50:20.160] [exthost] [warning] [Decorations] CAPPING events from decorations provider vscode.git 830
[2022-09-28 16:50:25.236] [exthost] [warning] [Decorations] CAPPING events from decorations provider vscode.git 830
[2022-09-28 16:50:30.312] [exthost] [warning] [Decorations] CAPPING events from decorations provider vscode.git 830
[2022-09-28 16:50:35.402] [exthost] [warning] [Decorations] CAPPING events from decorations provider vscode.git 830
[2022-09-28 16:50:40.473] [exthost] [warning] [Decorations] CAPPING events from decorations provider vscode.git 830
[2022-09-28 16:50:45.534] [exthost] [warning] [Decorations] CAPPING events from decorations provider vscode.git 831
[2022-09-28 16:50:50.623] [exthost] [warning] [Decorations] CAPPING events from decorations provider vscode.git 831
[2022-09-28 16:50:55.686] [exthost] [warning] [Decorations] CAPPING events from decorations provider vscode.git 831
[2022-09-28 16:51:00.751] [exthost] [warning] [Decorations] CAPPING events from decorations provider vscode.git 831
[2022-09-28 16:51:05.832] [exthost] [warning] [Decorations] CAPPING events from decorations provider vscode.git 831
[2022-09-28 16:51:10.897] [exthost] [warning] [Decorations] CAPPING events from decorations provider vscode.git 831
[2022-09-28 16:51:15.977] [exthost] [warning] [Decorations] CAPPING events from decorations provider vscode.git 831
[2022-09-28 16:51:21.052] [exthost] [warning] [Decorations] CAPPING events from decorations provider vscode.git 831
[2022-09-28 16:51:26.122] [exthost] [warning] [Decorations] CAPPING events from decorations provider vscode.git 831
[2022-09-28 16:51:31.189] [exthost] [warning] [Decorations] CAPPING events from decorations provider vscode.git 831
[2022-09-28 16:51:36.263] [exthost] [warning] [Decorations] CAPPING events from decorations provider vscode.git 831
[2022-09-28 16:51:41.344] [exthost] [warning] [Decorations] CAPPING events from decorations provider vscode.git 831
[2022-09-28 16:51:46.424] [exthost] [warning] [Decorations] CAPPING events from decorations provider vscode.git 831
[2022-09-28 16:51:51.497] [exthost] [warning] [Decorations] CAPPING events from decorations provider vscode.git 831
[2022-09-28 16:51:56.581] [exthost] [warning] [Decorations] CAPPING events from decorations provider vscode.git 831
[2022-09-28 16:52:01.669] [exthost] [warning] [Decorations] CAPPING events from decorations provider vscode.git 831
[2022-09-28 16:52:06.739] [exthost] [warning] [Decorations] CAPPING events from decorations provider vscode.git 831
[2022-09-28 16:52:11.808] [exthost] [warning] [Decorations] CAPPING events from decorations provider vscode.git 831
[2022-09-28 16:52:16.886] [exthost] [warning] [Decorations] CAPPING events from decorations provider vscode.git 831
[2022-09-28 16:52:21.954] [exthost] [warning] [Decorations] CAPPING events from decorations provider vscode.git 831
[2022-09-28 16:52:27.022] [exthost] [warning] [Decorations] CAPPING events from decorations provider vscode.git 831
[2022-09-28 16:52:32.095] [exthost] [warning] [Decorations] CAPPING events from decorations provider vscode.git 831
[2022-09-28 16:52:37.170] [exthost] [warning] [Decorations] CAPPING events from decorations provider vscode.git 831
[2022-09-28 16:52:42.232] [exthost] [warning] [Decorations] CAPPING events from decorations provider vscode.git 831
[2022-09-28 16:52:47.297] [exthost] [warning] [Decorations] CAPPING events from decorations provider vscode.git 831
[2022-09-28 16:52:52.384] [exthost] [warning] [Decorations] CAPPING events from decorations provider vscode.git 831
[2022-09-28 16:52:57.615] [exthost] [warning] [Decorations] CAPPING events from decorations provider vscode.git 831
[2022-09-28 16:53:02.704] [exthost] [warning] [Decorations] CAPPING events from decorations provider vscode.git 831
[2022-09-28 16:53:04.179] [exthost] [warning] [Decorations] CAPPING events from decorations provider vscode.git 831
[2022-09-28 16:53:07.793] [exthost] [warning] [Decorations] CAPPING events from decorations provider vscode.git 831
[2022-09-28 16:53:12.862] [exthost] [warning] [Decorations] CAPPING events from decorations provider vscode.git 831
[2022-09-28 16:53:17.933] [exthost] [warning] [Decorations] CAPPING events from decorations provider vscode.git 831
[2022-09-28 16:53:23.021] [exthost] [warning] [Decorations] CAPPING events from decorations provider vscode.git 831
[2022-09-28 16:53:28.108] [exthost] [warning] [Decorations] CAPPING events from decorations provider vscode.git 831
[2022-09-28 16:53:33.185] [exthost] [warning] [Decorations] CAPPING events from decorations provider vscode.git 831
[2022-09-28 16:53:38.263] [exthost] [warning] [Decorations] CAPPING events from decorations provider vscode.git 831
[2022-09-28 16:53:43.355] [exthost] [warning] [Decorations] CAPPING events from decorations provider vscode.git 831
[2022-09-28 16:53:48.428] [exthost] [warning] [Decorations] CAPPING events from decorations provider vscode.git 831
[2022-09-28 16:53:53.501] [exthost] [warning] [Decorations] CAPPING events from decorations provider vscode.git 831
[2022-09-28 16:53:58.567] [exthost] [warning] [Decorations] CAPPING events from decorations provider vscode.git 831
[2022-09-28 16:54:03.662] [exthost] [warning] [Decorations] CAPPING events from decorations provider vscode.git 831
[2022-09-28 16:54:08.729] [exthost] [warning] [Decorations] CAPPING events from decorations provider vscode.git 831
[2022-09-28 16:54:13.799] [exthost] [warning] [Decorations] CAPPING events from decorations provider vscode.git 831
[2022-09-28 16:54:18.864] [exthost] [warning] [Decorations] CAPPING events from decorations provider vscode.git 831
[2022-09-28 16:54:23.929] [exthost] [warning] [Decorations] CAPPING events from decorations provider vscode.git 831
[2022-09-28 16:54:28.995] [exthost] [warning] [Decorations] CAPPING events from decorations provider vscode.git 831
[2022-09-28 16:54:34.067] [exthost] [warning] [Decorations] CAPPING events from decorations provider vscode.git 831
[2022-09-28 16:54:39.130] [exthost] [warning] [Decorations] CAPPING events from decorations provider vscode.git 831
[2022-09-28 16:54:44.206] [exthost] [warning] [Decorations] CAPPING events from decorations provider vscode.git 831
[2022-09-28 16:54:49.273] [exthost] [warning] [Decorations] CAPPING events from decorations provider vscode.git 831
[2022-09-28 16:54:54.336] [exthost] [warning] [Decorations] CAPPING events from decorations provider vscode.git 831
[2022-09-28 16:54:59.423] [exthost] [warning] [Decorations] CAPPING events from decorations provider vscode.git 831
[2022-09-28 16:55:04.511] [exthost] [warning] [Decorations] CAPPING events from decorations provider vscode.git 831
[2022-09-28 16:55:09.585] [exthost] [warning] [Decorations] CAPPING events from decorations provider vscode.git 831
[2022-09-28 16:55:14.664] [exthost] [warning] [Decorations] CAPPING events from decorations provider vscode.git 831
[2022-09-28 16:55:19.752] [exthost] [warning] [Decorations] CAPPING events from decorations provider vscode.git 831
[2022-09-28 16:55:24.829] [exthost] [warning] [Decorations] CAPPING events from decorations provider vscode.git 831
[2022-09-28 16:55:29.954] [exthost] [warning] [Decorations] CAPPING events from decorations provider vscode.git 831
[2022-09-28 16:55:35.048] [exthost] [warning] [Decorations] CAPPING events from decorations provider vscode.git 831
[2022-09-28 16:55:40.136] [exthost] [warning] [Decorations] CAPPING events from decorations provider vscode.git 831
[2022-09-28 16:55:45.231] [exthost] [warning] [Decorations] CAPPING events from decorations provider vscode.git 831
[2022-09-28 16:55:50.317] [exthost] [warning] [Decorations] CAPPING events from decorations provider vscode.git 831
[2022-09-28 16:55:55.400] [exthost] [warning] [Decorations] CAPPING events from decorations provider vscode.git 832
[2022-09-28 16:56:00.476] [exthost] [warning] [Decorations] CAPPING events from decorations provider vscode.git 832
[2022-09-28 16:56:04.638] [exthost] [warning] [Decorations] CAPPING events from decorations provider vscode.git 832
[2022-09-28 16:56:05.546] [exthost] [warning] [Decorations] CAPPING events from decorations provider vscode.git 832
[2022-09-28 16:56:10.629] [exthost] [warning] [Decorations] CAPPING events from decorations provider vscode.git 832
[2022-09-28 16:56:15.704] [exthost] [warning] [Decorations] CAPPING events from decorations provider vscode.git 832
[2022-09-28 16:56:20.797] [exthost] [warning] [Decorations] CAPPING events from decorations provider vscode.git 832
[2022-09-28 16:56:25.884] [exthost] [warning] [Decorations] CAPPING events from decorations provider vscode.git 832
[2022-09-28 16:56:30.979] [exthost] [warning] [Decorations] CAPPING events from decorations provider vscode.git 832
[2022-09-28 16:56:36.057] [exthost] [warning] [Decorations] CAPPING events from decorations provider vscode.git 832
[2022-09-28 16:56:41.142] [exthost] [warning] [Decorations] CAPPING events from decorations provider vscode.git 832
[2022-09-28 16:56:51.456] [exthost] [warning] [Decorations] CAPPING events from decorations provider vscode.git 832
[2022-09-28 16:56:56.527] [exthost] [warning] [Decorations] CAPPING events from decorations provider vscode.git 832
[2022-09-28 16:57:01.618] [exthost] [warning] [Decorations] CAPPING events from decorations provider vscode.git 832
[2022-09-28 16:57:06.697] [exthost] [warning] [Decorations] CAPPING events from decorations provider vscode.git 832
[2022-09-28 16:57:11.785] [exthost] [warning] [Decorations] CAPPING events from decorations provider vscode.git 832
[2022-09-28 16:57:16.860] [exthost] [warning] [Decorations] CAPPING events from decorations provider vscode.git 832
[2022-09-28 16:57:21.932] [exthost] [warning] [Decorations] CAPPING events from decorations provider vscode.git 832
[2022-09-28 16:57:27.001] [exthost] [warning] [Decorations] CAPPING events from decorations provider vscode.git 832
[2022-09-28 16:57:32.503] [exthost] [warning] [Decorations] CAPPING events from decorations provider vscode.git 832
[2022-09-28 16:57:37.593] [exthost] [warning] [Decorations] CAPPING events from decorations provider vscode.git 832
[2022-09-28 16:57:42.682] [exthost] [warning] [Decorations] CAPPING events from decorations provider vscode.git 832
[2022-09-28 16:57:48.495] [exthost] [warning] [Decorations] CAPPING events from decorations provider vscode.git 832
[2022-09-28 16:57:53.571] [exthost] [warning] [Decorations] CAPPING events from decorations provider vscode.git 832
[2022-09-28 16:57:58.666] [exthost] [warning] [Decorations] CAPPING events from decorations provider vscode.git 832
[2022-09-28 16:58:03.749] [exthost] [warning] [Decorations] CAPPING events from decorations provider vscode.git 832
[2022-09-28 16:58:08.821] [exthost] [warning] [Decorations] CAPPING events from decorations provider vscode.git 832
[2022-09-28 16:58:13.908] [exthost] [warning] [Decorations] CAPPING events from decorations provider vscode.git 832
[2022-09-28 16:58:19.015] [exthost] [warning] [Decorations] CAPPING events from decorations provider vscode.git 832
[2022-09-28 16:58:24.104] [exthost] [warning] [Decorations] CAPPING events from decorations provider vscode.git 832
[2022-09-28 16:58:29.187] [exthost] [warning] [Decorations] CAPPING events from decorations provider vscode.git 832
[2022-09-28 16:58:34.279] [exthost] [warning] [Decorations] CAPPING events from decorations provider vscode.git 832
[2022-09-28 16:58:39.365] [exthost] [warning] [Decorations] CAPPING events from decorations provider vscode.git 832
[2022-09-28 16:58:44.452] [exthost] [warning] [Decorations] CAPPING events from decorations provider vscode.git 832
[2022-09-28 16:58:49.528] [exthost] [warning] [Decorations] CAPPING events from decorations provider vscode.git 832
[2022-09-28 16:58:54.622] [exthost] [warning] [Decorations] CAPPING events from decorations provider vscode.git 832
[2022-09-28 16:58:59.688] [exthost] [warning] [Decorations] CAPPING events from decorations provider vscode.git 832
[2022-09-28 16:59:05.093] [exthost] [warning] [Decorations] CAPPING events from decorations provider vscode.git 832
[2022-09-28 16:59:05.158] [exthost] [warning] [Decorations] CAPPING events from decorations provider vscode.git 832
[2022-09-28 16:59:10.620] [exthost] [warning] [Decorations] CAPPING events from decorations provider vscode.git 832
[2022-09-28 16:59:15.714] [exthost] [warning] [Decorations] CAPPING events from decorations provider vscode.git 832
[2022-09-28 16:59:20.795] [exthost] [warning] [Decorations] CAPPING events from decorations provider vscode.git 832
[2022-09-28 16:59:25.869] [exthost] [warning] [Decorations] CAPPING events from decorations provider vscode.git 832
[2022-09-28 16:59:30.962] [exthost] [warning] [Decorations] CAPPING events from decorations provider vscode.git 832
[2022-09-28 16:59:36.031] [exthost] [warning] [Decorations] CAPPING events from decorations provider vscode.git 832
[2022-09-28 16:59:41.108] [exthost] [warning] [Decorations] CAPPING events from decorations provider vscode.git 832
[2022-09-28 16:59:46.175] [exthost] [warning] [Decorations] CAPPING events from decorations provider vscode.git 832
[2022-09-28 16:59:51.241] [exthost] [warning] [Decorations] CAPPING events from decorations provider vscode.git 833
[2022-09-28 16:59:56.308] [exthost] [warning] [Decorations] CAPPING events from decorations provider vscode.git 833
[2022-09-28 17:00:01.383] [exthost] [warning] [Decorations] CAPPING events from decorations provider vscode.git 833
[2022-09-28 17:00:06.447] [exthost] [warning] [Decorations] CAPPING events from decorations provider vscode.git 833
[2022-09-28 17:00:11.542] [exthost] [warning] [Decorations] CAPPING events from decorations provider vscode.git 834
[2022-09-28 17:00:36.165] [exthost] [warning] [Decorations] CAPPING events from decorations provider vscode.git 834
[2022-09-28 17:00:41.239] [exthost] [warning] [Decorations] CAPPING events from decorations provider vscode.git 834
[2022-09-28 17:00:46.310] [exthost] [warning] [Decorations] CAPPING events from decorations provider vscode.git 835
[2022-09-28 17:00:51.398] [exthost] [warning] [Decorations] CAPPING events from decorations provider vscode.git 835
[2022-09-28 17:00:57.980] [exthost] [warning] [Decorations] CAPPING events from decorations provider vscode.git 835
[2022-09-28 17:01:03.060] [exthost] [warning] [Decorations] CAPPING events from decorations provider vscode.git 835
[2022-09-28 17:01:08.126] [exthost] [warning] [Decorations] CAPPING events from decorations provider vscode.git 835
[2022-09-28 17:01:13.216] [exthost] [warning] [Decorations] CAPPING events from decorations provider vscode.git 835
[2022-09-28 17:01:18.298] [exthost] [warning] [Decorations] CAPPING events from decorations provider vscode.git 835
[2022-09-28 17:01:23.380] [exthost] [warning] [Decorations] CAPPING events from decorations provider vscode.git 835
[2022-09-28 17:01:28.450] [exthost] [warning] [Decorations] CAPPING events from decorations provider vscode.git 835
[2022-09-28 17:01:33.520] [exthost] [warning] [Decorations] CAPPING events from decorations provider vscode.git 835
[2022-09-28 17:01:38.591] [exthost] [warning] [Decorations] CAPPING events from decorations provider vscode.git 835
[2022-09-28 17:01:43.660] [exthost] [warning] [Decorations] CAPPING events from decorations provider vscode.git 835
[2022-09-28 17:01:48.735] [exthost] [warning] [Decorations] CAPPING events from decorations provider vscode.git 835
[2022-09-28 17:01:53.815] [exthost] [warning] [Decorations] CAPPING events from decorations provider vscode.git 835
[2022-09-28 17:01:58.885] [exthost] [warning] [Decorations] CAPPING events from decorations provider vscode.git 835
[2022-09-28 17:02:03.986] [exthost] [warning] [Decorations] CAPPING events from decorations provider vscode.git 835
[2022-09-28 17:02:05.562] [exthost] [warning] [Decorations] CAPPING events from decorations provider vscode.git 835
[2022-09-28 17:02:09.062] [exthost] [warning] [Decorations] CAPPING events from decorations provider vscode.git 835
[2022-09-28 17:02:14.159] [exthost] [warning] [Decorations] CAPPING events from decorations provider vscode.git 835
[2022-09-28 17:02:19.223] [exthost] [warning] [Decorations] CAPPING events from decorations provider vscode.git 835
[2022-09-28 17:02:24.291] [exthost] [warning] [Decorations] CAPPING events from decorations provider vscode.git 835
[2022-09-28 17:02:29.359] [exthost] [warning] [Decorations] CAPPING events from decorations provider vscode.git 835
[2022-09-28 17:02:34.428] [exthost] [warning] [Decorations] CAPPING events from decorations provider vscode.git 835
[2022-09-28 17:02:39.496] [exthost] [warning] [Decorations] CAPPING events from decorations provider vscode.git 835
[2022-09-28 17:02:44.564] [exthost] [warning] [Decorations] CAPPING events from decorations provider vscode.git 835
[2022-09-28 17:02:49.630] [exthost] [warning] [Decorations] CAPPING events from decorations provider vscode.git 835
[2022-09-28 17:02:54.695] [exthost] [warning] [Decorations] CAPPING events from decorations provider vscode.git 835
[2022-09-28 17:02:59.779] [exthost] [warning] [Decorations] CAPPING events from decorations provider vscode.git 835
[2022-09-28 17:03:04.867] [exthost] [warning] [Decorations] CAPPING events from decorations provider vscode.git 835
[2022-09-28 17:03:09.935] [exthost] [warning] [Decorations] CAPPING events from decorations provider vscode.git 835
[2022-09-28 17:03:15.003] [exthost] [warning] [Decorations] CAPPING events from decorations provider vscode.git 835
[2022-09-28 17:03:20.075] [exthost] [warning] [Decorations] CAPPING events from decorations provider vscode.git 835
[2022-09-28 17:03:25.156] [exthost] [warning] [Decorations] CAPPING events from decorations provider vscode.git 835
[2022-09-28 17:03:30.234] [exthost] [warning] [Decorations] CAPPING events from decorations provider vscode.git 835
[2022-09-28 17:03:35.305] [exthost] [warning] [Decorations] CAPPING events from decorations provider vscode.git 835
[2022-09-28 17:03:40.372] [exthost] [warning] [Decorations] CAPPING events from decorations provider vscode.git 835
[2022-09-28 17:03:45.439] [exthost] [warning] [Decorations] CAPPING events from decorations provider vscode.git 835
[2022-09-28 17:03:50.508] [exthost] [warning] [Decorations] CAPPING events from decorations provider vscode.git 835
[2022-09-28 17:03:55.587] [exthost] [warning] [Decorations] CAPPING events from decorations provider vscode.git 835
[2022-09-28 17:04:00.676] [exthost] [warning] [Decorations] CAPPING events from decorations provider vscode.git 835
[2022-09-28 17:04:05.745] [exthost] [warning] [Decorations] CAPPING events from decorations provider vscode.git 835
[2022-09-28 17:04:10.824] [exthost] [warning] [Decorations] CAPPING events from decorations provider vscode.git 835
[2022-09-28 17:04:15.891] [exthost] [warning] [Decorations] CAPPING events from decorations provider vscode.git 835
[2022-09-28 17:05:13.250] [exthost] [warning] [Decorations] CAPPING events from decorations provider vscode.git 835
[2022-09-28 17:05:13.633] [exthost] [warning] [Decorations] CAPPING events from decorations provider vscode.git 835
[2022-09-28 17:05:23.263] [exthost] [warning] [Decorations] CAPPING events from decorations provider vscode.git 835
[2022-09-28 17:05:28.337] [exthost] [warning] [Decorations] CAPPING events from decorations provider vscode.git 835
[2022-09-28 17:05:33.427] [exthost] [warning] [Decorations] CAPPING events from decorations provider vscode.git 835
[2022-09-28 17:05:38.641] [exthost] [warning] [Decorations] CAPPING events from decorations provider vscode.git 836
[2022-09-28 17:05:43.716] [exthost] [warning] [Decorations] CAPPING events from decorations provider vscode.git 836
[2022-09-28 17:05:48.791] [exthost] [warning] [Decorations] CAPPING events from decorations provider vscode.git 836
[2022-09-28 17:05:53.860] [exthost] [warning] [Decorations] CAPPING events from decorations provider vscode.git 836
[2022-09-28 17:05:58.951] [exthost] [warning] [Decorations] CAPPING events from decorations provider vscode.git 837
[2022-09-28 17:06:04.021] [exthost] [warning] [Decorations] CAPPING events from decorations provider vscode.git 837
[2022-09-28 17:06:09.093] [exthost] [warning] [Decorations] CAPPING events from decorations provider vscode.git 837
[2022-09-28 17:06:14.189] [exthost] [warning] [Decorations] CAPPING events from decorations provider vscode.git 837
[2022-09-28 17:06:19.273] [exthost] [warning] [Decorations] CAPPING events from decorations provider vscode.git 837
[2022-09-28 17:06:24.361] [exthost] [warning] [Decorations] CAPPING events from decorations provider vscode.git 837
[2022-09-28 17:06:29.432] [exthost] [warning] [Decorations] CAPPING events from decorations provider vscode.git 837
[2022-09-28 17:06:34.521] [exthost] [warning] [Decorations] CAPPING events from decorations provider vscode.git 837
[2022-09-28 17:06:39.607] [exthost] [warning] [Decorations] CAPPING events from decorations provider vscode.git 837
[2022-09-28 17:06:44.685] [exthost] [warning] [Decorations] CAPPING events from decorations provider vscode.git 837
[2022-09-28 17:06:49.755] [exthost] [warning] [Decorations] CAPPING events from decorations provider vscode.git 837
[2022-09-28 17:06:54.837] [exthost] [warning] [Decorations] CAPPING events from decorations provider vscode.git 838
[2022-09-28 17:06:59.930] [exthost] [warning] [Decorations] CAPPING events from decorations provider vscode.git 838
[2022-09-28 17:07:05.011] [exthost] [warning] [Decorations] CAPPING events from decorations provider vscode.git 838
[2022-09-28 17:07:10.076] [exthost] [warning] [Decorations] CAPPING events from decorations provider vscode.git 838
[2022-09-28 17:07:15.144] [exthost] [warning] [Decorations] CAPPING events from decorations provider vscode.git 838
[2022-09-28 17:07:20.235] [exthost] [warning] [Decorations] CAPPING events from decorations provider vscode.git 838
[2022-09-28 17:07:25.313] [exthost] [warning] [Decorations] CAPPING events from decorations provider vscode.git 838
[2022-09-28 17:07:30.390] [exthost] [warning] [Decorations] CAPPING events from decorations provider vscode.git 838
[2022-09-28 17:07:35.465] [exthost] [warning] [Decorations] CAPPING events from decorations provider vscode.git 838
[2022-09-28 17:07:40.542] [exthost] [warning] [Decorations] CAPPING events from decorations provider vscode.git 838
[2022-09-28 17:07:45.611] [exthost] [warning] [Decorations] CAPPING events from decorations provider vscode.git 838
[2022-09-28 17:07:50.677] [exthost] [warning] [Decorations] CAPPING events from decorations provider vscode.git 838
[2022-09-28 17:07:55.745] [exthost] [warning] [Decorations] CAPPING events from decorations provider vscode.git 838
[2022-09-28 17:08:00.827] [exthost] [warning] [Decorations] CAPPING events from decorations provider vscode.git 838
[2022-09-28 17:08:05.932] [exthost] [warning] [Decorations] CAPPING events from decorations provider vscode.git 838
[2022-09-28 17:08:11.000] [exthost] [warning] [Decorations] CAPPING events from decorations provider vscode.git 838
[2022-09-28 17:08:14.087] [exthost] [warning] [Decorations] CAPPING events from decorations provider vscode.git 838
[2022-09-28 17:08:16.068] [exthost] [warning] [Decorations] CAPPING events from decorations provider vscode.git 838
[2022-09-28 17:08:21.153] [exthost] [warning] [Decorations] CAPPING events from decorations provider vscode.git 838
[2022-09-28 17:08:26.243] [exthost] [warning] [Decorations] CAPPING events from decorations provider vscode.git 838
[2022-09-28 17:08:31.320] [exthost] [warning] [Decorations] CAPPING events from decorations provider vscode.git 839
[2022-09-28 17:08:36.407] [exthost] [warning] [Decorations] CAPPING events from decorations provider vscode.git 839
[2022-09-28 17:08:41.486] [exthost] [warning] [Decorations] CAPPING events from decorations provider vscode.git 839
[2022-09-28 17:08:46.587] [exthost] [warning] [Decorations] CAPPING events from decorations provider vscode.git 839
[2022-09-28 17:08:51.654] [exthost] [warning] [Decorations] CAPPING events from decorations provider vscode.git 839
[2022-09-28 17:08:56.717] [exthost] [warning] [Decorations] CAPPING events from decorations provider vscode.git 839
[2022-09-28 17:09:01.789] [exthost] [warning] [Decorations] CAPPING events from decorations provider vscode.git 839
[2022-09-28 17:09:06.868] [exthost] [warning] [Decorations] CAPPING events from decorations provider vscode.git 839
[2022-09-28 17:09:11.947] [exthost] [warning] [Decorations] CAPPING events from decorations provider vscode.git 839
[2022-09-28 17:09:17.018] [exthost] [warning] [Decorations] CAPPING events from decorations provider vscode.git 839
[2022-09-28 17:09:22.100] [exthost] [warning] [Decorations] CAPPING events from decorations provider vscode.git 839
[2022-09-28 17:09:27.195] [exthost] [warning] [Decorations] CAPPING events from decorations provider vscode.git 839
[2022-09-28 17:09:32.262] [exthost] [warning] [Decorations] CAPPING events from decorations provider vscode.git 839
[2022-09-28 17:09:37.329] [exthost] [warning] [Decorations] CAPPING events from decorations provider vscode.git 839
[2022-09-28 17:09:42.409] [exthost] [warning] [Decorations] CAPPING events from decorations provider vscode.git 839
[2022-09-28 17:09:47.506] [exthost] [warning] [Decorations] CAPPING events from decorations provider vscode.git 839
[2022-09-28 17:09:52.593] [exthost] [warning] [Decorations] CAPPING events from decorations provider vscode.git 839
[2022-09-28 17:09:57.660] [exthost] [warning] [Decorations] CAPPING events from decorations provider vscode.git 839
[2022-09-28 17:10:02.747] [exthost] [warning] [Decorations] CAPPING events from decorations provider vscode.git 839
[2022-09-28 17:10:07.835] [exthost] [warning] [Decorations] CAPPING events from decorations provider vscode.git 839
[2022-09-28 17:10:12.919] [exthost] [warning] [Decorations] CAPPING events from decorations provider vscode.git 839
[2022-09-28 17:10:17.988] [exthost] [warning] [Decorations] CAPPING events from decorations provider vscode.git 839
[2022-09-28 17:10:23.058] [exthost] [warning] [Decorations] CAPPING events from decorations provider vscode.git 839
[2022-09-28 17:10:28.125] [exthost] [warning] [Decorations] CAPPING events from decorations provider vscode.git 839
[2022-09-28 17:10:33.208] [exthost] [warning] [Decorations] CAPPING events from decorations provider vscode.git 839
[2022-09-28 17:10:38.299] [exthost] [warning] [Decorations] CAPPING events from decorations provider vscode.git 839
[2022-09-28 17:10:43.387] [exthost] [warning] [Decorations] CAPPING events from decorations provider vscode.git 839
[2022-09-28 17:10:48.455] [exthost] [warning] [Decorations] CAPPING events from decorations provider vscode.git 839
[2022-09-28 17:10:53.537] [exthost] [warning] [Decorations] CAPPING events from decorations provider vscode.git 839
[2022-09-28 17:10:58.619] [exthost] [warning] [Decorations] CAPPING events from decorations provider vscode.git 839
[2022-09-28 17:11:03.706] [exthost] [warning] [Decorations] CAPPING events from decorations provider vscode.git 839
[2022-09-28 17:11:08.782] [exthost] [warning] [Decorations] CAPPING events from decorations provider vscode.git 839
[2022-09-28 17:11:13.859] [exthost] [warning] [Decorations] CAPPING events from decorations provider vscode.git 839
[2022-09-28 17:11:14.530] [exthost] [warning] [Decorations] CAPPING events from decorations provider vscode.git 839
[2022-09-28 17:11:19.511] [exthost] [warning] [Decorations] CAPPING events from decorations provider vscode.git 839
[2022-09-28 17:11:24.593] [exthost] [warning] [Decorations] CAPPING events from decorations provider vscode.git 839
[2022-09-28 17:11:29.653] [exthost] [warning] [Decorations] CAPPING events from decorations provider vscode.git 839
[2022-09-28 17:11:34.741] [exthost] [warning] [Decorations] CAPPING events from decorations provider vscode.git 839
[2022-09-28 17:11:39.803] [exthost] [warning] [Decorations] CAPPING events from decorations provider vscode.git 839
[2022-09-28 17:11:44.880] [exthost] [warning] [Decorations] CAPPING events from decorations provider vscode.git 839
[2022-09-28 17:11:49.943] [exthost] [warning] [Decorations] CAPPING events from decorations provider vscode.git 839
[2022-09-28 17:11:55.023] [exthost] [warning] [Decorations] CAPPING events from decorations provider vscode.git 839
[2022-09-28 17:12:00.089] [exthost] [warning] [Decorations] CAPPING events from decorations provider vscode.git 839
[2022-09-28 17:12:05.175] [exthost] [warning] [Decorations] CAPPING events from decorations provider vscode.git 839
[2022-09-28 17:12:10.254] [exthost] [warning] [Decorations] CAPPING events from decorations provider vscode.git 839
[2022-09-28 17:12:15.335] [exthost] [warning] [Decorations] CAPPING events from decorations provider vscode.git 839
[2022-09-28 17:12:20.436] [exthost] [warning] [Decorations] CAPPING events from decorations provider vscode.git 839
[2022-09-28 17:12:25.524] [exthost] [warning] [Decorations] CAPPING events from decorations provider vscode.git 839
[2022-09-28 17:12:30.604] [exthost] [warning] [Decorations] CAPPING events from decorations provider vscode.git 839
[2022-09-28 17:12:35.699] [exthost] [warning] [Decorations] CAPPING events from decorations provider vscode.git 839
[2022-09-28 17:12:40.763] [exthost] [warning] [Decorations] CAPPING events from decorations provider vscode.git 839
[2022-09-28 17:12:45.846] [exthost] [warning] [Decorations] CAPPING events from decorations provider vscode.git 840
[2022-09-28 17:12:51.367] [exthost] [warning] [Decorations] CAPPING events from decorations provider vscode.git 840
[2022-09-28 17:12:56.440] [exthost] [warning] [Decorations] CAPPING events from decorations provider vscode.git 840
[2022-09-28 17:13:01.518] [exthost] [warning] [Decorations] CAPPING events from decorations provider vscode.git 840
[2022-09-28 17:13:06.584] [exthost] [warning] [Decorations] CAPPING events from decorations provider vscode.git 840
[2022-09-28 17:13:11.642] [exthost] [warning] [Decorations] CAPPING events from decorations provider vscode.git 840
[2022-09-28 17:15:16.228] [exthost] [warning] [Decorations] CAPPING events from decorations provider vscode.git 840
[2022-09-28 17:15:16.688] [exthost] [warning] [Decorations] CAPPING events from decorations provider vscode.git 840
[2022-09-28 17:15:21.312] [exthost] [warning] [Decorations] CAPPING events from decorations provider vscode.git 840
[2022-09-28 17:15:26.376] [exthost] [warning] [Decorations] CAPPING events from decorations provider vscode.git 841
[2022-09-28 17:15:31.448] [exthost] [warning] [Decorations] CAPPING events from decorations provider vscode.git 841
[2022-09-28 17:15:36.529] [exthost] [warning] [Decorations] CAPPING events from decorations provider vscode.git 841
[2022-09-28 17:15:44.552] [exthost] [warning] [Decorations] CAPPING events from decorations provider vscode.git 841
[2022-09-28 17:15:49.617] [exthost] [warning] [Decorations] CAPPING events from decorations provider vscode.git 841
[2022-09-28 17:15:54.687] [exthost] [warning] [Decorations] CAPPING events from decorations provider vscode.git 841
[2022-09-28 17:15:59.784] [exthost] [warning] [Decorations] CAPPING events from decorations provider vscode.git 841
[2022-09-28 17:16:04.877] [exthost] [warning] [Decorations] CAPPING events from decorations provider vscode.git 842
[2022-09-28 17:16:18.245] [exthost] [warning] [Decorations] CAPPING events from decorations provider vscode.git 842
[2022-09-28 17:16:23.915] [exthost] [warning] [Decorations] CAPPING events from decorations provider vscode.git 842
[2022-09-28 17:16:29.061] [exthost] [warning] [Decorations] CAPPING events from decorations provider vscode.git 842
[2022-09-28 17:16:34.155] [exthost] [warning] [Decorations] CAPPING events from decorations provider vscode.git 842
[2022-09-28 17:16:51.868] [exthost] [warning] [Decorations] CAPPING events from decorations provider vscode.git 842
[2022-09-28 17:16:56.933] [exthost] [warning] [Decorations] CAPPING events from decorations provider vscode.git 842
[2022-09-28 17:17:02.013] [exthost] [warning] [Decorations] CAPPING events from decorations provider vscode.git 842
[2022-09-28 17:17:07.077] [exthost] [warning] [Decorations] CAPPING events from decorations provider vscode.git 842
[2022-09-28 17:17:12.186] [exthost] [warning] [Decorations] CAPPING events from decorations provider vscode.git 842
[2022-09-28 17:17:17.252] [exthost] [warning] [Decorations] CAPPING events from decorations provider vscode.git 842
[2022-09-28 17:17:23.840] [exthost] [warning] [Decorations] CAPPING events from decorations provider vscode.git 842
[2022-09-28 17:17:28.911] [exthost] [warning] [Decorations] CAPPING events from decorations provider vscode.git 842
[2022-09-28 17:17:33.979] [exthost] [warning] [Decorations] CAPPING events from decorations provider vscode.git 842
[2022-09-28 17:17:39.046] [exthost] [warning] [Decorations] CAPPING events from decorations provider vscode.git 842
[2022-09-28 17:17:44.118] [exthost] [warning] [Decorations] CAPPING events from decorations provider vscode.git 842
[2022-09-28 17:17:49.186] [exthost] [warning] [Decorations] CAPPING events from decorations provider vscode.git 842
[2022-09-28 17:17:54.251] [exthost] [warning] [Decorations] CAPPING events from decorations provider vscode.git 842
[2022-09-28 17:17:59.318] [exthost] [warning] [Decorations] CAPPING events from decorations provider vscode.git 842
[2022-09-28 17:18:04.416] [exthost] [warning] [Decorations] CAPPING events from decorations provider vscode.git 842
[2022-09-28 17:18:09.485] [exthost] [warning] [Decorations] CAPPING events from decorations provider vscode.git 842
[2022-09-28 17:18:14.552] [exthost] [warning] [Decorations] CAPPING events from decorations provider vscode.git 842
[2022-09-28 17:18:17.120] [exthost] [warning] [Decorations] CAPPING events from decorations provider vscode.git 842
[2022-09-28 17:18:19.619] [exthost] [warning] [Decorations] CAPPING events from decorations provider vscode.git 842
[2022-09-28 17:18:24.686] [exthost] [warning] [Decorations] CAPPING events from decorations provider vscode.git 842
[2022-09-28 17:18:29.753] [exthost] [warning] [Decorations] CAPPING events from decorations provider vscode.git 842
[2022-09-28 17:18:34.821] [exthost] [warning] [Decorations] CAPPING events from decorations provider vscode.git 842
[2022-09-28 17:18:39.930] [exthost] [warning] [Decorations] CAPPING events from decorations provider vscode.git 842
[2022-09-28 17:18:45.004] [exthost] [warning] [Decorations] CAPPING events from decorations provider vscode.git 842
[2022-09-28 17:18:50.074] [exthost] [warning] [Decorations] CAPPING events from decorations provider vscode.git 842
[2022-09-28 17:18:55.154] [exthost] [warning] [Decorations] CAPPING events from decorations provider vscode.git 842
[2022-09-28 17:19:00.251] [exthost] [warning] [Decorations] CAPPING events from decorations provider vscode.git 842
[2022-09-28 17:19:05.328] [exthost] [warning] [Decorations] CAPPING events from decorations provider vscode.git 842
[2022-09-28 17:19:10.394] [exthost] [warning] [Decorations] CAPPING events from decorations provider vscode.git 842
[2022-09-28 17:19:15.463] [exthost] [warning] [Decorations] CAPPING events from decorations provider vscode.git 842
[2022-09-28 17:19:20.529] [exthost] [warning] [Decorations] CAPPING events from decorations provider vscode.git 842
[2022-09-28 17:19:25.621] [exthost] [warning] [Decorations] CAPPING events from decorations provider vscode.git 842
[2022-09-28 17:19:30.688] [exthost] [warning] [Decorations] CAPPING events from decorations provider vscode.git 842
[2022-09-28 17:19:35.760] [exthost] [warning] [Decorations] CAPPING events from decorations provider vscode.git 842
[2022-09-28 17:19:40.827] [exthost] [warning] [Decorations] CAPPING events from decorations provider vscode.git 842
[2022-09-28 17:19:45.892] [exthost] [warning] [Decorations] CAPPING events from decorations provider vscode.git 842
[2022-09-28 17:19:50.959] [exthost] [warning] [Decorations] CAPPING events from decorations provider vscode.git 842
[2022-09-28 17:19:56.024] [exthost] [warning] [Decorations] CAPPING events from decorations provider vscode.git 842
[2022-09-28 17:20:01.114] [exthost] [warning] [Decorations] CAPPING events from decorations provider vscode.git 842
[2022-09-28 17:20:06.181] [exthost] [warning] [Decorations] CAPPING events from decorations provider vscode.git 842
[2022-09-28 17:20:11.245] [exthost] [warning] [Decorations] CAPPING events from decorations provider vscode.git 842
[2022-09-28 17:20:16.311] [exthost] [warning] [Decorations] CAPPING events from decorations provider vscode.git 842
[2022-09-28 17:20:21.400] [exthost] [warning] [Decorations] CAPPING events from decorations provider vscode.git 842
[2022-09-28 17:20:26.465] [exthost] [warning] [Decorations] CAPPING events from decorations provider vscode.git 842
[2022-09-28 17:20:31.531] [exthost] [warning] [Decorations] CAPPING events from decorations provider vscode.git 842
[2022-09-28 17:20:36.603] [exthost] [warning] [Decorations] CAPPING events from decorations provider vscode.git 842
[2022-09-28 17:20:41.670] [exthost] [warning] [Decorations] CAPPING events from decorations provider vscode.git 842
[2022-09-28 17:20:46.737] [exthost] [warning] [Decorations] CAPPING events from decorations provider vscode.git 842
[2022-09-28 17:20:51.810] [exthost] [warning] [Decorations] CAPPING events from decorations provider vscode.git 842
[2022-09-28 17:20:56.882] [exthost] [warning] [Decorations] CAPPING events from decorations provider vscode.git 842
[2022-09-28 17:21:01.957] [exthost] [warning] [Decorations] CAPPING events from decorations provider vscode.git 842
[2022-09-28 17:21:07.037] [exthost] [warning] [Decorations] CAPPING events from decorations provider vscode.git 842
[2022-09-28 17:21:12.128] [exthost] [warning] [Decorations] CAPPING events from decorations provider vscode.git 842
[2022-09-28 17:21:17.567] [exthost] [warning] [Decorations] CAPPING events from decorations provider vscode.git 842
[2022-09-28 17:21:17.630] [exthost] [warning] [Decorations] CAPPING events from decorations provider vscode.git 842
[2022-09-28 17:21:22.694] [exthost] [warning] [Decorations] CAPPING events from decorations provider vscode.git 842
[2022-09-28 17:21:27.761] [exthost] [warning] [Decorations] CAPPING events from decorations provider vscode.git 842
[2022-09-28 17:21:32.831] [exthost] [warning] [Decorations] CAPPING events from decorations provider vscode.git 842
[2022-09-28 17:21:37.896] [exthost] [warning] [Decorations] CAPPING events from decorations provider vscode.git 842
[2022-09-28 17:21:42.977] [exthost] [warning] [Decorations] CAPPING events from decorations provider vscode.git 842
[2022-09-28 17:21:48.054] [exthost] [warning] [Decorations] CAPPING events from decorations provider vscode.git 842
[2022-09-28 17:21:53.119] [exthost] [warning] [Decorations] CAPPING events from decorations provider vscode.git 842
[2022-09-28 17:21:58.195] [exthost] [warning] [Decorations] CAPPING events from decorations provider vscode.git 842
[2022-09-28 17:22:03.274] [exthost] [warning] [Decorations] CAPPING events from decorations provider vscode.git 842
[2022-09-28 17:22:08.359] [exthost] [warning] [Decorations] CAPPING events from decorations provider vscode.git 842
[2022-09-28 17:22:13.450] [exthost] [warning] [Decorations] CAPPING events from decorations provider vscode.git 842
[2022-09-28 17:22:18.528] [exthost] [warning] [Decorations] CAPPING events from decorations provider vscode.git 842
[2022-09-28 17:22:23.592] [exthost] [warning] [Decorations] CAPPING events from decorations provider vscode.git 842
[2022-09-28 17:22:28.678] [exthost] [warning] [Decorations] CAPPING events from decorations provider vscode.git 842
[2022-09-28 17:22:33.763] [exthost] [warning] [Decorations] CAPPING events from decorations provider vscode.git 842
[2022-09-28 17:22:39.697] [exthost] [warning] [Decorations] CAPPING events from decorations provider vscode.git 842
[2022-09-28 17:22:44.775] [exthost] [warning] [Decorations] CAPPING events from decorations provider vscode.git 842
[2022-09-28 17:22:49.873] [exthost] [warning] [Decorations] CAPPING events from decorations provider vscode.git 842
[2022-09-28 17:22:58.332] [exthost] [warning] [Decorations] CAPPING events from decorations provider vscode.git 842
[2022-09-28 17:23:03.408] [exthost] [warning] [Decorations] CAPPING events from decorations provider vscode.git 842
[2022-09-30 14:52:32.998] [exthost] [warning] [Decorations] CAPPING events from decorations provider vscode.git 843
[2022-09-30 14:52:33.771] [exthost] [warning] [Decorations] CAPPING events from decorations provider vscode.git 843
[2022-09-30 14:52:52.896] [exthost] [warning] [Decorations] CAPPING events from decorations provider vscode.git 843
[2022-09-30 14:52:58.101] [exthost] [warning] [Decorations] CAPPING events from decorations provider vscode.git 843
[2022-09-30 14:53:03.482] [exthost] [warning] [Decorations] CAPPING events from decorations provider vscode.git 843
[2022-09-30 14:53:08.733] [exthost] [warning] [Decorations] CAPPING events from decorations provider vscode.git 843
[2022-09-30 14:53:14.002] [exthost] [warning] [Decorations] CAPPING events from decorations provider vscode.git 843
[2022-09-30 14:53:19.254] [exthost] [warning] [Decorations] CAPPING events from decorations provider vscode.git 843
[2022-09-30 14:53:24.560] [exthost] [warning] [Decorations] CAPPING events from decorations provider vscode.git 843
[2022-09-30 14:53:30.758] [exthost] [warning] [Decorations] CAPPING events from decorations provider vscode.git 843
[2022-09-30 14:53:35.951] [exthost] [warning] [Decorations] CAPPING events from decorations provider vscode.git 843
[2022-09-30 14:53:41.181] [exthost] [warning] [Decorations] CAPPING events from decorations provider vscode.git 843
[2022-09-30 15:50:52.015] [exthost] [warning] [Decorations] CAPPING events from decorations provider vscode.git 843
[2022-09-30 15:50:52.559] [exthost] [warning] [Decorations] CAPPING events from decorations provider vscode.git 843
[2022-09-30 15:50:57.607] [exthost] [warning] [Decorations] CAPPING events from decorations provider vscode.git 843
[2022-09-30 16:29:03.734] [exthost] [warning] [Decorations] CAPPING events from decorations provider vscode.git 843
[2022-09-30 16:29:04.103] [exthost] [warning] [Decorations] CAPPING events from decorations provider vscode.git 843
[2022-09-30 16:29:08.818] [exthost] [warning] [Decorations] CAPPING events from decorations provider vscode.git 843
[2022-09-30 16:29:13.913] [exthost] [warning] [Decorations] CAPPING events from decorations provider vscode.git 843
[2022-09-30 16:29:19.000] [exthost] [warning] [Decorations] CAPPING events from decorations provider vscode.git 843
[2022-09-30 16:29:24.097] [exthost] [warning] [Decorations] CAPPING events from decorations provider vscode.git 843
[2022-09-30 16:29:29.158] [exthost] [warning] [Decorations] CAPPING events from decorations provider vscode.git 843
[2022-09-30 16:29:34.227] [exthost] [warning] [Decorations] CAPPING events from decorations provider vscode.git 843
[2022-09-30 16:29:39.307] [exthost] [warning] [Decorations] CAPPING events from decorations provider vscode.git 843
[2022-09-30 16:29:44.368] [exthost] [warning] [Decorations] CAPPING events from decorations provider vscode.git 843
[2022-09-30 16:29:49.446] [exthost] [warning] [Decorations] CAPPING events from decorations provider vscode.git 843
[2022-09-30 16:29:54.522] [exthost] [warning] [Decorations] CAPPING events from decorations provider vscode.git 843
[2022-09-30 16:29:59.605] [exthost] [warning] [Decorations] CAPPING events from decorations provider vscode.git 843
[2022-09-30 16:30:04.680] [exthost] [warning] [Decorations] CAPPING events from decorations provider vscode.git 843
[2022-09-30 16:30:09.744] [exthost] [warning] [Decorations] CAPPING events from decorations provider vscode.git 843
[2022-09-30 16:30:14.811] [exthost] [warning] [Decorations] CAPPING events from decorations provider vscode.git 843
[2022-09-30 16:30:19.875] [exthost] [warning] [Decorations] CAPPING events from decorations provider vscode.git 843
[2022-09-30 16:30:24.963] [exthost] [warning] [Decorations] CAPPING events from decorations provider vscode.git 843
[2022-09-30 16:30:30.038] [exthost] [warning] [Decorations] CAPPING events from decorations provider vscode.git 843
[2022-09-30 16:30:35.131] [exthost] [warning] [Decorations] CAPPING events from decorations provider vscode.git 843
[2022-09-30 16:30:40.195] [exthost] [warning] [Decorations] CAPPING events from decorations provider vscode.git 843
[2022-09-30 16:30:45.261] [exthost] [warning] [Decorations] CAPPING events from decorations provider vscode.git 843
[2022-09-30 16:30:50.324] [exthost] [warning] [Decorations] CAPPING events from decorations provider vscode.git 843
[2022-09-30 16:30:55.390] [exthost] [warning] [Decorations] CAPPING events from decorations provider vscode.git 843
[2022-09-30 16:31:00.454] [exthost] [warning] [Decorations] CAPPING events from decorations provider vscode.git 843
[2022-09-30 16:31:05.519] [exthost] [warning] [Decorations] CAPPING events from decorations provider vscode.git 843
[2022-09-30 16:31:10.585] [exthost] [warning] [Decorations] CAPPING events from decorations provider vscode.git 843
[2022-09-30 16:31:15.647] [exthost] [warning] [Decorations] CAPPING events from decorations provider vscode.git 843
[2022-09-30 16:31:20.720] [exthost] [warning] [Decorations] CAPPING events from decorations provider vscode.git 843
[2022-09-30 16:31:25.791] [exthost] [warning] [Decorations] CAPPING events from decorations provider vscode.git 843
[2022-09-30 16:31:30.857] [exthost] [warning] [Decorations] CAPPING events from decorations provider vscode.git 843
[2022-09-30 16:31:35.943] [exthost] [warning] [Decorations] CAPPING events from decorations provider vscode.git 843
[2022-09-30 16:31:41.019] [exthost] [warning] [Decorations] CAPPING events from decorations provider vscode.git 843
[2022-09-30 16:31:46.086] [exthost] [warning] [Decorations] CAPPING events from decorations provider vscode.git 843
[2022-09-30 16:31:51.159] [exthost] [warning] [Decorations] CAPPING events from decorations provider vscode.git 843
[2022-09-30 16:31:56.253] [exthost] [warning] [Decorations] CAPPING events from decorations provider vscode.git 843
[2022-09-30 16:32:01.331] [exthost] [warning] [Decorations] CAPPING events from decorations provider vscode.git 843
[2022-09-30 16:32:04.587] [exthost] [warning] [Decorations] CAPPING events from decorations provider vscode.git 843
[2022-09-30 16:32:06.402] [exthost] [warning] [Decorations] CAPPING events from decorations provider vscode.git 843
[2022-09-30 16:32:11.494] [exthost] [warning] [Decorations] CAPPING events from decorations provider vscode.git 843
[2022-09-30 16:32:16.592] [exthost] [warning] [Decorations] CAPPING events from decorations provider vscode.git 843
[2022-09-30 16:32:21.664] [exthost] [warning] [Decorations] CAPPING events from decorations provider vscode.git 844
[2022-09-30 16:32:26.732] [exthost] [warning] [Decorations] CAPPING events from decorations provider vscode.git 846
[2022-09-30 16:32:31.810] [exthost] [warning] [Decorations] CAPPING events from decorations provider vscode.git 846
[2022-09-30 16:32:36.884] [exthost] [warning] [Decorations] CAPPING events from decorations provider vscode.git 846
[2022-09-30 16:32:44.519] [exthost] [warning] [Decorations] CAPPING events from decorations provider vscode.git 847
[2022-09-30 16:32:49.588] [exthost] [warning] [Decorations] CAPPING events from decorations provider vscode.git 847
[2022-09-30 16:32:54.664] [exthost] [warning] [Decorations] CAPPING events from decorations provider vscode.git 847
[2022-09-30 16:32:59.753] [exthost] [warning] [Decorations] CAPPING events from decorations provider vscode.git 847
[2022-09-30 16:33:04.831] [exthost] [warning] [Decorations] CAPPING events from decorations provider vscode.git 847
[2022-09-30 16:33:09.913] [exthost] [warning] [Decorations] CAPPING events from decorations provider vscode.git 847
[2022-09-30 16:33:14.984] [exthost] [warning] [Decorations] CAPPING events from decorations provider vscode.git 847
[2022-09-30 16:33:20.046] [exthost] [warning] [Decorations] CAPPING events from decorations provider vscode.git 847
[2022-09-30 16:33:25.112] [exthost] [warning] [Decorations] CAPPING events from decorations provider vscode.git 847
[2022-09-30 16:33:30.186] [exthost] [warning] [Decorations] CAPPING events from decorations provider vscode.git 849
[2022-09-30 16:33:35.267] [exthost] [warning] [Decorations] CAPPING events from decorations provider vscode.git 850
[2022-09-30 16:33:40.348] [exthost] [warning] [Decorations] CAPPING events from decorations provider vscode.git 850
[2022-09-30 16:33:45.412] [exthost] [warning] [Decorations] CAPPING events from decorations provider vscode.git 850
[2022-09-30 16:33:50.486] [exthost] [warning] [Decorations] CAPPING events from decorations provider vscode.git 850
[2022-09-30 16:33:55.555] [exthost] [warning] [Decorations] CAPPING events from decorations provider vscode.git 850
[2022-09-30 16:34:00.626] [exthost] [warning] [Decorations] CAPPING events from decorations provider vscode.git 850
[2022-09-30 16:34:05.706] [exthost] [warning] [Decorations] CAPPING events from decorations provider vscode.git 850
[2022-09-30 16:34:12.351] [exthost] [warning] [Decorations] CAPPING events from decorations provider vscode.git 850
[2022-09-30 16:34:17.420] [exthost] [warning] [Decorations] CAPPING events from decorations provider vscode.git 850
[2022-09-30 16:34:22.487] [exthost] [warning] [Decorations] CAPPING events from decorations provider vscode.git 850
[2022-09-30 16:34:28.364] [exthost] [warning] [Decorations] CAPPING events from decorations provider vscode.git 850
[2022-09-30 16:35:24.745] [exthost] [warning] [Decorations] CAPPING events from decorations provider vscode.git 850
[2022-09-30 16:35:25.190] [exthost] [warning] [Decorations] CAPPING events from decorations provider vscode.git 850
[2022-09-30 16:35:30.138] [exthost] [warning] [Decorations] CAPPING events from decorations provider vscode.git 850
[2022-09-30 16:35:35.973] [exthost] [warning] [Decorations] CAPPING events from decorations provider vscode.git 850
[2022-09-30 16:36:21.158] [exthost] [warning] [Decorations] CAPPING events from decorations provider vscode.git 850
[2022-09-30 16:36:26.229] [exthost] [warning] [Decorations] CAPPING events from decorations provider vscode.git 850
[2022-09-30 16:36:31.307] [exthost] [warning] [Decorations] CAPPING events from decorations provider vscode.git 851
[2022-09-30 16:36:36.369] [exthost] [warning] [Decorations] CAPPING events from decorations provider vscode.git 851
[2022-09-30 16:36:41.439] [exthost] [warning] [Decorations] CAPPING events from decorations provider vscode.git 852
[2022-09-30 16:36:46.522] [exthost] [warning] [Decorations] CAPPING events from decorations provider vscode.git 854
[2022-09-30 16:36:51.615] [exthost] [warning] [Decorations] CAPPING events from decorations provider vscode.git 854
[2022-09-30 16:38:03.149] [exthost] [warning] [Decorations] CAPPING events from decorations provider vscode.git 854
[2022-09-30 16:40:20.604] [exthost] [warning] [Decorations] CAPPING events from decorations provider vscode.git 854
[2022-09-30 16:40:21.002] [exthost] [warning] [Decorations] CAPPING events from decorations provider vscode.git 854
[2022-09-30 16:40:29.157] [exthost] [warning] [Decorations] CAPPING events from decorations provider vscode.git 854
[2022-09-30 16:40:34.232] [exthost] [warning] [Decorations] CAPPING events from decorations provider vscode.git 854
[2022-09-30 16:40:39.301] [exthost] [warning] [Decorations] CAPPING events from decorations provider vscode.git 855
[2022-09-30 16:40:54.532] [exthost] [warning] [Decorations] CAPPING events from decorations provider vscode.git 855
[2022-09-30 16:40:59.597] [exthost] [warning] [Decorations] CAPPING events from decorations provider vscode.git 855
[2022-09-30 16:41:04.660] [exthost] [warning] [Decorations] CAPPING events from decorations provider vscode.git 856
[2022-09-30 16:41:09.736] [exthost] [warning] [Decorations] CAPPING events from decorations provider vscode.git 857
[2022-09-30 16:41:14.812] [exthost] [warning] [Decorations] CAPPING events from decorations provider vscode.git 857
[2022-09-30 16:41:19.891] [exthost] [warning] [Decorations] CAPPING events from decorations provider vscode.git 857
[2022-09-30 16:41:24.963] [exthost] [warning] [Decorations] CAPPING events from decorations provider vscode.git 857
[2022-09-30 16:41:30.030] [exthost] [warning] [Decorations] CAPPING events from decorations provider vscode.git 857
[2022-09-30 16:41:35.108] [exthost] [warning] [Decorations] CAPPING events from decorations provider vscode.git 858
[2022-09-30 16:41:40.175] [exthost] [warning] [Decorations] CAPPING events from decorations provider vscode.git 858
[2022-09-30 16:41:45.240] [exthost] [warning] [Decorations] CAPPING events from decorations provider vscode.git 858
[2022-09-30 16:41:50.314] [exthost] [warning] [Decorations] CAPPING events from decorations provider vscode.git 858
[2022-09-30 16:41:55.384] [exthost] [warning] [Decorations] CAPPING events from decorations provider vscode.git 859
[2022-09-30 16:42:11.921] [exthost] [warning] [Decorations] CAPPING events from decorations provider vscode.git 859
[2022-09-30 16:42:17.004] [exthost] [warning] [Decorations] CAPPING events from decorations provider vscode.git 860
[2022-09-30 16:42:22.083] [exthost] [warning] [Decorations] CAPPING events from decorations provider vscode.git 860
[2022-09-30 16:42:27.179] [exthost] [warning] [Decorations] CAPPING events from decorations provider vscode.git 860
[2022-09-30 16:42:32.244] [exthost] [warning] [Decorations] CAPPING events from decorations provider vscode.git 860
[2022-09-30 16:42:37.310] [exthost] [warning] [Decorations] CAPPING events from decorations provider vscode.git 860
[2022-09-30 16:42:42.400] [exthost] [warning] [Decorations] CAPPING events from decorations provider vscode.git 860
[2022-09-30 16:42:47.498] [exthost] [warning] [Decorations] CAPPING events from decorations provider vscode.git 860
[2022-09-30 16:42:52.597] [exthost] [warning] [Decorations] CAPPING events from decorations provider vscode.git 860
[2022-09-30 16:42:57.688] [exthost] [warning] [Decorations] CAPPING events from decorations provider vscode.git 860
[2022-09-30 16:43:02.784] [exthost] [warning] [Decorations] CAPPING events from decorations provider vscode.git 860
[2022-09-30 16:43:07.861] [exthost] [warning] [Decorations] CAPPING events from decorations provider vscode.git 860
[2022-09-30 16:43:12.940] [exthost] [warning] [Decorations] CAPPING events from decorations provider vscode.git 860
[2022-09-30 16:43:18.016] [exthost] [warning] [Decorations] CAPPING events from decorations provider vscode.git 860
[2022-09-30 16:43:21.500] [exthost] [warning] [Decorations] CAPPING events from decorations provider vscode.git 860
[2022-09-30 16:43:23.110] [exthost] [warning] [Decorations] CAPPING events from decorations provider vscode.git 860
[2022-09-30 16:43:28.185] [exthost] [warning] [Decorations] CAPPING events from decorations provider vscode.git 860
[2022-09-30 16:43:33.278] [exthost] [warning] [Decorations] CAPPING events from decorations provider vscode.git 860
[2022-09-30 16:43:38.340] [exthost] [warning] [Decorations] CAPPING events from decorations provider vscode.git 860
[2022-09-30 16:43:43.403] [exthost] [warning] [Decorations] CAPPING events from decorations provider vscode.git 860
[2022-09-30 16:43:48.483] [exthost] [warning] [Decorations] CAPPING events from decorations provider vscode.git 860
[2022-09-30 16:43:54.710] [exthost] [warning] [Decorations] CAPPING events from decorations provider vscode.git 860
[2022-09-30 16:44:03.881] [exthost] [warning] [Decorations] CAPPING events from decorations provider vscode.git 860
[2022-09-30 16:44:08.968] [exthost] [warning] [Decorations] CAPPING events from decorations provider vscode.git 861
[2022-09-30 16:44:14.028] [exthost] [warning] [Decorations] CAPPING events from decorations provider vscode.git 861
[2022-09-30 16:44:19.093] [exthost] [warning] [Decorations] CAPPING events from decorations provider vscode.git 861
[2022-09-30 16:44:24.177] [exthost] [warning] [Decorations] CAPPING events from decorations provider vscode.git 861
[2022-09-30 16:44:29.251] [exthost] [warning] [Decorations] CAPPING events from decorations provider vscode.git 861
[2022-09-30 16:44:34.320] [exthost] [warning] [Decorations] CAPPING events from decorations provider vscode.git 861
[2022-09-30 16:44:39.396] [exthost] [warning] [Decorations] CAPPING events from decorations provider vscode.git 861
[2022-09-30 16:44:44.484] [exthost] [warning] [Decorations] CAPPING events from decorations provider vscode.git 861
[2022-09-30 16:44:49.565] [exthost] [warning] [Decorations] CAPPING events from decorations provider vscode.git 861
[2022-09-30 16:44:54.651] [exthost] [warning] [Decorations] CAPPING events from decorations provider vscode.git 861
[2022-09-30 16:44:59.738] [exthost] [warning] [Decorations] CAPPING events from decorations provider vscode.git 861
[2022-09-30 16:45:04.804] [exthost] [warning] [Decorations] CAPPING events from decorations provider vscode.git 861
[2022-09-30 16:45:09.870] [exthost] [warning] [Decorations] CAPPING events from decorations provider vscode.git 861
[2022-09-30 16:45:14.939] [exthost] [warning] [Decorations] CAPPING events from decorations provider vscode.git 861
[2022-09-30 16:45:20.037] [exthost] [warning] [Decorations] CAPPING events from decorations provider vscode.git 861
[2022-09-30 16:45:25.123] [exthost] [warning] [Decorations] CAPPING events from decorations provider vscode.git 861
[2022-09-30 16:45:30.202] [exthost] [warning] [Decorations] CAPPING events from decorations provider vscode.git 861
[2022-09-30 16:45:35.957] [exthost] [warning] [Decorations] CAPPING events from decorations provider vscode.git 861
[2022-09-30 16:45:41.047] [exthost] [warning] [Decorations] CAPPING events from decorations provider vscode.git 861
[2022-09-30 16:45:46.129] [exthost] [warning] [Decorations] CAPPING events from decorations provider vscode.git 861
[2022-09-30 16:45:51.200] [exthost] [warning] [Decorations] CAPPING events from decorations provider vscode.git 861
[2022-09-30 16:45:56.271] [exthost] [warning] [Decorations] CAPPING events from decorations provider vscode.git 861
[2022-09-30 16:46:01.352] [exthost] [warning] [Decorations] CAPPING events from decorations provider vscode.git 861
[2022-09-30 16:48:21.890] [exthost] [warning] [Decorations] CAPPING events from decorations provider vscode.git 861
[2022-09-30 16:48:22.339] [exthost] [warning] [Decorations] CAPPING events from decorations provider vscode.git 861
[2022-09-30 16:48:26.964] [exthost] [warning] [Decorations] CAPPING events from decorations provider vscode.git 861
[2022-09-30 16:48:32.032] [exthost] [warning] [Decorations] CAPPING events from decorations provider vscode.git 861
[2022-09-30 16:48:37.107] [exthost] [warning] [Decorations] CAPPING events from decorations provider vscode.git 861
[2022-09-30 16:48:42.184] [exthost] [warning] [Decorations] CAPPING events from decorations provider vscode.git 861
[2022-09-30 16:48:47.251] [exthost] [warning] [Decorations] CAPPING events from decorations provider vscode.git 861
[2022-09-30 16:48:52.314] [exthost] [warning] [Decorations] CAPPING events from decorations provider vscode.git 861
[2022-09-30 16:48:57.418] [exthost] [warning] [Decorations] CAPPING events from decorations provider vscode.git 861
[2022-09-30 16:49:02.500] [exthost] [warning] [Decorations] CAPPING events from decorations provider vscode.git 861
[2022-09-30 16:49:07.570] [exthost] [warning] [Decorations] CAPPING events from decorations provider vscode.git 862
[2022-09-30 16:49:12.636] [exthost] [warning] [Decorations] CAPPING events from decorations provider vscode.git 862
[2022-09-30 16:49:18.437] [exthost] [warning] [Decorations] CAPPING events from decorations provider vscode.git 862
[2022-09-30 16:49:23.525] [exthost] [warning] [Decorations] CAPPING events from decorations provider vscode.git 862
[2022-09-30 16:49:36.158] [exthost] [warning] [Decorations] CAPPING events from decorations provider vscode.git 862
[2022-09-30 16:49:41.247] [exthost] [warning] [Decorations] CAPPING events from decorations provider vscode.git 862
[2022-09-30 16:49:46.327] [exthost] [warning] [Decorations] CAPPING events from decorations provider vscode.git 862
[2022-09-30 16:49:51.421] [exthost] [warning] [Decorations] CAPPING events from decorations provider vscode.git 862
[2022-09-30 16:49:56.494] [exthost] [warning] [Decorations] CAPPING events from decorations provider vscode.git 862
[2022-09-30 16:50:12.815] [exthost] [warning] [Decorations] CAPPING events from decorations provider vscode.git 862
[2022-09-30 16:50:17.902] [exthost] [warning] [Decorations] CAPPING events from decorations provider vscode.git 862
[2022-09-30 16:50:22.974] [exthost] [warning] [Decorations] CAPPING events from decorations provider vscode.git 862
[2022-09-30 16:50:28.055] [exthost] [warning] [Decorations] CAPPING events from decorations provider vscode.git 862
[2022-09-30 16:50:33.670] [exthost] [warning] [Decorations] CAPPING events from decorations provider vscode.git 863
[2022-09-30 16:50:38.735] [exthost] [warning] [Decorations] CAPPING events from decorations provider vscode.git 863
[2022-09-30 17:01:14.195] [exthost] [warning] [Decorations] CAPPING events from decorations provider vscode.git 863
[2022-09-30 17:01:14.576] [exthost] [warning] [Decorations] CAPPING events from decorations provider vscode.git 863
[2022-09-30 17:01:19.269] [exthost] [warning] [Decorations] CAPPING events from decorations provider vscode.git 863
[2022-09-30 17:13:16.959] [exthost] [warning] [Decorations] CAPPING events from decorations provider vscode.git 863
[2022-09-30 17:13:17.315] [exthost] [warning] [Decorations] CAPPING events from decorations provider vscode.git 863
[2022-09-30 17:13:22.023] [exthost] [warning] [Decorations] CAPPING events from decorations provider vscode.git 863
[2022-09-30 17:13:27.086] [exthost] [warning] [Decorations] CAPPING events from decorations provider vscode.git 863
[2022-09-30 17:13:32.155] [exthost] [warning] [Decorations] CAPPING events from decorations provider vscode.git 863
[2022-09-30 17:13:37.245] [exthost] [warning] [Decorations] CAPPING events from decorations provider vscode.git 863
[2022-09-30 17:13:42.308] [exthost] [warning] [Decorations] CAPPING events from decorations provider vscode.git 863
[2022-09-30 17:13:47.368] [exthost] [warning] [Decorations] CAPPING events from decorations provider vscode.git 863
[2022-09-30 17:13:52.433] [exthost] [warning] [Decorations] CAPPING events from decorations provider vscode.git 863
[2022-09-30 17:13:57.502] [exthost] [warning] [Decorations] CAPPING events from decorations provider vscode.git 863
[2022-09-30 17:14:02.587] [exthost] [warning] [Decorations] CAPPING events from decorations provider vscode.git 863
[2022-09-30 17:14:07.668] [exthost] [warning] [Decorations] CAPPING events from decorations provider vscode.git 863
[2022-09-30 17:22:30.244] [exthost] [warning] [Decorations] CAPPING events from decorations provider vscode.git 863
[2022-09-30 17:22:30.583] [exthost] [warning] [Decorations] CAPPING events from decorations provider vscode.git 863
[2022-09-30 17:23:25.389] [exthost] [warning] [Decorations] CAPPING events from decorations provider vscode.git 863
[2022-09-30 17:23:30.451] [exthost] [warning] [Decorations] CAPPING events from decorations provider vscode.git 863
[2022-09-30 17:23:35.514] [exthost] [warning] [Decorations] CAPPING events from decorations provider vscode.git 863
[2022-09-30 17:23:40.595] [exthost] [warning] [Decorations] CAPPING events from decorations provider vscode.git 863
[2022-09-30 17:23:45.671] [exthost] [warning] [Decorations] CAPPING events from decorations provider vscode.git 863
[2022-09-30 17:23:50.751] [exthost] [warning] [Decorations] CAPPING events from decorations provider vscode.git 863
[2022-09-30 17:23:55.824] [exthost] [warning] [Decorations] CAPPING events from decorations provider vscode.git 863
[2022-09-30 17:24:00.894] [exthost] [warning] [Decorations] CAPPING events from decorations provider vscode.git 863
[2022-09-30 17:24:05.992] [exthost] [warning] [Decorations] CAPPING events from decorations provider vscode.git 863
[2022-09-30 17:24:11.070] [exthost] [warning] [Decorations] CAPPING events from decorations provider vscode.git 863
[2022-09-30 17:24:16.134] [exthost] [warning] [Decorations] CAPPING events from decorations provider vscode.git 863
[2022-09-30 17:24:21.198] [exthost] [warning] [Decorations] CAPPING events from decorations provider vscode.git 863
[2022-09-30 17:24:26.290] [exthost] [warning] [Decorations] CAPPING events from decorations provider vscode.git 863
[2022-09-30 17:24:31.359] [exthost] [warning] [Decorations] CAPPING events from decorations provider vscode.git 863
[2022-09-30 17:24:36.437] [exthost] [warning] [Decorations] CAPPING events from decorations provider vscode.git 863
[2022-09-30 17:24:41.514] [exthost] [warning] [Decorations] CAPPING events from decorations provider vscode.git 863
[2022-09-30 17:24:46.581] [exthost] [warning] [Decorations] CAPPING events from decorations provider vscode.git 863
[2022-09-30 17:24:51.657] [exthost] [warning] [Decorations] CAPPING events from decorations provider vscode.git 863
[2022-09-30 17:24:56.737] [exthost] [warning] [Decorations] CAPPING events from decorations provider vscode.git 863
[2022-09-30 17:25:01.802] [exthost] [warning] [Decorations] CAPPING events from decorations provider vscode.git 863
[2022-09-30 17:25:06.869] [exthost] [warning] [Decorations] CAPPING events from decorations provider vscode.git 863
[2022-09-30 17:25:11.949] [exthost] [warning] [Decorations] CAPPING events from decorations provider vscode.git 863
[2022-09-30 17:25:17.026] [exthost] [warning] [Decorations] CAPPING events from decorations provider vscode.git 863
[2022-09-30 17:25:22.095] [exthost] [warning] [Decorations] CAPPING events from decorations provider vscode.git 863
[2022-09-30 17:25:27.181] [exthost] [warning] [Decorations] CAPPING events from decorations provider vscode.git 863
[2022-09-30 17:25:31.072] [exthost] [warning] [Decorations] CAPPING events from decorations provider vscode.git 863
[2022-09-30 17:25:32.291] [exthost] [warning] [Decorations] CAPPING events from decorations provider vscode.git 863
[2022-09-30 17:25:37.381] [exthost] [warning] [Decorations] CAPPING events from decorations provider vscode.git 863
[2022-09-30 17:25:42.465] [exthost] [warning] [Decorations] CAPPING events from decorations provider vscode.git 863
[2022-09-30 17:28:19.899] [exthost] [warning] [Decorations] CAPPING events from decorations provider vscode.git 863
[2022-09-30 17:28:24.983] [exthost] [warning] [Decorations] CAPPING events from decorations provider vscode.git 863
[2022-09-30 17:28:30.077] [exthost] [warning] [Decorations] CAPPING events from decorations provider vscode.git 863
[2022-09-30 17:28:31.614] [exthost] [warning] [Decorations] CAPPING events from decorations provider vscode.git 863
[2022-09-30 17:28:35.176] [exthost] [warning] [Decorations] CAPPING events from decorations provider vscode.git 863
[2022-09-30 17:28:40.241] [exthost] [warning] [Decorations] CAPPING events from decorations provider vscode.git 863
[2022-09-30 17:28:45.307] [exthost] [warning] [Decorations] CAPPING events from decorations provider vscode.git 863
[2022-09-30 17:28:50.373] [exthost] [warning] [Decorations] CAPPING events from decorations provider vscode.git 863
[2022-09-30 17:28:55.431] [exthost] [warning] [Decorations] CAPPING events from decorations provider vscode.git 863
[2022-09-30 17:29:00.499] [exthost] [warning] [Decorations] CAPPING events from decorations provider vscode.git 863
[2022-09-30 17:29:05.569] [exthost] [warning] [Decorations] CAPPING events from decorations provider vscode.git 863
[2022-09-30 17:29:10.635] [exthost] [warning] [Decorations] CAPPING events from decorations provider vscode.git 863
[2022-09-30 17:29:15.707] [exthost] [warning] [Decorations] CAPPING events from decorations provider vscode.git 863
[2022-09-30 17:29:20.776] [exthost] [warning] [Decorations] CAPPING events from decorations provider vscode.git 863
[2022-09-30 17:29:25.837] [exthost] [warning] [Decorations] CAPPING events from decorations provider vscode.git 863
[2022-09-30 17:29:35.262] [exthost] [warning] [Decorations] CAPPING events from decorations provider vscode.git 863
[2022-09-30 17:34:07.726] [exthost] [warning] [Decorations] CAPPING events from decorations provider vscode.git 863
[2022-09-30 17:34:08.050] [exthost] [warning] [Decorations] CAPPING events from decorations provider vscode.git 863
[2022-09-30 17:34:12.809] [exthost] [warning] [Decorations] CAPPING events from decorations provider vscode.git 863
[2022-09-30 17:34:17.876] [exthost] [warning] [Decorations] CAPPING events from decorations provider vscode.git 863
[2022-09-30 17:34:22.942] [exthost] [warning] [Decorations] CAPPING events from decorations provider vscode.git 863
[2022-09-30 17:34:28.032] [exthost] [warning] [Decorations] CAPPING events from decorations provider vscode.git 863
[2022-09-30 17:34:33.121] [exthost] [warning] [Decorations] CAPPING events from decorations provider vscode.git 864
[2022-09-30 17:34:38.202] [exthost] [warning] [Decorations] CAPPING events from decorations provider vscode.git 864
[2022-09-30 17:36:38.801] [exthost] [warning] [Decorations] CAPPING events from decorations provider vscode.git 864
[2022-09-30 17:36:43.897] [exthost] [warning] [Decorations] CAPPING events from decorations provider vscode.git 865
[2022-09-30 17:36:44.418] [exthost] [info] Extension host terminating: received terminate message from renderer
[2022-09-30 17:36:44.422] [exthost] [info] Lock '/home/nunoamorim/.vscode-server/data/User/workspaceStorage/a9f5109e99d391079f85d3e92812567a/vscode.lock': Marking the lockfile as scheduled to be released in 6000 ms.
[2022-09-30 17:36:44.623] [exthost] [error] Canceled: Canceled
	at Object.A [as canceled] (/home/nunoamorim/.vscode-server/bin/74b1f979648cc44d385a2286793c226e611f59e7/out/vs/workbench/api/node/extensionHostProcess.js:7:1204)
	at /home/nunoamorim/.vscode-server/bin/74b1f979648cc44d385a2286793c226e611f59e7/out/vs/workbench/api/node/extensionHostProcess.js:95:9092
	at Array.forEach (<anonymous>)
	at i.dispose (/home/nunoamorim/.vscode-server/bin/74b1f979648cc44d385a2286793c226e611f59e7/out/vs/workbench/api/node/extensionHostProcess.js:95:9040)
	at b.terminate (/home/nunoamorim/.vscode-server/bin/74b1f979648cc44d385a2286793c226e611f59e7/out/vs/workbench/api/node/extensionHostProcess.js:97:10988)
	at b.terminate (/home/nunoamorim/.vscode-server/bin/74b1f979648cc44d385a2286793c226e611f59e7/out/vs/workbench/api/node/extensionHostProcess.js:101:620)
	at m (/home/nunoamorim/.vscode-server/bin/74b1f979648cc44d385a2286793c226e611f59e7/out/vs/workbench/api/node/extensionHostProcess.js:111:19088)
	at /home/nunoamorim/.vscode-server/bin/74b1f979648cc44d385a2286793c226e611f59e7/out/vs/workbench/api/node/extensionHostProcess.js:111:17016
	at b.invoke (/home/nunoamorim/.vscode-server/bin/74b1f979648cc44d385a2286793c226e611f59e7/out/vs/workbench/api/node/extensionHostProcess.js:61:145)
	at p.deliver (/home/nunoamorim/.vscode-server/bin/74b1f979648cc44d385a2286793c226e611f59e7/out/vs/workbench/api/node/extensionHostProcess.js:61:2266)
	at v.fire (/home/nunoamorim/.vscode-server/bin/74b1f979648cc44d385a2286793c226e611f59e7/out/vs/workbench/api/node/extensionHostProcess.js:61:1844)
	at a.fire (/home/nunoamorim/.vscode-server/bin/74b1f979648cc44d385a2286793c226e611f59e7/out/vs/workbench/api/node/extensionHostProcess.js:69:19042)
	at r._receiveMessage (/home/nunoamorim/.vscode-server/bin/74b1f979648cc44d385a2286793c226e611f59e7/out/vs/workbench/api/node/extensionHostProcess.js:69:23854)
	at /home/nunoamorim/.vscode-server/bin/74b1f979648cc44d385a2286793c226e611f59e7/out/vs/workbench/api/node/extensionHostProcess.js:69:22874
	at b.invoke (/home/nunoamorim/.vscode-server/bin/74b1f979648cc44d385a2286793c226e611f59e7/out/vs/workbench/api/node/extensionHostProcess.js:61:145)
	at p.deliver (/home/nunoamorim/.vscode-server/bin/74b1f979648cc44d385a2286793c226e611f59e7/out/vs/workbench/api/node/extensionHostProcess.js:61:2266)
	at v.fire (/home/nunoamorim/.vscode-server/bin/74b1f979648cc44d385a2286793c226e611f59e7/out/vs/workbench/api/node/extensionHostProcess.js:61:1844)
	at v.acceptChunk (/home/nunoamorim/.vscode-server/bin/74b1f979648cc44d385a2286793c226e611f59e7/out/vs/workbench/api/node/extensionHostProcess.js:69:15873)
	at /home/nunoamorim/.vscode-server/bin/74b1f979648cc44d385a2286793c226e611f59e7/out/vs/workbench/api/node/extensionHostProcess.js:69:15003
	at b.invoke (/home/nunoamorim/.vscode-server/bin/74b1f979648cc44d385a2286793c226e611f59e7/out/vs/workbench/api/node/extensionHostProcess.js:61:145)
	at p.deliver (/home/nunoamorim/.vscode-server/bin/74b1f979648cc44d385a2286793c226e611f59e7/out/vs/workbench/api/node/extensionHostProcess.js:61:2266)
	at v.fire (/home/nunoamorim/.vscode-server/bin/74b1f979648cc44d385a2286793c226e611f59e7/out/vs/workbench/api/node/extensionHostProcess.js:61:1844)
	at v._processReadQueue (/home/nunoamorim/.vscode-server/bin/74b1f979648cc44d385a2286793c226e611f59e7/out/vs/workbench/api/node/extensionHostProcess.js:69:34271)
	at v.acceptFrame (/home/nunoamorim/.vscode-server/bin/74b1f979648cc44d385a2286793c226e611f59e7/out/vs/workbench/api/node/extensionHostProcess.js:69:33927)
	at b._acceptChunk (/home/nunoamorim/.vscode-server/bin/74b1f979648cc44d385a2286793c226e611f59e7/out/vs/workbench/api/node/extensionHostProcess.js:69:31891)
	at /home/nunoamorim/.vscode-server/bin/74b1f979648cc44d385a2286793c226e611f59e7/out/vs/workbench/api/node/extensionHostProcess.js:69:28880
	at Socket.d (/home/nunoamorim/.vscode-server/bin/74b1f979648cc44d385a2286793c226e611f59e7/out/vs/workbench/api/node/extensionHostProcess.js:69:26763)
	at Socket.emit (node:events:526:28)
	at addChunk (node:internal/streams/readable:315:12)
	at readableAddChunk (node:internal/streams/readable:289:9)
	at Socket.Readable.push (node:internal/streams/readable:228:10)
	at TCP.onStreamRead (node:internal/stream_base_commons:190:23) git.commit {"value":"vscode.git","_lower":"vscode.git"}
[2022-09-30 17:36:44.623] [exthost] [error] Canceled: Canceled
	at Object.A [as canceled] (/home/nunoamorim/.vscode-server/bin/74b1f979648cc44d385a2286793c226e611f59e7/out/vs/workbench/api/node/extensionHostProcess.js:7:1204)
	at /home/nunoamorim/.vscode-server/bin/74b1f979648cc44d385a2286793c226e611f59e7/out/vs/workbench/api/node/extensionHostProcess.js:95:9092
	at Array.forEach (<anonymous>)
	at i.dispose (/home/nunoamorim/.vscode-server/bin/74b1f979648cc44d385a2286793c226e611f59e7/out/vs/workbench/api/node/extensionHostProcess.js:95:9040)
	at b.terminate (/home/nunoamorim/.vscode-server/bin/74b1f979648cc44d385a2286793c226e611f59e7/out/vs/workbench/api/node/extensionHostProcess.js:97:10988)
	at b.terminate (/home/nunoamorim/.vscode-server/bin/74b1f979648cc44d385a2286793c226e611f59e7/out/vs/workbench/api/node/extensionHostProcess.js:101:620)
	at m (/home/nunoamorim/.vscode-server/bin/74b1f979648cc44d385a2286793c226e611f59e7/out/vs/workbench/api/node/extensionHostProcess.js:111:19088)
	at /home/nunoamorim/.vscode-server/bin/74b1f979648cc44d385a2286793c226e611f59e7/out/vs/workbench/api/node/extensionHostProcess.js:111:17016
	at b.invoke (/home/nunoamorim/.vscode-server/bin/74b1f979648cc44d385a2286793c226e611f59e7/out/vs/workbench/api/node/extensionHostProcess.js:61:145)
	at p.deliver (/home/nunoamorim/.vscode-server/bin/74b1f979648cc44d385a2286793c226e611f59e7/out/vs/workbench/api/node/extensionHostProcess.js:61:2266)
	at v.fire (/home/nunoamorim/.vscode-server/bin/74b1f979648cc44d385a2286793c226e611f59e7/out/vs/workbench/api/node/extensionHostProcess.js:61:1844)
	at a.fire (/home/nunoamorim/.vscode-server/bin/74b1f979648cc44d385a2286793c226e611f59e7/out/vs/workbench/api/node/extensionHostProcess.js:69:19042)
	at r._receiveMessage (/home/nunoamorim/.vscode-server/bin/74b1f979648cc44d385a2286793c226e611f59e7/out/vs/workbench/api/node/extensionHostProcess.js:69:23854)
	at /home/nunoamorim/.vscode-server/bin/74b1f979648cc44d385a2286793c226e611f59e7/out/vs/workbench/api/node/extensionHostProcess.js:69:22874
	at b.invoke (/home/nunoamorim/.vscode-server/bin/74b1f979648cc44d385a2286793c226e611f59e7/out/vs/workbench/api/node/extensionHostProcess.js:61:145)
	at p.deliver (/home/nunoamorim/.vscode-server/bin/74b1f979648cc44d385a2286793c226e611f59e7/out/vs/workbench/api/node/extensionHostProcess.js:61:2266)
	at v.fire (/home/nunoamorim/.vscode-server/bin/74b1f979648cc44d385a2286793c226e611f59e7/out/vs/workbench/api/node/extensionHostProcess.js:61:1844)
	at v.acceptChunk (/home/nunoamorim/.vscode-server/bin/74b1f979648cc44d385a2286793c226e611f59e7/out/vs/workbench/api/node/extensionHostProcess.js:69:15873)
	at /home/nunoamorim/.vscode-server/bin/74b1f979648cc44d385a2286793c226e611f59e7/out/vs/workbench/api/node/extensionHostProcess.js:69:15003
	at b.invoke (/home/nunoamorim/.vscode-server/bin/74b1f979648cc44d385a2286793c226e611f59e7/out/vs/workbench/api/node/extensionHostProcess.js:61:145)
	at p.deliver (/home/nunoamorim/.vscode-server/bin/74b1f979648cc44d385a2286793c226e611f59e7/out/vs/workbench/api/node/extensionHostProcess.js:61:2266)
	at v.fire (/home/nunoamorim/.vscode-server/bin/74b1f979648cc44d385a2286793c226e611f59e7/out/vs/workbench/api/node/extensionHostProcess.js:61:1844)
	at v._processReadQueue (/home/nunoamorim/.vscode-server/bin/74b1f979648cc44d385a2286793c226e611f59e7/out/vs/workbench/api/node/extensionHostProcess.js:69:34271)
	at v.acceptFrame (/home/nunoamorim/.vscode-server/bin/74b1f979648cc44d385a2286793c226e611f59e7/out/vs/workbench/api/node/extensionHostProcess.js:69:33927)
	at b._acceptChunk (/home/nunoamorim/.vscode-server/bin/74b1f979648cc44d385a2286793c226e611f59e7/out/vs/workbench/api/node/extensionHostProcess.js:69:31891)
	at /home/nunoamorim/.vscode-server/bin/74b1f979648cc44d385a2286793c226e611f59e7/out/vs/workbench/api/node/extensionHostProcess.js:69:28880
	at Socket.d (/home/nunoamorim/.vscode-server/bin/74b1f979648cc44d385a2286793c226e611f59e7/out/vs/workbench/api/node/extensionHostProcess.js:69:26763)
	at Socket.emit (node:events:526:28)
	at addChunk (node:internal/streams/readable:315:12)
	at readableAddChunk (node:internal/streams/readable:289:9)
	at Socket.Readable.push (node:internal/streams/readable:228:10)
	at TCP.onStreamRead (node:internal/stream_base_commons:190:23) _vscode_delegate_cmd_l8lppwyo undefined
[2022-09-30 17:36:44.649] [exthost] [info] Extension host with pid 273 exiting with code 0
