[2022-10-03 14:03:53.779] [exthost] [info] Extension host with pid 338 started
[2022-10-03 14:03:53.942] [exthost] [info] ExtensionService#_doActivateExtension vscode.typescript-language-features, startup: false, activationEvent: 'onLanguage:javascript'
[2022-10-03 14:03:54.149] [exthost] [info] ExtensionService#_doActivateExtension vscode.debug-auto-launch, startup: true, activationEvent: '*'
[2022-10-03 14:03:54.167] [exthost] [info] ExtensionService#_doActivateExtension vscode.git-base, startup: true, activationEvent: '*', root cause: vscode.git
[2022-10-03 14:03:54.191] [exthost] [info] ExtensionService#_doActivateExtension vscode.ipynb, startup: true, activationEvent: '*'
[2022-10-03 14:03:54.339] [exthost] [info] Lock '/home/nunoamorim/.vscode-server/data/User/workspaceStorage/a9f5109e99d391079f85d3e92812567a/vscode.lock': Lock acquired.
[2022-10-03 14:03:54.550] [exthost] [info] ExtensionService#_doActivateExtension GitHub.vscode-pull-request-github, startup: true, activationEvent: '*'
[2022-10-03 14:03:55.258] [exthost] [info] ExtensionService#_doActivateExtension vscode.git, startup: true, activationEvent: '*'
[2022-10-03 14:03:55.630] [exthost] [info] ExtensionService#_doActivateExtension vscode.github, startup: true, activationEvent: '*'
[2022-10-03 14:03:56.596] [exthost] [warning] [Decorations] CAPPING events from decorations provider vscode.git 873
[2022-10-03 14:03:58.132] [exthost] [warning] [Decorations] CAPPING events from decorations provider vscode.git 873
[2022-10-03 14:04:00.452] [exthost] [info] ExtensionService#_doActivateExtension vscode.emmet, startup: false, activationEvent: 'onStartupFinished'
[2022-10-03 14:04:00.566] [exthost] [info] ExtensionService#_doActivateExtension vscode.merge-conflict, startup: false, activationEvent: 'onStartupFinished'
[2022-10-03 14:04:00.598] [exthost] [info] Eager extensions activated
[2022-10-03 14:04:01.281] [exthost] [warning] [Decorations] CAPPING events from decorations provider vscode.git 873
[2022-10-03 14:04:07.725] [exthost] [warning] [Decorations] CAPPING events from decorations provider vscode.git 884
[2022-10-03 14:04:21.220] [exthost] [warning] [Decorations] CAPPING events from decorations provider vscode.git 1128
[2022-10-03 14:04:26.361] [exthost] [warning] [Decorations] CAPPING events from decorations provider vscode.git 1128
[2022-10-03 14:04:31.543] [exthost] [warning] [Decorations] CAPPING events from decorations provider vscode.git 1128
[2022-10-03 14:04:36.846] [exthost] [warning] [Decorations] CAPPING events from decorations provider vscode.git 1128
[2022-10-03 14:04:42.151] [exthost] [warning] [Decorations] CAPPING events from decorations provider vscode.git 1128
[2022-10-03 14:04:47.429] [exthost] [warning] [Decorations] CAPPING events from decorations provider vscode.git 1128
[2022-10-03 14:04:52.639] [exthost] [warning] [Decorations] CAPPING events from decorations provider vscode.git 1128
[2022-10-03 14:04:57.904] [exthost] [warning] [Decorations] CAPPING events from decorations provider vscode.git 1128
[2022-10-03 14:05:03.277] [exthost] [warning] [Decorations] CAPPING events from decorations provider vscode.git 1128
[2022-10-03 14:05:08.480] [exthost] [warning] [Decorations] CAPPING events from decorations provider vscode.git 1128
[2022-10-03 14:05:13.625] [exthost] [warning] [Decorations] CAPPING events from decorations provider vscode.git 1128
[2022-10-03 14:05:18.760] [exthost] [warning] [Decorations] CAPPING events from decorations provider vscode.git 1128
[2022-10-03 14:07:48.611] [exthost] [warning] [Decorations] CAPPING events from decorations provider vscode.git 1128
[2022-10-03 14:07:49.517] [exthost] [warning] [Decorations] CAPPING events from decorations provider vscode.git 1128
[2022-10-03 14:11:33.077] [exthost] [warning] [Decorations] CAPPING events from decorations provider vscode.git 1128
[2022-10-03 14:11:33.720] [exthost] [warning] [Decorations] CAPPING events from decorations provider vscode.git 1128
[2022-10-03 14:11:38.210] [exthost] [warning] [Decorations] CAPPING events from decorations provider vscode.git 1128
[2022-10-03 14:11:43.345] [exthost] [warning] [Decorations] CAPPING events from decorations provider vscode.git 1128
[2022-10-03 14:11:48.785] [exthost] [warning] [Decorations] CAPPING events from decorations provider vscode.git 1128
[2022-10-03 14:11:53.949] [exthost] [warning] [Decorations] CAPPING events from decorations provider vscode.git 1128
[2022-10-03 14:11:59.215] [exthost] [warning] [Decorations] CAPPING events from decorations provider vscode.git 1128
[2022-10-03 14:13:38.961] [exthost] [warning] [Decorations] CAPPING events from decorations provider vscode.git 1128
[2022-10-03 14:13:44.220] [exthost] [warning] [Decorations] CAPPING events from decorations provider vscode.git 1128
[2022-10-03 14:13:49.395] [exthost] [warning] [Decorations] CAPPING events from decorations provider vscode.git 1128
[2022-10-03 14:13:54.534] [exthost] [warning] [Decorations] CAPPING events from decorations provider vscode.git 1128
[2022-10-03 14:13:59.779] [exthost] [warning] [Decorations] CAPPING events from decorations provider vscode.git 1128
[2022-10-03 14:15:45.100] [exthost] [warning] [Decorations] CAPPING events from decorations provider vscode.git 1128
[2022-10-03 14:15:45.717] [exthost] [warning] [Decorations] CAPPING events from decorations provider vscode.git 1128
[2022-10-03 14:16:25.998] [exthost] [warning] [Decorations] CAPPING events from decorations provider vscode.git 1128
[2022-10-03 14:16:31.250] [exthost] [warning] [Decorations] CAPPING events from decorations provider vscode.git 1128
[2022-10-03 14:16:36.474] [exthost] [warning] [Decorations] CAPPING events from decorations provider vscode.git 1128
[2022-10-03 14:16:41.658] [exthost] [warning] [Decorations] CAPPING events from decorations provider vscode.git 1128
[2022-10-03 14:16:46.832] [exthost] [warning] [Decorations] CAPPING events from decorations provider vscode.git 1128
[2022-10-03 14:16:52.011] [exthost] [warning] [Decorations] CAPPING events from decorations provider vscode.git 1128
[2022-10-03 14:16:57.292] [exthost] [warning] [Decorations] CAPPING events from decorations provider vscode.git 1128
[2022-10-03 14:17:02.449] [exthost] [warning] [Decorations] CAPPING events from decorations provider vscode.git 1128
[2022-10-03 14:17:26.309] [exthost] [warning] [Decorations] CAPPING events from decorations provider vscode.git 1128
[2022-10-03 14:24:54.156] [exthost] [warning] [Decorations] CAPPING events from decorations provider vscode.git 1128
[2022-10-03 14:24:54.747] [exthost] [warning] [Decorations] CAPPING events from decorations provider vscode.git 1128
[2022-10-03 14:40:38.096] [exthost] [warning] [Decorations] CAPPING events from decorations provider vscode.git 1128
[2022-10-03 14:40:38.807] [exthost] [warning] [Decorations] CAPPING events from decorations provider vscode.git 1128
[2022-10-03 14:46:19.088] [exthost] [warning] [Decorations] CAPPING events from decorations provider vscode.git 1128
[2022-10-03 14:46:20.112] [exthost] [warning] [Decorations] CAPPING events from decorations provider vscode.git 1128
[2022-10-03 14:46:24.383] [exthost] [warning] [Decorations] CAPPING events from decorations provider vscode.git 1128
[2022-10-03 14:46:29.678] [exthost] [warning] [Decorations] CAPPING events from decorations provider vscode.git 1128
[2022-10-03 14:46:34.805] [exthost] [warning] [Decorations] CAPPING events from decorations provider vscode.git 1129
[2022-10-03 14:46:39.906] [exthost] [warning] [Decorations] CAPPING events from decorations provider vscode.git 1129
[2022-10-03 14:46:45.181] [exthost] [warning] [Decorations] CAPPING events from decorations provider vscode.git 1129
[2022-10-03 14:46:50.491] [exthost] [warning] [Decorations] CAPPING events from decorations provider vscode.git 1129
[2022-10-03 14:46:55.753] [exthost] [warning] [Decorations] CAPPING events from decorations provider vscode.git 1129
[2022-10-03 14:47:00.940] [exthost] [warning] [Decorations] CAPPING events from decorations provider vscode.git 1129
[2022-10-03 14:47:06.199] [exthost] [warning] [Decorations] CAPPING events from decorations provider vscode.git 1130
[2022-10-03 14:47:12.052] [exthost] [warning] [Decorations] CAPPING events from decorations provider vscode.git 1130
[2022-10-03 14:47:17.365] [exthost] [warning] [Decorations] CAPPING events from decorations provider vscode.git 1130
[2022-10-03 14:47:22.635] [exthost] [warning] [Decorations] CAPPING events from decorations provider vscode.git 1130
[2022-10-03 14:47:27.895] [exthost] [warning] [Decorations] CAPPING events from decorations provider vscode.git 1130
[2022-10-03 14:47:33.167] [exthost] [warning] [Decorations] CAPPING events from decorations provider vscode.git 1130
[2022-10-03 14:47:38.319] [exthost] [warning] [Decorations] CAPPING events from decorations provider vscode.git 1130
[2022-10-03 14:47:43.568] [exthost] [warning] [Decorations] CAPPING events from decorations provider vscode.git 1130
[2022-10-03 14:47:48.844] [exthost] [warning] [Decorations] CAPPING events from decorations provider vscode.git 1130
[2022-10-03 14:47:54.090] [exthost] [warning] [Decorations] CAPPING events from decorations provider vscode.git 1130
[2022-10-03 14:47:59.377] [exthost] [warning] [Decorations] CAPPING events from decorations provider vscode.git 1130
[2022-10-03 14:48:04.623] [exthost] [warning] [Decorations] CAPPING events from decorations provider vscode.git 1130
[2022-10-03 14:48:09.980] [exthost] [warning] [Decorations] CAPPING events from decorations provider vscode.git 1130
[2022-10-03 14:48:15.196] [exthost] [warning] [Decorations] CAPPING events from decorations provider vscode.git 1130
[2022-10-03 14:48:20.458] [exthost] [warning] [Decorations] CAPPING events from decorations provider vscode.git 1130
[2022-10-03 14:48:25.717] [exthost] [warning] [Decorations] CAPPING events from decorations provider vscode.git 1130
[2022-10-03 14:48:31.026] [exthost] [warning] [Decorations] CAPPING events from decorations provider vscode.git 1130
[2022-10-03 14:48:36.275] [exthost] [warning] [Decorations] CAPPING events from decorations provider vscode.git 1130
[2022-10-03 14:48:41.531] [exthost] [warning] [Decorations] CAPPING events from decorations provider vscode.git 1131
[2022-10-03 14:48:46.791] [exthost] [warning] [Decorations] CAPPING events from decorations provider vscode.git 1131
[2022-10-03 14:48:52.044] [exthost] [warning] [Decorations] CAPPING events from decorations provider vscode.git 1131
[2022-10-03 14:48:57.320] [exthost] [warning] [Decorations] CAPPING events from decorations provider vscode.git 1131
[2022-10-03 14:49:02.599] [exthost] [warning] [Decorations] CAPPING events from decorations provider vscode.git 1131
[2022-10-03 14:49:07.870] [exthost] [warning] [Decorations] CAPPING events from decorations provider vscode.git 1131
[2022-10-03 14:49:13.123] [exthost] [warning] [Decorations] CAPPING events from decorations provider vscode.git 1131
[2022-10-03 14:49:18.391] [exthost] [warning] [Decorations] CAPPING events from decorations provider vscode.git 1131
[2022-10-03 14:49:21.138] [exthost] [warning] [Decorations] CAPPING events from decorations provider vscode.git 1131
[2022-10-03 14:49:23.676] [exthost] [warning] [Decorations] CAPPING events from decorations provider vscode.git 1131
[2022-10-03 14:49:28.970] [exthost] [warning] [Decorations] CAPPING events from decorations provider vscode.git 1131
[2022-10-03 14:49:34.245] [exthost] [warning] [Decorations] CAPPING events from decorations provider vscode.git 1131
[2022-10-03 14:49:39.458] [exthost] [warning] [Decorations] CAPPING events from decorations provider vscode.git 1131
[2022-10-03 14:49:44.742] [exthost] [warning] [Decorations] CAPPING events from decorations provider vscode.git 1131
[2022-10-03 14:49:49.981] [exthost] [warning] [Decorations] CAPPING events from decorations provider vscode.git 1131
[2022-10-03 14:49:55.275] [exthost] [warning] [Decorations] CAPPING events from decorations provider vscode.git 1131
[2022-10-03 14:50:00.496] [exthost] [warning] [Decorations] CAPPING events from decorations provider vscode.git 1131
[2022-10-03 14:50:05.796] [exthost] [warning] [Decorations] CAPPING events from decorations provider vscode.git 1131
[2022-10-03 14:50:11.079] [exthost] [warning] [Decorations] CAPPING events from decorations provider vscode.git 1131
[2022-10-03 14:50:16.395] [exthost] [warning] [Decorations] CAPPING events from decorations provider vscode.git 1132
[2022-10-03 14:50:21.708] [exthost] [warning] [Decorations] CAPPING events from decorations provider vscode.git 1132
[2022-10-03 14:50:27.727] [exthost] [warning] [Decorations] CAPPING events from decorations provider vscode.git 1132
[2022-10-03 14:50:33.040] [exthost] [warning] [Decorations] CAPPING events from decorations provider vscode.git 1132
[2022-10-03 14:50:38.342] [exthost] [warning] [Decorations] CAPPING events from decorations provider vscode.git 1133
[2022-10-03 14:50:43.685] [exthost] [warning] [Decorations] CAPPING events from decorations provider vscode.git 1133
[2022-10-03 14:50:49.457] [exthost] [warning] [Decorations] CAPPING events from decorations provider vscode.git 1133
[2022-10-03 14:50:54.747] [exthost] [warning] [Decorations] CAPPING events from decorations provider vscode.git 1133
[2022-10-03 14:51:00.036] [exthost] [warning] [Decorations] CAPPING events from decorations provider vscode.git 1133
[2022-10-03 14:51:05.277] [exthost] [warning] [Decorations] CAPPING events from decorations provider vscode.git 1133
[2022-10-03 14:51:10.506] [exthost] [warning] [Decorations] CAPPING events from decorations provider vscode.git 1133
[2022-10-03 14:51:15.799] [exthost] [warning] [Decorations] CAPPING events from decorations provider vscode.git 1134
[2022-10-03 14:51:21.056] [exthost] [warning] [Decorations] CAPPING events from decorations provider vscode.git 1134
[2022-10-03 14:51:26.331] [exthost] [warning] [Decorations] CAPPING events from decorations provider vscode.git 1134
[2022-10-03 14:51:31.663] [exthost] [warning] [Decorations] CAPPING events from decorations provider vscode.git 1135
[2022-10-03 14:51:40.101] [exthost] [warning] [Decorations] CAPPING events from decorations provider vscode.git 1136
[2022-10-03 14:51:45.415] [exthost] [warning] [Decorations] CAPPING events from decorations provider vscode.git 1136
[2022-10-03 14:51:50.628] [exthost] [warning] [Decorations] CAPPING events from decorations provider vscode.git 1136
[2022-10-03 14:51:55.905] [exthost] [warning] [Decorations] CAPPING events from decorations provider vscode.git 1137
[2022-10-03 14:52:01.206] [exthost] [warning] [Decorations] CAPPING events from decorations provider vscode.git 1137
[2022-10-03 14:52:06.374] [exthost] [warning] [Decorations] CAPPING events from decorations provider vscode.git 1137
[2022-10-03 14:52:11.589] [exthost] [warning] [Decorations] CAPPING events from decorations provider vscode.git 1138
[2022-10-03 14:52:16.875] [exthost] [warning] [Decorations] CAPPING events from decorations provider vscode.git 1138
[2022-10-03 14:52:22.182] [exthost] [warning] [Decorations] CAPPING events from decorations provider vscode.git 1138
[2022-10-03 14:52:22.708] [exthost] [warning] [Decorations] CAPPING events from decorations provider vscode.git 1138
[2022-10-03 14:52:28.026] [exthost] [warning] [Decorations] CAPPING events from decorations provider vscode.git 1138
[2022-10-03 14:52:33.241] [exthost] [warning] [Decorations] CAPPING events from decorations provider vscode.git 1138
[2022-10-03 14:52:38.543] [exthost] [warning] [Decorations] CAPPING events from decorations provider vscode.git 1139
[2022-10-03 14:52:43.703] [exthost] [warning] [Decorations] CAPPING events from decorations provider vscode.git 1138
[2022-10-03 14:52:49.657] [exthost] [warning] [Decorations] CAPPING events from decorations provider vscode.git 1139
[2022-10-03 14:52:54.852] [exthost] [warning] [Decorations] CAPPING events from decorations provider vscode.git 1138
[2022-10-03 14:53:00.188] [exthost] [warning] [Decorations] CAPPING events from decorations provider vscode.git 1138
[2022-10-03 14:53:20.701] [exthost] [warning] [Decorations] CAPPING events from decorations provider vscode.git 1138
[2022-10-03 14:53:25.996] [exthost] [warning] [Decorations] CAPPING events from decorations provider vscode.git 1138
[2022-10-03 14:53:31.355] [exthost] [warning] [Decorations] CAPPING events from decorations provider vscode.git 1138
[2022-10-03 14:53:36.612] [exthost] [warning] [Decorations] CAPPING events from decorations provider vscode.git 1139
[2022-10-03 14:53:41.925] [exthost] [warning] [Decorations] CAPPING events from decorations provider vscode.git 1138
[2022-10-03 14:53:47.196] [exthost] [warning] [Decorations] CAPPING events from decorations provider vscode.git 1138
[2022-10-03 14:53:52.511] [exthost] [warning] [Decorations] CAPPING events from decorations provider vscode.git 1138
[2022-10-03 14:53:57.816] [exthost] [warning] [Decorations] CAPPING events from decorations provider vscode.git 1139
[2022-10-03 14:54:03.207] [exthost] [warning] [Decorations] CAPPING events from decorations provider vscode.git 1139
[2022-10-03 14:54:08.328] [exthost] [warning] [Decorations] CAPPING events from decorations provider vscode.git 1138
[2022-10-03 14:54:13.591] [exthost] [warning] [Decorations] CAPPING events from decorations provider vscode.git 1138
[2022-10-03 14:54:18.852] [exthost] [warning] [Decorations] CAPPING events from decorations provider vscode.git 1139
[2022-10-03 14:54:24.106] [exthost] [warning] [Decorations] CAPPING events from decorations provider vscode.git 1138
[2022-10-03 14:54:29.375] [exthost] [warning] [Decorations] CAPPING events from decorations provider vscode.git 1138
[2022-10-03 14:54:34.660] [exthost] [warning] [Decorations] CAPPING events from decorations provider vscode.git 1138
[2022-10-03 14:54:42.505] [exthost] [warning] [Decorations] CAPPING events from decorations provider vscode.git 1138
[2022-10-03 14:56:10.635] [exthost] [warning] [Decorations] CAPPING events from decorations provider vscode.git 1138
[2022-10-03 14:56:11.460] [exthost] [warning] [Decorations] CAPPING events from decorations provider vscode.git 1138
[2022-10-03 14:56:15.893] [exthost] [warning] [Decorations] CAPPING events from decorations provider vscode.git 1139
[2022-10-03 14:56:21.212] [exthost] [warning] [Decorations] CAPPING events from decorations provider vscode.git 1139
[2022-10-03 14:56:26.551] [exthost] [warning] [Decorations] CAPPING events from decorations provider vscode.git 1139
[2022-10-03 14:56:31.842] [exthost] [warning] [Decorations] CAPPING events from decorations provider vscode.git 1141
[2022-10-03 14:58:35.107] [exthost] [warning] [Decorations] CAPPING events from decorations provider vscode.git 1141
[2022-10-03 14:58:40.395] [exthost] [warning] [Decorations] CAPPING events from decorations provider vscode.git 1141
[2022-10-03 14:58:45.587] [exthost] [warning] [Decorations] CAPPING events from decorations provider vscode.git 1141
[2022-10-03 14:58:50.800] [exthost] [warning] [Decorations] CAPPING events from decorations provider vscode.git 1141
[2022-10-03 14:59:15.640] [exthost] [warning] [Decorations] CAPPING events from decorations provider vscode.git 1141
[2022-10-03 14:59:16.454] [exthost] [warning] [Decorations] CAPPING events from decorations provider vscode.git 1141
[2022-10-03 14:59:20.883] [exthost] [warning] [Decorations] CAPPING events from decorations provider vscode.git 1141
[2022-10-03 14:59:26.130] [exthost] [warning] [Decorations] CAPPING events from decorations provider vscode.git 1141
[2022-10-03 14:59:31.416] [exthost] [warning] [Decorations] CAPPING events from decorations provider vscode.git 1141
[2022-10-03 14:59:36.729] [exthost] [warning] [Decorations] CAPPING events from decorations provider vscode.git 1141
[2022-10-03 14:59:41.956] [exthost] [warning] [Decorations] CAPPING events from decorations provider vscode.git 1141
[2022-10-03 14:59:47.244] [exthost] [warning] [Decorations] CAPPING events from decorations provider vscode.git 1141
[2022-10-03 14:59:52.549] [exthost] [warning] [Decorations] CAPPING events from decorations provider vscode.git 1141
[2022-10-03 14:59:57.850] [exthost] [warning] [Decorations] CAPPING events from decorations provider vscode.git 1141
[2022-10-03 15:00:06.416] [exthost] [warning] [Decorations] CAPPING events from decorations provider vscode.git 1141
[2022-10-03 15:00:11.688] [exthost] [warning] [Decorations] CAPPING events from decorations provider vscode.git 1141
[2022-10-03 15:04:30.373] [exthost] [warning] [Decorations] CAPPING events from decorations provider vscode.git 1141
[2022-10-03 15:04:31.185] [exthost] [warning] [Decorations] CAPPING events from decorations provider vscode.git 1141
[2022-10-03 15:04:39.740] [exthost] [warning] [Decorations] CAPPING events from decorations provider vscode.git 1141
[2022-10-03 15:05:59.336] [exthost] [warning] [Decorations] CAPPING events from decorations provider vscode.git 1141
[2022-10-03 15:06:04.485] [exthost] [warning] [Decorations] CAPPING events from decorations provider vscode.git 1141
[2022-10-03 15:06:09.770] [exthost] [warning] [Decorations] CAPPING events from decorations provider vscode.git 1141
[2022-10-03 15:06:20.127] [exthost] [warning] [Decorations] CAPPING events from decorations provider vscode.git 1142
[2022-10-03 15:06:32.615] [exthost] [warning] [Decorations] CAPPING events from decorations provider vscode.git 1144
[2022-10-03 15:06:37.903] [exthost] [warning] [Decorations] CAPPING events from decorations provider vscode.git 1159
[2022-10-03 15:06:43.358] [exthost] [warning] [Decorations] CAPPING events from decorations provider vscode.git 1159
[2022-10-03 15:06:48.598] [exthost] [warning] [Decorations] CAPPING events from decorations provider vscode.git 1159
[2022-10-03 15:06:53.850] [exthost] [warning] [Decorations] CAPPING events from decorations provider vscode.git 1159
[2022-10-03 15:06:59.114] [exthost] [warning] [Decorations] CAPPING events from decorations provider vscode.git 1159
[2022-10-03 15:07:04.393] [exthost] [warning] [Decorations] CAPPING events from decorations provider vscode.git 1159
[2022-10-03 15:07:09.549] [exthost] [warning] [Decorations] CAPPING events from decorations provider vscode.git 1159
[2022-10-03 15:07:16.461] [exthost] [warning] [Decorations] CAPPING events from decorations provider vscode.git 1255
[2022-10-03 15:07:21.723] [exthost] [warning] [Decorations] CAPPING events from decorations provider vscode.git 1255
[2022-10-03 15:07:27.018] [exthost] [warning] [Decorations] CAPPING events from decorations provider vscode.git 1255
[2022-10-03 15:07:32.018] [exthost] [warning] [Decorations] CAPPING events from decorations provider vscode.git 1255
[2022-10-03 15:07:32.480] [exthost] [warning] [Decorations] CAPPING events from decorations provider vscode.git 1255
[2022-10-03 15:07:44.948] [exthost] [warning] [Decorations] CAPPING events from decorations provider vscode.git 1255
[2022-10-03 15:08:14.769] [exthost] [warning] [Decorations] CAPPING events from decorations provider vscode.git 1255
[2022-10-03 15:08:20.828] [exthost] [warning] [Decorations] CAPPING events from decorations provider vscode.git 1255
[2022-10-03 15:08:26.988] [exthost] [warning] [Decorations] CAPPING events from decorations provider vscode.git 1255
[2022-10-03 15:09:26.157] [exthost] [warning] [Decorations] CAPPING events from decorations provider vscode.git 1255
[2022-10-03 15:09:31.404] [exthost] [warning] [Decorations] CAPPING events from decorations provider vscode.git 1255
[2022-10-03 15:09:36.688] [exthost] [warning] [Decorations] CAPPING events from decorations provider vscode.git 1256
[2022-10-03 15:09:52.606] [exthost] [warning] [Decorations] CAPPING events from decorations provider vscode.git 1257
[2022-10-03 15:10:20.522] [exthost] [warning] [Decorations] CAPPING events from decorations provider vscode.git 1257
[2022-10-03 15:10:37.065] [exthost] [warning] [Decorations] CAPPING events from decorations provider vscode.git 1257
[2022-10-03 15:10:38.067] [exthost] [warning] [Decorations] CAPPING events from decorations provider vscode.git 1257
[2022-10-03 15:10:42.319] [exthost] [warning] [Decorations] CAPPING events from decorations provider vscode.git 1257
[2022-10-03 15:10:47.603] [exthost] [warning] [Decorations] CAPPING events from decorations provider vscode.git 1257
[2022-10-03 15:10:52.920] [exthost] [warning] [Decorations] CAPPING events from decorations provider vscode.git 1257
[2022-10-03 15:11:19.845] [exthost] [warning] [Decorations] CAPPING events from decorations provider vscode.git 1257
[2022-10-03 15:11:25.037] [exthost] [warning] [Decorations] CAPPING events from decorations provider vscode.git 1257
[2022-10-03 15:11:30.865] [exthost] [warning] [Decorations] CAPPING events from decorations provider vscode.git 1258
[2022-10-03 15:11:36.112] [exthost] [warning] [Decorations] CAPPING events from decorations provider vscode.git 1258
[2022-10-03 15:11:55.161] [exthost] [warning] [Decorations] CAPPING events from decorations provider vscode.git 1259
[2022-10-03 15:12:03.307] [exthost] [warning] [Decorations] CAPPING events from decorations provider vscode.git 1259
[2022-10-03 15:12:08.578] [exthost] [warning] [Decorations] CAPPING events from decorations provider vscode.git 1259
[2022-10-03 15:12:13.904] [exthost] [warning] [Decorations] CAPPING events from decorations provider vscode.git 1259
[2022-10-03 15:12:19.197] [exthost] [warning] [Decorations] CAPPING events from decorations provider vscode.git 1259
[2022-10-03 15:12:38.035] [exthost] [warning] [Decorations] CAPPING events from decorations provider vscode.git 1259
[2022-10-03 15:12:43.190] [exthost] [warning] [Decorations] CAPPING events from decorations provider vscode.git 1259
[2022-10-03 15:12:48.445] [exthost] [warning] [Decorations] CAPPING events from decorations provider vscode.git 1260
[2022-10-03 15:12:53.721] [exthost] [warning] [Decorations] CAPPING events from decorations provider vscode.git 1260
[2022-10-03 15:12:59.043] [exthost] [warning] [Decorations] CAPPING events from decorations provider vscode.git 1260
[2022-10-03 15:13:04.350] [exthost] [warning] [Decorations] CAPPING events from decorations provider vscode.git 1260
[2022-10-03 15:13:09.657] [exthost] [warning] [Decorations] CAPPING events from decorations provider vscode.git 1260
[2022-10-03 15:13:24.318] [exthost] [warning] [Decorations] CAPPING events from decorations provider vscode.git 1260
[2022-10-03 15:13:29.604] [exthost] [warning] [Decorations] CAPPING events from decorations provider vscode.git 1260
[2022-10-03 15:13:34.880] [exthost] [warning] [Decorations] CAPPING events from decorations provider vscode.git 1260
[2022-10-03 15:13:38.780] [exthost] [warning] [Decorations] CAPPING events from decorations provider vscode.git 1260
[2022-10-03 15:13:41.223] [exthost] [warning] [Decorations] CAPPING events from decorations provider vscode.git 1260
[2022-10-03 15:13:46.521] [exthost] [warning] [Decorations] CAPPING events from decorations provider vscode.git 1260
[2022-10-03 15:13:51.840] [exthost] [warning] [Decorations] CAPPING events from decorations provider vscode.git 1260
[2022-10-03 15:13:57.026] [exthost] [warning] [Decorations] CAPPING events from decorations provider vscode.git 1260
[2022-10-03 15:15:02.595] [exthost] [warning] [Decorations] CAPPING events from decorations provider vscode.git 1260
[2022-10-03 15:15:07.757] [exthost] [warning] [Decorations] CAPPING events from decorations provider vscode.git 1260
[2022-10-03 15:15:12.935] [exthost] [warning] [Decorations] CAPPING events from decorations provider vscode.git 1260
[2022-10-03 15:15:19.974] [exthost] [warning] [Decorations] CAPPING events from decorations provider vscode.git 1260
[2022-10-03 15:15:25.230] [exthost] [warning] [Decorations] CAPPING events from decorations provider vscode.git 1260
[2022-10-03 15:15:30.409] [exthost] [warning] [Decorations] CAPPING events from decorations provider vscode.git 1260
[2022-10-03 15:15:35.694] [exthost] [warning] [Decorations] CAPPING events from decorations provider vscode.git 1260
[2022-10-03 15:15:40.994] [exthost] [warning] [Decorations] CAPPING events from decorations provider vscode.git 1260
[2022-10-03 15:15:41.683] [exthost] [info] ExtensionService#_doActivateExtension vscode.configuration-editing, startup: false, activationEvent: 'onLanguage:json'
[2022-10-03 15:15:41.700] [exthost] [info] ExtensionService#_doActivateExtension vscode.extension-editing, startup: false, activationEvent: 'onLanguage:json'
[2022-10-03 15:15:41.736] [exthost] [info] ExtensionService#_doActivateExtension vscode.json-language-features, startup: false, activationEvent: 'onLanguage:json'
[2022-10-03 15:15:41.896] [exthost] [info] ExtensionService#_doActivateExtension vscode.npm, startup: false, activationEvent: 'onLanguage:json'
[2022-10-03 15:15:46.793] [exthost] [warning] [Decorations] CAPPING events from decorations provider vscode.git 1261
[2022-10-03 15:15:54.779] [exthost] [warning] [Decorations] CAPPING events from decorations provider vscode.git 1261
[2022-10-03 15:15:59.960] [exthost] [warning] [Decorations] CAPPING events from decorations provider vscode.git 1261
[2022-10-03 15:16:05.277] [exthost] [warning] [Decorations] CAPPING events from decorations provider vscode.git 1261
[2022-10-03 15:16:10.657] [exthost] [warning] [Decorations] CAPPING events from decorations provider vscode.git 1261
[2022-10-03 15:16:15.879] [exthost] [warning] [Decorations] CAPPING events from decorations provider vscode.git 1261
[2022-10-03 15:16:21.255] [exthost] [warning] [Decorations] CAPPING events from decorations provider vscode.git 1261
[2022-10-03 15:16:27.031] [exthost] [warning] [Decorations] CAPPING events from decorations provider vscode.git 1261
[2022-10-03 15:16:32.277] [exthost] [warning] [Decorations] CAPPING events from decorations provider vscode.git 1261
[2022-10-03 15:16:37.438] [exthost] [warning] [Decorations] CAPPING events from decorations provider vscode.git 1262
[2022-10-03 15:16:43.393] [exthost] [warning] [Decorations] CAPPING events from decorations provider vscode.git 1261
[2022-10-03 15:16:44.346] [exthost] [warning] [Decorations] CAPPING events from decorations provider vscode.git 1260
[2022-10-03 15:16:49.704] [exthost] [warning] [Decorations] CAPPING events from decorations provider vscode.git 1260
[2022-10-03 15:16:55.471] [exthost] [warning] [Decorations] CAPPING events from decorations provider vscode.git 1259
[2022-10-03 15:17:00.854] [exthost] [warning] [Decorations] CAPPING events from decorations provider vscode.git 1258
[2022-10-03 15:17:06.173] [exthost] [warning] [Decorations] CAPPING events from decorations provider vscode.git 1257
[2022-10-03 15:17:11.569] [exthost] [warning] [Decorations] CAPPING events from decorations provider vscode.git 1257
[2022-10-03 15:17:17.506] [exthost] [warning] [Decorations] CAPPING events from decorations provider vscode.git 1257
[2022-10-03 15:17:22.757] [exthost] [warning] [Decorations] CAPPING events from decorations provider vscode.git 1257
[2022-10-03 15:17:28.053] [exthost] [warning] [Decorations] CAPPING events from decorations provider vscode.git 1257
[2022-10-03 15:17:33.342] [exthost] [warning] [Decorations] CAPPING events from decorations provider vscode.git 1257
[2022-10-03 15:17:48.972] [exthost] [warning] [Decorations] CAPPING events from decorations provider vscode.git 1257
[2022-10-03 15:17:54.292] [exthost] [warning] [Decorations] CAPPING events from decorations provider vscode.git 1257
[2022-10-03 15:17:59.609] [exthost] [warning] [Decorations] CAPPING events from decorations provider vscode.git 1257
[2022-10-03 15:18:04.873] [exthost] [warning] [Decorations] CAPPING events from decorations provider vscode.git 1257
[2022-10-03 15:18:14.085] [exthost] [warning] [Decorations] CAPPING events from decorations provider vscode.git 1257
[2022-10-03 15:18:19.333] [exthost] [warning] [Decorations] CAPPING events from decorations provider vscode.git 1257
[2022-10-03 15:18:24.612] [exthost] [warning] [Decorations] CAPPING events from decorations provider vscode.git 1257
[2022-10-03 15:18:30.002] [exthost] [warning] [Decorations] CAPPING events from decorations provider vscode.git 1257
[2022-10-03 15:18:35.270] [exthost] [warning] [Decorations] CAPPING events from decorations provider vscode.git 1257
[2022-10-03 15:18:40.655] [exthost] [warning] [Decorations] CAPPING events from decorations provider vscode.git 1257
[2022-10-03 15:18:46.033] [exthost] [warning] [Decorations] CAPPING events from decorations provider vscode.git 1257
[2022-10-03 15:18:51.315] [exthost] [warning] [Decorations] CAPPING events from decorations provider vscode.git 1257
[2022-10-03 15:18:57.096] [exthost] [warning] [Decorations] CAPPING events from decorations provider vscode.git 1257
[2022-10-03 15:19:02.442] [exthost] [warning] [Decorations] CAPPING events from decorations provider vscode.git 1257
[2022-10-03 15:19:07.761] [exthost] [warning] [Decorations] CAPPING events from decorations provider vscode.git 1257
[2022-10-03 15:19:13.118] [exthost] [warning] [Decorations] CAPPING events from decorations provider vscode.git 1257
[2022-10-03 15:19:18.912] [exthost] [warning] [Decorations] CAPPING events from decorations provider vscode.git 1257
[2022-10-03 15:19:24.205] [exthost] [warning] [Decorations] CAPPING events from decorations provider vscode.git 1258
[2022-10-03 15:19:29.483] [exthost] [warning] [Decorations] CAPPING events from decorations provider vscode.git 1258
[2022-10-03 15:19:34.796] [exthost] [warning] [Decorations] CAPPING events from decorations provider vscode.git 1258
[2022-10-03 15:19:40.144] [exthost] [warning] [Decorations] CAPPING events from decorations provider vscode.git 1258
[2022-10-03 15:19:44.271] [exthost] [warning] [Decorations] CAPPING events from decorations provider vscode.git 1258
[2022-10-03 15:19:51.540] [exthost] [warning] [Decorations] CAPPING events from decorations provider vscode.git 1259
[2022-10-03 15:19:56.872] [exthost] [warning] [Decorations] CAPPING events from decorations provider vscode.git 1259
[2022-10-03 15:20:02.272] [exthost] [warning] [Decorations] CAPPING events from decorations provider vscode.git 1259
[2022-10-03 15:20:07.597] [exthost] [warning] [Decorations] CAPPING events from decorations provider vscode.git 1259
[2022-10-03 15:20:32.572] [exthost] [warning] [Decorations] CAPPING events from decorations provider vscode.git 1259
[2022-10-03 15:20:37.829] [exthost] [warning] [Decorations] CAPPING events from decorations provider vscode.git 1259
[2022-10-03 15:20:43.159] [exthost] [warning] [Decorations] CAPPING events from decorations provider vscode.git 1259
[2022-10-03 15:20:48.430] [exthost] [warning] [Decorations] CAPPING events from decorations provider vscode.git 1260
[2022-10-03 15:21:06.357] [exthost] [warning] [Decorations] CAPPING events from decorations provider vscode.git 1261
[2022-10-03 15:21:11.501] [exthost] [warning] [Decorations] CAPPING events from decorations provider vscode.git 1262
[2022-10-03 15:21:16.771] [exthost] [warning] [Decorations] CAPPING events from decorations provider vscode.git 1262
[2022-10-03 15:21:21.996] [exthost] [warning] [Decorations] CAPPING events from decorations provider vscode.git 1262
[2022-10-03 15:21:27.301] [exthost] [warning] [Decorations] CAPPING events from decorations provider vscode.git 1262
[2022-10-03 15:21:32.631] [exthost] [warning] [Decorations] CAPPING events from decorations provider vscode.git 1262
[2022-10-03 15:21:37.851] [exthost] [warning] [Decorations] CAPPING events from decorations provider vscode.git 1262
[2022-10-03 15:21:43.028] [exthost] [warning] [Decorations] CAPPING events from decorations provider vscode.git 1262
[2022-10-03 15:21:48.325] [exthost] [warning] [Decorations] CAPPING events from decorations provider vscode.git 1263
[2022-10-03 15:21:53.597] [exthost] [warning] [Decorations] CAPPING events from decorations provider vscode.git 1263
[2022-10-03 15:22:04.005] [exthost] [warning] [Decorations] CAPPING events from decorations provider vscode.git 1264
[2022-10-03 15:22:15.946] [exthost] [warning] [Decorations] CAPPING events from decorations provider vscode.git 1264
[2022-10-03 15:22:21.239] [exthost] [warning] [Decorations] CAPPING events from decorations provider vscode.git 1264
[2022-10-03 15:22:26.572] [exthost] [warning] [Decorations] CAPPING events from decorations provider vscode.git 1264
[2022-10-03 15:22:31.885] [exthost] [warning] [Decorations] CAPPING events from decorations provider vscode.git 1264
[2022-10-03 15:22:37.110] [exthost] [warning] [Decorations] CAPPING events from decorations provider vscode.git 1264
[2022-10-03 15:22:42.310] [exthost] [warning] [Decorations] CAPPING events from decorations provider vscode.git 1264
[2022-10-03 15:23:16.866] [exthost] [warning] [Decorations] CAPPING events from decorations provider vscode.git 1265
[2022-10-03 15:23:17.601] [exthost] [warning] [Decorations] CAPPING events from decorations provider vscode.git 1265
[2022-10-03 15:23:22.932] [exthost] [warning] [Decorations] CAPPING events from decorations provider vscode.git 1265
[2022-10-03 15:23:34.988] [exthost] [warning] [Decorations] CAPPING events from decorations provider vscode.git 1265
[2022-10-03 15:23:40.313] [exthost] [warning] [Decorations] CAPPING events from decorations provider vscode.git 1265
[2022-10-03 15:23:45.628] [exthost] [warning] [Decorations] CAPPING events from decorations provider vscode.git 1265
[2022-10-03 15:23:50.843] [exthost] [warning] [Decorations] CAPPING events from decorations provider vscode.git 1266
[2022-10-03 15:23:56.216] [exthost] [warning] [Decorations] CAPPING events from decorations provider vscode.git 1266
[2022-10-03 15:24:04.218] [exthost] [warning] [Decorations] CAPPING events from decorations provider vscode.git 1266
[2022-10-03 15:24:12.541] [exthost] [warning] [Decorations] CAPPING events from decorations provider vscode.git 1266
[2022-10-03 15:24:17.704] [exthost] [warning] [Decorations] CAPPING events from decorations provider vscode.git 1266
[2022-10-03 15:24:23.026] [exthost] [warning] [Decorations] CAPPING events from decorations provider vscode.git 1266
[2022-10-03 15:24:29.054] [exthost] [warning] [Decorations] CAPPING events from decorations provider vscode.git 1266
[2022-10-03 15:24:34.312] [exthost] [warning] [Decorations] CAPPING events from decorations provider vscode.git 1266
[2022-10-03 15:24:39.611] [exthost] [warning] [Decorations] CAPPING events from decorations provider vscode.git 1266
[2022-10-03 15:24:44.896] [exthost] [warning] [Decorations] CAPPING events from decorations provider vscode.git 1266
[2022-10-03 15:24:50.217] [exthost] [warning] [Decorations] CAPPING events from decorations provider vscode.git 1266
[2022-10-03 15:24:55.526] [exthost] [warning] [Decorations] CAPPING events from decorations provider vscode.git 1266
[2022-10-03 15:25:00.815] [exthost] [warning] [Decorations] CAPPING events from decorations provider vscode.git 1266
[2022-10-03 15:25:06.138] [exthost] [warning] [Decorations] CAPPING events from decorations provider vscode.git 1266
[2022-10-03 15:25:11.502] [exthost] [warning] [Decorations] CAPPING events from decorations provider vscode.git 1266
[2022-10-03 15:25:17.194] [exthost] [warning] [Decorations] CAPPING events from decorations provider vscode.git 1266
[2022-10-03 15:25:22.469] [exthost] [warning] [Decorations] CAPPING events from decorations provider vscode.git 1266
[2022-10-03 15:25:27.802] [exthost] [warning] [Decorations] CAPPING events from decorations provider vscode.git 1266
[2022-10-03 15:25:41.201] [exthost] [warning] [Decorations] CAPPING events from decorations provider vscode.git 1266
[2022-10-03 15:25:46.416] [exthost] [warning] [Decorations] CAPPING events from decorations provider vscode.git 1266
[2022-10-03 15:25:51.621] [exthost] [warning] [Decorations] CAPPING events from decorations provider vscode.git 1266
[2022-10-03 15:25:56.955] [exthost] [warning] [Decorations] CAPPING events from decorations provider vscode.git 1266
[2022-10-03 15:26:03.053] [exthost] [warning] [Decorations] CAPPING events from decorations provider vscode.git 1266
[2022-10-03 15:26:09.225] [exthost] [warning] [Decorations] CAPPING events from decorations provider vscode.git 1266
[2022-10-03 15:26:14.641] [exthost] [warning] [Decorations] CAPPING events from decorations provider vscode.git 1266
[2022-10-03 15:26:19.035] [exthost] [warning] [Decorations] CAPPING events from decorations provider vscode.git 1266
[2022-10-03 15:26:20.487] [exthost] [warning] [Decorations] CAPPING events from decorations provider vscode.git 1267
[2022-10-03 15:26:32.880] [exthost] [warning] [Decorations] CAPPING events from decorations provider vscode.git 1267
[2022-10-03 15:26:38.182] [exthost] [warning] [Decorations] CAPPING events from decorations provider vscode.git 1267
[2022-10-03 15:26:43.462] [exthost] [warning] [Decorations] CAPPING events from decorations provider vscode.git 1267
[2022-10-03 15:26:48.769] [exthost] [warning] [Decorations] CAPPING events from decorations provider vscode.git 1267
[2022-10-03 15:26:54.148] [exthost] [warning] [Decorations] CAPPING events from decorations provider vscode.git 1267
[2022-10-03 15:26:59.396] [exthost] [warning] [Decorations] CAPPING events from decorations provider vscode.git 1267
[2022-10-03 15:27:04.817] [exthost] [warning] [Decorations] CAPPING events from decorations provider vscode.git 1267
[2022-10-03 15:27:10.129] [exthost] [warning] [Decorations] CAPPING events from decorations provider vscode.git 1267
[2022-10-03 15:27:15.482] [exthost] [warning] [Decorations] CAPPING events from decorations provider vscode.git 1268
[2022-10-03 15:27:20.847] [exthost] [warning] [Decorations] CAPPING events from decorations provider vscode.git 1268
[2022-10-03 15:27:26.166] [exthost] [warning] [Decorations] CAPPING events from decorations provider vscode.git 1268
[2022-10-03 15:28:49.050] [exthost] [warning] [Decorations] CAPPING events from decorations provider vscode.git 1268
[2022-10-03 15:28:54.270] [exthost] [warning] [Decorations] CAPPING events from decorations provider vscode.git 1268
[2022-10-03 17:19:48.098] [exthost] [warning] [Decorations] CAPPING events from decorations provider vscode.git 1268
[2022-10-03 17:19:48.475] [exthost] [warning] [Decorations] CAPPING events from decorations provider vscode.git 1268
[2022-10-03 17:20:17.510] [exthost] [warning] [Decorations] CAPPING events from decorations provider vscode.git 1268
[2022-10-03 21:40:55.164] [exthost] [warning] [Decorations] CAPPING events from decorations provider vscode.git 1268
[2022-10-03 21:40:55.479] [exthost] [warning] [Decorations] CAPPING events from decorations provider vscode.git 1268
[2022-10-03 21:46:03.209] [exthost] [warning] [Decorations] CAPPING events from decorations provider vscode.git 1268
[2022-10-03 21:46:03.562] [exthost] [warning] [Decorations] CAPPING events from decorations provider vscode.git 1268
[2022-10-03 21:52:40.831] [exthost] [warning] [Decorations] CAPPING events from decorations provider vscode.git 1268
[2022-10-03 21:52:41.206] [exthost] [warning] [Decorations] CAPPING events from decorations provider vscode.git 1268
[2022-10-04 08:41:19.256] [exthost] [info] Extension host terminating: renderer disconnected for too long (2)
[2022-10-04 08:41:19.267] [exthost] [info] Lock '/home/nunoamorim/.vscode-server/data/User/workspaceStorage/a9f5109e99d391079f85d3e92812567a/vscode.lock': Marking the lockfile as scheduled to be released in 6000 ms.
[2022-10-04 08:41:19.434] [exthost] [info] Extension host with pid 338 exiting with code 0
