2022-12-26 14:15:22.058 [info] Log level: Info
2022-12-26 14:15:22.058 [info] Validating found git in: "git"
2022-12-26 14:15:22.058 [info] Using git "2.25.1" from "git"
2022-12-26 14:15:22.058 [info] > git rev-parse --show-toplevel [189ms]
2022-12-26 14:15:22.058 [info] > git rev-parse --git-dir --git-common-dir [13ms]
2022-12-26 14:15:22.058 [info] Open repository: /home/nunoamorim
2022-12-26 14:15:22.058 [info] > git config --get commit.template [193ms]
2022-12-26 14:15:22.058 [info] > git rev-parse --show-toplevel [243ms]
2022-12-26 14:15:22.059 [info] > git rev-parse --show-toplevel [26ms]
2022-12-26 14:15:22.059 [info] > git rev-parse --show-toplevel [442ms]
2022-12-26 14:15:22.059 [info] > git for-each-ref --format=%(refname)%00%(upstream:short)%00%(objectname)%00%(upstream:track)%00%(upstream:remotename)%00%(upstream:remoteref) refs/heads/master refs/remotes/master [548ms]
2022-12-26 14:15:22.059 [info] > git for-each-ref --sort -committerdate --format %(refname) %(objectname) %(*objectname) [68ms]
2022-12-26 14:15:22.059 [info] > git rev-parse --show-toplevel [225ms]
2022-12-26 14:15:22.059 [info] > git check-ignore -v -z --stdin [88ms]
2022-12-26 14:15:22.059 [info] > git rev-parse --show-toplevel [48ms]
2022-12-26 14:15:22.059 [info] > git rev-parse --show-toplevel [13ms]
2022-12-26 14:15:22.059 [info] > git rev-parse --show-toplevel [5ms]
2022-12-26 14:15:22.059 [info] > git rev-parse --git-dir --git-common-dir [30ms]
2022-12-26 14:15:22.059 [info] Open repository: /home/nunoamorim/.nvm
2022-12-26 14:15:22.078 [info] > git rev-parse --show-toplevel [52ms]
2022-12-26 14:15:22.223 [info] > git config --get commit.template [171ms]
2022-12-26 14:15:22.226 [info] > git fetch [1600ms]
2022-12-26 14:15:22.243 [info] > git rev-parse --show-toplevel [144ms]
2022-12-26 14:15:22.411 [info] > git status -z -uall [891ms] (cancelled)
2022-12-26 14:15:22.411 [info] > git status -z -uall [101ms]
2022-12-26 14:15:22.542 [info] > git config --get commit.template [133ms]
2022-12-26 14:15:22.542 [info] > git config --get commit.template [154ms]
2022-12-26 14:15:22.543 [info] > git for-each-ref --sort -committerdate --format %(refname) %(objectname) %(*objectname) [189ms]
2022-12-26 14:15:22.574 [info] > git rev-parse --show-toplevel [299ms]
2022-12-26 14:15:22.616 [info] > git rev-parse --show-toplevel [21ms]
2022-12-26 14:15:22.792 [info] > git show --textconv :ITI2/ITI/frontend/server.js [131ms]
2022-12-26 14:15:22.793 [info] > git ls-files --stage -- /home/nunoamorim/ITI2/ITI/frontend/server.js [98ms]
2022-12-26 14:15:22.795 [info] > git config --get commit.template [190ms]
2022-12-26 14:15:22.817 [info] > git for-each-ref --format=%(refname)%00%(upstream:short)%00%(objectname)%00%(upstream:track)%00%(upstream:remotename)%00%(upstream:remoteref) refs/heads/master refs/remotes/master [28ms]
2022-12-26 14:15:22.877 [info] > git for-each-ref --format=%(refname)%00%(upstream:short)%00%(objectname)%00%(upstream:track)%00%(upstream:remotename)%00%(upstream:remoteref) refs/heads/master refs/remotes/master [131ms]
2022-12-26 14:15:22.967 [info] > git status -z -uall [28ms]
2022-12-26 14:15:22.967 [info] > git for-each-ref --sort -committerdate --format %(refname) %(objectname) %(*objectname) [91ms]
2022-12-26 14:15:23.044 [info] > git for-each-ref --sort -committerdate --format %(refname) %(objectname) %(*objectname) [81ms]
2022-12-26 14:15:23.255 [info] > git check-ignore -v -z --stdin [248ms]
2022-12-26 14:15:23.257 [info] > git check-ignore -v -z --stdin [225ms]
2022-12-26 14:15:26.056 [info] > git fetch [4142ms]
2022-12-26 14:15:26.056 [info] From https://github.com/nvm-sh/nvm
   e6fa80c..552db40  master     -> origin/master
 * [new tag]         v0.39.3    -> v0.39.3
2022-12-26 14:15:26.410 [info] > git config --get commit.template [121ms]
2022-12-26 14:15:27.450 [info] > git status -z -uall [888ms]
2022-12-26 14:15:27.466 [info] > git for-each-ref --sort -committerdate --format %(refname) %(objectname) %(*objectname) [703ms]
2022-12-26 14:15:31.756 [info] > git config --local branch.master.github-pr-owner-number [179ms]
2022-12-26 14:15:35.750 [info] > git check-ignore -v -z --stdin [562ms]
2022-12-26 14:15:45.841 [info] > git show --textconv :ITI2/ITI/traefik.toml [12ms]
2022-12-26 14:15:45.847 [info] > git ls-files --stage -- /home/nunoamorim/ITI2/ITI/traefik.toml [6ms]
2022-12-26 14:16:15.309 [info] > git show --textconv :ITI2/ITI/frontend/Dockerfile [67ms]
2022-12-26 14:16:15.311 [info] > git ls-files --stage -- /home/nunoamorim/ITI2/ITI/frontend/Dockerfile [28ms]
2022-12-26 14:16:15.485 [info] > git check-ignore -v -z --stdin [51ms]
2022-12-26 14:16:20.855 [info] > git status -z -uall [58016ms] (cancelled)
2022-12-26 14:16:20.929 [info] > git check-ignore -v -z --stdin [20ms]
2022-12-26 14:17:40.871 [info] > git show --textconv :ITI2/ITI/docker-compose.yml [12ms]
2022-12-26 14:17:40.886 [info] > git ls-files --stage -- /home/nunoamorim/ITI2/ITI/docker-compose.yml [16ms]
2022-12-26 14:18:23.392 [info] > git fetch [489ms]
2022-12-26 14:18:23.412 [info] > git config --get commit.template [9ms]
2022-12-26 14:18:23.412 [info] > git for-each-ref --format=%(refname)%00%(upstream:short)%00%(objectname)%00%(upstream:track)%00%(upstream:remotename)%00%(upstream:remoteref) refs/heads/master refs/remotes/master [1ms]
2022-12-26 14:18:23.478 [info] > git for-each-ref --sort -committerdate --format %(refname) %(objectname) %(*objectname) [2ms]
2022-12-26 14:18:26.874 [info] > git status -z -uall [3453ms] (cancelled)
2022-12-26 14:18:28.230 [info] > git fetch [669ms]
2022-12-26 14:18:28.250 [info] > git config --get commit.template [4ms]
2022-12-26 14:18:28.277 [info] > git status -z -uall [13ms]
2022-12-26 14:18:28.280 [info] > git for-each-ref --sort -committerdate --format %(refname) %(objectname) %(*objectname) [3ms]
2022-12-26 14:18:46.942 [info] > git check-ignore -v -z --stdin [11ms]
2022-12-26 14:21:18.801 [info] > git show --textconv :ITI2/ITI/frontend/www/index.html [89ms]
2022-12-26 14:21:18.801 [info] > git ls-files --stage -- /home/nunoamorim/ITI2/ITI/frontend/www/index.html [50ms]
2022-12-26 14:21:24.346 [info] > git fetch [423ms]
2022-12-26 14:21:24.380 [info] > git config --get commit.template [20ms]
2022-12-26 14:21:24.381 [info] > git for-each-ref --format=%(refname)%00%(upstream:short)%00%(objectname)%00%(upstream:track)%00%(upstream:remotename)%00%(upstream:remoteref) refs/heads/master refs/remotes/master [6ms]
2022-12-26 14:21:24.468 [info] > git for-each-ref --sort -committerdate --format %(refname) %(objectname) %(*objectname) [3ms]
2022-12-26 14:21:30.924 [info] > git status -z -uall [6500ms] (cancelled)
2022-12-26 14:21:32.211 [info] > git fetch [1264ms]
2022-12-26 14:21:32.237 [info] > git config --get commit.template [2ms]
2022-12-26 14:21:32.274 [info] > git status -z -uall [23ms]
2022-12-26 14:21:32.278 [info] > git for-each-ref --sort -committerdate --format %(refname) %(objectname) %(*objectname) [4ms]
2022-12-26 14:21:37.891 [info] > git show --textconv :ITI2/ITI/frontend/package-lock.json [35ms]
2022-12-26 14:21:37.906 [info] > git ls-files --stage -- /home/nunoamorim/ITI2/ITI/frontend/package-lock.json [34ms]
2022-12-26 14:21:38.882 [info] > git show --textconv :ITI2/ITI/frontend/package.json [25ms]
2022-12-26 14:21:38.910 [info] > git ls-files --stage -- /home/nunoamorim/ITI2/ITI/frontend/package.json [38ms]
2022-12-26 14:26:44.228 [info] > git fetch [641ms]
2022-12-26 14:26:44.305 [info] > git fetch [666ms]
2022-12-26 14:26:44.313 [info] > git config --get commit.template [43ms]
2022-12-26 14:26:44.340 [info] > git for-each-ref --format=%(refname)%00%(upstream:short)%00%(objectname)%00%(upstream:track)%00%(upstream:remotename)%00%(upstream:remoteref) refs/heads/master refs/remotes/master [38ms]
2022-12-26 14:26:44.425 [info] > git config --get commit.template [87ms]
2022-12-26 14:26:44.428 [info] > git for-each-ref --sort -committerdate --format %(refname) %(objectname) %(*objectname) [17ms]
2022-12-26 14:26:44.478 [info] > git status -z -uall [27ms]
2022-12-26 14:26:44.484 [info] > git for-each-ref --sort -committerdate --format %(refname) %(objectname) %(*objectname) [8ms]
2022-12-26 14:26:47.933 [info] > git status -z -uall [3561ms] (cancelled)
2022-12-26 14:29:45.208 [info] > git fetch [686ms]
2022-12-26 14:29:45.230 [info] > git config --get commit.template [2ms]
2022-12-26 14:29:45.264 [info] > git status -z -uall [19ms]
2022-12-26 14:29:45.268 [info] > git for-each-ref --sort -committerdate --format %(refname) %(objectname) %(*objectname) [5ms]
2022-12-26 14:29:45.632 [info] > git fetch [448ms]
2022-12-26 14:29:45.650 [info] > git config --get commit.template [1ms]
2022-12-26 14:29:45.664 [info] > git for-each-ref --format=%(refname)%00%(upstream:short)%00%(objectname)%00%(upstream:track)%00%(upstream:remotename)%00%(upstream:remoteref) refs/heads/master refs/remotes/master [2ms]
2022-12-26 14:29:45.693 [info] > git for-each-ref --sort -committerdate --format %(refname) %(objectname) %(*objectname) [7ms]
2022-12-26 14:30:04.231 [info] > git status -z -uall [18558ms] (cancelled)
2022-12-26 14:31:38.966 [info] > git check-ignore -v -z --stdin [14ms]
2022-12-26 14:32:46.098 [info] > git fetch [791ms]
2022-12-26 14:32:46.166 [info] > git config --get commit.template [30ms]
2022-12-26 14:32:46.197 [info] > git status -z -uall [11ms]
2022-12-26 14:32:46.199 [info] > git for-each-ref --sort -committerdate --format %(refname) %(objectname) %(*objectname) [2ms]
2022-12-26 14:33:01.852 [info] > git fetch [487ms]
2022-12-26 14:33:01.929 [info] > git config --get commit.template [45ms]
2022-12-26 14:33:01.934 [info] > git for-each-ref --format=%(refname)%00%(upstream:short)%00%(objectname)%00%(upstream:track)%00%(upstream:remotename)%00%(upstream:remoteref) refs/heads/master refs/remotes/master [9ms]
2022-12-26 14:33:02.003 [info] > git for-each-ref --sort -committerdate --format %(refname) %(objectname) %(*objectname) [13ms]
2022-12-26 14:33:04.968 [info] > git status -z -uall [3006ms] (cancelled)
2022-12-26 14:33:30.154 [info] > git check-ignore -v -z --stdin [8ms]
2022-12-26 14:33:31.675 [info] > git check-ignore -v -z --stdin [24ms]
2022-12-26 14:34:30.586 [info] > git check-ignore -v -z --stdin [9ms]
2022-12-26 14:35:46.835 [info] > git fetch [619ms]
2022-12-26 14:35:46.849 [info] > git config --get commit.template [2ms]
2022-12-26 14:35:46.872 [info] > git status -z -uall [11ms]
2022-12-26 14:35:46.874 [info] > git for-each-ref --sort -committerdate --format %(refname) %(objectname) %(*objectname) [2ms]
2022-12-26 14:36:20.050 [info] > git fetch [419ms]
2022-12-26 14:36:20.092 [info] > git config --get commit.template [7ms]
2022-12-26 14:36:20.124 [info] > git for-each-ref --format=%(refname)%00%(upstream:short)%00%(objectname)%00%(upstream:track)%00%(upstream:remotename)%00%(upstream:remoteref) refs/heads/master refs/remotes/master [7ms]
2022-12-26 14:36:20.187 [info] > git for-each-ref --sort -committerdate --format %(refname) %(objectname) %(*objectname) [8ms]
2022-12-26 14:36:23.594 [info] > git status -z -uall [3446ms] (cancelled)
2022-12-26 14:39:25.896 [info] > git fetch [421ms]
2022-12-26 14:39:25.937 [info] > git config --get commit.template [17ms]
2022-12-26 14:39:25.938 [info] > git for-each-ref --format=%(refname)%00%(upstream:short)%00%(objectname)%00%(upstream:track)%00%(upstream:remotename)%00%(upstream:remoteref) refs/heads/master refs/remotes/master [5ms]
2022-12-26 14:39:25.972 [info] > git for-each-ref --sort -committerdate --format %(refname) %(objectname) %(*objectname) [6ms]
2022-12-26 14:39:26.053 [info] > git fetch [592ms]
2022-12-26 14:39:26.068 [info] > git config --get commit.template [2ms]
2022-12-26 14:39:26.097 [info] > git status -z -uall [19ms]
2022-12-26 14:39:26.102 [info] > git for-each-ref --sort -committerdate --format %(refname) %(objectname) %(*objectname) [6ms]
2022-12-26 14:39:30.638 [info] > git status -z -uall [4687ms] (cancelled)
2022-12-26 14:42:26.767 [info] > git fetch [638ms]
2022-12-26 14:42:26.819 [info] > git config --get commit.template [23ms]
2022-12-26 14:42:26.876 [info] > git status -z -uall [30ms]
2022-12-26 14:42:26.883 [info] > git for-each-ref --sort -committerdate --format %(refname) %(objectname) %(*objectname) [8ms]
2022-12-26 14:42:28.124 [info] > git fetch [525ms]
2022-12-26 14:42:28.156 [info] > git config --get commit.template [4ms]
2022-12-26 14:42:28.180 [info] > git for-each-ref --format=%(refname)%00%(upstream:short)%00%(objectname)%00%(upstream:track)%00%(upstream:remotename)%00%(upstream:remoteref) refs/heads/master refs/remotes/master [5ms]
2022-12-26 14:42:28.262 [info] > git for-each-ref --sort -committerdate --format %(refname) %(objectname) %(*objectname) [7ms]
2022-12-26 14:42:32.168 [info] > git status -z -uall [3960ms] (cancelled)
2022-12-26 14:42:43.425 [info] > git ls-files --stage -- /home/nunoamorim/ITI2/docker-compose.yml [68ms]
2022-12-26 14:42:43.432 [info] > git show --textconv :ITI2/docker-compose.yml [104ms]
2022-12-26 14:45:27.606 [info] > git fetch [667ms]
2022-12-26 14:45:27.631 [info] > git config --get commit.template [3ms]
2022-12-26 14:45:27.675 [info] > git status -z -uall [22ms]
2022-12-26 14:45:27.679 [info] > git for-each-ref --sort -committerdate --format %(refname) %(objectname) %(*objectname) [5ms]
2022-12-26 14:45:29.423 [info] > git fetch [488ms]
2022-12-26 14:45:29.452 [info] > git config --get commit.template [5ms]
2022-12-26 14:45:29.474 [info] > git for-each-ref --format=%(refname)%00%(upstream:short)%00%(objectname)%00%(upstream:track)%00%(upstream:remotename)%00%(upstream:remoteref) refs/heads/master refs/remotes/master [4ms]
2022-12-26 14:45:29.556 [info] > git for-each-ref --sort -committerdate --format %(refname) %(objectname) %(*objectname) [18ms]
2022-12-26 14:45:33.074 [info] > git status -z -uall [3573ms] (cancelled)
2022-12-26 14:48:28.328 [info] > git fetch [604ms]
2022-12-26 14:48:28.350 [info] > git config --get commit.template [3ms]
2022-12-26 14:48:28.396 [info] > git status -z -uall [28ms]
2022-12-26 14:48:28.411 [info] > git for-each-ref --sort -committerdate --format %(refname) %(objectname) %(*objectname) [16ms]
2022-12-26 14:48:30.921 [info] > git fetch [601ms]
2022-12-26 14:48:30.938 [info] > git config --get commit.template [2ms]
2022-12-26 14:48:30.951 [info] > git for-each-ref --format=%(refname)%00%(upstream:short)%00%(objectname)%00%(upstream:track)%00%(upstream:remotename)%00%(upstream:remoteref) refs/heads/master refs/remotes/master [2ms]
2022-12-26 14:48:30.983 [info] > git for-each-ref --sort -committerdate --format %(refname) %(objectname) %(*objectname) [8ms]
2022-12-26 14:48:53.462 [info] > git status -z -uall [22500ms] (cancelled)
2022-12-26 14:51:29.332 [info] > git fetch [878ms]
2022-12-26 14:51:29.350 [info] > git config --get commit.template [2ms]
2022-12-26 14:51:29.372 [info] > git status -z -uall [11ms]
2022-12-26 14:51:29.374 [info] > git for-each-ref --sort -committerdate --format %(refname) %(objectname) %(*objectname) [2ms]
2022-12-26 14:51:54.523 [info] > git fetch [3604ms]
2022-12-26 14:51:54.575 [info] > git config --get commit.template [26ms]
2022-12-26 14:51:54.576 [info] > git for-each-ref --format=%(refname)%00%(upstream:short)%00%(objectname)%00%(upstream:track)%00%(upstream:remotename)%00%(upstream:remoteref) refs/heads/master refs/remotes/master [3ms]
2022-12-26 14:51:54.636 [info] > git for-each-ref --sort -committerdate --format %(refname) %(objectname) %(*objectname) [7ms]
2022-12-26 14:52:18.559 [info] > git status -z -uall [23963ms] (cancelled)
2022-12-26 14:54:25.781 [info] > git check-ignore -v -z --stdin [124ms]
2022-12-26 14:54:30.355 [info] > git fetch [942ms]
2022-12-26 14:54:30.380 [info] > git config --get commit.template [1ms]
2022-12-26 14:54:30.412 [info] > git status -z -uall [18ms]
2022-12-26 14:54:30.416 [info] > git for-each-ref --sort -committerdate --format %(refname) %(objectname) %(*objectname) [4ms]
2022-12-26 14:55:16.746 [info] > git fetch [722ms]
2022-12-26 14:55:16.838 [info] > git config --get commit.template [45ms]
2022-12-26 14:55:16.841 [info] > git for-each-ref --format=%(refname)%00%(upstream:short)%00%(objectname)%00%(upstream:track)%00%(upstream:remotename)%00%(upstream:remoteref) refs/heads/master refs/remotes/master [5ms]
2022-12-26 14:55:16.884 [info] > git for-each-ref --sort -committerdate --format %(refname) %(objectname) %(*objectname) [6ms]
2022-12-26 14:55:20.394 [info] > git status -z -uall [3531ms] (cancelled)
2022-12-26 14:57:31.376 [info] > git fetch [926ms]
2022-12-26 14:57:31.408 [info] > git config --get commit.template [3ms]
2022-12-26 14:57:31.457 [info] > git status -z -uall [24ms]
2022-12-26 14:57:31.462 [info] > git for-each-ref --sort -committerdate --format %(refname) %(objectname) %(*objectname) [6ms]
2022-12-26 14:58:18.791 [info] > git fetch [601ms]
2022-12-26 14:58:18.836 [info] > git config --get commit.template [7ms]
2022-12-26 14:58:18.894 [info] > git for-each-ref --format=%(refname)%00%(upstream:short)%00%(objectname)%00%(upstream:track)%00%(upstream:remotename)%00%(upstream:remoteref) refs/heads/master refs/remotes/master [8ms]
2022-12-26 14:58:18.944 [info] > git for-each-ref --sort -committerdate --format %(refname) %(objectname) %(*objectname) [6ms]
2022-12-26 14:58:23.253 [info] > git status -z -uall [4333ms] (cancelled)
2022-12-26 15:00:32.509 [info] > git fetch [993ms]
2022-12-26 15:00:32.547 [info] > git config --get commit.template [4ms]
2022-12-26 15:00:32.596 [info] > git status -z -uall [19ms]
2022-12-26 15:00:32.600 [info] > git for-each-ref --sort -committerdate --format %(refname) %(objectname) %(*objectname) [5ms]
2022-12-26 15:00:33.076 [info] > git show --textconv :ITI2/frontend/server.js [38ms]
2022-12-26 15:00:33.088 [info] > git ls-files --stage -- /home/nunoamorim/ITI2/frontend/server.js [18ms]
2022-12-26 15:01:20.355 [info] > git fetch [635ms]
2022-12-26 15:01:20.410 [info] > git config --get commit.template [27ms]
2022-12-26 15:01:20.412 [info] > git for-each-ref --format=%(refname)%00%(upstream:short)%00%(objectname)%00%(upstream:track)%00%(upstream:remotename)%00%(upstream:remoteref) refs/heads/master refs/remotes/master [4ms]
2022-12-26 15:01:20.482 [info] > git for-each-ref --sort -committerdate --format %(refname) %(objectname) %(*objectname) [3ms]
2022-12-26 15:01:23.662 [info] > git status -z -uall [3224ms] (cancelled)
