[2022-10-12 18:08:54.519] [exthost] [info] Extension host with pid 581 started
[2022-10-12 18:08:54.594] [exthost] [info] Lock '/home/nunoamorim/.vscode-server/data/User/workspaceStorage/a9f5109e99d391079f85d3e92812567a/vscode.lock': Lock acquired.
[2022-10-12 18:08:54.673] [exthost] [info] ExtensionService#_doActivateExtension vscode.typescript-language-features, startup: false, activationEvent: 'onLanguage:javascript'
[2022-10-12 18:08:54.674] [exthost] [info] ExtensionService#_doActivateExtension vscode.debug-auto-launch, startup: true, activationEvent: '*'
[2022-10-12 18:08:54.675] [exthost] [info] ExtensionService#_doActivateExtension vscode.git-base, startup: true, activationEvent: '*', root cause: vscode.git
[2022-10-12 18:08:54.675] [exthost] [info] ExtensionService#_doActivateExtension vscode.ipynb, startup: true, activationEvent: '*'
[2022-10-12 18:08:55.833] [exthost] [info] ExtensionService#_doActivateExtension vscode.git, startup: true, activationEvent: '*'
[2022-10-12 18:08:55.833] [exthost] [info] ExtensionService#_doActivateExtension vscode.github, startup: true, activationEvent: '*'
[2022-10-12 18:08:56.070] [exthost] [info] ExtensionService#_doActivateExtension GitHub.vscode-pull-request-github, startup: true, activationEvent: '*'
[2022-10-12 18:08:57.358] [exthost] [warning] [Decorations] CAPPING events from decorations provider vscode.git 3707
[2022-10-12 18:08:58.806] [exthost] [warning] [Decorations] CAPPING events from decorations provider vscode.git 3711
[2022-10-12 18:08:59.845] [exthost] [warning] [Decorations] CAPPING events from decorations provider vscode.git 3712
[2022-10-12 18:09:01.160] [exthost] [info] ExtensionService#_doActivateExtension vscode.emmet, startup: false, activationEvent: 'onStartupFinished'
[2022-10-12 18:09:01.160] [exthost] [info] ExtensionService#_doActivateExtension vscode.merge-conflict, startup: false, activationEvent: 'onStartupFinished'
[2022-10-12 18:09:01.161] [exthost] [info] ExtensionService#_doActivateExtension ritwickdey.LiveServer, startup: false, activationEvent: 'onStartupFinished'
[2022-10-12 18:09:01.161] [exthost] [info] Eager extensions activated
[2022-10-12 18:09:05.912] [exthost] [warning] [Decorations] CAPPING events from decorations provider vscode.git 3712
[2022-10-12 18:09:11.210] [exthost] [warning] [Decorations] CAPPING events from decorations provider vscode.git 3712
[2022-10-12 18:09:17.029] [exthost] [warning] [Decorations] CAPPING events from decorations provider vscode.git 3712
[2022-10-12 18:09:19.942] [exthost] [info] ExtensionService#_doActivateExtension vscode.html-language-features, startup: false, activationEvent: 'onLanguage:html'
[2022-10-12 18:09:22.204] [exthost] [warning] [Decorations] CAPPING events from decorations provider vscode.git 3713
[2022-10-12 18:10:02.729] [exthost] [warning] [Decorations] CAPPING events from decorations provider vscode.git 3713
[2022-10-12 18:10:46.997] [exthost] [warning] [Decorations] CAPPING events from decorations provider vscode.git 3713
[2022-10-12 18:13:18.520] [exthost] [warning] [Decorations] CAPPING events from decorations provider vscode.git 3713
[2022-10-12 18:13:19.215] [exthost] [warning] [Decorations] CAPPING events from decorations provider vscode.git 3713
[2022-10-12 18:13:23.671] [exthost] [warning] [Decorations] CAPPING events from decorations provider vscode.git 3713
[2022-10-12 18:13:29.460] [exthost] [warning] [Decorations] CAPPING events from decorations provider vscode.git 3713
[2022-10-12 18:23:48.675] [exthost] [warning] [Decorations] CAPPING events from decorations provider vscode.git 3713
[2022-10-12 18:23:49.459] [exthost] [warning] [Decorations] CAPPING events from decorations provider vscode.git 3713
[2022-10-12 18:23:53.812] [exthost] [warning] [Decorations] CAPPING events from decorations provider vscode.git 3713
[2022-10-12 18:23:58.945] [exthost] [warning] [Decorations] CAPPING events from decorations provider vscode.git 3713
[2022-10-12 18:24:04.089] [exthost] [warning] [Decorations] CAPPING events from decorations provider vscode.git 3715
[2022-10-12 18:24:09.248] [exthost] [warning] [Decorations] CAPPING events from decorations provider vscode.git 3715
[2022-10-12 18:24:14.402] [exthost] [warning] [Decorations] CAPPING events from decorations provider vscode.git 3715
[2022-10-12 18:24:19.524] [exthost] [warning] [Decorations] CAPPING events from decorations provider vscode.git 3715
[2022-10-12 18:24:24.705] [exthost] [warning] [Decorations] CAPPING events from decorations provider vscode.git 3715
[2022-10-12 18:24:44.735] [exthost] [warning] [Decorations] CAPPING events from decorations provider vscode.git 3715
[2022-10-12 18:24:49.893] [exthost] [warning] [Decorations] CAPPING events from decorations provider vscode.git 3715
[2022-10-12 18:24:55.036] [exthost] [warning] [Decorations] CAPPING events from decorations provider vscode.git 3715
[2022-10-12 18:25:05.218] [exthost] [warning] [Decorations] CAPPING events from decorations provider vscode.git 3715
[2022-10-12 18:25:10.366] [exthost] [warning] [Decorations] CAPPING events from decorations provider vscode.git 3715
[2022-10-12 18:25:15.505] [exthost] [warning] [Decorations] CAPPING events from decorations provider vscode.git 3715
[2022-10-12 18:25:20.647] [exthost] [warning] [Decorations] CAPPING events from decorations provider vscode.git 3715
[2022-10-12 18:25:25.789] [exthost] [warning] [Decorations] CAPPING events from decorations provider vscode.git 3715
[2022-10-12 18:25:30.935] [exthost] [warning] [Decorations] CAPPING events from decorations provider vscode.git 3715
[2022-10-12 18:25:36.092] [exthost] [warning] [Decorations] CAPPING events from decorations provider vscode.git 3715
[2022-10-12 18:25:44.132] [exthost] [warning] [Decorations] CAPPING events from decorations provider vscode.git 3715
[2022-10-12 18:25:49.269] [exthost] [warning] [Decorations] CAPPING events from decorations provider vscode.git 3715
[2022-10-12 18:25:54.458] [exthost] [warning] [Decorations] CAPPING events from decorations provider vscode.git 3715
[2022-10-12 18:25:59.597] [exthost] [warning] [Decorations] CAPPING events from decorations provider vscode.git 3715
[2022-10-12 18:26:04.731] [exthost] [warning] [Decorations] CAPPING events from decorations provider vscode.git 3715
[2022-10-12 18:26:09.856] [exthost] [warning] [Decorations] CAPPING events from decorations provider vscode.git 3715
[2022-10-12 18:26:15.011] [exthost] [warning] [Decorations] CAPPING events from decorations provider vscode.git 3715
[2022-10-12 18:26:20.165] [exthost] [warning] [Decorations] CAPPING events from decorations provider vscode.git 3715
[2022-10-12 18:26:25.336] [exthost] [warning] [Decorations] CAPPING events from decorations provider vscode.git 3715
[2022-10-12 18:26:30.467] [exthost] [warning] [Decorations] CAPPING events from decorations provider vscode.git 3715
[2022-10-12 18:26:35.612] [exthost] [warning] [Decorations] CAPPING events from decorations provider vscode.git 3715
[2022-10-12 18:26:40.763] [exthost] [warning] [Decorations] CAPPING events from decorations provider vscode.git 3715
[2022-10-12 18:26:45.895] [exthost] [warning] [Decorations] CAPPING events from decorations provider vscode.git 3715
[2022-10-12 18:27:59.966] [exthost] [warning] [Decorations] CAPPING events from decorations provider vscode.git 3715
[2022-10-12 18:28:00.672] [exthost] [warning] [Decorations] CAPPING events from decorations provider vscode.git 3715
[2022-10-12 18:28:05.125] [exthost] [warning] [Decorations] CAPPING events from decorations provider vscode.git 3715
[2022-10-12 18:28:10.270] [exthost] [warning] [Decorations] CAPPING events from decorations provider vscode.git 3715
[2022-10-12 18:28:15.405] [exthost] [warning] [Decorations] CAPPING events from decorations provider vscode.git 3715
[2022-10-12 18:28:20.538] [exthost] [warning] [Decorations] CAPPING events from decorations provider vscode.git 3715
[2022-10-12 18:28:25.688] [exthost] [warning] [Decorations] CAPPING events from decorations provider vscode.git 3715
[2022-10-12 18:28:30.848] [exthost] [warning] [Decorations] CAPPING events from decorations provider vscode.git 3716
[2022-10-12 18:28:35.989] [exthost] [warning] [Decorations] CAPPING events from decorations provider vscode.git 3716
[2022-10-12 18:28:41.145] [exthost] [warning] [Decorations] CAPPING events from decorations provider vscode.git 3716
[2022-10-12 18:28:46.299] [exthost] [warning] [Decorations] CAPPING events from decorations provider vscode.git 3716
[2022-10-12 18:28:51.436] [exthost] [warning] [Decorations] CAPPING events from decorations provider vscode.git 3717
[2022-10-12 18:28:56.582] [exthost] [warning] [Decorations] CAPPING events from decorations provider vscode.git 3717
[2022-10-12 18:29:01.709] [exthost] [warning] [Decorations] CAPPING events from decorations provider vscode.git 3717
[2022-10-12 18:29:06.850] [exthost] [warning] [Decorations] CAPPING events from decorations provider vscode.git 3717
[2022-10-12 18:29:12.000] [exthost] [warning] [Decorations] CAPPING events from decorations provider vscode.git 3717
[2022-10-12 18:29:17.157] [exthost] [warning] [Decorations] CAPPING events from decorations provider vscode.git 3717
[2022-10-12 18:29:22.296] [exthost] [warning] [Decorations] CAPPING events from decorations provider vscode.git 3717
[2022-10-12 18:29:27.426] [exthost] [warning] [Decorations] CAPPING events from decorations provider vscode.git 3717
[2022-10-12 18:29:32.572] [exthost] [warning] [Decorations] CAPPING events from decorations provider vscode.git 3717
[2022-10-12 18:29:38.232] [exthost] [warning] [Decorations] CAPPING events from decorations provider vscode.git 3717
[2022-10-12 18:29:43.373] [exthost] [warning] [Decorations] CAPPING events from decorations provider vscode.git 3717
[2022-10-12 18:29:48.519] [exthost] [warning] [Decorations] CAPPING events from decorations provider vscode.git 3717
[2022-10-12 18:29:53.645] [exthost] [warning] [Decorations] CAPPING events from decorations provider vscode.git 3717
[2022-10-12 18:29:58.797] [exthost] [warning] [Decorations] CAPPING events from decorations provider vscode.git 3717
[2022-10-12 18:30:03.920] [exthost] [warning] [Decorations] CAPPING events from decorations provider vscode.git 3717
[2022-10-12 18:30:09.051] [exthost] [warning] [Decorations] CAPPING events from decorations provider vscode.git 3717
[2022-10-12 18:30:14.213] [exthost] [warning] [Decorations] CAPPING events from decorations provider vscode.git 3717
[2022-10-12 18:30:19.349] [exthost] [warning] [Decorations] CAPPING events from decorations provider vscode.git 3717
[2022-10-12 18:30:24.484] [exthost] [warning] [Decorations] CAPPING events from decorations provider vscode.git 3717
[2022-10-12 18:30:29.631] [exthost] [warning] [Decorations] CAPPING events from decorations provider vscode.git 3717
[2022-10-12 18:30:35.277] [exthost] [warning] [Decorations] CAPPING events from decorations provider vscode.git 3718
[2022-10-12 18:30:40.421] [exthost] [warning] [Decorations] CAPPING events from decorations provider vscode.git 3718
[2022-10-12 18:30:45.583] [exthost] [warning] [Decorations] CAPPING events from decorations provider vscode.git 3718
[2022-10-12 18:30:53.297] [exthost] [warning] [Decorations] CAPPING events from decorations provider vscode.git 3718
[2022-10-12 18:30:58.456] [exthost] [warning] [Decorations] CAPPING events from decorations provider vscode.git 3718
[2022-10-12 18:31:01.203] [exthost] [warning] [Decorations] CAPPING events from decorations provider vscode.git 3718
[2022-10-12 18:31:03.610] [exthost] [warning] [Decorations] CAPPING events from decorations provider vscode.git 3718
[2022-10-12 18:31:08.746] [exthost] [warning] [Decorations] CAPPING events from decorations provider vscode.git 3718
[2022-10-12 18:31:13.877] [exthost] [warning] [Decorations] CAPPING events from decorations provider vscode.git 3718
[2022-10-12 18:31:19.033] [exthost] [warning] [Decorations] CAPPING events from decorations provider vscode.git 3718
[2022-10-12 18:31:24.210] [exthost] [warning] [Decorations] CAPPING events from decorations provider vscode.git 3718
[2022-10-12 18:31:29.368] [exthost] [warning] [Decorations] CAPPING events from decorations provider vscode.git 3718
[2022-10-12 18:31:34.531] [exthost] [warning] [Decorations] CAPPING events from decorations provider vscode.git 3718
[2022-10-12 18:31:55.621] [exthost] [warning] [Decorations] CAPPING events from decorations provider vscode.git 3718
[2022-10-12 18:32:00.764] [exthost] [warning] [Decorations] CAPPING events from decorations provider vscode.git 3718
[2022-10-12 18:32:05.924] [exthost] [warning] [Decorations] CAPPING events from decorations provider vscode.git 3719
[2022-10-12 18:32:11.050] [exthost] [warning] [Decorations] CAPPING events from decorations provider vscode.git 3719
[2022-10-12 18:32:16.188] [exthost] [warning] [Decorations] CAPPING events from decorations provider vscode.git 3719
[2022-10-12 18:32:21.327] [exthost] [warning] [Decorations] CAPPING events from decorations provider vscode.git 3719
[2022-10-12 18:32:26.529] [exthost] [warning] [Decorations] CAPPING events from decorations provider vscode.git 3719
[2022-10-12 18:32:31.663] [exthost] [warning] [Decorations] CAPPING events from decorations provider vscode.git 3719
[2022-10-12 18:32:36.801] [exthost] [warning] [Decorations] CAPPING events from decorations provider vscode.git 3719
[2022-10-12 18:32:41.964] [exthost] [warning] [Decorations] CAPPING events from decorations provider vscode.git 3719
[2022-10-12 18:32:47.115] [exthost] [warning] [Decorations] CAPPING events from decorations provider vscode.git 3719
[2022-10-12 18:32:52.243] [exthost] [warning] [Decorations] CAPPING events from decorations provider vscode.git 3719
[2022-10-12 18:33:03.301] [exthost] [warning] [Decorations] CAPPING events from decorations provider vscode.git 3719
[2022-10-12 18:33:08.455] [exthost] [warning] [Decorations] CAPPING events from decorations provider vscode.git 3719
[2022-10-12 18:33:19.871] [exthost] [warning] [Decorations] CAPPING events from decorations provider vscode.git 3719
[2022-10-12 18:33:25.023] [exthost] [warning] [Decorations] CAPPING events from decorations provider vscode.git 3719
[2022-10-12 18:33:54.511] [exthost] [warning] [Decorations] CAPPING events from decorations provider vscode.git 3719
[2022-10-12 18:33:59.663] [exthost] [warning] [Decorations] CAPPING events from decorations provider vscode.git 3719
[2022-10-12 18:34:01.707] [exthost] [warning] [Decorations] CAPPING events from decorations provider vscode.git 3719
[2022-10-12 18:34:04.804] [exthost] [warning] [Decorations] CAPPING events from decorations provider vscode.git 3720
[2022-10-12 18:34:09.939] [exthost] [warning] [Decorations] CAPPING events from decorations provider vscode.git 3720
[2022-10-12 18:34:15.643] [exthost] [warning] [Decorations] CAPPING events from decorations provider vscode.git 3720
[2022-10-12 18:34:20.805] [exthost] [warning] [Decorations] CAPPING events from decorations provider vscode.git 3720
[2022-10-12 18:34:25.940] [exthost] [warning] [Decorations] CAPPING events from decorations provider vscode.git 3721
[2022-10-12 18:34:31.078] [exthost] [warning] [Decorations] CAPPING events from decorations provider vscode.git 3721
[2022-10-12 18:34:36.212] [exthost] [warning] [Decorations] CAPPING events from decorations provider vscode.git 3721
[2022-10-12 18:34:41.358] [exthost] [warning] [Decorations] CAPPING events from decorations provider vscode.git 3721
[2022-10-12 18:34:46.515] [exthost] [warning] [Decorations] CAPPING events from decorations provider vscode.git 3721
[2022-10-12 18:34:51.651] [exthost] [warning] [Decorations] CAPPING events from decorations provider vscode.git 3721
[2022-10-12 18:34:56.781] [exthost] [warning] [Decorations] CAPPING events from decorations provider vscode.git 3721
[2022-10-12 18:35:01.932] [exthost] [warning] [Decorations] CAPPING events from decorations provider vscode.git 3721
[2022-10-12 18:35:07.078] [exthost] [warning] [Decorations] CAPPING events from decorations provider vscode.git 3721
[2022-10-12 18:35:12.208] [exthost] [warning] [Decorations] CAPPING events from decorations provider vscode.git 3721
[2022-10-12 18:35:17.334] [exthost] [warning] [Decorations] CAPPING events from decorations provider vscode.git 3721
[2022-10-12 18:35:22.471] [exthost] [warning] [Decorations] CAPPING events from decorations provider vscode.git 3721
[2022-10-12 18:35:27.599] [exthost] [warning] [Decorations] CAPPING events from decorations provider vscode.git 3721
[2022-10-12 18:35:48.124] [exthost] [warning] [Decorations] CAPPING events from decorations provider vscode.git 3721
[2022-10-12 18:35:53.279] [exthost] [warning] [Decorations] CAPPING events from decorations provider vscode.git 3721
[2022-10-12 18:35:58.431] [exthost] [warning] [Decorations] CAPPING events from decorations provider vscode.git 3721
[2022-10-12 18:36:03.569] [exthost] [warning] [Decorations] CAPPING events from decorations provider vscode.git 3721
[2022-10-12 18:36:08.717] [exthost] [warning] [Decorations] CAPPING events from decorations provider vscode.git 3721
[2022-10-12 18:36:13.861] [exthost] [warning] [Decorations] CAPPING events from decorations provider vscode.git 3721
[2022-10-12 18:36:19.002] [exthost] [warning] [Decorations] CAPPING events from decorations provider vscode.git 3721
[2022-10-12 18:36:25.637] [exthost] [warning] [Decorations] CAPPING events from decorations provider vscode.git 3722
[2022-10-12 18:36:37.240] [exthost] [warning] [Decorations] CAPPING events from decorations provider vscode.git 3722
[2022-10-12 18:36:47.252] [exthost] [warning] [Decorations] CAPPING events from decorations provider vscode.git 3722
[2022-10-12 18:36:52.421] [exthost] [warning] [Decorations] CAPPING events from decorations provider vscode.git 3722
[2022-10-12 18:36:57.548] [exthost] [warning] [Decorations] CAPPING events from decorations provider vscode.git 3722
[2022-10-12 18:37:02.219] [exthost] [warning] [Decorations] CAPPING events from decorations provider vscode.git 3722
[2022-10-12 18:37:02.933] [exthost] [warning] [Decorations] CAPPING events from decorations provider vscode.git 3722
[2022-10-12 18:37:08.670] [exthost] [warning] [Decorations] CAPPING events from decorations provider vscode.git 3722
[2022-10-12 18:37:13.809] [exthost] [warning] [Decorations] CAPPING events from decorations provider vscode.git 3722
[2022-10-12 18:37:18.961] [exthost] [warning] [Decorations] CAPPING events from decorations provider vscode.git 3722
[2022-10-12 18:37:24.129] [exthost] [warning] [Decorations] CAPPING events from decorations provider vscode.git 3722
[2022-10-12 18:37:29.282] [exthost] [warning] [Decorations] CAPPING events from decorations provider vscode.git 3723
[2022-10-12 18:37:34.422] [exthost] [warning] [Decorations] CAPPING events from decorations provider vscode.git 3723
[2022-10-12 18:37:40.072] [exthost] [warning] [Decorations] CAPPING events from decorations provider vscode.git 3723
[2022-10-12 18:37:45.230] [exthost] [warning] [Decorations] CAPPING events from decorations provider vscode.git 3723
[2022-10-12 18:38:28.390] [exthost] [warning] [Decorations] CAPPING events from decorations provider vscode.git 3723
[2022-10-12 18:38:33.527] [exthost] [warning] [Decorations] CAPPING events from decorations provider vscode.git 3723
[2022-10-12 18:38:38.671] [exthost] [warning] [Decorations] CAPPING events from decorations provider vscode.git 3723
[2022-10-12 18:38:43.853] [exthost] [warning] [Decorations] CAPPING events from decorations provider vscode.git 3724
[2022-10-12 18:38:49.503] [exthost] [warning] [Decorations] CAPPING events from decorations provider vscode.git 3724
[2022-10-12 18:38:54.660] [exthost] [warning] [Decorations] CAPPING events from decorations provider vscode.git 3724
[2022-10-12 18:38:59.809] [exthost] [warning] [Decorations] CAPPING events from decorations provider vscode.git 3725
[2022-10-12 18:39:19.400] [exthost] [warning] [Decorations] CAPPING events from decorations provider vscode.git 3725
[2022-10-12 18:39:24.536] [exthost] [warning] [Decorations] CAPPING events from decorations provider vscode.git 3725
[2022-10-12 18:39:29.687] [exthost] [warning] [Decorations] CAPPING events from decorations provider vscode.git 3725
[2022-10-12 18:39:34.826] [exthost] [warning] [Decorations] CAPPING events from decorations provider vscode.git 3725
[2022-10-12 18:39:39.958] [exthost] [warning] [Decorations] CAPPING events from decorations provider vscode.git 3725
[2022-10-12 18:39:45.095] [exthost] [warning] [Decorations] CAPPING events from decorations provider vscode.git 3725
[2022-10-12 18:39:50.235] [exthost] [warning] [Decorations] CAPPING events from decorations provider vscode.git 3725
[2022-10-12 18:39:55.383] [exthost] [warning] [Decorations] CAPPING events from decorations provider vscode.git 3725
[2022-10-12 18:40:00.522] [exthost] [warning] [Decorations] CAPPING events from decorations provider vscode.git 3725
[2022-10-12 18:40:02.891] [exthost] [warning] [Decorations] CAPPING events from decorations provider vscode.git 3725
[2022-10-12 18:40:05.646] [exthost] [warning] [Decorations] CAPPING events from decorations provider vscode.git 3725
[2022-10-12 18:40:12.551] [exthost] [warning] [Decorations] CAPPING events from decorations provider vscode.git 3725
[2022-10-12 18:40:17.724] [exthost] [warning] [Decorations] CAPPING events from decorations provider vscode.git 3725
[2022-10-12 18:40:22.855] [exthost] [warning] [Decorations] CAPPING events from decorations provider vscode.git 3726
[2022-10-12 18:40:27.991] [exthost] [warning] [Decorations] CAPPING events from decorations provider vscode.git 3726
[2022-10-12 18:40:33.138] [exthost] [warning] [Decorations] CAPPING events from decorations provider vscode.git 3726
[2022-10-12 18:40:38.300] [exthost] [warning] [Decorations] CAPPING events from decorations provider vscode.git 3726
[2022-10-12 18:40:43.455] [exthost] [warning] [Decorations] CAPPING events from decorations provider vscode.git 3726
[2022-10-12 18:40:48.598] [exthost] [warning] [Decorations] CAPPING events from decorations provider vscode.git 3726
[2022-10-12 18:40:53.742] [exthost] [warning] [Decorations] CAPPING events from decorations provider vscode.git 3727
[2022-10-12 18:40:58.906] [exthost] [warning] [Decorations] CAPPING events from decorations provider vscode.git 3727
[2022-10-12 18:41:04.065] [exthost] [warning] [Decorations] CAPPING events from decorations provider vscode.git 3727
[2022-10-12 18:41:09.223] [exthost] [warning] [Decorations] CAPPING events from decorations provider vscode.git 3727
[2022-10-12 18:41:14.350] [exthost] [warning] [Decorations] CAPPING events from decorations provider vscode.git 3727
[2022-10-12 18:41:19.503] [exthost] [warning] [Decorations] CAPPING events from decorations provider vscode.git 3727
[2022-10-12 18:41:24.653] [exthost] [warning] [Decorations] CAPPING events from decorations provider vscode.git 3727
[2022-10-12 18:41:29.780] [exthost] [warning] [Decorations] CAPPING events from decorations provider vscode.git 3728
[2022-10-12 18:41:37.441] [exthost] [warning] [Decorations] CAPPING events from decorations provider vscode.git 3729
[2022-10-12 18:41:42.591] [exthost] [warning] [Decorations] CAPPING events from decorations provider vscode.git 3729
[2022-10-12 18:41:47.751] [exthost] [warning] [Decorations] CAPPING events from decorations provider vscode.git 3729
[2022-10-12 18:41:52.906] [exthost] [warning] [Decorations] CAPPING events from decorations provider vscode.git 3729
[2022-10-12 18:41:58.042] [exthost] [warning] [Decorations] CAPPING events from decorations provider vscode.git 3729
[2022-10-12 18:42:03.180] [exthost] [warning] [Decorations] CAPPING events from decorations provider vscode.git 3729
[2022-10-12 18:42:09.833] [exthost] [warning] [Decorations] CAPPING events from decorations provider vscode.git 3729
[2022-10-12 18:42:14.979] [exthost] [warning] [Decorations] CAPPING events from decorations provider vscode.git 3729
[2022-10-12 18:42:20.119] [exthost] [warning] [Decorations] CAPPING events from decorations provider vscode.git 3729
[2022-10-12 18:42:25.249] [exthost] [warning] [Decorations] CAPPING events from decorations provider vscode.git 3729
[2022-10-12 18:42:30.397] [exthost] [warning] [Decorations] CAPPING events from decorations provider vscode.git 3729
[2022-10-12 18:42:36.093] [exthost] [warning] [Decorations] CAPPING events from decorations provider vscode.git 3729
[2022-10-12 18:43:04.309] [exthost] [warning] [Decorations] CAPPING events from decorations provider vscode.git 3729
[2022-10-12 18:43:05.040] [exthost] [warning] [Decorations] CAPPING events from decorations provider vscode.git 3729
[2022-10-12 18:43:09.458] [exthost] [warning] [Decorations] CAPPING events from decorations provider vscode.git 3730
[2022-10-12 18:43:14.595] [exthost] [warning] [Decorations] CAPPING events from decorations provider vscode.git 3730
[2022-10-12 18:43:19.740] [exthost] [warning] [Decorations] CAPPING events from decorations provider vscode.git 3730
[2022-10-12 18:43:24.897] [exthost] [warning] [Decorations] CAPPING events from decorations provider vscode.git 3730
[2022-10-12 18:43:30.044] [exthost] [warning] [Decorations] CAPPING events from decorations provider vscode.git 3730
[2022-10-12 18:43:35.208] [exthost] [warning] [Decorations] CAPPING events from decorations provider vscode.git 3730
[2022-10-12 18:43:40.349] [exthost] [warning] [Decorations] CAPPING events from decorations provider vscode.git 3730
[2022-10-12 18:43:45.482] [exthost] [warning] [Decorations] CAPPING events from decorations provider vscode.git 3730
[2022-10-12 18:43:50.627] [exthost] [warning] [Decorations] CAPPING events from decorations provider vscode.git 3731
[2022-10-12 18:43:55.812] [exthost] [warning] [Decorations] CAPPING events from decorations provider vscode.git 3731
[2022-10-12 18:44:00.942] [exthost] [warning] [Decorations] CAPPING events from decorations provider vscode.git 3731
[2022-10-12 18:44:06.103] [exthost] [warning] [Decorations] CAPPING events from decorations provider vscode.git 3731
[2022-10-12 18:44:11.238] [exthost] [warning] [Decorations] CAPPING events from decorations provider vscode.git 3731
[2022-10-12 18:44:16.395] [exthost] [warning] [Decorations] CAPPING events from decorations provider vscode.git 3731
[2022-10-12 18:44:21.547] [exthost] [warning] [Decorations] CAPPING events from decorations provider vscode.git 3731
[2022-10-12 18:44:33.024] [exthost] [warning] [Decorations] CAPPING events from decorations provider vscode.git 3731
[2022-10-12 18:44:38.181] [exthost] [warning] [Decorations] CAPPING events from decorations provider vscode.git 3731
[2022-10-12 18:45:14.756] [exthost] [warning] [Decorations] CAPPING events from decorations provider vscode.git 3731
[2022-10-12 18:45:19.909] [exthost] [warning] [Decorations] CAPPING events from decorations provider vscode.git 3731
[2022-10-12 18:45:25.056] [exthost] [warning] [Decorations] CAPPING events from decorations provider vscode.git 3731
[2022-10-12 18:45:30.204] [exthost] [warning] [Decorations] CAPPING events from decorations provider vscode.git 3731
[2022-10-12 18:45:35.859] [exthost] [warning] [Decorations] CAPPING events from decorations provider vscode.git 3732
[2022-10-12 18:45:41.012] [exthost] [warning] [Decorations] CAPPING events from decorations provider vscode.git 3732
[2022-10-12 18:45:46.166] [exthost] [warning] [Decorations] CAPPING events from decorations provider vscode.git 3732
[2022-10-12 18:45:51.340] [exthost] [warning] [Decorations] CAPPING events from decorations provider vscode.git 3732
[2022-10-12 18:46:00.333] [exthost] [warning] [Decorations] CAPPING events from decorations provider vscode.git 3732
[2022-10-12 18:46:05.593] [exthost] [warning] [Decorations] CAPPING events from decorations provider vscode.git 3732
[2022-10-12 18:46:06.251] [exthost] [warning] [Decorations] CAPPING events from decorations provider vscode.git 3732
[2022-10-12 18:46:47.058] [exthost] [warning] [Decorations] CAPPING events from decorations provider vscode.git 3732
[2022-10-12 18:46:52.257] [exthost] [warning] [Decorations] CAPPING events from decorations provider vscode.git 3732
[2022-10-12 18:48:15.177] [exthost] [warning] [Decorations] CAPPING events from decorations provider vscode.git 3732
[2022-10-12 18:48:20.949] [exthost] [warning] [Decorations] CAPPING events from decorations provider vscode.git 3732
[2022-10-12 18:48:26.134] [exthost] [warning] [Decorations] CAPPING events from decorations provider vscode.git 3732
[2022-10-12 18:48:31.293] [exthost] [warning] [Decorations] CAPPING events from decorations provider vscode.git 3732
[2022-10-12 18:48:36.865] [exthost] [warning] [Decorations] CAPPING events from decorations provider vscode.git 3732
[2022-10-12 18:48:42.051] [exthost] [warning] [Decorations] CAPPING events from decorations provider vscode.git 3732
[2022-10-12 18:48:47.219] [exthost] [warning] [Decorations] CAPPING events from decorations provider vscode.git 3732
[2022-10-12 18:48:52.369] [exthost] [warning] [Decorations] CAPPING events from decorations provider vscode.git 3732
[2022-10-12 18:48:57.547] [exthost] [warning] [Decorations] CAPPING events from decorations provider vscode.git 3732
[2022-10-12 18:49:02.708] [exthost] [warning] [Decorations] CAPPING events from decorations provider vscode.git 3732
[2022-10-12 18:49:06.109] [exthost] [warning] [Decorations] CAPPING events from decorations provider vscode.git 3732
[2022-10-12 18:49:09.934] [exthost] [warning] [Decorations] CAPPING events from decorations provider vscode.git 3732
[2022-10-12 18:49:15.097] [exthost] [warning] [Decorations] CAPPING events from decorations provider vscode.git 3732
[2022-10-12 18:49:20.264] [exthost] [warning] [Decorations] CAPPING events from decorations provider vscode.git 3732
[2022-10-12 18:49:25.472] [exthost] [warning] [Decorations] CAPPING events from decorations provider vscode.git 3732
[2022-10-12 18:49:30.641] [exthost] [warning] [Decorations] CAPPING events from decorations provider vscode.git 3732
[2022-10-12 18:49:35.812] [exthost] [warning] [Decorations] CAPPING events from decorations provider vscode.git 3732
[2022-10-12 18:49:41.441] [exthost] [warning] [Decorations] CAPPING events from decorations provider vscode.git 3732
[2022-10-12 18:49:46.570] [exthost] [warning] [Decorations] CAPPING events from decorations provider vscode.git 3732
[2022-10-12 18:49:51.724] [exthost] [warning] [Decorations] CAPPING events from decorations provider vscode.git 3732
[2022-10-12 18:49:56.865] [exthost] [warning] [Decorations] CAPPING events from decorations provider vscode.git 3732
[2022-10-12 18:51:34.572] [exthost] [warning] [Decorations] CAPPING events from decorations provider vscode.git 3732
[2022-10-12 18:51:39.723] [exthost] [warning] [Decorations] CAPPING events from decorations provider vscode.git 3732
[2022-10-12 18:51:44.896] [exthost] [warning] [Decorations] CAPPING events from decorations provider vscode.git 3732
[2022-10-12 18:51:50.054] [exthost] [warning] [Decorations] CAPPING events from decorations provider vscode.git 3732
[2022-10-12 18:51:55.212] [exthost] [warning] [Decorations] CAPPING events from decorations provider vscode.git 3732
[2022-10-12 18:52:00.366] [exthost] [warning] [Decorations] CAPPING events from decorations provider vscode.git 3732
