[2022-10-04T07:36:28.878Z] Log level: Info
[2022-10-04T07:36:28.901Z] [info] Validating found git in: git
[2022-10-04T07:36:29.108Z] [info] Using git 2.25.1 from git
[2022-10-04T07:36:29.185Z] > git rev-parse --show-toplevel [22ms]
[2022-10-04T07:36:29.245Z] > git rev-parse --git-dir --git-common-dir [5ms]
[2022-10-04T07:36:29.270Z] [info] Open repository: /home/nunoamorim
[2022-10-04T07:36:29.408Z] > git status -z -uall [98ms]
[2022-10-04T07:36:29.434Z] > git symbolic-ref --short HEAD [7ms]
[2022-10-04T07:36:29.464Z] > git for-each-ref --format=%(refname)%00%(upstream:short)%00%(objectname)%00%(upstream:track)%00%(upstream:remotename)%00%(upstream:remoteref) refs/heads/master refs/remotes/master [5ms]
[2022-10-04T07:36:29.628Z] > git for-each-ref --sort -committerdate --format %(refname) %(objectname) %(*objectname) [123ms]
[2022-10-04T07:36:29.631Z] > git remote --verbose [89ms]
[2022-10-04T07:36:30.819Z] > git config --get commit.template [80ms]
[2022-10-04T07:36:30.901Z] > git check-ignore -v -z --stdin [136ms]
[2022-10-04T07:36:31.073Z] > git status -z -uall [186ms]
[2022-10-04T07:36:31.104Z] > git symbolic-ref --short HEAD [9ms]
[2022-10-04T07:36:31.121Z] > git for-each-ref --format=%(refname)%00%(upstream:short)%00%(objectname)%00%(upstream:track)%00%(upstream:remotename)%00%(upstream:remoteref) refs/heads/master refs/remotes/master [1ms]
[2022-10-04T07:36:31.145Z] > git for-each-ref --sort -committerdate --format %(refname) %(objectname) %(*objectname) [13ms]
[2022-10-04T07:36:31.156Z] > git remote --verbose [12ms]
[2022-10-04T07:36:32.563Z] > git config --get commit.template [1276ms]
[2022-10-04T07:36:35.346Z] > git config --local branch.master.github-pr-owner-number [186ms]
[2022-10-04T07:37:07.221Z] > git show --textconv :ITI/experience.js [14ms]
[2022-10-04T07:37:07.223Z] > git ls-files --stage -- /home/nunoamorim/ITI/experience.js [4ms]
[2022-10-04T10:05:32.478Z] > git status -z -uall [364ms]
[2022-10-04T10:05:32.496Z] > git symbolic-ref --short HEAD [2ms]
[2022-10-04T10:05:32.538Z] > git for-each-ref --format=%(refname)%00%(upstream:short)%00%(objectname)%00%(upstream:track)%00%(upstream:remotename)%00%(upstream:remoteref) refs/heads/master refs/remotes/master [5ms]
[2022-10-04T10:05:32.595Z] > git remote --verbose [5ms]
[2022-10-04T10:05:32.595Z] > git for-each-ref --sort -committerdate --format %(refname) %(objectname) %(*objectname) [33ms]
[2022-10-04T10:05:32.702Z] > git config --get commit.template [5ms]
[2022-10-04T10:05:33.075Z] > git fetch [1020ms]
[2022-10-04T10:05:33.192Z] > git status -z -uall [103ms]
[2022-10-04T10:05:33.203Z] > git symbolic-ref --short HEAD [4ms]
[2022-10-04T10:05:33.213Z] > git for-each-ref --format=%(refname)%00%(upstream:short)%00%(objectname)%00%(upstream:track)%00%(upstream:remotename)%00%(upstream:remoteref) refs/heads/master refs/remotes/master [3ms]
[2022-10-04T10:05:33.230Z] > git for-each-ref --sort -committerdate --format %(refname) %(objectname) %(*objectname) [7ms]
[2022-10-04T10:05:33.231Z] > git remote --verbose [2ms]
[2022-10-04T10:05:33.281Z] > git config --get commit.template [1ms]
