2022-12-26 15:10:22.810 [info] Log level: Info
2022-12-26 15:10:22.810 [info] Validating found git in: "git"
2022-12-26 15:10:22.810 [info] Using git "2.25.1" from "git"
2022-12-26 15:10:22.810 [info] > git rev-parse --show-toplevel [217ms]
2022-12-26 15:10:22.810 [info] > git rev-parse --git-dir --git-common-dir [3ms]
2022-12-26 15:10:22.810 [info] Open repository: /home/nunoamorim
2022-12-26 15:10:22.908 [info] > git rev-parse --show-toplevel [156ms]
2022-12-26 15:10:22.922 [info] > git rev-parse --show-toplevel [7ms]
2022-12-26 15:10:22.931 [info] > git config --get commit.template [152ms]
2022-12-26 15:10:22.934 [info] > git rev-parse --show-toplevel [5ms]
2022-12-26 15:10:22.960 [info] > git for-each-ref --format=%(refname)%00%(upstream:short)%00%(objectname)%00%(upstream:track)%00%(upstream:remotename)%00%(upstream:remoteref) refs/heads/master refs/remotes/master [3ms]
2022-12-26 15:10:22.989 [info] > git rev-parse --show-toplevel [45ms]
2022-12-26 15:10:23.057 [info] > git for-each-ref --sort -committerdate --format %(refname) %(objectname) %(*objectname) [67ms]
2022-12-26 15:10:23.065 [info] > git rev-parse --show-toplevel [58ms]
2022-12-26 15:10:23.125 [info] > git rev-parse --show-toplevel [51ms]
2022-12-26 15:10:23.138 [info] > git rev-parse --show-toplevel [3ms]
2022-12-26 15:10:23.160 [info] > git rev-parse --git-dir --git-common-dir [7ms]
2022-12-26 15:10:23.194 [info] Open repository: /home/nunoamorim/.nvm
2022-12-26 15:10:23.450 [info] > git rev-parse --show-toplevel [242ms]
2022-12-26 15:10:23.468 [info] > git rev-parse --show-toplevel [12ms]
2022-12-26 15:10:23.479 [info] > git config --get commit.template [31ms]
2022-12-26 15:10:23.481 [info] > git rev-parse --show-toplevel [4ms]
2022-12-26 15:10:23.519 [info] > git status -z -uall [18ms]
2022-12-26 15:10:23.520 [info] > git for-each-ref --sort -committerdate --format %(refname) %(objectname) %(*objectname) [5ms]
2022-12-26 15:10:23.533 [info] > git rev-parse --show-toplevel [42ms]
2022-12-26 15:10:23.561 [info] > git config --get commit.template [6ms]
2022-12-26 15:10:23.592 [info] > git status -z -uall [619ms] (cancelled)
2022-12-26 15:10:23.592 [info] > git status -z -uall [15ms]
2022-12-26 15:10:23.602 [info] > git for-each-ref --sort -committerdate --format %(refname) %(objectname) %(*objectname) [16ms]
2022-12-26 15:10:23.739 [info] > git check-ignore -v -z --stdin [2ms]
2022-12-26 15:10:23.750 [info] > git check-ignore -v -z --stdin [27ms]
2022-12-26 15:10:24.102 [info] > git fetch [1365ms]
2022-12-26 15:10:24.118 [info] > git config --get commit.template [2ms]
2022-12-26 15:10:24.132 [info] > git for-each-ref --format=%(refname)%00%(upstream:short)%00%(objectname)%00%(upstream:track)%00%(upstream:remotename)%00%(upstream:remoteref) refs/heads/master refs/remotes/master [2ms]
2022-12-26 15:10:24.288 [info] > git show --textconv :ITI2/docker-compose.yml [110ms]
2022-12-26 15:10:24.289 [info] > git ls-files --stage -- /home/nunoamorim/ITI2/docker-compose.yml [92ms]
2022-12-26 15:10:24.293 [info] > git for-each-ref --sort -committerdate --format %(refname) %(objectname) %(*objectname) [139ms]
2022-12-26 15:10:24.534 [info] > git fetch [1340ms]
2022-12-26 15:10:24.555 [info] > git config --get commit.template [4ms]
2022-12-26 15:10:24.590 [info] > git status -z -uall [14ms]
2022-12-26 15:10:24.593 [info] > git for-each-ref --sort -committerdate --format %(refname) %(objectname) %(*objectname) [4ms]
2022-12-26 15:10:24.869 [info] > git status -z -uall [725ms] (cancelled)
2022-12-26 15:10:28.080 [info] > git check-ignore -v -z --stdin [2825ms]
2022-12-26 15:10:28.082 [info] > git check-ignore -v -z --stdin [2819ms]
2022-12-26 15:10:28.084 [info] > git config --get commit.template [219ms]
2022-12-26 15:10:28.094 [info] > git config --get commit.template [25ms]
2022-12-26 15:10:28.135 [info] > git status -z -uall [14ms]
2022-12-26 15:10:28.136 [info] > git for-each-ref --format=%(refname)%00%(upstream:short)%00%(objectname)%00%(upstream:track)%00%(upstream:remotename)%00%(upstream:remoteref) refs/heads/master refs/remotes/master [31ms]
2022-12-26 15:10:28.169 [info] > git for-each-ref --sort -committerdate --format %(refname) %(objectname) %(*objectname) [37ms]
2022-12-26 15:10:28.174 [info] > git for-each-ref --sort -committerdate --format %(refname) %(objectname) %(*objectname) [12ms]
2022-12-26 15:10:28.406 [info] > git config --local branch.master.github-pr-owner-number [157ms]
2022-12-26 15:10:28.425 [info] > git ls-files --stage -- /home/nunoamorim/ITI2/docker-compose.yml [23ms]
2022-12-26 15:10:28.523 [info] > git show --textconv :ITI2/docker-compose.yml [10ms]
2022-12-26 15:10:31.773 [info] > git status -z -uall [3625ms] (cancelled)
2022-12-26 15:14:05.742 [info] > git fetch [1195ms]
2022-12-26 15:14:05.903 [info] > git config --get commit.template [110ms]
2022-12-26 15:14:05.914 [info] > git for-each-ref --format=%(refname)%00%(upstream:short)%00%(objectname)%00%(upstream:track)%00%(upstream:remotename)%00%(upstream:remoteref) refs/heads/master refs/remotes/master [70ms]
2022-12-26 15:14:05.996 [info] > git for-each-ref --sort -committerdate --format %(refname) %(objectname) %(*objectname) [16ms]
2022-12-26 15:14:05.997 [info] > git fetch [1465ms]
2022-12-26 15:14:06.013 [info] > git ls-files --stage -- /home/nunoamorim/ITI2/docker-compose.yml [116ms]
2022-12-26 15:14:06.049 [info] > git config --get commit.template [19ms]
2022-12-26 15:14:06.076 [info] > git show --textconv :ITI2/docker-compose.yml [31ms]
2022-12-26 15:14:06.077 [info] > git status -z -uall [17ms]
2022-12-26 15:14:06.080 [info] > git for-each-ref --sort -committerdate --format %(refname) %(objectname) %(*objectname) [6ms]
2022-12-26 15:14:07.194 [info] > git config --get commit.template [4ms]
2022-12-26 15:14:07.248 [info] > git status -z -uall [26ms]
2022-12-26 15:14:07.256 [info] > git for-each-ref --sort -committerdate --format %(refname) %(objectname) %(*objectname) [11ms]
2022-12-26 15:14:07.316 [info] > git ls-files --stage -- /home/nunoamorim/ITI2/docker-compose.yml [18ms]
2022-12-26 15:14:07.391 [info] > git show --textconv :ITI2/docker-compose.yml [27ms]
2022-12-26 15:15:07.122 [info] > git status -z -uall [61176ms] (cancelled)
2022-12-26 15:15:50.660 [info] > git check-ignore -v -z --stdin [40ms]
2022-12-26 15:15:54.357 [info] > git show --textconv :ITI2/frontend/Dockerfile [20ms]
2022-12-26 15:15:54.367 [info] > git ls-files --stage -- /home/nunoamorim/ITI2/frontend/Dockerfile [15ms]
2022-12-26 15:16:20.032 [info] > git show --textconv :ITI2/frontend/server.js [19ms]
2022-12-26 15:16:20.069 [info] > git ls-files --stage -- /home/nunoamorim/ITI2/frontend/server.js [44ms]
2022-12-26 15:17:07.092 [info] > git fetch [974ms]
2022-12-26 15:17:07.132 [info] > git config --get commit.template [6ms]
2022-12-26 15:17:07.207 [info] > git status -z -uall [43ms]
2022-12-26 15:17:07.216 [info] > git for-each-ref --sort -committerdate --format %(refname) %(objectname) %(*objectname) [14ms]
2022-12-26 15:18:05.303 [info] > git fetch [701ms]
2022-12-26 15:18:05.359 [info] > git config --get commit.template [24ms]
2022-12-26 15:18:05.362 [info] > git for-each-ref --format=%(refname)%00%(upstream:short)%00%(objectname)%00%(upstream:track)%00%(upstream:remotename)%00%(upstream:remoteref) refs/heads/master refs/remotes/master [7ms]
2022-12-26 15:18:05.426 [info] > git for-each-ref --sort -committerdate --format %(refname) %(objectname) %(*objectname) [14ms]
2022-12-26 15:18:08.973 [info] > git status -z -uall [3589ms] (cancelled)
2022-12-26 15:18:09.537 [info] > git ls-files --stage -- /home/nunoamorim/ITI2/docker-compose.yml [18ms]
2022-12-26 15:18:09.541 [info] > git ls-files --stage -- /home/nunoamorim/ITI2/frontend/Dockerfile [8ms]
2022-12-26 15:18:09.565 [info] > git show --textconv :ITI2/docker-compose.yml [8ms]
2022-12-26 15:18:09.607 [info] > git show --textconv :ITI2/frontend/Dockerfile [7ms]
2022-12-26 15:20:08.255 [info] > git fetch [1009ms]
2022-12-26 15:20:08.287 [info] > git config --get commit.template [4ms]
2022-12-26 15:20:08.341 [info] > git status -z -uall [26ms]
2022-12-26 15:20:08.348 [info] > git for-each-ref --sort -committerdate --format %(refname) %(objectname) %(*objectname) [8ms]
2022-12-26 15:20:09.515 [info] > git config --get commit.template [3ms]
2022-12-26 15:20:09.562 [info] > git status -z -uall [23ms]
2022-12-26 15:20:09.565 [info] > git for-each-ref --sort -committerdate --format %(refname) %(objectname) %(*objectname) [6ms]
2022-12-26 15:21:07.491 [info] > git fetch [734ms]
2022-12-26 15:21:07.543 [info] > git config --get commit.template [26ms]
2022-12-26 15:21:07.545 [info] > git for-each-ref --format=%(refname)%00%(upstream:short)%00%(objectname)%00%(upstream:track)%00%(upstream:remotename)%00%(upstream:remoteref) refs/heads/master refs/remotes/master [5ms]
2022-12-26 15:21:07.640 [info] > git for-each-ref --sort -committerdate --format %(refname) %(objectname) %(*objectname) [29ms]
2022-12-26 15:21:08.920 [info] > git ls-files --stage -- /home/nunoamorim/ITI2/docker-compose.yml [34ms]
2022-12-26 15:21:08.947 [info] > git ls-files --stage -- /home/nunoamorim/ITI2/frontend/Dockerfile [30ms]
2022-12-26 15:21:08.952 [info] > git show --textconv :ITI2/docker-compose.yml [6ms]
2022-12-26 15:21:08.969 [info] > git show --textconv :ITI2/frontend/Dockerfile [4ms]
2022-12-26 15:21:39.469 [info] > git status -z -uall [31897ms] (cancelled)
2022-12-26 15:23:05.072 [info] > git show --textconv :ITI/server.js [25ms]
2022-12-26 15:23:05.078 [info] > git ls-files --stage -- /home/nunoamorim/ITI/server.js [12ms]
2022-12-26 15:23:05.139 [info] > git cat-file -s bfa6741355c3b27500a0d7b20273e1636b503364 [35ms]
2022-12-26 15:23:11.008 [info] > git fetch [2632ms]
2022-12-26 15:23:11.042 [info] > git config --get commit.template [5ms]
2022-12-26 15:23:11.097 [info] > git status -z -uall [32ms]
2022-12-26 15:23:11.106 [info] > git for-each-ref --sort -committerdate --format %(refname) %(objectname) %(*objectname) [10ms]
2022-12-26 15:23:12.160 [info] > git config --get commit.template [6ms]
2022-12-26 15:23:12.216 [info] > git status -z -uall [29ms]
2022-12-26 15:23:12.223 [info] > git for-each-ref --sort -committerdate --format %(refname) %(objectname) %(*objectname) [9ms]
2022-12-26 15:25:08.271 [info] > git ls-files --stage -- /home/nunoamorim/ITI2/frontend/Dockerfile [33ms]
2022-12-26 15:25:08.276 [info] > git ls-files --stage -- /home/nunoamorim/ITI2/docker-compose.yml [65ms]
2022-12-26 15:25:08.285 [info] > git ls-files --stage -- /home/nunoamorim/ITI/server.js [20ms]
2022-12-26 15:25:08.378 [info] > git show --textconv :ITI2/frontend/Dockerfile [38ms]
2022-12-26 15:25:08.385 [info] > git cat-file -s bfa6741355c3b27500a0d7b20273e1636b503364 [75ms]
2022-12-26 15:25:08.390 [info] > git show --textconv :ITI2/docker-compose.yml [19ms]
2022-12-26 15:25:08.476 [info] > git show --textconv :ITI/server.js [30ms]
2022-12-26 15:25:08.522 [info] > git fetch [1717ms]
2022-12-26 15:25:08.587 [info] > git config --get commit.template [33ms]
2022-12-26 15:25:08.590 [info] > git for-each-ref --format=%(refname)%00%(upstream:short)%00%(objectname)%00%(upstream:track)%00%(upstream:remotename)%00%(upstream:remoteref) refs/heads/master refs/remotes/master [8ms]
2022-12-26 15:25:08.699 [info] > git for-each-ref --sort -committerdate --format %(refname) %(objectname) %(*objectname) [35ms]
2022-12-26 15:25:09.995 [info] > git ls-files --stage -- /home/nunoamorim/ITI2/docker-compose.yml [15ms]
2022-12-26 15:25:10.002 [info] > git ls-files --stage -- /home/nunoamorim/ITI2/frontend/Dockerfile [9ms]
2022-12-26 15:25:10.024 [info] > git show --textconv :ITI2/docker-compose.yml [8ms]
2022-12-26 15:25:10.063 [info] > git show --textconv :ITI2/frontend/Dockerfile [15ms]
2022-12-26 15:25:21.671 [info] > git status -z -uall [13051ms] (cancelled)
2022-12-26 15:26:34.198 [info] > git fetch [2500ms]
2022-12-26 15:26:34.232 [info] > git config --get commit.template [4ms]
2022-12-26 15:26:34.285 [info] > git status -z -uall [28ms]
2022-12-26 15:26:34.291 [info] > git for-each-ref --sort -committerdate --format %(refname) %(objectname) %(*objectname) [7ms]
2022-12-26 15:26:35.447 [info] > git config --get commit.template [3ms]
2022-12-26 15:26:35.497 [info] > git status -z -uall [23ms]
2022-12-26 15:26:35.501 [info] > git for-each-ref --sort -committerdate --format %(refname) %(objectname) %(*objectname) [6ms]
2022-12-26 15:27:39.537 [info] > git show --textconv :ITI2/frontend/server.js [20ms]
2022-12-26 15:27:39.544 [info] > git ls-files --stage -- /home/nunoamorim/ITI2/frontend/server.js [8ms]
2022-12-26 15:28:20.262 [info] > git fetch [1238ms]
2022-12-26 15:28:20.296 [info] > git ls-files --stage -- /home/nunoamorim/ITI2/frontend/Dockerfile [49ms]
2022-12-26 15:28:20.298 [info] > git ls-files --stage -- /home/nunoamorim/ITI2/docker-compose.yml [66ms]
2022-12-26 15:28:20.301 [info] > git config --get commit.template [6ms]
2022-12-26 15:28:20.302 [info] > git ls-files --stage -- /home/nunoamorim/ITI2/frontend/server.js [41ms]
2022-12-26 15:28:20.365 [info] > git show --textconv :ITI2/frontend/Dockerfile [29ms]
2022-12-26 15:28:20.366 [info] > git show --textconv :ITI2/docker-compose.yml [19ms]
2022-12-26 15:28:20.367 [info] > git for-each-ref --format=%(refname)%00%(upstream:short)%00%(objectname)%00%(upstream:track)%00%(upstream:remotename)%00%(upstream:remoteref) refs/heads/master refs/remotes/master [46ms]
2022-12-26 15:28:20.410 [info] > git show --textconv :ITI2/frontend/server.js [46ms]
2022-12-26 15:28:20.414 [info] > git for-each-ref --sort -committerdate --format %(refname) %(objectname) %(*objectname) [8ms]
2022-12-26 15:28:21.425 [info] > git ls-files --stage -- /home/nunoamorim/ITI2/frontend/Dockerfile [14ms]
2022-12-26 15:28:21.426 [info] > git ls-files --stage -- /home/nunoamorim/ITI2/docker-compose.yml [30ms]
2022-12-26 15:28:21.428 [info] > git ls-files --stage -- /home/nunoamorim/ITI2/frontend/server.js [6ms]
2022-12-26 15:28:21.480 [info] > git show --textconv :ITI2/frontend/Dockerfile [28ms]
2022-12-26 15:28:21.480 [info] > git show --textconv :ITI2/docker-compose.yml [14ms]
2022-12-26 15:28:21.486 [info] > git show --textconv :ITI2/frontend/server.js [7ms]
2022-12-26 15:28:34.031 [info] > git status -z -uall [13637ms] (cancelled)
2022-12-26 15:29:36.329 [info] > git fetch [1992ms]
2022-12-26 15:29:36.376 [info] > git config --get commit.template [9ms]
2022-12-26 15:29:36.446 [info] > git status -z -uall [38ms]
2022-12-26 15:29:36.452 [info] > git for-each-ref --sort -committerdate --format %(refname) %(objectname) %(*objectname) [9ms]
2022-12-26 15:29:37.547 [info] > git config --get commit.template [9ms]
2022-12-26 15:29:37.611 [info] > git status -z -uall [30ms]
2022-12-26 15:29:37.618 [info] > git for-each-ref --sort -committerdate --format %(refname) %(objectname) %(*objectname) [10ms]
2022-12-26 15:31:32.444 [info] > git fetch [983ms]
2022-12-26 15:31:32.459 [info] > git config --get commit.template [8ms]
2022-12-26 15:31:32.460 [info] > git for-each-ref --format=%(refname)%00%(upstream:short)%00%(objectname)%00%(upstream:track)%00%(upstream:remotename)%00%(upstream:remoteref) refs/heads/master refs/remotes/master [3ms]
2022-12-26 15:31:32.475 [info] > git for-each-ref --sort -committerdate --format %(refname) %(objectname) %(*objectname) [1ms]
2022-12-26 15:31:33.661 [info] > git ls-files --stage -- /home/nunoamorim/ITI2/frontend/Dockerfile [7ms]
2022-12-26 15:31:33.662 [info] > git ls-files --stage -- /home/nunoamorim/ITI2/docker-compose.yml [17ms]
2022-12-26 15:31:33.664 [info] > git ls-files --stage -- /home/nunoamorim/ITI2/frontend/server.js [4ms]
2022-12-26 15:31:33.694 [info] > git show --textconv :ITI2/frontend/Dockerfile [21ms]
2022-12-26 15:31:33.694 [info] > git show --textconv :ITI2/docker-compose.yml [9ms]
2022-12-26 15:31:33.697 [info] > git show --textconv :ITI2/frontend/server.js [3ms]
2022-12-26 15:31:34.343 [info] > git status -z -uall [1876ms] (cancelled)
2022-12-26 15:32:38.864 [info] > git fetch [2391ms]
2022-12-26 15:32:38.873 [info] > git config --get commit.template [1ms]
2022-12-26 15:32:38.886 [info] > git status -z -uall [7ms]
2022-12-26 15:32:38.887 [info] > git for-each-ref --sort -committerdate --format %(refname) %(objectname) %(*objectname) [1ms]
2022-12-26 15:32:39.958 [info] > git config --get commit.template [2ms]
2022-12-26 15:32:39.969 [info] > git status -z -uall [5ms]
2022-12-26 15:32:39.970 [info] > git for-each-ref --sort -committerdate --format %(refname) %(objectname) %(*objectname) [1ms]
2022-12-26 15:34:42.515 [info] > git fetch [769ms]
2022-12-26 15:34:42.531 [info] > git config --get commit.template [8ms]
2022-12-26 15:34:42.532 [info] > git for-each-ref --format=%(refname)%00%(upstream:short)%00%(objectname)%00%(upstream:track)%00%(upstream:remotename)%00%(upstream:remoteref) refs/heads/master refs/remotes/master [1ms]
2022-12-26 15:34:42.547 [info] > git for-each-ref --sort -committerdate --format %(refname) %(objectname) %(*objectname) [1ms]
2022-12-26 15:34:43.218 [info] > git status -z -uall [680ms] (cancelled)
2022-12-26 15:34:44.540 [info] > git ls-files --stage -- /home/nunoamorim/ITI2/frontend/Dockerfile [8ms]
2022-12-26 15:34:44.541 [info] > git ls-files --stage -- /home/nunoamorim/ITI2/docker-compose.yml [19ms]
2022-12-26 15:34:44.543 [info] > git ls-files --stage -- /home/nunoamorim/ITI2/frontend/server.js [4ms]
2022-12-26 15:34:44.637 [info] > git show --textconv :ITI2/frontend/Dockerfile [66ms]
2022-12-26 15:34:44.637 [info] > git show --textconv :ITI2/docker-compose.yml [13ms]
2022-12-26 15:34:44.640 [info] > git show --textconv :ITI2/frontend/server.js [3ms]
2022-12-26 15:34:51.834 [info] > git show --textconv :ITI2/ficheiro.pdf [8ms]
2022-12-26 15:34:51.839 [info] > git ls-files --stage -- /home/nunoamorim/ITI2/ficheiro.pdf [5ms]
2022-12-26 15:36:26.335 [info] > git fetch [1071ms]
2022-12-26 15:36:26.350 [info] > git config --get commit.template [2ms]
2022-12-26 15:36:26.379 [info] > git status -z -uall [9ms]
2022-12-26 15:36:26.381 [info] > git for-each-ref --sort -committerdate --format %(refname) %(objectname) %(*objectname) [1ms]
2022-12-26 15:36:27.459 [info] > git config --get commit.template [1ms]
2022-12-26 15:36:27.475 [info] > git status -z -uall [8ms]
2022-12-26 15:36:27.477 [info] > git for-each-ref --sort -committerdate --format %(refname) %(objectname) %(*objectname) [2ms]
2022-12-26 15:37:43.829 [info] > git fetch [608ms]
2022-12-26 15:37:43.849 [info] > git config --get commit.template [9ms]
2022-12-26 15:37:43.850 [info] > git for-each-ref --format=%(refname)%00%(upstream:short)%00%(objectname)%00%(upstream:track)%00%(upstream:remotename)%00%(upstream:remoteref) refs/heads/master refs/remotes/master [1ms]
2022-12-26 15:37:43.870 [info] > git for-each-ref --sort -committerdate --format %(refname) %(objectname) %(*objectname) [1ms]
2022-12-26 15:37:46.053 [info] > git status -z -uall [2195ms] (cancelled)
2022-12-26 15:37:46.350 [info] > git ls-files --stage -- /home/nunoamorim/ITI2/frontend/Dockerfile [9ms]
2022-12-26 15:37:46.350 [info] > git ls-files --stage -- /home/nunoamorim/ITI2/docker-compose.yml [20ms]
2022-12-26 15:37:46.351 [info] > git ls-files --stage -- /home/nunoamorim/ITI2/frontend/server.js [2ms]
2022-12-26 15:37:46.424 [info] > git show --textconv :ITI2/frontend/Dockerfile [55ms]
2022-12-26 15:37:46.425 [info] > git show --textconv :ITI2/docker-compose.yml [23ms]
2022-12-26 15:37:46.426 [info] > git show --textconv :ITI2/frontend/server.js [2ms]
2022-12-26 15:37:48.219 [info] > git check-ignore -v -z --stdin [4ms]
2022-12-26 15:38:09.427 [info] > git check-ignore -v -z --stdin [3ms]
2022-12-26 15:39:00.175 [info] > git show --textconv :ITI2/frontend/package.json [16ms]
2022-12-26 15:39:00.177 [info] > git ls-files --stage -- /home/nunoamorim/ITI2/frontend/package.json [7ms]
2022-12-26 15:39:50.421 [info] > git fetch [812ms]
2022-12-26 15:39:50.438 [info] > git config --get commit.template [1ms]
2022-12-26 15:39:50.461 [info] > git status -z -uall [11ms]
2022-12-26 15:39:50.463 [info] > git for-each-ref --sort -committerdate --format %(refname) %(objectname) %(*objectname) [1ms]
2022-12-26 15:39:51.535 [info] > git config --get commit.template [1ms]
2022-12-26 15:39:51.552 [info] > git status -z -uall [7ms]
2022-12-26 15:39:51.553 [info] > git for-each-ref --sort -committerdate --format %(refname) %(objectname) %(*objectname) [2ms]
2022-12-26 15:40:45.627 [info] > git fetch [527ms]
2022-12-26 15:40:45.642 [info] > git config --get commit.template [7ms]
2022-12-26 15:40:45.643 [info] > git for-each-ref --format=%(refname)%00%(upstream:short)%00%(objectname)%00%(upstream:track)%00%(upstream:remotename)%00%(upstream:remoteref) refs/heads/master refs/remotes/master [1ms]
2022-12-26 15:40:45.664 [info] > git for-each-ref --sort -committerdate --format %(refname) %(objectname) %(*objectname) [1ms]
2022-12-26 15:40:46.602 [info] > git status -z -uall [951ms] (cancelled)
2022-12-26 15:40:48.077 [info] > git ls-files --stage -- /home/nunoamorim/ITI2/frontend/server.js [8ms]
2022-12-26 15:40:48.078 [info] > git ls-files --stage -- /home/nunoamorim/ITI2/frontend/Dockerfile [16ms]
2022-12-26 15:40:48.079 [info] > git ls-files --stage -- /home/nunoamorim/ITI2/docker-compose.yml [25ms]
2022-12-26 15:40:48.080 [info] > git ls-files --stage -- /home/nunoamorim/ITI2/frontend/package.json [4ms]
2022-12-26 15:40:48.131 [info] > git show --textconv :ITI2/frontend/server.js [37ms]
2022-12-26 15:40:48.131 [info] > git show --textconv :ITI2/frontend/Dockerfile [30ms]
2022-12-26 15:40:48.131 [info] > git show --textconv :ITI2/docker-compose.yml [21ms]
2022-12-26 15:40:48.137 [info] > git show --textconv :ITI2/frontend/package.json [7ms]
2022-12-26 15:41:57.518 [info] > git show --textconv :ITI2/server2.js [10ms]
2022-12-26 15:41:57.521 [info] > git ls-files --stage -- /home/nunoamorim/ITI2/server2.js [4ms]
2022-12-26 15:42:27.358 [info] > git check-ignore -v -z --stdin [4ms]
2022-12-26 15:42:33.938 [info] > git show --textconv :ITI2/frontend/www/index.html [32ms]
2022-12-26 15:42:33.939 [info] > git ls-files --stage -- /home/nunoamorim/ITI2/frontend/www/index.html [22ms]
2022-12-26 15:42:51.256 [info] > git fetch [768ms]
2022-12-26 15:42:51.272 [info] > git config --get commit.template [2ms]
2022-12-26 15:42:51.291 [info] > git status -z -uall [11ms]
2022-12-26 15:42:51.292 [info] > git for-each-ref --sort -committerdate --format %(refname) %(objectname) %(*objectname) [2ms]
2022-12-26 15:42:52.366 [info] > git config --get commit.template [2ms]
2022-12-26 15:42:52.381 [info] > git status -z -uall [8ms]
2022-12-26 15:42:52.382 [info] > git for-each-ref --sort -committerdate --format %(refname) %(objectname) %(*objectname) [1ms]
2022-12-26 15:43:02.991 [info] > git check-ignore -v -z --stdin [3ms]
2022-12-26 15:44:11.419 [info] > git fetch [473ms]
2022-12-26 15:44:11.429 [info] > git config --get commit.template [0ms]
2022-12-26 15:44:11.438 [info] > git for-each-ref --format=%(refname)%00%(upstream:short)%00%(objectname)%00%(upstream:track)%00%(upstream:remotename)%00%(upstream:remoteref) refs/heads/master refs/remotes/master [2ms]
2022-12-26 15:44:11.457 [info] > git for-each-ref --sort -committerdate --format %(refname) %(objectname) %(*objectname) [0ms]
2022-12-26 15:44:13.025 [info] > git status -z -uall [1580ms] (cancelled)
2022-12-26 15:44:13.337 [info] > git ls-files --stage -- /home/nunoamorim/ITI2/frontend/server.js [9ms]
2022-12-26 15:44:13.338 [info] > git ls-files --stage -- /home/nunoamorim/ITI2/frontend/Dockerfile [17ms]
2022-12-26 15:44:13.339 [info] > git ls-files --stage -- /home/nunoamorim/ITI2/docker-compose.yml [27ms]
2022-12-26 15:44:13.339 [info] > git ls-files --stage -- /home/nunoamorim/ITI2/frontend/www/index.html [3ms]
2022-12-26 15:44:13.379 [info] > git show --textconv :ITI2/frontend/server.js [27ms]
2022-12-26 15:44:13.380 [info] > git show --textconv :ITI2/frontend/Dockerfile [20ms]
2022-12-26 15:44:13.380 [info] > git show --textconv :ITI2/docker-compose.yml [11ms]
2022-12-26 15:44:13.381 [info] > git show --textconv :ITI2/frontend/www/index.html [2ms]
2022-12-26 15:45:25.931 [info] > git check-ignore -v -z --stdin [7ms]
2022-12-26 15:45:52.088 [info] > git fetch [781ms]
2022-12-26 15:45:52.103 [info] > git config --get commit.template [2ms]
2022-12-26 15:45:52.120 [info] > git status -z -uall [8ms]
2022-12-26 15:45:52.122 [info] > git for-each-ref --sort -committerdate --format %(refname) %(objectname) %(*objectname) [1ms]
2022-12-26 15:45:53.208 [info] > git config --get commit.template [2ms]
2022-12-26 15:45:53.222 [info] > git status -z -uall [6ms]
2022-12-26 15:45:53.222 [info] > git for-each-ref --sort -committerdate --format %(refname) %(objectname) %(*objectname) [1ms]
2022-12-26 15:47:12.617 [info] > git fetch [565ms]
2022-12-26 15:47:12.634 [info] > git config --get commit.template [8ms]
2022-12-26 15:47:12.634 [info] > git for-each-ref --format=%(refname)%00%(upstream:short)%00%(objectname)%00%(upstream:track)%00%(upstream:remotename)%00%(upstream:remoteref) refs/heads/master refs/remotes/master [1ms]
2022-12-26 15:47:12.652 [info] > git for-each-ref --sort -committerdate --format %(refname) %(objectname) %(*objectname) [1ms]
2022-12-26 15:47:13.438 [info] > git status -z -uall [797ms] (cancelled)
2022-12-26 15:47:14.712 [info] > git ls-files --stage -- /home/nunoamorim/ITI2/frontend/server.js [9ms]
2022-12-26 15:47:14.713 [info] > git ls-files --stage -- /home/nunoamorim/ITI2/frontend/Dockerfile [18ms]
2022-12-26 15:47:14.714 [info] > git ls-files --stage -- /home/nunoamorim/ITI2/docker-compose.yml [27ms]
2022-12-26 15:47:14.714 [info] > git ls-files --stage -- /home/nunoamorim/ITI2/frontend/www/index.html [3ms]
2022-12-26 15:47:14.754 [info] > git show --textconv :ITI2/frontend/server.js [27ms]
2022-12-26 15:47:14.754 [info] > git show --textconv :ITI2/frontend/Dockerfile [17ms]
2022-12-26 15:47:14.754 [info] > git show --textconv :ITI2/docker-compose.yml [9ms]
2022-12-26 15:47:14.757 [info] > git show --textconv :ITI2/frontend/www/index.html [3ms]
2022-12-26 15:58:50.494 [info] > git fetch [918ms]
2022-12-26 15:58:50.504 [info] > git config --get commit.template [1ms]
2022-12-26 15:58:50.513 [info] > git for-each-ref --format=%(refname)%00%(upstream:short)%00%(objectname)%00%(upstream:track)%00%(upstream:remotename)%00%(upstream:remoteref) refs/heads/master refs/remotes/master [1ms]
2022-12-26 15:58:50.532 [info] > git for-each-ref --sort -committerdate --format %(refname) %(objectname) %(*objectname) [1ms]
2022-12-26 15:58:50.889 [info] > git fetch [1322ms]
2022-12-26 15:58:50.900 [info] > git config --get commit.template [1ms]
2022-12-26 15:58:50.913 [info] > git status -z -uall [7ms]
2022-12-26 15:58:50.915 [info] > git for-each-ref --sort -committerdate --format %(refname) %(objectname) %(*objectname) [2ms]
2022-12-26 15:58:51.725 [info] > git status -z -uall [1205ms] (cancelled)
2022-12-26 16:01:02.016 [info] > git config --get commit.template [57ms]
2022-12-26 16:01:02.016 [info] > git ls-files --stage -- /home/nunoamorim/ITI2/frontend/server.js [18ms]
2022-12-26 16:01:02.017 [info] > git ls-files --stage -- /home/nunoamorim/ITI2/frontend/Dockerfile [34ms]
2022-12-26 16:01:02.017 [info] > git ls-files --stage -- /home/nunoamorim/ITI2/docker-compose.yml [47ms]
2022-12-26 16:01:02.033 [info] > git status -z -uall [7ms]
2022-12-26 16:01:02.034 [info] > git ls-files --stage -- /home/nunoamorim/ITI2/frontend/www/index.html [20ms]
2022-12-26 16:01:02.061 [info] > git show --textconv :ITI2/frontend/server.js [17ms]
2022-12-26 16:01:02.061 [info] > git show --textconv :ITI2/frontend/Dockerfile [10ms]
2022-12-26 16:01:02.062 [info] > git for-each-ref --sort -committerdate --format %(refname) %(objectname) %(*objectname) [29ms]
2022-12-26 16:01:02.068 [info] > git show --textconv :ITI2/docker-compose.yml [7ms]
2022-12-26 16:01:02.085 [info] > git show --textconv :ITI2/frontend/www/index.html [4ms]
2022-12-26 16:01:52.721 [info] > git fetch [1797ms]
2022-12-26 16:01:52.731 [info] > git config --get commit.template [1ms]
2022-12-26 16:01:52.747 [info] > git status -z -uall [8ms]
2022-12-26 16:01:52.748 [info] > git for-each-ref --sort -committerdate --format %(refname) %(objectname) %(*objectname) [2ms]
2022-12-26 16:01:53.565 [info] > git fetch [1821ms]
2022-12-26 16:01:53.573 [info] > git config --get commit.template [1ms]
2022-12-26 16:01:53.580 [info] > git for-each-ref --format=%(refname)%00%(upstream:short)%00%(objectname)%00%(upstream:track)%00%(upstream:remotename)%00%(upstream:remoteref) refs/heads/master refs/remotes/master [1ms]
2022-12-26 16:01:53.596 [info] > git for-each-ref --sort -committerdate --format %(refname) %(objectname) %(*objectname) [1ms]
2022-12-26 16:01:53.833 [info] > git config --get commit.template [3ms]
2022-12-26 16:01:53.852 [info] > git status -z -uall [8ms]
2022-12-26 16:01:53.853 [info] > git for-each-ref --sort -committerdate --format %(refname) %(objectname) %(*objectname) [2ms]
2022-12-26 16:01:54.792 [info] > git ls-files --stage -- /home/nunoamorim/ITI2/frontend/server.js [8ms]
2022-12-26 16:01:54.792 [info] > git ls-files --stage -- /home/nunoamorim/ITI2/frontend/Dockerfile [17ms]
2022-12-26 16:01:54.793 [info] > git ls-files --stage -- /home/nunoamorim/ITI2/docker-compose.yml [25ms]
2022-12-26 16:01:54.794 [info] > git ls-files --stage -- /home/nunoamorim/ITI2/frontend/www/index.html [4ms]
2022-12-26 16:01:54.828 [info] > git show --textconv :ITI2/frontend/server.js [23ms]
2022-12-26 16:01:54.828 [info] > git show --textconv :ITI2/frontend/Dockerfile [15ms]
2022-12-26 16:01:54.828 [info] > git show --textconv :ITI2/docker-compose.yml [8ms]
2022-12-26 16:01:54.831 [info] > git show --textconv :ITI2/frontend/www/index.html [3ms]
2022-12-26 16:02:03.225 [info] > git status -z -uall [9639ms] (cancelled)
2022-12-26 16:04:54.071 [info] > git fetch [1302ms]
2022-12-26 16:04:54.084 [info] > git config --get commit.template [1ms]
2022-12-26 16:04:54.099 [info] > git status -z -uall [8ms]
2022-12-26 16:04:54.100 [info] > git for-each-ref --sort -committerdate --format %(refname) %(objectname) %(*objectname) [1ms]
2022-12-26 16:04:55.195 [info] > git config --get commit.template [0ms]
2022-12-26 16:04:55.208 [info] > git status -z -uall [6ms]
2022-12-26 16:04:55.209 [info] > git for-each-ref --sort -committerdate --format %(refname) %(objectname) %(*objectname) [1ms]
2022-12-26 16:05:03.925 [info] > git fetch [693ms]
2022-12-26 16:05:03.943 [info] > git config --get commit.template [8ms]
2022-12-26 16:05:03.944 [info] > git for-each-ref --format=%(refname)%00%(upstream:short)%00%(objectname)%00%(upstream:track)%00%(upstream:remotename)%00%(upstream:remoteref) refs/heads/master refs/remotes/master [1ms]
2022-12-26 16:05:03.960 [info] > git for-each-ref --sort -committerdate --format %(refname) %(objectname) %(*objectname) [2ms]
2022-12-26 16:05:05.204 [info] > git ls-files --stage -- /home/nunoamorim/ITI2/frontend/server.js [7ms]
2022-12-26 16:05:05.206 [info] > git ls-files --stage -- /home/nunoamorim/ITI2/frontend/Dockerfile [16ms]
2022-12-26 16:05:05.206 [info] > git ls-files --stage -- /home/nunoamorim/ITI2/docker-compose.yml [23ms]
2022-12-26 16:05:05.207 [info] > git ls-files --stage -- /home/nunoamorim/ITI2/frontend/www/index.html [4ms]
2022-12-26 16:05:05.290 [info] > git show --textconv :ITI2/frontend/server.js [23ms]
2022-12-26 16:05:05.290 [info] > git show --textconv :ITI2/frontend/Dockerfile [16ms]
2022-12-26 16:05:05.290 [info] > git show --textconv :ITI2/docker-compose.yml [9ms]
2022-12-26 16:05:05.292 [info] > git show --textconv :ITI2/frontend/www/index.html [3ms]
2022-12-26 16:05:06.472 [info] > git status -z -uall [2522ms] (cancelled)
2022-12-26 16:07:55.519 [info] > git fetch [1396ms]
2022-12-26 16:07:55.530 [info] > git config --get commit.template [1ms]
2022-12-26 16:07:55.544 [info] > git status -z -uall [8ms]
2022-12-26 16:07:55.545 [info] > git for-each-ref --sort -committerdate --format %(refname) %(objectname) %(*objectname) [2ms]
2022-12-26 16:07:56.614 [info] > git config --get commit.template [2ms]
2022-12-26 16:07:56.634 [info] > git status -z -uall [11ms]
2022-12-26 16:07:56.635 [info] > git for-each-ref --sort -committerdate --format %(refname) %(objectname) %(*objectname) [1ms]
2022-12-26 16:08:06.690 [info] > git ls-files --stage -- /home/nunoamorim/ITI2/frontend/server.js [9ms]
2022-12-26 16:08:06.691 [info] > git ls-files --stage -- /home/nunoamorim/ITI2/frontend/Dockerfile [16ms]
2022-12-26 16:08:06.693 [info] > git ls-files --stage -- /home/nunoamorim/ITI2/docker-compose.yml [25ms]
2022-12-26 16:08:06.694 [info] > git ls-files --stage -- /home/nunoamorim/ITI2/frontend/www/index.html [5ms]
2022-12-26 16:08:06.732 [info] > git show --textconv :ITI2/frontend/server.js [26ms]
2022-12-26 16:08:06.732 [info] > git show --textconv :ITI2/frontend/Dockerfile [18ms]
2022-12-26 16:08:06.732 [info] > git show --textconv :ITI2/docker-compose.yml [9ms]
2022-12-26 16:08:06.734 [info] > git show --textconv :ITI2/frontend/www/index.html [2ms]
2022-12-26 16:08:07.117 [info] > git fetch [1629ms]
2022-12-26 16:08:07.135 [info] > git config --get commit.template [8ms]
2022-12-26 16:08:07.135 [info] > git for-each-ref --format=%(refname)%00%(upstream:short)%00%(objectname)%00%(upstream:track)%00%(upstream:remotename)%00%(upstream:remoteref) refs/heads/master refs/remotes/master [1ms]
2022-12-26 16:08:07.151 [info] > git for-each-ref --sort -committerdate --format %(refname) %(objectname) %(*objectname) [1ms]
2022-12-26 16:08:08.075 [info] > git status -z -uall [933ms] (cancelled)
2022-12-26 16:08:09.310 [info] > git ls-files --stage -- /home/nunoamorim/ITI2/frontend/server.js [8ms]
2022-12-26 16:08:09.311 [info] > git ls-files --stage -- /home/nunoamorim/ITI2/frontend/Dockerfile [17ms]
2022-12-26 16:08:09.311 [info] > git ls-files --stage -- /home/nunoamorim/ITI2/docker-compose.yml [25ms]
2022-12-26 16:08:09.312 [info] > git ls-files --stage -- /home/nunoamorim/ITI2/frontend/www/index.html [3ms]
2022-12-26 16:08:09.347 [info] > git show --textconv :ITI2/frontend/server.js [24ms]
2022-12-26 16:08:09.347 [info] > git show --textconv :ITI2/frontend/Dockerfile [17ms]
2022-12-26 16:08:09.347 [info] > git show --textconv :ITI2/docker-compose.yml [9ms]
2022-12-26 16:08:09.350 [info] > git show --textconv :ITI2/frontend/www/index.html [4ms]
2022-12-26 16:11:01.111 [info] > git fetch [5551ms]
2022-12-26 16:11:01.124 [info] > git config --get commit.template [1ms]
2022-12-26 16:11:01.141 [info] > git status -z -uall [8ms]
2022-12-26 16:11:01.143 [info] > git for-each-ref --sort -committerdate --format %(refname) %(objectname) %(*objectname) [3ms]
2022-12-26 16:11:02.242 [info] > git config --get commit.template [2ms]
2022-12-26 16:11:02.260 [info] > git status -z -uall [8ms]
2022-12-26 16:11:02.260 [info] > git for-each-ref --sort -committerdate --format %(refname) %(objectname) %(*objectname) [1ms]
2022-12-26 16:11:08.671 [info] > git fetch [583ms]
2022-12-26 16:11:08.686 [info] > git config --get commit.template [7ms]
2022-12-26 16:11:08.686 [info] > git for-each-ref --format=%(refname)%00%(upstream:short)%00%(objectname)%00%(upstream:track)%00%(upstream:remotename)%00%(upstream:remoteref) refs/heads/master refs/remotes/master [1ms]
2022-12-26 16:11:08.703 [info] > git for-each-ref --sort -committerdate --format %(refname) %(objectname) %(*objectname) [1ms]
2022-12-26 16:11:09.676 [info] > git status -z -uall [983ms] (cancelled)
2022-12-26 16:11:10.907 [info] > git ls-files --stage -- /home/nunoamorim/ITI2/docker-compose.yml [32ms]
2022-12-26 16:11:10.908 [info] > git ls-files --stage -- /home/nunoamorim/ITI2/frontend/server.js [14ms]
2022-12-26 16:11:10.908 [info] > git ls-files --stage -- /home/nunoamorim/ITI2/frontend/www/index.html [4ms]
2022-12-26 16:11:10.913 [info] > git ls-files --stage -- /home/nunoamorim/ITI2/frontend/Dockerfile [29ms]
2022-12-26 16:11:10.939 [info] > git show --textconv :ITI2/docker-compose.yml [17ms]
2022-12-26 16:11:10.939 [info] > git show --textconv :ITI2/frontend/server.js [9ms]
2022-12-26 16:11:10.942 [info] > git show --textconv :ITI2/frontend/www/index.html [3ms]
2022-12-26 16:11:10.953 [info] > git show --textconv :ITI2/frontend/Dockerfile [3ms]
2022-12-26 16:14:02.074 [info] > git fetch [920ms]
2022-12-26 16:14:02.085 [info] > git config --get commit.template [1ms]
2022-12-26 16:14:02.101 [info] > git status -z -uall [10ms]
2022-12-26 16:14:02.102 [info] > git for-each-ref --sort -committerdate --format %(refname) %(objectname) %(*objectname) [2ms]
2022-12-26 16:14:03.171 [info] > git config --get commit.template [2ms]
2022-12-26 16:14:03.193 [info] > git status -z -uall [9ms]
2022-12-26 16:14:03.193 [info] > git for-each-ref --sort -committerdate --format %(refname) %(objectname) %(*objectname) [2ms]
2022-12-26 16:14:10.684 [info] > git fetch [997ms]
2022-12-26 16:14:10.695 [info] > git config --get commit.template [1ms]
2022-12-26 16:14:10.703 [info] > git for-each-ref --format=%(refname)%00%(upstream:short)%00%(objectname)%00%(upstream:track)%00%(upstream:remotename)%00%(upstream:remoteref) refs/heads/master refs/remotes/master [1ms]
2022-12-26 16:14:10.726 [info] > git for-each-ref --sort -committerdate --format %(refname) %(objectname) %(*objectname) [1ms]
2022-12-26 16:14:13.026 [info] > git status -z -uall [2315ms] (cancelled)
2022-12-26 16:14:13.452 [info] > git ls-files --stage -- /home/nunoamorim/ITI2/frontend/server.js [12ms]
2022-12-26 16:14:13.453 [info] > git ls-files --stage -- /home/nunoamorim/ITI2/frontend/Dockerfile [24ms]
2022-12-26 16:14:13.454 [info] > git ls-files --stage -- /home/nunoamorim/ITI2/docker-compose.yml [37ms]
2022-12-26 16:14:13.456 [info] > git ls-files --stage -- /home/nunoamorim/ITI2/frontend/www/index.html [5ms]
2022-12-26 16:14:13.503 [info] > git show --textconv :ITI2/frontend/server.js [33ms]
2022-12-26 16:14:13.503 [info] > git show --textconv :ITI2/frontend/Dockerfile [22ms]
2022-12-26 16:14:13.503 [info] > git show --textconv :ITI2/docker-compose.yml [12ms]
2022-12-26 16:14:13.510 [info] > git show --textconv :ITI2/frontend/www/index.html [8ms]
2022-12-26 16:17:51.146 [info] > git fetch [463ms]
2022-12-26 16:17:51.163 [info] > git config --get commit.template [0ms]
2022-12-26 16:17:51.170 [info] > git for-each-ref --format=%(refname)%00%(upstream:short)%00%(objectname)%00%(upstream:track)%00%(upstream:remotename)%00%(upstream:remoteref) refs/heads/master refs/remotes/master [1ms]
2022-12-26 16:17:51.188 [info] > git for-each-ref --sort -committerdate --format %(refname) %(objectname) %(*objectname) [1ms]
2022-12-26 16:17:51.415 [info] > git fetch [744ms]
2022-12-26 16:17:51.425 [info] > git config --get commit.template [1ms]
2022-12-26 16:17:51.442 [info] > git status -z -uall [9ms]
2022-12-26 16:17:51.443 [info] > git for-each-ref --sort -committerdate --format %(refname) %(objectname) %(*objectname) [1ms]
2022-12-26 16:17:52.514 [info] > git config --get commit.template [1ms]
2022-12-26 16:17:52.528 [info] > git status -z -uall [7ms]
2022-12-26 16:17:52.529 [info] > git for-each-ref --sort -committerdate --format %(refname) %(objectname) %(*objectname) [2ms]
2022-12-26 16:17:52.697 [info] > git status -z -uall [1520ms] (cancelled)
2022-12-26 16:17:53.775 [info] > git ls-files --stage -- /home/nunoamorim/ITI2/frontend/www/index.html [21ms]
2022-12-26 16:17:53.792 [info] > git ls-files --stage -- /home/nunoamorim/ITI2/frontend/server.js [48ms]
2022-12-26 16:17:53.793 [info] > git ls-files --stage -- /home/nunoamorim/ITI2/frontend/Dockerfile [61ms]
2022-12-26 16:17:53.793 [info] > git ls-files --stage -- /home/nunoamorim/ITI2/docker-compose.yml [71ms]
2022-12-26 16:17:54.183 [info] > git show --textconv :ITI2/frontend/www/index.html [53ms]
2022-12-26 16:17:54.183 [info] > git show --textconv :ITI2/frontend/server.js [33ms]
2022-12-26 16:17:54.183 [info] > git show --textconv :ITI2/frontend/Dockerfile [13ms]
2022-12-26 16:17:54.185 [info] > git show --textconv :ITI2/docker-compose.yml [4ms]
2022-12-26 16:21:45.574 [info] > git fetch [492ms]
2022-12-26 16:21:45.591 [info] > git config --get commit.template [7ms]
2022-12-26 16:21:45.591 [info] > git for-each-ref --format=%(refname)%00%(upstream:short)%00%(objectname)%00%(upstream:track)%00%(upstream:remotename)%00%(upstream:remoteref) refs/heads/master refs/remotes/master [2ms]
2022-12-26 16:21:45.609 [info] > git for-each-ref --sort -committerdate --format %(refname) %(objectname) %(*objectname) [1ms]
2022-12-26 16:21:45.835 [info] > git fetch [762ms]
2022-12-26 16:21:45.848 [info] > git config --get commit.template [1ms]
2022-12-26 16:21:45.865 [info] > git status -z -uall [7ms]
2022-12-26 16:21:45.866 [info] > git for-each-ref --sort -committerdate --format %(refname) %(objectname) %(*objectname) [1ms]
2022-12-26 16:21:49.714 [info] > git status -z -uall [4116ms] (cancelled)
2022-12-26 16:23:39.414 [info] > git ls-files --stage -- /home/nunoamorim/ITI2/frontend/server.js [15ms]
2022-12-26 16:23:39.417 [info] > git ls-files --stage -- /home/nunoamorim/ITI2/frontend/Dockerfile [31ms]
2022-12-26 16:23:39.418 [info] > git ls-files --stage -- /home/nunoamorim/ITI2/docker-compose.yml [52ms]
2022-12-26 16:23:39.420 [info] > git config --get commit.template [64ms]
2022-12-26 16:23:39.442 [info] > git status -z -uall [10ms]
2022-12-26 16:23:39.442 [info] > git ls-files --stage -- /home/nunoamorim/ITI2/frontend/www/index.html [31ms]
2022-12-26 16:23:39.465 [info] > git show --textconv :ITI2/frontend/server.js [16ms]
2022-12-26 16:23:39.465 [info] > git show --textconv :ITI2/frontend/Dockerfile [8ms]
2022-12-26 16:23:39.466 [info] > git for-each-ref --sort -committerdate --format %(refname) %(objectname) %(*objectname) [24ms]
2022-12-26 16:23:39.468 [info] > git show --textconv :ITI2/docker-compose.yml [3ms]
2022-12-26 16:23:39.483 [info] > git show --textconv :ITI2/frontend/www/index.html [3ms]
2022-12-26 16:25:07.786 [info] > git fetch [548ms]
2022-12-26 16:25:07.797 [info] > git config --get commit.template [1ms]
2022-12-26 16:25:07.805 [info] > git for-each-ref --format=%(refname)%00%(upstream:short)%00%(objectname)%00%(upstream:track)%00%(upstream:remotename)%00%(upstream:remoteref) refs/heads/master refs/remotes/master [1ms]
2022-12-26 16:25:07.825 [info] > git for-each-ref --sort -committerdate --format %(refname) %(objectname) %(*objectname) [1ms]
2022-12-26 16:25:08.141 [info] > git fetch [922ms]
2022-12-26 16:25:08.151 [info] > git config --get commit.template [1ms]
2022-12-26 16:25:08.167 [info] > git status -z -uall [8ms]
2022-12-26 16:25:08.168 [info] > git for-each-ref --sort -committerdate --format %(refname) %(objectname) %(*objectname) [2ms]
2022-12-26 16:25:08.869 [info] > git status -z -uall [1055ms] (cancelled)
2022-12-26 16:25:10.043 [info] > git config --get commit.template [10ms]
2022-12-26 16:25:10.081 [info] > git status -z -uall [18ms]
2022-12-26 16:25:10.084 [info] > git for-each-ref --sort -committerdate --format %(refname) %(objectname) %(*objectname) [4ms]
2022-12-26 16:25:10.340 [info] > git ls-files --stage -- /home/nunoamorim/ITI2/frontend/server.js [10ms]
2022-12-26 16:25:10.341 [info] > git ls-files --stage -- /home/nunoamorim/ITI2/frontend/Dockerfile [22ms]
2022-12-26 16:25:10.341 [info] > git ls-files --stage -- /home/nunoamorim/ITI2/docker-compose.yml [34ms]
2022-12-26 16:25:10.342 [info] > git ls-files --stage -- /home/nunoamorim/ITI2/frontend/www/index.html [4ms]
2022-12-26 16:25:10.382 [info] > git show --textconv :ITI2/frontend/server.js [27ms]
2022-12-26 16:25:10.382 [info] > git show --textconv :ITI2/frontend/Dockerfile [19ms]
2022-12-26 16:25:10.382 [info] > git show --textconv :ITI2/docker-compose.yml [10ms]
2022-12-26 16:25:10.385 [info] > git show --textconv :ITI2/frontend/www/index.html [4ms]
2022-12-26 16:28:12.944 [info] > git fetch [542ms]
2022-12-26 16:28:12.963 [info] > git config --get commit.template [8ms]
2022-12-26 16:28:12.963 [info] > git for-each-ref --format=%(refname)%00%(upstream:short)%00%(objectname)%00%(upstream:track)%00%(upstream:remotename)%00%(upstream:remoteref) refs/heads/master refs/remotes/master [1ms]
2022-12-26 16:28:12.985 [info] > git for-each-ref --sort -committerdate --format %(refname) %(objectname) %(*objectname) [1ms]
2022-12-26 16:28:13.309 [info] > git fetch [922ms]
2022-12-26 16:28:13.320 [info] > git config --get commit.template [1ms]
2022-12-26 16:28:13.340 [info] > git status -z -uall [13ms]
2022-12-26 16:28:13.343 [info] > git for-each-ref --sort -committerdate --format %(refname) %(objectname) %(*objectname) [3ms]
2022-12-26 16:28:14.431 [info] > git config --get commit.template [1ms]
2022-12-26 16:28:14.448 [info] > git status -z -uall [8ms]
2022-12-26 16:28:14.449 [info] > git for-each-ref --sort -committerdate --format %(refname) %(objectname) %(*objectname) [2ms]
2022-12-26 16:28:14.581 [info] > git ls-files --stage -- /home/nunoamorim/ITI2/frontend/server.js [9ms]
2022-12-26 16:28:14.583 [info] > git ls-files --stage -- /home/nunoamorim/ITI2/frontend/Dockerfile [20ms]
2022-12-26 16:28:14.584 [info] > git ls-files --stage -- /home/nunoamorim/ITI2/docker-compose.yml [31ms]
2022-12-26 16:28:14.585 [info] > git ls-files --stage -- /home/nunoamorim/ITI2/frontend/www/index.html [5ms]
2022-12-26 16:28:14.637 [info] > git show --textconv :ITI2/frontend/server.js [41ms]
2022-12-26 16:28:14.637 [info] > git show --textconv :ITI2/frontend/Dockerfile [31ms]
2022-12-26 16:28:14.637 [info] > git show --textconv :ITI2/docker-compose.yml [23ms]
2022-12-26 16:28:14.641 [info] > git show --textconv :ITI2/frontend/www/index.html [5ms]
2022-12-26 16:28:17.096 [info] > git status -z -uall [4123ms] (cancelled)
2022-12-26 16:33:27.727 [info] > git fetch [903ms]
2022-12-26 16:33:27.744 [info] > git config --get commit.template [8ms]
2022-12-26 16:33:27.745 [info] > git for-each-ref --format=%(refname)%00%(upstream:short)%00%(objectname)%00%(upstream:track)%00%(upstream:remotename)%00%(upstream:remoteref) refs/heads/master refs/remotes/master [2ms]
2022-12-26 16:33:27.763 [info] > git for-each-ref --sort -committerdate --format %(refname) %(objectname) %(*objectname) [1ms]
2022-12-26 16:33:28.402 [info] > git fetch [1592ms]
2022-12-26 16:33:28.413 [info] > git config --get commit.template [0ms]
2022-12-26 16:33:28.428 [info] > git status -z -uall [7ms]
2022-12-26 16:33:28.429 [info] > git for-each-ref --sort -committerdate --format %(refname) %(objectname) %(*objectname) [1ms]
2022-12-26 16:33:49.025 [info] > git status -z -uall [21273ms] (cancelled)
2022-12-26 16:35:09.537 [info] > git config --get commit.template [44ms]
2022-12-26 16:35:09.537 [info] > git ls-files --stage -- /home/nunoamorim/ITI2/frontend/server.js [12ms]
2022-12-26 16:35:09.538 [info] > git ls-files --stage -- /home/nunoamorim/ITI2/frontend/Dockerfile [23ms]
2022-12-26 16:35:09.538 [info] > git ls-files --stage -- /home/nunoamorim/ITI2/docker-compose.yml [35ms]
2022-12-26 16:35:09.563 [info] > git status -z -uall [16ms]
2022-12-26 16:35:09.564 [info] > git ls-files --stage -- /home/nunoamorim/ITI2/frontend/www/index.html [28ms]
2022-12-26 16:35:09.565 [info] > git for-each-ref --sort -committerdate --format %(refname) %(objectname) %(*objectname) [1ms]
2022-12-26 16:35:09.603 [info] > git show --textconv :ITI2/frontend/server.js [29ms]
2022-12-26 16:35:09.603 [info] > git show --textconv :ITI2/frontend/Dockerfile [19ms]
2022-12-26 16:35:09.603 [info] > git show --textconv :ITI2/docker-compose.yml [10ms]
2022-12-26 16:35:09.605 [info] > git show --textconv :ITI2/frontend/www/index.html [3ms]
2022-12-26 16:36:31.643 [info] > git fetch [979ms]
2022-12-26 16:36:31.652 [info] > git config --get commit.template [1ms]
2022-12-26 16:36:31.666 [info] > git status -z -uall [7ms]
2022-12-26 16:36:31.668 [info] > git for-each-ref --sort -committerdate --format %(refname) %(objectname) %(*objectname) [2ms]
2022-12-26 16:36:32.734 [info] > git config --get commit.template [1ms]
2022-12-26 16:36:32.747 [info] > git status -z -uall [6ms]
2022-12-26 16:36:32.748 [info] > git for-each-ref --sort -committerdate --format %(refname) %(objectname) %(*objectname) [1ms]
2022-12-26 16:37:09.868 [info] > git fetch [1084ms]
2022-12-26 16:37:09.876 [info] > git config --get commit.template [1ms]
2022-12-26 16:37:09.884 [info] > git for-each-ref --format=%(refname)%00%(upstream:short)%00%(objectname)%00%(upstream:track)%00%(upstream:remotename)%00%(upstream:remoteref) refs/heads/master refs/remotes/master [1ms]
2022-12-26 16:37:09.901 [info] > git for-each-ref --sort -committerdate --format %(refname) %(objectname) %(*objectname) [1ms]
2022-12-26 16:37:09.996 [info] > git ls-files --stage -- /home/nunoamorim/ITI2/frontend/server.js [17ms]
2022-12-26 16:37:09.997 [info] > git ls-files --stage -- /home/nunoamorim/ITI2/frontend/Dockerfile [26ms]
2022-12-26 16:37:09.997 [info] > git ls-files --stage -- /home/nunoamorim/ITI2/docker-compose.yml [36ms]
2022-12-26 16:37:09.998 [info] > git ls-files --stage -- /home/nunoamorim/ITI2/frontend/www/index.html [5ms]
2022-12-26 16:37:10.037 [info] > git show --textconv :ITI2/frontend/server.js [25ms]
2022-12-26 16:37:10.038 [info] > git show --textconv :ITI2/frontend/Dockerfile [18ms]
2022-12-26 16:37:10.038 [info] > git show --textconv :ITI2/docker-compose.yml [10ms]
2022-12-26 16:37:10.040 [info] > git show --textconv :ITI2/frontend/www/index.html [2ms]
2022-12-26 16:37:11.130 [info] > git ls-files --stage -- /home/nunoamorim/ITI2/frontend/server.js [9ms]
2022-12-26 16:37:11.131 [info] > git ls-files --stage -- /home/nunoamorim/ITI2/frontend/Dockerfile [16ms]
2022-12-26 16:37:11.136 [info] > git ls-files --stage -- /home/nunoamorim/ITI2/docker-compose.yml [29ms]
2022-12-26 16:37:11.137 [info] > git ls-files --stage -- /home/nunoamorim/ITI2/frontend/www/index.html [9ms]
2022-12-26 16:37:11.169 [info] > git show --textconv :ITI2/frontend/server.js [21ms]
2022-12-26 16:37:11.169 [info] > git show --textconv :ITI2/frontend/Dockerfile [15ms]
2022-12-26 16:37:11.169 [info] > git show --textconv :ITI2/docker-compose.yml [9ms]
2022-12-26 16:37:11.172 [info] > git show --textconv :ITI2/frontend/www/index.html [3ms]
2022-12-26 16:37:11.295 [info] > git status -z -uall [1404ms] (cancelled)
