2022-12-26 15:10:20.458 [info] Extension host with pid 29952 started
2022-12-26 15:10:20.506 [info] Lock '/home/nunoamorim/.vscode-server/data/User/workspaceStorage/a9f5109e99d391079f85d3e92812567a/vscode.lock': Lock acquired.
2022-12-26 15:10:20.675 [info] ExtensionService#_doActivateExtension ms-azuretools.vscode-docker, startup: false, activationEvent: 'onLanguage:dockercompose'
2022-12-26 15:10:20.678 [info] ExtensionService#_doActivateExtension vscode.git-base, startup: true, activationEvent: '*', root cause: vscode.git
2022-12-26 15:10:20.679 [info] ExtensionService#_doActivateExtension Blackboxapp.blackbox, startup: true, activationEvent: '*'
2022-12-26 15:10:21.702 [info] ExtensionService#_doActivateExtension vscode.git, startup: true, activationEvent: '*'
2022-12-26 15:10:21.703 [info] ExtensionService#_doActivateExtension vscode.github, startup: true, activationEvent: '*'
2022-12-26 15:10:22.444 [info] ExtensionService#_doActivateExtension vscode.debug-auto-launch, startup: false, activationEvent: 'onStartupFinished'
2022-12-26 15:10:22.446 [info] ExtensionService#_doActivateExtension vscode.emmet, startup: false, activationEvent: 'onStartupFinished'
2022-12-26 15:10:22.448 [info] ExtensionService#_doActivateExtension vscode.merge-conflict, startup: false, activationEvent: 'onStartupFinished'
2022-12-26 15:10:22.449 [info] ExtensionService#_doActivateExtension ritwickdey.LiveServer, startup: false, activationEvent: 'onStartupFinished'
2022-12-26 15:10:22.451 [info] Eager extensions activated
2022-12-26 15:10:23.222 [info] ExtensionService#_doActivateExtension GitHub.vscode-pull-request-github, startup: false, activationEvent: 'onStartupFinished'
2022-12-26 15:10:25.202 [warning] [Decorations] CAPPING events from decorations provider vscode.git 10000
2022-12-26 15:10:28.720 [warning] [Decorations] CAPPING events from decorations provider vscode.git 10004
2022-12-26 15:10:31.691 [warning] [Decorations] CAPPING events from decorations provider vscode.git 10003
2022-12-26 15:15:04.540 [warning] [Decorations] CAPPING events from decorations provider vscode.git 10003
2022-12-26 15:16:19.015 [info] ExtensionService#_doActivateExtension vscode.typescript-language-features, startup: false, activationEvent: 'onLanguage:javascript'
2022-12-26 15:18:06.672 [warning] [Decorations] CAPPING events from decorations provider vscode.git 10002
2022-12-26 15:21:36.320 [warning] [Decorations] CAPPING events from decorations provider vscode.git 10000
2022-12-26 15:25:18.951 [warning] [Decorations] CAPPING events from decorations provider vscode.git 10000
2022-12-26 15:28:31.427 [warning] [Decorations] CAPPING events from decorations provider vscode.git 10001
2022-12-26 15:31:34.308 [warning] [Decorations] CAPPING events from decorations provider vscode.git 10000
2022-12-26 15:34:43.198 [warning] [Decorations] CAPPING events from decorations provider vscode.git 10001
2022-12-26 15:37:45.064 [warning] [Decorations] CAPPING events from decorations provider vscode.git 10001
2022-12-26 15:38:59.832 [info] ExtensionService#_doActivateExtension vscode.configuration-editing, startup: false, activationEvent: 'onLanguage:json'
2022-12-26 15:38:59.833 [info] ExtensionService#_doActivateExtension vscode.extension-editing, startup: false, activationEvent: 'onLanguage:json'
2022-12-26 15:38:59.834 [info] ExtensionService#_doActivateExtension vscode.json-language-features, startup: false, activationEvent: 'onLanguage:json'
2022-12-26 15:38:59.834 [info] ExtensionService#_doActivateExtension vscode.npm, startup: false, activationEvent: 'onLanguage:json'
2022-12-26 15:40:46.584 [warning] [Decorations] CAPPING events from decorations provider vscode.git 10001
2022-12-26 15:42:33.508 [info] ExtensionService#_doActivateExtension vscode.html-language-features, startup: false, activationEvent: 'onLanguage:html'
2022-12-26 15:44:12.025 [warning] [Decorations] CAPPING events from decorations provider vscode.git 10002
2022-12-26 15:47:13.424 [warning] [Decorations] CAPPING events from decorations provider vscode.git 10000
2022-12-26 15:58:51.707 [warning] [Decorations] CAPPING events from decorations provider vscode.git 10000
2022-12-26 16:02:03.207 [warning] [Decorations] CAPPING events from decorations provider vscode.git 10001
2022-12-26 16:05:05.450 [warning] [Decorations] CAPPING events from decorations provider vscode.git 10002
2022-12-26 16:08:08.055 [warning] [Decorations] CAPPING events from decorations provider vscode.git 10002
2022-12-26 16:11:09.661 [warning] [Decorations] CAPPING events from decorations provider vscode.git 10000
2022-12-26 16:14:11.700 [warning] [Decorations] CAPPING events from decorations provider vscode.git 10000
2022-12-26 16:17:52.663 [warning] [Decorations] CAPPING events from decorations provider vscode.git 10000
2022-12-26 16:21:49.697 [warning] [Decorations] CAPPING events from decorations provider vscode.git 10000
2022-12-26 16:25:08.853 [warning] [Decorations] CAPPING events from decorations provider vscode.git 10000
2022-12-26 16:28:17.083 [warning] [Decorations] CAPPING events from decorations provider vscode.git 10001
2022-12-26 16:33:49.008 [warning] [Decorations] CAPPING events from decorations provider vscode.git 10002
2022-12-26 16:37:11.278 [warning] [Decorations] CAPPING events from decorations provider vscode.git 10002
2022-12-26 16:37:56.326 [info] Extension host terminating: received terminate message from renderer
2022-12-26 16:37:56.327 [info] Lock '/home/nunoamorim/.vscode-server/data/User/workspaceStorage/a9f5109e99d391079f85d3e92812567a/vscode.lock': Marking the lockfile as scheduled to be released in 6000 ms.
2022-12-26 16:37:56.610 [info] Extension host with pid 29952 exiting with code 0
