0 verbose cli /home/nunoamorim/.nvm/versions/node/v16.17.1/bin/node /home/nunoamorim/.nvm/versions/node/v16.17.1/bin/npm
1 info using npm@8.15.0
2 info using node@v16.17.1
3 timing npm:load:whichnode Completed in 2ms
4 timing config:load:defaults Completed in 6ms
5 timing config:load:file:/home/nunoamorim/.nvm/versions/node/v16.17.1/lib/node_modules/npm/npmrc Completed in 4ms
6 timing config:load:builtin Completed in 4ms
7 timing config:load:cli Completed in 4ms
8 timing config:load:env Completed in 1ms
9 timing config:load:file:/home/nunoamorim/.cache/typescript/4.8/.npmrc Completed in 0ms
10 timing config:load:project Completed in 38ms
11 timing config:load:file:/home/nunoamorim/.npmrc Completed in 0ms
12 timing config:load:user Completed in 0ms
13 timing config:load:file:/home/nunoamorim/.nvm/versions/node/v16.17.1/etc/npmrc Completed in 1ms
14 timing config:load:global Completed in 1ms
15 timing config:load:validate Completed in 0ms
16 timing config:load:credentials Completed in 4ms
17 timing config:load:setEnvs Completed in 1ms
18 timing config:load Completed in 61ms
19 timing npm:load:configload Completed in 65ms
20 timing npm:load:mkdirpcache Completed in 6ms
21 timing npm:load:mkdirplogs Completed in 3ms
22 verbose title npm install types-registry@latest
23 verbose argv "install" "--ignore-scripts" "types-registry@latest"
24 timing npm:load:setTitle Completed in 2ms
25 timing config:load:flatten Completed in 10ms
26 timing npm:load:display Completed in 12ms
27 verbose logfile logs-max:10 dir:/home/nunoamorim/.npm/_logs
28 verbose logfile /home/nunoamorim/.npm/_logs/2022-10-04T07_36_33_054Z-debug-0.log
29 timing npm:load:logFile Completed in 17ms
30 timing npm:load:timers Completed in 0ms
31 timing npm:load:configScope Completed in 0ms
32 timing npm:load Completed in 111ms
33 timing arborist:ctor Completed in 1ms
34 silly logfile done cleaning log files
35 timing idealTree:init Completed in 124ms
36 timing arborist:ctor Completed in 0ms
37 http fetch GET 200 https://registry.npmjs.org/types-registry 461ms (cache revalidated)
38 timing idealTree:userRequests Completed in 485ms
39 silly idealTree buildDeps
40 silly fetch manifest types-registry@0.1.612
41 silly placeDep ROOT types-registry@0.1.612 REPLACE for:  want: 0.1.612
42 timing idealTree:#root Completed in 43ms
43 timing idealTree:node_modules/types-registry Completed in 0ms
44 timing idealTree:buildDeps Completed in 45ms
45 timing idealTree:fixDepFlags Completed in 2ms
46 timing idealTree Completed in 662ms
47 timing reify:loadTrees Completed in 663ms
48 timing reify:diffTrees Completed in 12ms
49 silly reify moves {}
50 timing reify:retireShallow Completed in 3ms
51 timing reify:createSparse Completed in 0ms
52 timing reify:loadBundles Completed in 0ms
53 silly audit bulk request {
53 silly audit   '@types/body-parser': [ '1.19.2' ],
53 silly audit   '@types/bytes': [ '3.1.1' ],
53 silly audit   '@types/connect': [ '3.4.35' ],
53 silly audit   '@types/content-type': [ '1.1.5' ],
53 silly audit   '@types/debug': [ '4.1.7' ],
53 silly audit   '@types/depd': [ '1.1.32' ],
53 silly audit   '@types/express': [ '4.17.14' ],
53 silly audit   '@types/express-serve-static-core': [ '4.17.31' ],
53 silly audit   '@types/formidable': [ '2.0.5' ],
53 silly audit   '@types/http-errors': [ '1.8.2' ],
53 silly audit   '@types/merge-descriptors': [ '1.0.1' ],
53 silly audit   '@types/mime': [ '3.0.1' ],
53 silly audit   '@types/ms': [ '0.7.31' ],
53 silly audit   '@types/node': [ '18.8.0' ],
53 silly audit   '@types/qs': [ '6.9.7' ],
53 silly audit   '@types/range-parser': [ '1.2.4' ],
53 silly audit   '@types/serve-static': [ '1.15.0' ],
53 silly audit   '@types/type-is': [ '1.6.3' ],
53 silly audit   'types-registry': [ '0.1.612' ]
53 silly audit }
54 timing reify:unpack Completed in 1ms
55 timing reify:unretire Completed in 0ms
56 timing build:queue Completed in 0ms
57 timing build:deps Completed in 1ms
58 timing build Completed in 1ms
59 timing reify:build Completed in 1ms
60 timing reify:trash Completed in 0ms
61 timing reify:save Completed in 80ms
62 http fetch POST 200 https://registry.npmjs.org/-/npm/v1/security/advisories/bulk 333ms
63 timing auditReport:getReport Completed in 351ms
64 silly audit report {}
65 timing auditReport:init Completed in 0ms
66 timing reify:audit Completed in 353ms
67 timing reify Completed in 1050ms
68 timing command:install Completed in 1066ms
69 verbose exit 0
70 timing npm Completed in 1401ms
71 info ok
