0 verbose cli /home/nunoamorim/.nvm/versions/node/v16.17.1/bin/node /home/nunoamorim/.nvm/versions/node/v16.17.1/bin/npm
1 info using npm@8.15.0
2 info using node@v16.17.1
3 timing npm:load:whichnode Completed in 1ms
4 timing config:load:defaults Completed in 1ms
5 timing config:load:file:/home/nunoamorim/.nvm/versions/node/v16.17.1/lib/node_modules/npm/npmrc Completed in 6ms
6 timing config:load:builtin Completed in 6ms
7 timing config:load:cli Completed in 2ms
8 timing config:load:env Completed in 0ms
9 timing config:load:file:/home/nunoamorim/ITI/.npmrc Completed in 1ms
10 timing config:load:project Completed in 10ms
11 timing config:load:file:/home/nunoamorim/.npmrc Completed in 0ms
12 timing config:load:user Completed in 0ms
13 timing config:load:file:/home/nunoamorim/.nvm/versions/node/v16.17.1/etc/npmrc Completed in 1ms
14 timing config:load:global Completed in 1ms
15 timing config:load:validate Completed in 0ms
16 timing config:load:credentials Completed in 1ms
17 timing config:load:setEnvs Completed in 0ms
18 timing config:load Completed in 21ms
19 timing npm:load:configload Completed in 21ms
20 timing npm:load:mkdirpcache Completed in 2ms
21 timing npm:load:mkdirplogs Completed in 1ms
22 verbose title npm install jspdf
23 verbose argv "install" "jspdf"
24 timing npm:load:setTitle Completed in 1ms
25 timing config:load:flatten Completed in 2ms
26 timing npm:load:display Completed in 4ms
27 verbose logfile logs-max:10 dir:/home/nunoamorim/.npm/_logs
28 verbose logfile /home/nunoamorim/.npm/_logs/2022-10-05T14_11_01_672Z-debug-0.log
29 timing npm:load:logFile Completed in 4ms
30 timing npm:load:timers Completed in 0ms
31 timing npm:load:configScope Completed in 0ms
32 timing npm:load Completed in 34ms
33 timing arborist:ctor Completed in 0ms
34 silly logfile start cleaning logs, removing 1 files
35 silly logfile done cleaning log files
36 timing idealTree:init Completed in 70ms
37 timing idealTree:userRequests Completed in 1ms
38 silly idealTree buildDeps
39 silly fetch manifest jspdf@*
40 timing arborist:ctor Completed in 0ms
41 http fetch GET 200 https://registry.npmjs.org/jspdf 186ms (cache miss)
42 silly placeDep ROOT jspdf@2.5.1 OK for:  want: *
43 silly fetch manifest @babel/runtime@^7.14.0
44 silly fetch manifest atob@^2.1.2
45 silly fetch manifest btoa@^1.2.1
46 silly fetch manifest fflate@^0.4.8
47 silly fetch manifest canvg@^3.0.6
48 silly fetch manifest core-js@^3.6.0
49 silly fetch manifest dompurify@^2.2.0
50 silly fetch manifest html2canvas@^1.0.0-rc.5
51 http fetch GET 200 https://registry.npmjs.org/@babel%2fruntime 88ms (cache miss)
52 http fetch GET 200 https://registry.npmjs.org/atob 108ms (cache miss)
53 http fetch GET 200 https://registry.npmjs.org/btoa 122ms (cache miss)
54 http fetch GET 200 https://registry.npmjs.org/fflate 136ms (cache miss)
55 http fetch GET 200 https://registry.npmjs.org/html2canvas 138ms (cache miss)
56 http fetch GET 200 https://registry.npmjs.org/canvg 144ms (cache miss)
57 http fetch GET 200 https://registry.npmjs.org/core-js 152ms (cache miss)
58 http fetch GET 200 https://registry.npmjs.org/dompurify 155ms (cache miss)
59 timing idealTree:#root Completed in 351ms
60 silly placeDep ROOT @babel/runtime@7.19.0 OK for: jspdf@2.5.1 want: ^7.14.0
61 silly placeDep ROOT atob@2.1.2 OK for: jspdf@2.5.1 want: ^2.1.2
62 silly placeDep ROOT btoa@1.2.1 OK for: jspdf@2.5.1 want: ^1.2.1
63 silly placeDep ROOT canvg@3.0.10 OK for: jspdf@2.5.1 want: ^3.0.6
64 silly placeDep ROOT core-js@3.25.5 OK for: jspdf@2.5.1 want: ^3.6.0
65 silly placeDep ROOT dompurify@2.4.0 OK for: jspdf@2.5.1 want: ^2.2.0
66 silly placeDep ROOT fflate@0.4.8 OK for: jspdf@2.5.1 want: ^0.4.8
67 silly placeDep ROOT html2canvas@1.4.1 OK for: jspdf@2.5.1 want: ^1.0.0-rc.5
68 silly fetch manifest regenerator-runtime@^0.13.4
69 silly fetch manifest @types/raf@^3.4.0
70 silly fetch manifest raf@^3.4.1
71 silly fetch manifest regenerator-runtime@^0.13.7
72 silly fetch manifest rgbcolor@^1.0.1
73 silly fetch manifest stackblur-canvas@^2.0.0
74 silly fetch manifest svg-pathdata@^6.0.3
75 silly fetch manifest css-line-break@^2.1.0
76 silly fetch manifest text-segmentation@^1.0.3
77 http fetch GET 200 https://registry.npmjs.org/regenerator-runtime 65ms (cache miss)
78 http fetch GET 200 https://registry.npmjs.org/regenerator-runtime 64ms (cache miss)
79 http fetch GET 200 https://registry.npmjs.org/svg-pathdata 72ms (cache miss)
80 http fetch GET 200 https://registry.npmjs.org/raf 78ms (cache miss)
81 http fetch GET 200 https://registry.npmjs.org/rgbcolor 91ms (cache miss)
82 http fetch GET 200 https://registry.npmjs.org/text-segmentation 114ms (cache miss)
83 http fetch GET 200 https://registry.npmjs.org/css-line-break 118ms (cache miss)
84 http fetch GET 200 https://registry.npmjs.org/stackblur-canvas 255ms (cache miss)
85 http fetch GET 200 https://registry.npmjs.org/@types%2fraf 1423ms (cache miss)
86 timing idealTree:node_modules/jspdf Completed in 1436ms
87 silly placeDep ROOT regenerator-runtime@0.13.9 OK for: @babel/runtime@7.19.0 want: ^0.13.4
88 timing idealTree:node_modules/@babel/runtime Completed in 2ms
89 timing idealTree:node_modules/atob Completed in 0ms
90 timing idealTree:node_modules/btoa Completed in 0ms
91 silly placeDep ROOT @types/raf@3.4.0 OK for: canvg@3.0.10 want: ^3.4.0
92 silly placeDep ROOT raf@3.4.1 OK for: canvg@3.0.10 want: ^3.4.1
93 silly placeDep ROOT rgbcolor@1.0.1 OK for: canvg@3.0.10 want: ^1.0.1
94 silly placeDep ROOT stackblur-canvas@2.5.0 OK for: canvg@3.0.10 want: ^2.0.0
95 silly placeDep ROOT svg-pathdata@6.0.3 OK for: canvg@3.0.10 want: ^6.0.3
96 silly fetch manifest performance-now@^2.1.0
97 http fetch GET 200 https://registry.npmjs.org/performance-now 41ms (cache miss)
98 timing idealTree:node_modules/canvg Completed in 47ms
99 timing idealTree:node_modules/@types/raf Completed in 0ms
100 timing idealTree:node_modules/core-js Completed in 0ms
101 timing idealTree:node_modules/dompurify Completed in 0ms
102 timing idealTree:node_modules/fflate Completed in 0ms
103 silly placeDep ROOT css-line-break@2.1.0 OK for: html2canvas@1.4.1 want: ^2.1.0
104 silly placeDep ROOT text-segmentation@1.0.3 OK for: html2canvas@1.4.1 want: ^1.0.3
105 silly fetch manifest utrie@^1.0.2
106 http fetch GET 200 https://registry.npmjs.org/utrie 98ms (cache miss)
107 timing idealTree:node_modules/html2canvas Completed in 101ms
108 silly placeDep ROOT utrie@1.0.2 OK for: css-line-break@2.1.0 want: ^1.0.2
109 silly fetch manifest base64-arraybuffer@^1.0.2
110 http fetch GET 200 https://registry.npmjs.org/base64-arraybuffer 276ms (cache miss)
111 timing idealTree:node_modules/css-line-break Completed in 279ms
112 silly placeDep ROOT performance-now@2.1.0 OK for: raf@3.4.1 want: ^2.1.0
113 timing idealTree:node_modules/raf Completed in 2ms
114 timing idealTree:node_modules/performance-now Completed in 0ms
115 timing idealTree:node_modules/regenerator-runtime Completed in 0ms
116 timing idealTree:node_modules/rgbcolor Completed in 0ms
117 timing idealTree:node_modules/stackblur-canvas Completed in 0ms
118 timing idealTree:node_modules/svg-pathdata Completed in 0ms
119 timing idealTree:node_modules/text-segmentation Completed in 0ms
120 silly placeDep ROOT base64-arraybuffer@1.0.2 OK for: utrie@1.0.2 want: ^1.0.2
121 timing idealTree:node_modules/utrie Completed in 3ms
122 timing idealTree:node_modules/base64-arraybuffer Completed in 0ms
123 timing idealTree:buildDeps Completed in 2224ms
124 timing idealTree:fixDepFlags Completed in 2ms
125 timing idealTree Completed in 2303ms
126 timing reify:loadTrees Completed in 2304ms
127 timing reify:diffTrees Completed in 4ms
128 silly reify moves {}
129 timing reify:retireShallow Completed in 1ms
130 timing reify:createSparse Completed in 6ms
131 timing reify:loadBundles Completed in 0ms
132 silly audit bulk request {
132 silly audit   accepts: [ '1.3.8' ],
132 silly audit   'array-flatten': [ '1.1.1' ],
132 silly audit   asap: [ '2.0.6' ],
132 silly audit   'body-parser': [ '1.20.0' ],
132 silly audit   bytes: [ '3.1.2' ],
132 silly audit   'call-bind': [ '1.0.2' ],
132 silly audit   'content-disposition': [ '0.5.4' ],
132 silly audit   'content-type': [ '1.0.4' ],
132 silly audit   cookie: [ '0.5.0' ],
132 silly audit   'cookie-signature': [ '1.0.6' ],
132 silly audit   'data-uri-to-buffer': [ '4.0.0' ],
132 silly audit   debug: [ '2.6.9' ],
132 silly audit   depd: [ '2.0.0' ],
132 silly audit   destroy: [ '1.2.0' ],
132 silly audit   dezalgo: [ '1.0.3' ],
132 silly audit   'ee-first': [ '1.1.1' ],
132 silly audit   encodeurl: [ '1.0.2' ],
132 silly audit   'escape-html': [ '1.0.3' ],
132 silly audit   etag: [ '1.8.1' ],
132 silly audit   express: [ '4.18.1' ],
132 silly audit   'fetch-blob': [ '3.2.0' ],
132 silly audit   finalhandler: [ '1.2.0' ],
132 silly audit   'formdata-polyfill': [ '4.0.10' ],
132 silly audit   formidable: [ '2.0.1' ],
132 silly audit   qs: [ '6.9.3', '6.10.3' ],
132 silly audit   forwarded: [ '0.2.0' ],
132 silly audit   fresh: [ '0.5.2' ],
132 silly audit   'function-bind': [ '1.1.1' ],
132 silly audit   'get-intrinsic': [ '1.1.3' ],
132 silly audit   has: [ '1.0.3' ],
132 silly audit   'has-symbols': [ '1.0.3' ],
132 silly audit   hexoid: [ '1.0.0' ],
132 silly audit   'http-errors': [ '2.0.0' ],
132 silly audit   'iconv-lite': [ '0.4.24' ],
132 silly audit   inherits: [ '2.0.4' ],
132 silly audit   'ipaddr.js': [ '1.9.1' ],
132 silly audit   'media-typer': [ '0.3.0' ],
132 silly audit   'merge-descriptors': [ '1.0.1' ],
132 silly audit   methods: [ '1.1.2' ],
132 silly audit   mime: [ '1.6.0' ],
132 silly audit   'mime-db': [ '1.52.0' ],
132 silly audit   'mime-types': [ '2.1.35' ],
132 silly audit   ms: [ '2.0.0', '2.1.3' ],
132 silly audit   negotiator: [ '0.6.3' ],
132 silly audit   'node-domexception': [ '1.0.0' ],
132 silly audit   'node-fetch': [ '3.2.10' ],
132 silly audit   'object-inspect': [ '1.12.2' ],
132 silly audit   'on-finished': [ '2.4.1' ],
132 silly audit   once: [ '1.4.0' ],
132 silly audit   parseurl: [ '1.3.3' ],
132 silly audit   'path-to-regexp': [ '0.1.7' ],
132 silly audit   'proxy-addr': [ '2.0.7' ],
132 silly audit   'range-parser': [ '1.2.1' ],
132 silly audit   'raw-body': [ '2.5.1' ],
132 silly audit   'safe-buffer': [ '5.2.1' ],
132 silly audit   'safer-buffer': [ '2.1.2' ],
132 silly audit   send: [ '0.18.0' ],
132 silly audit   'serve-static': [ '1.15.0' ],
132 silly audit   setprototypeof: [ '1.2.0' ],
132 silly audit   'side-channel': [ '1.0.4' ],
132 silly audit   statuses: [ '2.0.1' ],
132 silly audit   toidentifier: [ '1.0.1' ],
132 silly audit   'type-is': [ '1.6.18' ],
132 silly audit   unpipe: [ '1.0.0' ],
132 silly audit   'utils-merge': [ '1.0.1' ],
132 silly audit   vary: [ '1.1.2' ],
132 silly audit   'web-streams-polyfill': [ '3.2.1' ],
132 silly audit   wrappy: [ '1.0.2' ],
132 silly audit   jspdf: [ '2.5.1' ],
132 silly audit   '@babel/runtime': [ '7.19.0' ],
132 silly audit   atob: [ '2.1.2' ],
132 silly audit   btoa: [ '1.2.1' ],
132 silly audit   canvg: [ '3.0.10' ],
132 silly audit   'core-js': [ '3.25.5' ],
132 silly audit   dompurify: [ '2.4.0' ],
132 silly audit   fflate: [ '0.4.8' ],
132 silly audit   html2canvas: [ '1.4.1' ],
132 silly audit   'regenerator-runtime': [ '0.13.9' ],
132 silly audit   '@types/raf': [ '3.4.0' ],
132 silly audit   raf: [ '3.4.1' ],
132 silly audit   rgbcolor: [ '1.0.1' ],
132 silly audit   'stackblur-canvas': [ '2.5.0' ],
132 silly audit   'svg-pathdata': [ '6.0.3' ],
132 silly audit   'css-line-break': [ '2.1.0' ],
132 silly audit   'text-segmentation': [ '1.0.3' ],
132 silly audit   utrie: [ '1.0.2' ],
132 silly audit   'performance-now': [ '2.1.0' ],
132 silly audit   'base64-arraybuffer': [ '1.0.2' ]
132 silly audit }
133 silly tarball no local data for base64-arraybuffer@https://registry.npmjs.org/base64-arraybuffer/-/base64-arraybuffer-1.0.2.tgz. Extracting by manifest.
134 silly tarball no local data for performance-now@https://registry.npmjs.org/performance-now/-/performance-now-2.1.0.tgz. Extracting by manifest.
135 silly tarball no local data for utrie@https://registry.npmjs.org/utrie/-/utrie-1.0.2.tgz. Extracting by manifest.
136 silly tarball no local data for css-line-break@https://registry.npmjs.org/css-line-break/-/css-line-break-2.1.0.tgz. Extracting by manifest.
137 silly tarball no local data for text-segmentation@https://registry.npmjs.org/text-segmentation/-/text-segmentation-1.0.3.tgz. Extracting by manifest.
138 silly tarball no local data for svg-pathdata@https://registry.npmjs.org/svg-pathdata/-/svg-pathdata-6.0.3.tgz. Extracting by manifest.
139 silly tarball no local data for stackblur-canvas@https://registry.npmjs.org/stackblur-canvas/-/stackblur-canvas-2.5.0.tgz. Extracting by manifest.
140 silly tarball no local data for rgbcolor@https://registry.npmjs.org/rgbcolor/-/rgbcolor-1.0.1.tgz. Extracting by manifest.
141 silly tarball no local data for raf@https://registry.npmjs.org/raf/-/raf-3.4.1.tgz. Extracting by manifest.
142 silly tarball no local data for @types/raf@https://registry.npmjs.org/@types/raf/-/raf-3.4.0.tgz. Extracting by manifest.
143 silly tarball no local data for regenerator-runtime@https://registry.npmjs.org/regenerator-runtime/-/regenerator-runtime-0.13.9.tgz. Extracting by manifest.
144 silly tarball no local data for html2canvas@https://registry.npmjs.org/html2canvas/-/html2canvas-1.4.1.tgz. Extracting by manifest.
145 silly tarball no local data for fflate@https://registry.npmjs.org/fflate/-/fflate-0.4.8.tgz. Extracting by manifest.
146 silly tarball no local data for dompurify@https://registry.npmjs.org/dompurify/-/dompurify-2.4.0.tgz. Extracting by manifest.
147 silly tarball no local data for core-js@https://registry.npmjs.org/core-js/-/core-js-3.25.5.tgz. Extracting by manifest.
148 silly tarball no local data for btoa@https://registry.npmjs.org/btoa/-/btoa-1.2.1.tgz. Extracting by manifest.
149 silly tarball no local data for canvg@https://registry.npmjs.org/canvg/-/canvg-3.0.10.tgz. Extracting by manifest.
150 silly tarball no local data for atob@https://registry.npmjs.org/atob/-/atob-2.1.2.tgz. Extracting by manifest.
151 silly tarball no local data for @babel/runtime@https://registry.npmjs.org/@babel/runtime/-/runtime-7.19.0.tgz. Extracting by manifest.
152 silly tarball no local data for jspdf@https://registry.npmjs.org/jspdf/-/jspdf-2.5.1.tgz. Extracting by manifest.
153 http fetch GET 200 https://registry.npmjs.org/performance-now/-/performance-now-2.1.0.tgz 222ms (cache miss)
154 http fetch GET 200 https://registry.npmjs.org/rgbcolor/-/rgbcolor-1.0.1.tgz 232ms (cache miss)
155 timing reifyNode:node_modules/rgbcolor Completed in 261ms
156 http fetch GET 200 https://registry.npmjs.org/base64-arraybuffer/-/base64-arraybuffer-1.0.2.tgz 250ms (cache miss)
157 http fetch GET 200 https://registry.npmjs.org/btoa/-/btoa-1.2.1.tgz 229ms (cache miss)
158 timing reifyNode:node_modules/btoa Completed in 269ms
159 timing reifyNode:node_modules/base64-arraybuffer Completed in 271ms
160 timing reifyNode:node_modules/performance-now Completed in 273ms
161 http fetch POST 200 https://registry.npmjs.org/-/npm/v1/security/advisories/bulk 284ms
162 timing auditReport:getReport Completed in 287ms
163 silly audit report {}
164 timing auditReport:init Completed in 0ms
165 timing reify:audit Completed in 287ms
166 http fetch GET 200 https://registry.npmjs.org/raf/-/raf-3.4.1.tgz 254ms (cache miss)
167 timing reifyNode:node_modules/raf Completed in 283ms
168 http fetch GET 200 https://registry.npmjs.org/atob/-/atob-2.1.2.tgz 242ms (cache miss)
169 timing reifyNode:node_modules/atob Completed in 284ms
170 http fetch GET 200 https://registry.npmjs.org/regenerator-runtime/-/regenerator-runtime-0.13.9.tgz 263ms (cache miss)
171 timing reifyNode:node_modules/regenerator-runtime Completed in 294ms
172 http fetch GET 200 https://registry.npmjs.org/stackblur-canvas/-/stackblur-canvas-2.5.0.tgz 296ms (cache miss)
173 timing reifyNode:node_modules/stackblur-canvas Completed in 322ms
174 http fetch GET 200 https://registry.npmjs.org/svg-pathdata/-/svg-pathdata-6.0.3.tgz 345ms (cache miss)
175 timing reifyNode:node_modules/svg-pathdata Completed in 371ms
176 http fetch GET 200 https://registry.npmjs.org/text-segmentation/-/text-segmentation-1.0.3.tgz 353ms (cache miss)
177 timing reifyNode:node_modules/text-segmentation Completed in 378ms
178 http fetch GET 200 https://registry.npmjs.org/fflate/-/fflate-0.4.8.tgz 361ms (cache miss)
179 timing reifyNode:node_modules/fflate Completed in 395ms
180 http fetch GET 200 https://registry.npmjs.org/css-line-break/-/css-line-break-2.1.0.tgz 387ms (cache miss)
181 timing reifyNode:node_modules/css-line-break Completed in 410ms
182 http fetch GET 200 https://registry.npmjs.org/utrie/-/utrie-1.0.2.tgz 392ms (cache miss)
183 timing reifyNode:node_modules/utrie Completed in 414ms
184 http fetch GET 200 https://registry.npmjs.org/dompurify/-/dompurify-2.4.0.tgz 442ms (cache miss)
185 timing reifyNode:node_modules/dompurify Completed in 478ms
186 http fetch GET 200 https://registry.npmjs.org/@babel/runtime/-/runtime-7.19.0.tgz 527ms (cache miss)
187 timing reifyNode:node_modules/@babel/runtime Completed in 571ms
188 http fetch GET 200 https://registry.npmjs.org/canvg/-/canvg-3.0.10.tgz 575ms (cache miss)
189 timing reifyNode:node_modules/canvg Completed in 618ms
190 http fetch GET 200 https://registry.npmjs.org/@types/raf/-/raf-3.4.0.tgz 860ms (cache miss)
191 timing reifyNode:node_modules/@types/raf Completed in 890ms
192 http fetch GET 200 https://registry.npmjs.org/html2canvas/-/html2canvas-1.4.1.tgz 928ms (cache miss)
193 timing reifyNode:node_modules/html2canvas Completed in 961ms
194 http fetch GET 200 https://registry.npmjs.org/jspdf/-/jspdf-2.5.1.tgz 1008ms (cache miss)
195 timing reifyNode:node_modules/jspdf Completed in 1053ms
196 http fetch GET 200 https://registry.npmjs.org/core-js/-/core-js-3.25.5.tgz 1723ms (cache miss)
197 timing reifyNode:node_modules/core-js Completed in 1761ms
198 timing reify:unpack Completed in 1762ms
199 timing reify:unretire Completed in 0ms
200 timing build:queue Completed in 2ms
201 timing build:link:node_modules/btoa Completed in 2ms
202 timing build:link:node_modules/atob Completed in 2ms
203 timing build:link Completed in 2ms
204 info run core-js@3.25.5 postinstall node_modules/core-js node -e "try{require('./postinstall')}catch(e){}"
205 info run core-js@3.25.5 postinstall { code: 0, signal: null }
206 timing build:run:postinstall:node_modules/core-js Completed in 44ms
207 timing build:run:postinstall Completed in 44ms
208 timing build:deps Completed in 49ms
209 timing build Completed in 49ms
210 timing reify:build Completed in 50ms
211 timing reify:trash Completed in 0ms
212 timing reify:save Completed in 28ms
213 timing reify Completed in 4181ms
214 silly ADD node_modules/base64-arraybuffer
215 silly ADD node_modules/performance-now
216 silly ADD node_modules/utrie
217 silly ADD node_modules/text-segmentation
218 silly ADD node_modules/css-line-break
219 silly ADD node_modules/svg-pathdata
220 silly ADD node_modules/stackblur-canvas
221 silly ADD node_modules/rgbcolor
222 silly ADD node_modules/raf
223 silly ADD node_modules/@types/raf
224 silly ADD node_modules/regenerator-runtime
225 silly ADD node_modules/html2canvas
226 silly ADD node_modules/fflate
227 silly ADD node_modules/dompurify
228 silly ADD node_modules/core-js
229 silly ADD node_modules/canvg
230 silly ADD node_modules/btoa
231 silly ADD node_modules/atob
232 silly ADD node_modules/@babel/runtime
233 silly ADD node_modules/jspdf
234 timing command:install Completed in 4188ms
235 verbose exit 0
236 timing npm Completed in 4270ms
237 info ok
