0 verbose cli /home/nunoamorim/.nvm/versions/node/v16.17.1/bin/node /home/nunoamorim/.nvm/versions/node/v16.17.1/bin/npm
1 info using npm@8.15.0
2 info using node@v16.17.1
3 timing npm:load:whichnode Completed in 1ms
4 timing config:load:defaults Completed in 1ms
5 timing config:load:file:/home/nunoamorim/.nvm/versions/node/v16.17.1/lib/node_modules/npm/npmrc Completed in 2ms
6 timing config:load:builtin Completed in 3ms
7 timing config:load:cli Completed in 1ms
8 timing config:load:env Completed in 0ms
9 timing config:load:file:/home/nunoamorim/ITI/.npmrc Completed in 0ms
10 timing config:load:project Completed in 4ms
11 timing config:load:file:/home/nunoamorim/.npmrc Completed in 0ms
12 timing config:load:user Completed in 0ms
13 timing config:load:file:/home/nunoamorim/.nvm/versions/node/v16.17.1/etc/npmrc Completed in 0ms
14 timing config:load:global Completed in 0ms
15 timing config:load:validate Completed in 1ms
16 timing config:load:credentials Completed in 0ms
17 timing config:load:setEnvs Completed in 1ms
18 timing config:load Completed in 12ms
19 timing npm:load:configload Completed in 12ms
20 timing npm:load:mkdirpcache Completed in 1ms
21 timing npm:load:mkdirplogs Completed in 1ms
22 verbose title npm install node-fetch
23 verbose argv "install" "node-fetch"
24 timing npm:load:setTitle Completed in 1ms
25 timing config:load:flatten Completed in 2ms
26 timing npm:load:display Completed in 3ms
27 verbose logfile logs-max:10 dir:/home/nunoamorim/.npm/_logs
28 verbose logfile /home/nunoamorim/.npm/_logs/2022-09-28T15_44_42_483Z-debug-0.log
29 timing npm:load:logFile Completed in 4ms
30 timing npm:load:timers Completed in 0ms
31 timing npm:load:configScope Completed in 0ms
32 timing npm:load Completed in 24ms
33 timing arborist:ctor Completed in 0ms
34 silly logfile done cleaning log files
35 timing idealTree:init Completed in 57ms
36 timing idealTree:userRequests Completed in 2ms
37 silly idealTree buildDeps
38 silly fetch manifest node-fetch@*
39 timing arborist:ctor Completed in 0ms
40 http fetch GET 200 https://registry.npmjs.org/node-fetch 171ms (cache miss)
41 silly placeDep ROOT node-fetch@3.2.10 OK for:  want: *
42 silly fetch manifest data-uri-to-buffer@^4.0.0
43 silly fetch manifest fetch-blob@^3.1.4
44 silly fetch manifest formdata-polyfill@^4.0.10
45 http fetch GET 200 https://registry.npmjs.org/data-uri-to-buffer 73ms (cache miss)
46 http fetch GET 200 https://registry.npmjs.org/formdata-polyfill 77ms (cache miss)
47 http fetch GET 200 https://registry.npmjs.org/fetch-blob 102ms (cache miss)
48 timing idealTree:#root Completed in 283ms
49 silly placeDep ROOT data-uri-to-buffer@4.0.0 OK for: node-fetch@3.2.10 want: ^4.0.0
50 silly placeDep ROOT fetch-blob@3.2.0 OK for: node-fetch@3.2.10 want: ^3.1.4
51 silly placeDep ROOT formdata-polyfill@4.0.10 OK for: node-fetch@3.2.10 want: ^4.0.10
52 silly fetch manifest node-domexception@^1.0.0
53 silly fetch manifest web-streams-polyfill@^3.0.3
54 http fetch GET 200 https://registry.npmjs.org/web-streams-polyfill 57ms (cache miss)
55 http fetch GET 200 https://registry.npmjs.org/node-domexception 73ms (cache miss)
56 timing idealTree:node_modules/node-fetch Completed in 78ms
57 timing idealTree:node_modules/data-uri-to-buffer Completed in 0ms
58 silly placeDep ROOT node-domexception@1.0.0 OK for: fetch-blob@3.2.0 want: ^1.0.0
59 silly placeDep ROOT web-streams-polyfill@3.2.1 OK for: fetch-blob@3.2.0 want: ^3.0.3
60 timing idealTree:node_modules/fetch-blob Completed in 2ms
61 timing idealTree:node_modules/formdata-polyfill Completed in 0ms
62 timing idealTree:node_modules/node-domexception Completed in 0ms
63 timing idealTree:node_modules/web-streams-polyfill Completed in 0ms
64 timing idealTree:buildDeps Completed in 364ms
65 timing idealTree:fixDepFlags Completed in 1ms
66 timing idealTree Completed in 426ms
67 timing reify:loadTrees Completed in 427ms
68 timing reify:diffTrees Completed in 3ms
69 silly reify moves {}
70 timing reify:retireShallow Completed in 1ms
71 timing reify:createSparse Completed in 3ms
72 timing reify:loadBundles Completed in 0ms
73 silly audit bulk request {
73 silly audit   accepts: [ '1.3.8' ],
73 silly audit   'array-flatten': [ '1.1.1' ],
73 silly audit   'body-parser': [ '1.20.0' ],
73 silly audit   bytes: [ '3.1.2' ],
73 silly audit   'call-bind': [ '1.0.2' ],
73 silly audit   'content-disposition': [ '0.5.4' ],
73 silly audit   'content-type': [ '1.0.4' ],
73 silly audit   cookie: [ '0.5.0' ],
73 silly audit   'cookie-signature': [ '1.0.6' ],
73 silly audit   debug: [ '2.6.9' ],
73 silly audit   depd: [ '2.0.0' ],
73 silly audit   destroy: [ '1.2.0' ],
73 silly audit   'ee-first': [ '1.1.1' ],
73 silly audit   encodeurl: [ '1.0.2' ],
73 silly audit   'escape-html': [ '1.0.3' ],
73 silly audit   etag: [ '1.8.1' ],
73 silly audit   express: [ '4.18.1' ],
73 silly audit   finalhandler: [ '1.2.0' ],
73 silly audit   forwarded: [ '0.2.0' ],
73 silly audit   fresh: [ '0.5.2' ],
73 silly audit   'function-bind': [ '1.1.1' ],
73 silly audit   'get-intrinsic': [ '1.1.3' ],
73 silly audit   has: [ '1.0.3' ],
73 silly audit   'has-symbols': [ '1.0.3' ],
73 silly audit   'http-errors': [ '2.0.0' ],
73 silly audit   'iconv-lite': [ '0.4.24' ],
73 silly audit   inherits: [ '2.0.4' ],
73 silly audit   'ipaddr.js': [ '1.9.1' ],
73 silly audit   'media-typer': [ '0.3.0' ],
73 silly audit   'merge-descriptors': [ '1.0.1' ],
73 silly audit   methods: [ '1.1.2' ],
73 silly audit   mime: [ '1.6.0' ],
73 silly audit   'mime-db': [ '1.52.0' ],
73 silly audit   'mime-types': [ '2.1.35' ],
73 silly audit   ms: [ '2.0.0', '2.1.3' ],
73 silly audit   negotiator: [ '0.6.3' ],
73 silly audit   'object-inspect': [ '1.12.2' ],
73 silly audit   'on-finished': [ '2.4.1' ],
73 silly audit   parseurl: [ '1.3.3' ],
73 silly audit   'path-to-regexp': [ '0.1.7' ],
73 silly audit   'proxy-addr': [ '2.0.7' ],
73 silly audit   qs: [ '6.10.3' ],
73 silly audit   'range-parser': [ '1.2.1' ],
73 silly audit   'raw-body': [ '2.5.1' ],
73 silly audit   'safe-buffer': [ '5.2.1' ],
73 silly audit   'safer-buffer': [ '2.1.2' ],
73 silly audit   send: [ '0.18.0' ],
73 silly audit   'serve-static': [ '1.15.0' ],
73 silly audit   setprototypeof: [ '1.2.0' ],
73 silly audit   'side-channel': [ '1.0.4' ],
73 silly audit   statuses: [ '2.0.1' ],
73 silly audit   toidentifier: [ '1.0.1' ],
73 silly audit   'type-is': [ '1.6.18' ],
73 silly audit   unpipe: [ '1.0.0' ],
73 silly audit   'utils-merge': [ '1.0.1' ],
73 silly audit   vary: [ '1.1.2' ],
73 silly audit   'node-fetch': [ '3.2.10' ],
73 silly audit   'data-uri-to-buffer': [ '4.0.0' ],
73 silly audit   'fetch-blob': [ '3.2.0' ],
73 silly audit   'formdata-polyfill': [ '4.0.10' ],
73 silly audit   'node-domexception': [ '1.0.0' ],
73 silly audit   'web-streams-polyfill': [ '3.2.1' ]
73 silly audit }
74 silly tarball no local data for node-domexception@https://registry.npmjs.org/node-domexception/-/node-domexception-1.0.0.tgz. Extracting by manifest.
75 silly tarball no local data for web-streams-polyfill@https://registry.npmjs.org/web-streams-polyfill/-/web-streams-polyfill-3.2.1.tgz. Extracting by manifest.
76 silly tarball no local data for formdata-polyfill@https://registry.npmjs.org/formdata-polyfill/-/formdata-polyfill-4.0.10.tgz. Extracting by manifest.
77 silly tarball no local data for fetch-blob@https://registry.npmjs.org/fetch-blob/-/fetch-blob-3.2.0.tgz. Extracting by manifest.
78 silly tarball no local data for data-uri-to-buffer@https://registry.npmjs.org/data-uri-to-buffer/-/data-uri-to-buffer-4.0.0.tgz. Extracting by manifest.
79 silly tarball no local data for node-fetch@https://registry.npmjs.org/node-fetch/-/node-fetch-3.2.10.tgz. Extracting by manifest.
80 http fetch GET 200 https://registry.npmjs.org/node-domexception/-/node-domexception-1.0.0.tgz 115ms (cache miss)
81 http fetch GET 200 https://registry.npmjs.org/formdata-polyfill/-/formdata-polyfill-4.0.10.tgz 123ms (cache miss)
82 timing reifyNode:node_modules/formdata-polyfill Completed in 136ms
83 http fetch GET 200 https://registry.npmjs.org/fetch-blob/-/fetch-blob-3.2.0.tgz 125ms (cache miss)
84 timing reifyNode:node_modules/fetch-blob Completed in 139ms
85 timing reifyNode:node_modules/node-domexception Completed in 157ms
86 http fetch GET 200 https://registry.npmjs.org/data-uri-to-buffer/-/data-uri-to-buffer-4.0.0.tgz 150ms (cache miss)
87 timing reifyNode:node_modules/data-uri-to-buffer Completed in 164ms
88 http fetch GET 200 https://registry.npmjs.org/node-fetch/-/node-fetch-3.2.10.tgz 153ms (cache miss)
89 timing reifyNode:node_modules/node-fetch Completed in 169ms
90 http fetch GET 200 https://registry.npmjs.org/web-streams-polyfill/-/web-streams-polyfill-3.2.1.tgz 253ms (cache miss)
91 timing reifyNode:node_modules/web-streams-polyfill Completed in 265ms
92 timing reify:unpack Completed in 265ms
93 timing reify:unretire Completed in 0ms
94 timing build:queue Completed in 0ms
95 timing build:deps Completed in 1ms
96 timing build Completed in 1ms
97 timing reify:build Completed in 2ms
98 timing reify:trash Completed in 0ms
99 timing reify:save Completed in 17ms
100 http fetch POST 200 https://registry.npmjs.org/-/npm/v1/security/advisories/bulk 320ms
101 timing auditReport:getReport Completed in 323ms
102 silly audit report {}
103 timing auditReport:init Completed in 0ms
104 timing reify:audit Completed in 325ms
105 timing reify Completed in 761ms
106 silly ADD node_modules/web-streams-polyfill
107 silly ADD node_modules/node-domexception
108 silly ADD node_modules/formdata-polyfill
109 silly ADD node_modules/fetch-blob
110 silly ADD node_modules/data-uri-to-buffer
111 silly ADD node_modules/node-fetch
112 timing command:install Completed in 770ms
113 verbose exit 0
114 timing npm Completed in 833ms
115 info ok
