0 verbose cli /home/nunoamorim/.nvm/versions/node/v16.17.1/bin/node /home/nunoamorim/.nvm/versions/node/v16.17.1/bin/npm
1 info using npm@8.15.0
2 info using node@v16.17.1
3 timing npm:load:whichnode Completed in 0ms
4 timing config:load:defaults Completed in 16ms
5 timing config:load:file:/home/nunoamorim/.nvm/versions/node/v16.17.1/lib/node_modules/npm/npmrc Completed in 15ms
6 timing config:load:builtin Completed in 17ms
7 timing config:load:cli Completed in 19ms
8 timing config:load:env Completed in 1ms
9 timing config:load:file:/home/nunoamorim/.cache/typescript/4.8/.npmrc Completed in 0ms
10 timing config:load:project Completed in 38ms
11 timing config:load:file:/home/nunoamorim/.npmrc Completed in 12ms
12 timing config:load:user Completed in 13ms
13 timing config:load:file:/home/nunoamorim/.nvm/versions/node/v16.17.1/etc/npmrc Completed in 0ms
14 timing config:load:global Completed in 0ms
15 timing config:load:validate Completed in 0ms
16 timing config:load:credentials Completed in 3ms
17 timing config:load:setEnvs Completed in 2ms
18 timing config:load Completed in 113ms
19 timing npm:load:configload Completed in 115ms
20 timing npm:load:mkdirpcache Completed in 11ms
21 timing npm:load:mkdirplogs Completed in 1ms
22 verbose title npm install types-registry@latest
23 verbose argv "install" "--ignore-scripts" "types-registry@latest"
24 timing npm:load:setTitle Completed in 16ms
25 timing config:load:flatten Completed in 26ms
26 timing npm:load:display Completed in 32ms
27 verbose logfile logs-max:10 dir:/home/nunoamorim/.npm/_logs
28 verbose logfile /home/nunoamorim/.npm/_logs/2022-10-03T13_04_01_066Z-debug-0.log
29 timing npm:load:logFile Completed in 22ms
30 timing npm:load:timers Completed in 12ms
31 timing npm:load:configScope Completed in 0ms
32 timing npm:load Completed in 222ms
33 timing arborist:ctor Completed in 11ms
34 silly logfile done cleaning log files
35 timing arborist:ctor Completed in 0ms
36 timing idealTree:init Completed in 85ms
37 http fetch GET 200 https://registry.npmjs.org/types-registry 565ms (cache miss)
38 timing idealTree:userRequests Completed in 637ms
39 silly idealTree buildDeps
40 silly fetch manifest types-registry@0.1.612
41 silly placeDep ROOT types-registry@0.1.612 OK for:  want: 0.1.612
42 timing idealTree:#root Completed in 38ms
43 timing idealTree:node_modules/types-registry Completed in 0ms
44 timing idealTree:buildDeps Completed in 41ms
45 timing idealTree:fixDepFlags Completed in 11ms
46 timing idealTree Completed in 787ms
47 timing reify:loadTrees Completed in 788ms
48 timing reify:diffTrees Completed in 2ms
49 silly reify moves {}
50 timing reify:retireShallow Completed in 4ms
51 timing reify:createSparse Completed in 3ms
52 timing reify:loadBundles Completed in 0ms
53 silly audit bulk request { 'types-registry': [ '0.1.612' ] }
54 silly tarball no local data for types-registry@https://registry.npmjs.org/types-registry/-/types-registry-0.1.612.tgz. Extracting by manifest.
55 http fetch POST 200 https://registry.npmjs.org/-/npm/v1/security/advisories/bulk 308ms
56 timing auditReport:getReport Completed in 312ms
57 silly audit report {}
58 timing auditReport:init Completed in 0ms
59 timing reify:audit Completed in 314ms
60 http fetch GET 200 https://registry.npmjs.org/types-registry/-/types-registry-0.1.612.tgz 371ms (cache miss)
61 timing reifyNode:node_modules/types-registry Completed in 407ms
62 timing reify:unpack Completed in 409ms
63 timing reify:unretire Completed in 0ms
64 timing build:queue Completed in 0ms
65 timing build:deps Completed in 11ms
66 timing build Completed in 12ms
67 timing reify:build Completed in 12ms
68 timing reify:trash Completed in 0ms
69 timing reify:save Completed in 22ms
70 timing reify Completed in 1297ms
71 silly ADD node_modules/types-registry
72 timing command:install Completed in 1326ms
73 verbose exit 0
74 timing npm Completed in 2582ms
75 info ok
