0 verbose cli /home/nunoamorim/.nvm/versions/node/v16.17.1/bin/node /home/nunoamorim/.nvm/versions/node/v16.17.1/bin/npm
1 info using npm@8.15.0
2 info using node@v16.17.1
3 timing npm:load:whichnode Completed in 0ms
4 timing config:load:defaults Completed in 3ms
5 timing config:load:file:/home/nunoamorim/.nvm/versions/node/v16.17.1/lib/node_modules/npm/npmrc Completed in 1ms
6 timing config:load:builtin Completed in 2ms
7 timing config:load:cli Completed in 2ms
8 timing config:load:env Completed in 0ms
9 timing config:load:file:/home/nunoamorim/.cache/typescript/4.8/.npmrc Completed in 0ms
10 timing config:load:project Completed in 8ms
11 timing config:load:file:/home/nunoamorim/.npmrc Completed in 2ms
12 timing config:load:user Completed in 3ms
13 timing config:load:file:/home/nunoamorim/.nvm/versions/node/v16.17.1/etc/npmrc Completed in 5ms
14 timing config:load:global Completed in 5ms
15 timing config:load:validate Completed in 0ms
16 timing config:load:credentials Completed in 3ms
17 timing config:load:setEnvs Completed in 1ms
18 timing config:load Completed in 30ms
19 timing npm:load:configload Completed in 31ms
20 timing npm:load:mkdirpcache Completed in 2ms
21 timing npm:load:mkdirplogs Completed in 1ms
22 verbose title npm install types-registry@latest
23 verbose argv "install" "--ignore-scripts" "types-registry@latest"
24 timing npm:load:setTitle Completed in 2ms
25 timing config:load:flatten Completed in 12ms
26 timing npm:load:display Completed in 14ms
27 verbose logfile logs-max:10 dir:/home/nunoamorim/.npm/_logs
28 verbose logfile /home/nunoamorim/.npm/_logs/2022-10-10T13_02_36_712Z-debug-0.log
29 timing npm:load:logFile Completed in 11ms
30 timing npm:load:timers Completed in 1ms
31 timing npm:load:configScope Completed in 0ms
32 timing npm:load Completed in 64ms
33 timing arborist:ctor Completed in 0ms
34 silly logfile start cleaning logs, removing 1 files
35 silly logfile done cleaning log files
36 timing idealTree:init Completed in 79ms
37 timing arborist:ctor Completed in 1ms
38 http fetch GET 200 https://registry.npmjs.org/types-registry 696ms (cache updated)
39 timing idealTree:userRequests Completed in 717ms
40 silly idealTree buildDeps
41 silly fetch manifest types-registry@0.1.613
42 silly placeDep ROOT types-registry@0.1.613 REPLACE for:  want: 0.1.613
43 timing idealTree:#root Completed in 14ms
44 timing idealTree:node_modules/types-registry Completed in 0ms
45 timing idealTree:buildDeps Completed in 17ms
46 timing idealTree:fixDepFlags Completed in 0ms
47 timing idealTree Completed in 816ms
48 timing reify:loadTrees Completed in 818ms
49 timing reify:diffTrees Completed in 6ms
50 silly reify mark retired [
50 silly reify   '/home/nunoamorim/.cache/typescript/4.8/node_modules/types-registry'
50 silly reify ]
51 silly reify moves {
51 silly reify   '/home/nunoamorim/.cache/typescript/4.8/node_modules/types-registry': '/home/nunoamorim/.cache/typescript/4.8/node_modules/.types-registry-UUWaKOyC'
51 silly reify }
52 timing reify:retireShallow Completed in 17ms
53 timing reify:createSparse Completed in 5ms
54 timing reify:loadBundles Completed in 0ms
55 silly audit bulk request {
55 silly audit   '@types/body-parser': [ '1.19.2' ],
55 silly audit   '@types/bytes': [ '3.1.1' ],
55 silly audit   '@types/connect': [ '3.4.35' ],
55 silly audit   '@types/content-type': [ '1.1.5' ],
55 silly audit   '@types/debug': [ '4.1.7' ],
55 silly audit   '@types/depd': [ '1.1.32' ],
55 silly audit   '@types/express': [ '4.17.14' ],
55 silly audit   '@types/express-serve-static-core': [ '4.17.31' ],
55 silly audit   '@types/formidable': [ '2.0.5' ],
55 silly audit   '@types/http-errors': [ '1.8.2' ],
55 silly audit   '@types/merge-descriptors': [ '1.0.1' ],
55 silly audit   '@types/mime': [ '3.0.1' ],
55 silly audit   '@types/ms': [ '0.7.31' ],
55 silly audit   '@types/node': [ '18.8.0' ],
55 silly audit   '@types/qs': [ '6.9.7' ],
55 silly audit   '@types/range-parser': [ '1.2.4' ],
55 silly audit   '@types/serve-static': [ '1.15.0' ],
55 silly audit   '@types/type-is': [ '1.6.3' ],
55 silly audit   'types-registry': [ '0.1.613' ]
55 silly audit }
56 silly tarball no local data for types-registry@https://registry.npmjs.org/types-registry/-/types-registry-0.1.613.tgz. Extracting by manifest.
57 http fetch POST 200 https://registry.npmjs.org/-/npm/v1/security/advisories/bulk 264ms
58 timing auditReport:getReport Completed in 268ms
59 silly audit report {}
60 timing auditReport:init Completed in 0ms
61 timing reify:audit Completed in 271ms
62 http fetch GET 200 https://registry.npmjs.org/types-registry/-/types-registry-0.1.613.tgz 335ms (cache miss)
63 timing reifyNode:node_modules/types-registry Completed in 382ms
64 timing reify:unpack Completed in 383ms
65 timing reify:unretire Completed in 1ms
66 timing build:queue Completed in 1ms
67 timing build:deps Completed in 2ms
68 timing build Completed in 2ms
69 timing reify:build Completed in 3ms
70 timing reify:trash Completed in 15ms
71 timing reify:save Completed in 98ms
72 timing reify Completed in 1394ms
73 silly CHANGE node_modules/types-registry
74 timing command:install Completed in 1416ms
75 verbose exit 0
76 timing npm Completed in 1665ms
77 info ok
