0 verbose cli /home/nunoamorim/.nvm/versions/node/v16.17.1/bin/node /home/nunoamorim/.nvm/versions/node/v16.17.1/bin/npm
1 info using npm@8.15.0
2 info using node@v16.17.1
3 timing npm:load:whichnode Completed in 0ms
4 timing config:load:defaults Completed in 1ms
5 timing config:load:file:/home/nunoamorim/.nvm/versions/node/v16.17.1/lib/node_modules/npm/npmrc Completed in 1ms
6 timing config:load:builtin Completed in 1ms
7 timing config:load:cli Completed in 2ms
8 timing config:load:env Completed in 0ms
9 timing config:load:file:/home/nunoamorim/.cache/typescript/4.8/.npmrc Completed in 0ms
10 timing config:load:project Completed in 10ms
11 timing config:load:file:/home/nunoamorim/.npmrc Completed in 0ms
12 timing config:load:user Completed in 0ms
13 timing config:load:file:/home/nunoamorim/.nvm/versions/node/v16.17.1/etc/npmrc Completed in 1ms
14 timing config:load:global Completed in 1ms
15 timing config:load:validate Completed in 0ms
16 timing config:load:credentials Completed in 1ms
17 timing config:load:setEnvs Completed in 0ms
18 timing config:load Completed in 16ms
19 timing npm:load:configload Completed in 16ms
20 timing npm:load:mkdirpcache Completed in 2ms
21 timing npm:load:mkdirplogs Completed in 1ms
22 verbose title npm install @types/response-time@ts4.8
23 verbose argv "install" "--ignore-scripts" "@types/response-time@ts4.8" "--save-dev" "--user-agent" "typesInstaller/4.8.4"
24 timing npm:load:setTitle Completed in 1ms
25 timing config:load:flatten Completed in 3ms
26 timing npm:load:display Completed in 3ms
27 verbose logfile logs-max:10 dir:/home/nunoamorim/.npm/_logs
28 verbose logfile /home/nunoamorim/.npm/_logs/2022-10-19T16_18_30_292Z-debug-0.log
29 timing npm:load:logFile Completed in 5ms
30 timing npm:load:timers Completed in 0ms
31 timing npm:load:configScope Completed in 0ms
32 timing npm:load Completed in 29ms
33 timing arborist:ctor Completed in 0ms
34 silly logfile start cleaning logs, removing 1 files
35 silly logfile done cleaning log files
36 timing idealTree:init Completed in 30ms
37 timing arborist:ctor Completed in 0ms
38 http fetch GET 200 https://registry.npmjs.org/@types%2fresponse-time 1582ms (cache miss)
39 timing idealTree:userRequests Completed in 1589ms
40 silly idealTree buildDeps
41 silly fetch manifest @types/response-time@2.3.5
42 silly placeDep ROOT @types/response-time@2.3.5 OK for:  want: 2.3.5
43 timing idealTree:#root Completed in 4ms
44 timing idealTree:node_modules/@types/response-time Completed in 0ms
45 timing idealTree:buildDeps Completed in 6ms
46 timing idealTree:fixDepFlags Completed in 0ms
47 timing idealTree Completed in 1626ms
48 timing reify:loadTrees Completed in 1627ms
49 timing reify:diffTrees Completed in 2ms
50 silly reify moves {}
51 timing reify:retireShallow Completed in 1ms
52 timing reify:createSparse Completed in 1ms
53 timing reify:loadBundles Completed in 0ms
54 silly audit bulk request {
54 silly audit   '@types/body-parser': [ '1.19.2' ],
54 silly audit   '@types/bytes': [ '3.1.1' ],
54 silly audit   '@types/connect': [ '3.4.35' ],
54 silly audit   '@types/content-type': [ '1.1.5' ],
54 silly audit   '@types/debug': [ '4.1.7' ],
54 silly audit   '@types/depd': [ '1.1.32' ],
54 silly audit   '@types/express': [ '4.17.14' ],
54 silly audit   '@types/express-serve-static-core': [ '4.17.31' ],
54 silly audit   '@types/formidable': [ '2.0.5' ],
54 silly audit   '@types/http-errors': [ '1.8.2' ],
54 silly audit   '@types/merge-descriptors': [ '1.0.1' ],
54 silly audit   '@types/mime': [ '3.0.1' ],
54 silly audit   '@types/ms': [ '0.7.31' ],
54 silly audit   '@types/node': [ '18.8.0' ],
54 silly audit   '@types/qs': [ '6.9.7' ],
54 silly audit   '@types/range-parser': [ '1.2.4' ],
54 silly audit   '@types/serve-static': [ '1.15.0' ],
54 silly audit   '@types/type-is': [ '1.6.3' ],
54 silly audit   'types-registry': [ '0.1.614' ],
54 silly audit   '@types/response-time': [ '2.3.5' ]
54 silly audit }
55 silly tarball no local data for @types/response-time@https://registry.npmjs.org/@types/response-time/-/response-time-2.3.5.tgz. Extracting by manifest.
56 http fetch POST 200 https://registry.npmjs.org/-/npm/v1/security/advisories/bulk 386ms
57 timing auditReport:getReport Completed in 390ms
58 silly audit report {}
59 timing auditReport:init Completed in 0ms
60 timing reify:audit Completed in 390ms
61 http fetch GET 200 https://registry.npmjs.org/@types/response-time/-/response-time-2.3.5.tgz 1642ms (cache miss)
62 timing reifyNode:node_modules/@types/response-time Completed in 1648ms
63 timing reify:unpack Completed in 1648ms
64 timing reify:unretire Completed in 1ms
65 timing build:queue Completed in 1ms
66 timing build:deps Completed in 1ms
67 timing build Completed in 1ms
68 timing reify:build Completed in 1ms
69 timing reify:trash Completed in 0ms
70 timing reify:save Completed in 24ms
71 timing reify Completed in 3318ms
72 silly ADD node_modules/@types/response-time
73 timing command:install Completed in 3322ms
74 verbose exit 0
75 timing npm Completed in 3401ms
76 info ok
