0 verbose cli /home/nunoamorim/.nvm/versions/node/v16.17.1/bin/node /home/nunoamorim/.nvm/versions/node/v16.17.1/bin/npm
1 info using npm@8.15.0
2 info using node@v16.17.1
3 timing npm:load:whichnode Completed in 0ms
4 timing config:load:defaults Completed in 2ms
5 timing config:load:file:/home/nunoamorim/.nvm/versions/node/v16.17.1/lib/node_modules/npm/npmrc Completed in 1ms
6 timing config:load:builtin Completed in 1ms
7 timing config:load:cli Completed in 2ms
8 timing config:load:env Completed in 0ms
9 timing config:load:file:/home/nunoamorim/ITI/.npmrc Completed in 0ms
10 timing config:load:project Completed in 4ms
11 timing config:load:file:/home/nunoamorim/.npmrc Completed in 0ms
12 timing config:load:user Completed in 0ms
13 timing config:load:file:/home/nunoamorim/.nvm/versions/node/v16.17.1/etc/npmrc Completed in 0ms
14 timing config:load:global Completed in 0ms
15 timing config:load:validate Completed in 0ms
16 timing config:load:credentials Completed in 1ms
17 timing config:load:setEnvs Completed in 1ms
18 timing config:load Completed in 12ms
19 timing npm:load:configload Completed in 12ms
20 timing npm:load:mkdirpcache Completed in 4ms
21 timing npm:load:mkdirplogs Completed in 1ms
22 verbose title npm install express-node-metrics
23 verbose argv "install" "--save" "express-node-metrics"
24 timing npm:load:setTitle Completed in 1ms
25 timing config:load:flatten Completed in 2ms
26 timing npm:load:display Completed in 4ms
27 verbose logfile logs-max:10 dir:/home/nunoamorim/.npm/_logs
28 verbose logfile /home/nunoamorim/.npm/_logs/2022-10-13T15_28_57_391Z-debug-0.log
29 timing npm:load:logFile Completed in 7ms
30 timing npm:load:timers Completed in 0ms
31 timing npm:load:configScope Completed in 0ms
32 timing npm:load Completed in 30ms
33 timing arborist:ctor Completed in 1ms
34 silly logfile start cleaning logs, removing 1 files
35 silly logfile done cleaning log files
36 timing idealTree:init Completed in 83ms
37 timing idealTree:userRequests Completed in 2ms
38 silly idealTree buildDeps
39 silly fetch manifest express-node-metrics@*
40 timing arborist:ctor Completed in 0ms
41 http fetch GET 200 https://registry.npmjs.org/express-node-metrics 1019ms (cache miss)
42 silly placeDep ROOT express-node-metrics@1.4.2 OK for:  want: *
43 silly fetch manifest event-loop-stats@^1.0.0
44 silly fetch manifest gc-stats@^1.0.2
45 silly fetch manifest measured@^1.1.0
46 silly fetch manifest memwatch-next@^0.3.0
47 silly fetch manifest node-schedule@^1.2.4
48 silly fetch manifest pidusage@^1.1.6
49 http fetch GET 200 https://registry.npmjs.org/event-loop-stats 79ms (cache miss)
50 http fetch GET 200 https://registry.npmjs.org/node-schedule 101ms (cache miss)
51 http fetch GET 200 https://registry.npmjs.org/pidusage 107ms (cache miss)
52 http fetch GET 200 https://registry.npmjs.org/memwatch-next 340ms (cache miss)
53 http fetch GET 200 https://registry.npmjs.org/gc-stats 842ms (cache miss)
54 http fetch GET 200 https://registry.npmjs.org/measured 977ms (cache miss)
55 timing idealTree:#root Completed in 2005ms
56 silly placeDep ROOT event-loop-stats@1.4.1 OK for: express-node-metrics@1.4.2 want: ^1.0.0
57 silly placeDep ROOT gc-stats@1.4.0 OK for: express-node-metrics@1.4.2 want: ^1.0.2
58 silly placeDep ROOT measured@1.1.0 OK for: express-node-metrics@1.4.2 want: ^1.1.0
59 silly placeDep ROOT memwatch-next@0.3.0 OK for: express-node-metrics@1.4.2 want: ^0.3.0
60 silly placeDep ROOT node-schedule@1.3.3 OK for: express-node-metrics@1.4.2 want: ^1.2.4
61 silly placeDep ROOT pidusage@1.2.0 OK for: express-node-metrics@1.4.2 want: ^1.1.6
62 silly fetch manifest nan@^2.14.0
63 silly fetch manifest nan@^2.13.2
64 silly fetch manifest bindings@^1.2.1
65 silly fetch manifest nan@^2.3.2
66 silly fetch manifest cron-parser@^2.18.0
67 silly fetch manifest long-timeout@0.1.1
68 silly fetch manifest sorted-array-functions@^1.3.0
69 http fetch GET 200 https://registry.npmjs.org/long-timeout 62ms (cache miss)
70 http fetch GET 200 https://registry.npmjs.org/nan 77ms (cache miss)
71 http fetch GET 200 https://registry.npmjs.org/nan 79ms (cache miss)
72 http fetch GET 200 https://registry.npmjs.org/nan 81ms (cache miss)
73 http fetch GET 200 https://registry.npmjs.org/sorted-array-functions 80ms (cache miss)
74 http fetch GET 200 https://registry.npmjs.org/bindings 85ms (cache miss)
75 http fetch GET 200 https://registry.npmjs.org/cron-parser 101ms (cache miss)
76 timing idealTree:node_modules/express-node-metrics Completed in 114ms
77 silly placeDep ROOT nan@2.17.0 OK for: event-loop-stats@1.4.1 want: ^2.14.0
78 timing idealTree:node_modules/event-loop-stats Completed in 2ms
79 timing idealTree:node_modules/gc-stats Completed in 0ms
80 timing idealTree:node_modules/measured Completed in 0ms
81 silly placeDep ROOT bindings@1.5.0 OK for: memwatch-next@0.3.0 want: ^1.2.1
82 silly fetch manifest file-uri-to-path@1.0.0
83 http fetch GET 200 https://registry.npmjs.org/file-uri-to-path 98ms (cache miss)
84 timing idealTree:node_modules/memwatch-next Completed in 101ms
85 silly placeDep ROOT file-uri-to-path@1.0.0 OK for: bindings@1.5.0 want: 1.0.0
86 timing idealTree:node_modules/bindings Completed in 1ms
87 timing idealTree:node_modules/file-uri-to-path Completed in 0ms
88 timing idealTree:node_modules/nan Completed in 0ms
89 silly placeDep ROOT cron-parser@2.18.0 OK for: node-schedule@1.3.3 want: ^2.18.0
90 silly placeDep ROOT long-timeout@0.1.1 OK for: node-schedule@1.3.3 want: 0.1.1
91 silly placeDep ROOT sorted-array-functions@1.3.0 OK for: node-schedule@1.3.3 want: ^1.3.0
92 silly fetch manifest is-nan@^1.3.0
93 silly fetch manifest moment-timezone@^0.5.31
94 http fetch GET 200 https://registry.npmjs.org/moment-timezone 66ms (cache miss)
95 http fetch GET 200 https://registry.npmjs.org/is-nan 106ms (cache miss)
96 timing idealTree:node_modules/node-schedule Completed in 110ms
97 silly placeDep ROOT is-nan@1.3.2 OK for: cron-parser@2.18.0 want: ^1.3.0
98 silly placeDep ROOT moment-timezone@0.5.37 OK for: cron-parser@2.18.0 want: ^0.5.31
99 silly fetch manifest define-properties@^1.1.3
100 silly fetch manifest moment@>= 2.9.0
101 http fetch GET 200 https://registry.npmjs.org/moment 57ms (cache miss)
102 http fetch GET 200 https://registry.npmjs.org/define-properties 60ms (cache miss)
103 timing idealTree:node_modules/cron-parser Completed in 64ms
104 silly placeDep ROOT define-properties@1.1.4 OK for: is-nan@1.3.2 want: ^1.1.3
105 silly fetch manifest has-property-descriptors@^1.0.0
106 silly fetch manifest object-keys@^1.1.1
107 http fetch GET 200 https://registry.npmjs.org/has-property-descriptors 55ms (cache miss)
108 http fetch GET 200 https://registry.npmjs.org/object-keys 58ms (cache miss)
109 timing idealTree:node_modules/is-nan Completed in 61ms
110 silly placeDep ROOT has-property-descriptors@1.0.0 OK for: define-properties@1.1.4 want: ^1.0.0
111 silly placeDep ROOT object-keys@1.1.1 OK for: define-properties@1.1.4 want: ^1.1.1
112 timing idealTree:node_modules/define-properties Completed in 2ms
113 timing idealTree:node_modules/has-property-descriptors Completed in 0ms
114 timing idealTree:node_modules/long-timeout Completed in 0ms
115 silly placeDep ROOT moment@2.29.4 OK for: moment-timezone@0.5.37 want: >= 2.9.0
116 timing idealTree:node_modules/moment-timezone Completed in 2ms
117 timing idealTree:node_modules/moment Completed in 1ms
118 timing idealTree:node_modules/object-keys Completed in 0ms
119 timing idealTree:node_modules/pidusage Completed in 0ms
120 timing idealTree:node_modules/sorted-array-functions Completed in 0ms
121 timing idealTree:buildDeps Completed in 2464ms
122 timing idealTree:fixDepFlags Completed in 1ms
123 timing idealTree Completed in 2553ms
124 timing reify:loadTrees Completed in 2555ms
125 timing reify:diffTrees Completed in 5ms
126 silly reify moves {}
127 timing reify:retireShallow Completed in 1ms
128 timing reify:createSparse Completed in 7ms
129 silly tarball no local data for gc-stats@https://registry.npmjs.org/gc-stats/-/gc-stats-1.4.0.tgz. Extracting by manifest.
130 http fetch GET 200 https://registry.npmjs.org/gc-stats/-/gc-stats-1.4.0.tgz 2084ms (cache miss)
131 timing reifyNode:node_modules/gc-stats Completed in 2097ms
132 timing arborist:ctor Completed in 0ms
133 timing reify:diffTrees Completed in 2ms
134 timing reify:loadBundles Completed in 2180ms
135 silly audit bulk request {
135 silly audit   '@babel/runtime': [ '7.19.0' ],
135 silly audit   '@types/raf': [ '3.4.0' ],
135 silly audit   accepts: [ '1.3.8' ],
135 silly audit   'array-flatten': [ '1.1.1' ],
135 silly audit   asap: [ '2.0.6' ],
135 silly audit   atob: [ '2.1.2' ],
135 silly audit   'base64-arraybuffer': [ '1.0.2' ],
135 silly audit   'body-parser': [ '1.20.0' ],
135 silly audit   btoa: [ '1.2.1' ],
135 silly audit   bytes: [ '3.1.2' ],
135 silly audit   'call-bind': [ '1.0.2' ],
135 silly audit   canvg: [ '3.0.10' ],
135 silly audit   'content-disposition': [ '0.5.4' ],
135 silly audit   'content-type': [ '1.0.4' ],
135 silly audit   cookie: [ '0.5.0' ],
135 silly audit   'cookie-signature': [ '1.0.6' ],
135 silly audit   'core-js': [ '3.25.5' ],
135 silly audit   'css-line-break': [ '2.1.0' ],
135 silly audit   'data-uri-to-buffer': [ '4.0.0' ],
135 silly audit   debug: [ '2.6.9', '4.1.1' ],
135 silly audit   depd: [ '2.0.0' ],
135 silly audit   destroy: [ '1.2.0' ],
135 silly audit   dezalgo: [ '1.0.3' ],
135 silly audit   dompurify: [ '2.4.0' ],
135 silly audit   'ee-first': [ '1.1.1' ],
135 silly audit   encodeurl: [ '1.0.2' ],
135 silly audit   'escape-html': [ '1.0.3' ],
135 silly audit   etag: [ '1.8.1' ],
135 silly audit   express: [ '4.18.1' ],
135 silly audit   'fetch-blob': [ '3.2.0' ],
135 silly audit   fflate: [ '0.4.8' ],
135 silly audit   finalhandler: [ '1.2.0' ],
135 silly audit   'formdata-polyfill': [ '4.0.10' ],
135 silly audit   formidable: [ '2.0.1' ],
135 silly audit   qs: [ '6.9.3', '6.10.3' ],
135 silly audit   forwarded: [ '0.2.0' ],
135 silly audit   fresh: [ '0.5.2' ],
135 silly audit   'function-bind': [ '1.1.1' ],
135 silly audit   'get-intrinsic': [ '1.1.3' ],
135 silly audit   has: [ '1.0.3' ],
135 silly audit   'has-symbols': [ '1.0.3' ],
135 silly audit   hexoid: [ '1.0.0' ],
135 silly audit   html2canvas: [ '1.4.1' ],
135 silly audit   'http-errors': [ '2.0.0' ],
135 silly audit   'iconv-lite': [ '0.4.24' ],
135 silly audit   inherits: [ '2.0.4', '2.0.3' ],
135 silly audit   'ipaddr.js': [ '1.9.1' ],
135 silly audit   jspdf: [ '2.5.1' ],
135 silly audit   'media-typer': [ '0.3.0' ],
135 silly audit   'merge-descriptors': [ '1.0.1' ],
135 silly audit   methods: [ '1.1.2' ],
135 silly audit   mime: [ '1.6.0' ],
135 silly audit   'mime-db': [ '1.52.0' ],
135 silly audit   'mime-types': [ '2.1.35' ],
135 silly audit   ms: [ '2.0.0', '2.1.3', '2.1.1' ],
135 silly audit   negotiator: [ '0.6.3' ],
135 silly audit   'node-domexception': [ '1.0.0' ],
135 silly audit   'node-fetch': [ '3.2.10' ],
135 silly audit   'object-inspect': [ '1.12.2' ],
135 silly audit   'on-finished': [ '2.4.1' ],
135 silly audit   once: [ '1.4.0' ],
135 silly audit   parseurl: [ '1.3.3' ],
135 silly audit   'path-to-regexp': [ '0.1.7' ],
135 silly audit   'performance-now': [ '2.1.0' ],
135 silly audit   'proxy-addr': [ '2.0.7' ],
135 silly audit   raf: [ '3.4.1' ],
135 silly audit   'range-parser': [ '1.2.1' ],
135 silly audit   'raw-body': [ '2.5.1' ],
135 silly audit   'regenerator-runtime': [ '0.13.9' ],
135 silly audit   rgbcolor: [ '1.0.1' ],
135 silly audit   'safe-buffer': [ '5.2.1', '5.1.2' ],
135 silly audit   'safer-buffer': [ '2.1.2' ],
135 silly audit   send: [ '0.18.0' ],
135 silly audit   'serve-static': [ '1.15.0' ],
135 silly audit   setprototypeof: [ '1.2.0' ],
135 silly audit   'side-channel': [ '1.0.4' ],
135 silly audit   'stackblur-canvas': [ '2.5.0' ],
135 silly audit   statuses: [ '2.0.1' ],
135 silly audit   'svg-pathdata': [ '6.0.3' ],
135 silly audit   'text-segmentation': [ '1.0.3' ],
135 silly audit   toidentifier: [ '1.0.1' ],
135 silly audit   'type-is': [ '1.6.18' ],
135 silly audit   unpipe: [ '1.0.0' ],
135 silly audit   'utils-merge': [ '1.0.1' ],
135 silly audit   utrie: [ '1.0.2' ],
135 silly audit   vary: [ '1.1.2' ],
135 silly audit   'web-streams-polyfill': [ '3.2.1' ],
135 silly audit   wrappy: [ '1.0.2' ],
135 silly audit   'express-node-metrics': [ '1.4.2' ],
135 silly audit   'event-loop-stats': [ '1.4.1' ],
135 silly audit   measured: [ '1.1.0' ],
135 silly audit   'memwatch-next': [ '0.3.0' ],
135 silly audit   'node-schedule': [ '1.3.3' ],
135 silly audit   pidusage: [ '1.2.0' ],
135 silly audit   nan: [ '2.17.0' ],
135 silly audit   bindings: [ '1.5.0' ],
135 silly audit   'file-uri-to-path': [ '1.0.0' ],
135 silly audit   'cron-parser': [ '2.18.0' ],
135 silly audit   'long-timeout': [ '0.1.1' ],
135 silly audit   'sorted-array-functions': [ '1.3.0' ],
135 silly audit   'is-nan': [ '1.3.2' ],
135 silly audit   'moment-timezone': [ '0.5.37' ],
135 silly audit   'define-properties': [ '1.1.4' ],
135 silly audit   'has-property-descriptors': [ '1.0.0' ],
135 silly audit   'object-keys': [ '1.1.1' ],
135 silly audit   moment: [ '2.29.4' ],
135 silly audit   'gc-stats': [ '1.4.0' ],
135 silly audit   abbrev: [ '1.1.1' ],
135 silly audit   'ansi-regex': [ '2.1.1' ],
135 silly audit   aproba: [ '1.2.0' ],
135 silly audit   'are-we-there-yet': [ '1.1.5' ],
135 silly audit   'balanced-match': [ '1.0.0' ],
135 silly audit   'brace-expansion': [ '1.1.11' ],
135 silly audit   chownr: [ '1.1.1' ],
135 silly audit   'code-point-at': [ '1.1.0' ],
135 silly audit   'concat-map': [ '0.0.1' ],
135 silly audit   'console-control-strings': [ '1.1.0' ],
135 silly audit   'core-util-is': [ '1.0.2' ],
135 silly audit   'deep-extend': [ '0.6.0' ],
135 silly audit   delegates: [ '1.0.0' ],
135 silly audit   'detect-libc': [ '1.0.3' ],
135 silly audit   'fs-minipass': [ '1.2.5' ],
135 silly audit   'fs.realpath': [ '1.0.0' ],
135 silly audit   gauge: [ '2.7.4' ],
135 silly audit   glob: [ '7.1.3' ],
135 silly audit   'has-unicode': [ '2.0.1' ],
135 silly audit   'ignore-walk': [ '3.0.1' ],
135 silly audit   inflight: [ '1.0.6' ],
135 silly audit   ini: [ '1.3.5' ],
135 silly audit   'is-fullwidth-code-point': [ '1.0.0' ],
135 silly audit   isarray: [ '1.0.0' ],
135 silly audit   minimatch: [ '3.0.4' ],
135 silly audit   minimist: [ '0.0.8', '1.2.0' ],
135 silly audit   minipass: [ '2.3.5' ],
135 silly audit   minizlib: [ '1.2.1' ],
135 silly audit   mkdirp: [ '0.5.1' ],
135 silly audit   needle: [ '2.3.1' ],
135 silly audit   'node-pre-gyp': [ '0.13.0' ],
135 silly audit   nopt: [ '4.0.1' ],
135 silly audit   'npm-bundled': [ '1.0.6' ],
135 silly audit   'npm-packlist': [ '1.4.1' ],
135 silly audit   npmlog: [ '4.1.2' ],
135 silly audit   'number-is-nan': [ '1.0.1' ],
135 silly audit   'object-assign': [ '4.1.1' ],
135 silly audit   'os-homedir': [ '1.0.2' ],
135 silly audit   'os-tmpdir': [ '1.0.2' ],
135 silly audit   osenv: [ '0.1.5' ],
135 silly audit   'path-is-absolute': [ '1.0.1' ],
135 silly audit   'process-nextick-args': [ '2.0.0' ],
135 silly audit   rc: [ '1.2.8' ],
135 silly audit   'readable-stream': [ '2.3.6' ],
135 silly audit   rimraf: [ '2.6.3' ],
135 silly audit   sax: [ '1.2.4' ],
135 silly audit   semver: [ '5.7.0' ],
135 silly audit   'set-blocking': [ '2.0.0' ],
135 silly audit   'signal-exit': [ '3.0.2' ],
135 silly audit   'string-width': [ '1.0.2' ],
135 silly audit   string_decoder: [ '1.1.1' ],
135 silly audit   'strip-ansi': [ '3.0.1' ],
135 silly audit   'strip-json-comments': [ '2.0.1' ],
135 silly audit   tar: [ '4.4.8' ],
135 silly audit   'util-deprecate': [ '1.0.2' ],
135 silly audit   'wide-align': [ '1.1.3' ],
135 silly audit   yallist: [ '3.0.3' ]
135 silly audit }
136 silly tarball no local data for object-keys@https://registry.npmjs.org/object-keys/-/object-keys-1.1.1.tgz. Extracting by manifest.
137 silly tarball no local data for define-properties@https://registry.npmjs.org/define-properties/-/define-properties-1.1.4.tgz. Extracting by manifest.
138 silly tarball no local data for moment-timezone@https://registry.npmjs.org/moment-timezone/-/moment-timezone-0.5.37.tgz. Extracting by manifest.
139 silly tarball no local data for is-nan@https://registry.npmjs.org/is-nan/-/is-nan-1.3.2.tgz. Extracting by manifest.
140 silly tarball no local data for long-timeout@https://registry.npmjs.org/long-timeout/-/long-timeout-0.1.1.tgz. Extracting by manifest.
141 silly tarball no local data for sorted-array-functions@https://registry.npmjs.org/sorted-array-functions/-/sorted-array-functions-1.3.0.tgz. Extracting by manifest.
142 silly tarball no local data for cron-parser@https://registry.npmjs.org/cron-parser/-/cron-parser-2.18.0.tgz. Extracting by manifest.
143 silly tarball no local data for file-uri-to-path@https://registry.npmjs.org/file-uri-to-path/-/file-uri-to-path-1.0.0.tgz. Extracting by manifest.
144 silly tarball no local data for bindings@https://registry.npmjs.org/bindings/-/bindings-1.5.0.tgz. Extracting by manifest.
145 silly tarball no local data for nan@https://registry.npmjs.org/nan/-/nan-2.17.0.tgz. Extracting by manifest.
146 silly tarball no local data for pidusage@https://registry.npmjs.org/pidusage/-/pidusage-1.2.0.tgz. Extracting by manifest.
147 silly tarball no local data for node-schedule@https://registry.npmjs.org/node-schedule/-/node-schedule-1.3.3.tgz. Extracting by manifest.
148 silly tarball no local data for memwatch-next@https://registry.npmjs.org/memwatch-next/-/memwatch-next-0.3.0.tgz. Extracting by manifest.
149 silly tarball no local data for measured@https://registry.npmjs.org/measured/-/measured-1.1.0.tgz. Extracting by manifest.
150 silly tarball no local data for event-loop-stats@https://registry.npmjs.org/event-loop-stats/-/event-loop-stats-1.4.1.tgz. Extracting by manifest.
151 silly tarball no local data for moment@https://registry.npmjs.org/moment/-/moment-2.29.4.tgz. Extracting by manifest.
152 silly tarball no local data for has-property-descriptors@https://registry.npmjs.org/has-property-descriptors/-/has-property-descriptors-1.0.0.tgz. Extracting by manifest.
153 silly tarball no local data for express-node-metrics@https://registry.npmjs.org/express-node-metrics/-/express-node-metrics-1.4.2.tgz. Extracting by manifest.
154 http fetch GET 200 https://registry.npmjs.org/long-timeout/-/long-timeout-0.1.1.tgz 126ms (cache miss)
155 timing reifyNode:node_modules/long-timeout Completed in 147ms
156 http fetch GET 200 https://registry.npmjs.org/object-keys/-/object-keys-1.1.1.tgz 159ms (cache miss)
157 timing reifyNode:node_modules/object-keys Completed in 173ms
158 http fetch GET 200 https://registry.npmjs.org/sorted-array-functions/-/sorted-array-functions-1.3.0.tgz 152ms (cache miss)
159 timing reifyNode:node_modules/sorted-array-functions Completed in 173ms
160 http fetch GET 200 https://registry.npmjs.org/define-properties/-/define-properties-1.1.4.tgz 172ms (cache miss)
161 timing reifyNode:node_modules/define-properties Completed in 187ms
162 http fetch GET 200 https://registry.npmjs.org/event-loop-stats/-/event-loop-stats-1.4.1.tgz 187ms (cache miss)
163 timing reifyNode:node_modules/event-loop-stats Completed in 220ms
164 http fetch GET 200 https://registry.npmjs.org/bindings/-/bindings-1.5.0.tgz 198ms (cache miss)
165 timing reifyNode:node_modules/bindings Completed in 226ms
166 http fetch GET 200 https://registry.npmjs.org/file-uri-to-path/-/file-uri-to-path-1.0.0.tgz 207ms (cache miss)
167 timing reifyNode:node_modules/file-uri-to-path Completed in 231ms
168 http fetch GET 200 https://registry.npmjs.org/has-property-descriptors/-/has-property-descriptors-1.0.0.tgz 195ms (cache miss)
169 timing reifyNode:node_modules/has-property-descriptors Completed in 233ms
170 http fetch GET 200 https://registry.npmjs.org/is-nan/-/is-nan-1.3.2.tgz 218ms (cache miss)
171 timing reifyNode:node_modules/is-nan Completed in 240ms
172 http fetch GET 200 https://registry.npmjs.org/pidusage/-/pidusage-1.2.0.tgz 215ms (cache miss)
173 timing reifyNode:node_modules/pidusage Completed in 245ms
174 http fetch GET 200 https://registry.npmjs.org/node-schedule/-/node-schedule-1.3.3.tgz 223ms (cache miss)
175 timing reifyNode:node_modules/node-schedule Completed in 255ms
176 http fetch POST 200 https://registry.npmjs.org/-/npm/v1/security/advisories/bulk 270ms
177 timing auditReport:getReport Completed in 275ms
178 silly audit report {
178 silly audit report   tar: [
178 silly audit report     {
178 silly audit report       id: 1070363,
178 silly audit report       url: 'https://github.com/advisories/GHSA-5955-9wpr-37jh',
178 silly audit report       title: 'Arbitrary File Creation/Overwrite on Windows via insufficient relative path sanitization',
178 silly audit report       severity: 'high',
178 silly audit report       vulnerable_versions: '<4.4.18',
178 silly audit report       cwe: [Array],
178 silly audit report       cvss: [Object]
178 silly audit report     },
178 silly audit report     {
178 silly audit report       id: 1070366,
178 silly audit report       url: 'https://github.com/advisories/GHSA-qq89-hq3f-393p',
178 silly audit report       title: 'Arbitrary File Creation/Overwrite via insufficient symlink protection due to directory cache poisoning using symbolic links',
178 silly audit report       severity: 'high',
178 silly audit report       vulnerable_versions: '<4.4.18',
178 silly audit report       cwe: [Array],
178 silly audit report       cvss: [Object]
178 silly audit report     },
178 silly audit report     {
178 silly audit report       id: 1070369,
178 silly audit report       url: 'https://github.com/advisories/GHSA-9r2w-394v-53qc',
178 silly audit report       title: 'Arbitrary File Creation/Overwrite via insufficient symlink protection due to directory cache poisoning using symbolic links',
178 silly audit report       severity: 'high',
178 silly audit report       vulnerable_versions: '<4.4.16',
178 silly audit report       cwe: [Array],
178 silly audit report       cvss: [Object]
178 silly audit report     },
178 silly audit report     {
178 silly audit report       id: 1070372,
178 silly audit report       url: 'https://github.com/advisories/GHSA-3jfq-g458-7qm9',
178 silly audit report       title: 'Arbitrary File Creation/Overwrite due to insufficient absolute path sanitization',
178 silly audit report       severity: 'high',
178 silly audit report       vulnerable_versions: '>=4.0.0 <4.4.14',
178 silly audit report       cwe: [Array],
178 silly audit report       cvss: [Object]
178 silly audit report     },
178 silly audit report     {
178 silly audit report       id: 1080911,
178 silly audit report       url: 'https://github.com/advisories/GHSA-r628-mhmh-qjhw',
178 silly audit report       title: 'Arbitrary File Creation/Overwrite via insufficient symlink protection due to directory cache poisoning',
178 silly audit report       severity: 'high',
178 silly audit report       vulnerable_versions: '>=4.0.0 <4.4.15',
178 silly audit report       cwe: [Array],
178 silly audit report       cvss: [Object]
178 silly audit report     }
178 silly audit report   ],
178 silly audit report   minimist: [
178 silly audit report     {
178 silly audit report       id: 1070254,
178 silly audit report       url: 'https://github.com/advisories/GHSA-vh95-rmgr-6w4m',
178 silly audit report       title: 'Prototype Pollution in minimist',
178 silly audit report       severity: 'moderate',
178 silly audit report       vulnerable_versions: '>=1.0.0 <1.2.3',
178 silly audit report       cwe: [Array],
178 silly audit report       cvss: [Object]
178 silly audit report     },
178 silly audit report     {
178 silly audit report       id: 1070255,
178 silly audit report       url: 'https://github.com/advisories/GHSA-vh95-rmgr-6w4m',
178 silly audit report       title: 'Prototype Pollution in minimist',
178 silly audit report       severity: 'moderate',
178 silly audit report       vulnerable_versions: '<0.2.1',
178 silly audit report       cwe: [Array],
178 silly audit report       cvss: [Object]
178 silly audit report     },
178 silly audit report     {
178 silly audit report       id: 1067342,
178 silly audit report       url: 'https://github.com/advisories/GHSA-xvch-5gv4-984h',
178 silly audit report       title: 'Prototype Pollution in minimist',
178 silly audit report       severity: 'critical',
178 silly audit report       vulnerable_versions: '<1.2.6',
178 silly audit report       cwe: [Array],
178 silly audit report       cvss: [Object]
178 silly audit report     }
178 silly audit report   ],
178 silly audit report   ini: [
178 silly audit report     {
178 silly audit report       id: 1081914,
178 silly audit report       url: 'https://github.com/advisories/GHSA-qqgx-2p2h-9c37',
178 silly audit report       title: 'ini before 1.3.6 vulnerable to Prototype Pollution via ini.parse',
178 silly audit report       severity: 'high',
178 silly audit report       vulnerable_versions: '<1.3.6',
178 silly audit report       cwe: [Array],
178 silly audit report       cvss: [Object]
178 silly audit report     }
178 silly audit report   ]
178 silly audit report }
179 timing metavuln:cache:get:security-advisory:tar:XujiZMRfQGqBn+muOIgJKorJGxHZWAPy1mSGJE55PXbeI4TkLlduJZpftaMToAR4Vp9HPP/lDMnX/YRn0Nb+CA== Completed in 6ms
180 timing metavuln:cache:get:security-advisory:tar:onMwyyRWKDIKkHlpvR4WBcQKgy6y6HkyIOgIyxjN0szZTG3bi8chVqaNG2GqpoT4yvoRxOA8HoW/cnBYpfH5NQ== Completed in 5ms
181 timing metavuln:cache:get:security-advisory:tar:arzBB+Jr2MtzGPkZgR28EcdoeK9dMOVvzSNEwcx9iak3/E8KVVofBp2Becjpj5er/b9OCwH2NQ4Bc9zLNc8Jow== Completed in 5ms
182 timing metavuln:cache:get:security-advisory:tar:Iy4fEnxge76NxmNG+3++R8IRXH2DI3BWzL2gXe8nqgkzaqjerBhSi3w8mWP3xCFKcDmgND9AxGUAerQ63WaBDA== Completed in 6ms
183 timing metavuln:cache:get:security-advisory:tar:cOAAj7ME+rtuLzjz57x3n0MDPfWyc3+6/ZXHq1FIWl/TxKG/FyhQoHajPG8l+k90eka8+kgaUtL3YIKakF8EWQ== Completed in 6ms
184 timing metavuln:cache:get:security-advisory:minimist:HM639IbFj8AvxaH23+jnhS7d3y2d8JaXxTfJGjGmcLQZ6k5phpMc3HmEfAUjbloiJ7pIlRbrZB0WuVcYcfvswA== Completed in 6ms
185 timing metavuln:cache:get:security-advisory:minimist:HzlTd/CS509JwqRUmSOa+xKGYgjeXpUaWCnQckWGHjn/fcOUvS1viXUyBuSwKMKOELDnu9ADP3t6IyP7rFSUIA== Completed in 5ms
186 timing metavuln:cache:get:security-advisory:minimist:nZkhUdPEpKwzIx1nekYW4B7BHQyF2nm6J0JsgeP2HfA0DRMT5hhByRU71A4RPgtBbQPYEzVBozv8/mBZCafaGw== Completed in 5ms
187 timing metavuln:cache:get:security-advisory:ini:D9orsqQbWGf1mK4OB16xIPsYHifXCqkbiLk0BE+tJMHgIgPtQbxRzh7A5ApWl5H2iRT9x2oNHchvsHsmPllGFw== Completed in 5ms
188 http fetch GET 200 https://registry.npmjs.org/cron-parser/-/cron-parser-2.18.0.tgz 265ms (cache miss)
189 timing reifyNode:node_modules/cron-parser Completed in 288ms
190 http fetch GET 200 https://registry.npmjs.org/nan/-/nan-2.17.0.tgz 292ms (cache miss)
191 timing reifyNode:node_modules/nan Completed in 321ms
192 http fetch GET 200 https://registry.npmjs.org/tar 71ms (cache miss)
193 timing metavuln:packument:tar Completed in 72ms
194 timing metavuln:load:security-advisory:tar:1070363 Completed in 4ms
195 timing metavuln:load:security-advisory:tar:1070366 Completed in 5ms
196 timing metavuln:load:security-advisory:tar:1070369 Completed in 3ms
197 timing metavuln:load:security-advisory:tar:1070372 Completed in 4ms
198 timing metavuln:load:security-advisory:tar:1080911 Completed in 2ms
199 timing metavuln:cache:put:security-advisory:tar:XujiZMRfQGqBn+muOIgJKorJGxHZWAPy1mSGJE55PXbeI4TkLlduJZpftaMToAR4Vp9HPP/lDMnX/YRn0Nb+CA== Completed in 43ms
200 timing metavuln:calculate:security-advisory:tar:1070363 Completed in 120ms
201 timing metavuln:cache:put:security-advisory:tar:arzBB+Jr2MtzGPkZgR28EcdoeK9dMOVvzSNEwcx9iak3/E8KVVofBp2Becjpj5er/b9OCwH2NQ4Bc9zLNc8Jow== Completed in 34ms
202 timing metavuln:calculate:security-advisory:tar:1070369 Completed in 119ms
203 timing metavuln:cache:put:security-advisory:tar:Iy4fEnxge76NxmNG+3++R8IRXH2DI3BWzL2gXe8nqgkzaqjerBhSi3w8mWP3xCFKcDmgND9AxGUAerQ63WaBDA== Completed in 31ms
204 timing metavuln:calculate:security-advisory:tar:1070372 Completed in 119ms
205 timing metavuln:cache:put:security-advisory:tar:cOAAj7ME+rtuLzjz57x3n0MDPfWyc3+6/ZXHq1FIWl/TxKG/FyhQoHajPG8l+k90eka8+kgaUtL3YIKakF8EWQ== Completed in 29ms
206 timing metavuln:calculate:security-advisory:tar:1080911 Completed in 119ms
207 http fetch GET 200 https://registry.npmjs.org/ini 121ms (cache miss)
208 timing metavuln:packument:ini Completed in 121ms
209 timing metavuln:load:security-advisory:ini:1081914 Completed in 0ms
210 http fetch GET 200 https://registry.npmjs.org/minimist 124ms (cache miss)
211 timing metavuln:packument:minimist Completed in 124ms
212 timing metavuln:load:security-advisory:minimist:1070254 Completed in 1ms
213 timing metavuln:load:security-advisory:minimist:1070255 Completed in 1ms
214 timing metavuln:load:security-advisory:minimist:1067342 Completed in 0ms
215 timing metavuln:cache:put:security-advisory:tar:onMwyyRWKDIKkHlpvR4WBcQKgy6y6HkyIOgIyxjN0szZTG3bi8chVqaNG2GqpoT4yvoRxOA8HoW/cnBYpfH5NQ== Completed in 49ms
216 timing metavuln:calculate:security-advisory:tar:1070366 Completed in 130ms
217 timing metavuln:cache:put:security-advisory:ini:D9orsqQbWGf1mK4OB16xIPsYHifXCqkbiLk0BE+tJMHgIgPtQbxRzh7A5ApWl5H2iRT9x2oNHchvsHsmPllGFw== Completed in 24ms
218 timing metavuln:calculate:security-advisory:ini:1081914 Completed in 146ms
219 timing metavuln:cache:put:security-advisory:minimist:HM639IbFj8AvxaH23+jnhS7d3y2d8JaXxTfJGjGmcLQZ6k5phpMc3HmEfAUjbloiJ7pIlRbrZB0WuVcYcfvswA== Completed in 23ms
220 timing metavuln:calculate:security-advisory:minimist:1070254 Completed in 148ms
221 timing metavuln:cache:put:security-advisory:minimist:HzlTd/CS509JwqRUmSOa+xKGYgjeXpUaWCnQckWGHjn/fcOUvS1viXUyBuSwKMKOELDnu9ADP3t6IyP7rFSUIA== Completed in 25ms
222 timing metavuln:calculate:security-advisory:minimist:1070255 Completed in 150ms
223 timing metavuln:cache:put:security-advisory:minimist:nZkhUdPEpKwzIx1nekYW4B7BHQyF2nm6J0JsgeP2HfA0DRMT5hhByRU71A4RPgtBbQPYEzVBozv8/mBZCafaGw== Completed in 25ms
224 timing metavuln:calculate:security-advisory:minimist:1067342 Completed in 151ms
225 timing metavuln:cache:get:security-advisory:node-pre-gyp:KGxP4IKaxBZR0i9cP3wMikScxFsKnC7JP60Nj6ZRUM8XjoSh9X6m0k+G4kY3p9mJzTvhR/HUtLGV9lmH9tPHdg== Completed in 2ms
226 http fetch GET 200 https://registry.npmjs.org/measured/-/measured-1.1.0.tgz 394ms (cache miss)
227 warn deprecated measured@1.1.0: This package has been renamed to measured-core, all versions of measured have been re-released under measured-core, please update your package and consider updating to the newest version. See https://github.com/yaorg/node-measured for latest updates.
228 timing reifyNode:node_modules/measured Completed in 426ms
229 http fetch GET 200 https://registry.npmjs.org/memwatch-next/-/memwatch-next-0.3.0.tgz 398ms (cache miss)
230 timing reifyNode:node_modules/memwatch-next Completed in 429ms
231 http fetch GET 200 https://registry.npmjs.org/moment-timezone/-/moment-timezone-0.5.37.tgz 449ms (cache miss)
232 timing reifyNode:node_modules/moment-timezone Completed in 466ms
233 http fetch GET 200 https://registry.npmjs.org/node-pre-gyp 81ms (cache miss)
234 timing metavuln:packument:node-pre-gyp Completed in 83ms
235 timing metavuln:load:security-advisory:node-pre-gyp:XujiZMRfQGqBn+muOIgJKorJGxHZWAPy1mSGJE55PXbeI4TkLlduJZpftaMToAR4Vp9HPP/lDMnX/YRn0Nb+CA== Completed in 10ms
236 timing metavuln:cache:put:security-advisory:node-pre-gyp:KGxP4IKaxBZR0i9cP3wMikScxFsKnC7JP60Nj6ZRUM8XjoSh9X6m0k+G4kY3p9mJzTvhR/HUtLGV9lmH9tPHdg== Completed in 6ms
237 timing metavuln:calculate:security-advisory:node-pre-gyp:XujiZMRfQGqBn+muOIgJKorJGxHZWAPy1mSGJE55PXbeI4TkLlduJZpftaMToAR4Vp9HPP/lDMnX/YRn0Nb+CA== Completed in 99ms
238 timing metavuln:cache:get:security-advisory:rc:lY0T7yQCamSwv6XrfkWFkNC52rORUpy+EA52ZHNPnNx68d9GVbTXrEorrxRr7Rp5o2tBSHDK27ayPcgCQX8IrQ== Completed in 3ms
239 http fetch GET 200 https://registry.npmjs.org/rc 60ms (cache miss)
240 timing metavuln:packument:rc Completed in 60ms
241 timing metavuln:load:security-advisory:rc:HM639IbFj8AvxaH23+jnhS7d3y2d8JaXxTfJGjGmcLQZ6k5phpMc3HmEfAUjbloiJ7pIlRbrZB0WuVcYcfvswA== Completed in 2ms
242 timing metavuln:cache:put:security-advisory:rc:lY0T7yQCamSwv6XrfkWFkNC52rORUpy+EA52ZHNPnNx68d9GVbTXrEorrxRr7Rp5o2tBSHDK27ayPcgCQX8IrQ== Completed in 11ms
243 timing metavuln:calculate:security-advisory:rc:HM639IbFj8AvxaH23+jnhS7d3y2d8JaXxTfJGjGmcLQZ6k5phpMc3HmEfAUjbloiJ7pIlRbrZB0WuVcYcfvswA== Completed in 75ms
244 timing metavuln:cache:get:security-advisory:mkdirp:+PhhGcJymuV+5rvW81MCikyjMiTBQuLIQZOUvB89Mb8uk3Q8tDX1tf8ihGO4POtNtnBz09eROrGo7rpMSategw== Completed in 8ms
245 http fetch GET 200 https://registry.npmjs.org/mkdirp 56ms (cache miss)
246 timing metavuln:packument:mkdirp Completed in 58ms
247 timing metavuln:load:security-advisory:mkdirp:HzlTd/CS509JwqRUmSOa+xKGYgjeXpUaWCnQckWGHjn/fcOUvS1viXUyBuSwKMKOELDnu9ADP3t6IyP7rFSUIA== Completed in 1ms
248 timing metavuln:cache:put:security-advisory:mkdirp:+PhhGcJymuV+5rvW81MCikyjMiTBQuLIQZOUvB89Mb8uk3Q8tDX1tf8ihGO4POtNtnBz09eROrGo7rpMSategw== Completed in 4ms
249 timing metavuln:calculate:security-advisory:mkdirp:HzlTd/CS509JwqRUmSOa+xKGYgjeXpUaWCnQckWGHjn/fcOUvS1viXUyBuSwKMKOELDnu9ADP3t6IyP7rFSUIA== Completed in 64ms
250 timing metavuln:cache:get:security-advisory:rc:RYv2NQTGlfWjx1q+ykvyODraxitC4gma4Rq8Vr7sslRJbgy+tRUpBtfXP+sMEGk/kE89/nOndkRb1AI2zSvR3A== Completed in 0ms
251 timing metavuln:load:security-advisory:rc:D9orsqQbWGf1mK4OB16xIPsYHifXCqkbiLk0BE+tJMHgIgPtQbxRzh7A5ApWl5H2iRT9x2oNHchvsHsmPllGFw== Completed in 2ms
252 timing metavuln:cache:put:security-advisory:rc:RYv2NQTGlfWjx1q+ykvyODraxitC4gma4Rq8Vr7sslRJbgy+tRUpBtfXP+sMEGk/kE89/nOndkRb1AI2zSvR3A== Completed in 8ms
253 timing metavuln:calculate:security-advisory:rc:D9orsqQbWGf1mK4OB16xIPsYHifXCqkbiLk0BE+tJMHgIgPtQbxRzh7A5ApWl5H2iRT9x2oNHchvsHsmPllGFw== Completed in 10ms
254 timing metavuln:cache:get:security-advisory:node-pre-gyp:z19qHNmpXTPbLzwnNxMxWnnPkqXSioARt9vuZKl9ajezY7zI8qc94ZXQYxax3jvycdupn1w4od5jrY3B3uxUWQ== Completed in 0ms
255 timing metavuln:load:security-advisory:node-pre-gyp:+PhhGcJymuV+5rvW81MCikyjMiTBQuLIQZOUvB89Mb8uk3Q8tDX1tf8ihGO4POtNtnBz09eROrGo7rpMSategw== Completed in 5ms
256 timing metavuln:cache:get:security-advisory:tar:XPdTDgM4UjF1BxMNWf4LqacmtzM1+/J3R3lywhUdcSlspWCjwbDwN5v6LadQ1hb/QzHJiwTMa2cO5EKFOmeQ5w== Completed in 5ms
257 timing metavuln:load:security-advisory:tar:+PhhGcJymuV+5rvW81MCikyjMiTBQuLIQZOUvB89Mb8uk3Q8tDX1tf8ihGO4POtNtnBz09eROrGo7rpMSategw== Completed in 3ms
258 timing metavuln:cache:put:security-advisory:node-pre-gyp:z19qHNmpXTPbLzwnNxMxWnnPkqXSioARt9vuZKl9ajezY7zI8qc94ZXQYxax3jvycdupn1w4od5jrY3B3uxUWQ== Completed in 11ms
259 timing metavuln:calculate:security-advisory:node-pre-gyp:+PhhGcJymuV+5rvW81MCikyjMiTBQuLIQZOUvB89Mb8uk3Q8tDX1tf8ihGO4POtNtnBz09eROrGo7rpMSategw== Completed in 16ms
260 timing metavuln:cache:put:security-advisory:tar:XPdTDgM4UjF1BxMNWf4LqacmtzM1+/J3R3lywhUdcSlspWCjwbDwN5v6LadQ1hb/QzHJiwTMa2cO5EKFOmeQ5w== Completed in 9ms
261 timing metavuln:calculate:security-advisory:tar:+PhhGcJymuV+5rvW81MCikyjMiTBQuLIQZOUvB89Mb8uk3Q8tDX1tf8ihGO4POtNtnBz09eROrGo7rpMSategw== Completed in 17ms
262 timing auditReport:init Completed in 420ms
263 timing reify:audit Completed in 696ms
264 http fetch GET 200 https://registry.npmjs.org/moment/-/moment-2.29.4.tgz 665ms (cache miss)
265 timing reifyNode:node_modules/moment Completed in 702ms
266 http fetch GET 200 https://registry.npmjs.org/express-node-metrics/-/express-node-metrics-1.4.2.tgz 1224ms (cache miss)
267 timing reifyNode:node_modules/express-node-metrics Completed in 1281ms
268 timing reify:unpack Completed in 1283ms
269 timing reify:unretire Completed in 0ms
270 timing build:queue Completed in 8ms
271 timing build:link:node_modules/gc-stats/node_modules/detect-libc Completed in 8ms
272 timing build:link:node_modules/gc-stats/node_modules/mkdirp Completed in 9ms
273 timing build:link:node_modules/gc-stats/node_modules/nopt Completed in 8ms
274 timing build:link:node_modules/gc-stats/node_modules/rc Completed in 8ms
275 timing build:link:node_modules/gc-stats/node_modules/rimraf Completed in 8ms
276 timing build:link:node_modules/gc-stats/node_modules/needle Completed in 8ms
277 timing build:link:node_modules/gc-stats/node_modules/semver Completed in 8ms
278 timing build:link:node_modules/gc-stats/node_modules/node-pre-gyp Completed in 8ms
279 timing build:link Completed in 9ms
280 info run event-loop-stats@1.4.1 install node_modules/event-loop-stats node-gyp rebuild
281 info run gc-stats@1.4.0 install node_modules/gc-stats node-pre-gyp install --fallback-to-build
282 info run memwatch-next@0.3.0 install node_modules/memwatch-next node-gyp rebuild
283 info run memwatch-next@0.3.0 install { code: 1, signal: null }
284 info run event-loop-stats@1.4.1 install { code: 1, signal: null }
285 timing reify:rollback:createSparse Completed in 213ms
286 timing reify:rollback:retireShallow Completed in 0ms
287 timing command:install Completed in 7972ms
288 verbose stack Error: command failed
288 verbose stack     at ChildProcess.<anonymous> (/home/nunoamorim/.nvm/versions/node/v16.17.1/lib/node_modules/npm/node_modules/@npmcli/promise-spawn/lib/index.js:63:27)
288 verbose stack     at ChildProcess.emit (node:events:513:28)
288 verbose stack     at maybeClose (node:internal/child_process:1093:16)
288 verbose stack     at Process.ChildProcess._handle.onexit (node:internal/child_process:302:5)
289 verbose pkgid memwatch-next@0.3.0
290 verbose cwd /home/nunoamorim/ITI
291 verbose Linux 5.10.16.3-microsoft-standard-WSL2
292 verbose node v16.17.1
293 verbose npm  v8.15.0
294 error code 1
295 error path /home/nunoamorim/ITI/node_modules/memwatch-next
296 error command failed
297 error command sh /tmp/install-cf9be4d2.sh
298 error gyp info it worked if it ends with ok
298 error gyp info using node-gyp@9.0.0
298 error gyp info using node@16.17.1 | linux | x64
298 error gyp info find Python using Python version 3.8.10 found at "/usr/bin/python3"
298 error gyp http GET https://nodejs.org/download/release/v16.17.1/node-v16.17.1-headers.tar.gz
298 error gyp http 200 https://nodejs.org/download/release/v16.17.1/node-v16.17.1-headers.tar.gz
298 error gyp http GET https://nodejs.org/download/release/v16.17.1/SHASUMS256.txt
298 error gyp http 200 https://nodejs.org/download/release/v16.17.1/SHASUMS256.txt
298 error gyp info spawn /usr/bin/python3
298 error gyp info spawn args [
298 error gyp info spawn args   '/home/nunoamorim/.nvm/versions/node/v16.17.1/lib/node_modules/npm/node_modules/node-gyp/gyp/gyp_main.py',
298 error gyp info spawn args   'binding.gyp',
298 error gyp info spawn args   '-f',
298 error gyp info spawn args   'make',
298 error gyp info spawn args   '-I',
298 error gyp info spawn args   '/home/nunoamorim/ITI/node_modules/memwatch-next/build/config.gypi',
298 error gyp info spawn args   '-I',
298 error gyp info spawn args   '/home/nunoamorim/.nvm/versions/node/v16.17.1/lib/node_modules/npm/node_modules/node-gyp/addon.gypi',
298 error gyp info spawn args   '-I',
298 error gyp info spawn args   '/home/nunoamorim/.cache/node-gyp/16.17.1/include/node/common.gypi',
298 error gyp info spawn args   '-Dlibrary=shared_library',
298 error gyp info spawn args   '-Dvisibility=default',
298 error gyp info spawn args   '-Dnode_root_dir=/home/nunoamorim/.cache/node-gyp/16.17.1',
298 error gyp info spawn args   '-Dnode_gyp_dir=/home/nunoamorim/.nvm/versions/node/v16.17.1/lib/node_modules/npm/node_modules/node-gyp',
298 error gyp info spawn args   '-Dnode_lib_file=/home/nunoamorim/.cache/node-gyp/16.17.1/<(target_arch)/node.lib',
298 error gyp info spawn args   '-Dmodule_root_dir=/home/nunoamorim/ITI/node_modules/memwatch-next',
298 error gyp info spawn args   '-Dnode_engine=v8',
298 error gyp info spawn args   '--depth=.',
298 error gyp info spawn args   '--no-parallel',
298 error gyp info spawn args   '--generator-output',
298 error gyp info spawn args   'build',
298 error gyp info spawn args   '-Goutput_dir=.'
298 error gyp info spawn args ]
298 error gyp ERR! build error 
298 error gyp ERR! stack Error: not found: make
298 error gyp ERR! stack     at getNotFoundError (/home/nunoamorim/.nvm/versions/node/v16.17.1/lib/node_modules/npm/node_modules/which/which.js:10:17)
298 error gyp ERR! stack     at /home/nunoamorim/.nvm/versions/node/v16.17.1/lib/node_modules/npm/node_modules/which/which.js:57:18
298 error gyp ERR! stack     at new Promise (<anonymous>)
298 error gyp ERR! stack     at step (/home/nunoamorim/.nvm/versions/node/v16.17.1/lib/node_modules/npm/node_modules/which/which.js:54:21)
298 error gyp ERR! stack     at /home/nunoamorim/.nvm/versions/node/v16.17.1/lib/node_modules/npm/node_modules/which/which.js:71:22
298 error gyp ERR! stack     at new Promise (<anonymous>)
298 error gyp ERR! stack     at subStep (/home/nunoamorim/.nvm/versions/node/v16.17.1/lib/node_modules/npm/node_modules/which/which.js:69:33)
298 error gyp ERR! stack     at /home/nunoamorim/.nvm/versions/node/v16.17.1/lib/node_modules/npm/node_modules/which/which.js:80:22
298 error gyp ERR! stack     at /home/nunoamorim/.nvm/versions/node/v16.17.1/lib/node_modules/npm/node_modules/isexe/index.js:42:5
298 error gyp ERR! stack     at /home/nunoamorim/.nvm/versions/node/v16.17.1/lib/node_modules/npm/node_modules/isexe/mode.js:8:5
298 error gyp ERR! System Linux 5.10.16.3-microsoft-standard-WSL2
298 error gyp ERR! command "/home/nunoamorim/.nvm/versions/node/v16.17.1/bin/node" "/home/nunoamorim/.nvm/versions/node/v16.17.1/lib/node_modules/npm/node_modules/node-gyp/bin/node-gyp.js" "rebuild"
298 error gyp ERR! cwd /home/nunoamorim/ITI/node_modules/memwatch-next
298 error gyp ERR! node -v v16.17.1
298 error gyp ERR! node-gyp -v v9.0.0
298 error gyp ERR! not ok
299 verbose exit 1
300 timing npm Completed in 8077ms
301 verbose unfinished npm timer reify 1665674937485
302 verbose unfinished npm timer reify:build 1665674943535
303 verbose unfinished npm timer build 1665674943535
304 verbose unfinished npm timer build:deps 1665674943535
305 verbose unfinished npm timer build:run:install 1665674943553
306 verbose unfinished npm timer build:run:install:node_modules/event-loop-stats 1665674943554
307 verbose unfinished npm timer build:run:install:node_modules/gc-stats 1665674943562
308 verbose unfinished npm timer build:run:install:node_modules/memwatch-next 1665674943570
309 verbose code 1
310 error A complete log of this run can be found in:
310 error     /home/nunoamorim/.npm/_logs/2022-10-13T15_28_57_391Z-debug-0.log
