0 verbose cli /home/nunoamorim/.nvm/versions/node/v16.17.1/bin/node /home/nunoamorim/.nvm/versions/node/v16.17.1/bin/npm
1 info using npm@8.15.0
2 info using node@v16.17.1
3 timing npm:load:whichnode Completed in 1ms
4 timing config:load:defaults Completed in 4ms
5 timing config:load:file:/home/nunoamorim/.nvm/versions/node/v16.17.1/lib/node_modules/npm/npmrc Completed in 2ms
6 timing config:load:builtin Completed in 2ms
7 timing config:load:cli Completed in 4ms
8 timing config:load:env Completed in 0ms
9 timing config:load:file:/home/nunoamorim/.cache/typescript/4.8/.npmrc Completed in 0ms
10 timing config:load:project Completed in 17ms
11 timing config:load:file:/home/nunoamorim/.npmrc Completed in 0ms
12 timing config:load:user Completed in 1ms
13 timing config:load:file:/home/nunoamorim/.nvm/versions/node/v16.17.1/etc/npmrc Completed in 0ms
14 timing config:load:global Completed in 0ms
15 timing config:load:validate Completed in 0ms
16 timing config:load:credentials Completed in 3ms
17 timing config:load:setEnvs Completed in 2ms
18 timing config:load Completed in 35ms
19 timing npm:load:configload Completed in 35ms
20 timing npm:load:mkdirpcache Completed in 2ms
21 timing npm:load:mkdirplogs Completed in 1ms
22 verbose title npm install types-registry@latest
23 verbose argv "install" "--ignore-scripts" "types-registry@latest"
24 timing npm:load:setTitle Completed in 3ms
25 timing config:load:flatten Completed in 5ms
26 timing npm:load:display Completed in 6ms
27 verbose logfile logs-max:10 dir:/home/nunoamorim/.npm/_logs
28 verbose logfile /home/nunoamorim/.npm/_logs/2022-10-19T16_16_06_211Z-debug-0.log
29 timing npm:load:logFile Completed in 8ms
30 timing npm:load:timers Completed in 0ms
31 timing npm:load:configScope Completed in 0ms
32 timing npm:load Completed in 57ms
33 timing arborist:ctor Completed in 1ms
34 silly logfile start cleaning logs, removing 1 files
35 silly logfile done cleaning log files
36 timing idealTree:init Completed in 62ms
37 timing arborist:ctor Completed in 1ms
38 http fetch GET 200 https://registry.npmjs.org/types-registry 246ms (cache updated)
39 timing idealTree:userRequests Completed in 266ms
40 silly idealTree buildDeps
41 silly fetch manifest types-registry@0.1.614
42 silly placeDep ROOT types-registry@0.1.614 REPLACE for:  want: 0.1.614
43 timing idealTree:#root Completed in 10ms
44 timing idealTree:node_modules/types-registry Completed in 0ms
45 timing idealTree:buildDeps Completed in 15ms
46 timing idealTree:fixDepFlags Completed in 0ms
47 timing idealTree Completed in 346ms
48 timing reify:loadTrees Completed in 346ms
49 timing reify:diffTrees Completed in 12ms
50 silly reify mark retired [
50 silly reify   '/home/nunoamorim/.cache/typescript/4.8/node_modules/types-registry'
50 silly reify ]
51 silly reify moves {
51 silly reify   '/home/nunoamorim/.cache/typescript/4.8/node_modules/types-registry': '/home/nunoamorim/.cache/typescript/4.8/node_modules/.types-registry-UUWaKOyC'
51 silly reify }
52 timing reify:retireShallow Completed in 5ms
53 timing reify:createSparse Completed in 1ms
54 timing reify:loadBundles Completed in 0ms
55 silly audit bulk request {
55 silly audit   '@types/body-parser': [ '1.19.2' ],
55 silly audit   '@types/bytes': [ '3.1.1' ],
55 silly audit   '@types/connect': [ '3.4.35' ],
55 silly audit   '@types/content-type': [ '1.1.5' ],
55 silly audit   '@types/debug': [ '4.1.7' ],
55 silly audit   '@types/depd': [ '1.1.32' ],
55 silly audit   '@types/express': [ '4.17.14' ],
55 silly audit   '@types/express-serve-static-core': [ '4.17.31' ],
55 silly audit   '@types/formidable': [ '2.0.5' ],
55 silly audit   '@types/http-errors': [ '1.8.2' ],
55 silly audit   '@types/merge-descriptors': [ '1.0.1' ],
55 silly audit   '@types/mime': [ '3.0.1' ],
55 silly audit   '@types/ms': [ '0.7.31' ],
55 silly audit   '@types/node': [ '18.8.0' ],
55 silly audit   '@types/qs': [ '6.9.7' ],
55 silly audit   '@types/range-parser': [ '1.2.4' ],
55 silly audit   '@types/serve-static': [ '1.15.0' ],
55 silly audit   '@types/type-is': [ '1.6.3' ],
55 silly audit   'types-registry': [ '0.1.614' ]
55 silly audit }
56 silly tarball no local data for types-registry@https://registry.npmjs.org/types-registry/-/types-registry-0.1.614.tgz. Extracting by manifest.
57 http fetch GET 200 https://registry.npmjs.org/types-registry/-/types-registry-0.1.614.tgz 179ms (cache miss)
58 timing reifyNode:node_modules/types-registry Completed in 192ms
59 timing reify:unpack Completed in 200ms
60 timing reify:unretire Completed in 1ms
61 timing build:queue Completed in 1ms
62 timing build:deps Completed in 2ms
63 timing build Completed in 2ms
64 timing reify:build Completed in 2ms
65 timing reify:trash Completed in 5ms
66 http fetch POST 200 https://registry.npmjs.org/-/npm/v1/security/advisories/bulk 310ms
67 timing auditReport:getReport Completed in 313ms
68 silly audit report {}
69 timing auditReport:init Completed in 0ms
70 timing reify:audit Completed in 315ms
71 timing reify:save Completed in 71ms
72 timing reify Completed in 699ms
73 silly CHANGE node_modules/types-registry
74 timing command:install Completed in 706ms
75 verbose exit 0
76 timing npm Completed in 942ms
77 info ok
