0 verbose cli /home/nunoamorim/.nvm/versions/node/v16.17.1/bin/node /home/nunoamorim/.nvm/versions/node/v16.17.1/bin/npm
1 info using npm@8.15.0
2 info using node@v16.17.1
3 timing npm:load:whichnode Completed in 0ms
4 timing config:load:defaults Completed in 1ms
5 timing config:load:file:/home/nunoamorim/.nvm/versions/node/v16.17.1/lib/node_modules/npm/npmrc Completed in 3ms
6 timing config:load:builtin Completed in 3ms
7 timing config:load:cli Completed in 1ms
8 timing config:load:env Completed in 1ms
9 timing config:load:file:/home/nunoamorim/ITI/.npmrc Completed in 0ms
10 timing config:load:project Completed in 4ms
11 timing config:load:file:/home/nunoamorim/.npmrc Completed in 0ms
12 timing config:load:user Completed in 0ms
13 timing config:load:file:/home/nunoamorim/.nvm/versions/node/v16.17.1/etc/npmrc Completed in 1ms
14 timing config:load:global Completed in 1ms
15 timing config:load:validate Completed in 0ms
16 timing config:load:credentials Completed in 0ms
17 timing config:load:setEnvs Completed in 1ms
18 timing config:load Completed in 12ms
19 timing npm:load:configload Completed in 12ms
20 timing npm:load:mkdirpcache Completed in 1ms
21 timing npm:load:mkdirplogs Completed in 1ms
22 verbose title npm install body-parser
23 verbose argv "install" "body-parser"
24 timing npm:load:setTitle Completed in 1ms
25 timing config:load:flatten Completed in 2ms
26 timing npm:load:display Completed in 3ms
27 verbose logfile logs-max:10 dir:/home/nunoamorim/.npm/_logs
28 verbose logfile /home/nunoamorim/.npm/_logs/2022-09-28T15_44_09_334Z-debug-0.log
29 timing npm:load:logFile Completed in 4ms
30 timing npm:load:timers Completed in 0ms
31 timing npm:load:configScope Completed in 0ms
32 timing npm:load Completed in 22ms
33 timing arborist:ctor Completed in 0ms
34 silly logfile done cleaning log files
35 timing arborist:ctor Completed in 0ms
36 timing idealTree:init Completed in 8ms
37 timing idealTree:userRequests Completed in 1ms
38 silly idealTree buildDeps
39 silly fetch manifest body-parser@*
40 http fetch GET 200 https://registry.npmjs.org/body-parser 120ms (cache miss)
41 silly placeDep ROOT body-parser@1.20.0 OK for:  want: *
42 silly fetch manifest bytes@3.1.2
43 silly fetch manifest content-type@~1.0.4
44 silly fetch manifest debug@2.6.9
45 silly fetch manifest depd@2.0.0
46 silly fetch manifest destroy@1.2.0
47 silly fetch manifest http-errors@2.0.0
48 silly fetch manifest iconv-lite@0.4.24
49 silly fetch manifest on-finished@2.4.1
50 silly fetch manifest qs@6.10.3
51 silly fetch manifest raw-body@2.5.1
52 silly fetch manifest type-is@~1.6.18
53 silly fetch manifest unpipe@1.0.0
54 http fetch GET 200 https://registry.npmjs.org/bytes 71ms (cache miss)
55 http fetch GET 200 https://registry.npmjs.org/npm 245ms (cache miss)
56 http fetch GET 200 https://registry.npmjs.org/depd 146ms (cache miss)
57 http fetch GET 200 https://registry.npmjs.org/unpipe 150ms (cache miss)
58 http fetch GET 200 https://registry.npmjs.org/content-type 157ms (cache miss)
59 http fetch GET 200 https://registry.npmjs.org/destroy 158ms (cache miss)
60 http fetch GET 200 https://registry.npmjs.org/http-errors 164ms (cache miss)
61 http fetch GET 200 https://registry.npmjs.org/raw-body 164ms (cache miss)
62 http fetch GET 200 https://registry.npmjs.org/iconv-lite 169ms (cache miss)
63 http fetch GET 200 https://registry.npmjs.org/type-is 167ms (cache miss)
64 http fetch GET 200 https://registry.npmjs.org/debug 174ms (cache miss)
65 http fetch GET 200 https://registry.npmjs.org/qs 173ms (cache miss)
66 http fetch GET 200 https://registry.npmjs.org/on-finished 874ms (cache miss)
67 timing idealTree:#root Completed in 1008ms
68 silly placeDep ROOT bytes@3.1.2 OK for: body-parser@1.20.0 want: 3.1.2
69 silly placeDep ROOT content-type@1.0.4 OK for: body-parser@1.20.0 want: ~1.0.4
70 silly placeDep ROOT debug@2.6.9 OK for: body-parser@1.20.0 want: 2.6.9
71 silly placeDep ROOT depd@2.0.0 OK for: body-parser@1.20.0 want: 2.0.0
72 silly placeDep ROOT destroy@1.2.0 OK for: body-parser@1.20.0 want: 1.2.0
73 silly placeDep ROOT http-errors@2.0.0 OK for: body-parser@1.20.0 want: 2.0.0
74 silly placeDep ROOT iconv-lite@0.4.24 OK for: body-parser@1.20.0 want: 0.4.24
75 silly placeDep ROOT on-finished@2.4.1 OK for: body-parser@1.20.0 want: 2.4.1
76 silly placeDep ROOT qs@6.10.3 OK for: body-parser@1.20.0 want: 6.10.3
77 silly placeDep ROOT raw-body@2.5.1 OK for: body-parser@1.20.0 want: 2.5.1
78 silly placeDep ROOT type-is@1.6.18 OK for: body-parser@1.20.0 want: ~1.6.18
79 silly placeDep ROOT unpipe@1.0.0 OK for: body-parser@1.20.0 want: 1.0.0
80 silly fetch manifest ms@2.0.0
81 silly fetch manifest inherits@2.0.4
82 silly fetch manifest setprototypeof@1.2.0
83 silly fetch manifest statuses@2.0.1
84 silly fetch manifest toidentifier@1.0.1
85 silly fetch manifest safer-buffer@>= 2.1.2 < 3
86 silly fetch manifest ee-first@1.1.1
87 silly fetch manifest side-channel@^1.0.4
88 silly fetch manifest media-typer@0.3.0
89 silly fetch manifest mime-types@~2.1.24
90 http fetch GET 200 https://registry.npmjs.org/side-channel 66ms (cache miss)
91 http fetch GET 200 https://registry.npmjs.org/ee-first 70ms (cache miss)
92 http fetch GET 200 https://registry.npmjs.org/ms 77ms (cache miss)
93 http fetch GET 200 https://registry.npmjs.org/safer-buffer 74ms (cache miss)
94 http fetch GET 200 https://registry.npmjs.org/setprototypeof 78ms (cache miss)
95 http fetch GET 200 https://registry.npmjs.org/inherits 79ms (cache miss)
96 http fetch GET 200 https://registry.npmjs.org/statuses 79ms (cache miss)
97 http fetch GET 200 https://registry.npmjs.org/media-typer 77ms (cache miss)
98 http fetch GET 200 https://registry.npmjs.org/toidentifier 81ms (cache miss)
99 http fetch GET 200 https://registry.npmjs.org/mime-types 79ms (cache miss)
100 timing idealTree:node_modules/body-parser Completed in 111ms
101 timing idealTree:node_modules/bytes Completed in 0ms
102 timing idealTree:node_modules/content-type Completed in 0ms
103 silly placeDep ROOT ms@2.0.0 OK for: debug@2.6.9 want: 2.0.0
104 timing idealTree:node_modules/debug Completed in 2ms
105 timing idealTree:node_modules/depd Completed in 0ms
106 timing idealTree:node_modules/destroy Completed in 0ms
107 silly placeDep ROOT inherits@2.0.4 OK for: http-errors@2.0.0 want: 2.0.4
108 silly placeDep ROOT setprototypeof@1.2.0 OK for: http-errors@2.0.0 want: 1.2.0
109 silly placeDep ROOT statuses@2.0.1 OK for: http-errors@2.0.0 want: 2.0.1
110 silly placeDep ROOT toidentifier@1.0.1 OK for: http-errors@2.0.0 want: 1.0.1
111 timing idealTree:node_modules/http-errors Completed in 4ms
112 silly placeDep ROOT safer-buffer@2.1.2 OK for: iconv-lite@0.4.24 want: >= 2.1.2 < 3
113 timing idealTree:node_modules/iconv-lite Completed in 1ms
114 timing idealTree:node_modules/inherits Completed in 0ms
115 timing idealTree:node_modules/ms Completed in 0ms
116 silly placeDep ROOT ee-first@1.1.1 OK for: on-finished@2.4.1 want: 1.1.1
117 timing idealTree:node_modules/on-finished Completed in 1ms
118 timing idealTree:node_modules/ee-first Completed in 0ms
119 silly placeDep ROOT side-channel@1.0.4 OK for: qs@6.10.3 want: ^1.0.4
120 silly fetch manifest call-bind@^1.0.0
121 silly fetch manifest get-intrinsic@^1.0.2
122 silly fetch manifest object-inspect@^1.9.0
123 http fetch GET 200 https://registry.npmjs.org/object-inspect 68ms (cache miss)
124 http fetch GET 200 https://registry.npmjs.org/call-bind 91ms (cache miss)
125 http fetch GET 200 https://registry.npmjs.org/get-intrinsic 93ms (cache miss)
126 timing idealTree:node_modules/qs Completed in 96ms
127 timing idealTree:node_modules/raw-body Completed in 0ms
128 timing idealTree:node_modules/safer-buffer Completed in 0ms
129 timing idealTree:node_modules/setprototypeof Completed in 0ms
130 silly placeDep ROOT call-bind@1.0.2 OK for: side-channel@1.0.4 want: ^1.0.0
131 silly placeDep ROOT get-intrinsic@1.1.3 OK for: side-channel@1.0.4 want: ^1.0.2
132 silly placeDep ROOT object-inspect@1.12.2 OK for: side-channel@1.0.4 want: ^1.9.0
133 silly fetch manifest function-bind@^1.1.1
134 silly fetch manifest has@^1.0.3
135 silly fetch manifest has-symbols@^1.0.3
136 http fetch GET 200 https://registry.npmjs.org/has-symbols 48ms (cache miss)
137 http fetch GET 200 https://registry.npmjs.org/function-bind 86ms (cache miss)
138 http fetch GET 200 https://registry.npmjs.org/has 99ms (cache miss)
139 timing idealTree:node_modules/side-channel Completed in 103ms
140 silly placeDep ROOT function-bind@1.1.1 OK for: call-bind@1.0.2 want: ^1.1.1
141 timing idealTree:node_modules/call-bind Completed in 1ms
142 timing idealTree:node_modules/function-bind Completed in 0ms
143 silly placeDep ROOT has@1.0.3 OK for: get-intrinsic@1.1.3 want: ^1.0.3
144 silly placeDep ROOT has-symbols@1.0.3 OK for: get-intrinsic@1.1.3 want: ^1.0.3
145 timing idealTree:node_modules/get-intrinsic Completed in 3ms
146 timing idealTree:node_modules/has Completed in 0ms
147 timing idealTree:node_modules/has-symbols Completed in 0ms
148 timing idealTree:node_modules/object-inspect Completed in 0ms
149 timing idealTree:node_modules/statuses Completed in 0ms
150 timing idealTree:node_modules/toidentifier Completed in 0ms
151 silly placeDep ROOT media-typer@0.3.0 OK for: type-is@1.6.18 want: 0.3.0
152 silly placeDep ROOT mime-types@2.1.35 OK for: type-is@1.6.18 want: ~2.1.24
153 silly fetch manifest mime-db@1.52.0
154 http fetch GET 200 https://registry.npmjs.org/mime-db 86ms (cache miss)
155 timing idealTree:node_modules/type-is Completed in 90ms
156 timing idealTree:node_modules/media-typer Completed in 0ms
157 silly placeDep ROOT mime-db@1.52.0 OK for: mime-types@2.1.35 want: 1.52.0
158 timing idealTree:node_modules/mime-types Completed in 1ms
159 timing idealTree:node_modules/mime-db Completed in 0ms
160 timing idealTree:node_modules/unpipe Completed in 0ms
161 timing idealTree:buildDeps Completed in 1424ms
162 timing idealTree:fixDepFlags Completed in 1ms
163 timing idealTree Completed in 1436ms
164 timing reify:loadTrees Completed in 1443ms
165 timing reify:diffTrees Completed in 1ms
166 silly reify moves {}
167 timing reify:retireShallow Completed in 1ms
168 timing reify:createSparse Completed in 12ms
169 timing reify:loadBundles Completed in 0ms
170 silly audit bulk request {
170 silly audit   'body-parser': [ '1.20.0' ],
170 silly audit   bytes: [ '3.1.2' ],
170 silly audit   'content-type': [ '1.0.4' ],
170 silly audit   debug: [ '2.6.9' ],
170 silly audit   depd: [ '2.0.0' ],
170 silly audit   destroy: [ '1.2.0' ],
170 silly audit   'http-errors': [ '2.0.0' ],
170 silly audit   'iconv-lite': [ '0.4.24' ],
170 silly audit   'on-finished': [ '2.4.1' ],
170 silly audit   qs: [ '6.10.3' ],
170 silly audit   'raw-body': [ '2.5.1' ],
170 silly audit   'type-is': [ '1.6.18' ],
170 silly audit   unpipe: [ '1.0.0' ],
170 silly audit   ms: [ '2.0.0' ],
170 silly audit   inherits: [ '2.0.4' ],
170 silly audit   setprototypeof: [ '1.2.0' ],
170 silly audit   statuses: [ '2.0.1' ],
170 silly audit   toidentifier: [ '1.0.1' ],
170 silly audit   'safer-buffer': [ '2.1.2' ],
170 silly audit   'ee-first': [ '1.1.1' ],
170 silly audit   'side-channel': [ '1.0.4' ],
170 silly audit   'call-bind': [ '1.0.2' ],
170 silly audit   'get-intrinsic': [ '1.1.3' ],
170 silly audit   'object-inspect': [ '1.12.2' ],
170 silly audit   'function-bind': [ '1.1.1' ],
170 silly audit   has: [ '1.0.3' ],
170 silly audit   'has-symbols': [ '1.0.3' ],
170 silly audit   'media-typer': [ '0.3.0' ],
170 silly audit   'mime-types': [ '2.1.35' ],
170 silly audit   'mime-db': [ '1.52.0' ]
170 silly audit }
171 silly tarball no local data for mime-types@https://registry.npmjs.org/mime-types/-/mime-types-2.1.35.tgz. Extracting by manifest.
172 silly tarball no local data for mime-db@https://registry.npmjs.org/mime-db/-/mime-db-1.52.0.tgz. Extracting by manifest.
173 silly tarball no local data for has-symbols@https://registry.npmjs.org/has-symbols/-/has-symbols-1.0.3.tgz. Extracting by manifest.
174 silly tarball no local data for media-typer@https://registry.npmjs.org/media-typer/-/media-typer-0.3.0.tgz. Extracting by manifest.
175 silly tarball no local data for has@https://registry.npmjs.org/has/-/has-1.0.3.tgz. Extracting by manifest.
176 silly tarball no local data for function-bind@https://registry.npmjs.org/function-bind/-/function-bind-1.1.1.tgz. Extracting by manifest.
177 silly tarball no local data for get-intrinsic@https://registry.npmjs.org/get-intrinsic/-/get-intrinsic-1.1.3.tgz. Extracting by manifest.
178 silly tarball no local data for call-bind@https://registry.npmjs.org/call-bind/-/call-bind-1.0.2.tgz. Extracting by manifest.
179 silly tarball no local data for object-inspect@https://registry.npmjs.org/object-inspect/-/object-inspect-1.12.2.tgz. Extracting by manifest.
180 silly tarball no local data for side-channel@https://registry.npmjs.org/side-channel/-/side-channel-1.0.4.tgz. Extracting by manifest.
181 silly tarball no local data for ee-first@https://registry.npmjs.org/ee-first/-/ee-first-1.1.1.tgz. Extracting by manifest.
182 silly tarball no local data for safer-buffer@https://registry.npmjs.org/safer-buffer/-/safer-buffer-2.1.2.tgz. Extracting by manifest.
183 silly tarball no local data for toidentifier@https://registry.npmjs.org/toidentifier/-/toidentifier-1.0.1.tgz. Extracting by manifest.
184 silly tarball no local data for setprototypeof@https://registry.npmjs.org/setprototypeof/-/setprototypeof-1.2.0.tgz. Extracting by manifest.
185 silly tarball no local data for statuses@https://registry.npmjs.org/statuses/-/statuses-2.0.1.tgz. Extracting by manifest.
186 silly tarball no local data for inherits@https://registry.npmjs.org/inherits/-/inherits-2.0.4.tgz. Extracting by manifest.
187 silly tarball no local data for ms@https://registry.npmjs.org/ms/-/ms-2.0.0.tgz. Extracting by manifest.
188 silly tarball no local data for unpipe@https://registry.npmjs.org/unpipe/-/unpipe-1.0.0.tgz. Extracting by manifest.
189 silly tarball no local data for type-is@https://registry.npmjs.org/type-is/-/type-is-1.6.18.tgz. Extracting by manifest.
190 silly tarball no local data for raw-body@https://registry.npmjs.org/raw-body/-/raw-body-2.5.1.tgz. Extracting by manifest.
191 silly tarball no local data for qs@https://registry.npmjs.org/qs/-/qs-6.10.3.tgz. Extracting by manifest.
192 silly tarball no local data for iconv-lite@https://registry.npmjs.org/iconv-lite/-/iconv-lite-0.4.24.tgz. Extracting by manifest.
193 silly tarball no local data for destroy@https://registry.npmjs.org/destroy/-/destroy-1.2.0.tgz. Extracting by manifest.
194 silly tarball no local data for on-finished@https://registry.npmjs.org/on-finished/-/on-finished-2.4.1.tgz. Extracting by manifest.
195 silly tarball no local data for http-errors@https://registry.npmjs.org/http-errors/-/http-errors-2.0.0.tgz. Extracting by manifest.
196 silly tarball no local data for depd@https://registry.npmjs.org/depd/-/depd-2.0.0.tgz. Extracting by manifest.
197 silly tarball no local data for debug@https://registry.npmjs.org/debug/-/debug-2.6.9.tgz. Extracting by manifest.
198 silly tarball no local data for content-type@https://registry.npmjs.org/content-type/-/content-type-1.0.4.tgz. Extracting by manifest.
199 silly tarball no local data for bytes@https://registry.npmjs.org/bytes/-/bytes-3.1.2.tgz. Extracting by manifest.
200 silly tarball no local data for body-parser@https://registry.npmjs.org/body-parser/-/body-parser-1.20.0.tgz. Extracting by manifest.
201 http fetch POST 200 https://registry.npmjs.org/-/npm/v1/security/advisories/bulk 300ms
202 timing auditReport:getReport Completed in 303ms
203 silly audit report {}
204 timing auditReport:init Completed in 0ms
205 timing reify:audit Completed in 303ms
206 http fetch GET 200 https://registry.npmjs.org/media-typer/-/media-typer-0.3.0.tgz 283ms (cache miss)
207 timing reifyNode:node_modules/media-typer Completed in 313ms
208 http fetch GET 200 https://registry.npmjs.org/function-bind/-/function-bind-1.1.1.tgz 282ms (cache miss)
209 timing reifyNode:node_modules/function-bind Completed in 314ms
210 http fetch GET 200 https://registry.npmjs.org/has-symbols/-/has-symbols-1.0.3.tgz 291ms (cache miss)
211 http fetch GET 200 https://registry.npmjs.org/has/-/has-1.0.3.tgz 289ms (cache miss)
212 timing reifyNode:node_modules/has Completed in 320ms
213 http fetch GET 200 https://registry.npmjs.org/safer-buffer/-/safer-buffer-2.1.2.tgz 281ms (cache miss)
214 timing reifyNode:node_modules/safer-buffer Completed in 323ms
215 timing reifyNode:node_modules/has-symbols Completed in 327ms
216 http fetch GET 200 https://registry.npmjs.org/mime-types/-/mime-types-2.1.35.tgz 301ms (cache miss)
217 timing reifyNode:node_modules/mime-types Completed in 327ms
218 http fetch GET 200 https://registry.npmjs.org/toidentifier/-/toidentifier-1.0.1.tgz 291ms (cache miss)
219 timing reifyNode:node_modules/toidentifier Completed in 332ms
220 http fetch GET 200 https://registry.npmjs.org/ee-first/-/ee-first-1.1.1.tgz 293ms (cache miss)
221 timing reifyNode:node_modules/ee-first Completed in 333ms
222 http fetch GET 200 https://registry.npmjs.org/inherits/-/inherits-2.0.4.tgz 290ms (cache miss)
223 timing reifyNode:node_modules/inherits Completed in 335ms
224 http fetch GET 200 https://registry.npmjs.org/ms/-/ms-2.0.0.tgz 289ms (cache miss)
225 timing reifyNode:node_modules/ms Completed in 337ms
226 http fetch GET 200 https://registry.npmjs.org/type-is/-/type-is-1.6.18.tgz 292ms (cache miss)
227 timing reifyNode:node_modules/type-is Completed in 343ms
228 http fetch GET 200 https://registry.npmjs.org/statuses/-/statuses-2.0.1.tgz 300ms (cache miss)
229 timing reifyNode:node_modules/statuses Completed in 344ms
230 http fetch GET 200 https://registry.npmjs.org/destroy/-/destroy-1.2.0.tgz 292ms (cache miss)
231 timing reifyNode:node_modules/destroy Completed in 346ms
232 http fetch GET 200 https://registry.npmjs.org/setprototypeof/-/setprototypeof-1.2.0.tgz 304ms (cache miss)
233 timing reifyNode:node_modules/setprototypeof Completed in 348ms
234 http fetch GET 200 https://registry.npmjs.org/call-bind/-/call-bind-1.0.2.tgz 316ms (cache miss)
235 timing reifyNode:node_modules/call-bind Completed in 350ms
236 http fetch GET 200 https://registry.npmjs.org/on-finished/-/on-finished-2.4.1.tgz 294ms (cache miss)
237 timing reifyNode:node_modules/on-finished Completed in 350ms
238 http fetch GET 200 https://registry.npmjs.org/unpipe/-/unpipe-1.0.0.tgz 302ms (cache miss)
239 timing reifyNode:node_modules/unpipe Completed in 351ms
240 http fetch GET 200 https://registry.npmjs.org/side-channel/-/side-channel-1.0.4.tgz 315ms (cache miss)
241 timing reifyNode:node_modules/side-channel Completed in 353ms
242 http fetch GET 200 https://registry.npmjs.org/bytes/-/bytes-3.1.2.tgz 282ms (cache miss)
243 timing reifyNode:node_modules/bytes Completed in 354ms
244 http fetch GET 200 https://registry.npmjs.org/content-type/-/content-type-1.0.4.tgz 293ms (cache miss)
245 timing reifyNode:node_modules/content-type Completed in 356ms
246 http fetch GET 200 https://registry.npmjs.org/get-intrinsic/-/get-intrinsic-1.1.3.tgz 325ms (cache miss)
247 timing reifyNode:node_modules/get-intrinsic Completed in 357ms
248 http fetch GET 200 https://registry.npmjs.org/depd/-/depd-2.0.0.tgz 300ms (cache miss)
249 timing reifyNode:node_modules/depd Completed in 360ms
250 http fetch GET 200 https://registry.npmjs.org/http-errors/-/http-errors-2.0.0.tgz 301ms (cache miss)
251 timing reifyNode:node_modules/http-errors Completed in 360ms
252 http fetch GET 200 https://registry.npmjs.org/mime-db/-/mime-db-1.52.0.tgz 337ms (cache miss)
253 timing reifyNode:node_modules/mime-db Completed in 364ms
254 http fetch GET 200 https://registry.npmjs.org/raw-body/-/raw-body-2.5.1.tgz 312ms (cache miss)
255 timing reifyNode:node_modules/raw-body Completed in 364ms
256 http fetch GET 200 https://registry.npmjs.org/debug/-/debug-2.6.9.tgz 303ms (cache miss)
257 timing reifyNode:node_modules/debug Completed in 366ms
258 http fetch GET 200 https://registry.npmjs.org/body-parser/-/body-parser-1.20.0.tgz 300ms (cache miss)
259 timing reifyNode:node_modules/body-parser Completed in 375ms
260 http fetch GET 200 https://registry.npmjs.org/qs/-/qs-6.10.3.tgz 327ms (cache miss)
261 timing reifyNode:node_modules/qs Completed in 379ms
262 http fetch GET 200 https://registry.npmjs.org/object-inspect/-/object-inspect-1.12.2.tgz 348ms (cache miss)
263 timing reifyNode:node_modules/object-inspect Completed in 384ms
264 http fetch GET 200 https://registry.npmjs.org/iconv-lite/-/iconv-lite-0.4.24.tgz 333ms (cache miss)
265 timing reifyNode:node_modules/iconv-lite Completed in 386ms
266 timing reify:unpack Completed in 389ms
267 timing reify:unretire Completed in 0ms
268 timing build:queue Completed in 2ms
269 timing build:deps Completed in 2ms
270 timing build Completed in 2ms
271 timing reify:build Completed in 3ms
272 timing reify:trash Completed in 0ms
273 timing reify:save Completed in 10ms
274 timing reify Completed in 1901ms
275 silly ADD node_modules/mime-db
276 silly ADD node_modules/mime-types
277 silly ADD node_modules/media-typer
278 silly ADD node_modules/has-symbols
279 silly ADD node_modules/has
280 silly ADD node_modules/function-bind
281 silly ADD node_modules/object-inspect
282 silly ADD node_modules/get-intrinsic
283 silly ADD node_modules/call-bind
284 silly ADD node_modules/side-channel
285 silly ADD node_modules/ee-first
286 silly ADD node_modules/safer-buffer
287 silly ADD node_modules/toidentifier
288 silly ADD node_modules/statuses
289 silly ADD node_modules/setprototypeof
290 silly ADD node_modules/inherits
291 silly ADD node_modules/ms
292 silly ADD node_modules/unpipe
293 silly ADD node_modules/type-is
294 silly ADD node_modules/raw-body
295 silly ADD node_modules/qs
296 silly ADD node_modules/on-finished
297 silly ADD node_modules/iconv-lite
298 silly ADD node_modules/http-errors
299 silly ADD node_modules/destroy
300 silly ADD node_modules/depd
301 silly ADD node_modules/debug
302 silly ADD node_modules/content-type
303 silly ADD node_modules/bytes
304 silly ADD node_modules/body-parser
305 timing command:install Completed in 1907ms
306 notice
306 notice New [33mminor[39m version of npm available! [31m8.15.0[39m -> [32m8.19.2[39m
306 notice Changelog: [36mhttps://github.com/npm/cli/releases/tag/v8.19.2[39m
306 notice Run [32mnpm install -g npm@8.19.2[39m to update!
306 notice
307 verbose exit 0
308 timing npm Completed in 1994ms
309 info ok
