0 verbose cli /home/nunoamorim/.nvm/versions/node/v16.17.1/bin/node /home/nunoamorim/.nvm/versions/node/v16.17.1/bin/npm
1 info using npm@8.15.0
2 info using node@v16.17.1
3 timing npm:load:whichnode Completed in 0ms
4 timing config:load:defaults Completed in 1ms
5 timing config:load:file:/home/nunoamorim/.nvm/versions/node/v16.17.1/lib/node_modules/npm/npmrc Completed in 1ms
6 timing config:load:builtin Completed in 1ms
7 timing config:load:cli Completed in 2ms
8 timing config:load:env Completed in 0ms
9 timing config:load:file:/home/nunoamorim/ITI/.npmrc Completed in 0ms
10 timing config:load:project Completed in 8ms
11 timing config:load:file:/home/nunoamorim/.npmrc Completed in 0ms
12 timing config:load:user Completed in 1ms
13 timing config:load:file:/home/nunoamorim/.nvm/versions/node/v16.17.1/etc/npmrc Completed in 0ms
14 timing config:load:global Completed in 0ms
15 timing config:load:validate Completed in 1ms
16 timing config:load:credentials Completed in 0ms
17 timing config:load:setEnvs Completed in 1ms
18 timing config:load Completed in 15ms
19 timing npm:load:configload Completed in 15ms
20 timing npm:load:mkdirpcache Completed in 2ms
21 timing npm:load:mkdirplogs Completed in 0ms
22 verbose title npm install prom-client
23 verbose argv "install" "prom-client"
24 timing npm:load:setTitle Completed in 1ms
25 timing config:load:flatten Completed in 2ms
26 timing npm:load:display Completed in 4ms
27 verbose logfile logs-max:10 dir:/home/nunoamorim/.npm/_logs
28 verbose logfile /home/nunoamorim/.npm/_logs/2022-10-13T15_53_32_199Z-debug-0.log
29 timing npm:load:logFile Completed in 4ms
30 timing npm:load:timers Completed in 0ms
31 timing npm:load:configScope Completed in 0ms
32 timing npm:load Completed in 26ms
33 timing arborist:ctor Completed in 0ms
34 silly logfile start cleaning logs, removing 1 files
35 silly logfile done cleaning log files
36 timing idealTree:init Completed in 79ms
37 timing idealTree:userRequests Completed in 2ms
38 silly idealTree buildDeps
39 silly fetch manifest prom-client@^14.1.0
40 timing arborist:ctor Completed in 0ms
41 http fetch GET 200 https://registry.npmjs.org/prom-client 51ms (cache hit)
42 silly placeDep ROOT prom-client@14.1.0 REPLACE for:  want: ^14.1.0
43 timing idealTree:#root Completed in 56ms
44 timing idealTree:node_modules/prom-client Completed in 0ms
45 timing idealTree:buildDeps Completed in 58ms
46 timing idealTree:fixDepFlags Completed in 1ms
47 timing idealTree Completed in 142ms
48 timing reify:loadTrees Completed in 143ms
49 timing reify:diffTrees Completed in 3ms
50 silly reify moves {}
51 timing reify:retireShallow Completed in 1ms
52 timing reify:createSparse Completed in 0ms
53 timing reify:loadBundles Completed in 0ms
54 silly audit bulk request {
54 silly audit   '@babel/runtime': [ '7.19.0' ],
54 silly audit   '@types/raf': [ '3.4.0' ],
54 silly audit   accepts: [ '1.3.8' ],
54 silly audit   'array-flatten': [ '1.1.1' ],
54 silly audit   asap: [ '2.0.6' ],
54 silly audit   atob: [ '2.1.2' ],
54 silly audit   'base64-arraybuffer': [ '1.0.2' ],
54 silly audit   bintrees: [ '1.0.2' ],
54 silly audit   'body-parser': [ '1.20.0' ],
54 silly audit   btoa: [ '1.2.1' ],
54 silly audit   bytes: [ '3.1.2' ],
54 silly audit   'call-bind': [ '1.0.2' ],
54 silly audit   canvg: [ '3.0.10' ],
54 silly audit   'content-disposition': [ '0.5.4' ],
54 silly audit   'content-type': [ '1.0.4' ],
54 silly audit   cookie: [ '0.5.0' ],
54 silly audit   'cookie-signature': [ '1.0.6' ],
54 silly audit   'core-js': [ '3.25.5' ],
54 silly audit   'css-line-break': [ '2.1.0' ],
54 silly audit   'data-uri-to-buffer': [ '4.0.0' ],
54 silly audit   debug: [ '2.6.9' ],
54 silly audit   depd: [ '2.0.0' ],
54 silly audit   destroy: [ '1.2.0' ],
54 silly audit   dezalgo: [ '1.0.3' ],
54 silly audit   dompurify: [ '2.4.0' ],
54 silly audit   'ee-first': [ '1.1.1' ],
54 silly audit   encodeurl: [ '1.0.2' ],
54 silly audit   'escape-html': [ '1.0.3' ],
54 silly audit   etag: [ '1.8.1' ],
54 silly audit   events: [ '2.1.0' ],
54 silly audit   express: [ '4.18.1' ],
54 silly audit   'fetch-blob': [ '3.2.0' ],
54 silly audit   fflate: [ '0.4.8' ],
54 silly audit   finalhandler: [ '1.2.0' ],
54 silly audit   'formdata-polyfill': [ '4.0.10' ],
54 silly audit   formidable: [ '2.0.1' ],
54 silly audit   qs: [ '6.9.3', '6.10.3' ],
54 silly audit   forwarded: [ '0.2.0' ],
54 silly audit   fresh: [ '0.5.2' ],
54 silly audit   'function-bind': [ '1.1.1' ],
54 silly audit   'get-intrinsic': [ '1.1.3' ],
54 silly audit   has: [ '1.0.3' ],
54 silly audit   'has-symbols': [ '1.0.3' ],
54 silly audit   hexoid: [ '1.0.0' ],
54 silly audit   html2canvas: [ '1.4.1' ],
54 silly audit   'http-errors': [ '2.0.0' ],
54 silly audit   'iconv-lite': [ '0.4.24' ],
54 silly audit   inherits: [ '2.0.4' ],
54 silly audit   'ipaddr.js': [ '1.9.1' ],
54 silly audit   jspdf: [ '2.5.1' ],
54 silly audit   'media-typer': [ '0.3.0' ],
54 silly audit   'merge-descriptors': [ '1.0.1' ],
54 silly audit   methods: [ '1.1.2' ],
54 silly audit   metrics: [ '0.1.21' ],
54 silly audit   mime: [ '1.6.0' ],
54 silly audit   'mime-db': [ '1.52.0' ],
54 silly audit   'mime-types': [ '2.1.35' ],
54 silly audit   ms: [ '2.0.0', '2.1.3' ],
54 silly audit   negotiator: [ '0.6.3' ],
54 silly audit   'node-domexception': [ '1.0.0' ],
54 silly audit   'node-fetch': [ '3.2.10' ],
54 silly audit   'object-inspect': [ '1.12.2' ],
54 silly audit   'on-finished': [ '2.4.1' ],
54 silly audit   once: [ '1.4.0' ],
54 silly audit   parseurl: [ '1.3.3' ],
54 silly audit   'path-to-regexp': [ '0.1.7' ],
54 silly audit   'performance-now': [ '2.1.0' ],
54 silly audit   'proxy-addr': [ '2.0.7' ],
54 silly audit   raf: [ '3.4.1' ],
54 silly audit   'range-parser': [ '1.2.1' ],
54 silly audit   'raw-body': [ '2.5.1' ],
54 silly audit   'regenerator-runtime': [ '0.13.9' ],
54 silly audit   rgbcolor: [ '1.0.1' ],
54 silly audit   'safe-buffer': [ '5.2.1' ],
54 silly audit   'safer-buffer': [ '2.1.2' ],
54 silly audit   send: [ '0.18.0' ],
54 silly audit   'serve-static': [ '1.15.0' ],
54 silly audit   setprototypeof: [ '1.2.0' ],
54 silly audit   'side-channel': [ '1.0.4' ],
54 silly audit   'stackblur-canvas': [ '2.5.0' ],
54 silly audit   statuses: [ '2.0.1' ],
54 silly audit   'svg-pathdata': [ '6.0.3' ],
54 silly audit   tdigest: [ '0.1.2' ],
54 silly audit   'text-segmentation': [ '1.0.3' ],
54 silly audit   toidentifier: [ '1.0.1' ],
54 silly audit   'type-is': [ '1.6.18' ],
54 silly audit   unpipe: [ '1.0.0' ],
54 silly audit   'utils-merge': [ '1.0.1' ],
54 silly audit   utrie: [ '1.0.2' ],
54 silly audit   vary: [ '1.1.2' ],
54 silly audit   'web-streams-polyfill': [ '3.2.1' ],
54 silly audit   wrappy: [ '1.0.2' ],
54 silly audit   'prom-client': [ '14.1.0' ]
54 silly audit }
55 timing reify:unpack Completed in 1ms
56 timing reify:unretire Completed in 0ms
57 timing build:queue Completed in 0ms
58 timing build:deps Completed in 1ms
59 timing build Completed in 1ms
60 timing reify:build Completed in 1ms
61 timing reify:trash Completed in 0ms
62 timing reify:save Completed in 21ms
63 http fetch POST 200 https://registry.npmjs.org/-/npm/v1/security/advisories/bulk 327ms
64 timing auditReport:getReport Completed in 330ms
65 silly audit report {}
66 timing auditReport:init Completed in 0ms
67 timing reify:audit Completed in 331ms
68 timing reify Completed in 483ms
69 timing command:install Completed in 490ms
70 verbose exit 0
71 timing npm Completed in 557ms
72 info ok
