0 verbose cli /home/nunoamorim/.nvm/versions/node/v16.17.1/bin/node /home/nunoamorim/.nvm/versions/node/v16.17.1/bin/npm
1 info using npm@8.15.0
2 info using node@v16.17.1
3 timing npm:load:whichnode Completed in 1ms
4 timing config:load:defaults Completed in 1ms
5 timing config:load:file:/home/nunoamorim/.nvm/versions/node/v16.17.1/lib/node_modules/npm/npmrc Completed in 1ms
6 timing config:load:builtin Completed in 1ms
7 timing config:load:cli Completed in 1ms
8 timing config:load:env Completed in 1ms
9 timing config:load:file:/home/nunoamorim/ITI/.npmrc Completed in 0ms
10 timing config:load:project Completed in 3ms
11 timing config:load:file:/home/nunoamorim/.npmrc Completed in 0ms
12 timing config:load:user Completed in 0ms
13 timing config:load:file:/home/nunoamorim/.nvm/versions/node/v16.17.1/etc/npmrc Completed in 0ms
14 timing config:load:global Completed in 1ms
15 timing config:load:validate Completed in 0ms
16 timing config:load:credentials Completed in 1ms
17 timing config:load:setEnvs Completed in 0ms
18 timing config:load Completed in 9ms
19 timing npm:load:configload Completed in 9ms
20 timing npm:load:mkdirpcache Completed in 4ms
21 timing npm:load:mkdirplogs Completed in 1ms
22 verbose title npm install metrics
23 verbose argv "install" "metrics"
24 timing npm:load:setTitle Completed in 1ms
25 timing config:load:flatten Completed in 2ms
26 timing npm:load:display Completed in 4ms
27 verbose logfile logs-max:10 dir:/home/nunoamorim/.npm/_logs
28 verbose logfile /home/nunoamorim/.npm/_logs/2022-10-13T15_34_13_374Z-debug-0.log
29 timing npm:load:logFile Completed in 4ms
30 timing npm:load:timers Completed in 0ms
31 timing npm:load:configScope Completed in 0ms
32 timing npm:load Completed in 24ms
33 timing arborist:ctor Completed in 1ms
34 silly logfile start cleaning logs, removing 1 files
35 silly logfile done cleaning log files
36 timing idealTree:init Completed in 73ms
37 timing idealTree:userRequests Completed in 2ms
38 silly idealTree buildDeps
39 silly fetch manifest metrics@*
40 verbose shrinkwrap failed to load node_modules/.package-lock.json out of date, updated: node_modules
41 http fetch GET 200 https://registry.npmjs.org/metrics 452ms (cache miss)
42 silly placeDep ROOT metrics@0.1.21 OK for:  want: *
43 silly fetch manifest events@^2.0.0
44 http fetch GET 200 https://registry.npmjs.org/events 56ms (cache miss)
45 timing idealTree:#root Completed in 518ms
46 silly placeDep ROOT events@2.1.0 OK for: metrics@0.1.21 want: ^2.0.0
47 timing idealTree:node_modules/metrics Completed in 2ms
48 timing idealTree:node_modules/events Completed in 0ms
49 timing idealTree:buildDeps Completed in 521ms
50 timing idealTree:fixDepFlags Completed in 1ms
51 timing idealTree Completed in 599ms
52 timing reify:loadTrees Completed in 600ms
53 timing reify:diffTrees Completed in 3ms
54 silly reify moves {}
55 timing reify:retireShallow Completed in 1ms
56 timing reify:createSparse Completed in 1ms
57 timing reify:loadBundles Completed in 0ms
58 silly audit bulk request {
58 silly audit   '@babel/runtime': [ '7.19.0' ],
58 silly audit   '@types/raf': [ '3.4.0' ],
58 silly audit   accepts: [ '1.3.8' ],
58 silly audit   'array-flatten': [ '1.1.1' ],
58 silly audit   asap: [ '2.0.6' ],
58 silly audit   atob: [ '2.1.2' ],
58 silly audit   'base64-arraybuffer': [ '1.0.2' ],
58 silly audit   'body-parser': [ '1.20.0' ],
58 silly audit   btoa: [ '1.2.1' ],
58 silly audit   bytes: [ '3.1.2' ],
58 silly audit   'call-bind': [ '1.0.2' ],
58 silly audit   canvg: [ '3.0.10' ],
58 silly audit   'content-disposition': [ '0.5.4' ],
58 silly audit   'content-type': [ '1.0.4' ],
58 silly audit   cookie: [ '0.5.0' ],
58 silly audit   'cookie-signature': [ '1.0.6' ],
58 silly audit   'core-js': [ '3.25.5' ],
58 silly audit   'css-line-break': [ '2.1.0' ],
58 silly audit   'data-uri-to-buffer': [ '4.0.0' ],
58 silly audit   debug: [ '2.6.9' ],
58 silly audit   depd: [ '2.0.0' ],
58 silly audit   destroy: [ '1.2.0' ],
58 silly audit   dezalgo: [ '1.0.3' ],
58 silly audit   dompurify: [ '2.4.0' ],
58 silly audit   'ee-first': [ '1.1.1' ],
58 silly audit   encodeurl: [ '1.0.2' ],
58 silly audit   'escape-html': [ '1.0.3' ],
58 silly audit   etag: [ '1.8.1' ],
58 silly audit   express: [ '4.18.1' ],
58 silly audit   'fetch-blob': [ '3.2.0' ],
58 silly audit   fflate: [ '0.4.8' ],
58 silly audit   finalhandler: [ '1.2.0' ],
58 silly audit   'formdata-polyfill': [ '4.0.10' ],
58 silly audit   formidable: [ '2.0.1' ],
58 silly audit   qs: [ '6.9.3', '6.10.3' ],
58 silly audit   forwarded: [ '0.2.0' ],
58 silly audit   fresh: [ '0.5.2' ],
58 silly audit   'function-bind': [ '1.1.1' ],
58 silly audit   'get-intrinsic': [ '1.1.3' ],
58 silly audit   has: [ '1.0.3' ],
58 silly audit   'has-symbols': [ '1.0.3' ],
58 silly audit   hexoid: [ '1.0.0' ],
58 silly audit   html2canvas: [ '1.4.1' ],
58 silly audit   'http-errors': [ '2.0.0' ],
58 silly audit   'iconv-lite': [ '0.4.24' ],
58 silly audit   inherits: [ '2.0.4' ],
58 silly audit   'ipaddr.js': [ '1.9.1' ],
58 silly audit   jspdf: [ '2.5.1' ],
58 silly audit   'media-typer': [ '0.3.0' ],
58 silly audit   'merge-descriptors': [ '1.0.1' ],
58 silly audit   methods: [ '1.1.2' ],
58 silly audit   mime: [ '1.6.0' ],
58 silly audit   'mime-db': [ '1.52.0' ],
58 silly audit   'mime-types': [ '2.1.35' ],
58 silly audit   ms: [ '2.0.0', '2.1.3' ],
58 silly audit   negotiator: [ '0.6.3' ],
58 silly audit   'node-domexception': [ '1.0.0' ],
58 silly audit   'node-fetch': [ '3.2.10' ],
58 silly audit   'object-inspect': [ '1.12.2' ],
58 silly audit   'on-finished': [ '2.4.1' ],
58 silly audit   once: [ '1.4.0' ],
58 silly audit   parseurl: [ '1.3.3' ],
58 silly audit   'path-to-regexp': [ '0.1.7' ],
58 silly audit   'performance-now': [ '2.1.0' ],
58 silly audit   'proxy-addr': [ '2.0.7' ],
58 silly audit   raf: [ '3.4.1' ],
58 silly audit   'range-parser': [ '1.2.1' ],
58 silly audit   'raw-body': [ '2.5.1' ],
58 silly audit   'regenerator-runtime': [ '0.13.9' ],
58 silly audit   rgbcolor: [ '1.0.1' ],
58 silly audit   'safe-buffer': [ '5.2.1' ],
58 silly audit   'safer-buffer': [ '2.1.2' ],
58 silly audit   send: [ '0.18.0' ],
58 silly audit   'serve-static': [ '1.15.0' ],
58 silly audit   setprototypeof: [ '1.2.0' ],
58 silly audit   'side-channel': [ '1.0.4' ],
58 silly audit   'stackblur-canvas': [ '2.5.0' ],
58 silly audit   statuses: [ '2.0.1' ],
58 silly audit   'svg-pathdata': [ '6.0.3' ],
58 silly audit   'text-segmentation': [ '1.0.3' ],
58 silly audit   toidentifier: [ '1.0.1' ],
58 silly audit   'type-is': [ '1.6.18' ],
58 silly audit   unpipe: [ '1.0.0' ],
58 silly audit   'utils-merge': [ '1.0.1' ],
58 silly audit   utrie: [ '1.0.2' ],
58 silly audit   vary: [ '1.1.2' ],
58 silly audit   'web-streams-polyfill': [ '3.2.1' ],
58 silly audit   wrappy: [ '1.0.2' ],
58 silly audit   metrics: [ '0.1.21' ],
58 silly audit   events: [ '2.1.0' ]
58 silly audit }
59 silly tarball no local data for events@https://registry.npmjs.org/events/-/events-2.1.0.tgz. Extracting by manifest.
60 silly tarball no local data for metrics@https://registry.npmjs.org/metrics/-/metrics-0.1.21.tgz. Extracting by manifest.
61 http fetch GET 200 https://registry.npmjs.org/events/-/events-2.1.0.tgz 108ms (cache miss)
62 timing reifyNode:node_modules/events Completed in 116ms
63 http fetch POST 200 https://registry.npmjs.org/-/npm/v1/security/advisories/bulk 391ms
64 timing auditReport:getReport Completed in 395ms
65 silly audit report {}
66 timing auditReport:init Completed in 0ms
67 timing reify:audit Completed in 395ms
68 http fetch GET 200 https://registry.npmjs.org/metrics/-/metrics-0.1.21.tgz 995ms (cache miss)
69 timing reifyNode:node_modules/metrics Completed in 1003ms
70 timing reify:unpack Completed in 1003ms
71 timing reify:unretire Completed in 0ms
72 timing build:queue Completed in 0ms
73 timing build:deps Completed in 1ms
74 timing build Completed in 1ms
75 timing reify:build Completed in 1ms
76 timing reify:trash Completed in 0ms
77 timing reify:save Completed in 22ms
78 timing reify Completed in 1662ms
79 silly ADD node_modules/events
80 silly ADD node_modules/metrics
81 timing command:install Completed in 1668ms
82 verbose exit 0
83 timing npm Completed in 1734ms
84 info ok
