0 verbose cli /home/nunoamorim/.nvm/versions/node/v16.17.1/bin/node /home/nunoamorim/.nvm/versions/node/v16.17.1/bin/npm
1 info using npm@8.15.0
2 info using node@v16.17.1
3 timing npm:load:whichnode Completed in 0ms
4 timing config:load:defaults Completed in 1ms
5 timing config:load:file:/home/nunoamorim/.nvm/versions/node/v16.17.1/lib/node_modules/npm/npmrc Completed in 1ms
6 timing config:load:builtin Completed in 1ms
7 timing config:load:cli Completed in 2ms
8 timing config:load:env Completed in 0ms
9 timing config:load:file:/home/nunoamorim/ITI/.npmrc Completed in 1ms
10 timing config:load:project Completed in 4ms
11 timing config:load:file:/home/nunoamorim/.npmrc Completed in 0ms
12 timing config:load:user Completed in 0ms
13 timing config:load:file:/home/nunoamorim/.nvm/versions/node/v16.17.1/etc/npmrc Completed in 0ms
14 timing config:load:global Completed in 0ms
15 timing config:load:validate Completed in 0ms
16 timing config:load:credentials Completed in 0ms
17 timing config:load:setEnvs Completed in 1ms
18 timing config:load Completed in 10ms
19 timing npm:load:configload Completed in 10ms
20 timing npm:load:mkdirpcache Completed in 3ms
21 timing npm:load:mkdirplogs Completed in 1ms
22 verbose title npm install responso-time
23 verbose argv "install" "responso-time"
24 timing npm:load:setTitle Completed in 1ms
25 timing config:load:flatten Completed in 2ms
26 timing npm:load:display Completed in 4ms
27 verbose logfile logs-max:10 dir:/home/nunoamorim/.npm/_logs
28 verbose logfile /home/nunoamorim/.npm/_logs/2022-10-19T16_19_05_580Z-debug-0.log
29 timing npm:load:logFile Completed in 4ms
30 timing npm:load:timers Completed in 0ms
31 timing npm:load:configScope Completed in 0ms
32 timing npm:load Completed in 24ms
33 timing arborist:ctor Completed in 1ms
34 silly logfile start cleaning logs, removing 1 files
35 silly logfile done cleaning log files
36 timing idealTree:init Completed in 84ms
37 timing idealTree:userRequests Completed in 2ms
38 silly idealTree buildDeps
39 silly fetch manifest responso-time@*
40 timing arborist:ctor Completed in 0ms
41 http fetch GET 404 https://registry.npmjs.org/responso-time 344ms (cache skip)
42 http fetch GET 404 https://registry.npmjs.org/responso-time 260ms (cache skip)
43 silly placeDep ROOT responso-time@ OK for:  want: *
44 timing idealTree:#root Completed in 611ms
45 timing idealTree:node_modules/responso-time Completed in 0ms
46 timing idealTree:buildDeps Completed in 613ms
47 timing idealTree:fixDepFlags Completed in 1ms
48 timing idealTree Completed in 701ms
49 timing command:install Completed in 713ms
50 verbose stack HttpErrorGeneral: 404 Not Found - GET https://registry.npmjs.org/responso-time - Not found
50 verbose stack     at /home/nunoamorim/.nvm/versions/node/v16.17.1/lib/node_modules/npm/node_modules/npm-registry-fetch/lib/check-response.js:93:15
50 verbose stack     at processTicksAndRejections (node:internal/process/task_queues:96:5)
50 verbose stack     at async RegistryFetcher.packument (/home/nunoamorim/.nvm/versions/node/v16.17.1/lib/node_modules/npm/node_modules/pacote/lib/registry.js:92:19)
50 verbose stack     at async RegistryFetcher.manifest (/home/nunoamorim/.nvm/versions/node/v16.17.1/lib/node_modules/npm/node_modules/pacote/lib/registry.js:124:23)
50 verbose stack     at async Arborist.[nodeFromEdge] (/home/nunoamorim/.nvm/versions/node/v16.17.1/lib/node_modules/npm/node_modules/@npmcli/arborist/lib/arborist/build-ideal-tree.js:1108:19)
50 verbose stack     at async Arborist.[buildDepStep] (/home/nunoamorim/.nvm/versions/node/v16.17.1/lib/node_modules/npm/node_modules/@npmcli/arborist/lib/arborist/build-ideal-tree.js:976:11)
50 verbose stack     at async Arborist.buildIdealTree (/home/nunoamorim/.nvm/versions/node/v16.17.1/lib/node_modules/npm/node_modules/@npmcli/arborist/lib/arborist/build-ideal-tree.js:218:7)
50 verbose stack     at async Promise.all (index 1)
50 verbose stack     at async Arborist.reify (/home/nunoamorim/.nvm/versions/node/v16.17.1/lib/node_modules/npm/node_modules/@npmcli/arborist/lib/arborist/reify.js:154:5)
50 verbose stack     at async Install.exec (/home/nunoamorim/.nvm/versions/node/v16.17.1/lib/node_modules/npm/lib/commands/install.js:145:5)
51 verbose statusCode 404
52 verbose pkgid responso-time@*
53 verbose cwd /home/nunoamorim/ITI
54 verbose Linux 5.10.16.3-microsoft-standard-WSL2
55 verbose node v16.17.1
56 verbose npm  v8.15.0
57 error code E404
58 error 404 Not Found - GET https://registry.npmjs.org/responso-time - Not found
59 error 404
60 error 404  'responso-time@*' is not in this registry.
61 error 404
61 error 404 Note that you can also install from a
62 error 404 tarball, folder, http url, or git url.
63 verbose exit 1
64 timing npm Completed in 788ms
65 verbose unfinished npm timer reify 1666196345649
66 verbose unfinished npm timer reify:loadTrees 1666196345657
67 verbose code 1
68 error A complete log of this run can be found in:
68 error     /home/nunoamorim/.npm/_logs/2022-10-19T16_19_05_580Z-debug-0.log
