0 verbose cli /home/nunoamorim/.nvm/versions/node/v16.17.1/bin/node /home/nunoamorim/.nvm/versions/node/v16.17.1/bin/npm
1 info using npm@8.15.0
2 info using node@v16.17.1
3 timing npm:load:whichnode Completed in 0ms
4 timing config:load:defaults Completed in 3ms
5 timing config:load:file:/home/nunoamorim/.nvm/versions/node/v16.17.1/lib/node_modules/npm/npmrc Completed in 3ms
6 timing config:load:builtin Completed in 4ms
7 timing config:load:cli Completed in 3ms
8 timing config:load:env Completed in 1ms
9 timing config:load:file:/home/nunoamorim/.cache/typescript/4.9/.npmrc Completed in 1ms
10 timing config:load:project Completed in 22ms
11 timing config:load:file:/home/nunoamorim/.npmrc Completed in 0ms
12 timing config:load:user Completed in 1ms
13 timing config:load:file:/home/nunoamorim/.nvm/versions/node/v16.17.1/etc/npmrc Completed in 0ms
14 timing config:load:global Completed in 0ms
15 timing config:load:validate Completed in 1ms
16 timing config:load:credentials Completed in 3ms
17 timing config:load:setEnvs Completed in 2ms
18 timing config:load Completed in 40ms
19 timing npm:load:configload Completed in 40ms
20 timing npm:load:mkdirpcache Completed in 3ms
21 timing npm:load:mkdirplogs Completed in 1ms
22 verbose title npm install types-registry@latest
23 verbose argv "install" "--ignore-scripts" "types-registry@latest"
24 timing npm:load:setTitle Completed in 2ms
25 timing config:load:flatten Completed in 6ms
26 timing npm:load:display Completed in 8ms
27 verbose logfile logs-max:10 dir:/home/nunoamorim/.npm/_logs
28 verbose logfile /home/nunoamorim/.npm/_logs/2022-12-26T15_16_22_689Z-debug-0.log
29 timing npm:load:logFile Completed in 14ms
30 timing npm:load:timers Completed in 1ms
31 timing npm:load:configScope Completed in 0ms
32 timing npm:load Completed in 73ms
33 timing arborist:ctor Completed in 1ms
34 silly logfile start cleaning logs, removing 1 files
35 silly logfile done cleaning log files
36 timing idealTree:init Completed in 211ms
37 timing arborist:ctor Completed in 0ms
38 http fetch GET 200 https://registry.npmjs.org/types-registry 560ms (cache revalidated)
39 timing idealTree:userRequests Completed in 585ms
40 silly idealTree buildDeps
41 silly fetch manifest types-registry@0.1.624
42 silly placeDep ROOT types-registry@0.1.624 REPLACE for:  want: 0.1.624
43 timing idealTree:#root Completed in 16ms
44 timing idealTree:node_modules/types-registry Completed in 0ms
45 timing idealTree:buildDeps Completed in 19ms
46 timing idealTree:fixDepFlags Completed in 4ms
47 timing idealTree Completed in 823ms
48 timing reify:loadTrees Completed in 825ms
49 timing reify:diffTrees Completed in 5ms
50 silly reify moves {}
51 timing reify:retireShallow Completed in 2ms
52 timing reify:createSparse Completed in 0ms
53 timing reify:loadBundles Completed in 0ms
54 silly audit bulk request {
54 silly audit   '@types/accepts': [ '1.3.5' ],
54 silly audit   '@types/asap': [ '2.0.0' ],
54 silly audit   '@types/atob': [ '2.1.2' ],
54 silly audit   '@types/bintrees': [ '1.0.3' ],
54 silly audit   '@types/body-parser': [ '1.19.2' ],
54 silly audit   '@types/btoa': [ '1.2.3' ],
54 silly audit   '@types/bytes': [ '3.1.1' ],
54 silly audit   '@types/call-bind': [ '1.0.1' ],
54 silly audit   '@types/connect': [ '3.4.35' ],
54 silly audit   '@types/content-disposition': [ '0.5.5' ],
54 silly audit   '@types/content-type': [ '1.1.5' ],
54 silly audit   '@types/cookie': [ '0.5.1' ],
54 silly audit   '@types/cookie-signature': [ '1.1.0' ],
54 silly audit   '@types/core-js': [ '2.5.5' ],
54 silly audit   '@types/debug': [ '4.1.7' ],
54 silly audit   '@types/deep-equal': [ '1.0.1' ],
54 silly audit   '@types/defined': [ '1.0.0' ],
54 silly audit   '@types/depd': [ '1.1.32' ],
54 silly audit   '@types/destroy': [ '1.0.0' ],
54 silly audit   '@types/dompurify': [ '2.4.0' ],
54 silly audit   '@types/ee-first': [ '1.1.0' ],
54 silly audit   '@types/encodeurl': [ '1.0.0' ],
54 silly audit   '@types/escape-html': [ '1.0.2' ],
54 silly audit   '@types/etag': [ '1.8.1' ],
54 silly audit   '@types/events': [ '3.0.0' ],
54 silly audit   '@types/express': [ '4.17.15' ],
54 silly audit   '@types/express-serve-static-core': [ '4.17.31' ],
54 silly audit   '@types/finalhandler': [ '1.2.0' ],
54 silly audit   '@types/formidable': [ '2.0.5' ],
54 silly audit   '@types/forwarded': [ '0.1.0' ],
54 silly audit   '@types/fresh': [ '0.5.0' ],
54 silly audit   '@types/function-bind': [ '1.1.7' ],
54 silly audit   '@types/get-intrinsic': [ '1.0.0' ],
54 silly audit   '@types/has': [ '1.0.0' ],
54 silly audit   '@types/has-symbols': [ '1.0.0' ],
54 silly audit   '@types/http-errors': [ '2.0.1' ],
54 silly audit   '@types/inherits': [ '0.0.30' ],
54 silly audit   '@types/media-typer': [ '1.1.1' ],
54 silly audit   '@types/merge-descriptors': [ '1.0.1' ],
54 silly audit   '@types/methods': [ '1.1.1' ],
54 silly audit   '@types/mime': [ '3.0.1', '1.3.2' ],
54 silly audit   '@types/mime-db': [ '1.43.1' ],
54 silly audit   '@types/mime-types': [ '2.1.1' ],
54 silly audit   '@types/ms': [ '0.7.31' ],
54 silly audit   '@types/negotiator': [ '0.6.1' ],
54 silly audit   '@types/node': [ '18.11.17' ],
54 silly audit   '@types/node-fetch': [ '2.6.2' ],
54 silly audit   '@types/object-inspect': [ '1.8.1' ],
54 silly audit   '@types/on-finished': [ '2.3.1' ],
54 silly audit   '@types/on-headers': [ '1.0.0' ],
54 silly audit   '@types/once': [ '1.4.0' ],
54 silly audit   '@types/parseurl': [ '1.3.1' ],
54 silly audit   '@types/procfs-stats': [ '1.0.2' ],
54 silly audit   '@types/proxy-addr': [ '2.0.0' ],
54 silly audit   '@types/qs': [ '6.9.7' ],
54 silly audit   '@types/raf': [ '3.4.0' ],
54 silly audit   '@types/range-parser': [ '1.2.4' ],
54 silly audit   '@types/regenerator-runtime': [ '0.13.1' ],
54 silly audit   '@types/response-time': [ '2.3.5' ],
54 silly audit   '@types/safer-buffer': [ '2.1.0' ],
54 silly audit   '@types/send': [ '0.17.1' ],
54 silly audit   '@types/serve-static': [ '1.15.0' ],
54 silly audit   '@types/statuses': [ '2.0.0' ],
54 silly audit   '@types/tape': [ '4.13.2' ],
54 silly audit   '@types/tdigest': [ '0.1.0' ],
54 silly audit   '@types/through': [ '0.0.30' ],
54 silly audit   '@types/toidentifier': [ '1.0.0' ],
54 silly audit   '@types/trusted-types': [ '2.0.2' ],
54 silly audit   '@types/type-is': [ '1.6.3' ],
54 silly audit   '@types/utils-merge': [ '0.0.28' ],
54 silly audit   '@types/vary': [ '1.1.0' ],
54 silly audit   '@types/yallist': [ '4.0.1' ],
54 silly audit   asynckit: [ '0.4.0' ],
54 silly audit   'combined-stream': [ '1.0.8' ],
54 silly audit   'delayed-stream': [ '1.0.0' ],
54 silly audit   'form-data': [ '3.0.1' ],
54 silly audit   'mime-db': [ '1.52.0' ],
54 silly audit   'mime-types': [ '2.1.35' ],
54 silly audit   'types-registry': [ '0.1.624' ]
54 silly audit }
55 timing reify:unpack Completed in 0ms
56 timing reify:unretire Completed in 0ms
57 timing build:queue Completed in 0ms
58 timing build:deps Completed in 0ms
59 timing build Completed in 1ms
60 timing reify:build Completed in 2ms
61 timing reify:trash Completed in 0ms
62 timing reify:save Completed in 52ms
63 http fetch POST 200 https://registry.npmjs.org/-/npm/v1/security/advisories/bulk 1666ms
64 timing auditReport:getReport Completed in 1675ms
65 silly audit report {}
66 timing auditReport:init Completed in 0ms
67 timing reify:audit Completed in 1677ms
68 timing reify Completed in 2521ms
69 timing command:install Completed in 2544ms
70 verbose exit 0
71 timing npm Completed in 2826ms
72 info ok
