0 verbose cli /home/nunoamorim/.nvm/versions/node/v16.17.1/bin/node /home/nunoamorim/.nvm/versions/node/v16.17.1/bin/npm
1 info using npm@8.15.0
2 info using node@v16.17.1
3 timing npm:load:whichnode Completed in 0ms
4 timing config:load:defaults Completed in 3ms
5 timing config:load:file:/home/nunoamorim/.nvm/versions/node/v16.17.1/lib/node_modules/npm/npmrc Completed in 1ms
6 timing config:load:builtin Completed in 3ms
7 timing config:load:cli Completed in 3ms
8 timing config:load:env Completed in 1ms
9 timing config:load:file:/home/nunoamorim/.cache/typescript/4.9/.npmrc Completed in 0ms
10 timing config:load:project Completed in 15ms
11 timing config:load:file:/home/nunoamorim/.npmrc Completed in 0ms
12 timing config:load:user Completed in 1ms
13 timing config:load:file:/home/nunoamorim/.nvm/versions/node/v16.17.1/etc/npmrc Completed in 5ms
14 timing config:load:global Completed in 5ms
15 timing config:load:validate Completed in 1ms
16 timing config:load:credentials Completed in 1ms
17 timing config:load:setEnvs Completed in 1ms
18 timing config:load Completed in 35ms
19 timing npm:load:configload Completed in 36ms
20 timing npm:load:mkdirpcache Completed in 2ms
21 timing npm:load:mkdirplogs Completed in 1ms
22 verbose title npm install @types/accepts@ts4.9 @types/asap@ts4.9 @types/atob@ts4.9 @types/bintrees@ts4.9 @types/btoa@ts4.9 @types/call-bind@ts4.9 @types/content-disposition@ts4.9 @types/cookie@ts4.9 @types/cookie-signature@ts4.9 @types/core-js@ts4.9 @types/deep-equal@ts4.9 @types/defined@ts4.9 @types/destroy@ts4.9 @types/dompurify@ts4.9 @types/ee-first@ts4.9 @types/encodeurl@ts4.9 @types/escape-html@ts4.9 @types/etag@ts4.9 @types/events@ts4.9 @types/finalhandler@ts4.9 @types/forwarded@ts4.9 @types/fresh@ts4.9 @types/function-bind@ts4.9 @types/get-intrinsic@ts4.9 @types/has@ts4.9 @types/has-symbols@ts4.9 @types/inherits@ts4.9 @types/media-typer@ts4.9 @types/methods@ts4.9 @types/mime@ts4.9 @types/mime-db@ts4.9 @types/mime-types@ts4.9 @types/ms@ts4.9 @types/negotiator@ts4.9 @types/object-inspect@ts4.9 @types/on-finished@ts4.9 @types/parseurl@ts4.9 @types/proxy-addr@ts4.9 @types/raf@ts4.9 @types/range-parser@ts4.9 @types/regenerator-runtime@ts4.9 @types/safer-buffer@ts4.9 @types/send@ts4.9 @types/statuses@ts4.9 @types/tape@ts4.9 @types/tdigest@ts4.9 @types/through@ts4.9 @types/toidentifier@ts4.9 @types/utils-merge@ts4.9 @types/vary@ts4.9 @types/yallist@ts4.9
23 verbose argv "install" "--ignore-scripts" "@types/accepts@ts4.9" "@types/asap@ts4.9" "@types/atob@ts4.9" "@types/bintrees@ts4.9" "@types/btoa@ts4.9" "@types/call-bind@ts4.9" "@types/content-disposition@ts4.9" "@types/cookie@ts4.9" "@types/cookie-signature@ts4.9" "@types/core-js@ts4.9" "@types/deep-equal@ts4.9" "@types/defined@ts4.9" "@types/destroy@ts4.9" "@types/dompurify@ts4.9" "@types/ee-first@ts4.9" "@types/encodeurl@ts4.9" "@types/escape-html@ts4.9" "@types/etag@ts4.9" "@types/events@ts4.9" "@types/finalhandler@ts4.9" "@types/forwarded@ts4.9" "@types/fresh@ts4.9" "@types/function-bind@ts4.9" "@types/get-intrinsic@ts4.9" "@types/has@ts4.9" "@types/has-symbols@ts4.9" "@types/inherits@ts4.9" "@types/media-typer@ts4.9" "@types/methods@ts4.9" "@types/mime@ts4.9" "@types/mime-db@ts4.9" "@types/mime-types@ts4.9" "@types/ms@ts4.9" "@types/negotiator@ts4.9" "@types/object-inspect@ts4.9" "@types/on-finished@ts4.9" "@types/parseurl@ts4.9" "@types/proxy-addr@ts4.9" "@types/raf@ts4.9" "@types/range-parser@ts4.9" "@types/regenerator-runtime@ts4.9" "@types/safer-buffer@ts4.9" "@types/send@ts4.9" "@types/statuses@ts4.9" "@types/tape@ts4.9" "@types/tdigest@ts4.9" "@types/through@ts4.9" "@types/toidentifier@ts4.9" "@types/utils-merge@ts4.9" "@types/vary@ts4.9" "@types/yallist@ts4.9" "--save-dev" "--user-agent" "typesInstaller/4.9.4"
24 timing npm:load:setTitle Completed in 7ms
25 timing config:load:flatten Completed in 6ms
26 timing npm:load:display Completed in 7ms
27 verbose logfile logs-max:10 dir:/home/nunoamorim/.npm/_logs
28 verbose logfile /home/nunoamorim/.npm/_logs/2022-12-19T15_06_44_152Z-debug-0.log
29 timing npm:load:logFile Completed in 9ms
30 timing npm:load:timers Completed in 0ms
31 timing npm:load:configScope Completed in 0ms
32 timing npm:load Completed in 64ms
33 timing arborist:ctor Completed in 1ms
34 silly logfile start cleaning logs, removing 1 files
35 silly logfile done cleaning log files
36 timing idealTree:init Completed in 69ms
37 timing arborist:ctor Completed in 0ms
38 http fetch GET 200 https://registry.npmjs.org/@types%2faccepts 368ms (cache miss)
39 http fetch GET 200 https://registry.npmjs.org/@types%2fcookie 357ms (cache miss)
40 http fetch GET 200 https://registry.npmjs.org/@types%2fcore-js 359ms (cache miss)
41 http fetch GET 200 https://registry.npmjs.org/@types%2fdompurify 360ms (cache miss)
42 http fetch GET 200 https://registry.npmjs.org/@types%2fbtoa 376ms (cache miss)
43 http fetch GET 200 https://registry.npmjs.org/@types%2fescape-html 414ms (cache miss)
44 http fetch GET 200 https://registry.npmjs.org/@types%2fetag 418ms (cache miss)
45 http fetch GET 200 https://registry.npmjs.org/@types%2fencodeurl 423ms (cache miss)
46 http fetch GET 200 https://registry.npmjs.org/@types%2ffunction-bind 471ms (cache miss)
47 http fetch GET 200 https://registry.npmjs.org/@types%2fget-intrinsic 527ms (cache miss)
48 http fetch GET 200 https://registry.npmjs.org/@types%2fhas 579ms (cache miss)
49 http fetch GET 200 https://registry.npmjs.org/@types%2fhas-symbols 647ms (cache miss)
50 http fetch GET 200 https://registry.npmjs.org/@types%2finherits 721ms (cache miss)
51 http fetch GET 200 https://registry.npmjs.org/@types%2fdefined 1268ms (cache miss)
52 http fetch GET 200 https://registry.npmjs.org/@types%2fee-first 1267ms (cache miss)
53 http fetch GET 200 https://registry.npmjs.org/@types%2fcall-bind 1276ms (cache miss)
54 http fetch GET 200 https://registry.npmjs.org/@types%2fevents 1277ms (cache miss)
55 http fetch GET 200 https://registry.npmjs.org/@types%2fmime-db 1315ms (cache miss)
56 http fetch GET 200 https://registry.npmjs.org/@types%2fmethods 1320ms (cache miss)
57 http fetch GET 200 https://registry.npmjs.org/@types%2fmime-types 1319ms (cache miss)
58 http fetch GET 200 https://registry.npmjs.org/@types%2fparseurl 1353ms (cache miss)
59 http fetch GET 200 https://registry.npmjs.org/@types%2fproxy-addr 1456ms (cache miss)
60 http fetch GET 200 https://registry.npmjs.org/@types%2fregenerator-runtime 1512ms (cache miss)
61 http fetch GET 200 https://registry.npmjs.org/@types%2fsafer-buffer 1603ms (cache miss)
62 http fetch GET 200 https://registry.npmjs.org/@types%2fasap 1944ms (cache miss)
63 http fetch GET 200 https://registry.npmjs.org/@types%2fdestroy 1950ms (cache miss)
64 http fetch GET 200 https://registry.npmjs.org/@types%2fatob 1994ms (cache miss)
65 http fetch GET 200 https://registry.npmjs.org/@types%2fbintrees 2031ms (cache miss)
66 http fetch GET 200 https://registry.npmjs.org/@types%2frange-parser 2041ms (cache revalidated)
67 http fetch GET 200 https://registry.npmjs.org/@types%2fcookie-signature 2082ms (cache miss)
68 http fetch GET 200 https://registry.npmjs.org/@types%2fdeep-equal 2082ms (cache miss)
69 http fetch GET 200 https://registry.npmjs.org/@types%2fmime 2070ms (cache revalidated)
70 http fetch GET 200 https://registry.npmjs.org/@types%2fms 2069ms (cache revalidated)
71 http fetch GET 200 https://registry.npmjs.org/@types%2fcontent-disposition 2096ms (cache miss)
72 http fetch GET 200 https://registry.npmjs.org/@types%2fsend 2070ms (cache miss)
73 http fetch GET 200 https://registry.npmjs.org/@types%2ffresh 2101ms (cache miss)
74 http fetch GET 200 https://registry.npmjs.org/@types%2fforwarded 2106ms (cache miss)
75 http fetch GET 200 https://registry.npmjs.org/@types%2futils-merge 2077ms (cache miss)
76 http fetch GET 200 https://registry.npmjs.org/@types%2fraf 2091ms (cache updated)
77 http fetch GET 200 https://registry.npmjs.org/@types%2fthrough 2086ms (cache miss)
78 http fetch GET 200 https://registry.npmjs.org/@types%2ffinalhandler 2121ms (cache miss)
79 http fetch GET 200 https://registry.npmjs.org/@types%2fmedia-typer 2161ms (cache miss)
80 http fetch GET 200 https://registry.npmjs.org/@types%2fobject-inspect 2246ms (cache miss)
81 http fetch GET 200 https://registry.npmjs.org/@types%2ftdigest 2674ms (cache miss)
82 http fetch GET 200 https://registry.npmjs.org/@types%2fvary 2679ms (cache miss)
83 http fetch GET 200 https://registry.npmjs.org/@types%2ftoidentifier 2699ms (cache miss)
84 http fetch GET 200 https://registry.npmjs.org/@types%2fnegotiator 2720ms (cache miss)
85 http fetch GET 200 https://registry.npmjs.org/@types%2fon-finished 2725ms (cache miss)
86 http fetch GET 200 https://registry.npmjs.org/@types%2fyallist 2719ms (cache miss)
87 http fetch GET 200 https://registry.npmjs.org/@types%2fstatuses 3088ms (cache miss)
88 http fetch GET 200 https://registry.npmjs.org/@types%2ftape 3109ms (cache miss)
89 timing idealTree:userRequests Completed in 3189ms
90 silly idealTree buildDeps
91 silly fetch manifest @types/accepts@1.3.5
92 silly fetch manifest @types/asap@2.0.0
93 silly fetch manifest @types/atob@2.1.2
94 silly fetch manifest @types/bintrees@1.0.3
95 silly fetch manifest @types/btoa@1.2.3
96 silly fetch manifest @types/call-bind@1.0.1
97 silly fetch manifest @types/content-disposition@0.5.5
98 silly fetch manifest @types/cookie@0.5.1
99 silly fetch manifest @types/cookie-signature@1.1.0
100 silly fetch manifest @types/core-js@2.5.5
101 silly fetch manifest @types/deep-equal@1.0.1
102 silly fetch manifest @types/defined@1.0.0
103 silly fetch manifest @types/destroy@1.0.0
104 silly fetch manifest @types/dompurify@2.4.0
105 silly fetch manifest @types/ee-first@1.1.0
106 silly fetch manifest @types/encodeurl@1.0.0
107 silly fetch manifest @types/escape-html@1.0.2
108 silly fetch manifest @types/etag@1.8.1
109 silly fetch manifest @types/events@3.0.0
110 silly fetch manifest @types/finalhandler@1.2.0
111 silly fetch manifest @types/forwarded@0.1.0
112 silly fetch manifest @types/fresh@0.5.0
113 silly fetch manifest @types/function-bind@1.1.7
114 silly fetch manifest @types/get-intrinsic@1.0.0
115 silly fetch manifest @types/has@1.0.0
116 silly fetch manifest @types/has-symbols@1.0.0
117 silly fetch manifest @types/inherits@0.0.30
118 silly fetch manifest @types/media-typer@1.1.1
119 silly fetch manifest @types/methods@1.1.1
120 silly fetch manifest @types/mime@3.0.1
121 silly fetch manifest @types/mime-db@1.43.1
122 silly fetch manifest @types/mime-types@2.1.1
123 silly fetch manifest @types/ms@0.7.31
124 silly fetch manifest @types/negotiator@0.6.1
125 silly fetch manifest @types/object-inspect@1.8.1
126 silly fetch manifest @types/on-finished@2.3.1
127 silly fetch manifest @types/parseurl@1.3.1
128 silly fetch manifest @types/proxy-addr@2.0.0
129 silly fetch manifest @types/raf@3.4.0
130 silly fetch manifest @types/range-parser@1.2.4
131 silly fetch manifest @types/regenerator-runtime@0.13.1
132 silly fetch manifest @types/safer-buffer@2.1.0
133 silly fetch manifest @types/send@0.17.1
134 silly fetch manifest @types/statuses@2.0.0
135 silly fetch manifest @types/tape@4.13.2
136 silly fetch manifest @types/tdigest@0.1.0
137 silly fetch manifest @types/through@0.0.30
138 silly fetch manifest @types/toidentifier@1.0.0
139 silly fetch manifest @types/utils-merge@0.0.28
140 silly fetch manifest @types/vary@1.1.0
141 silly fetch manifest @types/yallist@4.0.1
142 silly placeDep ROOT @types/accepts@1.3.5 OK for:  want: 1.3.5
143 silly placeDep ROOT @types/asap@2.0.0 OK for:  want: 2.0.0
144 silly placeDep ROOT @types/atob@2.1.2 OK for:  want: 2.1.2
145 silly placeDep ROOT @types/bintrees@1.0.3 OK for:  want: 1.0.3
146 silly placeDep ROOT @types/btoa@1.2.3 OK for:  want: 1.2.3
147 silly placeDep ROOT @types/call-bind@1.0.1 OK for:  want: 1.0.1
148 silly placeDep ROOT @types/content-disposition@0.5.5 OK for:  want: 0.5.5
149 silly placeDep ROOT @types/cookie@0.5.1 OK for:  want: 0.5.1
150 silly placeDep ROOT @types/cookie-signature@1.1.0 OK for:  want: 1.1.0
151 silly placeDep ROOT @types/core-js@2.5.5 OK for:  want: 2.5.5
152 silly placeDep ROOT @types/deep-equal@1.0.1 OK for:  want: 1.0.1
153 silly placeDep ROOT @types/defined@1.0.0 OK for:  want: 1.0.0
154 silly placeDep ROOT @types/destroy@1.0.0 OK for:  want: 1.0.0
155 silly placeDep ROOT @types/dompurify@2.4.0 OK for:  want: 2.4.0
156 silly placeDep ROOT @types/ee-first@1.1.0 OK for:  want: 1.1.0
157 silly placeDep ROOT @types/encodeurl@1.0.0 OK for:  want: 1.0.0
158 silly placeDep ROOT @types/escape-html@1.0.2 OK for:  want: 1.0.2
159 silly placeDep ROOT @types/etag@1.8.1 OK for:  want: 1.8.1
160 silly placeDep ROOT @types/events@3.0.0 OK for:  want: 3.0.0
161 silly placeDep ROOT @types/finalhandler@1.2.0 OK for:  want: 1.2.0
162 silly placeDep ROOT @types/forwarded@0.1.0 OK for:  want: 0.1.0
163 silly placeDep ROOT @types/fresh@0.5.0 OK for:  want: 0.5.0
164 silly placeDep ROOT @types/function-bind@1.1.7 OK for:  want: 1.1.7
165 silly placeDep ROOT @types/get-intrinsic@1.0.0 OK for:  want: 1.0.0
166 silly placeDep ROOT @types/has@1.0.0 OK for:  want: 1.0.0
167 silly placeDep ROOT @types/has-symbols@1.0.0 OK for:  want: 1.0.0
168 silly placeDep ROOT @types/inherits@0.0.30 OK for:  want: 0.0.30
169 silly placeDep ROOT @types/media-typer@1.1.1 OK for:  want: 1.1.1
170 silly placeDep ROOT @types/methods@1.1.1 OK for:  want: 1.1.1
171 silly placeDep ROOT @types/mime@3.0.1 REPLACE for:  want: 3.0.1
172 silly placeDep ROOT @types/mime-db@1.43.1 OK for:  want: 1.43.1
173 silly placeDep ROOT @types/mime-types@2.1.1 OK for:  want: 2.1.1
174 silly placeDep ROOT @types/ms@0.7.31 REPLACE for:  want: 0.7.31
175 silly placeDep ROOT @types/negotiator@0.6.1 OK for:  want: 0.6.1
176 silly placeDep ROOT @types/object-inspect@1.8.1 OK for:  want: 1.8.1
177 silly placeDep ROOT @types/on-finished@2.3.1 OK for:  want: 2.3.1
178 silly placeDep ROOT @types/parseurl@1.3.1 OK for:  want: 1.3.1
179 silly placeDep ROOT @types/proxy-addr@2.0.0 OK for:  want: 2.0.0
180 silly placeDep ROOT @types/raf@3.4.0 OK for:  want: 3.4.0
181 silly placeDep ROOT @types/range-parser@1.2.4 REPLACE for:  want: 1.2.4
182 silly placeDep ROOT @types/regenerator-runtime@0.13.1 OK for:  want: 0.13.1
183 silly placeDep ROOT @types/safer-buffer@2.1.0 OK for:  want: 2.1.0
184 silly placeDep ROOT @types/send@0.17.1 OK for:  want: 0.17.1
185 silly placeDep ROOT @types/statuses@2.0.0 OK for:  want: 2.0.0
186 silly placeDep ROOT @types/tape@4.13.2 OK for:  want: 4.13.2
187 silly placeDep ROOT @types/tdigest@0.1.0 OK for:  want: 0.1.0
188 silly placeDep ROOT @types/through@0.0.30 OK for:  want: 0.0.30
189 silly placeDep ROOT @types/toidentifier@1.0.0 OK for:  want: 1.0.0
190 silly placeDep ROOT @types/utils-merge@0.0.28 OK for:  want: 0.0.28
191 silly placeDep ROOT @types/vary@1.1.0 OK for:  want: 1.1.0
192 silly placeDep ROOT @types/yallist@4.0.1 OK for:  want: 4.0.1
193 silly fetch manifest @types/trusted-types@*
194 silly fetch manifest @types/mime@^1
195 http fetch GET 200 https://registry.npmjs.org/@types%2ftrusted-types 115ms (cache miss)
196 timing idealTree:#root Completed in 386ms
197 timing idealTree:node_modules/@types/accepts Completed in 0ms
198 timing idealTree:node_modules/@types/asap Completed in 1ms
199 timing idealTree:node_modules/@types/atob Completed in 0ms
200 timing idealTree:node_modules/@types/bintrees Completed in 0ms
201 timing idealTree:node_modules/@types/btoa Completed in 0ms
202 timing idealTree:node_modules/@types/call-bind Completed in 0ms
203 timing idealTree:node_modules/@types/content-disposition Completed in 0ms
204 timing idealTree:node_modules/@types/cookie Completed in 0ms
205 timing idealTree:node_modules/@types/cookie-signature Completed in 0ms
206 timing idealTree:node_modules/@types/core-js Completed in 0ms
207 timing idealTree:node_modules/@types/deep-equal Completed in 0ms
208 timing idealTree:node_modules/@types/defined Completed in 0ms
209 timing idealTree:node_modules/@types/destroy Completed in 0ms
210 silly placeDep ROOT @types/trusted-types@2.0.2 OK for: @types/dompurify@2.4.0 want: *
211 timing idealTree:node_modules/@types/dompurify Completed in 6ms
212 timing idealTree:node_modules/@types/ee-first Completed in 0ms
213 timing idealTree:node_modules/@types/encodeurl Completed in 0ms
214 timing idealTree:node_modules/@types/escape-html Completed in 0ms
215 timing idealTree:node_modules/@types/etag Completed in 0ms
216 timing idealTree:node_modules/@types/events Completed in 0ms
217 timing idealTree:node_modules/@types/finalhandler Completed in 0ms
218 timing idealTree:node_modules/@types/forwarded Completed in 0ms
219 timing idealTree:node_modules/@types/fresh Completed in 0ms
220 timing idealTree:node_modules/@types/function-bind Completed in 0ms
221 timing idealTree:node_modules/@types/get-intrinsic Completed in 0ms
222 timing idealTree:node_modules/@types/has Completed in 1ms
223 timing idealTree:node_modules/@types/has-symbols Completed in 0ms
224 timing idealTree:node_modules/@types/inherits Completed in 0ms
225 timing idealTree:node_modules/@types/media-typer Completed in 0ms
226 timing idealTree:node_modules/@types/methods Completed in 0ms
227 timing idealTree:node_modules/@types/mime Completed in 0ms
228 timing idealTree:node_modules/@types/mime-db Completed in 0ms
229 timing idealTree:node_modules/@types/mime-types Completed in 0ms
230 timing idealTree:node_modules/@types/ms Completed in 0ms
231 timing idealTree:node_modules/@types/negotiator Completed in 0ms
232 timing idealTree:node_modules/@types/object-inspect Completed in 0ms
233 timing idealTree:node_modules/@types/on-finished Completed in 0ms
234 timing idealTree:node_modules/@types/parseurl Completed in 0ms
235 timing idealTree:node_modules/@types/proxy-addr Completed in 0ms
236 timing idealTree:node_modules/@types/raf Completed in 0ms
237 timing idealTree:node_modules/@types/range-parser Completed in 0ms
238 timing idealTree:node_modules/@types/regenerator-runtime Completed in 0ms
239 timing idealTree:node_modules/@types/safer-buffer Completed in 0ms
240 silly placeDep node_modules/@types/send @types/mime@1.3.2 OK for: @types/send@0.17.1 want: ^1
241 timing idealTree:node_modules/@types/send Completed in 7ms
242 timing idealTree:node_modules/@types/statuses Completed in 0ms
243 timing idealTree:node_modules/@types/tape Completed in 0ms
244 timing idealTree:node_modules/@types/tdigest Completed in 0ms
245 timing idealTree:node_modules/@types/through Completed in 0ms
246 timing idealTree:node_modules/@types/toidentifier Completed in 0ms
247 timing idealTree:node_modules/@types/trusted-types Completed in 0ms
248 timing idealTree:node_modules/@types/utils-merge Completed in 0ms
249 timing idealTree:node_modules/@types/vary Completed in 0ms
250 timing idealTree:node_modules/@types/yallist Completed in 0ms
251 timing idealTree:node_modules/@types/send/node_modules/@types/mime Completed in 0ms
252 timing idealTree:buildDeps Completed in 435ms
253 timing idealTree:fixDepFlags Completed in 4ms
254 timing idealTree Completed in 3703ms
255 timing reify:loadTrees Completed in 3705ms
256 timing reify:diffTrees Completed in 14ms
257 silly reify moves {}
258 timing reify:retireShallow Completed in 5ms
259 timing reify:createSparse Completed in 125ms
260 timing reify:loadBundles Completed in 0ms
261 silly audit bulk request {
261 silly audit   '@types/body-parser': [ '1.19.2' ],
261 silly audit   '@types/bytes': [ '3.1.1' ],
261 silly audit   '@types/connect': [ '3.4.35' ],
261 silly audit   '@types/content-type': [ '1.1.5' ],
261 silly audit   '@types/debug': [ '4.1.7' ],
261 silly audit   '@types/depd': [ '1.1.32' ],
261 silly audit   '@types/express': [ '4.17.15' ],
261 silly audit   '@types/express-serve-static-core': [ '4.17.31' ],
261 silly audit   '@types/formidable': [ '2.0.5' ],
261 silly audit   '@types/http-errors': [ '2.0.1' ],
261 silly audit   '@types/merge-descriptors': [ '1.0.1' ],
261 silly audit   '@types/node': [ '18.11.17' ],
261 silly audit   '@types/on-headers': [ '1.0.0' ],
261 silly audit   '@types/once': [ '1.4.0' ],
261 silly audit   '@types/procfs-stats': [ '1.0.2' ],
261 silly audit   '@types/qs': [ '6.9.7' ],
261 silly audit   '@types/response-time': [ '2.3.5' ],
261 silly audit   '@types/serve-static': [ '1.15.0' ],
261 silly audit   '@types/type-is': [ '1.6.3' ],
261 silly audit   'types-registry': [ '0.1.623' ],
261 silly audit   '@types/accepts': [ '1.3.5' ],
261 silly audit   '@types/asap': [ '2.0.0' ],
261 silly audit   '@types/atob': [ '2.1.2' ],
261 silly audit   '@types/bintrees': [ '1.0.3' ],
261 silly audit   '@types/btoa': [ '1.2.3' ],
261 silly audit   '@types/call-bind': [ '1.0.1' ],
261 silly audit   '@types/content-disposition': [ '0.5.5' ],
261 silly audit   '@types/cookie': [ '0.5.1' ],
261 silly audit   '@types/cookie-signature': [ '1.1.0' ],
261 silly audit   '@types/core-js': [ '2.5.5' ],
261 silly audit   '@types/deep-equal': [ '1.0.1' ],
261 silly audit   '@types/defined': [ '1.0.0' ],
261 silly audit   '@types/destroy': [ '1.0.0' ],
261 silly audit   '@types/dompurify': [ '2.4.0' ],
261 silly audit   '@types/ee-first': [ '1.1.0' ],
261 silly audit   '@types/encodeurl': [ '1.0.0' ],
261 silly audit   '@types/escape-html': [ '1.0.2' ],
261 silly audit   '@types/etag': [ '1.8.1' ],
261 silly audit   '@types/events': [ '3.0.0' ],
261 silly audit   '@types/finalhandler': [ '1.2.0' ],
261 silly audit   '@types/forwarded': [ '0.1.0' ],
261 silly audit   '@types/fresh': [ '0.5.0' ],
261 silly audit   '@types/function-bind': [ '1.1.7' ],
261 silly audit   '@types/get-intrinsic': [ '1.0.0' ],
261 silly audit   '@types/has': [ '1.0.0' ],
261 silly audit   '@types/has-symbols': [ '1.0.0' ],
261 silly audit   '@types/inherits': [ '0.0.30' ],
261 silly audit   '@types/media-typer': [ '1.1.1' ],
261 silly audit   '@types/methods': [ '1.1.1' ],
261 silly audit   '@types/mime': [ '3.0.1', '1.3.2' ],
261 silly audit   '@types/mime-db': [ '1.43.1' ],
261 silly audit   '@types/mime-types': [ '2.1.1' ],
261 silly audit   '@types/ms': [ '0.7.31' ],
261 silly audit   '@types/negotiator': [ '0.6.1' ],
261 silly audit   '@types/object-inspect': [ '1.8.1' ],
261 silly audit   '@types/on-finished': [ '2.3.1' ],
261 silly audit   '@types/parseurl': [ '1.3.1' ],
261 silly audit   '@types/proxy-addr': [ '2.0.0' ],
261 silly audit   '@types/raf': [ '3.4.0' ],
261 silly audit   '@types/range-parser': [ '1.2.4' ],
261 silly audit   '@types/regenerator-runtime': [ '0.13.1' ],
261 silly audit   '@types/safer-buffer': [ '2.1.0' ],
261 silly audit   '@types/send': [ '0.17.1' ],
261 silly audit   '@types/statuses': [ '2.0.0' ],
261 silly audit   '@types/tape': [ '4.13.2' ],
261 silly audit   '@types/tdigest': [ '0.1.0' ],
261 silly audit   '@types/through': [ '0.0.30' ],
261 silly audit   '@types/toidentifier': [ '1.0.0' ],
261 silly audit   '@types/utils-merge': [ '0.0.28' ],
261 silly audit   '@types/vary': [ '1.1.0' ],
261 silly audit   '@types/yallist': [ '4.0.1' ],
261 silly audit   '@types/trusted-types': [ '2.0.2' ]
261 silly audit }
262 silly tarball no local data for @types/trusted-types@https://registry.npmjs.org/@types/trusted-types/-/trusted-types-2.0.2.tgz. Extracting by manifest.
263 silly tarball no local data for @types/yallist@https://registry.npmjs.org/@types/yallist/-/yallist-4.0.1.tgz. Extracting by manifest.
264 silly tarball no local data for @types/vary@https://registry.npmjs.org/@types/vary/-/vary-1.1.0.tgz. Extracting by manifest.
265 silly tarball no local data for @types/utils-merge@https://registry.npmjs.org/@types/utils-merge/-/utils-merge-0.0.28.tgz. Extracting by manifest.
266 silly tarball no local data for @types/toidentifier@https://registry.npmjs.org/@types/toidentifier/-/toidentifier-1.0.0.tgz. Extracting by manifest.
267 silly tarball no local data for @types/through@https://registry.npmjs.org/@types/through/-/through-0.0.30.tgz. Extracting by manifest.
268 silly tarball no local data for @types/tdigest@https://registry.npmjs.org/@types/tdigest/-/tdigest-0.1.0.tgz. Extracting by manifest.
269 silly tarball no local data for @types/tape@https://registry.npmjs.org/@types/tape/-/tape-4.13.2.tgz. Extracting by manifest.
270 silly tarball no local data for @types/statuses@https://registry.npmjs.org/@types/statuses/-/statuses-2.0.0.tgz. Extracting by manifest.
271 silly tarball no local data for @types/send@https://registry.npmjs.org/@types/send/-/send-0.17.1.tgz. Extracting by manifest.
272 silly tarball no local data for @types/safer-buffer@https://registry.npmjs.org/@types/safer-buffer/-/safer-buffer-2.1.0.tgz. Extracting by manifest.
273 silly tarball no local data for @types/regenerator-runtime@https://registry.npmjs.org/@types/regenerator-runtime/-/regenerator-runtime-0.13.1.tgz. Extracting by manifest.
274 silly tarball no local data for @types/proxy-addr@https://registry.npmjs.org/@types/proxy-addr/-/proxy-addr-2.0.0.tgz. Extracting by manifest.
275 silly tarball no local data for @types/parseurl@https://registry.npmjs.org/@types/parseurl/-/parseurl-1.3.1.tgz. Extracting by manifest.
276 silly tarball no local data for @types/on-finished@https://registry.npmjs.org/@types/on-finished/-/on-finished-2.3.1.tgz. Extracting by manifest.
277 silly tarball no local data for @types/object-inspect@https://registry.npmjs.org/@types/object-inspect/-/object-inspect-1.8.1.tgz. Extracting by manifest.
278 silly tarball no local data for @types/negotiator@https://registry.npmjs.org/@types/negotiator/-/negotiator-0.6.1.tgz. Extracting by manifest.
279 silly tarball no local data for @types/mime-types@https://registry.npmjs.org/@types/mime-types/-/mime-types-2.1.1.tgz. Extracting by manifest.
280 silly tarball no local data for @types/mime-db@https://registry.npmjs.org/@types/mime-db/-/mime-db-1.43.1.tgz. Extracting by manifest.
281 silly tarball no local data for @types/methods@https://registry.npmjs.org/@types/methods/-/methods-1.1.1.tgz. Extracting by manifest.
282 silly tarball no local data for @types/media-typer@https://registry.npmjs.org/@types/media-typer/-/media-typer-1.1.1.tgz. Extracting by manifest.
283 silly tarball no local data for @types/inherits@https://registry.npmjs.org/@types/inherits/-/inherits-0.0.30.tgz. Extracting by manifest.
284 silly tarball no local data for @types/has-symbols@https://registry.npmjs.org/@types/has-symbols/-/has-symbols-1.0.0.tgz. Extracting by manifest.
285 silly tarball no local data for @types/has@https://registry.npmjs.org/@types/has/-/has-1.0.0.tgz. Extracting by manifest.
286 silly tarball no local data for @types/get-intrinsic@https://registry.npmjs.org/@types/get-intrinsic/-/get-intrinsic-1.0.0.tgz. Extracting by manifest.
287 silly tarball no local data for @types/function-bind@https://registry.npmjs.org/@types/function-bind/-/function-bind-1.1.7.tgz. Extracting by manifest.
288 silly tarball no local data for @types/fresh@https://registry.npmjs.org/@types/fresh/-/fresh-0.5.0.tgz. Extracting by manifest.
289 silly tarball no local data for @types/forwarded@https://registry.npmjs.org/@types/forwarded/-/forwarded-0.1.0.tgz. Extracting by manifest.
290 silly tarball no local data for @types/finalhandler@https://registry.npmjs.org/@types/finalhandler/-/finalhandler-1.2.0.tgz. Extracting by manifest.
291 silly tarball no local data for @types/events@https://registry.npmjs.org/@types/events/-/events-3.0.0.tgz. Extracting by manifest.
292 silly tarball no local data for @types/etag@https://registry.npmjs.org/@types/etag/-/etag-1.8.1.tgz. Extracting by manifest.
293 silly tarball no local data for @types/escape-html@https://registry.npmjs.org/@types/escape-html/-/escape-html-1.0.2.tgz. Extracting by manifest.
294 silly tarball no local data for @types/encodeurl@https://registry.npmjs.org/@types/encodeurl/-/encodeurl-1.0.0.tgz. Extracting by manifest.
295 silly tarball no local data for @types/ee-first@https://registry.npmjs.org/@types/ee-first/-/ee-first-1.1.0.tgz. Extracting by manifest.
296 silly tarball no local data for @types/dompurify@https://registry.npmjs.org/@types/dompurify/-/dompurify-2.4.0.tgz. Extracting by manifest.
297 silly tarball no local data for @types/destroy@https://registry.npmjs.org/@types/destroy/-/destroy-1.0.0.tgz. Extracting by manifest.
298 silly tarball no local data for @types/defined@https://registry.npmjs.org/@types/defined/-/defined-1.0.0.tgz. Extracting by manifest.
299 silly tarball no local data for @types/deep-equal@https://registry.npmjs.org/@types/deep-equal/-/deep-equal-1.0.1.tgz. Extracting by manifest.
300 silly tarball no local data for @types/core-js@https://registry.npmjs.org/@types/core-js/-/core-js-2.5.5.tgz. Extracting by manifest.
301 silly tarball no local data for @types/cookie-signature@https://registry.npmjs.org/@types/cookie-signature/-/cookie-signature-1.1.0.tgz. Extracting by manifest.
302 silly tarball no local data for @types/cookie@https://registry.npmjs.org/@types/cookie/-/cookie-0.5.1.tgz. Extracting by manifest.
303 silly tarball no local data for @types/content-disposition@https://registry.npmjs.org/@types/content-disposition/-/content-disposition-0.5.5.tgz. Extracting by manifest.
304 silly tarball no local data for @types/call-bind@https://registry.npmjs.org/@types/call-bind/-/call-bind-1.0.1.tgz. Extracting by manifest.
305 silly tarball no local data for @types/btoa@https://registry.npmjs.org/@types/btoa/-/btoa-1.2.3.tgz. Extracting by manifest.
306 silly tarball no local data for @types/bintrees@https://registry.npmjs.org/@types/bintrees/-/bintrees-1.0.3.tgz. Extracting by manifest.
307 silly tarball no local data for @types/atob@https://registry.npmjs.org/@types/atob/-/atob-2.1.2.tgz. Extracting by manifest.
308 silly tarball no local data for @types/asap@https://registry.npmjs.org/@types/asap/-/asap-2.0.0.tgz. Extracting by manifest.
309 silly tarball no local data for @types/accepts@https://registry.npmjs.org/@types/accepts/-/accepts-1.3.5.tgz. Extracting by manifest.
310 silly tarball no local data for @types/mime@https://registry.npmjs.org/@types/mime/-/mime-1.3.2.tgz. Extracting by manifest.
311 http fetch POST 200 https://registry.npmjs.org/-/npm/v1/security/advisories/bulk 581ms
312 timing auditReport:getReport Completed in 598ms
313 silly audit report {}
314 timing auditReport:init Completed in 0ms
315 timing reify:audit Completed in 601ms
316 timing reifyNode:node_modules/@types/raf Completed in 630ms
317 http fetch GET 200 https://registry.npmjs.org/@types/utils-merge/-/utils-merge-0.0.28.tgz 535ms (cache miss)
318 timing reifyNode:node_modules/@types/utils-merge Completed in 643ms
319 http fetch GET 200 https://registry.npmjs.org/@types/through/-/through-0.0.30.tgz 531ms (cache miss)
320 timing reifyNode:node_modules/@types/through Completed in 644ms
321 http fetch GET 200 https://registry.npmjs.org/@types/yallist/-/yallist-4.0.1.tgz 541ms (cache miss)
322 timing reifyNode:node_modules/@types/yallist Completed in 645ms
323 http fetch GET 200 https://registry.npmjs.org/@types/parseurl/-/parseurl-1.3.1.tgz 506ms (cache miss)
324 timing reifyNode:node_modules/@types/parseurl Completed in 644ms
325 http fetch GET 200 https://registry.npmjs.org/@types/trusted-types/-/trusted-types-2.0.2.tgz 545ms (cache miss)
326 timing reifyNode:node_modules/@types/trusted-types Completed in 649ms
327 http fetch GET 200 https://registry.npmjs.org/@types/safer-buffer/-/safer-buffer-2.1.0.tgz 519ms (cache miss)
328 timing reifyNode:node_modules/@types/safer-buffer Completed in 646ms
329 http fetch GET 200 https://registry.npmjs.org/@types/regenerator-runtime/-/regenerator-runtime-0.13.1.tgz 520ms (cache miss)
330 timing reifyNode:node_modules/@types/regenerator-runtime Completed in 650ms
331 http fetch GET 200 https://registry.npmjs.org/@types/tape/-/tape-4.13.2.tgz 543ms (cache miss)
332 timing reifyNode:node_modules/@types/tape Completed in 660ms
333 http fetch GET 200 https://registry.npmjs.org/@types/inherits/-/inherits-0.0.30.tgz 517ms (cache miss)
334 timing reifyNode:node_modules/@types/inherits Completed in 679ms
335 http fetch GET 200 https://registry.npmjs.org/@types/statuses/-/statuses-2.0.0.tgz 562ms (cache miss)
336 timing reifyNode:node_modules/@types/statuses Completed in 682ms
337 http fetch GET 200 https://registry.npmjs.org/@types/get-intrinsic/-/get-intrinsic-1.0.0.tgz 647ms (cache miss)
338 timing reifyNode:node_modules/@types/get-intrinsic Completed in 834ms
339 http fetch GET 200 https://registry.npmjs.org/@types/has-symbols/-/has-symbols-1.0.0.tgz 783ms (cache miss)
340 timing reifyNode:node_modules/@types/has-symbols Completed in 949ms
341 http fetch GET 200 https://registry.npmjs.org/@types/has/-/has-1.0.0.tgz 783ms (cache miss)
342 timing reifyNode:node_modules/@types/has Completed in 953ms
343 http fetch GET 200 https://registry.npmjs.org/@types/send/-/send-0.17.1.tgz 859ms (cache miss)
344 timing reifyNode:node_modules/@types/send Completed in 984ms
345 http fetch GET 200 https://registry.npmjs.org/@types/function-bind/-/function-bind-1.1.7.tgz 792ms (cache miss)
346 timing reifyNode:node_modules/@types/function-bind Completed in 983ms
347 http fetch GET 200 https://registry.npmjs.org/@types/object-inspect/-/object-inspect-1.8.1.tgz 852ms (cache miss)
348 timing reifyNode:node_modules/@types/object-inspect Completed in 997ms
349 http fetch GET 200 https://registry.npmjs.org/@types/media-typer/-/media-typer-1.1.1.tgz 855ms (cache miss)
350 timing reifyNode:node_modules/@types/media-typer Completed in 1014ms
351 http fetch GET 200 https://registry.npmjs.org/@types/mime-db/-/mime-db-1.43.1.tgz 872ms (cache miss)
352 timing reifyNode:node_modules/@types/mime-db Completed in 1024ms
353 http fetch GET 200 https://registry.npmjs.org/@types/escape-html/-/escape-html-1.0.2.tgz 820ms (cache miss)
354 timing reifyNode:node_modules/@types/escape-html Completed in 1029ms
355 http fetch GET 200 https://registry.npmjs.org/@types/encodeurl/-/encodeurl-1.0.0.tgz 820ms (cache miss)
356 timing reifyNode:node_modules/@types/encodeurl Completed in 1031ms
357 http fetch GET 200 https://registry.npmjs.org/@types/tdigest/-/tdigest-0.1.0.tgz 932ms (cache miss)
358 timing reifyNode:node_modules/@types/tdigest Completed in 1047ms
359 http fetch GET 200 https://registry.npmjs.org/@types/events/-/events-3.0.0.tgz 871ms (cache miss)
360 timing reifyNode:node_modules/@types/events Completed in 1075ms
361 http fetch GET 200 https://registry.npmjs.org/@types/finalhandler/-/finalhandler-1.2.0.tgz 889ms (cache miss)
362 timing reifyNode:node_modules/@types/finalhandler Completed in 1089ms
363 http fetch GET 200 https://registry.npmjs.org/@types/vary/-/vary-1.1.0.tgz 1067ms (cache miss)
364 timing reifyNode:node_modules/@types/vary Completed in 1174ms
365 http fetch GET 200 https://registry.npmjs.org/@types/toidentifier/-/toidentifier-1.0.0.tgz 1084ms (cache miss)
366 timing reifyNode:node_modules/@types/toidentifier Completed in 1197ms
367 http fetch GET 200 https://registry.npmjs.org/@types/ee-first/-/ee-first-1.1.0.tgz 1163ms (cache miss)
368 timing reifyNode:node_modules/@types/ee-first Completed in 1377ms
369 http fetch GET 200 https://registry.npmjs.org/@types/proxy-addr/-/proxy-addr-2.0.0.tgz 1367ms (cache miss)
370 timing reifyNode:node_modules/@types/proxy-addr Completed in 1501ms
371 http fetch GET 200 https://registry.npmjs.org/@types/destroy/-/destroy-1.0.0.tgz 1329ms (cache miss)
372 timing reifyNode:node_modules/@types/destroy Completed in 1552ms
373 http fetch GET 200 https://registry.npmjs.org/@types/cookie/-/cookie-0.5.1.tgz 1267ms (cache miss)
374 timing reifyNode:node_modules/@types/cookie Completed in 1570ms
375 http fetch GET 200 https://registry.npmjs.org/@types/on-finished/-/on-finished-2.3.1.tgz 1434ms (cache miss)
376 timing reifyNode:node_modules/@types/on-finished Completed in 1576ms
377 http fetch GET 200 https://registry.npmjs.org/@types/negotiator/-/negotiator-0.6.1.tgz 1438ms (cache miss)
378 timing reifyNode:node_modules/@types/negotiator Completed in 1585ms
379 http fetch GET 200 https://registry.npmjs.org/@types/call-bind/-/call-bind-1.0.1.tgz 1295ms (cache miss)
380 timing reifyNode:node_modules/@types/call-bind Completed in 1607ms
381 http fetch GET 200 https://registry.npmjs.org/@types/mime-types/-/mime-types-2.1.1.tgz 1474ms (cache miss)
382 timing reifyNode:node_modules/@types/mime-types Completed in 1624ms
383 http fetch GET 200 https://registry.npmjs.org/@types/methods/-/methods-1.1.1.tgz 1479ms (cache miss)
384 timing reifyNode:node_modules/@types/methods Completed in 1635ms
385 http fetch GET 200 https://registry.npmjs.org/@types/accepts/-/accepts-1.3.5.tgz 1276ms (cache miss)
386 timing reifyNode:node_modules/@types/accepts Completed in 1640ms
387 http fetch GET 200 https://registry.npmjs.org/@types/deep-equal/-/deep-equal-1.0.1.tgz 1350ms (cache miss)
388 timing reifyNode:node_modules/@types/deep-equal Completed in 1643ms
389 http fetch GET 200 https://registry.npmjs.org/@types/cookie-signature/-/cookie-signature-1.1.0.tgz 1346ms (cache miss)
390 timing reifyNode:node_modules/@types/cookie-signature Completed in 1644ms
391 http fetch GET 200 https://registry.npmjs.org/@types/mime/-/mime-1.3.2.tgz 1280ms (cache miss)
392 timing reifyNode:node_modules/@types/send/node_modules/@types/mime Completed in 1655ms
393 http fetch GET 200 https://registry.npmjs.org/@types/btoa/-/btoa-1.2.3.tgz 1338ms (cache miss)
394 timing reifyNode:node_modules/@types/btoa Completed in 1656ms
395 http fetch GET 200 https://registry.npmjs.org/@types/fresh/-/fresh-0.5.0.tgz 1475ms (cache miss)
396 timing reifyNode:node_modules/@types/fresh Completed in 1669ms
397 http fetch GET 200 https://registry.npmjs.org/@types/forwarded/-/forwarded-0.1.0.tgz 1477ms (cache miss)
398 timing reifyNode:node_modules/@types/forwarded Completed in 1674ms
399 http fetch GET 200 https://registry.npmjs.org/@types/core-js/-/core-js-2.5.5.tgz 1379ms (cache miss)
400 timing reifyNode:node_modules/@types/core-js Completed in 1674ms
401 http fetch GET 200 https://registry.npmjs.org/@types/atob/-/atob-2.1.2.tgz 1335ms (cache miss)
402 timing reifyNode:node_modules/@types/atob Completed in 1675ms
403 http fetch GET 200 https://registry.npmjs.org/@types/etag/-/etag-1.8.1.tgz 1472ms (cache miss)
404 timing reifyNode:node_modules/@types/etag Completed in 1679ms
405 http fetch GET 200 https://registry.npmjs.org/@types/dompurify/-/dompurify-2.4.0.tgz 1535ms (cache miss)
406 timing reifyNode:node_modules/@types/dompurify Completed in 1753ms
407 http fetch GET 200 https://registry.npmjs.org/@types/defined/-/defined-1.0.0.tgz 1532ms (cache miss)
408 timing reifyNode:node_modules/@types/defined Completed in 1822ms
409 http fetch GET 200 https://registry.npmjs.org/@types/content-disposition/-/content-disposition-0.5.5.tgz 1660ms (cache miss)
410 timing reifyNode:node_modules/@types/content-disposition Completed in 1968ms
411 http fetch GET 200 https://registry.npmjs.org/@types/bintrees/-/bintrees-1.0.3.tgz 1778ms (cache miss)
412 timing reifyNode:node_modules/@types/bintrees Completed in 2102ms
413 http fetch GET 200 https://registry.npmjs.org/@types/asap/-/asap-2.0.0.tgz 1750ms (cache miss)
414 timing reifyNode:node_modules/@types/asap Completed in 2103ms
415 timing reify:unpack Completed in 2111ms
416 timing reify:unretire Completed in 0ms
417 timing build:queue Completed in 6ms
418 timing build:deps Completed in 6ms
419 timing build Completed in 8ms
420 timing reify:build Completed in 9ms
421 timing reify:trash Completed in 0ms
422 timing reify:save Completed in 81ms
423 timing reify Completed in 6121ms
424 silly ADD node_modules/@types/trusted-types
425 silly ADD node_modules/@types/yallist
426 silly ADD node_modules/@types/vary
427 silly ADD node_modules/@types/utils-merge
428 silly ADD node_modules/@types/toidentifier
429 silly ADD node_modules/@types/through
430 silly ADD node_modules/@types/tdigest
431 silly ADD node_modules/@types/tape
432 silly ADD node_modules/@types/statuses
433 silly ADD node_modules/@types/send
434 silly ADD node_modules/@types/send/node_modules/@types/mime
435 silly ADD node_modules/@types/safer-buffer
436 silly ADD node_modules/@types/regenerator-runtime
437 silly ADD node_modules/@types/raf
438 silly ADD node_modules/@types/proxy-addr
439 silly ADD node_modules/@types/parseurl
440 silly ADD node_modules/@types/on-finished
441 silly ADD node_modules/@types/object-inspect
442 silly ADD node_modules/@types/negotiator
443 silly ADD node_modules/@types/mime-types
444 silly ADD node_modules/@types/mime-db
445 silly ADD node_modules/@types/methods
446 silly ADD node_modules/@types/media-typer
447 silly ADD node_modules/@types/inherits
448 silly ADD node_modules/@types/has-symbols
449 silly ADD node_modules/@types/has
450 silly ADD node_modules/@types/get-intrinsic
451 silly ADD node_modules/@types/function-bind
452 silly ADD node_modules/@types/fresh
453 silly ADD node_modules/@types/forwarded
454 silly ADD node_modules/@types/finalhandler
455 silly ADD node_modules/@types/events
456 silly ADD node_modules/@types/etag
457 silly ADD node_modules/@types/escape-html
458 silly ADD node_modules/@types/encodeurl
459 silly ADD node_modules/@types/ee-first
460 silly ADD node_modules/@types/dompurify
461 silly ADD node_modules/@types/destroy
462 silly ADD node_modules/@types/defined
463 silly ADD node_modules/@types/deep-equal
464 silly ADD node_modules/@types/core-js
465 silly ADD node_modules/@types/cookie-signature
466 silly ADD node_modules/@types/cookie
467 silly ADD node_modules/@types/content-disposition
468 silly ADD node_modules/@types/call-bind
469 silly ADD node_modules/@types/btoa
470 silly ADD node_modules/@types/bintrees
471 silly ADD node_modules/@types/atob
472 silly ADD node_modules/@types/asap
473 silly ADD node_modules/@types/accepts
474 timing command:install Completed in 6137ms
475 verbose exit 0
476 timing npm Completed in 6318ms
477 info ok
