0 verbose cli /home/nunoamorim/.nvm/versions/node/v16.17.1/bin/node /home/nunoamorim/.nvm/versions/node/v16.17.1/bin/npm
1 info using npm@8.15.0
2 info using node@v16.17.1
3 timing npm:load:whichnode Completed in 1ms
4 timing config:load:defaults Completed in 4ms
5 timing config:load:file:/home/nunoamorim/.nvm/versions/node/v16.17.1/lib/node_modules/npm/npmrc Completed in 2ms
6 timing config:load:builtin Completed in 13ms
7 timing config:load:cli Completed in 5ms
8 timing config:load:env Completed in 11ms
9 timing config:load:file:/home/nunoamorim/.cache/typescript/4.8/.npmrc Completed in 0ms
10 timing config:load:project Completed in 18ms
11 timing config:load:file:/home/nunoamorim/.npmrc Completed in 0ms
12 timing config:load:user Completed in 1ms
13 timing config:load:file:/home/nunoamorim/.nvm/versions/node/v16.17.1/etc/npmrc Completed in 0ms
14 timing config:load:global Completed in 0ms
15 timing config:load:validate Completed in 0ms
16 timing config:load:credentials Completed in 12ms
17 timing config:load:setEnvs Completed in 2ms
18 timing config:load Completed in 68ms
19 timing npm:load:configload Completed in 78ms
20 timing npm:load:mkdirpcache Completed in 18ms
21 timing npm:load:mkdirplogs Completed in 0ms
22 verbose title npm install @types/body-parser@ts4.8 @types/express@ts4.8 @types/bytes@ts4.8 @types/qs@ts4.8 @types/serve-static@ts4.8 @types/type-is@ts4.8 @types/content-type@ts4.8 @types/debug@ts4.8 @types/depd@ts4.8 @types/node@ts4.8 @types/http-errors@ts4.8 @types/merge-descriptors@ts4.8
23 verbose argv "install" "--ignore-scripts" "@types/body-parser@ts4.8" "@types/express@ts4.8" "@types/bytes@ts4.8" "@types/qs@ts4.8" "@types/serve-static@ts4.8" "@types/type-is@ts4.8" "@types/content-type@ts4.8" "@types/debug@ts4.8" "@types/depd@ts4.8" "@types/node@ts4.8" "@types/http-errors@ts4.8" "@types/merge-descriptors@ts4.8" "--save-dev" "--user-agent" "typesInstaller/4.8.2"
24 timing npm:load:setTitle Completed in 15ms
25 timing config:load:flatten Completed in 16ms
26 timing npm:load:display Completed in 18ms
27 verbose logfile logs-max:10 dir:/home/nunoamorim/.npm/_logs
28 verbose logfile /home/nunoamorim/.npm/_logs/2022-10-03T13_04_11_934Z-debug-0.log
29 timing npm:load:logFile Completed in 31ms
30 timing npm:load:timers Completed in 0ms
31 timing npm:load:configScope Completed in 0ms
32 timing npm:load Completed in 163ms
33 timing arborist:ctor Completed in 2ms
34 silly logfile done cleaning log files
35 timing idealTree:init Completed in 91ms
36 timing arborist:ctor Completed in 0ms
37 http fetch GET 200 https://registry.npmjs.org/@types%2fbytes 705ms (cache miss)
38 http fetch GET 200 https://registry.npmjs.org/@types%2ftype-is 709ms (cache miss)
39 http fetch GET 200 https://registry.npmjs.org/@types%2fexpress 789ms (cache miss)
40 http fetch GET 200 https://registry.npmjs.org/@types%2fdebug 805ms (cache miss)
41 http fetch GET 200 https://registry.npmjs.org/@types%2fbody-parser 847ms (cache miss)
42 http fetch GET 200 https://registry.npmjs.org/@types%2fmerge-descriptors 822ms (cache miss)
43 http fetch GET 200 https://registry.npmjs.org/@types%2fhttp-errors 833ms (cache miss)
44 http fetch GET 200 https://registry.npmjs.org/@types%2fqs 858ms (cache miss)
45 http fetch GET 200 https://registry.npmjs.org/@types%2fserve-static 903ms (cache miss)
46 http fetch GET 200 https://registry.npmjs.org/@types%2fnode 1042ms (cache miss)
47 http fetch GET 200 https://registry.npmjs.org/@types%2fcontent-type 1496ms (cache miss)
48 http fetch GET 200 https://registry.npmjs.org/@types%2fdepd 2041ms (cache miss)
49 timing idealTree:userRequests Completed in 2095ms
50 silly idealTree buildDeps
51 silly fetch manifest @types/body-parser@1.19.2
52 silly fetch manifest @types/express@4.17.14
53 silly fetch manifest @types/bytes@3.1.1
54 silly fetch manifest @types/qs@6.9.7
55 silly fetch manifest @types/serve-static@1.15.0
56 silly fetch manifest @types/type-is@1.6.3
57 silly fetch manifest @types/content-type@1.1.5
58 silly fetch manifest @types/debug@4.1.7
59 silly fetch manifest @types/depd@1.1.32
60 silly fetch manifest @types/node@18.8.0
61 silly fetch manifest @types/http-errors@1.8.2
62 silly fetch manifest @types/merge-descriptors@1.0.1
63 silly placeDep ROOT @types/body-parser@1.19.2 OK for:  want: 1.19.2
64 silly placeDep ROOT @types/bytes@3.1.1 OK for:  want: 3.1.1
65 silly placeDep ROOT @types/content-type@1.1.5 OK for:  want: 1.1.5
66 silly placeDep ROOT @types/debug@4.1.7 OK for:  want: 4.1.7
67 silly placeDep ROOT @types/depd@1.1.32 OK for:  want: 1.1.32
68 silly placeDep ROOT @types/express@4.17.14 OK for:  want: 4.17.14
69 silly placeDep ROOT @types/http-errors@1.8.2 OK for:  want: 1.8.2
70 silly placeDep ROOT @types/merge-descriptors@1.0.1 OK for:  want: 1.0.1
71 silly placeDep ROOT @types/node@18.8.0 OK for:  want: 18.8.0
72 silly placeDep ROOT @types/qs@6.9.7 OK for:  want: 6.9.7
73 silly placeDep ROOT @types/serve-static@1.15.0 OK for:  want: 1.15.0
74 silly placeDep ROOT @types/type-is@1.6.3 OK for:  want: 1.6.3
75 silly fetch manifest @types/connect@*
76 silly fetch manifest @types/ms@*
77 silly fetch manifest @types/express-serve-static-core@^4.17.18
78 silly fetch manifest @types/mime@*
79 http fetch GET 200 https://registry.npmjs.org/@types%2fms 151ms (cache miss)
80 http fetch GET 200 https://registry.npmjs.org/@types%2fexpress-serve-static-core 161ms (cache miss)
81 http fetch GET 200 https://registry.npmjs.org/@types%2fconnect 167ms (cache miss)
82 http fetch GET 200 https://registry.npmjs.org/@types%2fmime 202ms (cache miss)
83 timing idealTree:#root Completed in 331ms
84 silly placeDep ROOT @types/connect@3.4.35 OK for: @types/body-parser@1.19.2 want: *
85 timing idealTree:node_modules/@types/body-parser Completed in 6ms
86 timing idealTree:node_modules/@types/bytes Completed in 0ms
87 timing idealTree:node_modules/@types/connect Completed in 0ms
88 timing idealTree:node_modules/@types/content-type Completed in 0ms
89 silly placeDep ROOT @types/ms@0.7.31 OK for: @types/debug@4.1.7 want: *
90 timing idealTree:node_modules/@types/debug Completed in 4ms
91 timing idealTree:node_modules/@types/depd Completed in 0ms
92 silly placeDep ROOT @types/express-serve-static-core@4.17.31 OK for: @types/express@4.17.14 want: ^4.17.18
93 silly fetch manifest @types/range-parser@*
94 http fetch GET 200 https://registry.npmjs.org/@types%2frange-parser 95ms (cache miss)
95 timing idealTree:node_modules/@types/express Completed in 102ms
96 silly placeDep ROOT @types/range-parser@1.2.4 OK for: @types/express-serve-static-core@4.17.31 want: *
97 timing idealTree:node_modules/@types/express-serve-static-core Completed in 14ms
98 timing idealTree:node_modules/@types/http-errors Completed in 0ms
99 timing idealTree:node_modules/@types/merge-descriptors Completed in 0ms
100 timing idealTree:node_modules/@types/ms Completed in 0ms
101 timing idealTree:node_modules/@types/node Completed in 0ms
102 timing idealTree:node_modules/@types/qs Completed in 0ms
103 timing idealTree:node_modules/@types/range-parser Completed in 0ms
104 silly placeDep ROOT @types/mime@3.0.1 OK for: @types/serve-static@1.15.0 want: *
105 timing idealTree:node_modules/@types/serve-static Completed in 5ms
106 timing idealTree:node_modules/@types/mime Completed in 0ms
107 timing idealTree:node_modules/@types/type-is Completed in 1ms
108 timing idealTree:buildDeps Completed in 472ms
109 timing idealTree:fixDepFlags Completed in 4ms
110 timing idealTree Completed in 2671ms
111 timing reify:loadTrees Completed in 2672ms
112 timing reify:diffTrees Completed in 4ms
113 silly reify moves {}
114 timing reify:retireShallow Completed in 5ms
115 timing reify:createSparse Completed in 20ms
116 timing reify:loadBundles Completed in 0ms
117 silly audit bulk request {
117 silly audit   'types-registry': [ '0.1.612' ],
117 silly audit   '@types/body-parser': [ '1.19.2' ],
117 silly audit   '@types/bytes': [ '3.1.1' ],
117 silly audit   '@types/content-type': [ '1.1.5' ],
117 silly audit   '@types/debug': [ '4.1.7' ],
117 silly audit   '@types/depd': [ '1.1.32' ],
117 silly audit   '@types/express': [ '4.17.14' ],
117 silly audit   '@types/http-errors': [ '1.8.2' ],
117 silly audit   '@types/merge-descriptors': [ '1.0.1' ],
117 silly audit   '@types/node': [ '18.8.0' ],
117 silly audit   '@types/qs': [ '6.9.7' ],
117 silly audit   '@types/serve-static': [ '1.15.0' ],
117 silly audit   '@types/type-is': [ '1.6.3' ],
117 silly audit   '@types/connect': [ '3.4.35' ],
117 silly audit   '@types/ms': [ '0.7.31' ],
117 silly audit   '@types/express-serve-static-core': [ '4.17.31' ],
117 silly audit   '@types/range-parser': [ '1.2.4' ],
117 silly audit   '@types/mime': [ '3.0.1' ]
117 silly audit }
118 silly tarball no local data for @types/mime@https://registry.npmjs.org/@types/mime/-/mime-3.0.1.tgz. Extracting by manifest.
119 silly tarball no local data for @types/range-parser@https://registry.npmjs.org/@types/range-parser/-/range-parser-1.2.4.tgz. Extracting by manifest.
120 silly tarball no local data for @types/express-serve-static-core@https://registry.npmjs.org/@types/express-serve-static-core/-/express-serve-static-core-4.17.31.tgz. Extracting by manifest.
121 silly tarball no local data for @types/ms@https://registry.npmjs.org/@types/ms/-/ms-0.7.31.tgz. Extracting by manifest.
122 silly tarball no local data for @types/connect@https://registry.npmjs.org/@types/connect/-/connect-3.4.35.tgz. Extracting by manifest.
123 silly tarball no local data for @types/type-is@https://registry.npmjs.org/@types/type-is/-/type-is-1.6.3.tgz. Extracting by manifest.
124 silly tarball no local data for @types/qs@https://registry.npmjs.org/@types/qs/-/qs-6.9.7.tgz. Extracting by manifest.
125 silly tarball no local data for @types/node@https://registry.npmjs.org/@types/node/-/node-18.8.0.tgz. Extracting by manifest.
126 silly tarball no local data for @types/http-errors@https://registry.npmjs.org/@types/http-errors/-/http-errors-1.8.2.tgz. Extracting by manifest.
127 silly tarball no local data for @types/depd@https://registry.npmjs.org/@types/depd/-/depd-1.1.32.tgz. Extracting by manifest.
128 silly tarball no local data for @types/merge-descriptors@https://registry.npmjs.org/@types/merge-descriptors/-/merge-descriptors-1.0.1.tgz. Extracting by manifest.
129 silly tarball no local data for @types/debug@https://registry.npmjs.org/@types/debug/-/debug-4.1.7.tgz. Extracting by manifest.
130 silly tarball no local data for @types/content-type@https://registry.npmjs.org/@types/content-type/-/content-type-1.1.5.tgz. Extracting by manifest.
131 silly tarball no local data for @types/bytes@https://registry.npmjs.org/@types/bytes/-/bytes-3.1.1.tgz. Extracting by manifest.
132 silly tarball no local data for @types/serve-static@https://registry.npmjs.org/@types/serve-static/-/serve-static-1.15.0.tgz. Extracting by manifest.
133 silly tarball no local data for @types/express@https://registry.npmjs.org/@types/express/-/express-4.17.14.tgz. Extracting by manifest.
134 silly tarball no local data for @types/body-parser@https://registry.npmjs.org/@types/body-parser/-/body-parser-1.19.2.tgz. Extracting by manifest.
135 http fetch POST 200 https://registry.npmjs.org/-/npm/v1/security/advisories/bulk 331ms
136 timing auditReport:getReport Completed in 337ms
137 silly audit report {}
138 timing auditReport:init Completed in 0ms
139 timing reify:audit Completed in 340ms
140 http fetch GET 200 https://registry.npmjs.org/@types/type-is/-/type-is-1.6.3.tgz 359ms (cache miss)
141 timing reifyNode:node_modules/@types/type-is Completed in 437ms
142 http fetch GET 200 https://registry.npmjs.org/@types/qs/-/qs-6.9.7.tgz 372ms (cache miss)
143 timing reifyNode:node_modules/@types/qs Completed in 454ms
144 http fetch GET 200 https://registry.npmjs.org/@types/mime/-/mime-3.0.1.tgz 412ms (cache miss)
145 timing reifyNode:node_modules/@types/mime Completed in 461ms
146 http fetch GET 200 https://registry.npmjs.org/@types/merge-descriptors/-/merge-descriptors-1.0.1.tgz 356ms (cache miss)
147 timing reifyNode:node_modules/@types/merge-descriptors Completed in 459ms
148 http fetch GET 200 https://registry.npmjs.org/@types/body-parser/-/body-parser-1.19.2.tgz 329ms (cache miss)
149 timing reifyNode:node_modules/@types/body-parser Completed in 464ms
150 http fetch GET 200 https://registry.npmjs.org/@types/range-parser/-/range-parser-1.2.4.tgz 420ms (cache miss)
151 timing reifyNode:node_modules/@types/range-parser Completed in 472ms
152 http fetch GET 200 https://registry.npmjs.org/@types/connect/-/connect-3.4.35.tgz 400ms (cache miss)
153 timing reifyNode:node_modules/@types/connect Completed in 473ms
154 http fetch GET 200 https://registry.npmjs.org/@types/http-errors/-/http-errors-1.8.2.tgz 378ms (cache miss)
155 timing reifyNode:node_modules/@types/http-errors Completed in 473ms
156 http fetch GET 200 https://registry.npmjs.org/@types/serve-static/-/serve-static-1.15.0.tgz 353ms (cache miss)
157 timing reifyNode:node_modules/@types/serve-static Completed in 477ms
158 http fetch GET 200 https://registry.npmjs.org/@types/express/-/express-4.17.14.tgz 362ms (cache miss)
159 timing reifyNode:node_modules/@types/express Completed in 492ms
160 http fetch GET 200 https://registry.npmjs.org/@types/express-serve-static-core/-/express-serve-static-core-4.17.31.tgz 443ms (cache miss)
161 timing reifyNode:node_modules/@types/express-serve-static-core Completed in 504ms
162 http fetch GET 200 https://registry.npmjs.org/@types/debug/-/debug-4.1.7.tgz 468ms (cache miss)
163 timing reifyNode:node_modules/@types/debug Completed in 576ms
164 http fetch GET 200 https://registry.npmjs.org/@types/content-type/-/content-type-1.1.5.tgz 571ms (cache miss)
165 timing reifyNode:node_modules/@types/content-type Completed in 683ms
166 http fetch GET 200 https://registry.npmjs.org/@types/node/-/node-18.8.0.tgz 721ms (cache miss)
167 timing reifyNode:node_modules/@types/node Completed in 808ms
168 http fetch GET 200 https://registry.npmjs.org/@types/depd/-/depd-1.1.32.tgz 829ms (cache miss)
169 timing reifyNode:node_modules/@types/depd Completed in 927ms
170 http fetch GET 200 https://registry.npmjs.org/@types/ms/-/ms-0.7.31.tgz 956ms (cache miss)
171 timing reifyNode:node_modules/@types/ms Completed in 1019ms
172 http fetch GET 200 https://registry.npmjs.org/@types/bytes/-/bytes-3.1.1.tgz 970ms (cache miss)
173 timing reifyNode:node_modules/@types/bytes Completed in 1088ms
174 timing reify:unpack Completed in 1094ms
175 timing reify:unretire Completed in 0ms
176 timing build:queue Completed in 5ms
177 timing build:deps Completed in 7ms
178 timing build Completed in 7ms
179 timing reify:build Completed in 7ms
180 timing reify:trash Completed in 0ms
181 timing reify:save Completed in 52ms
182 timing reify Completed in 3906ms
183 silly ADD node_modules/@types/mime
184 silly ADD node_modules/@types/range-parser
185 silly ADD node_modules/@types/express-serve-static-core
186 silly ADD node_modules/@types/ms
187 silly ADD node_modules/@types/connect
188 silly ADD node_modules/@types/type-is
189 silly ADD node_modules/@types/serve-static
190 silly ADD node_modules/@types/qs
191 silly ADD node_modules/@types/node
192 silly ADD node_modules/@types/merge-descriptors
193 silly ADD node_modules/@types/http-errors
194 silly ADD node_modules/@types/express
195 silly ADD node_modules/@types/depd
196 silly ADD node_modules/@types/debug
197 silly ADD node_modules/@types/content-type
198 silly ADD node_modules/@types/bytes
199 silly ADD node_modules/@types/body-parser
200 timing command:install Completed in 3924ms
201 verbose exit 0
202 timing npm Completed in 4378ms
203 info ok
