0 verbose cli /home/nunoamorim/.nvm/versions/node/v16.17.1/bin/node /home/nunoamorim/.nvm/versions/node/v16.17.1/bin/npm
1 info using npm@8.15.0
2 info using node@v16.17.1
3 timing npm:load:whichnode Completed in 0ms
4 timing config:load:defaults Completed in 1ms
5 timing config:load:file:/home/nunoamorim/.nvm/versions/node/v16.17.1/lib/node_modules/npm/npmrc Completed in 1ms
6 timing config:load:builtin Completed in 2ms
7 timing config:load:cli Completed in 1ms
8 timing config:load:env Completed in 0ms
9 timing config:load:file:/home/nunoamorim/ITI/.npmrc Completed in 0ms
10 timing config:load:project Completed in 3ms
11 timing config:load:file:/home/nunoamorim/.npmrc Completed in 0ms
12 timing config:load:user Completed in 1ms
13 timing config:load:file:/home/nunoamorim/.nvm/versions/node/v16.17.1/etc/npmrc Completed in 0ms
14 timing config:load:global Completed in 0ms
15 timing config:load:validate Completed in 0ms
16 timing config:load:credentials Completed in 1ms
17 timing config:load:setEnvs Completed in 1ms
18 timing config:load Completed in 10ms
19 timing npm:load:configload Completed in 10ms
20 timing npm:load:mkdirpcache Completed in 3ms
21 timing npm:load:mkdirplogs Completed in 1ms
22 verbose title npm install prom-client
23 verbose argv "install" "prom-client"
24 timing npm:load:setTitle Completed in 0ms
25 timing config:load:flatten Completed in 2ms
26 timing npm:load:display Completed in 4ms
27 verbose logfile logs-max:10 dir:/home/nunoamorim/.npm/_logs
28 verbose logfile /home/nunoamorim/.npm/_logs/2022-10-13T15_53_28_452Z-debug-0.log
29 timing npm:load:logFile Completed in 4ms
30 timing npm:load:timers Completed in 0ms
31 timing npm:load:configScope Completed in 0ms
32 timing npm:load Completed in 22ms
33 timing arborist:ctor Completed in 1ms
34 silly logfile start cleaning logs, removing 1 files
35 silly logfile done cleaning log files
36 timing idealTree:init Completed in 76ms
37 timing idealTree:userRequests Completed in 2ms
38 silly idealTree buildDeps
39 silly fetch manifest prom-client@*
40 timing arborist:ctor Completed in 0ms
41 http fetch GET 200 https://registry.npmjs.org/prom-client 353ms (cache miss)
42 silly placeDep ROOT prom-client@14.1.0 OK for:  want: *
43 silly fetch manifest tdigest@^0.1.1
44 http fetch GET 200 https://registry.npmjs.org/tdigest 258ms (cache miss)
45 timing idealTree:#root Completed in 619ms
46 silly placeDep ROOT tdigest@0.1.2 OK for: prom-client@14.1.0 want: ^0.1.1
47 silly fetch manifest bintrees@1.0.2
48 http fetch GET 200 https://registry.npmjs.org/bintrees 692ms (cache miss)
49 timing idealTree:node_modules/prom-client Completed in 695ms
50 silly placeDep ROOT bintrees@1.0.2 OK for: tdigest@0.1.2 want: 1.0.2
51 timing idealTree:node_modules/tdigest Completed in 1ms
52 timing idealTree:node_modules/bintrees Completed in 0ms
53 timing idealTree:buildDeps Completed in 1316ms
54 timing idealTree:fixDepFlags Completed in 1ms
55 timing idealTree Completed in 1398ms
56 timing reify:loadTrees Completed in 1398ms
57 timing reify:diffTrees Completed in 3ms
58 silly reify moves {}
59 timing reify:retireShallow Completed in 1ms
60 timing reify:createSparse Completed in 2ms
61 timing reify:loadBundles Completed in 0ms
62 silly audit bulk request {
62 silly audit   '@babel/runtime': [ '7.19.0' ],
62 silly audit   '@types/raf': [ '3.4.0' ],
62 silly audit   accepts: [ '1.3.8' ],
62 silly audit   'array-flatten': [ '1.1.1' ],
62 silly audit   asap: [ '2.0.6' ],
62 silly audit   atob: [ '2.1.2' ],
62 silly audit   'base64-arraybuffer': [ '1.0.2' ],
62 silly audit   'body-parser': [ '1.20.0' ],
62 silly audit   btoa: [ '1.2.1' ],
62 silly audit   bytes: [ '3.1.2' ],
62 silly audit   'call-bind': [ '1.0.2' ],
62 silly audit   canvg: [ '3.0.10' ],
62 silly audit   'content-disposition': [ '0.5.4' ],
62 silly audit   'content-type': [ '1.0.4' ],
62 silly audit   cookie: [ '0.5.0' ],
62 silly audit   'cookie-signature': [ '1.0.6' ],
62 silly audit   'core-js': [ '3.25.5' ],
62 silly audit   'css-line-break': [ '2.1.0' ],
62 silly audit   'data-uri-to-buffer': [ '4.0.0' ],
62 silly audit   debug: [ '2.6.9' ],
62 silly audit   depd: [ '2.0.0' ],
62 silly audit   destroy: [ '1.2.0' ],
62 silly audit   dezalgo: [ '1.0.3' ],
62 silly audit   dompurify: [ '2.4.0' ],
62 silly audit   'ee-first': [ '1.1.1' ],
62 silly audit   encodeurl: [ '1.0.2' ],
62 silly audit   'escape-html': [ '1.0.3' ],
62 silly audit   etag: [ '1.8.1' ],
62 silly audit   events: [ '2.1.0' ],
62 silly audit   express: [ '4.18.1' ],
62 silly audit   'fetch-blob': [ '3.2.0' ],
62 silly audit   fflate: [ '0.4.8' ],
62 silly audit   finalhandler: [ '1.2.0' ],
62 silly audit   'formdata-polyfill': [ '4.0.10' ],
62 silly audit   formidable: [ '2.0.1' ],
62 silly audit   qs: [ '6.9.3', '6.10.3' ],
62 silly audit   forwarded: [ '0.2.0' ],
62 silly audit   fresh: [ '0.5.2' ],
62 silly audit   'function-bind': [ '1.1.1' ],
62 silly audit   'get-intrinsic': [ '1.1.3' ],
62 silly audit   has: [ '1.0.3' ],
62 silly audit   'has-symbols': [ '1.0.3' ],
62 silly audit   hexoid: [ '1.0.0' ],
62 silly audit   html2canvas: [ '1.4.1' ],
62 silly audit   'http-errors': [ '2.0.0' ],
62 silly audit   'iconv-lite': [ '0.4.24' ],
62 silly audit   inherits: [ '2.0.4' ],
62 silly audit   'ipaddr.js': [ '1.9.1' ],
62 silly audit   jspdf: [ '2.5.1' ],
62 silly audit   'media-typer': [ '0.3.0' ],
62 silly audit   'merge-descriptors': [ '1.0.1' ],
62 silly audit   methods: [ '1.1.2' ],
62 silly audit   metrics: [ '0.1.21' ],
62 silly audit   mime: [ '1.6.0' ],
62 silly audit   'mime-db': [ '1.52.0' ],
62 silly audit   'mime-types': [ '2.1.35' ],
62 silly audit   ms: [ '2.0.0', '2.1.3' ],
62 silly audit   negotiator: [ '0.6.3' ],
62 silly audit   'node-domexception': [ '1.0.0' ],
62 silly audit   'node-fetch': [ '3.2.10' ],
62 silly audit   'object-inspect': [ '1.12.2' ],
62 silly audit   'on-finished': [ '2.4.1' ],
62 silly audit   once: [ '1.4.0' ],
62 silly audit   parseurl: [ '1.3.3' ],
62 silly audit   'path-to-regexp': [ '0.1.7' ],
62 silly audit   'performance-now': [ '2.1.0' ],
62 silly audit   'proxy-addr': [ '2.0.7' ],
62 silly audit   raf: [ '3.4.1' ],
62 silly audit   'range-parser': [ '1.2.1' ],
62 silly audit   'raw-body': [ '2.5.1' ],
62 silly audit   'regenerator-runtime': [ '0.13.9' ],
62 silly audit   rgbcolor: [ '1.0.1' ],
62 silly audit   'safe-buffer': [ '5.2.1' ],
62 silly audit   'safer-buffer': [ '2.1.2' ],
62 silly audit   send: [ '0.18.0' ],
62 silly audit   'serve-static': [ '1.15.0' ],
62 silly audit   setprototypeof: [ '1.2.0' ],
62 silly audit   'side-channel': [ '1.0.4' ],
62 silly audit   'stackblur-canvas': [ '2.5.0' ],
62 silly audit   statuses: [ '2.0.1' ],
62 silly audit   'svg-pathdata': [ '6.0.3' ],
62 silly audit   'text-segmentation': [ '1.0.3' ],
62 silly audit   toidentifier: [ '1.0.1' ],
62 silly audit   'type-is': [ '1.6.18' ],
62 silly audit   unpipe: [ '1.0.0' ],
62 silly audit   'utils-merge': [ '1.0.1' ],
62 silly audit   utrie: [ '1.0.2' ],
62 silly audit   vary: [ '1.1.2' ],
62 silly audit   'web-streams-polyfill': [ '3.2.1' ],
62 silly audit   wrappy: [ '1.0.2' ],
62 silly audit   'prom-client': [ '14.1.0' ],
62 silly audit   tdigest: [ '0.1.2' ],
62 silly audit   bintrees: [ '1.0.2' ]
62 silly audit }
63 silly tarball no local data for prom-client@https://registry.npmjs.org/prom-client/-/prom-client-14.1.0.tgz. Extracting by manifest.
64 silly tarball no local data for bintrees@https://registry.npmjs.org/bintrees/-/bintrees-1.0.2.tgz. Extracting by manifest.
65 silly tarball no local data for tdigest@https://registry.npmjs.org/tdigest/-/tdigest-0.1.2.tgz. Extracting by manifest.
66 http fetch GET 200 https://registry.npmjs.org/tdigest/-/tdigest-0.1.2.tgz 157ms (cache miss)
67 timing reifyNode:node_modules/tdigest Completed in 170ms
68 http fetch GET 200 https://registry.npmjs.org/prom-client/-/prom-client-14.1.0.tgz 176ms (cache miss)
69 timing reifyNode:node_modules/prom-client Completed in 183ms
70 http fetch POST 200 https://registry.npmjs.org/-/npm/v1/security/advisories/bulk 216ms
71 timing auditReport:getReport Completed in 219ms
72 silly audit report {}
73 timing auditReport:init Completed in 0ms
74 timing reify:audit Completed in 219ms
75 http fetch GET 200 https://registry.npmjs.org/bintrees/-/bintrees-1.0.2.tgz 212ms (cache miss)
76 timing reifyNode:node_modules/bintrees Completed in 222ms
77 timing reify:unpack Completed in 222ms
78 timing reify:unretire Completed in 0ms
79 timing build:queue Completed in 1ms
80 timing build:deps Completed in 1ms
81 timing build Completed in 1ms
82 timing reify:build Completed in 2ms
83 timing reify:trash Completed in 0ms
84 timing reify:save Completed in 30ms
85 timing reify Completed in 1680ms
86 silly ADD node_modules/bintrees
87 silly ADD node_modules/tdigest
88 silly ADD node_modules/prom-client
89 timing command:install Completed in 1686ms
90 verbose exit 0
91 timing npm Completed in 1750ms
92 info ok
