0 verbose cli /home/nunoamorim/.nvm/versions/node/v16.17.1/bin/node /home/nunoamorim/.nvm/versions/node/v16.17.1/bin/npm
1 info using npm@8.15.0
2 info using node@v16.17.1
3 timing npm:load:whichnode Completed in 0ms
4 timing config:load:defaults Completed in 1ms
5 timing config:load:file:/home/nunoamorim/.nvm/versions/node/v16.17.1/lib/node_modules/npm/npmrc Completed in 3ms
6 timing config:load:builtin Completed in 3ms
7 timing config:load:cli Completed in 2ms
8 timing config:load:env Completed in 0ms
9 timing config:load:file:/home/nunoamorim/ITI/.npmrc Completed in 0ms
10 timing config:load:project Completed in 4ms
11 timing config:load:file:/home/nunoamorim/.npmrc Completed in 0ms
12 timing config:load:user Completed in 0ms
13 timing config:load:file:/home/nunoamorim/.nvm/versions/node/v16.17.1/etc/npmrc Completed in 0ms
14 timing config:load:global Completed in 0ms
15 timing config:load:validate Completed in 0ms
16 timing config:load:credentials Completed in 1ms
17 timing config:load:setEnvs Completed in 0ms
18 timing config:load Completed in 12ms
19 timing npm:load:configload Completed in 12ms
20 timing npm:load:mkdirpcache Completed in 1ms
21 timing npm:load:mkdirplogs Completed in 1ms
22 verbose title npm install express
23 verbose argv "install" "express"
24 timing npm:load:setTitle Completed in 1ms
25 timing config:load:flatten Completed in 2ms
26 timing npm:load:display Completed in 3ms
27 verbose logfile logs-max:10 dir:/home/nunoamorim/.npm/_logs
28 verbose logfile /home/nunoamorim/.npm/_logs/2022-09-28T15_44_29_247Z-debug-0.log
29 timing npm:load:logFile Completed in 4ms
30 timing npm:load:timers Completed in 0ms
31 timing npm:load:configScope Completed in 0ms
32 timing npm:load Completed in 22ms
33 timing arborist:ctor Completed in 1ms
34 silly logfile done cleaning log files
35 timing idealTree:init Completed in 45ms
36 timing idealTree:userRequests Completed in 1ms
37 silly idealTree buildDeps
38 silly fetch manifest express@*
39 timing arborist:ctor Completed in 0ms
40 http fetch GET 200 https://registry.npmjs.org/express 170ms (cache miss)
41 silly placeDep ROOT express@4.18.1 OK for:  want: *
42 silly fetch manifest accepts@~1.3.8
43 silly fetch manifest array-flatten@1.1.1
44 silly fetch manifest content-disposition@0.5.4
45 silly fetch manifest cookie@0.5.0
46 silly fetch manifest cookie-signature@1.0.6
47 silly fetch manifest encodeurl@~1.0.2
48 silly fetch manifest escape-html@~1.0.3
49 silly fetch manifest etag@~1.8.1
50 silly fetch manifest finalhandler@1.2.0
51 silly fetch manifest fresh@0.5.2
52 silly fetch manifest merge-descriptors@1.0.1
53 silly fetch manifest methods@~1.1.2
54 silly fetch manifest parseurl@~1.3.3
55 silly fetch manifest path-to-regexp@0.1.7
56 silly fetch manifest proxy-addr@~2.0.7
57 silly fetch manifest range-parser@~1.2.1
58 silly fetch manifest safe-buffer@5.2.1
59 silly fetch manifest send@0.18.0
60 silly fetch manifest serve-static@1.15.0
61 silly fetch manifest utils-merge@1.0.1
62 silly fetch manifest vary@~1.1.2
63 http fetch GET 200 https://registry.npmjs.org/accepts 71ms (cache miss)
64 http fetch GET 200 https://registry.npmjs.org/methods 97ms (cache miss)
65 http fetch GET 200 https://registry.npmjs.org/escape-html 140ms (cache miss)
66 http fetch GET 200 https://registry.npmjs.org/parseurl 141ms (cache miss)
67 http fetch GET 200 https://registry.npmjs.org/etag 146ms (cache miss)
68 http fetch GET 200 https://registry.npmjs.org/range-parser 147ms (cache miss)
69 http fetch GET 200 https://registry.npmjs.org/cookie 157ms (cache miss)
70 http fetch GET 200 https://registry.npmjs.org/encodeurl 162ms (cache miss)
71 http fetch GET 200 https://registry.npmjs.org/fresh 161ms (cache miss)
72 http fetch GET 200 https://registry.npmjs.org/array-flatten 170ms (cache miss)
73 http fetch GET 200 https://registry.npmjs.org/utils-merge 166ms (cache miss)
74 http fetch GET 200 https://registry.npmjs.org/finalhandler 174ms (cache miss)
75 http fetch GET 200 https://registry.npmjs.org/proxy-addr 172ms (cache miss)
76 http fetch GET 200 https://registry.npmjs.org/vary 171ms (cache miss)
77 http fetch GET 200 https://registry.npmjs.org/safe-buffer 175ms (cache miss)
78 http fetch GET 200 https://registry.npmjs.org/content-disposition 186ms (cache miss)
79 http fetch GET 200 https://registry.npmjs.org/serve-static 179ms (cache miss)
80 http fetch GET 200 https://registry.npmjs.org/send 181ms (cache miss)
81 http fetch GET 200 https://registry.npmjs.org/path-to-regexp 184ms (cache miss)
82 http fetch GET 200 https://registry.npmjs.org/cookie-signature 295ms (cache miss)
83 http fetch GET 200 https://registry.npmjs.org/merge-descriptors 798ms (cache miss)
84 timing idealTree:#root Completed in 985ms
85 silly placeDep ROOT accepts@1.3.8 OK for: express@4.18.1 want: ~1.3.8
86 silly placeDep ROOT array-flatten@1.1.1 OK for: express@4.18.1 want: 1.1.1
87 silly placeDep ROOT content-disposition@0.5.4 OK for: express@4.18.1 want: 0.5.4
88 silly placeDep ROOT cookie@0.5.0 OK for: express@4.18.1 want: 0.5.0
89 silly placeDep ROOT cookie-signature@1.0.6 OK for: express@4.18.1 want: 1.0.6
90 silly placeDep ROOT encodeurl@1.0.2 OK for: express@4.18.1 want: ~1.0.2
91 silly placeDep ROOT escape-html@1.0.3 OK for: express@4.18.1 want: ~1.0.3
92 silly placeDep ROOT etag@1.8.1 OK for: express@4.18.1 want: ~1.8.1
93 silly placeDep ROOT finalhandler@1.2.0 OK for: express@4.18.1 want: 1.2.0
94 silly placeDep ROOT fresh@0.5.2 OK for: express@4.18.1 want: 0.5.2
95 silly placeDep ROOT merge-descriptors@1.0.1 OK for: express@4.18.1 want: 1.0.1
96 silly placeDep ROOT methods@1.1.2 OK for: express@4.18.1 want: ~1.1.2
97 silly placeDep ROOT parseurl@1.3.3 OK for: express@4.18.1 want: ~1.3.3
98 silly placeDep ROOT path-to-regexp@0.1.7 OK for: express@4.18.1 want: 0.1.7
99 silly placeDep ROOT proxy-addr@2.0.7 OK for: express@4.18.1 want: ~2.0.7
100 silly placeDep ROOT range-parser@1.2.1 OK for: express@4.18.1 want: ~1.2.1
101 silly placeDep ROOT safe-buffer@5.2.1 OK for: express@4.18.1 want: 5.2.1
102 silly placeDep ROOT send@0.18.0 OK for: express@4.18.1 want: 0.18.0
103 silly placeDep ROOT serve-static@1.15.0 OK for: express@4.18.1 want: 1.15.0
104 silly placeDep ROOT utils-merge@1.0.1 OK for: express@4.18.1 want: 1.0.1
105 silly placeDep ROOT vary@1.1.2 OK for: express@4.18.1 want: ~1.1.2
106 silly fetch manifest negotiator@0.6.3
107 silly fetch manifest forwarded@0.2.0
108 silly fetch manifest ipaddr.js@1.9.1
109 silly fetch manifest mime@1.6.0
110 silly fetch manifest ms@2.1.3
111 http fetch GET 200 https://registry.npmjs.org/ms 17ms (cache hit)
112 http fetch GET 200 https://registry.npmjs.org/negotiator 70ms (cache miss)
113 http fetch GET 200 https://registry.npmjs.org/forwarded 70ms (cache miss)
114 http fetch GET 200 https://registry.npmjs.org/ipaddr.js 71ms (cache miss)
115 http fetch GET 200 https://registry.npmjs.org/mime 73ms (cache miss)
116 timing idealTree:node_modules/express Completed in 106ms
117 silly placeDep ROOT negotiator@0.6.3 OK for: accepts@1.3.8 want: 0.6.3
118 timing idealTree:node_modules/accepts Completed in 1ms
119 timing idealTree:node_modules/array-flatten Completed in 0ms
120 timing idealTree:node_modules/content-disposition Completed in 0ms
121 timing idealTree:node_modules/cookie Completed in 0ms
122 timing idealTree:node_modules/cookie-signature Completed in 0ms
123 timing idealTree:node_modules/encodeurl Completed in 0ms
124 timing idealTree:node_modules/escape-html Completed in 0ms
125 timing idealTree:node_modules/etag Completed in 0ms
126 timing idealTree:node_modules/finalhandler Completed in 0ms
127 timing idealTree:node_modules/fresh Completed in 0ms
128 timing idealTree:node_modules/merge-descriptors Completed in 0ms
129 timing idealTree:node_modules/methods Completed in 0ms
130 timing idealTree:node_modules/negotiator Completed in 0ms
131 timing idealTree:node_modules/parseurl Completed in 0ms
132 timing idealTree:node_modules/path-to-regexp Completed in 0ms
133 silly placeDep ROOT forwarded@0.2.0 OK for: proxy-addr@2.0.7 want: 0.2.0
134 silly placeDep ROOT ipaddr.js@1.9.1 OK for: proxy-addr@2.0.7 want: 1.9.1
135 timing idealTree:node_modules/proxy-addr Completed in 2ms
136 timing idealTree:node_modules/forwarded Completed in 0ms
137 timing idealTree:node_modules/ipaddr.js Completed in 0ms
138 timing idealTree:node_modules/range-parser Completed in 0ms
139 timing idealTree:node_modules/safe-buffer Completed in 0ms
140 silly placeDep ROOT mime@1.6.0 OK for: send@0.18.0 want: 1.6.0
141 silly placeDep node_modules/send ms@2.1.3 OK for: send@0.18.0 want: 2.1.3
142 timing idealTree:node_modules/send Completed in 3ms
143 timing idealTree:node_modules/mime Completed in 0ms
144 timing idealTree:node_modules/serve-static Completed in 0ms
145 timing idealTree:node_modules/utils-merge Completed in 0ms
146 timing idealTree:node_modules/vary Completed in 0ms
147 timing idealTree:node_modules/send/node_modules/ms Completed in 0ms
148 timing idealTree:buildDeps Completed in 1100ms
149 timing idealTree:fixDepFlags Completed in 1ms
150 timing idealTree Completed in 1149ms
151 timing reify:loadTrees Completed in 1149ms
152 timing reify:diffTrees Completed in 2ms
153 silly reify moves {}
154 timing reify:retireShallow Completed in 1ms
155 timing reify:createSparse Completed in 9ms
156 timing reify:loadBundles Completed in 0ms
157 silly audit bulk request {
157 silly audit   'body-parser': [ '1.20.0' ],
157 silly audit   bytes: [ '3.1.2' ],
157 silly audit   'call-bind': [ '1.0.2' ],
157 silly audit   'content-type': [ '1.0.4' ],
157 silly audit   debug: [ '2.6.9' ],
157 silly audit   depd: [ '2.0.0' ],
157 silly audit   destroy: [ '1.2.0' ],
157 silly audit   'ee-first': [ '1.1.1' ],
157 silly audit   'function-bind': [ '1.1.1' ],
157 silly audit   'get-intrinsic': [ '1.1.3' ],
157 silly audit   has: [ '1.0.3' ],
157 silly audit   'has-symbols': [ '1.0.3' ],
157 silly audit   'http-errors': [ '2.0.0' ],
157 silly audit   'iconv-lite': [ '0.4.24' ],
157 silly audit   inherits: [ '2.0.4' ],
157 silly audit   'media-typer': [ '0.3.0' ],
157 silly audit   'mime-db': [ '1.52.0' ],
157 silly audit   'mime-types': [ '2.1.35' ],
157 silly audit   ms: [ '2.0.0', '2.1.3' ],
157 silly audit   'object-inspect': [ '1.12.2' ],
157 silly audit   'on-finished': [ '2.4.1' ],
157 silly audit   qs: [ '6.10.3' ],
157 silly audit   'raw-body': [ '2.5.1' ],
157 silly audit   'safer-buffer': [ '2.1.2' ],
157 silly audit   setprototypeof: [ '1.2.0' ],
157 silly audit   'side-channel': [ '1.0.4' ],
157 silly audit   statuses: [ '2.0.1' ],
157 silly audit   toidentifier: [ '1.0.1' ],
157 silly audit   'type-is': [ '1.6.18' ],
157 silly audit   unpipe: [ '1.0.0' ],
157 silly audit   express: [ '4.18.1' ],
157 silly audit   accepts: [ '1.3.8' ],
157 silly audit   'array-flatten': [ '1.1.1' ],
157 silly audit   'content-disposition': [ '0.5.4' ],
157 silly audit   cookie: [ '0.5.0' ],
157 silly audit   'cookie-signature': [ '1.0.6' ],
157 silly audit   encodeurl: [ '1.0.2' ],
157 silly audit   'escape-html': [ '1.0.3' ],
157 silly audit   etag: [ '1.8.1' ],
157 silly audit   finalhandler: [ '1.2.0' ],
157 silly audit   fresh: [ '0.5.2' ],
157 silly audit   'merge-descriptors': [ '1.0.1' ],
157 silly audit   methods: [ '1.1.2' ],
157 silly audit   parseurl: [ '1.3.3' ],
157 silly audit   'path-to-regexp': [ '0.1.7' ],
157 silly audit   'proxy-addr': [ '2.0.7' ],
157 silly audit   'range-parser': [ '1.2.1' ],
157 silly audit   'safe-buffer': [ '5.2.1' ],
157 silly audit   send: [ '0.18.0' ],
157 silly audit   'serve-static': [ '1.15.0' ],
157 silly audit   'utils-merge': [ '1.0.1' ],
157 silly audit   vary: [ '1.1.2' ],
157 silly audit   negotiator: [ '0.6.3' ],
157 silly audit   forwarded: [ '0.2.0' ],
157 silly audit   'ipaddr.js': [ '1.9.1' ],
157 silly audit   mime: [ '1.6.0' ]
157 silly audit }
158 silly tarball no local data for mime@https://registry.npmjs.org/mime/-/mime-1.6.0.tgz. Extracting by manifest.
159 silly tarball no local data for ipaddr.js@https://registry.npmjs.org/ipaddr.js/-/ipaddr.js-1.9.1.tgz. Extracting by manifest.
160 silly tarball no local data for forwarded@https://registry.npmjs.org/forwarded/-/forwarded-0.2.0.tgz. Extracting by manifest.
161 silly tarball no local data for vary@https://registry.npmjs.org/vary/-/vary-1.1.2.tgz. Extracting by manifest.
162 silly tarball no local data for negotiator@https://registry.npmjs.org/negotiator/-/negotiator-0.6.3.tgz. Extracting by manifest.
163 silly tarball no local data for utils-merge@https://registry.npmjs.org/utils-merge/-/utils-merge-1.0.1.tgz. Extracting by manifest.
164 silly tarball no local data for serve-static@https://registry.npmjs.org/serve-static/-/serve-static-1.15.0.tgz. Extracting by manifest.
165 silly tarball no local data for send@https://registry.npmjs.org/send/-/send-0.18.0.tgz. Extracting by manifest.
166 silly tarball no local data for safe-buffer@https://registry.npmjs.org/safe-buffer/-/safe-buffer-5.2.1.tgz. Extracting by manifest.
167 silly tarball no local data for proxy-addr@https://registry.npmjs.org/proxy-addr/-/proxy-addr-2.0.7.tgz. Extracting by manifest.
168 silly tarball no local data for range-parser@https://registry.npmjs.org/range-parser/-/range-parser-1.2.1.tgz. Extracting by manifest.
169 silly tarball no local data for path-to-regexp@https://registry.npmjs.org/path-to-regexp/-/path-to-regexp-0.1.7.tgz. Extracting by manifest.
170 silly tarball no local data for merge-descriptors@https://registry.npmjs.org/merge-descriptors/-/merge-descriptors-1.0.1.tgz. Extracting by manifest.
171 silly tarball no local data for parseurl@https://registry.npmjs.org/parseurl/-/parseurl-1.3.3.tgz. Extracting by manifest.
172 silly tarball no local data for fresh@https://registry.npmjs.org/fresh/-/fresh-0.5.2.tgz. Extracting by manifest.
173 silly tarball no local data for methods@https://registry.npmjs.org/methods/-/methods-1.1.2.tgz. Extracting by manifest.
174 silly tarball no local data for etag@https://registry.npmjs.org/etag/-/etag-1.8.1.tgz. Extracting by manifest.
175 silly tarball no local data for finalhandler@https://registry.npmjs.org/finalhandler/-/finalhandler-1.2.0.tgz. Extracting by manifest.
176 silly tarball no local data for encodeurl@https://registry.npmjs.org/encodeurl/-/encodeurl-1.0.2.tgz. Extracting by manifest.
177 silly tarball no local data for cookie-signature@https://registry.npmjs.org/cookie-signature/-/cookie-signature-1.0.6.tgz. Extracting by manifest.
178 silly tarball no local data for cookie@https://registry.npmjs.org/cookie/-/cookie-0.5.0.tgz. Extracting by manifest.
179 silly tarball no local data for content-disposition@https://registry.npmjs.org/content-disposition/-/content-disposition-0.5.4.tgz. Extracting by manifest.
180 silly tarball no local data for array-flatten@https://registry.npmjs.org/array-flatten/-/array-flatten-1.1.1.tgz. Extracting by manifest.
181 silly tarball no local data for accepts@https://registry.npmjs.org/accepts/-/accepts-1.3.8.tgz. Extracting by manifest.
182 silly tarball no local data for express@https://registry.npmjs.org/express/-/express-4.18.1.tgz. Extracting by manifest.
183 silly tarball no local data for escape-html@https://registry.npmjs.org/escape-html/-/escape-html-1.0.3.tgz. Extracting by manifest.
184 silly tarball no local data for ms@https://registry.npmjs.org/ms/-/ms-2.1.3.tgz. Extracting by manifest.
185 http fetch POST 200 https://registry.npmjs.org/-/npm/v1/security/advisories/bulk 247ms
186 timing auditReport:getReport Completed in 251ms
187 silly audit report {}
188 timing auditReport:init Completed in 0ms
189 timing reify:audit Completed in 252ms
190 http fetch GET 200 https://registry.npmjs.org/utils-merge/-/utils-merge-1.0.1.tgz 224ms (cache miss)
191 timing reifyNode:node_modules/utils-merge Completed in 257ms
192 http fetch GET 200 https://registry.npmjs.org/negotiator/-/negotiator-0.6.3.tgz 242ms (cache miss)
193 timing reifyNode:node_modules/negotiator Completed in 273ms
194 http fetch GET 200 https://registry.npmjs.org/parseurl/-/parseurl-1.3.3.tgz 229ms (cache miss)
195 timing reifyNode:node_modules/parseurl Completed in 273ms
196 http fetch GET 200 https://registry.npmjs.org/vary/-/vary-1.1.2.tgz 245ms (cache miss)
197 timing reifyNode:node_modules/vary Completed in 276ms
198 http fetch GET 200 https://registry.npmjs.org/forwarded/-/forwarded-0.2.0.tgz 247ms (cache miss)
199 timing reifyNode:node_modules/forwarded Completed in 277ms
200 http fetch GET 200 https://registry.npmjs.org/cookie-signature/-/cookie-signature-1.0.6.tgz 223ms (cache miss)
201 timing reifyNode:node_modules/cookie-signature Completed in 275ms
202 http fetch GET 200 https://registry.npmjs.org/finalhandler/-/finalhandler-1.2.0.tgz 227ms (cache miss)
203 timing reifyNode:node_modules/finalhandler Completed in 276ms
204 http fetch GET 200 https://registry.npmjs.org/proxy-addr/-/proxy-addr-2.0.7.tgz 236ms (cache miss)
205 timing reifyNode:node_modules/proxy-addr Completed in 277ms
206 http fetch GET 200 https://registry.npmjs.org/safe-buffer/-/safe-buffer-5.2.1.tgz 242ms (cache miss)
207 timing reifyNode:node_modules/safe-buffer Completed in 279ms
208 http fetch GET 200 https://registry.npmjs.org/methods/-/methods-1.1.2.tgz 233ms (cache miss)
209 timing reifyNode:node_modules/methods Completed in 279ms
210 http fetch GET 200 https://registry.npmjs.org/send/-/send-0.18.0.tgz 244ms (cache miss)
211 timing reifyNode:node_modules/send Completed in 280ms
212 http fetch GET 200 https://registry.npmjs.org/serve-static/-/serve-static-1.15.0.tgz 251ms (cache miss)
213 timing reifyNode:node_modules/serve-static Completed in 285ms
214 http fetch GET 200 https://registry.npmjs.org/merge-descriptors/-/merge-descriptors-1.0.1.tgz 242ms (cache miss)
215 timing reifyNode:node_modules/merge-descriptors Completed in 284ms
216 http fetch GET 200 https://registry.npmjs.org/fresh/-/fresh-0.5.2.tgz 240ms (cache miss)
217 timing reifyNode:node_modules/fresh Completed in 285ms
218 http fetch GET 200 https://registry.npmjs.org/path-to-regexp/-/path-to-regexp-0.1.7.tgz 243ms (cache miss)
219 timing reifyNode:node_modules/path-to-regexp Completed in 285ms
220 http fetch GET 200 https://registry.npmjs.org/ipaddr.js/-/ipaddr.js-1.9.1.tgz 261ms (cache miss)
221 timing reifyNode:node_modules/ipaddr.js Completed in 290ms
222 http fetch GET 200 https://registry.npmjs.org/cookie/-/cookie-0.5.0.tgz 236ms (cache miss)
223 timing reifyNode:node_modules/cookie Completed in 289ms
224 http fetch GET 200 https://registry.npmjs.org/etag/-/etag-1.8.1.tgz 243ms (cache miss)
225 timing reifyNode:node_modules/etag Completed in 290ms
226 http fetch GET 200 https://registry.npmjs.org/content-disposition/-/content-disposition-0.5.4.tgz 237ms (cache miss)
227 timing reifyNode:node_modules/content-disposition Completed in 291ms
228 http fetch GET 200 https://registry.npmjs.org/ms/-/ms-2.1.3.tgz 213ms (cache miss)
229 timing reifyNode:node_modules/send/node_modules/ms Completed in 292ms
230 http fetch GET 200 https://registry.npmjs.org/encodeurl/-/encodeurl-1.0.2.tgz 241ms (cache miss)
231 timing reifyNode:node_modules/encodeurl Completed in 292ms
232 http fetch GET 200 https://registry.npmjs.org/array-flatten/-/array-flatten-1.1.1.tgz 237ms (cache miss)
233 timing reifyNode:node_modules/array-flatten Completed in 292ms
234 http fetch GET 200 https://registry.npmjs.org/accepts/-/accepts-1.3.8.tgz 236ms (cache miss)
235 timing reifyNode:node_modules/accepts Completed in 293ms
236 http fetch GET 200 https://registry.npmjs.org/escape-html/-/escape-html-1.0.3.tgz 237ms (cache miss)
237 timing reifyNode:node_modules/escape-html Completed in 297ms
238 http fetch GET 200 https://registry.npmjs.org/mime/-/mime-1.6.0.tgz 274ms (cache miss)
239 timing reifyNode:node_modules/mime Completed in 301ms
240 http fetch GET 200 https://registry.npmjs.org/range-parser/-/range-parser-1.2.1.tgz 260ms (cache miss)
241 timing reifyNode:node_modules/range-parser Completed in 301ms
242 http fetch GET 200 https://registry.npmjs.org/express/-/express-4.18.1.tgz 248ms (cache miss)
243 timing reifyNode:node_modules/express Completed in 307ms
244 timing reify:unpack Completed in 311ms
245 timing reify:unretire Completed in 0ms
246 timing build:queue Completed in 1ms
247 timing build:link:node_modules/mime Completed in 2ms
248 timing build:link Completed in 2ms
249 timing build:deps Completed in 4ms
250 timing build Completed in 5ms
251 timing reify:build Completed in 5ms
252 timing reify:trash Completed in 0ms
253 timing reify:save Completed in 24ms
254 timing reify Completed in 1519ms
255 silly ADD node_modules/mime
256 silly ADD node_modules/ipaddr.js
257 silly ADD node_modules/forwarded
258 silly ADD node_modules/negotiator
259 silly ADD node_modules/vary
260 silly ADD node_modules/utils-merge
261 silly ADD node_modules/serve-static
262 silly ADD node_modules/send
263 silly ADD node_modules/send/node_modules/ms
264 silly ADD node_modules/safe-buffer
265 silly ADD node_modules/range-parser
266 silly ADD node_modules/proxy-addr
267 silly ADD node_modules/path-to-regexp
268 silly ADD node_modules/parseurl
269 silly ADD node_modules/methods
270 silly ADD node_modules/merge-descriptors
271 silly ADD node_modules/fresh
272 silly ADD node_modules/finalhandler
273 silly ADD node_modules/etag
274 silly ADD node_modules/escape-html
275 silly ADD node_modules/encodeurl
276 silly ADD node_modules/cookie-signature
277 silly ADD node_modules/cookie
278 silly ADD node_modules/content-disposition
279 silly ADD node_modules/array-flatten
280 silly ADD node_modules/accepts
281 silly ADD node_modules/express
282 timing command:install Completed in 1527ms
283 verbose exit 0
284 timing npm Completed in 1589ms
285 info ok
