0 verbose cli /home/nunoamorim/.nvm/versions/node/v16.17.1/bin/node /home/nunoamorim/.nvm/versions/node/v16.17.1/bin/npm
1 info using npm@8.15.0
2 info using node@v16.17.1
3 timing npm:load:whichnode Completed in 0ms
4 timing config:load:defaults Completed in 3ms
5 timing config:load:file:/home/nunoamorim/.nvm/versions/node/v16.17.1/lib/node_modules/npm/npmrc Completed in 3ms
6 timing config:load:builtin Completed in 4ms
7 timing config:load:cli Completed in 3ms
8 timing config:load:env Completed in 1ms
9 timing config:load:file:/home/nunoamorim/ITI/.npmrc Completed in 1ms
10 timing config:load:project Completed in 8ms
11 timing config:load:file:/home/nunoamorim/.npmrc Completed in 1ms
12 timing config:load:user Completed in 1ms
13 timing config:load:file:/home/nunoamorim/.nvm/versions/node/v16.17.1/etc/npmrc Completed in 1ms
14 timing config:load:global Completed in 1ms
15 timing config:load:validate Completed in 0ms
16 timing config:load:credentials Completed in 2ms
17 timing config:load:setEnvs Completed in 2ms
18 timing config:load Completed in 25ms
19 timing npm:load:configload Completed in 25ms
20 timing npm:load:mkdirpcache Completed in 8ms
21 timing npm:load:mkdirplogs Completed in 2ms
22 verbose title npm install formidable
23 verbose argv "install" "formidable"
24 timing npm:load:setTitle Completed in 2ms
25 timing config:load:flatten Completed in 5ms
26 timing npm:load:display Completed in 10ms
27 verbose logfile logs-max:10 dir:/home/nunoamorim/.npm/_logs
28 verbose logfile /home/nunoamorim/.npm/_logs/2022-10-03T14_07_09_997Z-debug-0.log
29 timing npm:load:logFile Completed in 14ms
30 timing npm:load:timers Completed in 0ms
31 timing npm:load:configScope Completed in 0ms
32 timing npm:load Completed in 63ms
33 timing arborist:ctor Completed in 1ms
34 silly logfile done cleaning log files
35 timing idealTree:init Completed in 104ms
36 timing idealTree:userRequests Completed in 3ms
37 silly idealTree buildDeps
38 silly fetch manifest formidable@*
39 timing arborist:ctor Completed in 0ms
40 http fetch GET 200 https://registry.npmjs.org/formidable 1258ms (cache miss)
41 silly placeDep ROOT formidable@2.0.1 OK for:  want: *
42 silly fetch manifest dezalgo@1.0.3
43 silly fetch manifest hexoid@1.0.0
44 silly fetch manifest once@1.4.0
45 silly fetch manifest qs@6.9.3
46 http fetch GET 200 https://registry.npmjs.org/dezalgo 681ms (cache miss)
47 http fetch GET 200 https://registry.npmjs.org/qs 695ms (cache revalidated)
48 http fetch GET 200 https://registry.npmjs.org/hexoid 1198ms (cache miss)
49 http fetch GET 200 https://registry.npmjs.org/once 1200ms (cache miss)
50 timing idealTree:#root Completed in 2497ms
51 silly placeDep ROOT dezalgo@1.0.3 OK for: formidable@2.0.1 want: 1.0.3
52 silly placeDep ROOT hexoid@1.0.0 OK for: formidable@2.0.1 want: 1.0.0
53 silly placeDep ROOT once@1.4.0 OK for: formidable@2.0.1 want: 1.4.0
54 silly placeDep node_modules/formidable qs@6.9.3 OK for: formidable@2.0.1 want: 6.9.3
55 silly fetch manifest asap@^2.0.0
56 silly fetch manifest wrappy@1
57 http fetch GET 200 https://registry.npmjs.org/asap 103ms (cache miss)
58 http fetch GET 200 https://registry.npmjs.org/wrappy 143ms (cache miss)
59 timing idealTree:node_modules/formidable Completed in 178ms
60 silly placeDep ROOT asap@2.0.6 OK for: dezalgo@1.0.3 want: ^2.0.0
61 silly placeDep ROOT wrappy@1.0.2 OK for: dezalgo@1.0.3 want: 1
62 timing idealTree:node_modules/dezalgo Completed in 14ms
63 timing idealTree:node_modules/asap Completed in 0ms
64 timing idealTree:node_modules/hexoid Completed in 0ms
65 timing idealTree:node_modules/once Completed in 0ms
66 timing idealTree:node_modules/wrappy Completed in 1ms
67 timing idealTree:node_modules/formidable/node_modules/qs Completed in 0ms
68 timing idealTree:buildDeps Completed in 2698ms
69 timing idealTree:fixDepFlags Completed in 4ms
70 timing idealTree Completed in 2823ms
71 timing reify:loadTrees Completed in 2825ms
72 timing reify:diffTrees Completed in 14ms
73 silly reify moves {}
74 timing reify:retireShallow Completed in 3ms
75 timing reify:createSparse Completed in 21ms
76 timing reify:loadBundles Completed in 0ms
77 silly audit bulk request {
77 silly audit   accepts: [ '1.3.8' ],
77 silly audit   'array-flatten': [ '1.1.1' ],
77 silly audit   'body-parser': [ '1.20.0' ],
77 silly audit   bytes: [ '3.1.2' ],
77 silly audit   'call-bind': [ '1.0.2' ],
77 silly audit   'content-disposition': [ '0.5.4' ],
77 silly audit   'content-type': [ '1.0.4' ],
77 silly audit   cookie: [ '0.5.0' ],
77 silly audit   'cookie-signature': [ '1.0.6' ],
77 silly audit   'data-uri-to-buffer': [ '4.0.0' ],
77 silly audit   debug: [ '2.6.9' ],
77 silly audit   depd: [ '2.0.0' ],
77 silly audit   destroy: [ '1.2.0' ],
77 silly audit   'ee-first': [ '1.1.1' ],
77 silly audit   encodeurl: [ '1.0.2' ],
77 silly audit   'escape-html': [ '1.0.3' ],
77 silly audit   etag: [ '1.8.1' ],
77 silly audit   express: [ '4.18.1' ],
77 silly audit   'fetch-blob': [ '3.2.0' ],
77 silly audit   finalhandler: [ '1.2.0' ],
77 silly audit   'formdata-polyfill': [ '4.0.10' ],
77 silly audit   forwarded: [ '0.2.0' ],
77 silly audit   fresh: [ '0.5.2' ],
77 silly audit   'function-bind': [ '1.1.1' ],
77 silly audit   'get-intrinsic': [ '1.1.3' ],
77 silly audit   has: [ '1.0.3' ],
77 silly audit   'has-symbols': [ '1.0.3' ],
77 silly audit   'http-errors': [ '2.0.0' ],
77 silly audit   'iconv-lite': [ '0.4.24' ],
77 silly audit   inherits: [ '2.0.4' ],
77 silly audit   'ipaddr.js': [ '1.9.1' ],
77 silly audit   'media-typer': [ '0.3.0' ],
77 silly audit   'merge-descriptors': [ '1.0.1' ],
77 silly audit   methods: [ '1.1.2' ],
77 silly audit   mime: [ '1.6.0' ],
77 silly audit   'mime-db': [ '1.52.0' ],
77 silly audit   'mime-types': [ '2.1.35' ],
77 silly audit   ms: [ '2.0.0', '2.1.3' ],
77 silly audit   negotiator: [ '0.6.3' ],
77 silly audit   'node-domexception': [ '1.0.0' ],
77 silly audit   'node-fetch': [ '3.2.10' ],
77 silly audit   'object-inspect': [ '1.12.2' ],
77 silly audit   'on-finished': [ '2.4.1' ],
77 silly audit   parseurl: [ '1.3.3' ],
77 silly audit   'path-to-regexp': [ '0.1.7' ],
77 silly audit   'proxy-addr': [ '2.0.7' ],
77 silly audit   qs: [ '6.10.3', '6.9.3' ],
77 silly audit   'range-parser': [ '1.2.1' ],
77 silly audit   'raw-body': [ '2.5.1' ],
77 silly audit   'safe-buffer': [ '5.2.1' ],
77 silly audit   'safer-buffer': [ '2.1.2' ],
77 silly audit   send: [ '0.18.0' ],
77 silly audit   'serve-static': [ '1.15.0' ],
77 silly audit   setprototypeof: [ '1.2.0' ],
77 silly audit   'side-channel': [ '1.0.4' ],
77 silly audit   statuses: [ '2.0.1' ],
77 silly audit   toidentifier: [ '1.0.1' ],
77 silly audit   'type-is': [ '1.6.18' ],
77 silly audit   unpipe: [ '1.0.0' ],
77 silly audit   'utils-merge': [ '1.0.1' ],
77 silly audit   vary: [ '1.1.2' ],
77 silly audit   'web-streams-polyfill': [ '3.2.1' ],
77 silly audit   formidable: [ '2.0.1' ],
77 silly audit   dezalgo: [ '1.0.3' ],
77 silly audit   hexoid: [ '1.0.0' ],
77 silly audit   once: [ '1.4.0' ],
77 silly audit   asap: [ '2.0.6' ],
77 silly audit   wrappy: [ '1.0.2' ]
77 silly audit }
78 silly tarball no local data for wrappy@https://registry.npmjs.org/wrappy/-/wrappy-1.0.2.tgz. Extracting by manifest.
79 silly tarball no local data for asap@https://registry.npmjs.org/asap/-/asap-2.0.6.tgz. Extracting by manifest.
80 silly tarball no local data for once@https://registry.npmjs.org/once/-/once-1.4.0.tgz. Extracting by manifest.
81 silly tarball no local data for hexoid@https://registry.npmjs.org/hexoid/-/hexoid-1.0.0.tgz. Extracting by manifest.
82 silly tarball no local data for formidable@https://registry.npmjs.org/formidable/-/formidable-2.0.1.tgz. Extracting by manifest.
83 silly tarball no local data for qs@https://registry.npmjs.org/qs/-/qs-6.9.3.tgz. Extracting by manifest.
84 silly tarball no local data for dezalgo@https://registry.npmjs.org/dezalgo/-/dezalgo-1.0.3.tgz. Extracting by manifest.
85 http fetch POST 200 https://registry.npmjs.org/-/npm/v1/security/advisories/bulk 361ms
86 timing auditReport:getReport Completed in 377ms
87 silly audit report {}
88 timing auditReport:init Completed in 0ms
89 timing reify:audit Completed in 381ms
90 http fetch GET 200 https://registry.npmjs.org/wrappy/-/wrappy-1.0.2.tgz 406ms (cache miss)
91 timing reifyNode:node_modules/wrappy Completed in 465ms
92 http fetch GET 200 https://registry.npmjs.org/once/-/once-1.4.0.tgz 408ms (cache miss)
93 timing reifyNode:node_modules/once Completed in 481ms
94 http fetch GET 200 https://registry.npmjs.org/dezalgo/-/dezalgo-1.0.3.tgz 428ms (cache miss)
95 timing reifyNode:node_modules/dezalgo Completed in 521ms
96 http fetch GET 200 https://registry.npmjs.org/asap/-/asap-2.0.6.tgz 473ms (cache miss)
97 timing reifyNode:node_modules/asap Completed in 537ms
98 http fetch GET 200 https://registry.npmjs.org/formidable/-/formidable-2.0.1.tgz 584ms (cache miss)
99 timing reifyNode:node_modules/formidable Completed in 666ms
100 http fetch GET 200 https://registry.npmjs.org/qs/-/qs-6.9.3.tgz 585ms (cache miss)
101 timing reifyNode:node_modules/formidable/node_modules/qs Completed in 672ms
102 http fetch GET 200 https://registry.npmjs.org/hexoid/-/hexoid-1.0.0.tgz 655ms (cache miss)
103 timing reifyNode:node_modules/hexoid Completed in 733ms
104 timing reify:unpack Completed in 737ms
105 timing reify:unretire Completed in 1ms
106 timing build:queue Completed in 6ms
107 timing build:deps Completed in 9ms
108 timing build Completed in 11ms
109 timing reify:build Completed in 14ms
110 timing reify:trash Completed in 1ms
111 timing reify:save Completed in 84ms
112 timing reify Completed in 3816ms
113 silly ADD node_modules/wrappy
114 silly ADD node_modules/asap
115 silly ADD node_modules/once
116 silly ADD node_modules/hexoid
117 silly ADD node_modules/dezalgo
118 silly ADD node_modules/formidable
119 silly ADD node_modules/formidable/node_modules/qs
120 timing command:install Completed in 3833ms
121 verbose exit 0
122 timing npm Completed in 3992ms
123 info ok
