0 verbose cli /home/nunoamorim/.nvm/versions/node/v16.17.1/bin/node /home/nunoamorim/.nvm/versions/node/v16.17.1/bin/npm
1 info using npm@8.15.0
2 info using node@v16.17.1
3 timing npm:load:whichnode Completed in 1ms
4 timing config:load:defaults Completed in 2ms
5 timing config:load:file:/home/nunoamorim/.nvm/versions/node/v16.17.1/lib/node_modules/npm/npmrc Completed in 2ms
6 timing config:load:builtin Completed in 2ms
7 timing config:load:cli Completed in 3ms
8 timing config:load:env Completed in 1ms
9 timing config:load:file:/home/nunoamorim/.cache/typescript/4.8/.npmrc Completed in 3ms
10 timing config:load:project Completed in 12ms
11 timing config:load:file:/home/nunoamorim/.npmrc Completed in 0ms
12 timing config:load:user Completed in 1ms
13 timing config:load:file:/home/nunoamorim/.nvm/versions/node/v16.17.1/etc/npmrc Completed in 0ms
14 timing config:load:global Completed in 0ms
15 timing config:load:validate Completed in 0ms
16 timing config:load:credentials Completed in 2ms
17 timing config:load:setEnvs Completed in 1ms
18 timing config:load Completed in 25ms
19 timing npm:load:configload Completed in 25ms
20 timing npm:load:mkdirpcache Completed in 2ms
21 timing npm:load:mkdirplogs Completed in 1ms
22 verbose title npm install @types/formidable@ts4.8
23 verbose argv "install" "--ignore-scripts" "@types/formidable@ts4.8" "--save-dev" "--user-agent" "typesInstaller/4.8.2"
24 timing npm:load:setTitle Completed in 2ms
25 timing config:load:flatten Completed in 4ms
26 timing npm:load:display Completed in 5ms
27 verbose logfile logs-max:10 dir:/home/nunoamorim/.npm/_logs
28 verbose logfile /home/nunoamorim/.npm/_logs/2022-10-03T14_06_36_438Z-debug-0.log
29 timing npm:load:logFile Completed in 9ms
30 timing npm:load:timers Completed in 0ms
31 timing npm:load:configScope Completed in 0ms
32 timing npm:load Completed in 46ms
33 timing arborist:ctor Completed in 2ms
34 silly logfile done cleaning log files
35 timing idealTree:init Completed in 67ms
36 timing arborist:ctor Completed in 0ms
37 http fetch GET 200 https://registry.npmjs.org/@types%2fformidable 372ms (cache miss)
38 timing idealTree:userRequests Completed in 393ms
39 silly idealTree buildDeps
40 silly fetch manifest @types/formidable@2.0.5
41 silly placeDep ROOT @types/formidable@2.0.5 OK for:  want: 2.0.5
42 timing idealTree:#root Completed in 29ms
43 timing idealTree:node_modules/@types/formidable Completed in 0ms
44 timing idealTree:buildDeps Completed in 34ms
45 timing idealTree:fixDepFlags Completed in 1ms
46 timing idealTree Completed in 501ms
47 timing reify:loadTrees Completed in 503ms
48 timing reify:diffTrees Completed in 9ms
49 silly reify moves {}
50 timing reify:retireShallow Completed in 5ms
51 timing reify:createSparse Completed in 7ms
52 timing reify:loadBundles Completed in 0ms
53 silly audit bulk request {
53 silly audit   '@types/body-parser': [ '1.19.2' ],
53 silly audit   '@types/bytes': [ '3.1.1' ],
53 silly audit   '@types/connect': [ '3.4.35' ],
53 silly audit   '@types/content-type': [ '1.1.5' ],
53 silly audit   '@types/debug': [ '4.1.7' ],
53 silly audit   '@types/depd': [ '1.1.32' ],
53 silly audit   '@types/express': [ '4.17.14' ],
53 silly audit   '@types/express-serve-static-core': [ '4.17.31' ],
53 silly audit   '@types/http-errors': [ '1.8.2' ],
53 silly audit   '@types/merge-descriptors': [ '1.0.1' ],
53 silly audit   '@types/mime': [ '3.0.1' ],
53 silly audit   '@types/ms': [ '0.7.31' ],
53 silly audit   '@types/node': [ '18.8.0' ],
53 silly audit   '@types/qs': [ '6.9.7' ],
53 silly audit   '@types/range-parser': [ '1.2.4' ],
53 silly audit   '@types/serve-static': [ '1.15.0' ],
53 silly audit   '@types/type-is': [ '1.6.3' ],
53 silly audit   'types-registry': [ '0.1.612' ],
53 silly audit   '@types/formidable': [ '2.0.5' ]
53 silly audit }
54 silly tarball no local data for @types/formidable@https://registry.npmjs.org/@types/formidable/-/formidable-2.0.5.tgz. Extracting by manifest.
55 http fetch GET 200 https://registry.npmjs.org/@types/formidable/-/formidable-2.0.5.tgz 199ms (cache miss)
56 timing reifyNode:node_modules/@types/formidable Completed in 236ms
57 timing reify:unpack Completed in 236ms
58 timing reify:unretire Completed in 1ms
59 timing build:queue Completed in 21ms
60 timing build:deps Completed in 23ms
61 timing build Completed in 24ms
62 timing reify:build Completed in 26ms
63 timing reify:trash Completed in 1ms
64 http fetch POST 200 https://registry.npmjs.org/-/npm/v1/security/advisories/bulk 345ms
65 timing auditReport:getReport Completed in 356ms
66 silly audit report {}
67 timing auditReport:init Completed in 0ms
68 timing reify:audit Completed in 361ms
69 timing reify:save Completed in 91ms
70 timing reify Completed in 934ms
71 silly ADD node_modules/@types/formidable
72 timing command:install Completed in 953ms
73 verbose exit 0
74 timing npm Completed in 1114ms
75 info ok
