0 verbose cli /home/nunoamorim/.nvm/versions/node/v16.17.1/bin/node /home/nunoamorim/.nvm/versions/node/v16.17.1/bin/npm
1 info using npm@8.15.0
2 info using node@v16.17.1
3 timing npm:load:whichnode Completed in 0ms
4 timing config:load:defaults Completed in 14ms
5 timing config:load:file:/home/nunoamorim/.nvm/versions/node/v16.17.1/lib/node_modules/npm/npmrc Completed in 1ms
6 timing config:load:builtin Completed in 2ms
7 timing config:load:cli Completed in 4ms
8 timing config:load:env Completed in 0ms
9 timing config:load:file:/home/nunoamorim/.cache/typescript/4.9/.npmrc Completed in 3ms
10 timing config:load:project Completed in 95ms
11 timing config:load:file:/home/nunoamorim/.npmrc Completed in 3ms
12 timing config:load:user Completed in 4ms
13 timing config:load:file:/home/nunoamorim/.nvm/versions/node/v16.17.1/etc/npmrc Completed in 0ms
14 timing config:load:global Completed in 0ms
15 timing config:load:validate Completed in 0ms
16 timing config:load:credentials Completed in 2ms
17 timing config:load:setEnvs Completed in 2ms
18 timing config:load Completed in 127ms
19 timing npm:load:configload Completed in 127ms
20 timing npm:load:mkdirpcache Completed in 8ms
21 timing npm:load:mkdirplogs Completed in 14ms
22 verbose title npm install types-registry@latest
23 verbose argv "install" "--ignore-scripts" "types-registry@latest"
24 timing npm:load:setTitle Completed in 3ms
25 timing config:load:flatten Completed in 18ms
26 timing npm:load:display Completed in 20ms
27 verbose logfile logs-max:10 dir:/home/nunoamorim/.npm/_logs
28 verbose logfile /home/nunoamorim/.npm/_logs/2022-12-19T14_58_29_396Z-debug-0.log
29 timing npm:load:logFile Completed in 35ms
30 timing npm:load:timers Completed in 0ms
31 timing npm:load:configScope Completed in 0ms
32 timing npm:load Completed in 209ms
33 timing arborist:ctor Completed in 2ms
34 silly logfile start cleaning logs, removing 1 files
35 silly logfile done cleaning log files
36 timing arborist:ctor Completed in 1ms
37 timing idealTree:init Completed in 64ms
38 http fetch GET 200 https://registry.npmjs.org/types-registry 454ms (cache revalidated)
39 timing idealTree:userRequests Completed in 511ms
40 silly idealTree buildDeps
41 silly fetch manifest types-registry@0.1.623
42 silly placeDep ROOT types-registry@0.1.623 OK for:  want: 0.1.623
43 timing idealTree:#root Completed in 31ms
44 timing idealTree:node_modules/types-registry Completed in 0ms
45 timing idealTree:buildDeps Completed in 33ms
46 timing idealTree:fixDepFlags Completed in 1ms
47 timing idealTree Completed in 616ms
48 timing reify:loadTrees Completed in 619ms
49 timing reify:diffTrees Completed in 7ms
50 silly reify moves {}
51 timing reify:retireShallow Completed in 3ms
52 timing reify:createSparse Completed in 4ms
53 timing reify:loadBundles Completed in 0ms
54 silly audit bulk request { 'types-registry': [ '0.1.623' ] }
55 timing reifyNode:node_modules/types-registry Completed in 207ms
56 timing reify:unpack Completed in 209ms
57 timing reify:unretire Completed in 0ms
58 timing build:queue Completed in 1ms
59 timing build:deps Completed in 1ms
60 timing build Completed in 2ms
61 timing reify:build Completed in 3ms
62 timing reify:trash Completed in 0ms
63 timing reify:save Completed in 31ms
64 http fetch POST 200 https://registry.npmjs.org/-/npm/v1/security/advisories/bulk 280ms
65 timing auditReport:getReport Completed in 299ms
66 silly audit report {}
67 timing auditReport:init Completed in 0ms
68 timing reify:audit Completed in 304ms
69 timing reify Completed in 988ms
70 silly ADD node_modules/types-registry
71 timing command:install Completed in 1022ms
72 verbose exit 0
73 timing npm Completed in 1809ms
74 info ok
