2022-12-26 17:09:14.893 [info] Log level: Info
2022-12-26 17:09:14.893 [info] Validating found git in: "git"
2022-12-26 17:09:14.893 [info] Using git "2.25.1" from "git"
2022-12-26 17:09:14.894 [info] > git rev-parse --show-toplevel [170ms]
2022-12-26 17:09:14.894 [info] > git rev-parse --git-dir --git-common-dir [6ms]
2022-12-26 17:09:14.894 [info] Open repository: /home/nunoamorim
2022-12-26 17:09:14.894 [info] > git rev-parse --show-toplevel [238ms]
2022-12-26 17:09:14.894 [info] > git rev-parse --show-toplevel [36ms]
2022-12-26 17:09:14.894 [info] > git config --get commit.template [284ms]
2022-12-26 17:09:14.894 [info] > git rev-parse --show-toplevel [9ms]
2022-12-26 17:09:14.894 [info] > git rev-parse --show-toplevel [434ms]
2022-12-26 17:09:14.899 [info] > git rev-parse --show-toplevel [19ms]
2022-12-26 17:09:14.912 [info] > git for-each-ref --format=%(refname)%00%(upstream:short)%00%(objectname)%00%(upstream:track)%00%(upstream:remotename)%00%(upstream:remoteref) refs/heads/master refs/remotes/master [463ms]
2022-12-26 17:09:14.942 [info] > git fetch [839ms]
2022-12-26 17:09:14.946 [info] > git for-each-ref --sort -committerdate --format %(refname) %(objectname) %(*objectname) [5ms] (cancelled)
2022-12-26 17:09:14.986 [info] > git status -z -uall [59ms] (cancelled)
2022-12-26 17:09:14.991 [info] > git rev-parse --show-toplevel [80ms]
2022-12-26 17:09:15.006 [info] > git check-ignore -v -z --stdin [46ms]
2022-12-26 17:09:15.009 [info] > git rev-parse --show-toplevel [6ms]
2022-12-26 17:09:15.054 [info] > git config --get commit.template [70ms]
2022-12-26 17:09:15.055 [info] > git config --get commit.template [81ms]
2022-12-26 17:09:15.075 [info] > git rev-parse --git-dir --git-common-dir [22ms]
2022-12-26 17:09:15.089 [info] Open repository: /home/nunoamorim/.nvm
2022-12-26 17:09:15.158 [info] > git config --get commit.template [26ms]
2022-12-26 17:09:15.160 [info] > git for-each-ref --format=%(refname)%00%(upstream:short)%00%(objectname)%00%(upstream:track)%00%(upstream:remotename)%00%(upstream:remoteref) refs/heads/master refs/remotes/master [34ms]
2022-12-26 17:09:15.191 [info] > git for-each-ref --format=%(refname)%00%(upstream:short)%00%(objectname)%00%(upstream:track)%00%(upstream:remotename)%00%(upstream:remoteref) refs/heads/master refs/remotes/master [77ms]
2022-12-26 17:09:15.193 [info] > git rev-parse --show-toplevel [95ms]
2022-12-26 17:09:15.229 [info] > git rev-parse --show-toplevel [28ms]
2022-12-26 17:09:15.245 [info] > git for-each-ref --sort -committerdate --format %(refname) %(objectname) %(*objectname) [63ms]
2022-12-26 17:09:15.275 [info] > git status -z -uall [12ms]
2022-12-26 17:09:15.276 [info] > git rev-parse --show-toplevel [31ms]
2022-12-26 17:09:15.291 [info] > git rev-parse --show-toplevel [2ms]
2022-12-26 17:09:15.304 [info] > git for-each-ref --sort -committerdate --format %(refname) %(objectname) %(*objectname) [27ms]
2022-12-26 17:09:15.311 [info] > git rev-parse --show-toplevel [11ms]
2022-12-26 17:09:15.347 [info] > git show --textconv :ITI2/docker-compose.yml [18ms]
2022-12-26 17:09:15.349 [info] > git ls-files --stage -- /home/nunoamorim/ITI2/docker-compose.yml [10ms]
2022-12-26 17:09:15.870 [info] > git fetch [782ms]
2022-12-26 17:09:15.880 [info] > git config --get commit.template [2ms]
2022-12-26 17:09:15.899 [info] > git status -z -uall [10ms]
2022-12-26 17:09:15.901 [info] > git for-each-ref --sort -committerdate --format %(refname) %(objectname) %(*objectname) [2ms]
2022-12-26 17:09:15.951 [info] > git check-ignore -v -z --stdin [2ms]
2022-12-26 17:09:15.964 [info] > git check-ignore -v -z --stdin [23ms]
2022-12-26 17:09:16.452 [info] > git config --local branch.master.github-pr-owner-number [101ms]
2022-12-26 17:10:49.387 [info] > git status -z -uall [94215ms] (cancelled)
2022-12-26 17:11:13.239 [info] > git check-ignore -v -z --stdin [4ms]
2022-12-26 17:12:16.145 [info] > git fetch [472ms]
2022-12-26 17:12:16.153 [info] > git config --get commit.template [1ms]
2022-12-26 17:12:16.160 [info] > git for-each-ref --format=%(refname)%00%(upstream:short)%00%(objectname)%00%(upstream:track)%00%(upstream:remotename)%00%(upstream:remoteref) refs/heads/master refs/remotes/master [1ms]
2022-12-26 17:12:16.175 [info] > git for-each-ref --sort -committerdate --format %(refname) %(objectname) %(*objectname) [2ms]
2022-12-26 17:12:17.761 [info] > git status -z -uall [1594ms] (cancelled)
2022-12-26 17:12:18.497 [info] > git fetch [738ms]
2022-12-26 17:12:18.505 [info] > git config --get commit.template [1ms]
2022-12-26 17:12:18.518 [info] > git status -z -uall [7ms]
2022-12-26 17:12:18.519 [info] > git for-each-ref --sort -committerdate --format %(refname) %(objectname) %(*objectname) [1ms]
2022-12-26 17:14:44.479 [info] > git check-ignore -v -z --stdin [6ms]
2022-12-26 17:15:17.038 [info] > git fetch [457ms]
2022-12-26 17:15:17.053 [info] > git config --get commit.template [7ms]
2022-12-26 17:15:17.053 [info] > git for-each-ref --format=%(refname)%00%(upstream:short)%00%(objectname)%00%(upstream:track)%00%(upstream:remotename)%00%(upstream:remoteref) refs/heads/master refs/remotes/master [1ms]
2022-12-26 17:15:17.067 [info] > git for-each-ref --sort -committerdate --format %(refname) %(objectname) %(*objectname) [1ms]
2022-12-26 17:15:18.584 [info] > git status -z -uall [1525ms] (cancelled)
2022-12-26 17:15:20.873 [info] > git fetch [2274ms]
2022-12-26 17:15:20.883 [info] > git config --get commit.template [1ms]
2022-12-26 17:15:20.902 [info] > git status -z -uall [11ms]
2022-12-26 17:15:20.903 [info] > git for-each-ref --sort -committerdate --format %(refname) %(objectname) %(*objectname) [2ms]
