[2022-10-14 14:06:07.393] [exthost] [info] Extension host with pid 582 started
[2022-10-14 14:06:07.444] [exthost] [info] Lock '/home/nunoamorim/.vscode-server/data/User/workspaceStorage/a9f5109e99d391079f85d3e92812567a/vscode.lock': Lock acquired.
[2022-10-14 14:06:08.476] [exthost] [info] ExtensionService#_doActivateExtension vscode.typescript-language-features, startup: false, activationEvent: 'onLanguage:javascript'
[2022-10-14 14:06:08.488] [exthost] [info] ExtensionService#_doActivateExtension vscode.debug-auto-launch, startup: true, activationEvent: '*'
[2022-10-14 14:06:08.489] [exthost] [info] ExtensionService#_doActivateExtension vscode.git-base, startup: true, activationEvent: '*', root cause: vscode.git
[2022-10-14 14:06:08.490] [exthost] [info] ExtensionService#_doActivateExtension vscode.ipynb, startup: true, activationEvent: '*'
[2022-10-14 14:06:09.361] [exthost] [info] ExtensionService#_doActivateExtension vscode.git, startup: true, activationEvent: '*'
[2022-10-14 14:06:09.362] [exthost] [info] ExtensionService#_doActivateExtension vscode.github, startup: true, activationEvent: '*'
[2022-10-14 14:06:09.607] [exthost] [info] ExtensionService#_doActivateExtension GitHub.vscode-pull-request-github, startup: true, activationEvent: '*'
[2022-10-14 14:06:12.229] [exthost] [warning] [Decorations] CAPPING events from decorations provider vscode.git 4607
[2022-10-14 14:06:15.815] [exthost] [warning] [Decorations] CAPPING events from decorations provider vscode.git 4620
[2022-10-14 14:06:17.704] [exthost] [warning] [Decorations] CAPPING events from decorations provider vscode.git 4620
[2022-10-14 14:06:19.022] [exthost] [info] ExtensionService#_doActivateExtension vscode.emmet, startup: false, activationEvent: 'onStartupFinished'
[2022-10-14 14:06:19.022] [exthost] [info] ExtensionService#_doActivateExtension vscode.merge-conflict, startup: false, activationEvent: 'onStartupFinished'
[2022-10-14 14:06:19.023] [exthost] [info] ExtensionService#_doActivateExtension ritwickdey.LiveServer, startup: false, activationEvent: 'onStartupFinished'
[2022-10-14 14:06:19.364] [exthost] [info] Eager extensions activated
[2022-10-14 14:06:23.526] [exthost] [warning] [Decorations] CAPPING events from decorations provider vscode.git 4620
[2022-10-14 14:06:30.362] [exthost] [warning] [Decorations] CAPPING events from decorations provider vscode.git 4620
[2022-10-14 14:06:36.891] [exthost] [warning] [Decorations] CAPPING events from decorations provider vscode.git 4620
[2022-10-14 14:06:44.091] [exthost] [warning] [Decorations] CAPPING events from decorations provider vscode.git 4620
[2022-10-14 14:06:50.408] [exthost] [warning] [Decorations] CAPPING events from decorations provider vscode.git 4620
[2022-10-14 14:06:57.514] [exthost] [warning] [Decorations] CAPPING events from decorations provider vscode.git 4620
[2022-10-14 14:07:03.809] [exthost] [warning] [Decorations] CAPPING events from decorations provider vscode.git 4620
[2022-10-14 14:07:09.214] [exthost] [warning] [Decorations] CAPPING events from decorations provider vscode.git 4620
[2022-10-14 14:07:57.591] [exthost] [warning] [Decorations] CAPPING events from decorations provider vscode.git 4620
[2022-10-14 14:08:04.894] [exthost] [warning] [Decorations] CAPPING events from decorations provider vscode.git 4620
[2022-10-14 14:08:11.259] [exthost] [warning] [Decorations] CAPPING events from decorations provider vscode.git 4620
[2022-10-14 14:08:18.305] [exthost] [warning] [Decorations] CAPPING events from decorations provider vscode.git 4620
[2022-10-14 14:08:25.039] [exthost] [warning] [Decorations] CAPPING events from decorations provider vscode.git 4620
[2022-10-14 14:08:30.484] [exthost] [warning] [Decorations] CAPPING events from decorations provider vscode.git 4620
[2022-10-14 14:08:37.294] [exthost] [warning] [Decorations] CAPPING events from decorations provider vscode.git 4620
[2022-10-14 14:08:43.760] [exthost] [warning] [Decorations] CAPPING events from decorations provider vscode.git 4620
[2022-10-14 14:08:50.191] [exthost] [warning] [Decorations] CAPPING events from decorations provider vscode.git 4620
[2022-10-14 14:08:56.784] [exthost] [warning] [Decorations] CAPPING events from decorations provider vscode.git 4620
[2022-10-14 14:09:02.138] [exthost] [warning] [Decorations] CAPPING events from decorations provider vscode.git 4620
[2022-10-14 14:09:09.123] [exthost] [warning] [Decorations] CAPPING events from decorations provider vscode.git 4620
[2022-10-14 14:09:15.792] [exthost] [warning] [Decorations] CAPPING events from decorations provider vscode.git 4620
[2022-10-14 14:09:18.510] [exthost] [warning] [Decorations] CAPPING events from decorations provider vscode.git 4620
[2022-10-14 14:09:19.750] [exthost] [info] ExtensionService#_doActivateExtension vscode.html-language-features, startup: false, activationEvent: 'onLanguage:html'
[2022-10-14 14:09:21.144] [exthost] [warning] [Decorations] CAPPING events from decorations provider vscode.git 4621
[2022-10-14 14:09:27.752] [exthost] [warning] [Decorations] CAPPING events from decorations provider vscode.git 4622
[2022-10-14 14:09:57.906] [exthost] [warning] [Decorations] CAPPING events from decorations provider vscode.git 4622
[2022-10-14 14:11:25.158] [exthost] [warning] [Decorations] CAPPING events from decorations provider vscode.git 4621
[2022-10-14 14:11:30.413] [exthost] [warning] [Decorations] CAPPING events from decorations provider vscode.git 4621
[2022-10-14 14:11:36.647] [exthost] [warning] [Decorations] CAPPING events from decorations provider vscode.git 4621
[2022-10-14 14:11:42.729] [exthost] [warning] [Decorations] CAPPING events from decorations provider vscode.git 4621
[2022-10-14 14:11:48.090] [exthost] [warning] [Decorations] CAPPING events from decorations provider vscode.git 4621
[2022-10-14 14:11:54.364] [exthost] [warning] [Decorations] CAPPING events from decorations provider vscode.git 4621
[2022-10-14 14:12:00.666] [exthost] [warning] [Decorations] CAPPING events from decorations provider vscode.git 4621
[2022-10-14 14:12:06.742] [exthost] [warning] [Decorations] CAPPING events from decorations provider vscode.git 4621
[2022-10-14 14:12:12.017] [exthost] [warning] [Decorations] CAPPING events from decorations provider vscode.git 4621
[2022-10-14 14:12:17.466] [exthost] [warning] [Decorations] CAPPING events from decorations provider vscode.git 4621
[2022-10-14 14:12:49.613] [exthost] [warning] [Decorations] CAPPING events from decorations provider vscode.git 4621
[2022-10-14 14:12:51.237] [exthost] [warning] [Decorations] CAPPING events from decorations provider vscode.git 4621
[2022-10-14 14:13:32.207] [exthost] [warning] [Decorations] CAPPING events from decorations provider vscode.git 4621
[2022-10-14 14:13:39.658] [exthost] [warning] [Decorations] CAPPING events from decorations provider vscode.git 4621
[2022-10-14 14:14:38.489] [exthost] [warning] [Decorations] CAPPING events from decorations provider vscode.git 4621
[2022-10-14 14:17:25.703] [exthost] [warning] [Decorations] CAPPING events from decorations provider vscode.git 4621
[2022-10-14 14:17:27.684] [exthost] [warning] [Decorations] CAPPING events from decorations provider vscode.git 4621
[2022-10-14 14:17:32.837] [exthost] [warning] [Decorations] CAPPING events from decorations provider vscode.git 4621
[2022-10-14 14:17:39.448] [exthost] [warning] [Decorations] CAPPING events from decorations provider vscode.git 4621
[2022-10-14 14:18:15.821] [exthost] [warning] [Decorations] CAPPING events from decorations provider vscode.git 4621
[2022-10-14 14:18:23.113] [exthost] [warning] [Decorations] CAPPING events from decorations provider vscode.git 4621
[2022-10-14 14:18:29.892] [exthost] [warning] [Decorations] CAPPING events from decorations provider vscode.git 4621
[2022-10-14 14:18:35.775] [exthost] [warning] [Decorations] CAPPING events from decorations provider vscode.git 4621
[2022-10-14 14:21:46.711] [exthost] [warning] [Decorations] CAPPING events from decorations provider vscode.git 4621
[2022-10-14 14:21:48.841] [exthost] [warning] [Decorations] CAPPING events from decorations provider vscode.git 4621
[2022-10-14 14:21:53.561] [exthost] [info] Extension host terminating: received terminate message from renderer
[2022-10-14 14:21:53.564] [exthost] [info] Lock '/home/nunoamorim/.vscode-server/data/User/workspaceStorage/a9f5109e99d391079f85d3e92812567a/vscode.lock': Marking the lockfile as scheduled to be released in 6000 ms.
[2022-10-14 14:21:53.733] [exthost] [info] Extension host with pid 582 exiting with code 0
