2022-12-19 15:06:27.989 [info] Extension host with pid 13701 started
2022-12-19 15:06:28.046 [info] Lock '/home/nunoamorim/.vscode-server/data/User/workspaceStorage/760ffa8b714b1622b015a727062a4294/vscode.lock': Lock acquired.
2022-12-19 15:06:28.193 [info] ExtensionService#_doActivateExtension vscode.git-base, startup: true, activationEvent: '*', root cause: vscode.git
2022-12-19 15:06:28.196 [info] ExtensionService#_doActivateExtension Blackboxapp.blackbox, startup: true, activationEvent: '*'
2022-12-19 15:06:28.403 [info] ExtensionService#_doActivateExtension vscode.git, startup: true, activationEvent: '*'
2022-12-19 15:06:28.404 [info] ExtensionService#_doActivateExtension vscode.github, startup: true, activationEvent: '*'
2022-12-19 15:06:28.753 [info] ExtensionService#_doActivateExtension vscode.debug-auto-launch, startup: false, activationEvent: 'onStartupFinished'
2022-12-19 15:06:28.753 [info] ExtensionService#_doActivateExtension vscode.emmet, startup: false, activationEvent: 'onStartupFinished'
2022-12-19 15:06:28.754 [info] ExtensionService#_doActivateExtension vscode.merge-conflict, startup: false, activationEvent: 'onStartupFinished'
2022-12-19 15:06:28.755 [info] ExtensionService#_doActivateExtension ritwickdey.LiveServer, startup: false, activationEvent: 'onStartupFinished'
2022-12-19 15:06:28.755 [info] Eager extensions activated
2022-12-19 15:06:29.230 [info] ExtensionService#_doActivateExtension GitHub.vscode-pull-request-github, startup: false, activationEvent: 'onStartupFinished'
2022-12-19 15:06:33.286 [warning] [Decorations] CAPPING events from decorations provider vscode.git 10000
2022-12-19 15:06:37.993 [info] ExtensionService#_doActivateExtension vscode.typescript-language-features, startup: false, activationEvent: 'onLanguage:javascript'
2022-12-19 15:06:50.256 [info] ExtensionService#_doActivateExtension ms-azuretools.vscode-docker, startup: false, activationEvent: 'onLanguage:dockercompose'
2022-12-19 15:09:30.881 [warning] [Decorations] CAPPING events from decorations provider vscode.git 10419
2022-12-19 15:13:39.310 [warning] [Decorations] CAPPING events from decorations provider vscode.git 10002
2022-12-19 15:28:40.029 [warning] [Decorations] CAPPING events from decorations provider vscode.git 10000
2022-12-19 16:11:17.733 [warning] [Decorations] CAPPING events from decorations provider vscode.git 10000
2022-12-19 16:14:18.500 [warning] [Decorations] CAPPING events from decorations provider vscode.git 10000
2022-12-19 16:18:49.521 [warning] [Decorations] CAPPING events from decorations provider vscode.git 10001
2022-12-19 16:21:50.254 [warning] [Decorations] CAPPING events from decorations provider vscode.git 10000
2022-12-19 16:26:07.951 [warning] [Decorations] CAPPING events from decorations provider vscode.git 10000
2022-12-19 16:31:37.836 [warning] [Decorations] CAPPING events from decorations provider vscode.git 10000
2022-12-19 16:34:38.664 [warning] [Decorations] CAPPING events from decorations provider vscode.git 10064
2022-12-19 16:37:39.423 [warning] [Decorations] CAPPING events from decorations provider vscode.git 10000
2022-12-19 16:54:43.010 [warning] [Decorations] CAPPING events from decorations provider vscode.git 10002
2022-12-19 16:57:44.296 [warning] [Decorations] CAPPING events from decorations provider vscode.git 10000
2022-12-19 16:59:01.221 [info] Extension host terminating: received terminate message from renderer
2022-12-19 16:59:01.223 [info] Lock '/home/nunoamorim/.vscode-server/data/User/workspaceStorage/760ffa8b714b1622b015a727062a4294/vscode.lock': Marking the lockfile as scheduled to be released in 6000 ms.
2022-12-19 16:59:01.458 [info] Extension host with pid 13701 exiting with code 0
