[2022-10-22 14:47:37.234] [exthost] [info] Extension host with pid 528 started
[2022-10-22 14:47:37.256] [exthost] [info] Lock '/home/nunoamorim/.vscode-server/data/User/workspaceStorage/a9f5109e99d391079f85d3e92812567a/vscode.lock': Lock acquired.
[2022-10-22 14:47:37.582] [exthost] [info] ExtensionService#_doActivateExtension vscode.typescript-language-features, startup: false, activationEvent: 'onLanguage:javascript'
[2022-10-22 14:47:37.583] [exthost] [info] ExtensionService#_doActivateExtension vscode.debug-auto-launch, startup: true, activationEvent: '*'
[2022-10-22 14:47:37.583] [exthost] [info] ExtensionService#_doActivateExtension vscode.git-base, startup: true, activationEvent: '*', root cause: vscode.git
[2022-10-22 14:47:37.583] [exthost] [info] ExtensionService#_doActivateExtension vscode.ipynb, startup: true, activationEvent: '*'
[2022-10-22 14:47:39.114] [exthost] [info] ExtensionService#_doActivateExtension vscode.git, startup: true, activationEvent: '*'
[2022-10-22 14:47:39.115] [exthost] [info] ExtensionService#_doActivateExtension vscode.github, startup: true, activationEvent: '*'
[2022-10-22 14:47:39.973] [exthost] [info] ExtensionService#_doActivateExtension GitHub.vscode-pull-request-github, startup: true, activationEvent: '*'
[2022-10-22 14:47:42.466] [exthost] [info] ExtensionService#_doActivateExtension vscode.emmet, startup: false, activationEvent: 'onStartupFinished'
[2022-10-22 14:47:42.467] [exthost] [info] ExtensionService#_doActivateExtension vscode.merge-conflict, startup: false, activationEvent: 'onStartupFinished'
[2022-10-22 14:47:42.468] [exthost] [info] ExtensionService#_doActivateExtension ritwickdey.LiveServer, startup: false, activationEvent: 'onStartupFinished'
[2022-10-22 14:47:42.468] [exthost] [info] Eager extensions activated
[2022-10-22 14:47:48.436] [exthost] [warning] [Decorations] CAPPING events from decorations provider vscode.git 251
[2022-10-22 14:47:53.543] [exthost] [warning] [Decorations] CAPPING events from decorations provider vscode.git 251
[2022-10-22 14:47:58.638] [exthost] [warning] [Decorations] CAPPING events from decorations provider vscode.git 251
[2022-10-22 14:48:03.737] [exthost] [warning] [Decorations] CAPPING events from decorations provider vscode.git 251
[2022-10-22 14:48:08.844] [exthost] [warning] [Decorations] CAPPING events from decorations provider vscode.git 254
[2022-10-22 14:48:13.935] [exthost] [warning] [Decorations] CAPPING events from decorations provider vscode.git 254
[2022-10-22 14:48:19.018] [exthost] [warning] [Decorations] CAPPING events from decorations provider vscode.git 255
[2022-10-22 14:48:24.133] [exthost] [warning] [Decorations] CAPPING events from decorations provider vscode.git 255
[2022-10-22 14:48:29.235] [exthost] [warning] [Decorations] CAPPING events from decorations provider vscode.git 255
[2022-10-22 14:48:34.326] [exthost] [warning] [Decorations] CAPPING events from decorations provider vscode.git 255
[2022-10-22 14:48:39.445] [exthost] [warning] [Decorations] CAPPING events from decorations provider vscode.git 255
[2022-10-22 14:48:39.461] [exthost] [info] ExtensionService#_doActivateExtension vscode.html-language-features, startup: false, activationEvent: 'onLanguage:html'
[2022-10-22 14:48:44.534] [exthost] [warning] [Decorations] CAPPING events from decorations provider vscode.git 256
[2022-10-22 14:48:49.648] [exthost] [warning] [Decorations] CAPPING events from decorations provider vscode.git 256
[2022-10-22 14:48:54.745] [exthost] [warning] [Decorations] CAPPING events from decorations provider vscode.git 257
[2022-10-22 14:48:59.846] [exthost] [warning] [Decorations] CAPPING events from decorations provider vscode.git 257
[2022-10-22 14:49:04.933] [exthost] [warning] [Decorations] CAPPING events from decorations provider vscode.git 257
[2022-10-22 14:49:10.049] [exthost] [warning] [Decorations] CAPPING events from decorations provider vscode.git 257
[2022-10-22 14:49:15.166] [exthost] [warning] [Decorations] CAPPING events from decorations provider vscode.git 257
[2022-10-22 14:49:20.253] [exthost] [warning] [Decorations] CAPPING events from decorations provider vscode.git 257
[2022-10-22 14:49:25.342] [exthost] [warning] [Decorations] CAPPING events from decorations provider vscode.git 258
[2022-10-22 14:49:30.443] [exthost] [warning] [Decorations] CAPPING events from decorations provider vscode.git 258
[2022-10-22 14:49:35.532] [exthost] [warning] [Decorations] CAPPING events from decorations provider vscode.git 258
[2022-10-22 14:49:40.623] [exthost] [warning] [Decorations] CAPPING events from decorations provider vscode.git 258
[2022-10-22 14:49:45.713] [exthost] [warning] [Decorations] CAPPING events from decorations provider vscode.git 258
[2022-10-22 14:49:50.815] [exthost] [warning] [Decorations] CAPPING events from decorations provider vscode.git 259
[2022-10-22 14:49:55.903] [exthost] [warning] [Decorations] CAPPING events from decorations provider vscode.git 259
[2022-10-22 14:50:01.002] [exthost] [warning] [Decorations] CAPPING events from decorations provider vscode.git 259
[2022-10-22 14:50:06.090] [exthost] [warning] [Decorations] CAPPING events from decorations provider vscode.git 259
[2022-10-22 14:50:11.214] [exthost] [warning] [Decorations] CAPPING events from decorations provider vscode.git 259
[2022-10-22 14:50:17.557] [exthost] [warning] [Decorations] CAPPING events from decorations provider vscode.git 259
[2022-10-22 14:50:22.685] [exthost] [warning] [Decorations] CAPPING events from decorations provider vscode.git 259
[2022-10-22 14:50:27.786] [exthost] [warning] [Decorations] CAPPING events from decorations provider vscode.git 259
[2022-10-22 14:50:32.931] [exthost] [warning] [Decorations] CAPPING events from decorations provider vscode.git 259
[2022-10-22 14:50:38.046] [exthost] [warning] [Decorations] CAPPING events from decorations provider vscode.git 259
[2022-10-22 14:50:42.039] [exthost] [warning] [Decorations] CAPPING events from decorations provider vscode.git 263
[2022-10-22 14:50:43.135] [exthost] [warning] [Decorations] CAPPING events from decorations provider vscode.git 263
[2022-10-22 14:50:48.589] [exthost] [warning] [Decorations] CAPPING events from decorations provider vscode.git 263
[2022-10-22 14:50:54.567] [exthost] [warning] [Decorations] CAPPING events from decorations provider vscode.git 263
[2022-10-22 14:50:59.664] [exthost] [warning] [Decorations] CAPPING events from decorations provider vscode.git 263
[2022-10-22 14:51:04.781] [exthost] [warning] [Decorations] CAPPING events from decorations provider vscode.git 265
[2022-10-22 14:51:09.892] [exthost] [warning] [Decorations] CAPPING events from decorations provider vscode.git 265
[2022-10-22 14:51:14.988] [exthost] [warning] [Decorations] CAPPING events from decorations provider vscode.git 265
[2022-10-22 14:51:20.083] [exthost] [warning] [Decorations] CAPPING events from decorations provider vscode.git 265
[2022-10-22 14:51:25.191] [exthost] [warning] [Decorations] CAPPING events from decorations provider vscode.git 265
[2022-10-22 14:51:30.313] [exthost] [warning] [Decorations] CAPPING events from decorations provider vscode.git 265
[2022-10-22 14:51:35.397] [exthost] [warning] [Decorations] CAPPING events from decorations provider vscode.git 267
[2022-10-22 14:51:40.494] [exthost] [warning] [Decorations] CAPPING events from decorations provider vscode.git 267
[2022-10-22 14:51:45.589] [exthost] [warning] [Decorations] CAPPING events from decorations provider vscode.git 267
[2022-10-22 14:51:50.674] [exthost] [warning] [Decorations] CAPPING events from decorations provider vscode.git 267
[2022-10-22 14:51:55.787] [exthost] [warning] [Decorations] CAPPING events from decorations provider vscode.git 269
[2022-10-22 14:52:00.875] [exthost] [warning] [Decorations] CAPPING events from decorations provider vscode.git 269
[2022-10-22 14:52:05.967] [exthost] [warning] [Decorations] CAPPING events from decorations provider vscode.git 269
[2022-10-22 14:52:11.054] [exthost] [warning] [Decorations] CAPPING events from decorations provider vscode.git 269
[2022-10-22 14:52:16.170] [exthost] [warning] [Decorations] CAPPING events from decorations provider vscode.git 269
[2022-10-22 14:52:21.287] [exthost] [warning] [Decorations] CAPPING events from decorations provider vscode.git 269
[2022-10-22 14:52:26.389] [exthost] [warning] [Decorations] CAPPING events from decorations provider vscode.git 269
[2022-10-22 14:52:31.506] [exthost] [warning] [Decorations] CAPPING events from decorations provider vscode.git 271
[2022-10-22 14:52:36.608] [exthost] [warning] [Decorations] CAPPING events from decorations provider vscode.git 271
[2022-10-22 14:52:41.722] [exthost] [warning] [Decorations] CAPPING events from decorations provider vscode.git 273
[2022-10-22 14:52:46.825] [exthost] [warning] [Decorations] CAPPING events from decorations provider vscode.git 273
[2022-10-22 14:52:51.919] [exthost] [warning] [Decorations] CAPPING events from decorations provider vscode.git 273
[2022-10-22 14:52:57.015] [exthost] [warning] [Decorations] CAPPING events from decorations provider vscode.git 273
[2022-10-22 14:53:02.125] [exthost] [warning] [Decorations] CAPPING events from decorations provider vscode.git 273
[2022-10-22 14:53:07.227] [exthost] [warning] [Decorations] CAPPING events from decorations provider vscode.git 273
[2022-10-22 14:53:12.322] [exthost] [warning] [Decorations] CAPPING events from decorations provider vscode.git 273
[2022-10-22 14:53:17.413] [exthost] [warning] [Decorations] CAPPING events from decorations provider vscode.git 273
[2022-10-22 14:53:22.512] [exthost] [warning] [Decorations] CAPPING events from decorations provider vscode.git 273
[2022-10-22 14:53:27.625] [exthost] [warning] [Decorations] CAPPING events from decorations provider vscode.git 273
[2022-10-22 14:53:32.734] [exthost] [warning] [Decorations] CAPPING events from decorations provider vscode.git 273
[2022-10-22 14:53:37.831] [exthost] [warning] [Decorations] CAPPING events from decorations provider vscode.git 273
[2022-10-22 14:53:42.504] [exthost] [warning] [Decorations] CAPPING events from decorations provider vscode.git 273
[2022-10-22 14:53:42.947] [exthost] [warning] [Decorations] CAPPING events from decorations provider vscode.git 273
[2022-10-22 14:53:48.048] [exthost] [warning] [Decorations] CAPPING events from decorations provider vscode.git 273
[2022-10-22 14:53:53.144] [exthost] [warning] [Decorations] CAPPING events from decorations provider vscode.git 273
[2022-10-22 14:53:58.237] [exthost] [warning] [Decorations] CAPPING events from decorations provider vscode.git 273
[2022-10-22 14:54:03.324] [exthost] [warning] [Decorations] CAPPING events from decorations provider vscode.git 273
[2022-10-22 14:54:08.705] [exthost] [warning] [Decorations] CAPPING events from decorations provider vscode.git 275
[2022-10-22 14:54:13.811] [exthost] [warning] [Decorations] CAPPING events from decorations provider vscode.git 275
[2022-10-22 14:54:18.912] [exthost] [warning] [Decorations] CAPPING events from decorations provider vscode.git 275
[2022-10-22 14:54:24.007] [exthost] [warning] [Decorations] CAPPING events from decorations provider vscode.git 275
[2022-10-22 14:54:29.131] [exthost] [warning] [Decorations] CAPPING events from decorations provider vscode.git 275
[2022-10-22 14:54:34.229] [exthost] [warning] [Decorations] CAPPING events from decorations provider vscode.git 277
[2022-10-22 14:54:39.327] [exthost] [warning] [Decorations] CAPPING events from decorations provider vscode.git 277
[2022-10-22 14:54:44.417] [exthost] [warning] [Decorations] CAPPING events from decorations provider vscode.git 279
[2022-10-22 14:54:49.512] [exthost] [warning] [Decorations] CAPPING events from decorations provider vscode.git 279
[2022-10-22 14:54:54.617] [exthost] [warning] [Decorations] CAPPING events from decorations provider vscode.git 279
[2022-10-22 14:54:59.708] [exthost] [warning] [Decorations] CAPPING events from decorations provider vscode.git 279
[2022-10-22 14:55:04.825] [exthost] [warning] [Decorations] CAPPING events from decorations provider vscode.git 279
[2022-10-22 14:55:09.920] [exthost] [warning] [Decorations] CAPPING events from decorations provider vscode.git 279
[2022-10-22 14:55:15.017] [exthost] [warning] [Decorations] CAPPING events from decorations provider vscode.git 281
[2022-10-22 14:55:20.111] [exthost] [warning] [Decorations] CAPPING events from decorations provider vscode.git 281
[2022-10-22 14:55:25.207] [exthost] [warning] [Decorations] CAPPING events from decorations provider vscode.git 283
[2022-10-22 14:55:30.299] [exthost] [warning] [Decorations] CAPPING events from decorations provider vscode.git 283
[2022-10-22 14:55:35.393] [exthost] [warning] [Decorations] CAPPING events from decorations provider vscode.git 283
[2022-10-22 14:55:40.501] [exthost] [warning] [Decorations] CAPPING events from decorations provider vscode.git 283
[2022-10-22 14:55:45.609] [exthost] [warning] [Decorations] CAPPING events from decorations provider vscode.git 285
[2022-10-22 14:55:50.704] [exthost] [warning] [Decorations] CAPPING events from decorations provider vscode.git 285
[2022-10-22 14:55:55.818] [exthost] [warning] [Decorations] CAPPING events from decorations provider vscode.git 287
[2022-10-22 14:56:00.917] [exthost] [warning] [Decorations] CAPPING events from decorations provider vscode.git 287
[2022-10-22 14:56:06.017] [exthost] [warning] [Decorations] CAPPING events from decorations provider vscode.git 287
[2022-10-22 14:56:11.127] [exthost] [warning] [Decorations] CAPPING events from decorations provider vscode.git 287
[2022-10-22 14:56:16.226] [exthost] [warning] [Decorations] CAPPING events from decorations provider vscode.git 287
[2022-10-22 14:56:21.331] [exthost] [warning] [Decorations] CAPPING events from decorations provider vscode.git 287
[2022-10-22 14:56:26.428] [exthost] [warning] [Decorations] CAPPING events from decorations provider vscode.git 287
[2022-10-22 14:56:31.524] [exthost] [warning] [Decorations] CAPPING events from decorations provider vscode.git 287
[2022-10-22 14:56:36.641] [exthost] [warning] [Decorations] CAPPING events from decorations provider vscode.git 287
[2022-10-22 14:56:41.734] [exthost] [warning] [Decorations] CAPPING events from decorations provider vscode.git 287
[2022-10-22 14:56:43.074] [exthost] [warning] [Decorations] CAPPING events from decorations provider vscode.git 287
[2022-10-22 14:56:46.831] [exthost] [warning] [Decorations] CAPPING events from decorations provider vscode.git 287
[2022-10-22 14:56:51.948] [exthost] [warning] [Decorations] CAPPING events from decorations provider vscode.git 287
[2022-10-22 14:56:57.066] [exthost] [warning] [Decorations] CAPPING events from decorations provider vscode.git 289
[2022-10-22 14:57:02.175] [exthost] [warning] [Decorations] CAPPING events from decorations provider vscode.git 289
[2022-10-22 14:57:07.267] [exthost] [warning] [Decorations] CAPPING events from decorations provider vscode.git 289
[2022-10-22 14:57:12.361] [exthost] [warning] [Decorations] CAPPING events from decorations provider vscode.git 289
[2022-10-22 14:57:17.467] [exthost] [warning] [Decorations] CAPPING events from decorations provider vscode.git 289
[2022-10-22 14:57:22.575] [exthost] [warning] [Decorations] CAPPING events from decorations provider vscode.git 289
[2022-10-22 14:57:27.673] [exthost] [warning] [Decorations] CAPPING events from decorations provider vscode.git 289
[2022-10-22 14:57:32.793] [exthost] [warning] [Decorations] CAPPING events from decorations provider vscode.git 289
[2022-10-22 14:57:37.890] [exthost] [warning] [Decorations] CAPPING events from decorations provider vscode.git 289
[2022-10-22 14:57:43.006] [exthost] [warning] [Decorations] CAPPING events from decorations provider vscode.git 289
[2022-10-22 14:57:48.107] [exthost] [warning] [Decorations] CAPPING events from decorations provider vscode.git 291
[2022-10-22 14:57:53.201] [exthost] [warning] [Decorations] CAPPING events from decorations provider vscode.git 291
[2022-10-22 14:57:58.327] [exthost] [warning] [Decorations] CAPPING events from decorations provider vscode.git 293
[2022-10-22 14:58:03.435] [exthost] [warning] [Decorations] CAPPING events from decorations provider vscode.git 293
[2022-10-22 14:58:08.535] [exthost] [warning] [Decorations] CAPPING events from decorations provider vscode.git 293
[2022-10-22 14:58:13.631] [exthost] [warning] [Decorations] CAPPING events from decorations provider vscode.git 293
[2022-10-22 14:58:18.719] [exthost] [warning] [Decorations] CAPPING events from decorations provider vscode.git 293
[2022-10-22 14:58:23.814] [exthost] [warning] [Decorations] CAPPING events from decorations provider vscode.git 293
[2022-10-22 14:58:29.237] [exthost] [warning] [Decorations] CAPPING events from decorations provider vscode.git 293
[2022-10-22 14:58:38.077] [exthost] [warning] [Decorations] CAPPING events from decorations provider vscode.git 293
[2022-10-22 14:58:43.977] [exthost] [warning] [Decorations] CAPPING events from decorations provider vscode.git 293
[2022-10-22 14:58:50.819] [exthost] [warning] [Decorations] CAPPING events from decorations provider vscode.git 293
[2022-10-22 15:00:59.974] [exthost] [warning] [Decorations] CAPPING events from decorations provider vscode.git 293
[2022-10-22 15:01:00.317] [exthost] [warning] [Decorations] CAPPING events from decorations provider vscode.git 293
[2022-10-22 15:01:05.076] [exthost] [warning] [Decorations] CAPPING events from decorations provider vscode.git 293
[2022-10-22 15:01:10.169] [exthost] [warning] [Decorations] CAPPING events from decorations provider vscode.git 293
[2022-10-22 15:01:15.262] [exthost] [warning] [Decorations] CAPPING events from decorations provider vscode.git 293
[2022-10-22 15:01:20.357] [exthost] [warning] [Decorations] CAPPING events from decorations provider vscode.git 295
[2022-10-22 15:01:25.455] [exthost] [warning] [Decorations] CAPPING events from decorations provider vscode.git 295
[2022-10-22 15:01:30.554] [exthost] [warning] [Decorations] CAPPING events from decorations provider vscode.git 297
[2022-10-22 15:01:35.640] [exthost] [warning] [Decorations] CAPPING events from decorations provider vscode.git 297
[2022-10-22 15:01:43.037] [exthost] [warning] [Decorations] CAPPING events from decorations provider vscode.git 297
[2022-10-22 15:01:48.127] [exthost] [warning] [Decorations] CAPPING events from decorations provider vscode.git 297
[2022-10-22 15:01:53.219] [exthost] [warning] [Decorations] CAPPING events from decorations provider vscode.git 297
[2022-10-22 15:01:58.312] [exthost] [warning] [Decorations] CAPPING events from decorations provider vscode.git 297
[2022-10-22 15:02:03.407] [exthost] [warning] [Decorations] CAPPING events from decorations provider vscode.git 297
[2022-10-22 15:02:08.505] [exthost] [warning] [Decorations] CAPPING events from decorations provider vscode.git 297
[2022-10-22 15:02:13.611] [exthost] [warning] [Decorations] CAPPING events from decorations provider vscode.git 299
[2022-10-22 15:02:18.707] [exthost] [warning] [Decorations] CAPPING events from decorations provider vscode.git 299
[2022-10-22 15:02:23.804] [exthost] [warning] [Decorations] CAPPING events from decorations provider vscode.git 301
[2022-10-22 15:02:28.896] [exthost] [warning] [Decorations] CAPPING events from decorations provider vscode.git 301
[2022-10-22 15:02:34.086] [exthost] [warning] [Decorations] CAPPING events from decorations provider vscode.git 301
[2022-10-22 15:02:39.184] [exthost] [warning] [Decorations] CAPPING events from decorations provider vscode.git 301
[2022-10-22 15:02:44.279] [exthost] [warning] [Decorations] CAPPING events from decorations provider vscode.git 303
[2022-10-22 15:02:49.379] [exthost] [warning] [Decorations] CAPPING events from decorations provider vscode.git 303
[2022-10-22 15:02:54.472] [exthost] [warning] [Decorations] CAPPING events from decorations provider vscode.git 303
[2022-10-22 15:02:59.561] [exthost] [warning] [Decorations] CAPPING events from decorations provider vscode.git 305
[2022-10-22 15:03:04.668] [exthost] [warning] [Decorations] CAPPING events from decorations provider vscode.git 305
[2022-10-22 15:03:09.757] [exthost] [warning] [Decorations] CAPPING events from decorations provider vscode.git 305
[2022-10-22 15:03:14.849] [exthost] [warning] [Decorations] CAPPING events from decorations provider vscode.git 305
[2022-10-22 15:03:19.944] [exthost] [warning] [Decorations] CAPPING events from decorations provider vscode.git 305
[2022-10-22 15:03:25.049] [exthost] [warning] [Decorations] CAPPING events from decorations provider vscode.git 305
[2022-10-22 15:03:30.149] [exthost] [warning] [Decorations] CAPPING events from decorations provider vscode.git 305
[2022-10-22 15:03:35.262] [exthost] [warning] [Decorations] CAPPING events from decorations provider vscode.git 305
[2022-10-22 15:03:40.353] [exthost] [warning] [Decorations] CAPPING events from decorations provider vscode.git 305
[2022-10-22 15:03:45.448] [exthost] [warning] [Decorations] CAPPING events from decorations provider vscode.git 305
[2022-10-22 15:03:50.541] [exthost] [warning] [Decorations] CAPPING events from decorations provider vscode.git 305
[2022-10-22 15:03:55.643] [exthost] [warning] [Decorations] CAPPING events from decorations provider vscode.git 305
[2022-10-22 15:04:00.802] [exthost] [warning] [Decorations] CAPPING events from decorations provider vscode.git 305
[2022-10-22 15:04:00.958] [exthost] [warning] [Decorations] CAPPING events from decorations provider vscode.git 305
[2022-10-22 15:04:06.213] [exthost] [warning] [Decorations] CAPPING events from decorations provider vscode.git 306
[2022-10-22 15:04:11.309] [exthost] [warning] [Decorations] CAPPING events from decorations provider vscode.git 306
[2022-10-22 15:04:16.423] [exthost] [warning] [Decorations] CAPPING events from decorations provider vscode.git 307
[2022-10-22 15:04:21.542] [exthost] [warning] [Decorations] CAPPING events from decorations provider vscode.git 307
[2022-10-22 15:04:26.666] [exthost] [warning] [Decorations] CAPPING events from decorations provider vscode.git 307
[2022-10-22 15:04:31.767] [exthost] [warning] [Decorations] CAPPING events from decorations provider vscode.git 307
[2022-10-22 15:04:36.875] [exthost] [warning] [Decorations] CAPPING events from decorations provider vscode.git 308
[2022-10-22 15:04:41.971] [exthost] [warning] [Decorations] CAPPING events from decorations provider vscode.git 308
[2022-10-22 15:04:47.065] [exthost] [warning] [Decorations] CAPPING events from decorations provider vscode.git 309
[2022-10-22 15:04:52.154] [exthost] [warning] [Decorations] CAPPING events from decorations provider vscode.git 309
[2022-10-22 15:04:57.244] [exthost] [warning] [Decorations] CAPPING events from decorations provider vscode.git 309
[2022-10-22 15:05:02.369] [exthost] [warning] [Decorations] CAPPING events from decorations provider vscode.git 310
[2022-10-22 15:05:07.458] [exthost] [warning] [Decorations] CAPPING events from decorations provider vscode.git 311
[2022-10-22 15:05:12.563] [exthost] [warning] [Decorations] CAPPING events from decorations provider vscode.git 312
[2022-10-22 15:05:17.670] [exthost] [warning] [Decorations] CAPPING events from decorations provider vscode.git 312
[2022-10-22 15:05:22.762] [exthost] [warning] [Decorations] CAPPING events from decorations provider vscode.git 312
[2022-10-22 15:05:32.258] [exthost] [warning] [Decorations] CAPPING events from decorations provider vscode.git 314
[2022-10-22 15:05:37.371] [exthost] [warning] [Decorations] CAPPING events from decorations provider vscode.git 314
[2022-10-22 15:05:42.480] [exthost] [warning] [Decorations] CAPPING events from decorations provider vscode.git 314
[2022-10-22 15:05:47.577] [exthost] [warning] [Decorations] CAPPING events from decorations provider vscode.git 314
[2022-10-22 15:05:52.667] [exthost] [warning] [Decorations] CAPPING events from decorations provider vscode.git 314
[2022-10-22 15:05:57.781] [exthost] [warning] [Decorations] CAPPING events from decorations provider vscode.git 314
[2022-10-22 15:06:02.887] [exthost] [warning] [Decorations] CAPPING events from decorations provider vscode.git 314
[2022-10-22 15:06:08.002] [exthost] [warning] [Decorations] CAPPING events from decorations provider vscode.git 314
[2022-10-22 15:06:13.102] [exthost] [warning] [Decorations] CAPPING events from decorations provider vscode.git 314
[2022-10-22 15:06:18.209] [exthost] [warning] [Decorations] CAPPING events from decorations provider vscode.git 316
[2022-10-22 15:06:23.304] [exthost] [warning] [Decorations] CAPPING events from decorations provider vscode.git 316
[2022-10-22 15:06:28.419] [exthost] [warning] [Decorations] CAPPING events from decorations provider vscode.git 316
[2022-10-22 15:06:33.525] [exthost] [warning] [Decorations] CAPPING events from decorations provider vscode.git 316
[2022-10-22 15:06:38.643] [exthost] [warning] [Decorations] CAPPING events from decorations provider vscode.git 318
[2022-10-22 15:06:43.733] [exthost] [warning] [Decorations] CAPPING events from decorations provider vscode.git 318
[2022-10-22 15:06:48.850] [exthost] [warning] [Decorations] CAPPING events from decorations provider vscode.git 318
[2022-10-22 15:06:53.956] [exthost] [warning] [Decorations] CAPPING events from decorations provider vscode.git 318
[2022-10-22 15:06:59.065] [exthost] [warning] [Decorations] CAPPING events from decorations provider vscode.git 318
[2022-10-22 15:07:01.266] [exthost] [warning] [Decorations] CAPPING events from decorations provider vscode.git 318
[2022-10-22 15:07:04.159] [exthost] [warning] [Decorations] CAPPING events from decorations provider vscode.git 318
[2022-10-22 15:07:09.269] [exthost] [warning] [Decorations] CAPPING events from decorations provider vscode.git 318
[2022-10-22 15:07:14.358] [exthost] [warning] [Decorations] CAPPING events from decorations provider vscode.git 318
[2022-10-22 15:07:19.480] [exthost] [warning] [Decorations] CAPPING events from decorations provider vscode.git 320
[2022-10-22 15:07:24.580] [exthost] [warning] [Decorations] CAPPING events from decorations provider vscode.git 320
[2022-10-22 15:07:29.700] [exthost] [warning] [Decorations] CAPPING events from decorations provider vscode.git 320
[2022-10-22 15:07:34.800] [exthost] [warning] [Decorations] CAPPING events from decorations provider vscode.git 320
[2022-10-22 15:07:39.892] [exthost] [warning] [Decorations] CAPPING events from decorations provider vscode.git 320
[2022-10-22 15:07:44.986] [exthost] [warning] [Decorations] CAPPING events from decorations provider vscode.git 322
[2022-10-22 15:07:50.078] [exthost] [warning] [Decorations] CAPPING events from decorations provider vscode.git 322
[2022-10-22 15:07:55.391] [exthost] [warning] [Decorations] CAPPING events from decorations provider vscode.git 323
[2022-10-22 15:08:00.486] [exthost] [warning] [Decorations] CAPPING events from decorations provider vscode.git 324
[2022-10-22 15:08:05.600] [exthost] [warning] [Decorations] CAPPING events from decorations provider vscode.git 324
[2022-10-22 15:08:10.708] [exthost] [warning] [Decorations] CAPPING events from decorations provider vscode.git 326
[2022-10-22 15:08:16.394] [exthost] [warning] [Decorations] CAPPING events from decorations provider vscode.git 326
[2022-10-22 15:08:21.491] [exthost] [warning] [Decorations] CAPPING events from decorations provider vscode.git 328
[2022-10-22 15:08:26.604] [exthost] [warning] [Decorations] CAPPING events from decorations provider vscode.git 328
[2022-10-22 15:08:31.701] [exthost] [warning] [Decorations] CAPPING events from decorations provider vscode.git 328
[2022-10-22 15:08:38.689] [exthost] [warning] [Decorations] CAPPING events from decorations provider vscode.git 328
[2022-10-22 15:08:43.817] [exthost] [warning] [Decorations] CAPPING events from decorations provider vscode.git 328
[2022-10-22 15:08:48.921] [exthost] [warning] [Decorations] CAPPING events from decorations provider vscode.git 328
[2022-10-22 15:08:54.018] [exthost] [warning] [Decorations] CAPPING events from decorations provider vscode.git 328
[2022-10-22 15:08:59.112] [exthost] [warning] [Decorations] CAPPING events from decorations provider vscode.git 328
[2022-10-22 15:09:04.205] [exthost] [warning] [Decorations] CAPPING events from decorations provider vscode.git 328
[2022-10-22 15:09:09.296] [exthost] [warning] [Decorations] CAPPING events from decorations provider vscode.git 328
[2022-10-22 15:09:14.400] [exthost] [warning] [Decorations] CAPPING events from decorations provider vscode.git 328
[2022-10-22 15:09:19.494] [exthost] [warning] [Decorations] CAPPING events from decorations provider vscode.git 328
[2022-10-22 15:09:24.591] [exthost] [warning] [Decorations] CAPPING events from decorations provider vscode.git 328
[2022-10-22 15:09:29.682] [exthost] [warning] [Decorations] CAPPING events from decorations provider vscode.git 328
[2022-10-22 15:09:34.776] [exthost] [warning] [Decorations] CAPPING events from decorations provider vscode.git 328
[2022-10-22 15:09:39.869] [exthost] [warning] [Decorations] CAPPING events from decorations provider vscode.git 328
[2022-10-22 15:09:44.963] [exthost] [warning] [Decorations] CAPPING events from decorations provider vscode.git 328
[2022-10-22 15:09:50.057] [exthost] [warning] [Decorations] CAPPING events from decorations provider vscode.git 328
[2022-10-22 15:09:55.156] [exthost] [warning] [Decorations] CAPPING events from decorations provider vscode.git 328
[2022-10-22 15:10:00.280] [exthost] [warning] [Decorations] CAPPING events from decorations provider vscode.git 328
[2022-10-22 15:10:01.824] [exthost] [warning] [Decorations] CAPPING events from decorations provider vscode.git 328
[2022-10-22 15:10:05.377] [exthost] [warning] [Decorations] CAPPING events from decorations provider vscode.git 328
[2022-10-22 15:10:10.470] [exthost] [warning] [Decorations] CAPPING events from decorations provider vscode.git 328
[2022-10-22 15:10:15.567] [exthost] [warning] [Decorations] CAPPING events from decorations provider vscode.git 328
[2022-10-22 15:10:20.686] [exthost] [warning] [Decorations] CAPPING events from decorations provider vscode.git 328
[2022-10-22 15:10:25.782] [exthost] [warning] [Decorations] CAPPING events from decorations provider vscode.git 328
[2022-10-22 15:10:30.875] [exthost] [warning] [Decorations] CAPPING events from decorations provider vscode.git 328
[2022-10-22 15:10:35.974] [exthost] [warning] [Decorations] CAPPING events from decorations provider vscode.git 328
[2022-10-22 15:10:41.087] [exthost] [warning] [Decorations] CAPPING events from decorations provider vscode.git 330
[2022-10-22 15:10:46.213] [exthost] [warning] [Decorations] CAPPING events from decorations provider vscode.git 330
[2022-10-22 15:10:51.316] [exthost] [warning] [Decorations] CAPPING events from decorations provider vscode.git 330
[2022-10-22 15:10:56.427] [exthost] [warning] [Decorations] CAPPING events from decorations provider vscode.git 330
[2022-10-22 15:11:01.522] [exthost] [warning] [Decorations] CAPPING events from decorations provider vscode.git 330
[2022-10-22 15:11:06.627] [exthost] [warning] [Decorations] CAPPING events from decorations provider vscode.git 330
[2022-10-22 15:11:11.742] [exthost] [warning] [Decorations] CAPPING events from decorations provider vscode.git 330
[2022-10-22 15:11:17.559] [exthost] [warning] [Decorations] CAPPING events from decorations provider vscode.git 330
[2022-10-22 15:11:22.665] [exthost] [warning] [Decorations] CAPPING events from decorations provider vscode.git 332
[2022-10-22 15:11:27.776] [exthost] [warning] [Decorations] CAPPING events from decorations provider vscode.git 332
[2022-10-22 15:11:34.529] [exthost] [warning] [Decorations] CAPPING events from decorations provider vscode.git 332
[2022-10-22 15:11:39.640] [exthost] [warning] [Decorations] CAPPING events from decorations provider vscode.git 332
[2022-10-22 15:11:44.730] [exthost] [warning] [Decorations] CAPPING events from decorations provider vscode.git 332
[2022-10-22 15:11:49.830] [exthost] [warning] [Decorations] CAPPING events from decorations provider vscode.git 332
[2022-10-22 15:11:54.928] [exthost] [warning] [Decorations] CAPPING events from decorations provider vscode.git 332
[2022-10-22 15:12:00.025] [exthost] [warning] [Decorations] CAPPING events from decorations provider vscode.git 334
[2022-10-22 15:12:05.114] [exthost] [warning] [Decorations] CAPPING events from decorations provider vscode.git 334
[2022-10-22 15:12:10.205] [exthost] [warning] [Decorations] CAPPING events from decorations provider vscode.git 334
[2022-10-22 15:12:15.297] [exthost] [warning] [Decorations] CAPPING events from decorations provider vscode.git 334
[2022-10-22 15:12:20.385] [exthost] [warning] [Decorations] CAPPING events from decorations provider vscode.git 334
[2022-10-22 15:12:25.480] [exthost] [warning] [Decorations] CAPPING events from decorations provider vscode.git 334
[2022-10-22 15:12:30.569] [exthost] [warning] [Decorations] CAPPING events from decorations provider vscode.git 334
[2022-10-22 15:12:35.666] [exthost] [warning] [Decorations] CAPPING events from decorations provider vscode.git 334
[2022-10-22 15:12:41.634] [exthost] [warning] [Decorations] CAPPING events from decorations provider vscode.git 336
[2022-10-22 15:12:46.729] [exthost] [warning] [Decorations] CAPPING events from decorations provider vscode.git 336
[2022-10-22 15:12:51.842] [exthost] [warning] [Decorations] CAPPING events from decorations provider vscode.git 338
[2022-10-22 15:12:56.939] [exthost] [warning] [Decorations] CAPPING events from decorations provider vscode.git 338
[2022-10-22 15:13:02.277] [exthost] [warning] [Decorations] CAPPING events from decorations provider vscode.git 340
[2022-10-22 15:13:02.370] [exthost] [warning] [Decorations] CAPPING events from decorations provider vscode.git 340
[2022-10-22 15:13:07.466] [exthost] [warning] [Decorations] CAPPING events from decorations provider vscode.git 340
[2022-10-22 15:13:12.569] [exthost] [warning] [Decorations] CAPPING events from decorations provider vscode.git 340
