[2022-10-22T10:13:00.807Z] Log level: Info
[2022-10-22T10:13:00.828Z] [info] Validating found git in: git
[2022-10-22T10:13:00.954Z] [info] Using git 2.25.1 from git
[2022-10-22T10:13:01.012Z] > git rev-parse --show-toplevel [20ms]
[2022-10-22T10:13:01.038Z] > git rev-parse --git-dir --git-common-dir [2ms]
[2022-10-22T10:13:01.071Z] [info] Open repository: /home/nunoamorim
[2022-10-22T10:13:01.157Z] > git rev-parse --show-toplevel [38ms]
[2022-10-22T10:13:01.169Z] > git rev-parse --show-toplevel [4ms]
[2022-10-22T10:13:01.183Z] > git rev-parse --show-toplevel [2ms]
[2022-10-22T10:13:01.193Z] > git rev-parse --show-toplevel [1ms]
[2022-10-22T10:13:01.204Z] > git rev-parse --show-toplevel [2ms]
[2022-10-22T10:13:01.215Z] > git rev-parse --show-toplevel [3ms]
[2022-10-22T10:13:01.225Z] > git rev-parse --git-dir --git-common-dir [1ms]
[2022-10-22T10:13:01.231Z] [info] Open repository: /home/nunoamorim/.nvm
[2022-10-22T10:13:01.259Z] > git rev-parse --show-toplevel [2ms]
[2022-10-22T10:13:01.266Z] > git status -z -uall [21ms]
[2022-10-22T10:13:01.275Z] > git symbolic-ref --short HEAD [3ms]
[2022-10-22T10:13:01.275Z] fatal: ref HEAD is not a symbolic ref
[2022-10-22T10:13:01.285Z] > git rev-parse --show-toplevel [20ms]
[2022-10-22T10:13:01.293Z] > git rev-parse HEAD [9ms]
[2022-10-22T10:13:01.311Z] > git remote --verbose [3ms]
[2022-10-22T10:13:01.312Z] > git for-each-ref --sort -committerdate --format %(refname) %(objectname) %(*objectname) [11ms]
[2022-10-22T10:13:01.319Z] > git rev-parse --show-toplevel [27ms]
[2022-10-22T10:13:01.343Z] > git config --get commit.template [8ms]
[2022-10-22T10:13:01.358Z] > git status -z -uall [6ms]
[2022-10-22T10:13:01.376Z] > git symbolic-ref --short HEAD [10ms]
[2022-10-22T10:13:01.377Z] fatal: ref HEAD is not a symbolic ref
[2022-10-22T10:13:01.385Z] > git status -z -uall [280ms]
[2022-10-22T10:13:01.398Z] > git rev-parse HEAD [15ms]
[2022-10-22T10:13:01.420Z] > git remote --verbose [8ms]
[2022-10-22T10:13:01.421Z] > git for-each-ref --sort -committerdate --format %(refname) %(objectname) %(*objectname) [16ms]
[2022-10-22T10:13:01.427Z] > git symbolic-ref --short HEAD [30ms]
[2022-10-22T10:13:01.454Z] > git config --get commit.template [3ms]
[2022-10-22T10:13:01.457Z] > git for-each-ref --format=%(refname)%00%(upstream:short)%00%(objectname)%00%(upstream:track)%00%(upstream:remotename)%00%(upstream:remoteref) refs/heads/master refs/remotes/master [19ms]
[2022-10-22T10:13:01.478Z] > git for-each-ref --sort -committerdate --format %(refname) %(objectname) %(*objectname) [11ms]
[2022-10-22T10:13:01.480Z] > git remote --verbose [5ms]
[2022-10-22T10:13:01.511Z] > git config --get commit.template [2ms]
[2022-10-22T10:13:01.699Z] > git status -z -uall [178ms]
[2022-10-22T10:13:01.719Z] > git symbolic-ref --short HEAD [10ms]
[2022-10-22T10:13:01.734Z] > git for-each-ref --format=%(refname)%00%(upstream:short)%00%(objectname)%00%(upstream:track)%00%(upstream:remotename)%00%(upstream:remoteref) refs/heads/master refs/remotes/master [3ms]
[2022-10-22T10:13:01.775Z] > git remote --verbose [5ms]
[2022-10-22T10:13:01.776Z] > git for-each-ref --sort -committerdate --format %(refname) %(objectname) %(*objectname) [22ms]
[2022-10-22T10:13:01.954Z] > git show --textconv :ITI/index.html [156ms]
[2022-10-22T10:13:01.954Z] > git check-ignore -v -z --stdin [41ms]
[2022-10-22T10:13:01.957Z] > git check-ignore -v -z --stdin [29ms]
[2022-10-22T10:13:01.999Z] > git config --get commit.template [102ms]
[2022-10-22T10:13:02.000Z] > git ls-files --stage -- /home/nunoamorim/ITI/index.html [190ms]
[2022-10-22T10:13:02.019Z] > git cat-file -s 122048ccbb1bcc55986819da012c1051351431de [11ms]
[2022-10-22T10:13:02.020Z] > git fetch [926ms]
[2022-10-22T10:13:02.208Z] > git status -z -uall [181ms]
[2022-10-22T10:13:02.222Z] > git symbolic-ref --short HEAD [6ms]
[2022-10-22T10:13:02.238Z] > git for-each-ref --format=%(refname)%00%(upstream:short)%00%(objectname)%00%(upstream:track)%00%(upstream:remotename)%00%(upstream:remoteref) refs/heads/master refs/remotes/master [6ms]
[2022-10-22T10:13:02.257Z] > git remote --verbose [3ms]
[2022-10-22T10:13:02.258Z] > git for-each-ref --sort -committerdate --format %(refname) %(objectname) %(*objectname) [12ms]
[2022-10-22T10:13:02.271Z] > git config --get commit.template [1ms]
[2022-10-22T10:13:02.329Z] > git fetch [1090ms]
[2022-10-22T10:13:02.357Z] > git status -z -uall [21ms]
[2022-10-22T10:13:02.412Z] > git symbolic-ref --short HEAD [48ms]
[2022-10-22T10:13:02.412Z] fatal: ref HEAD is not a symbolic ref
[2022-10-22T10:13:02.422Z] > git rev-parse HEAD [2ms]
[2022-10-22T10:13:02.441Z] > git for-each-ref --sort -committerdate --format %(refname) %(objectname) %(*objectname) [11ms]
[2022-10-22T10:13:02.442Z] > git remote --verbose [4ms]
[2022-10-22T10:13:02.466Z] > git config --get commit.template [13ms]
[2022-10-22T10:13:04.007Z] > git config --local branch.master.github-pr-owner-number [442ms]
[2022-10-22T10:13:04.048Z] > git status -z -uall [48ms]
[2022-10-22T10:13:04.083Z] > git symbolic-ref --short HEAD [26ms]
[2022-10-22T10:13:04.083Z] fatal: ref HEAD is not a symbolic ref
[2022-10-22T10:13:04.097Z] > git ls-files --stage -- /home/nunoamorim/ITI/index.html [29ms]
[2022-10-22T10:13:04.106Z] > git rev-parse HEAD [15ms]
[2022-10-22T10:13:04.125Z] > git remote --verbose [5ms]
[2022-10-22T10:13:04.126Z] > git for-each-ref --sort -committerdate --format %(refname) %(objectname) %(*objectname) [12ms]
[2022-10-22T10:13:04.180Z] > git cat-file -s 122048ccbb1bcc55986819da012c1051351431de [75ms]
[2022-10-22T10:13:04.269Z] > git config --get commit.template [71ms]
[2022-10-22T10:13:04.275Z] > git show --textconv :ITI/index.html [9ms]
[2022-10-22T10:13:13.552Z] > git show --textconv :ITI/server.js [15ms]
[2022-10-22T10:13:13.557Z] > git ls-files --stage -- /home/nunoamorim/ITI/server.js [7ms]
[2022-10-22T10:13:13.568Z] > git cat-file -s e01f6f3d121339e7203a40e9b53bf7a7afb0648d [2ms]
[2022-10-22T10:13:14.858Z] > git status -z -uall [142ms]
[2022-10-22T10:13:14.872Z] > git symbolic-ref --short HEAD [3ms]
[2022-10-22T10:13:14.885Z] > git for-each-ref --format=%(refname)%00%(upstream:short)%00%(objectname)%00%(upstream:track)%00%(upstream:remotename)%00%(upstream:remoteref) refs/heads/master refs/remotes/master [2ms]
[2022-10-22T10:13:14.908Z] > git for-each-ref --sort -committerdate --format %(refname) %(objectname) %(*objectname) [12ms]
[2022-10-22T10:13:14.910Z] > git remote --verbose [5ms]
[2022-10-22T10:13:14.929Z] > git config --get commit.template [2ms]
[2022-10-22T10:13:20.156Z] > git status -z -uall [208ms]
[2022-10-22T10:13:20.175Z] > git symbolic-ref --short HEAD [3ms]
[2022-10-22T10:13:20.195Z] > git for-each-ref --format=%(refname)%00%(upstream:short)%00%(objectname)%00%(upstream:track)%00%(upstream:remotename)%00%(upstream:remoteref) refs/heads/master refs/remotes/master [4ms]
[2022-10-22T10:13:20.235Z] > git remote --verbose [5ms]
[2022-10-22T10:13:20.236Z] > git for-each-ref --sort -committerdate --format %(refname) %(objectname) %(*objectname) [23ms]
[2022-10-22T10:13:20.266Z] > git config --get commit.template [3ms]
[2022-10-22T10:13:25.540Z] > git status -z -uall [249ms]
[2022-10-22T10:13:25.567Z] > git symbolic-ref --short HEAD [4ms]
[2022-10-22T10:13:25.598Z] > git for-each-ref --format=%(refname)%00%(upstream:short)%00%(objectname)%00%(upstream:track)%00%(upstream:remotename)%00%(upstream:remoteref) refs/heads/master refs/remotes/master [7ms]
[2022-10-22T10:13:25.647Z] > git for-each-ref --sort -committerdate --format %(refname) %(objectname) %(*objectname) [27ms]
[2022-10-22T10:13:25.648Z] > git remote --verbose [5ms]
[2022-10-22T10:13:25.682Z] > git config --get commit.template [3ms]
[2022-10-22T10:13:30.950Z] > git status -z -uall [242ms]
[2022-10-22T10:13:30.961Z] > git symbolic-ref --short HEAD [2ms]
[2022-10-22T10:13:30.972Z] > git for-each-ref --format=%(refname)%00%(upstream:short)%00%(objectname)%00%(upstream:track)%00%(upstream:remotename)%00%(upstream:remoteref) refs/heads/master refs/remotes/master [2ms]
[2022-10-22T10:13:30.992Z] > git remote --verbose [3ms]
[2022-10-22T10:13:30.993Z] > git for-each-ref --sort -committerdate --format %(refname) %(objectname) %(*objectname) [12ms]
[2022-10-22T10:13:31.011Z] > git config --get commit.template [2ms]
[2022-10-22T10:13:36.214Z] > git status -z -uall [178ms]
[2022-10-22T10:13:36.223Z] > git symbolic-ref --short HEAD [2ms]
[2022-10-22T10:13:36.231Z] > git for-each-ref --format=%(refname)%00%(upstream:short)%00%(objectname)%00%(upstream:track)%00%(upstream:remotename)%00%(upstream:remoteref) refs/heads/master refs/remotes/master [1ms]
[2022-10-22T10:13:36.249Z] > git remote --verbose [3ms]
[2022-10-22T10:13:36.250Z] > git for-each-ref --sort -committerdate --format %(refname) %(objectname) %(*objectname) [10ms]
[2022-10-22T10:13:36.266Z] > git config --get commit.template [4ms]
[2022-10-22T10:13:41.449Z] > git status -z -uall [166ms]
[2022-10-22T10:13:41.458Z] > git symbolic-ref --short HEAD [1ms]
[2022-10-22T10:13:41.467Z] > git for-each-ref --format=%(refname)%00%(upstream:short)%00%(objectname)%00%(upstream:track)%00%(upstream:remotename)%00%(upstream:remoteref) refs/heads/master refs/remotes/master [2ms]
[2022-10-22T10:13:41.482Z] > git for-each-ref --sort -committerdate --format %(refname) %(objectname) %(*objectname) [9ms]
[2022-10-22T10:13:41.482Z] > git remote --verbose [2ms]
[2022-10-22T10:13:41.494Z] > git config --get commit.template [1ms]
[2022-10-22T10:13:41.921Z] > git show --textconv :ITI/index.html [26ms]
[2022-10-22T10:13:41.938Z] > git ls-files --stage -- /home/nunoamorim/ITI/index.html [20ms]
[2022-10-22T10:13:41.969Z] > git cat-file -s 122048ccbb1bcc55986819da012c1051351431de [5ms]
[2022-10-22T10:13:46.641Z] > git status -z -uall [132ms]
[2022-10-22T10:13:46.653Z] > git symbolic-ref --short HEAD [2ms]
[2022-10-22T10:13:46.666Z] > git for-each-ref --format=%(refname)%00%(upstream:short)%00%(objectname)%00%(upstream:track)%00%(upstream:remotename)%00%(upstream:remoteref) refs/heads/master refs/remotes/master [2ms]
[2022-10-22T10:13:46.691Z] > git remote --verbose [3ms]
[2022-10-22T10:13:46.691Z] > git for-each-ref --sort -committerdate --format %(refname) %(objectname) %(*objectname) [13ms]
[2022-10-22T10:13:46.713Z] > git config --get commit.template [3ms]
[2022-10-22T10:14:06.097Z] > git status -z -uall [118ms]
[2022-10-22T10:14:06.109Z] > git symbolic-ref --short HEAD [2ms]
[2022-10-22T10:14:06.123Z] > git for-each-ref --format=%(refname)%00%(upstream:short)%00%(objectname)%00%(upstream:track)%00%(upstream:remotename)%00%(upstream:remoteref) refs/heads/master refs/remotes/master [2ms]
[2022-10-22T10:14:06.154Z] > git for-each-ref --sort -committerdate --format %(refname) %(objectname) %(*objectname) [18ms]
[2022-10-22T10:14:06.155Z] > git remote --verbose [7ms]
[2022-10-22T10:14:06.198Z] > git config --get commit.template [4ms]
[2022-10-22T10:14:07.832Z] > git show --textconv :ITI/server.js [18ms]
[2022-10-22T10:14:07.843Z] > git ls-files --stage -- /home/nunoamorim/ITI/server.js [15ms]
[2022-10-22T10:14:07.863Z] > git cat-file -s e01f6f3d121339e7203a40e9b53bf7a7afb0648d [6ms]
[2022-10-22T10:14:11.388Z] > git status -z -uall [165ms]
[2022-10-22T10:14:11.398Z] > git symbolic-ref --short HEAD [1ms]
[2022-10-22T10:14:11.409Z] > git for-each-ref --format=%(refname)%00%(upstream:short)%00%(objectname)%00%(upstream:track)%00%(upstream:remotename)%00%(upstream:remoteref) refs/heads/master refs/remotes/master [2ms]
[2022-10-22T10:14:11.436Z] > git remote --verbose [5ms]
[2022-10-22T10:14:11.437Z] > git for-each-ref --sort -committerdate --format %(refname) %(objectname) %(*objectname) [18ms]
[2022-10-22T10:14:11.477Z] > git config --get commit.template [12ms]
[2022-10-22T10:14:16.649Z] > git status -z -uall [151ms]
[2022-10-22T10:14:16.661Z] > git symbolic-ref --short HEAD [2ms]
[2022-10-22T10:14:16.675Z] > git for-each-ref --format=%(refname)%00%(upstream:short)%00%(objectname)%00%(upstream:track)%00%(upstream:remotename)%00%(upstream:remoteref) refs/heads/master refs/remotes/master [2ms]
[2022-10-22T10:14:16.691Z] > git remote --verbose [2ms]
[2022-10-22T10:14:16.692Z] > git for-each-ref --sort -committerdate --format %(refname) %(objectname) %(*objectname) [10ms]
[2022-10-22T10:14:16.708Z] > git config --get commit.template [2ms]
[2022-10-22T10:14:21.994Z] > git status -z -uall [262ms]
[2022-10-22T10:14:22.017Z] > git symbolic-ref --short HEAD [4ms]
[2022-10-22T10:14:22.041Z] > git for-each-ref --format=%(refname)%00%(upstream:short)%00%(objectname)%00%(upstream:track)%00%(upstream:remotename)%00%(upstream:remoteref) refs/heads/master refs/remotes/master [5ms]
[2022-10-22T10:14:22.084Z] > git remote --verbose [6ms]
[2022-10-22T10:14:22.085Z] > git for-each-ref --sort -committerdate --format %(refname) %(objectname) %(*objectname) [25ms]
[2022-10-22T10:14:22.143Z] > git config --get commit.template [17ms]
[2022-10-22T10:14:27.388Z] > git status -z -uall [221ms]
[2022-10-22T10:14:27.399Z] > git symbolic-ref --short HEAD [2ms]
[2022-10-22T10:14:27.412Z] > git for-each-ref --format=%(refname)%00%(upstream:short)%00%(objectname)%00%(upstream:track)%00%(upstream:remotename)%00%(upstream:remoteref) refs/heads/master refs/remotes/master [3ms]
[2022-10-22T10:14:27.430Z] > git for-each-ref --sort -committerdate --format %(refname) %(objectname) %(*objectname) [10ms]
[2022-10-22T10:14:27.431Z] > git remote --verbose [3ms]
[2022-10-22T10:14:27.449Z] > git config --get commit.template [2ms]
[2022-10-22T10:14:32.686Z] > git status -z -uall [217ms]
[2022-10-22T10:14:32.709Z] > git symbolic-ref --short HEAD [4ms]
[2022-10-22T10:14:32.733Z] > git for-each-ref --format=%(refname)%00%(upstream:short)%00%(objectname)%00%(upstream:track)%00%(upstream:remotename)%00%(upstream:remoteref) refs/heads/master refs/remotes/master [5ms]
[2022-10-22T10:14:32.778Z] > git remote --verbose [7ms]
[2022-10-22T10:14:32.780Z] > git for-each-ref --sort -committerdate --format %(refname) %(objectname) %(*objectname) [25ms]
[2022-10-22T10:14:32.819Z] > git config --get commit.template [5ms]
[2022-10-22T10:14:38.100Z] > git status -z -uall [257ms]
[2022-10-22T10:14:38.110Z] > git symbolic-ref --short HEAD [3ms]
[2022-10-22T10:14:38.120Z] > git for-each-ref --format=%(refname)%00%(upstream:short)%00%(objectname)%00%(upstream:track)%00%(upstream:remotename)%00%(upstream:remoteref) refs/heads/master refs/remotes/master [2ms]
[2022-10-22T10:14:38.136Z] > git remote --verbose [4ms]
[2022-10-22T10:14:38.136Z] > git for-each-ref --sort -committerdate --format %(refname) %(objectname) %(*objectname) [10ms]
[2022-10-22T10:14:38.148Z] > git config --get commit.template [1ms]
[2022-10-22T10:14:43.385Z] > git status -z -uall [214ms]
[2022-10-22T10:14:43.407Z] > git symbolic-ref --short HEAD [4ms]
[2022-10-22T10:14:43.429Z] > git for-each-ref --format=%(refname)%00%(upstream:short)%00%(objectname)%00%(upstream:track)%00%(upstream:remotename)%00%(upstream:remoteref) refs/heads/master refs/remotes/master [4ms]
[2022-10-22T10:14:43.466Z] > git remote --verbose [4ms]
[2022-10-22T10:14:43.470Z] > git for-each-ref --sort -committerdate --format %(refname) %(objectname) %(*objectname) [24ms]
[2022-10-22T10:14:43.505Z] > git config --get commit.template [3ms]
[2022-10-22T10:14:48.698Z] > git status -z -uall [169ms]
[2022-10-22T10:14:48.707Z] > git symbolic-ref --short HEAD [1ms]
[2022-10-22T10:14:48.714Z] > git for-each-ref --format=%(refname)%00%(upstream:short)%00%(objectname)%00%(upstream:track)%00%(upstream:remotename)%00%(upstream:remoteref) refs/heads/master refs/remotes/master [1ms]
[2022-10-22T10:14:48.733Z] > git for-each-ref --sort -committerdate --format %(refname) %(objectname) %(*objectname) [12ms]
[2022-10-22T10:14:48.737Z] > git remote --verbose [6ms]
[2022-10-22T10:14:48.752Z] > git config --get commit.template [1ms]
[2022-10-22T10:15:01.127Z] > git status -z -uall [238ms]
[2022-10-22T10:15:01.149Z] > git symbolic-ref --short HEAD [5ms]
[2022-10-22T10:15:01.171Z] > git for-each-ref --format=%(refname)%00%(upstream:short)%00%(objectname)%00%(upstream:track)%00%(upstream:remotename)%00%(upstream:remoteref) refs/heads/master refs/remotes/master [4ms]
[2022-10-22T10:15:01.208Z] > git remote --verbose [4ms]
[2022-10-22T10:15:01.209Z] > git for-each-ref --sort -committerdate --format %(refname) %(objectname) %(*objectname) [21ms]
[2022-10-22T10:15:01.259Z] > git config --get commit.template [4ms]
[2022-10-22T10:15:06.556Z] > git status -z -uall [277ms]
[2022-10-22T10:15:06.585Z] > git symbolic-ref --short HEAD [6ms]
[2022-10-22T10:15:06.624Z] > git for-each-ref --format=%(refname)%00%(upstream:short)%00%(objectname)%00%(upstream:track)%00%(upstream:remotename)%00%(upstream:remoteref) refs/heads/master refs/remotes/master [5ms]
[2022-10-22T10:15:06.650Z] > git remote --verbose [2ms]
[2022-10-22T10:15:06.650Z] > git for-each-ref --sort -committerdate --format %(refname) %(objectname) %(*objectname) [14ms]
[2022-10-22T10:15:06.686Z] > git config --get commit.template [1ms]
[2022-10-22T10:15:11.953Z] > git status -z -uall [244ms]
[2022-10-22T10:15:11.969Z] > git symbolic-ref --short HEAD [3ms]
[2022-10-22T10:15:11.983Z] > git for-each-ref --format=%(refname)%00%(upstream:short)%00%(objectname)%00%(upstream:track)%00%(upstream:remotename)%00%(upstream:remoteref) refs/heads/master refs/remotes/master [2ms]
[2022-10-22T10:15:11.999Z] > git remote --verbose [1ms]
[2022-10-22T10:15:12.000Z] > git for-each-ref --sort -committerdate --format %(refname) %(objectname) %(*objectname) [8ms]
[2022-10-22T10:15:12.019Z] > git config --get commit.template [1ms]
[2022-10-22T10:15:19.780Z] > git status -z -uall [186ms]
[2022-10-22T10:15:19.788Z] > git symbolic-ref --short HEAD [2ms]
[2022-10-22T10:15:19.799Z] > git for-each-ref --format=%(refname)%00%(upstream:short)%00%(objectname)%00%(upstream:track)%00%(upstream:remotename)%00%(upstream:remoteref) refs/heads/master refs/remotes/master [3ms]
[2022-10-22T10:15:19.819Z] > git for-each-ref --sort -committerdate --format %(refname) %(objectname) %(*objectname) [11ms]
[2022-10-22T10:15:19.819Z] > git remote --verbose [3ms]
[2022-10-22T10:15:19.868Z] > git config --get commit.template [3ms]
[2022-10-22T10:15:25.185Z] > git status -z -uall [292ms]
[2022-10-22T10:15:25.206Z] > git symbolic-ref --short HEAD [4ms]
[2022-10-22T10:15:25.231Z] > git for-each-ref --format=%(refname)%00%(upstream:short)%00%(objectname)%00%(upstream:track)%00%(upstream:remotename)%00%(upstream:remoteref) refs/heads/master refs/remotes/master [5ms]
[2022-10-22T10:15:25.274Z] > git remote --verbose [5ms]
[2022-10-22T10:15:25.275Z] > git for-each-ref --sort -committerdate --format %(refname) %(objectname) %(*objectname) [24ms]
[2022-10-22T10:15:25.321Z] > git config --get commit.template [3ms]
[2022-10-22T10:15:30.565Z] > git status -z -uall [221ms]
[2022-10-22T10:15:30.573Z] > git symbolic-ref --short HEAD [1ms]
[2022-10-22T10:15:30.583Z] > git for-each-ref --format=%(refname)%00%(upstream:short)%00%(objectname)%00%(upstream:track)%00%(upstream:remotename)%00%(upstream:remoteref) refs/heads/master refs/remotes/master [1ms]
[2022-10-22T10:15:30.597Z] > git remote --verbose [1ms]
[2022-10-22T10:15:30.598Z] > git for-each-ref --sort -committerdate --format %(refname) %(objectname) %(*objectname) [8ms]
[2022-10-22T10:15:30.616Z] > git config --get commit.template [2ms]
[2022-10-22T10:15:35.843Z] > git status -z -uall [207ms]
[2022-10-22T10:15:35.854Z] > git symbolic-ref --short HEAD [2ms]
[2022-10-22T10:15:35.865Z] > git for-each-ref --format=%(refname)%00%(upstream:short)%00%(objectname)%00%(upstream:track)%00%(upstream:remotename)%00%(upstream:remoteref) refs/heads/master refs/remotes/master [2ms]
[2022-10-22T10:15:35.887Z] > git remote --verbose [5ms]
[2022-10-22T10:15:35.887Z] > git for-each-ref --sort -committerdate --format %(refname) %(objectname) %(*objectname) [13ms]
[2022-10-22T10:15:35.912Z] > git config --get commit.template [2ms]
[2022-10-22T10:15:41.199Z] > git status -z -uall [267ms]
[2022-10-22T10:15:41.228Z] > git symbolic-ref --short HEAD [4ms]
[2022-10-22T10:15:41.250Z] > git for-each-ref --format=%(refname)%00%(upstream:short)%00%(objectname)%00%(upstream:track)%00%(upstream:remotename)%00%(upstream:remoteref) refs/heads/master refs/remotes/master [4ms]
[2022-10-22T10:15:41.295Z] > git remote --verbose [6ms]
[2022-10-22T10:15:41.296Z] > git for-each-ref --sort -committerdate --format %(refname) %(objectname) %(*objectname) [26ms]
[2022-10-22T10:15:41.341Z] > git config --get commit.template [3ms]
[2022-10-22T10:18:09.896Z] > git status -z -uall [86ms]
[2022-10-22T10:18:09.902Z] > git symbolic-ref --short HEAD [1ms]
[2022-10-22T10:18:09.909Z] > git for-each-ref --format=%(refname)%00%(upstream:short)%00%(objectname)%00%(upstream:track)%00%(upstream:remotename)%00%(upstream:remoteref) refs/heads/master refs/remotes/master [2ms]
[2022-10-22T10:18:09.922Z] > git remote --verbose [2ms]
[2022-10-22T10:18:09.922Z] > git for-each-ref --sort -committerdate --format %(refname) %(objectname) %(*objectname) [8ms]
[2022-10-22T10:18:09.936Z] > git config --get commit.template [1ms]
[2022-10-22T10:18:10.275Z] > git fetch [512ms]
[2022-10-22T10:18:10.332Z] > git status -z -uall [53ms]
[2022-10-22T10:18:10.337Z] > git symbolic-ref --short HEAD [1ms]
[2022-10-22T10:18:10.344Z] > git for-each-ref --format=%(refname)%00%(upstream:short)%00%(objectname)%00%(upstream:track)%00%(upstream:remotename)%00%(upstream:remoteref) refs/heads/master refs/remotes/master [3ms]
[2022-10-22T10:18:10.354Z] > git remote --verbose [2ms]
[2022-10-22T10:18:10.354Z] > git for-each-ref --sort -committerdate --format %(refname) %(objectname) %(*objectname) [6ms]
[2022-10-22T10:18:10.364Z] > git config --get commit.template [1ms]
[2022-10-22T10:18:10.523Z] > git fetch [730ms]
[2022-10-22T10:18:10.530Z] > git status -z -uall [2ms]
[2022-10-22T10:18:10.535Z] > git symbolic-ref --short HEAD [1ms]
[2022-10-22T10:18:10.535Z] fatal: ref HEAD is not a symbolic ref
[2022-10-22T10:18:10.540Z] > git rev-parse HEAD [1ms]
[2022-10-22T10:18:10.549Z] > git remote --verbose [1ms]
[2022-10-22T10:18:10.549Z] > git for-each-ref --sort -committerdate --format %(refname) %(objectname) %(*objectname) [5ms]
[2022-10-22T10:18:10.557Z] > git config --get commit.template [2ms]
[2022-10-22T10:18:11.632Z] > git status -z -uall [4ms]
[2022-10-22T10:18:11.639Z] > git symbolic-ref --short HEAD [1ms]
[2022-10-22T10:18:11.639Z] fatal: ref HEAD is not a symbolic ref
[2022-10-22T10:18:11.646Z] > git rev-parse HEAD [1ms]
[2022-10-22T10:18:11.655Z] > git remote --verbose [1ms]
[2022-10-22T10:18:11.655Z] > git for-each-ref --sort -committerdate --format %(refname) %(objectname) %(*objectname) [5ms]
[2022-10-22T10:18:11.660Z] > git config --get commit.template [0ms]
[2022-10-22T10:18:11.741Z] > git ls-files --stage -- /home/nunoamorim/ITI/server.js [5ms]
[2022-10-22T10:18:11.748Z] > git cat-file -s e01f6f3d121339e7203a40e9b53bf7a7afb0648d [0ms]
[2022-10-22T10:18:11.766Z] > git show --textconv :ITI/server.js [5ms]
[2022-10-22T10:18:15.011Z] > git status -z -uall [64ms]
[2022-10-22T10:18:15.016Z] > git symbolic-ref --short HEAD [1ms]
[2022-10-22T10:18:15.023Z] > git for-each-ref --format=%(refname)%00%(upstream:short)%00%(objectname)%00%(upstream:track)%00%(upstream:remotename)%00%(upstream:remoteref) refs/heads/master refs/remotes/master [2ms]
[2022-10-22T10:18:15.031Z] > git remote --verbose [1ms]
[2022-10-22T10:18:15.031Z] > git for-each-ref --sort -committerdate --format %(refname) %(objectname) %(*objectname) [4ms]
[2022-10-22T10:18:15.041Z] > git config --get commit.template [0ms]
[2022-10-22T10:18:20.100Z] > git status -z -uall [53ms]
[2022-10-22T10:18:20.105Z] > git symbolic-ref --short HEAD [1ms]
[2022-10-22T10:18:20.111Z] > git for-each-ref --format=%(refname)%00%(upstream:short)%00%(objectname)%00%(upstream:track)%00%(upstream:remotename)%00%(upstream:remoteref) refs/heads/master refs/remotes/master [1ms]
[2022-10-22T10:18:20.124Z] > git remote --verbose [1ms]
[2022-10-22T10:18:20.124Z] > git for-each-ref --sort -committerdate --format %(refname) %(objectname) %(*objectname) [8ms]
[2022-10-22T10:18:20.137Z] > git config --get commit.template [2ms]
[2022-10-22T10:18:31.113Z] > git status -z -uall [60ms]
[2022-10-22T10:18:31.118Z] > git symbolic-ref --short HEAD [1ms]
[2022-10-22T10:18:31.123Z] > git for-each-ref --format=%(refname)%00%(upstream:short)%00%(objectname)%00%(upstream:track)%00%(upstream:remotename)%00%(upstream:remoteref) refs/heads/master refs/remotes/master [1ms]
[2022-10-22T10:18:31.131Z] > git remote --verbose [1ms]
[2022-10-22T10:18:31.131Z] > git for-each-ref --sort -committerdate --format %(refname) %(objectname) %(*objectname) [5ms]
[2022-10-22T10:18:31.141Z] > git config --get commit.template [0ms]
[2022-10-22T10:18:44.839Z] > git status -z -uall [71ms]
[2022-10-22T10:18:44.845Z] > git symbolic-ref --short HEAD [1ms]
[2022-10-22T10:18:44.859Z] > git for-each-ref --format=%(refname)%00%(upstream:short)%00%(objectname)%00%(upstream:track)%00%(upstream:remotename)%00%(upstream:remoteref) refs/heads/master refs/remotes/master [1ms]
[2022-10-22T10:18:44.896Z] > git remote --verbose [1ms]
[2022-10-22T10:18:44.897Z] > git for-each-ref --sort -committerdate --format %(refname) %(objectname) %(*objectname) [21ms]
[2022-10-22T10:18:44.912Z] > git config --get commit.template [1ms]
[2022-10-22T10:19:28.231Z] > git status -z -uall [86ms]
[2022-10-22T10:19:28.236Z] > git symbolic-ref --short HEAD [1ms]
[2022-10-22T10:19:28.243Z] > git for-each-ref --format=%(refname)%00%(upstream:short)%00%(objectname)%00%(upstream:track)%00%(upstream:remotename)%00%(upstream:remoteref) refs/heads/master refs/remotes/master [1ms]
[2022-10-22T10:19:28.254Z] > git remote --verbose [1ms]
[2022-10-22T10:19:28.254Z] > git for-each-ref --sort -committerdate --format %(refname) %(objectname) %(*objectname) [6ms]
[2022-10-22T10:19:28.272Z] > git config --get commit.template [1ms]
[2022-10-22T10:19:33.336Z] > git status -z -uall [56ms]
[2022-10-22T10:19:33.341Z] > git symbolic-ref --short HEAD [1ms]
[2022-10-22T10:19:33.346Z] > git for-each-ref --format=%(refname)%00%(upstream:short)%00%(objectname)%00%(upstream:track)%00%(upstream:remotename)%00%(upstream:remoteref) refs/heads/master refs/remotes/master [1ms]
[2022-10-22T10:19:33.354Z] > git remote --verbose [1ms]
[2022-10-22T10:19:33.354Z] > git for-each-ref --sort -committerdate --format %(refname) %(objectname) %(*objectname) [4ms]
[2022-10-22T10:19:33.375Z] > git config --get commit.template [3ms]
[2022-10-22T10:20:18.425Z] > git status -z -uall [72ms]
[2022-10-22T10:20:18.430Z] > git symbolic-ref --short HEAD [0ms]
[2022-10-22T10:20:18.438Z] > git for-each-ref --format=%(refname)%00%(upstream:short)%00%(objectname)%00%(upstream:track)%00%(upstream:remotename)%00%(upstream:remoteref) refs/heads/master refs/remotes/master [1ms]
[2022-10-22T10:20:18.448Z] > git remote --verbose [1ms]
[2022-10-22T10:20:18.448Z] > git for-each-ref --sort -committerdate --format %(refname) %(objectname) %(*objectname) [5ms]
[2022-10-22T10:20:18.471Z] > git config --get commit.template [6ms]
[2022-10-22T10:20:27.399Z] > git status -z -uall [58ms]
[2022-10-22T10:20:27.405Z] > git symbolic-ref --short HEAD [1ms]
[2022-10-22T10:20:27.410Z] > git for-each-ref --format=%(refname)%00%(upstream:short)%00%(objectname)%00%(upstream:track)%00%(upstream:remotename)%00%(upstream:remoteref) refs/heads/master refs/remotes/master [1ms]
[2022-10-22T10:20:27.419Z] > git remote --verbose [1ms]
[2022-10-22T10:20:27.420Z] > git for-each-ref --sort -committerdate --format %(refname) %(objectname) %(*objectname) [6ms]
[2022-10-22T10:20:27.433Z] > git config --get commit.template [0ms]
[2022-10-22T10:20:51.895Z] > git status -z -uall [90ms]
[2022-10-22T10:20:51.902Z] > git symbolic-ref --short HEAD [1ms]
[2022-10-22T10:20:51.908Z] > git for-each-ref --format=%(refname)%00%(upstream:short)%00%(objectname)%00%(upstream:track)%00%(upstream:remotename)%00%(upstream:remoteref) refs/heads/master refs/remotes/master [1ms]
[2022-10-22T10:20:51.920Z] > git for-each-ref --sort -committerdate --format %(refname) %(objectname) %(*objectname) [6ms]
[2022-10-22T10:20:51.921Z] > git remote --verbose [2ms]
[2022-10-22T10:20:51.935Z] > git config --get commit.template [3ms]
[2022-10-22T10:21:02.311Z] > git status -z -uall [70ms]
[2022-10-22T10:21:02.317Z] > git symbolic-ref --short HEAD [1ms]
[2022-10-22T10:21:02.322Z] > git for-each-ref --format=%(refname)%00%(upstream:short)%00%(objectname)%00%(upstream:track)%00%(upstream:remotename)%00%(upstream:remoteref) refs/heads/master refs/remotes/master [1ms]
[2022-10-22T10:21:02.332Z] > git for-each-ref --sort -committerdate --format %(refname) %(objectname) %(*objectname) [6ms]
[2022-10-22T10:21:02.332Z] > git remote --verbose [1ms]
[2022-10-22T10:21:02.349Z] > git config --get commit.template [1ms]
[2022-10-22T10:21:07.433Z] > git status -z -uall [64ms]
[2022-10-22T10:21:07.437Z] > git symbolic-ref --short HEAD [0ms]
[2022-10-22T10:21:07.442Z] > git for-each-ref --format=%(refname)%00%(upstream:short)%00%(objectname)%00%(upstream:track)%00%(upstream:remotename)%00%(upstream:remoteref) refs/heads/master refs/remotes/master [1ms]
[2022-10-22T10:21:07.451Z] > git remote --verbose [1ms]
[2022-10-22T10:21:07.451Z] > git for-each-ref --sort -committerdate --format %(refname) %(objectname) %(*objectname) [5ms]
[2022-10-22T10:21:07.467Z] > git config --get commit.template [4ms]
[2022-10-22T10:21:18.529Z] > git status -z -uall [64ms]
[2022-10-22T10:21:18.534Z] > git symbolic-ref --short HEAD [1ms]
[2022-10-22T10:21:18.541Z] > git for-each-ref --format=%(refname)%00%(upstream:short)%00%(objectname)%00%(upstream:track)%00%(upstream:remotename)%00%(upstream:remoteref) refs/heads/master refs/remotes/master [2ms]
[2022-10-22T10:21:18.554Z] > git remote --verbose [1ms]
[2022-10-22T10:21:18.554Z] > git for-each-ref --sort -committerdate --format %(refname) %(objectname) %(*objectname) [7ms]
[2022-10-22T10:21:18.574Z] > git config --get commit.template [1ms]
[2022-10-22T10:21:18.813Z] > git fetch [367ms]
[2022-10-22T10:21:18.872Z] > git status -z -uall [54ms]
[2022-10-22T10:21:18.878Z] > git symbolic-ref --short HEAD [1ms]
[2022-10-22T10:21:18.883Z] > git for-each-ref --format=%(refname)%00%(upstream:short)%00%(objectname)%00%(upstream:track)%00%(upstream:remotename)%00%(upstream:remoteref) refs/heads/master refs/remotes/master [1ms]
[2022-10-22T10:21:18.894Z] > git remote --verbose [2ms]
[2022-10-22T10:21:18.894Z] > git for-each-ref --sort -committerdate --format %(refname) %(objectname) %(*objectname) [7ms]
[2022-10-22T10:21:18.906Z] > git config --get commit.template [3ms]
[2022-10-22T10:21:19.244Z] > git fetch [788ms]
[2022-10-22T10:21:19.255Z] > git status -z -uall [4ms]
[2022-10-22T10:21:19.262Z] > git symbolic-ref --short HEAD [1ms]
[2022-10-22T10:21:19.262Z] fatal: ref HEAD is not a symbolic ref
[2022-10-22T10:21:19.268Z] > git rev-parse HEAD [1ms]
[2022-10-22T10:21:19.279Z] > git remote --verbose [1ms]
[2022-10-22T10:21:19.279Z] > git for-each-ref --sort -committerdate --format %(refname) %(objectname) %(*objectname) [6ms]
[2022-10-22T10:21:19.285Z] > git config --get commit.template [0ms]
[2022-10-22T10:21:20.354Z] > git status -z -uall [3ms]
[2022-10-22T10:21:20.360Z] > git symbolic-ref --short HEAD [1ms]
[2022-10-22T10:21:20.360Z] fatal: ref HEAD is not a symbolic ref
[2022-10-22T10:21:20.365Z] > git rev-parse HEAD [0ms]
[2022-10-22T10:21:20.376Z] > git for-each-ref --sort -committerdate --format %(refname) %(objectname) %(*objectname) [6ms]
[2022-10-22T10:21:20.376Z] > git remote --verbose [1ms]
[2022-10-22T10:21:20.386Z] > git config --get commit.template [2ms]
[2022-10-22T10:21:20.487Z] > git ls-files --stage -- /home/nunoamorim/ITI/server.js [4ms]
[2022-10-22T10:21:20.492Z] > git cat-file -s e01f6f3d121339e7203a40e9b53bf7a7afb0648d [1ms]
[2022-10-22T10:21:20.507Z] > git show --textconv :ITI/server.js [4ms]
[2022-10-22T10:21:23.656Z] > git status -z -uall [61ms]
[2022-10-22T10:21:23.664Z] > git symbolic-ref --short HEAD [2ms]
[2022-10-22T10:21:23.669Z] > git for-each-ref --format=%(refname)%00%(upstream:short)%00%(objectname)%00%(upstream:track)%00%(upstream:remotename)%00%(upstream:remoteref) refs/heads/master refs/remotes/master [1ms]
[2022-10-22T10:21:23.680Z] > git remote --verbose [1ms]
[2022-10-22T10:21:23.680Z] > git for-each-ref --sort -committerdate --format %(refname) %(objectname) %(*objectname) [6ms]
[2022-10-22T10:21:23.688Z] > git config --get commit.template [0ms]
[2022-10-22T10:21:29.220Z] > git status -z -uall [66ms]
[2022-10-22T10:21:29.227Z] > git symbolic-ref --short HEAD [1ms]
[2022-10-22T10:21:29.232Z] > git for-each-ref --format=%(refname)%00%(upstream:short)%00%(objectname)%00%(upstream:track)%00%(upstream:remotename)%00%(upstream:remoteref) refs/heads/master refs/remotes/master [0ms]
[2022-10-22T10:21:29.242Z] > git remote --verbose [1ms]
[2022-10-22T10:21:29.242Z] > git for-each-ref --sort -committerdate --format %(refname) %(objectname) %(*objectname) [5ms]
[2022-10-22T10:21:29.251Z] > git config --get commit.template [1ms]
[2022-10-22T10:21:36.297Z] > git status -z -uall [99ms]
[2022-10-22T10:21:36.302Z] > git symbolic-ref --short HEAD [1ms]
[2022-10-22T10:21:36.307Z] > git for-each-ref --format=%(refname)%00%(upstream:short)%00%(objectname)%00%(upstream:track)%00%(upstream:remotename)%00%(upstream:remoteref) refs/heads/master refs/remotes/master [1ms]
[2022-10-22T10:21:36.316Z] > git remote --verbose [1ms]
[2022-10-22T10:21:36.316Z] > git for-each-ref --sort -committerdate --format %(refname) %(objectname) %(*objectname) [4ms]
[2022-10-22T10:21:36.327Z] > git config --get commit.template [1ms]
[2022-10-22T10:22:12.451Z] > git status -z -uall [70ms]
[2022-10-22T10:22:12.457Z] > git symbolic-ref --short HEAD [1ms]
[2022-10-22T10:22:12.463Z] > git for-each-ref --format=%(refname)%00%(upstream:short)%00%(objectname)%00%(upstream:track)%00%(upstream:remotename)%00%(upstream:remoteref) refs/heads/master refs/remotes/master [1ms]
[2022-10-22T10:22:12.474Z] > git for-each-ref --sort -committerdate --format %(refname) %(objectname) %(*objectname) [6ms]
[2022-10-22T10:22:12.474Z] > git remote --verbose [2ms]
[2022-10-22T10:22:12.485Z] > git config --get commit.template [1ms]
[2022-10-22T10:22:17.560Z] > git status -z -uall [63ms]
[2022-10-22T10:22:17.566Z] > git symbolic-ref --short HEAD [1ms]
[2022-10-22T10:22:17.571Z] > git for-each-ref --format=%(refname)%00%(upstream:short)%00%(objectname)%00%(upstream:track)%00%(upstream:remotename)%00%(upstream:remoteref) refs/heads/master refs/remotes/master [1ms]
[2022-10-22T10:22:17.580Z] > git for-each-ref --sort -committerdate --format %(refname) %(objectname) %(*objectname) [5ms]
[2022-10-22T10:22:17.580Z] > git remote --verbose [1ms]
[2022-10-22T10:22:17.589Z] > git config --get commit.template [0ms]
[2022-10-22T10:27:40.973Z] > git status -z -uall [86ms]
[2022-10-22T10:27:40.981Z] > git symbolic-ref --short HEAD [1ms]
[2022-10-22T10:27:40.987Z] > git for-each-ref --format=%(refname)%00%(upstream:short)%00%(objectname)%00%(upstream:track)%00%(upstream:remotename)%00%(upstream:remoteref) refs/heads/master refs/remotes/master [1ms]
[2022-10-22T10:27:41.001Z] > git remote --verbose [1ms]
[2022-10-22T10:27:41.001Z] > git for-each-ref --sort -committerdate --format %(refname) %(objectname) %(*objectname) [8ms]
[2022-10-22T10:27:41.021Z] > git config --get commit.template [1ms]
[2022-10-22T10:27:41.274Z] > git fetch [407ms]
[2022-10-22T10:27:41.383Z] > git status -z -uall [91ms]
[2022-10-22T10:27:41.388Z] > git symbolic-ref --short HEAD [1ms]
[2022-10-22T10:27:41.394Z] > git for-each-ref --format=%(refname)%00%(upstream:short)%00%(objectname)%00%(upstream:track)%00%(upstream:remotename)%00%(upstream:remoteref) refs/heads/master refs/remotes/master [2ms]
[2022-10-22T10:27:41.402Z] > git remote --verbose [1ms]
[2022-10-22T10:27:41.402Z] > git for-each-ref --sort -committerdate --format %(refname) %(objectname) %(*objectname) [4ms]
[2022-10-22T10:27:41.411Z] > git config --get commit.template [0ms]
[2022-10-22T10:27:41.623Z] > git fetch [746ms]
[2022-10-22T10:27:41.632Z] > git status -z -uall [3ms]
[2022-10-22T10:27:41.638Z] > git symbolic-ref --short HEAD [1ms]
[2022-10-22T10:27:41.638Z] fatal: ref HEAD is not a symbolic ref
[2022-10-22T10:27:41.645Z] > git rev-parse HEAD [1ms]
[2022-10-22T10:27:41.655Z] > git remote --verbose [1ms]
[2022-10-22T10:27:41.656Z] > git for-each-ref --sort -committerdate --format %(refname) %(objectname) %(*objectname) [6ms]
[2022-10-22T10:27:41.669Z] > git config --get commit.template [0ms]
[2022-10-22T10:27:42.772Z] > git status -z -uall [3ms]
[2022-10-22T10:27:42.777Z] > git symbolic-ref --short HEAD [1ms]
[2022-10-22T10:27:42.777Z] fatal: ref HEAD is not a symbolic ref
[2022-10-22T10:27:42.782Z] > git rev-parse HEAD [1ms]
[2022-10-22T10:27:42.790Z] > git remote --verbose [1ms]
[2022-10-22T10:27:42.790Z] > git for-each-ref --sort -committerdate --format %(refname) %(objectname) %(*objectname) [5ms]
[2022-10-22T10:27:42.797Z] > git config --get commit.template [1ms]
[2022-10-22T10:27:42.887Z] > git ls-files --stage -- /home/nunoamorim/ITI/server.js [5ms]
[2022-10-22T10:27:42.893Z] > git cat-file -s e01f6f3d121339e7203a40e9b53bf7a7afb0648d [1ms]
[2022-10-22T10:27:42.923Z] > git show --textconv :ITI/server.js [6ms]
