2022-12-19 16:59:06.050 [info] Log level: Info
2022-12-19 16:59:06.050 [info] Validating found git in: "git"
2022-12-19 16:59:06.050 [info] Using git "2.25.1" from "git"
2022-12-19 16:59:06.050 [info] > git rev-parse --show-toplevel [249ms]
2022-12-19 16:59:06.050 [info] > git rev-parse --git-dir --git-common-dir [2ms]
2022-12-19 16:59:06.050 [info] Open repository: /home/nunoamorim
2022-12-19 16:59:06.050 [info] > git rev-parse --show-toplevel [79ms]
2022-12-19 16:59:06.050 [info] > git rev-parse --show-toplevel [11ms]
2022-12-19 16:59:06.050 [info] > git config --get commit.template [95ms]
2022-12-19 16:59:06.050 [info] > git rev-parse --show-toplevel [4ms]
2022-12-19 16:59:06.050 [info] > git for-each-ref --format=%(refname)%00%(upstream:short)%00%(objectname)%00%(upstream:track)%00%(upstream:remotename)%00%(upstream:remoteref) refs/heads/master refs/remotes/master [9ms]
2022-12-19 16:59:06.050 [info] > git rev-parse --show-toplevel [37ms]
2022-12-19 16:59:06.051 [info] > git for-each-ref --sort -committerdate --format %(refname) %(objectname) %(*objectname) [17ms]
2022-12-19 16:59:06.051 [info] > git rev-parse --show-toplevel [4ms]
2022-12-19 16:59:06.051 [info] > git rev-parse --show-toplevel [0ms]
2022-12-19 16:59:06.051 [info] > git rev-parse --show-toplevel [1ms]
2022-12-19 16:59:06.051 [info] > git rev-parse --git-dir --git-common-dir [4ms]
2022-12-19 16:59:06.051 [info] Open repository: /home/nunoamorim/.nvm
2022-12-19 16:59:06.051 [info] > git config --get commit.template [4ms]
2022-12-19 16:59:06.051 [info] > git rev-parse --show-toplevel [17ms]
2022-12-19 16:59:06.051 [info] > git rev-parse --show-toplevel [7ms]
2022-12-19 16:59:06.051 [info] > git status -z -uall [20ms]
2022-12-19 16:59:06.051 [info] > git for-each-ref --sort -committerdate --format %(refname) %(objectname) %(*objectname) [11ms]
2022-12-19 16:59:06.051 [info] > git rev-parse --show-toplevel [36ms]
2022-12-19 16:59:06.052 [info] > git config --get commit.template [3ms]
2022-12-19 16:59:06.052 [info] > git rev-parse --show-toplevel [10ms]
2022-12-19 16:59:06.078 [info] > git for-each-ref --sort -committerdate --format %(refname) %(objectname) %(*objectname) [3ms]
2022-12-19 16:59:06.079 [info] > git status -z -uall [13ms]
2022-12-19 16:59:06.150 [info] > git status -z -uall [277ms] (cancelled)
2022-12-19 16:59:06.608 [info] > git fetch [890ms]
2022-12-19 16:59:06.619 [info] > git check-ignore -v -z --stdin [25ms]
2022-12-19 16:59:06.621 [info] > git check-ignore -v -z --stdin [20ms]
2022-12-19 16:59:06.623 [info] > git config --get commit.template [5ms]
2022-12-19 16:59:06.630 [info] > git for-each-ref --format=%(refname)%00%(upstream:short)%00%(objectname)%00%(upstream:track)%00%(upstream:remotename)%00%(upstream:remoteref) refs/heads/master refs/remotes/master [1ms]
2022-12-19 16:59:06.643 [info] > git for-each-ref --sort -committerdate --format %(refname) %(objectname) %(*objectname) [1ms]
2022-12-19 16:59:06.739 [info] > git show --textconv :ITI2/ITI/docker-compose.yml [16ms]
2022-12-19 16:59:06.743 [info] > git ls-files --stage -- /home/nunoamorim/ITI2/ITI/docker-compose.yml [7ms]
2022-12-19 16:59:06.772 [info] > git fetch [825ms]
2022-12-19 16:59:06.796 [info] > git config --get commit.template [1ms]
2022-12-19 16:59:06.827 [info] > git status -z -uall [17ms]
2022-12-19 16:59:06.829 [info] > git for-each-ref --sort -committerdate --format %(refname) %(objectname) %(*objectname) [3ms]
2022-12-19 16:59:07.131 [info] > git status -z -uall [496ms] (cancelled)
2022-12-19 16:59:08.546 [info] > git config --get commit.template [78ms]
2022-12-19 16:59:08.557 [info] > git for-each-ref --format=%(refname)%00%(upstream:short)%00%(objectname)%00%(upstream:track)%00%(upstream:remotename)%00%(upstream:remoteref) refs/heads/master refs/remotes/master [1ms]
2022-12-19 16:59:08.595 [info] > git for-each-ref --sort -committerdate --format %(refname) %(objectname) %(*objectname) [16ms]
2022-12-19 16:59:09.205 [info] > git config --local branch.master.github-pr-owner-number [271ms]
2022-12-19 16:59:11.025 [info] > git status -z -uall [2457ms] (cancelled)
2022-12-19 16:59:11.458 [info] > git config --get commit.template [4ms]
2022-12-19 16:59:11.489 [info] > git status -z -uall [13ms]
2022-12-19 16:59:11.501 [info] > git for-each-ref --sort -committerdate --format %(refname) %(objectname) %(*objectname) [14ms]
2022-12-19 16:59:11.506 [info] > git ls-files --stage -- /home/nunoamorim/ITI2/ITI/docker-compose.yml [6ms]
2022-12-19 16:59:11.550 [info] > git show --textconv :ITI2/ITI/docker-compose.yml [18ms]
2022-12-19 16:59:14.974 [info] > git check-ignore -v -z --stdin [29ms]
2022-12-19 16:59:17.525 [info] > git ls-files --stage -- /home/nunoamorim/ITI/server.js [50ms]
2022-12-19 16:59:17.544 [info] > git show --textconv :ITI/server.js [95ms]
2022-12-19 16:59:17.548 [info] > git cat-file -s bfa6741355c3b27500a0d7b20273e1636b503364 [4ms]
2022-12-19 16:59:38.618 [info] > git check-ignore -v -z --stdin [68ms]
2022-12-19 16:59:39.661 [info] > git ls-files --stage -- /home/nunoamorim/ITI2/ITI/frontend/server.js [103ms]
2022-12-19 16:59:39.676 [info] > git show --textconv :ITI2/ITI/frontend/server.js [129ms]
2022-12-19 17:02:07.592 [info] > git fetch [745ms]
2022-12-19 17:02:07.601 [info] > git config --get commit.template [1ms]
2022-12-19 17:02:07.613 [info] > git status -z -uall [6ms]
2022-12-19 17:02:07.614 [info] > git for-each-ref --sort -committerdate --format %(refname) %(objectname) %(*objectname) [1ms]
2022-12-19 17:02:08.699 [info] > git config --get commit.template [1ms]
2022-12-19 17:02:08.713 [info] > git status -z -uall [6ms]
2022-12-19 17:02:08.714 [info] > git for-each-ref --sort -committerdate --format %(refname) %(objectname) %(*objectname) [2ms]
2022-12-19 17:05:19.425 [info] > git fetch [739ms]
2022-12-19 17:05:19.436 [info] > git config --get commit.template [1ms]
2022-12-19 17:05:19.451 [info] > git status -z -uall [7ms]
2022-12-19 17:05:19.452 [info] > git for-each-ref --sort -committerdate --format %(refname) %(objectname) %(*objectname) [1ms]
2022-12-19 17:05:20.540 [info] > git config --get commit.template [1ms]
2022-12-19 17:05:20.563 [info] > git status -z -uall [10ms]
2022-12-19 17:05:20.564 [info] > git for-each-ref --sort -committerdate --format %(refname) %(objectname) %(*objectname) [2ms]
2022-12-19 17:06:48.004 [info] > git show --textconv :ITI2/ITI/frontend/Dockerfile [11ms]
2022-12-19 17:06:48.006 [info] > git ls-files --stage -- /home/nunoamorim/ITI2/ITI/frontend/Dockerfile [5ms]
2022-12-19 17:07:07.230 [info] > git check-ignore -v -z --stdin [238ms]
2022-12-19 17:07:08.638 [info] > git check-ignore -v -z --stdin [4ms]
2022-12-19 17:08:20.185 [info] > git fetch [720ms]
2022-12-19 17:08:20.195 [info] > git config --get commit.template [1ms]
2022-12-19 17:08:20.207 [info] > git status -z -uall [6ms]
2022-12-19 17:08:20.208 [info] > git for-each-ref --sort -committerdate --format %(refname) %(objectname) %(*objectname) [2ms]
2022-12-19 17:08:21.290 [info] > git config --get commit.template [3ms]
2022-12-19 17:08:21.310 [info] > git status -z -uall [9ms]
2022-12-19 17:08:21.311 [info] > git for-each-ref --sort -committerdate --format %(refname) %(objectname) %(*objectname) [2ms]
2022-12-19 17:11:21.124 [info] > git fetch [905ms]
2022-12-19 17:11:21.133 [info] > git config --get commit.template [1ms]
2022-12-19 17:11:21.147 [info] > git status -z -uall [6ms]
2022-12-19 17:11:21.148 [info] > git for-each-ref --sort -committerdate --format %(refname) %(objectname) %(*objectname) [1ms]
2022-12-19 17:11:22.226 [info] > git config --get commit.template [1ms]
2022-12-19 17:11:22.242 [info] > git status -z -uall [8ms]
2022-12-19 17:11:22.243 [info] > git for-each-ref --sort -committerdate --format %(refname) %(objectname) %(*objectname) [2ms]
2022-12-19 17:12:15.668 [info] > git show --textconv :ITI2/ITI/frontend/Dockerfile [8ms]
2022-12-19 17:12:15.671 [info] > git ls-files --stage -- /home/nunoamorim/ITI2/ITI/frontend/Dockerfile [3ms]
2022-12-19 17:14:04.919 [info] > git ls-files --stage -- /home/nunoamorim/ITI/package.json [14ms]
2022-12-19 17:14:04.958 [info] > git show --textconv :ITI/package.json [62ms]
2022-12-19 17:14:04.963 [info] > git cat-file -s e9f4ea2f9faa1349625baa53f3a828a4bb995694 [7ms]
2022-12-19 17:14:05.802 [info] > git show --textconv :ITI/server.js [13ms]
2022-12-19 17:14:05.804 [info] > git ls-files --stage -- /home/nunoamorim/ITI/server.js [5ms]
2022-12-19 17:14:05.813 [info] > git cat-file -s bfa6741355c3b27500a0d7b20273e1636b503364 [2ms]
2022-12-19 17:14:21.986 [info] > git fetch [825ms]
2022-12-19 17:14:22.001 [info] > git config --get commit.template [2ms]
2022-12-19 17:14:22.017 [info] > git status -z -uall [8ms]
2022-12-19 17:14:22.018 [info] > git for-each-ref --sort -committerdate --format %(refname) %(objectname) %(*objectname) [2ms]
2022-12-19 17:14:23.106 [info] > git config --get commit.template [1ms]
2022-12-19 17:14:23.120 [info] > git status -z -uall [6ms]
2022-12-19 17:14:23.121 [info] > git for-each-ref --sort -committerdate --format %(refname) %(objectname) %(*objectname) [2ms]
2022-12-19 17:18:42.556 [info] > git fetch [738ms]
2022-12-19 17:18:42.564 [info] > git config --get commit.template [1ms]
2022-12-19 17:18:42.577 [info] > git status -z -uall [7ms]
2022-12-19 17:18:42.577 [info] > git for-each-ref --sort -committerdate --format %(refname) %(objectname) %(*objectname) [1ms]
2022-12-19 17:18:43.676 [info] > git config --get commit.template [1ms]
2022-12-19 17:18:43.690 [info] > git status -z -uall [7ms]
2022-12-19 17:18:43.690 [info] > git for-each-ref --sort -committerdate --format %(refname) %(objectname) %(*objectname) [1ms]
2022-12-19 17:24:06.582 [info] > git fetch [818ms]
2022-12-19 17:24:06.594 [info] > git config --get commit.template [1ms]
2022-12-19 17:24:06.610 [info] > git status -z -uall [9ms]
2022-12-19 17:24:06.610 [info] > git for-each-ref --sort -committerdate --format %(refname) %(objectname) %(*objectname) [1ms]
2022-12-19 17:24:07.703 [info] > git config --get commit.template [4ms]
2022-12-19 17:24:07.725 [info] > git status -z -uall [10ms]
2022-12-19 17:24:07.726 [info] > git for-each-ref --sort -committerdate --format %(refname) %(objectname) %(*objectname) [2ms]
