2022-12-29 13:41:35.445 [info] Log level: Info
2022-12-29 13:41:35.445 [info] Validating found git in: "git"
2022-12-29 13:41:35.446 [info] Using git "2.25.1" from "git"
2022-12-29 13:41:35.446 [info] > git rev-parse --show-toplevel [925ms]
2022-12-29 13:41:35.547 [info] > git rev-parse --git-dir --git-common-dir [155ms]
2022-12-29 13:41:35.599 [info] Open repository: /home/nunoamorim
2022-12-29 13:41:36.260 [info] > git config --get commit.template [588ms]
2022-12-29 13:41:36.261 [info] > git rev-parse --show-toplevel [631ms]
2022-12-29 13:41:36.367 [info] > git rev-parse --show-toplevel [64ms]
2022-12-29 13:41:36.404 [info] > git rev-parse --show-toplevel [21ms]
2022-12-29 13:41:36.583 [info] > git for-each-ref --format=%(refname)%00%(upstream:short)%00%(objectname)%00%(upstream:track)%00%(upstream:remotename)%00%(upstream:remoteref) refs/heads/master refs/remotes/master [182ms]
2022-12-29 13:41:36.857 [info] > git rev-parse --show-toplevel [429ms]
2022-12-29 13:41:36.929 [info] > git check-ignore -v -z --stdin [100ms]
2022-12-29 13:41:36.932 [info] > git for-each-ref --sort -committerdate --format %(refname) %(objectname) %(*objectname) [140ms]
2022-12-29 13:41:36.933 [info] > git rev-parse --show-toplevel [8ms]
2022-12-29 13:41:36.995 [info] > git rev-parse --show-toplevel [2ms]
2022-12-29 13:41:37.042 [info] > git rev-parse --show-toplevel [22ms]
2022-12-29 13:41:37.361 [info] > git rev-parse --git-dir --git-common-dir [295ms]
2022-12-29 13:41:37.484 [info] Open repository: /home/nunoamorim/.nvm
2022-12-29 13:41:37.727 [info] > git config --local branch.master.github-pr-owner-number [368ms]
2022-12-29 13:41:37.820 [info] > git config --get commit.template [213ms]
2022-12-29 13:41:37.820 [info] > git rev-parse --show-toplevel [303ms]
2022-12-29 13:41:37.896 [info] > git rev-parse --show-toplevel [21ms]
2022-12-29 13:41:38.021 [info] > git status -z -uall [38ms]
2022-12-29 13:41:38.022 [info] > git rev-parse --show-toplevel [105ms]
2022-12-29 13:41:38.370 [info] > git rev-parse --show-toplevel [276ms]
2022-12-29 13:41:38.523 [info] > git rev-parse --show-toplevel [110ms]
2022-12-29 13:41:38.612 [info] > git fetch [3013ms]
2022-12-29 13:41:38.619 [info] > git for-each-ref --sort -committerdate --format %(refname) %(objectname) %(*objectname) [599ms]
2022-12-29 13:41:38.715 [info] > git status -z -uall [2005ms] (cancelled)
2022-12-29 13:41:38.716 [info] > git check-ignore -v -z --stdin [278ms]
2022-12-29 13:41:38.716 [info] > git show --textconv :ITI2/frontend/server.js [136ms]
2022-12-29 13:41:38.717 [info] > git ls-files --stage -- /home/nunoamorim/ITI2/frontend/server.js [106ms]
2022-12-29 13:41:38.733 [info] > git config --get commit.template [40ms]
2022-12-29 13:41:38.733 [info] > git config --get commit.template [55ms]
2022-12-29 13:41:38.733 [info] > git config --get commit.template [76ms]
2022-12-29 13:41:38.831 [info] > git status -z -uall [49ms]
2022-12-29 13:41:38.833 [info] > git for-each-ref --format=%(refname)%00%(upstream:short)%00%(objectname)%00%(upstream:track)%00%(upstream:remotename)%00%(upstream:remoteref) refs/heads/master refs/remotes/master [74ms]
2022-12-29 13:41:38.863 [info] > git for-each-ref --format=%(refname)%00%(upstream:short)%00%(objectname)%00%(upstream:track)%00%(upstream:remotename)%00%(upstream:remoteref) refs/heads/master refs/remotes/master [119ms]
2022-12-29 13:41:38.876 [info] > git for-each-ref --sort -committerdate --format %(refname) %(objectname) %(*objectname) [80ms]
2022-12-29 13:41:38.881 [info] > git for-each-ref --sort -committerdate --format %(refname) %(objectname) %(*objectname) [19ms]
2022-12-29 13:41:38.942 [info] > git fetch [1459ms]
2022-12-29 13:41:38.942 [info] From https://github.com/nvm-sh/nvm
   552db40..f36516b  master     -> origin/master
2022-12-29 13:41:38.962 [info] > git config --get commit.template [7ms]
2022-12-29 13:41:39.000 [info] > git status -z -uall [22ms]
2022-12-29 13:41:39.005 [info] > git for-each-ref --sort -committerdate --format %(refname) %(objectname) %(*objectname) [8ms]
2022-12-29 13:41:39.581 [info] > git config --local branch.master.github-pr-owner-number [237ms]
2022-12-29 13:41:40.311 [info] > git config --get commit.template [52ms]
2022-12-29 13:41:40.562 [info] > git status -z -uall [207ms]
2022-12-29 13:41:40.591 [info] > git for-each-ref --sort -committerdate --format %(refname) %(objectname) %(*objectname) [34ms]
2022-12-29 13:41:40.799 [info] > git ls-files --stage -- /home/nunoamorim/ITI2/frontend/server.js [211ms]
2022-12-29 13:41:40.986 [info] > git status -z -uall [2138ms] (cancelled)
2022-12-29 13:41:41.832 [info] > git show --textconv :ITI2/frontend/server.js [7ms]
2022-12-29 13:41:52.789 [info] > git config --local branch.master.github-pr-owner-number [42ms]
2022-12-29 13:42:09.753 [info] > git check-ignore -v -z --stdin [1ms]
2022-12-29 13:42:09.761 [info] > git check-ignore -v -z --stdin [19ms]
2022-12-29 13:43:58.120 [info] > git for-each-ref --format=%(refname)%00%(upstream:short)%00%(objectname)%00%(upstream:track)%00%(upstream:remotename)%00%(upstream:remoteref) refs/heads/master refs/remotes/master [14ms]
2022-12-29 13:43:58.642 [info] > git show -s --format=%H%n%aN%n%aE%n%at%n%ct%n%P%n%D%n%B -z bcff74fe4fdb113d3ffd9502e5ae971f0aa44763 [511ms]
2022-12-29 13:43:59.953 [info] > git for-each-ref --format=%(refname)%00%(upstream:short)%00%(objectname)%00%(upstream:track)%00%(upstream:remotename)%00%(upstream:remoteref) refs/heads/master refs/remotes/master [48ms]
2022-12-29 13:43:59.971 [info] > git for-each-ref --format=%(refname)%00%(upstream:short)%00%(objectname)%00%(upstream:track)%00%(upstream:remotename)%00%(upstream:remoteref) refs/heads/master refs/remotes/master [13ms]
2022-12-29 13:44:00.067 [info] > git show -s --format=%H%n%aN%n%aE%n%at%n%ct%n%P%n%D%n%B -z bcff74fe4fdb113d3ffd9502e5ae971f0aa44763 [91ms]
2022-12-29 13:44:00.788 [info] > git for-each-ref --format=%(refname)%00%(upstream:short)%00%(objectname)%00%(upstream:track)%00%(upstream:remotename)%00%(upstream:remoteref) refs/heads/master refs/remotes/master [1ms]
2022-12-29 13:44:00.810 [info] > git for-each-ref --format=%(refname)%00%(upstream:short)%00%(objectname)%00%(upstream:track)%00%(upstream:remotename)%00%(upstream:remoteref) refs/heads/master refs/remotes/master [12ms]
2022-12-29 13:44:00.815 [info] > git for-each-ref --format=%(refname)%00%(upstream:short)%00%(objectname)%00%(upstream:track)%00%(upstream:remotename)%00%(upstream:remoteref) refs/heads/master refs/remotes/master [22ms]
2022-12-29 13:44:00.888 [info] > git show -s --format=%H%n%aN%n%aE%n%at%n%ct%n%P%n%D%n%B -z bcff74fe4fdb113d3ffd9502e5ae971f0aa44763 [73ms]
2022-12-29 13:44:10.365 [info] > git for-each-ref --format=%(refname)%00%(upstream:short)%00%(objectname)%00%(upstream:track)%00%(upstream:remotename)%00%(upstream:remoteref) refs/heads/master refs/remotes/master [2ms]
