[2022-10-19 17:16:01.381] [exthost] [info] Extension host with pid 338 started
[2022-10-19 17:16:01.403] [exthost] [info] Lock '/home/nunoamorim/.vscode-server/data/User/workspaceStorage/a9f5109e99d391079f85d3e92812567a/vscode.lock': Lock acquired.
[2022-10-19 17:16:01.713] [exthost] [info] ExtensionService#_doActivateExtension vscode.typescript-language-features, startup: false, activationEvent: 'onLanguage:javascript'
[2022-10-19 17:16:01.715] [exthost] [info] ExtensionService#_doActivateExtension vscode.debug-auto-launch, startup: true, activationEvent: '*'
[2022-10-19 17:16:01.716] [exthost] [info] ExtensionService#_doActivateExtension vscode.git-base, startup: true, activationEvent: '*', root cause: vscode.git
[2022-10-19 17:16:01.716] [exthost] [info] ExtensionService#_doActivateExtension vscode.ipynb, startup: true, activationEvent: '*'
[2022-10-19 17:16:02.364] [exthost] [info] ExtensionService#_doActivateExtension vscode.git, startup: true, activationEvent: '*'
[2022-10-19 17:16:02.365] [exthost] [info] ExtensionService#_doActivateExtension vscode.github, startup: true, activationEvent: '*'
[2022-10-19 17:16:03.364] [exthost] [info] ExtensionService#_doActivateExtension GitHub.vscode-pull-request-github, startup: true, activationEvent: '*'
[2022-10-19 17:16:04.849] [exthost] [warning] [Decorations] CAPPING events from decorations provider vscode.git 4655
[2022-10-19 17:16:07.174] [exthost] [warning] [Decorations] CAPPING events from decorations provider vscode.git 4665
[2022-10-19 17:16:11.725] [exthost] [info] ExtensionService#_doActivateExtension vscode.emmet, startup: false, activationEvent: 'onStartupFinished'
[2022-10-19 17:16:11.726] [exthost] [info] ExtensionService#_doActivateExtension vscode.merge-conflict, startup: false, activationEvent: 'onStartupFinished'
[2022-10-19 17:16:11.727] [exthost] [info] ExtensionService#_doActivateExtension ritwickdey.LiveServer, startup: false, activationEvent: 'onStartupFinished'
[2022-10-19 17:16:13.003] [exthost] [info] Eager extensions activated
[2022-10-19 17:16:23.361] [exthost] [warning] [Decorations] CAPPING events from decorations provider vscode.git 4704
[2022-10-19 17:16:25.500] [exthost] [warning] [Decorations] CAPPING events from decorations provider vscode.git 4699
[2022-10-19 17:16:28.565] [exthost] [warning] [Decorations] CAPPING events from decorations provider vscode.git 4699
[2022-10-19 17:16:33.786] [exthost] [warning] [Decorations] CAPPING events from decorations provider vscode.git 4699
[2022-10-19 17:16:39.013] [exthost] [warning] [Decorations] CAPPING events from decorations provider vscode.git 4699
[2022-10-19 17:16:45.152] [exthost] [warning] [Decorations] CAPPING events from decorations provider vscode.git 4701
[2022-10-19 17:16:50.354] [exthost] [warning] [Decorations] CAPPING events from decorations provider vscode.git 4701
[2022-10-19 17:16:55.519] [exthost] [warning] [Decorations] CAPPING events from decorations provider vscode.git 4701
[2022-10-19 17:17:00.686] [exthost] [warning] [Decorations] CAPPING events from decorations provider vscode.git 4701
[2022-10-19 17:17:05.845] [exthost] [warning] [Decorations] CAPPING events from decorations provider vscode.git 4701
[2022-10-19 17:17:11.042] [exthost] [warning] [Decorations] CAPPING events from decorations provider vscode.git 4701
[2022-10-19 17:17:16.269] [exthost] [warning] [Decorations] CAPPING events from decorations provider vscode.git 4701
[2022-10-19 17:17:21.485] [exthost] [warning] [Decorations] CAPPING events from decorations provider vscode.git 4701
[2022-10-19 17:17:23.133] [exthost] [info] ExtensionService#_doActivateExtension vscode.configuration-editing, startup: false, activationEvent: 'onLanguage:jsonc'
[2022-10-19 17:17:23.133] [exthost] [info] ExtensionService#_doActivateExtension vscode.json-language-features, startup: false, activationEvent: 'onLanguage:jsonc'
[2022-10-19 17:17:26.658] [exthost] [warning] [Decorations] CAPPING events from decorations provider vscode.git 4706
[2022-10-19 17:17:59.514] [exthost] [warning] [Decorations] CAPPING events from decorations provider vscode.git 4706
[2022-10-19 17:18:04.675] [exthost] [warning] [Decorations] CAPPING events from decorations provider vscode.git 4708
[2022-10-19 17:18:11.219] [exthost] [warning] [Decorations] CAPPING events from decorations provider vscode.git 4708
[2022-10-19 17:18:16.384] [exthost] [warning] [Decorations] CAPPING events from decorations provider vscode.git 4708
[2022-10-19 17:18:21.546] [exthost] [warning] [Decorations] CAPPING events from decorations provider vscode.git 4708
[2022-10-19 17:18:26.707] [exthost] [warning] [Decorations] CAPPING events from decorations provider vscode.git 4708
[2022-10-19 17:18:33.072] [exthost] [warning] [Decorations] CAPPING events from decorations provider vscode.git 4712
[2022-10-19 17:18:38.276] [exthost] [warning] [Decorations] CAPPING events from decorations provider vscode.git 4718
[2022-10-19 17:18:46.169] [exthost] [warning] [Decorations] CAPPING events from decorations provider vscode.git 4718
[2022-10-19 17:18:51.341] [exthost] [warning] [Decorations] CAPPING events from decorations provider vscode.git 4718
[2022-10-19 17:18:59.136] [exthost] [warning] [Decorations] CAPPING events from decorations provider vscode.git 4718
[2022-10-19 17:19:04.281] [exthost] [warning] [Decorations] CAPPING events from decorations provider vscode.git 4718
[2022-10-19 17:19:10.128] [exthost] [warning] [Decorations] CAPPING events from decorations provider vscode.git 4719
[2022-10-19 17:19:15.281] [exthost] [warning] [Decorations] CAPPING events from decorations provider vscode.git 4749
[2022-10-19 17:19:20.436] [exthost] [warning] [Decorations] CAPPING events from decorations provider vscode.git 4748
[2022-10-19 17:19:30.435] [exthost] [warning] [Decorations] CAPPING events from decorations provider vscode.git 4748
[2022-10-19 17:19:31.212] [exthost] [warning] [Decorations] CAPPING events from decorations provider vscode.git 4748
[2022-10-19 17:19:35.631] [exthost] [warning] [Decorations] CAPPING events from decorations provider vscode.git 4748
[2022-10-19 17:19:41.410] [exthost] [warning] [Decorations] CAPPING events from decorations provider vscode.git 4748
[2022-10-19 17:19:48.143] [exthost] [warning] [Decorations] CAPPING events from decorations provider vscode.git 4748
[2022-10-19 17:19:53.298] [exthost] [warning] [Decorations] CAPPING events from decorations provider vscode.git 4748
[2022-10-19 17:19:58.482] [exthost] [warning] [Decorations] CAPPING events from decorations provider vscode.git 4749
[2022-10-19 17:20:08.758] [exthost] [warning] [Decorations] CAPPING events from decorations provider vscode.git 4750
[2022-10-19 17:20:15.505] [exthost] [warning] [Decorations] CAPPING events from decorations provider vscode.git 4752
[2022-10-19 17:20:20.780] [exthost] [warning] [Decorations] CAPPING events from decorations provider vscode.git 4752
[2022-10-19 17:20:30.800] [exthost] [warning] [Decorations] CAPPING events from decorations provider vscode.git 4752
[2022-10-19 17:20:35.969] [exthost] [warning] [Decorations] CAPPING events from decorations provider vscode.git 4752
[2022-10-19 17:20:41.143] [exthost] [warning] [Decorations] CAPPING events from decorations provider vscode.git 4754
[2022-10-19 17:20:46.329] [exthost] [warning] [Decorations] CAPPING events from decorations provider vscode.git 4754
[2022-10-19 17:20:51.505] [exthost] [warning] [Decorations] CAPPING events from decorations provider vscode.git 4754
[2022-10-19 17:20:59.265] [exthost] [warning] [Decorations] CAPPING events from decorations provider vscode.git 4754
[2022-10-19 17:21:07.514] [exthost] [warning] [Decorations] CAPPING events from decorations provider vscode.git 4756
[2022-10-19 17:21:12.692] [exthost] [warning] [Decorations] CAPPING events from decorations provider vscode.git 4756
[2022-10-19 17:21:17.932] [exthost] [warning] [Decorations] CAPPING events from decorations provider vscode.git 4756
[2022-10-19 17:21:23.083] [exthost] [warning] [Decorations] CAPPING events from decorations provider vscode.git 4756
[2022-10-19 17:21:31.282] [exthost] [warning] [Decorations] CAPPING events from decorations provider vscode.git 4758
[2022-10-19 17:21:36.446] [exthost] [warning] [Decorations] CAPPING events from decorations provider vscode.git 4758
[2022-10-19 17:21:41.601] [exthost] [warning] [Decorations] CAPPING events from decorations provider vscode.git 4760
[2022-10-19 17:21:47.374] [exthost] [warning] [Decorations] CAPPING events from decorations provider vscode.git 4760
[2022-10-19 17:21:52.540] [exthost] [warning] [Decorations] CAPPING events from decorations provider vscode.git 4760
[2022-10-19 17:21:57.701] [exthost] [warning] [Decorations] CAPPING events from decorations provider vscode.git 4762
[2022-10-19 17:22:02.874] [exthost] [warning] [Decorations] CAPPING events from decorations provider vscode.git 4762
[2022-10-19 17:22:08.074] [exthost] [warning] [Decorations] CAPPING events from decorations provider vscode.git 4764
[2022-10-19 17:22:13.227] [exthost] [warning] [Decorations] CAPPING events from decorations provider vscode.git 4764
[2022-10-19 17:22:16.232] [exthost] [info] ExtensionService#_doActivateExtension vscode.html-language-features, startup: false, activationEvent: 'onLanguage:html'
[2022-10-19 17:22:18.441] [exthost] [warning] [Decorations] CAPPING events from decorations provider vscode.git 4765
[2022-10-19 17:22:28.740] [exthost] [warning] [Decorations] CAPPING events from decorations provider vscode.git 4765
[2022-10-19 17:22:31.714] [exthost] [warning] [Decorations] CAPPING events from decorations provider vscode.git 4765
[2022-10-19 17:22:51.259] [exthost] [warning] [Decorations] CAPPING events from decorations provider vscode.git 4765
[2022-10-19 17:23:17.227] [exthost] [warning] [Decorations] CAPPING events from decorations provider vscode.git 4765
[2022-10-19 17:23:22.398] [exthost] [warning] [Decorations] CAPPING events from decorations provider vscode.git 4765
[2022-10-19 17:23:27.575] [exthost] [warning] [Decorations] CAPPING events from decorations provider vscode.git 4768
[2022-10-19 17:23:34.543] [exthost] [warning] [Decorations] CAPPING events from decorations provider vscode.git 4768
[2022-10-19 17:23:39.742] [exthost] [warning] [Decorations] CAPPING events from decorations provider vscode.git 4768
[2022-10-19 17:23:44.915] [exthost] [warning] [Decorations] CAPPING events from decorations provider vscode.git 4768
[2022-10-19 17:23:50.095] [exthost] [warning] [Decorations] CAPPING events from decorations provider vscode.git 4768
[2022-10-19 17:23:55.337] [exthost] [warning] [Decorations] CAPPING events from decorations provider vscode.git 4768
[2022-10-19 17:24:00.503] [exthost] [warning] [Decorations] CAPPING events from decorations provider vscode.git 4768
[2022-10-19 17:24:05.677] [exthost] [warning] [Decorations] CAPPING events from decorations provider vscode.git 4768
[2022-10-19 17:24:28.679] [exthost] [warning] [Decorations] CAPPING events from decorations provider vscode.git 4768
[2022-10-19 17:25:45.135] [exthost] [warning] [Decorations] CAPPING events from decorations provider vscode.git 4768
[2022-10-19 17:25:46.329] [exthost] [warning] [Decorations] CAPPING events from decorations provider vscode.git 4768
[2022-10-19 17:25:50.326] [exthost] [warning] [Decorations] CAPPING events from decorations provider vscode.git 4768
[2022-10-19 17:26:09.141] [exthost] [warning] [Decorations] CAPPING events from decorations provider vscode.git 4768
[2022-10-19 17:26:16.128] [exthost] [warning] [Decorations] CAPPING events from decorations provider vscode.git 4768
[2022-10-19 17:26:26.776] [exthost] [warning] [Decorations] CAPPING events from decorations provider vscode.git 4768
[2022-10-19 17:26:39.136] [exthost] [warning] [Decorations] CAPPING events from decorations provider vscode.git 4768
[2022-10-19 17:26:44.310] [exthost] [warning] [Decorations] CAPPING events from decorations provider vscode.git 4768
[2022-10-19 17:26:49.496] [exthost] [warning] [Decorations] CAPPING events from decorations provider vscode.git 4768
[2022-10-19 17:26:54.678] [exthost] [warning] [Decorations] CAPPING events from decorations provider vscode.git 4768
[2022-10-19 17:26:59.865] [exthost] [warning] [Decorations] CAPPING events from decorations provider vscode.git 4768
[2022-10-19 17:27:09.807] [exthost] [warning] [Decorations] CAPPING events from decorations provider vscode.git 4768
[2022-10-19 17:27:15.025] [exthost] [warning] [Decorations] CAPPING events from decorations provider vscode.git 4768
[2022-10-19 17:27:20.193] [exthost] [warning] [Decorations] CAPPING events from decorations provider vscode.git 4768
[2022-10-19 17:27:25.373] [exthost] [warning] [Decorations] CAPPING events from decorations provider vscode.git 4768
[2022-10-19 17:27:30.541] [exthost] [warning] [Decorations] CAPPING events from decorations provider vscode.git 4768
[2022-10-19 17:27:35.749] [exthost] [warning] [Decorations] CAPPING events from decorations provider vscode.git 4768
[2022-10-19 17:27:43.471] [exthost] [warning] [Decorations] CAPPING events from decorations provider vscode.git 4770
[2022-10-19 17:27:55.438] [exthost] [warning] [Decorations] CAPPING events from decorations provider vscode.git 4770
[2022-10-19 17:28:00.624] [exthost] [warning] [Decorations] CAPPING events from decorations provider vscode.git 4770
[2022-10-19 17:28:05.885] [exthost] [warning] [Decorations] CAPPING events from decorations provider vscode.git 4770
[2022-10-19 17:28:11.067] [exthost] [warning] [Decorations] CAPPING events from decorations provider vscode.git 4770
[2022-10-19 17:28:26.960] [exthost] [warning] [Decorations] CAPPING events from decorations provider vscode.git 4770
[2022-10-19 17:28:38.154] [exthost] [warning] [Decorations] CAPPING events from decorations provider vscode.git 4770
[2022-10-19 17:28:43.330] [exthost] [warning] [Decorations] CAPPING events from decorations provider vscode.git 4770
[2022-10-19 17:28:47.678] [exthost] [warning] [Decorations] CAPPING events from decorations provider vscode.git 4770
[2022-10-19 17:28:48.498] [exthost] [warning] [Decorations] CAPPING events from decorations provider vscode.git 4770
[2022-10-19 17:28:53.687] [exthost] [warning] [Decorations] CAPPING events from decorations provider vscode.git 4770
[2022-10-19 17:28:58.873] [exthost] [warning] [Decorations] CAPPING events from decorations provider vscode.git 4770
[2022-10-19 17:29:04.050] [exthost] [warning] [Decorations] CAPPING events from decorations provider vscode.git 4772
[2022-10-19 17:29:09.226] [exthost] [warning] [Decorations] CAPPING events from decorations provider vscode.git 4772
[2022-10-19 17:29:14.405] [exthost] [warning] [Decorations] CAPPING events from decorations provider vscode.git 4772
[2022-10-19 17:29:19.578] [exthost] [warning] [Decorations] CAPPING events from decorations provider vscode.git 4772
[2022-10-19 17:29:24.755] [exthost] [warning] [Decorations] CAPPING events from decorations provider vscode.git 4772
[2022-10-19 17:29:29.971] [exthost] [warning] [Decorations] CAPPING events from decorations provider vscode.git 4772
[2022-10-19 17:29:35.153] [exthost] [warning] [Decorations] CAPPING events from decorations provider vscode.git 4772
[2022-10-19 17:29:40.320] [exthost] [warning] [Decorations] CAPPING events from decorations provider vscode.git 4772
[2022-10-19 17:29:45.497] [exthost] [warning] [Decorations] CAPPING events from decorations provider vscode.git 4772
[2022-10-19 17:29:50.655] [exthost] [warning] [Decorations] CAPPING events from decorations provider vscode.git 4772
[2022-10-19 17:29:55.821] [exthost] [warning] [Decorations] CAPPING events from decorations provider vscode.git 4772
[2022-10-19 17:30:10.667] [exthost] [warning] [Decorations] CAPPING events from decorations provider vscode.git 4774
[2022-10-19 17:30:15.844] [exthost] [warning] [Decorations] CAPPING events from decorations provider vscode.git 4774
[2022-10-19 17:30:21.015] [exthost] [warning] [Decorations] CAPPING events from decorations provider vscode.git 4774
[2022-10-19 17:30:26.192] [exthost] [warning] [Decorations] CAPPING events from decorations provider vscode.git 4774
[2022-10-19 17:30:31.360] [exthost] [warning] [Decorations] CAPPING events from decorations provider vscode.git 4774
[2022-10-19 17:30:49.495] [exthost] [warning] [Decorations] CAPPING events from decorations provider vscode.git 4774
[2022-10-19 17:30:54.680] [exthost] [warning] [Decorations] CAPPING events from decorations provider vscode.git 4774
[2022-10-19 17:31:04.312] [exthost] [warning] [Decorations] CAPPING events from decorations provider vscode.git 4774
[2022-10-19 17:31:09.503] [exthost] [warning] [Decorations] CAPPING events from decorations provider vscode.git 4774
[2022-10-19 17:31:14.705] [exthost] [warning] [Decorations] CAPPING events from decorations provider vscode.git 4776
[2022-10-19 17:31:21.571] [exthost] [warning] [Decorations] CAPPING events from decorations provider vscode.git 4776
[2022-10-19 17:31:26.765] [exthost] [warning] [Decorations] CAPPING events from decorations provider vscode.git 4778
[2022-10-19 17:31:31.979] [exthost] [warning] [Decorations] CAPPING events from decorations provider vscode.git 4778
[2022-10-19 17:31:37.179] [exthost] [warning] [Decorations] CAPPING events from decorations provider vscode.git 4778
[2022-10-19 17:31:42.353] [exthost] [warning] [Decorations] CAPPING events from decorations provider vscode.git 4780
[2022-10-19 17:31:52.083] [exthost] [warning] [Decorations] CAPPING events from decorations provider vscode.git 4780
[2022-10-19 17:31:52.921] [exthost] [warning] [Decorations] CAPPING events from decorations provider vscode.git 4780
[2022-10-19 17:31:57.586] [exthost] [warning] [Decorations] CAPPING events from decorations provider vscode.git 4780
[2022-10-19 17:32:05.996] [exthost] [warning] [Decorations] CAPPING events from decorations provider vscode.git 4780
[2022-10-19 17:32:35.952] [exthost] [warning] [Decorations] CAPPING events from decorations provider vscode.git 4780
[2022-10-19 17:32:48.979] [exthost] [warning] [Decorations] CAPPING events from decorations provider vscode.git 4780
[2022-10-19 17:32:59.985] [exthost] [warning] [Decorations] CAPPING events from decorations provider vscode.git 4780
[2022-10-19 17:33:05.194] [exthost] [warning] [Decorations] CAPPING events from decorations provider vscode.git 4780
[2022-10-19 17:33:10.384] [exthost] [warning] [Decorations] CAPPING events from decorations provider vscode.git 4780
[2022-10-19 17:33:15.576] [exthost] [warning] [Decorations] CAPPING events from decorations provider vscode.git 4780
[2022-10-19 17:33:20.768] [exthost] [warning] [Decorations] CAPPING events from decorations provider vscode.git 4782
[2022-10-19 17:33:25.934] [exthost] [warning] [Decorations] CAPPING events from decorations provider vscode.git 4782
[2022-10-19 17:33:31.106] [exthost] [warning] [Decorations] CAPPING events from decorations provider vscode.git 4782
[2022-10-19 17:33:36.290] [exthost] [warning] [Decorations] CAPPING events from decorations provider vscode.git 4784
[2022-10-19 17:33:45.218] [exthost] [warning] [Decorations] CAPPING events from decorations provider vscode.git 4784
[2022-10-19 17:33:50.387] [exthost] [warning] [Decorations] CAPPING events from decorations provider vscode.git 4784
[2022-10-19 17:33:55.591] [exthost] [warning] [Decorations] CAPPING events from decorations provider vscode.git 4786
[2022-10-19 17:34:00.851] [exthost] [warning] [Decorations] CAPPING events from decorations provider vscode.git 4786
[2022-10-19 17:34:06.034] [exthost] [warning] [Decorations] CAPPING events from decorations provider vscode.git 4788
[2022-10-19 17:34:11.205] [exthost] [warning] [Decorations] CAPPING events from decorations provider vscode.git 4788
[2022-10-19 17:34:21.847] [exthost] [warning] [Decorations] CAPPING events from decorations provider vscode.git 4788
[2022-10-19 17:34:27.010] [exthost] [warning] [Decorations] CAPPING events from decorations provider vscode.git 4788
[2022-10-19 17:34:32.195] [exthost] [warning] [Decorations] CAPPING events from decorations provider vscode.git 4788
[2022-10-19 17:38:34.640] [exthost] [warning] [Decorations] CAPPING events from decorations provider vscode.git 4788
[2022-10-19 17:38:35.485] [exthost] [warning] [Decorations] CAPPING events from decorations provider vscode.git 4788
[2022-10-19 17:41:54.166] [exthost] [warning] [Decorations] CAPPING events from decorations provider vscode.git 4788
[2022-10-19 17:41:55.008] [exthost] [warning] [Decorations] CAPPING events from decorations provider vscode.git 4788
[2022-10-19 17:43:53.907] [exthost] [warning] [Decorations] CAPPING events from decorations provider vscode.git 4788
[2022-10-19 17:43:59.083] [exthost] [warning] [Decorations] CAPPING events from decorations provider vscode.git 4788
[2022-10-19 17:44:04.262] [exthost] [warning] [Decorations] CAPPING events from decorations provider vscode.git 4788
[2022-10-19 17:44:09.422] [exthost] [warning] [Decorations] CAPPING events from decorations provider vscode.git 4788
[2022-10-19 17:44:15.563] [exthost] [warning] [Decorations] CAPPING events from decorations provider vscode.git 4788
[2022-10-19 17:44:20.748] [exthost] [warning] [Decorations] CAPPING events from decorations provider vscode.git 4788
[2022-10-19 17:44:25.942] [exthost] [warning] [Decorations] CAPPING events from decorations provider vscode.git 4788
[2022-10-19 17:44:31.120] [exthost] [warning] [Decorations] CAPPING events from decorations provider vscode.git 4788
[2022-10-19 17:45:42.969] [exthost] [warning] [Decorations] CAPPING events from decorations provider vscode.git 4788
[2022-10-19 17:45:43.772] [exthost] [warning] [Decorations] CAPPING events from decorations provider vscode.git 4788
[2022-10-19 17:45:48.155] [exthost] [warning] [Decorations] CAPPING events from decorations provider vscode.git 4788
[2022-10-19 17:45:53.994] [exthost] [warning] [Decorations] CAPPING events from decorations provider vscode.git 4788
[2022-10-19 17:45:59.173] [exthost] [warning] [Decorations] CAPPING events from decorations provider vscode.git 4788
[2022-10-19 17:46:04.330] [exthost] [warning] [Decorations] CAPPING events from decorations provider vscode.git 4788
[2022-10-19 17:46:09.504] [exthost] [warning] [Decorations] CAPPING events from decorations provider vscode.git 4788
[2022-10-19 17:46:15.287] [exthost] [warning] [Decorations] CAPPING events from decorations provider vscode.git 4788
[2022-10-19 17:46:20.484] [exthost] [warning] [Decorations] CAPPING events from decorations provider vscode.git 4790
[2022-10-19 17:47:43.093] [exthost] [warning] [Decorations] CAPPING events from decorations provider vscode.git 4790
[2022-10-19 17:47:55.206] [exthost] [warning] [Decorations] CAPPING events from decorations provider vscode.git 4792
[2022-10-19 17:49:00.292] [exthost] [warning] [Decorations] CAPPING events from decorations provider vscode.git 4792
[2022-10-19 17:49:01.125] [exthost] [warning] [Decorations] CAPPING events from decorations provider vscode.git 4792
[2022-10-19 17:49:05.468] [exthost] [warning] [Decorations] CAPPING events from decorations provider vscode.git 4792
[2022-10-19 17:49:10.718] [exthost] [warning] [Decorations] CAPPING events from decorations provider vscode.git 4792
[2022-10-19 17:49:15.899] [exthost] [warning] [Decorations] CAPPING events from decorations provider vscode.git 4792
[2022-10-19 17:49:21.076] [exthost] [warning] [Decorations] CAPPING events from decorations provider vscode.git 4792
[2022-10-19 17:49:26.281] [exthost] [warning] [Decorations] CAPPING events from decorations provider vscode.git 4792
[2022-10-19 17:49:31.453] [exthost] [warning] [Decorations] CAPPING events from decorations provider vscode.git 4794
[2022-10-19 17:49:36.606] [exthost] [warning] [Decorations] CAPPING events from decorations provider vscode.git 4794
[2022-10-19 17:49:41.790] [exthost] [warning] [Decorations] CAPPING events from decorations provider vscode.git 4794
[2022-10-19 17:49:46.963] [exthost] [warning] [Decorations] CAPPING events from decorations provider vscode.git 4794
[2022-10-19 17:49:52.140] [exthost] [warning] [Decorations] CAPPING events from decorations provider vscode.git 4794
[2022-10-19 17:49:57.299] [exthost] [warning] [Decorations] CAPPING events from decorations provider vscode.git 4794
[2022-10-19 17:50:02.469] [exthost] [warning] [Decorations] CAPPING events from decorations provider vscode.git 4794
[2022-10-19 17:50:08.234] [exthost] [warning] [Decorations] CAPPING events from decorations provider vscode.git 4794
[2022-10-19 17:50:13.412] [exthost] [warning] [Decorations] CAPPING events from decorations provider vscode.git 4794
[2022-10-19 17:50:18.608] [exthost] [warning] [Decorations] CAPPING events from decorations provider vscode.git 4794
[2022-10-19 17:50:24.406] [exthost] [warning] [Decorations] CAPPING events from decorations provider vscode.git 4796
[2022-10-19 17:50:29.570] [exthost] [warning] [Decorations] CAPPING events from decorations provider vscode.git 4796
[2022-10-19 17:50:36.434] [exthost] [warning] [Decorations] CAPPING events from decorations provider vscode.git 4798
[2022-10-19 17:50:41.592] [exthost] [warning] [Decorations] CAPPING events from decorations provider vscode.git 4798
[2022-10-19 17:50:46.751] [exthost] [warning] [Decorations] CAPPING events from decorations provider vscode.git 4798
[2022-10-19 17:50:51.930] [exthost] [warning] [Decorations] CAPPING events from decorations provider vscode.git 4799
[2022-10-19 17:50:57.106] [exthost] [warning] [Decorations] CAPPING events from decorations provider vscode.git 4798
[2022-10-19 17:51:02.259] [exthost] [warning] [Decorations] CAPPING events from decorations provider vscode.git 4798
[2022-10-19 17:51:07.411] [exthost] [warning] [Decorations] CAPPING events from decorations provider vscode.git 4798
[2022-10-19 17:51:12.623] [exthost] [warning] [Decorations] CAPPING events from decorations provider vscode.git 4798
[2022-10-19 17:51:17.795] [exthost] [warning] [Decorations] CAPPING events from decorations provider vscode.git 4798
[2022-10-19 17:51:27.590] [exthost] [warning] [Decorations] CAPPING events from decorations provider vscode.git 4799
[2022-10-19 17:51:32.772] [exthost] [warning] [Decorations] CAPPING events from decorations provider vscode.git 4798
[2022-10-19 17:51:37.935] [exthost] [warning] [Decorations] CAPPING events from decorations provider vscode.git 4798
[2022-10-19 17:51:43.142] [exthost] [warning] [Decorations] CAPPING events from decorations provider vscode.git 4798
[2022-10-19 17:51:48.299] [exthost] [warning] [Decorations] CAPPING events from decorations provider vscode.git 4798
[2022-10-19 17:51:54.107] [exthost] [warning] [Decorations] CAPPING events from decorations provider vscode.git 4799
[2022-10-19 17:51:59.265] [exthost] [warning] [Decorations] CAPPING events from decorations provider vscode.git 4798
[2022-10-19 17:52:01.984] [exthost] [warning] [Decorations] CAPPING events from decorations provider vscode.git 4798
[2022-10-19 17:52:04.435] [exthost] [warning] [Decorations] CAPPING events from decorations provider vscode.git 4799
[2022-10-19 17:52:09.602] [exthost] [warning] [Decorations] CAPPING events from decorations provider vscode.git 4798
[2022-10-19 17:52:14.776] [exthost] [warning] [Decorations] CAPPING events from decorations provider vscode.git 4798
[2022-10-19 17:52:19.953] [exthost] [warning] [Decorations] CAPPING events from decorations provider vscode.git 4799
[2022-10-19 17:52:25.122] [exthost] [warning] [Decorations] CAPPING events from decorations provider vscode.git 4798
[2022-10-19 17:52:30.875] [exthost] [warning] [Decorations] CAPPING events from decorations provider vscode.git 4798
[2022-10-19 17:52:36.056] [exthost] [warning] [Decorations] CAPPING events from decorations provider vscode.git 4799
[2022-10-19 17:54:27.686] [exthost] [warning] [Decorations] CAPPING events from decorations provider vscode.git 4798
[2022-10-19 17:54:32.847] [exthost] [warning] [Decorations] CAPPING events from decorations provider vscode.git 4798
[2022-10-19 17:54:38.058] [exthost] [warning] [Decorations] CAPPING events from decorations provider vscode.git 4798
[2022-10-19 17:54:43.234] [exthost] [warning] [Decorations] CAPPING events from decorations provider vscode.git 4799
[2022-10-19 17:54:48.391] [exthost] [warning] [Decorations] CAPPING events from decorations provider vscode.git 4798
[2022-10-19 17:54:53.587] [exthost] [warning] [Decorations] CAPPING events from decorations provider vscode.git 4798
[2022-10-19 17:55:23.790] [exthost] [warning] [Decorations] CAPPING events from decorations provider vscode.git 4798
[2022-10-19 17:55:24.640] [exthost] [warning] [Decorations] CAPPING events from decorations provider vscode.git 4798
[2022-10-19 17:55:29.016] [exthost] [warning] [Decorations] CAPPING events from decorations provider vscode.git 4798
[2022-10-19 17:55:34.215] [exthost] [warning] [Decorations] CAPPING events from decorations provider vscode.git 4799
[2022-10-19 17:55:39.447] [exthost] [warning] [Decorations] CAPPING events from decorations provider vscode.git 4798
[2022-10-19 17:55:45.181] [exthost] [warning] [Decorations] CAPPING events from decorations provider vscode.git 4798
[2022-10-19 17:55:50.367] [exthost] [warning] [Decorations] CAPPING events from decorations provider vscode.git 4798
[2022-10-19 17:55:55.527] [exthost] [warning] [Decorations] CAPPING events from decorations provider vscode.git 4798
[2022-10-19 17:56:07.002] [exthost] [warning] [Decorations] CAPPING events from decorations provider vscode.git 4798
[2022-10-19 17:56:12.669] [exthost] [warning] [Decorations] CAPPING events from decorations provider vscode.git 4798
[2022-10-19 17:56:17.836] [exthost] [warning] [Decorations] CAPPING events from decorations provider vscode.git 4798
[2022-10-19 17:56:33.584] [exthost] [warning] [Decorations] CAPPING events from decorations provider vscode.git 4799
[2022-10-19 17:56:38.757] [exthost] [warning] [Decorations] CAPPING events from decorations provider vscode.git 4798
[2022-10-19 17:56:43.947] [exthost] [warning] [Decorations] CAPPING events from decorations provider vscode.git 4799
[2022-10-19 17:56:49.131] [exthost] [warning] [Decorations] CAPPING events from decorations provider vscode.git 4798
[2022-10-19 17:56:54.314] [exthost] [warning] [Decorations] CAPPING events from decorations provider vscode.git 4798
[2022-10-19 17:56:59.486] [exthost] [warning] [Decorations] CAPPING events from decorations provider vscode.git 4798
[2022-10-19 17:57:04.656] [exthost] [warning] [Decorations] CAPPING events from decorations provider vscode.git 4798
[2022-10-19 17:57:17.395] [exthost] [warning] [Decorations] CAPPING events from decorations provider vscode.git 4798
[2022-10-19 17:57:22.553] [exthost] [warning] [Decorations] CAPPING events from decorations provider vscode.git 4798
[2022-10-19 17:57:29.166] [exthost] [warning] [Decorations] CAPPING events from decorations provider vscode.git 4798
[2022-10-19 17:57:35.914] [exthost] [warning] [Decorations] CAPPING events from decorations provider vscode.git 4798
[2022-10-19 17:57:43.375] [exthost] [warning] [Decorations] CAPPING events from decorations provider vscode.git 4798
[2022-10-19 17:58:57.595] [exthost] [warning] [Decorations] CAPPING events from decorations provider vscode.git 4798
[2022-10-19 17:58:58.482] [exthost] [warning] [Decorations] CAPPING events from decorations provider vscode.git 4798
[2022-10-19 17:59:02.781] [exthost] [warning] [Decorations] CAPPING events from decorations provider vscode.git 4798
[2022-10-19 17:59:20.451] [exthost] [warning] [Decorations] CAPPING events from decorations provider vscode.git 4798
[2022-10-19 17:59:25.608] [exthost] [warning] [Decorations] CAPPING events from decorations provider vscode.git 4798
[2022-10-19 17:59:30.786] [exthost] [warning] [Decorations] CAPPING events from decorations provider vscode.git 4798
[2022-10-19 18:03:47.757] [exthost] [warning] [Decorations] CAPPING events from decorations provider vscode.git 4798
[2022-10-19 18:03:48.543] [exthost] [warning] [Decorations] CAPPING events from decorations provider vscode.git 4798
[2022-10-19 18:04:32.408] [exthost] [warning] [Decorations] CAPPING events from decorations provider vscode.git 4798
[2022-10-19 18:05:45.324] [exthost] [warning] [Decorations] CAPPING events from decorations provider vscode.git 4798
[2022-10-19 18:08:25.449] [exthost] [warning] [Decorations] CAPPING events from decorations provider vscode.git 4798
[2022-10-19 18:08:26.313] [exthost] [warning] [Decorations] CAPPING events from decorations provider vscode.git 4798
[2022-10-19 18:10:19.946] [exthost] [warning] [Decorations] CAPPING events from decorations provider vscode.git 4798
[2022-10-19 18:10:25.163] [exthost] [warning] [Decorations] CAPPING events from decorations provider vscode.git 4798
[2022-10-19 18:10:30.328] [exthost] [warning] [Decorations] CAPPING events from decorations provider vscode.git 4798
[2022-10-19 18:11:07.674] [exthost] [warning] [Decorations] CAPPING events from decorations provider vscode.git 4798
[2022-10-19 18:11:12.841] [exthost] [warning] [Decorations] CAPPING events from decorations provider vscode.git 4798
[2022-10-19 18:11:18.016] [exthost] [warning] [Decorations] CAPPING events from decorations provider vscode.git 4798
[2022-10-19 18:11:23.189] [exthost] [warning] [Decorations] CAPPING events from decorations provider vscode.git 4798
[2022-10-19 18:11:26.833] [exthost] [warning] [Decorations] CAPPING events from decorations provider vscode.git 4798
[2022-10-19 18:11:28.412] [exthost] [warning] [Decorations] CAPPING events from decorations provider vscode.git 4798
[2022-10-19 18:11:48.518] [exthost] [warning] [Decorations] CAPPING events from decorations provider vscode.git 4798
[2022-10-19 18:11:53.671] [exthost] [warning] [Decorations] CAPPING events from decorations provider vscode.git 4798
[2022-10-19 18:11:58.848] [exthost] [warning] [Decorations] CAPPING events from decorations provider vscode.git 4799
[2022-10-19 18:12:04.024] [exthost] [warning] [Decorations] CAPPING events from decorations provider vscode.git 4798
[2022-10-19 18:12:09.208] [exthost] [warning] [Decorations] CAPPING events from decorations provider vscode.git 4798
[2022-10-19 18:12:15.977] [exthost] [warning] [Decorations] CAPPING events from decorations provider vscode.git 4799
[2022-10-19 18:12:21.152] [exthost] [warning] [Decorations] CAPPING events from decorations provider vscode.git 4798
[2022-10-19 18:12:26.321] [exthost] [warning] [Decorations] CAPPING events from decorations provider vscode.git 4798
[2022-10-19 18:12:52.131] [exthost] [warning] [Decorations] CAPPING events from decorations provider vscode.git 4798
[2022-10-19 18:13:33.926] [exthost] [warning] [Decorations] CAPPING events from decorations provider vscode.git 4798
[2022-10-19 18:13:39.091] [exthost] [warning] [Decorations] CAPPING events from decorations provider vscode.git 4798
[2022-10-19 18:13:44.257] [exthost] [warning] [Decorations] CAPPING events from decorations provider vscode.git 4798
[2022-10-19 18:13:49.432] [exthost] [warning] [Decorations] CAPPING events from decorations provider vscode.git 4798
[2022-10-19 18:13:54.609] [exthost] [warning] [Decorations] CAPPING events from decorations provider vscode.git 4798
[2022-10-19 18:13:59.793] [exthost] [warning] [Decorations] CAPPING events from decorations provider vscode.git 4798
[2022-10-19 18:14:05.049] [exthost] [warning] [Decorations] CAPPING events from decorations provider vscode.git 4799
[2022-10-19 18:14:10.204] [exthost] [warning] [Decorations] CAPPING events from decorations provider vscode.git 4799
[2022-10-19 18:14:15.367] [exthost] [warning] [Decorations] CAPPING events from decorations provider vscode.git 4800
[2022-10-19 18:14:20.540] [exthost] [warning] [Decorations] CAPPING events from decorations provider vscode.git 4799
[2022-10-19 18:14:25.762] [exthost] [warning] [Decorations] CAPPING events from decorations provider vscode.git 4799
[2022-10-19 18:14:27.415] [exthost] [warning] [Decorations] CAPPING events from decorations provider vscode.git 4799
[2022-10-19 18:14:30.960] [exthost] [warning] [Decorations] CAPPING events from decorations provider vscode.git 4799
[2022-10-19 18:14:36.135] [exthost] [warning] [Decorations] CAPPING events from decorations provider vscode.git 4799
[2022-10-19 18:14:41.313] [exthost] [warning] [Decorations] CAPPING events from decorations provider vscode.git 4799
[2022-10-19 18:14:46.531] [exthost] [warning] [Decorations] CAPPING events from decorations provider vscode.git 4799
[2022-10-19 18:14:51.695] [exthost] [warning] [Decorations] CAPPING events from decorations provider vscode.git 4799
[2022-10-19 18:14:56.867] [exthost] [warning] [Decorations] CAPPING events from decorations provider vscode.git 4800
[2022-10-19 18:15:02.050] [exthost] [warning] [Decorations] CAPPING events from decorations provider vscode.git 4800
[2022-10-19 18:15:07.209] [exthost] [warning] [Decorations] CAPPING events from decorations provider vscode.git 4800
[2022-10-19 18:15:12.401] [exthost] [warning] [Decorations] CAPPING events from decorations provider vscode.git 4800
[2022-10-19 18:15:17.584] [exthost] [warning] [Decorations] CAPPING events from decorations provider vscode.git 4800
[2022-10-19 18:15:22.770] [exthost] [warning] [Decorations] CAPPING events from decorations provider vscode.git 4800
[2022-10-19 18:15:27.929] [exthost] [warning] [Decorations] CAPPING events from decorations provider vscode.git 4800
[2022-10-19 18:15:33.115] [exthost] [warning] [Decorations] CAPPING events from decorations provider vscode.git 4800
[2022-10-19 18:15:40.115] [exthost] [warning] [Decorations] CAPPING events from decorations provider vscode.git 4800
[2022-10-19 18:15:59.205] [exthost] [warning] [Decorations] CAPPING events from decorations provider vscode.git 4800
[2022-10-19 18:16:04.401] [exthost] [warning] [Decorations] CAPPING events from decorations provider vscode.git 4800
[2022-10-19 18:16:09.576] [exthost] [warning] [Decorations] CAPPING events from decorations provider vscode.git 4800
[2022-10-19 18:16:14.755] [exthost] [warning] [Decorations] CAPPING events from decorations provider vscode.git 4800
[2022-10-19 18:16:19.924] [exthost] [warning] [Decorations] CAPPING events from decorations provider vscode.git 4800
[2022-10-19 18:16:25.117] [exthost] [warning] [Decorations] CAPPING events from decorations provider vscode.git 4800
[2022-10-19 18:16:30.296] [exthost] [warning] [Decorations] CAPPING events from decorations provider vscode.git 4800
[2022-10-19 18:16:35.513] [exthost] [warning] [Decorations] CAPPING events from decorations provider vscode.git 4800
[2022-10-19 18:16:41.276] [exthost] [warning] [Decorations] CAPPING events from decorations provider vscode.git 4800
[2022-10-19 18:16:46.452] [exthost] [warning] [Decorations] CAPPING events from decorations provider vscode.git 4801
[2022-10-19 18:16:52.305] [exthost] [warning] [Decorations] CAPPING events from decorations provider vscode.git 4800
[2022-10-19 18:16:57.484] [exthost] [warning] [Decorations] CAPPING events from decorations provider vscode.git 4800
[2022-10-19 18:17:02.647] [exthost] [warning] [Decorations] CAPPING events from decorations provider vscode.git 4800
[2022-10-19 18:17:07.828] [exthost] [warning] [Decorations] CAPPING events from decorations provider vscode.git 4800
[2022-10-19 18:17:12.996] [exthost] [warning] [Decorations] CAPPING events from decorations provider vscode.git 4801
[2022-10-19 18:17:18.263] [exthost] [warning] [Decorations] CAPPING events from decorations provider vscode.git 4800
[2022-10-19 18:21:41.154] [exthost] [warning] [Decorations] CAPPING events from decorations provider vscode.git 4800
[2022-10-19 18:21:41.979] [exthost] [warning] [Decorations] CAPPING events from decorations provider vscode.git 4800
[2022-10-19 18:21:46.335] [exthost] [warning] [Decorations] CAPPING events from decorations provider vscode.git 4800
[2022-10-19 18:21:51.512] [exthost] [warning] [Decorations] CAPPING events from decorations provider vscode.git 4800
[2022-10-19 18:21:56.690] [exthost] [warning] [Decorations] CAPPING events from decorations provider vscode.git 4800
[2022-10-19 18:22:01.900] [exthost] [warning] [Decorations] CAPPING events from decorations provider vscode.git 4800
[2022-10-19 18:22:07.069] [exthost] [warning] [Decorations] CAPPING events from decorations provider vscode.git 4800
[2022-10-19 18:22:19.216] [exthost] [warning] [Decorations] CAPPING events from decorations provider vscode.git 4800
[2022-10-19 18:22:24.382] [exthost] [warning] [Decorations] CAPPING events from decorations provider vscode.git 4800
[2022-10-19 18:22:29.590] [exthost] [warning] [Decorations] CAPPING events from decorations provider vscode.git 4800
[2022-10-19 18:22:34.811] [exthost] [warning] [Decorations] CAPPING events from decorations provider vscode.git 4800
[2022-10-19 18:22:39.971] [exthost] [warning] [Decorations] CAPPING events from decorations provider vscode.git 4800
[2022-10-19 18:23:04.599] [exthost] [warning] [Decorations] CAPPING events from decorations provider vscode.git 4801
[2022-10-19 18:23:09.777] [exthost] [warning] [Decorations] CAPPING events from decorations provider vscode.git 4800
[2022-10-19 18:23:24.242] [exthost] [warning] [Decorations] CAPPING events from decorations provider vscode.git 4800
[2022-10-19 18:23:33.154] [exthost] [warning] [Decorations] CAPPING events from decorations provider vscode.git 4800
[2022-10-19 18:23:38.353] [exthost] [warning] [Decorations] CAPPING events from decorations provider vscode.git 4800
[2022-10-19 18:24:43.642] [exthost] [warning] [Decorations] CAPPING events from decorations provider vscode.git 4800
[2022-10-19 18:24:44.517] [exthost] [warning] [Decorations] CAPPING events from decorations provider vscode.git 4800
[2022-10-19 18:24:48.829] [exthost] [warning] [Decorations] CAPPING events from decorations provider vscode.git 4800
[2022-10-19 18:24:53.987] [exthost] [warning] [Decorations] CAPPING events from decorations provider vscode.git 4800
[2022-10-19 18:25:02.374] [exthost] [warning] [Decorations] CAPPING events from decorations provider vscode.git 4800
[2022-10-19 18:25:07.543] [exthost] [warning] [Decorations] CAPPING events from decorations provider vscode.git 4800
[2022-10-19 18:25:12.713] [exthost] [warning] [Decorations] CAPPING events from decorations provider vscode.git 4800
[2022-10-19 18:25:44.684] [exthost] [warning] [Decorations] CAPPING events from decorations provider vscode.git 4800
[2022-10-19 18:25:49.864] [exthost] [warning] [Decorations] CAPPING events from decorations provider vscode.git 4800
[2022-10-19 18:25:55.057] [exthost] [warning] [Decorations] CAPPING events from decorations provider vscode.git 4801
[2022-10-19 18:26:00.212] [exthost] [warning] [Decorations] CAPPING events from decorations provider vscode.git 4800
[2022-10-19 18:26:05.370] [exthost] [warning] [Decorations] CAPPING events from decorations provider vscode.git 4800
[2022-10-19 18:26:10.563] [exthost] [warning] [Decorations] CAPPING events from decorations provider vscode.git 4800
[2022-10-19 18:26:15.759] [exthost] [warning] [Decorations] CAPPING events from decorations provider vscode.git 4800
[2022-10-19 18:26:20.929] [exthost] [warning] [Decorations] CAPPING events from decorations provider vscode.git 4800
[2022-10-19 18:26:26.103] [exthost] [warning] [Decorations] CAPPING events from decorations provider vscode.git 4800
[2022-10-19 18:26:42.626] [exthost] [warning] [Decorations] CAPPING events from decorations provider vscode.git 4800
[2022-10-19 18:27:05.795] [exthost] [warning] [Decorations] CAPPING events from decorations provider vscode.git 4800
[2022-10-19 18:27:25.662] [exthost] [warning] [Decorations] CAPPING events from decorations provider vscode.git 4800
[2022-10-19 18:27:30.811] [exthost] [warning] [Decorations] CAPPING events from decorations provider vscode.git 4800
[2022-10-19 18:27:35.978] [exthost] [warning] [Decorations] CAPPING events from decorations provider vscode.git 4800
[2022-10-19 18:27:46.560] [exthost] [warning] [Decorations] CAPPING events from decorations provider vscode.git 4800
[2022-10-19 18:27:47.417] [exthost] [warning] [Decorations] CAPPING events from decorations provider vscode.git 4800
[2022-10-19 18:27:51.745] [exthost] [warning] [Decorations] CAPPING events from decorations provider vscode.git 4801
[2022-10-19 18:27:56.923] [exthost] [warning] [Decorations] CAPPING events from decorations provider vscode.git 4800
[2022-10-19 18:28:02.091] [exthost] [warning] [Decorations] CAPPING events from decorations provider vscode.git 4800
[2022-10-19 18:28:07.260] [exthost] [warning] [Decorations] CAPPING events from decorations provider vscode.git 4800
[2022-10-19 18:28:12.436] [exthost] [warning] [Decorations] CAPPING events from decorations provider vscode.git 4800
[2022-10-19 18:28:17.602] [exthost] [warning] [Decorations] CAPPING events from decorations provider vscode.git 4800
[2022-10-19 18:28:22.773] [exthost] [warning] [Decorations] CAPPING events from decorations provider vscode.git 4800
[2022-10-19 18:28:29.207] [exthost] [warning] [Decorations] CAPPING events from decorations provider vscode.git 4800
[2022-10-19 18:28:34.381] [exthost] [warning] [Decorations] CAPPING events from decorations provider vscode.git 4800
[2022-10-19 18:28:39.588] [exthost] [warning] [Decorations] CAPPING events from decorations provider vscode.git 4800
[2022-10-19 18:30:53.844] [exthost] [warning] [Decorations] CAPPING events from decorations provider vscode.git 4800
[2022-10-19 18:30:54.781] [exthost] [warning] [Decorations] CAPPING events from decorations provider vscode.git 4800
[2022-10-19 18:30:59.011] [exthost] [warning] [Decorations] CAPPING events from decorations provider vscode.git 4800
[2022-10-19 18:31:07.781] [exthost] [warning] [Decorations] CAPPING events from decorations provider vscode.git 4800
[2022-10-19 18:31:12.951] [exthost] [warning] [Decorations] CAPPING events from decorations provider vscode.git 4800
[2022-10-19 18:31:18.136] [exthost] [warning] [Decorations] CAPPING events from decorations provider vscode.git 4800
[2022-10-19 18:31:23.310] [exthost] [warning] [Decorations] CAPPING events from decorations provider vscode.git 4800
[2022-10-19 18:33:50.488] [exthost] [warning] [Decorations] CAPPING events from decorations provider vscode.git 4800
[2022-10-19 18:33:55.285] [exthost] [warning] [Decorations] CAPPING events from decorations provider vscode.git 4801
[2022-10-19 18:33:56.151] [exthost] [warning] [Decorations] CAPPING events from decorations provider vscode.git 4800
[2022-10-19 18:34:01.311] [exthost] [warning] [Decorations] CAPPING events from decorations provider vscode.git 4800
[2022-10-19 18:34:06.471] [exthost] [warning] [Decorations] CAPPING events from decorations provider vscode.git 4800
[2022-10-19 18:34:17.258] [exthost] [warning] [Decorations] CAPPING events from decorations provider vscode.git 4800
[2022-10-19 18:34:22.489] [exthost] [warning] [Decorations] CAPPING events from decorations provider vscode.git 4800
[2022-10-19 18:34:27.678] [exthost] [warning] [Decorations] CAPPING events from decorations provider vscode.git 4801
[2022-10-19 18:34:32.843] [exthost] [warning] [Decorations] CAPPING events from decorations provider vscode.git 4800
[2022-10-19 18:34:38.593] [exthost] [warning] [Decorations] CAPPING events from decorations provider vscode.git 4800
[2022-10-19 18:34:43.778] [exthost] [warning] [Decorations] CAPPING events from decorations provider vscode.git 4800
[2022-10-19 18:34:48.974] [exthost] [warning] [Decorations] CAPPING events from decorations provider vscode.git 4800
[2022-10-19 18:34:54.154] [exthost] [warning] [Decorations] CAPPING events from decorations provider vscode.git 4800
[2022-10-19 18:34:59.971] [exthost] [warning] [Decorations] CAPPING events from decorations provider vscode.git 4801
[2022-10-19 18:35:05.141] [exthost] [warning] [Decorations] CAPPING events from decorations provider vscode.git 4800
[2022-10-19 18:35:31.835] [exthost] [warning] [Decorations] CAPPING events from decorations provider vscode.git 4800
[2022-10-19 18:35:37.004] [exthost] [warning] [Decorations] CAPPING events from decorations provider vscode.git 4800
[2022-10-19 18:35:42.188] [exthost] [warning] [Decorations] CAPPING events from decorations provider vscode.git 4801
[2022-10-19 18:36:39.022] [exthost] [warning] [Decorations] CAPPING events from decorations provider vscode.git 4800
[2022-10-19 18:36:44.203] [exthost] [warning] [Decorations] CAPPING events from decorations provider vscode.git 4800
[2022-10-19 18:36:49.384] [exthost] [warning] [Decorations] CAPPING events from decorations provider vscode.git 4800
[2022-10-19 18:36:54.560] [exthost] [warning] [Decorations] CAPPING events from decorations provider vscode.git 4800
[2022-10-19 18:36:55.849] [exthost] [warning] [Decorations] CAPPING events from decorations provider vscode.git 4800
[2022-10-19 18:36:59.727] [exthost] [warning] [Decorations] CAPPING events from decorations provider vscode.git 4800
[2022-10-19 18:37:05.609] [exthost] [warning] [Decorations] CAPPING events from decorations provider vscode.git 4800
[2022-10-19 18:37:10.785] [exthost] [warning] [Decorations] CAPPING events from decorations provider vscode.git 4800
[2022-10-19 18:37:15.956] [exthost] [warning] [Decorations] CAPPING events from decorations provider vscode.git 4800
[2022-10-19 18:37:41.437] [exthost] [warning] [Decorations] CAPPING events from decorations provider vscode.git 4800
[2022-10-19 18:37:46.603] [exthost] [warning] [Decorations] CAPPING events from decorations provider vscode.git 4800
[2022-10-19 18:37:51.780] [exthost] [warning] [Decorations] CAPPING events from decorations provider vscode.git 4801
[2022-10-19 18:37:56.982] [exthost] [warning] [Decorations] CAPPING events from decorations provider vscode.git 4800
[2022-10-19 18:38:02.249] [exthost] [warning] [Decorations] CAPPING events from decorations provider vscode.git 4800
[2022-10-19 18:38:07.456] [exthost] [warning] [Decorations] CAPPING events from decorations provider vscode.git 4800
[2022-10-19 18:38:15.730] [exthost] [warning] [Decorations] CAPPING events from decorations provider vscode.git 4800
