[2022-10-14T18:06:29.914Z] Log level: Info
[2022-10-14T18:06:29.992Z] [info] Validating found git in: git
[2022-10-14T18:06:30.049Z] [info] Using git 2.25.1 from git
[2022-10-14T18:06:30.162Z] > git rev-parse --show-toplevel [87ms]
[2022-10-14T18:06:30.206Z] > git rev-parse --git-dir --git-common-dir [27ms]
[2022-10-14T18:06:30.226Z] [info] Open repository: /home/nunoamorim
[2022-10-14T18:06:30.278Z] > git rev-parse --show-toplevel [9ms]
[2022-10-14T18:06:30.316Z] > git rev-parse --show-toplevel [10ms]
[2022-10-14T18:06:30.329Z] > git rev-parse --show-toplevel [5ms]
[2022-10-14T18:06:30.336Z] > git rev-parse --show-toplevel [2ms]
[2022-10-14T18:06:30.345Z] > git rev-parse --show-toplevel [1ms]
[2022-10-14T18:06:30.353Z] > git rev-parse --show-toplevel [2ms]
[2022-10-14T18:06:30.364Z] > git rev-parse --git-dir --git-common-dir [2ms]
[2022-10-14T18:06:30.375Z] [info] Open repository: /home/nunoamorim/.nvm
[2022-10-14T18:06:30.431Z] > git status -z -uall [17ms]
[2022-10-14T18:06:30.441Z] > git rev-parse --show-toplevel [20ms]
[2022-10-14T18:06:30.464Z] > git symbolic-ref --short HEAD [24ms]
[2022-10-14T18:06:30.464Z] fatal: ref HEAD is not a symbolic ref
[2022-10-14T18:06:30.494Z] > git rev-parse --show-toplevel [36ms]
[2022-10-14T18:06:30.504Z] > git rev-parse HEAD [15ms]
[2022-10-14T18:06:30.522Z] > git status -z -uall [268ms]
[2022-10-14T18:06:30.540Z] > git remote --verbose [23ms]
[2022-10-14T18:06:30.542Z] > git for-each-ref --sort -committerdate --format %(refname) %(objectname) %(*objectname) [31ms]
[2022-10-14T18:06:30.552Z] > git rev-parse --show-toplevel [52ms]
[2022-10-14T18:06:30.572Z] > git symbolic-ref --short HEAD [33ms]
[2022-10-14T18:06:30.578Z] > git config --get commit.template [7ms]
[2022-10-14T18:06:30.587Z] > git for-each-ref --format=%(refname)%00%(upstream:short)%00%(objectname)%00%(upstream:track)%00%(upstream:remotename)%00%(upstream:remoteref) refs/heads/master refs/remotes/master [10ms]
[2022-10-14T18:06:30.631Z] > git status -z -uall [46ms]
[2022-10-14T18:06:30.636Z] > git remote --verbose [41ms]
[2022-10-14T18:06:30.638Z] > git for-each-ref --sort -committerdate --format %(refname) %(objectname) %(*objectname) [47ms]
[2022-10-14T18:06:31.771Z] > git symbolic-ref --short HEAD [1135ms]
[2022-10-14T18:06:31.771Z] fatal: ref HEAD is not a symbolic ref
[2022-10-14T18:06:31.777Z] > git fetch [1374ms]
[2022-10-14T18:06:31.777Z] > git fetch [1533ms]
[2022-10-14T18:06:31.826Z] > git rev-parse HEAD [50ms]
[2022-10-14T18:06:31.863Z] > git config --get commit.template [118ms]
[2022-10-14T18:06:31.886Z] > git check-ignore -v -z --stdin [103ms]
[2022-10-14T18:06:31.889Z] > git check-ignore -v -z --stdin [84ms]
[2022-10-14T18:06:31.894Z] > git remote --verbose [34ms]
[2022-10-14T18:06:31.894Z] > git for-each-ref --sort -committerdate --format %(refname) %(objectname) %(*objectname) [52ms]
[2022-10-14T18:06:31.920Z] > git config --get commit.template [8ms]
[2022-10-14T18:06:31.956Z] > git status -z -uall [16ms]
[2022-10-14T18:06:31.967Z] > git symbolic-ref --short HEAD [2ms]
[2022-10-14T18:06:31.967Z] fatal: ref HEAD is not a symbolic ref
[2022-10-14T18:06:31.976Z] > git rev-parse HEAD [1ms]
[2022-10-14T18:06:32.013Z] > git remote --verbose [8ms]
[2022-10-14T18:06:32.014Z] > git for-each-ref --sort -committerdate --format %(refname) %(objectname) %(*objectname) [32ms]
[2022-10-14T18:06:32.027Z] > git config --get commit.template [1ms]
[2022-10-14T18:06:32.059Z] > git status -z -uall [184ms]
[2022-10-14T18:06:32.073Z] > git symbolic-ref --short HEAD [2ms]
[2022-10-14T18:06:32.082Z] > git for-each-ref --format=%(refname)%00%(upstream:short)%00%(objectname)%00%(upstream:track)%00%(upstream:remotename)%00%(upstream:remoteref) refs/heads/master refs/remotes/master [2ms]
[2022-10-14T18:06:32.095Z] > git for-each-ref --sort -committerdate --format %(refname) %(objectname) %(*objectname) [7ms]
[2022-10-14T18:06:32.095Z] > git remote --verbose [1ms]
[2022-10-14T18:06:33.275Z] > git show --textconv :ITI/index.html [1040ms]
[2022-10-14T18:06:33.277Z] > git ls-files --stage -- /home/nunoamorim/ITI/index.html [1028ms]
[2022-10-14T18:06:33.283Z] > git config --get commit.template [1094ms]
[2022-10-14T18:06:33.311Z] > git cat-file -s baf584f57cdfe82326d9d370d767e3f6c6094166 [28ms]
[2022-10-14T18:06:33.387Z] > git status -z -uall [99ms]
[2022-10-14T18:06:33.404Z] > git symbolic-ref --short HEAD [3ms]
[2022-10-14T18:06:33.416Z] > git for-each-ref --format=%(refname)%00%(upstream:short)%00%(objectname)%00%(upstream:track)%00%(upstream:remotename)%00%(upstream:remoteref) refs/heads/master refs/remotes/master [2ms]
[2022-10-14T18:06:33.433Z] > git remote --verbose [2ms]
[2022-10-14T18:06:33.434Z] > git for-each-ref --sort -committerdate --format %(refname) %(objectname) %(*objectname) [10ms]
[2022-10-14T18:06:33.526Z] > git ls-files --stage -- /home/nunoamorim/ITI/index.html [11ms]
[2022-10-14T18:06:33.530Z] > git config --get commit.template [22ms]
[2022-10-14T18:06:33.532Z] > git cat-file -s baf584f57cdfe82326d9d370d767e3f6c6094166 [2ms]
[2022-10-14T18:06:35.104Z] > git config --local branch.master.github-pr-owner-number [82ms]
[2022-10-14T18:06:37.427Z] > git status -z -uall [56ms]
[2022-10-14T18:06:37.432Z] > git symbolic-ref --short HEAD [0ms]
[2022-10-14T18:06:37.438Z] > git for-each-ref --format=%(refname)%00%(upstream:short)%00%(objectname)%00%(upstream:track)%00%(upstream:remotename)%00%(upstream:remoteref) refs/heads/master refs/remotes/master [0ms]
[2022-10-14T18:06:37.448Z] > git remote --verbose [1ms]
[2022-10-14T18:06:37.448Z] > git for-each-ref --sort -committerdate --format %(refname) %(objectname) %(*objectname) [5ms]
[2022-10-14T18:06:37.545Z] > git config --get commit.template [4ms]
[2022-10-14T18:12:37.501Z] > git status -z -uall [80ms]
[2022-10-14T18:12:37.507Z] > git symbolic-ref --short HEAD [1ms]
[2022-10-14T18:12:37.513Z] > git for-each-ref --format=%(refname)%00%(upstream:short)%00%(objectname)%00%(upstream:track)%00%(upstream:remotename)%00%(upstream:remoteref) refs/heads/master refs/remotes/master [1ms]
[2022-10-14T18:12:37.529Z] > git for-each-ref --sort -committerdate --format %(refname) %(objectname) %(*objectname) [11ms]
[2022-10-14T18:12:37.530Z] > git remote --verbose [6ms]
[2022-10-14T18:12:37.611Z] > git config --get commit.template [4ms]
[2022-10-14T18:12:38.166Z] > git fetch [760ms]
[2022-10-14T18:12:38.172Z] > git fetch [759ms]
[2022-10-14T18:12:38.185Z] > git status -z -uall [13ms]
[2022-10-14T18:12:38.205Z] > git symbolic-ref --short HEAD [1ms]
[2022-10-14T18:12:38.205Z] fatal: ref HEAD is not a symbolic ref
[2022-10-14T18:12:38.227Z] > git rev-parse HEAD [10ms]
[2022-10-14T18:12:38.241Z] > git remote --verbose [1ms]
[2022-10-14T18:12:38.242Z] > git for-each-ref --sort -committerdate --format %(refname) %(objectname) %(*objectname) [9ms]
[2022-10-14T18:12:38.256Z] > git config --get commit.template [2ms]
[2022-10-14T18:12:38.284Z] > git status -z -uall [106ms]
[2022-10-14T18:12:38.290Z] > git symbolic-ref --short HEAD [1ms]
[2022-10-14T18:12:38.295Z] > git for-each-ref --format=%(refname)%00%(upstream:short)%00%(objectname)%00%(upstream:track)%00%(upstream:remotename)%00%(upstream:remoteref) refs/heads/master refs/remotes/master [1ms]
[2022-10-14T18:12:38.308Z] > git for-each-ref --sort -committerdate --format %(refname) %(objectname) %(*objectname) [7ms]
[2022-10-14T18:12:38.309Z] > git remote --verbose [2ms]
[2022-10-14T18:12:38.384Z] > git config --get commit.template [8ms]
[2022-10-14T18:12:39.382Z] > git status -z -uall [4ms]
[2022-10-14T18:12:39.388Z] > git symbolic-ref --short HEAD [1ms]
[2022-10-14T18:12:39.388Z] fatal: ref HEAD is not a symbolic ref
[2022-10-14T18:12:39.394Z] > git rev-parse HEAD [1ms]
[2022-10-14T18:12:39.403Z] > git remote --verbose [1ms]
[2022-10-14T18:12:39.404Z] > git for-each-ref --sort -committerdate --format %(refname) %(objectname) %(*objectname) [6ms]
[2022-10-14T18:12:39.410Z] > git config --get commit.template [1ms]
[2022-10-14T18:12:39.493Z] > git ls-files --stage -- /home/nunoamorim/ITI/index.html [5ms]
[2022-10-14T18:12:39.502Z] > git cat-file -s baf584f57cdfe82326d9d370d767e3f6c6094166 [2ms]
[2022-10-14T18:12:39.522Z] > git show --textconv :ITI/index.html [5ms]
[2022-10-14T18:12:42.680Z] > git status -z -uall [51ms]
[2022-10-14T18:12:42.686Z] > git symbolic-ref --short HEAD [1ms]
[2022-10-14T18:12:42.692Z] > git for-each-ref --format=%(refname)%00%(upstream:short)%00%(objectname)%00%(upstream:track)%00%(upstream:remotename)%00%(upstream:remoteref) refs/heads/master refs/remotes/master [1ms]
[2022-10-14T18:12:42.701Z] > git remote --verbose [1ms]
[2022-10-14T18:12:42.701Z] > git for-each-ref --sort -committerdate --format %(refname) %(objectname) %(*objectname) [5ms]
[2022-10-14T18:12:42.758Z] > git config --get commit.template [1ms]
[2022-10-14T18:12:47.231Z] > git show --textconv :ITI/server.js [10ms]
[2022-10-14T18:12:47.233Z] > git ls-files --stage -- /home/nunoamorim/ITI/server.js [4ms]
[2022-10-14T18:12:47.242Z] > git cat-file -s aa75b861277e8c6a02fbe8ee723554e425915825 [1ms]
[2022-10-14T18:12:51.419Z] > git status -z -uall [60ms]
[2022-10-14T18:12:51.425Z] > git symbolic-ref --short HEAD [1ms]
[2022-10-14T18:12:51.431Z] > git for-each-ref --format=%(refname)%00%(upstream:short)%00%(objectname)%00%(upstream:track)%00%(upstream:remotename)%00%(upstream:remoteref) refs/heads/master refs/remotes/master [1ms]
[2022-10-14T18:12:51.442Z] > git remote --verbose [1ms]
[2022-10-14T18:12:51.442Z] > git for-each-ref --sort -committerdate --format %(refname) %(objectname) %(*objectname) [6ms]
[2022-10-14T18:12:51.503Z] > git config --get commit.template [1ms]
[2022-10-14T18:13:10.599Z] > git status -z -uall [60ms]
[2022-10-14T18:13:10.605Z] > git symbolic-ref --short HEAD [1ms]
[2022-10-14T18:13:10.612Z] > git for-each-ref --format=%(refname)%00%(upstream:short)%00%(objectname)%00%(upstream:track)%00%(upstream:remotename)%00%(upstream:remoteref) refs/heads/master refs/remotes/master [1ms]
[2022-10-14T18:13:10.622Z] > git remote --verbose [1ms]
[2022-10-14T18:13:10.623Z] > git for-each-ref --sort -committerdate --format %(refname) %(objectname) %(*objectname) [6ms]
[2022-10-14T18:13:10.685Z] > git config --get commit.template [0ms]
[2022-10-14T18:13:15.755Z] > git status -z -uall [51ms]
[2022-10-14T18:13:15.762Z] > git symbolic-ref --short HEAD [1ms]
[2022-10-14T18:13:15.773Z] > git for-each-ref --format=%(refname)%00%(upstream:short)%00%(objectname)%00%(upstream:track)%00%(upstream:remotename)%00%(upstream:remoteref) refs/heads/master refs/remotes/master [5ms]
[2022-10-14T18:13:15.785Z] > git remote --verbose [1ms]
[2022-10-14T18:13:15.785Z] > git for-each-ref --sort -committerdate --format %(refname) %(objectname) %(*objectname) [6ms]
[2022-10-14T18:13:15.843Z] > git config --get commit.template [9ms]
[2022-10-14T18:13:20.903Z] > git status -z -uall [51ms]
[2022-10-14T18:13:20.910Z] > git symbolic-ref --short HEAD [2ms]
[2022-10-14T18:13:20.916Z] > git for-each-ref --format=%(refname)%00%(upstream:short)%00%(objectname)%00%(upstream:track)%00%(upstream:remotename)%00%(upstream:remoteref) refs/heads/master refs/remotes/master [1ms]
[2022-10-14T18:13:20.927Z] > git remote --verbose [1ms]
[2022-10-14T18:13:20.927Z] > git for-each-ref --sort -committerdate --format %(refname) %(objectname) %(*objectname) [6ms]
[2022-10-14T18:13:20.988Z] > git config --get commit.template [7ms]
[2022-10-14T18:13:26.065Z] > git status -z -uall [54ms]
[2022-10-14T18:13:26.070Z] > git symbolic-ref --short HEAD [0ms]
[2022-10-14T18:13:26.077Z] > git for-each-ref --format=%(refname)%00%(upstream:short)%00%(objectname)%00%(upstream:track)%00%(upstream:remotename)%00%(upstream:remoteref) refs/heads/master refs/remotes/master [1ms]
[2022-10-14T18:13:26.088Z] > git remote --verbose [2ms]
[2022-10-14T18:13:26.088Z] > git for-each-ref --sort -committerdate --format %(refname) %(objectname) %(*objectname) [6ms]
[2022-10-14T18:13:26.146Z] > git config --get commit.template [8ms]
[2022-10-14T18:13:31.818Z] > git status -z -uall [66ms]
[2022-10-14T18:13:31.824Z] > git symbolic-ref --short HEAD [1ms]
[2022-10-14T18:13:31.831Z] > git for-each-ref --format=%(refname)%00%(upstream:short)%00%(objectname)%00%(upstream:track)%00%(upstream:remotename)%00%(upstream:remoteref) refs/heads/master refs/remotes/master [1ms]
[2022-10-14T18:13:31.841Z] > git remote --verbose [1ms]
[2022-10-14T18:13:31.841Z] > git for-each-ref --sort -committerdate --format %(refname) %(objectname) %(*objectname) [5ms]
[2022-10-14T18:13:31.898Z] > git config --get commit.template [1ms]
[2022-10-14T18:22:15.123Z] > git status -z -uall [78ms]
[2022-10-14T18:22:15.129Z] > git symbolic-ref --short HEAD [1ms]
[2022-10-14T18:22:15.135Z] > git for-each-ref --format=%(refname)%00%(upstream:short)%00%(objectname)%00%(upstream:track)%00%(upstream:remotename)%00%(upstream:remoteref) refs/heads/master refs/remotes/master [0ms]
[2022-10-14T18:22:15.153Z] > git remote --verbose [1ms]
[2022-10-14T18:22:15.153Z] > git for-each-ref --sort -committerdate --format %(refname) %(objectname) %(*objectname) [12ms]
[2022-10-14T18:22:15.220Z] > git config --get commit.template [1ms]
[2022-10-14T18:22:15.760Z] > git fetch [727ms]
[2022-10-14T18:22:15.765Z] > git fetch [727ms]
[2022-10-14T18:22:15.783Z] > git status -z -uall [18ms]
[2022-10-14T18:22:15.800Z] > git symbolic-ref --short HEAD [3ms]
[2022-10-14T18:22:15.800Z] fatal: ref HEAD is not a symbolic ref
[2022-10-14T18:22:15.821Z] > git rev-parse HEAD [8ms]
[2022-10-14T18:22:15.837Z] > git remote --verbose [1ms]
[2022-10-14T18:22:15.837Z] > git for-each-ref --sort -committerdate --format %(refname) %(objectname) %(*objectname) [9ms]
[2022-10-14T18:22:15.851Z] > git config --get commit.template [2ms]
[2022-10-14T18:22:15.880Z] > git status -z -uall [109ms]
[2022-10-14T18:22:15.886Z] > git symbolic-ref --short HEAD [1ms]
[2022-10-14T18:22:15.892Z] > git for-each-ref --format=%(refname)%00%(upstream:short)%00%(objectname)%00%(upstream:track)%00%(upstream:remotename)%00%(upstream:remoteref) refs/heads/master refs/remotes/master [0ms]
[2022-10-14T18:22:15.910Z] > git remote --verbose [2ms]
[2022-10-14T18:22:15.911Z] > git for-each-ref --sort -committerdate --format %(refname) %(objectname) %(*objectname) [13ms]
[2022-10-14T18:22:15.983Z] > git config --get commit.template [8ms]
[2022-10-14T18:22:16.997Z] > git status -z -uall [7ms]
[2022-10-14T18:22:17.007Z] > git symbolic-ref --short HEAD [1ms]
[2022-10-14T18:22:17.007Z] fatal: ref HEAD is not a symbolic ref
[2022-10-14T18:22:17.018Z] > git rev-parse HEAD [2ms]
[2022-10-14T18:22:17.033Z] > git remote --verbose [1ms]
[2022-10-14T18:22:17.033Z] > git for-each-ref --sort -committerdate --format %(refname) %(objectname) %(*objectname) [8ms]
[2022-10-14T18:22:17.041Z] > git config --get commit.template [1ms]
[2022-10-14T18:22:17.098Z] > git ls-files --stage -- /home/nunoamorim/ITI/server.js [1ms]
[2022-10-14T18:22:17.105Z] > git cat-file -s aa75b861277e8c6a02fbe8ee723554e425915825 [1ms]
[2022-10-14T18:22:17.159Z] > git show --textconv :ITI/server.js [5ms]
[2022-10-14T18:22:20.296Z] > git status -z -uall [65ms]
[2022-10-14T18:22:20.301Z] > git symbolic-ref --short HEAD [0ms]
[2022-10-14T18:22:20.308Z] > git for-each-ref --format=%(refname)%00%(upstream:short)%00%(objectname)%00%(upstream:track)%00%(upstream:remotename)%00%(upstream:remoteref) refs/heads/master refs/remotes/master [1ms]
[2022-10-14T18:22:20.319Z] > git remote --verbose [1ms]
[2022-10-14T18:22:20.319Z] > git for-each-ref --sort -committerdate --format %(refname) %(objectname) %(*objectname) [6ms]
[2022-10-14T18:22:20.378Z] > git config --get commit.template [8ms]
[2022-10-14T18:22:25.454Z] > git status -z -uall [54ms]
[2022-10-14T18:22:25.461Z] > git symbolic-ref --short HEAD [1ms]
[2022-10-14T18:22:25.467Z] > git for-each-ref --format=%(refname)%00%(upstream:short)%00%(objectname)%00%(upstream:track)%00%(upstream:remotename)%00%(upstream:remoteref) refs/heads/master refs/remotes/master [1ms]
[2022-10-14T18:22:25.478Z] > git remote --verbose [1ms]
[2022-10-14T18:22:25.478Z] > git for-each-ref --sort -committerdate --format %(refname) %(objectname) %(*objectname) [6ms]
[2022-10-14T18:22:25.536Z] > git config --get commit.template [7ms]
[2022-10-14T18:25:55.820Z] > git status -z -uall [76ms]
[2022-10-14T18:25:55.827Z] > git symbolic-ref --short HEAD [1ms]
[2022-10-14T18:25:55.834Z] > git for-each-ref --format=%(refname)%00%(upstream:short)%00%(objectname)%00%(upstream:track)%00%(upstream:remotename)%00%(upstream:remoteref) refs/heads/master refs/remotes/master [1ms]
[2022-10-14T18:25:55.843Z] > git remote --verbose [1ms]
[2022-10-14T18:25:55.844Z] > git for-each-ref --sort -committerdate --format %(refname) %(objectname) %(*objectname) [6ms]
[2022-10-14T18:25:55.908Z] > git config --get commit.template [1ms]
[2022-10-14T18:25:56.427Z] > git fetch [688ms]
[2022-10-14T18:25:56.479Z] > git fetch [751ms]
[2022-10-14T18:25:56.489Z] > git status -z -uall [4ms]
[2022-10-14T18:25:56.496Z] > git symbolic-ref --short HEAD [2ms]
[2022-10-14T18:25:56.496Z] fatal: ref HEAD is not a symbolic ref
[2022-10-14T18:25:56.505Z] > git rev-parse HEAD [4ms]
[2022-10-14T18:25:56.523Z] > git remote --verbose [1ms]
[2022-10-14T18:25:56.530Z] > git for-each-ref --sort -committerdate --format %(refname) %(objectname) %(*objectname) [16ms]
[2022-10-14T18:25:56.548Z] > git status -z -uall [115ms]
[2022-10-14T18:25:56.555Z] > git config --get commit.template [10ms]
[2022-10-14T18:25:56.556Z] > git symbolic-ref --short HEAD [1ms]
[2022-10-14T18:25:56.564Z] > git for-each-ref --format=%(refname)%00%(upstream:short)%00%(objectname)%00%(upstream:track)%00%(upstream:remotename)%00%(upstream:remoteref) refs/heads/master refs/remotes/master [1ms]
[2022-10-14T18:25:56.580Z] > git remote --verbose [1ms]
[2022-10-14T18:25:56.580Z] > git for-each-ref --sort -committerdate --format %(refname) %(objectname) %(*objectname) [9ms]
[2022-10-14T18:25:56.642Z] > git config --get commit.template [7ms]
[2022-10-14T18:25:58.162Z] > git status -z -uall [4ms]
[2022-10-14T18:25:58.168Z] > git symbolic-ref --short HEAD [0ms]
[2022-10-14T18:25:58.168Z] fatal: ref HEAD is not a symbolic ref
[2022-10-14T18:25:58.175Z] > git rev-parse HEAD [1ms]
[2022-10-14T18:25:58.186Z] > git remote --verbose [1ms]
[2022-10-14T18:25:58.186Z] > git for-each-ref --sort -committerdate --format %(refname) %(objectname) %(*objectname) [6ms]
[2022-10-14T18:25:58.193Z] > git config --get commit.template [0ms]
[2022-10-14T18:25:58.267Z] > git ls-files --stage -- /home/nunoamorim/ITI/server.js [4ms]
[2022-10-14T18:25:58.275Z] > git cat-file -s aa75b861277e8c6a02fbe8ee723554e425915825 [1ms]
[2022-10-14T18:25:58.299Z] > git show --textconv :ITI/server.js [10ms]
[2022-10-14T18:26:00.970Z] > git status -z -uall [50ms]
[2022-10-14T18:26:00.976Z] > git symbolic-ref --short HEAD [1ms]
[2022-10-14T18:26:00.982Z] > git for-each-ref --format=%(refname)%00%(upstream:short)%00%(objectname)%00%(upstream:track)%00%(upstream:remotename)%00%(upstream:remoteref) refs/heads/master refs/remotes/master [1ms]
[2022-10-14T18:26:00.994Z] > git remote --verbose [1ms]
[2022-10-14T18:26:00.994Z] > git for-each-ref --sort -committerdate --format %(refname) %(objectname) %(*objectname) [6ms]
[2022-10-14T18:26:01.054Z] > git config --get commit.template [8ms]
[2022-10-14T18:31:11.374Z] > git status -z -uall [88ms]
[2022-10-14T18:31:11.382Z] > git symbolic-ref --short HEAD [1ms]
[2022-10-14T18:31:11.389Z] > git for-each-ref --format=%(refname)%00%(upstream:short)%00%(objectname)%00%(upstream:track)%00%(upstream:remotename)%00%(upstream:remoteref) refs/heads/master refs/remotes/master [1ms]
[2022-10-14T18:31:11.403Z] > git remote --verbose [1ms]
[2022-10-14T18:31:11.404Z] > git for-each-ref --sort -committerdate --format %(refname) %(objectname) %(*objectname) [8ms]
[2022-10-14T18:31:11.481Z] > git config --get commit.template [4ms]
[2022-10-14T18:31:11.993Z] > git fetch [724ms]
[2022-10-14T18:31:12.001Z] > git fetch [723ms]
[2022-10-14T18:31:12.022Z] > git status -z -uall [22ms]
[2022-10-14T18:31:12.045Z] > git symbolic-ref --short HEAD [13ms]
[2022-10-14T18:31:12.045Z] fatal: ref HEAD is not a symbolic ref
[2022-10-14T18:31:12.058Z] > git rev-parse HEAD [1ms]
[2022-10-14T18:31:12.071Z] > git for-each-ref --sort -committerdate --format %(refname) %(objectname) %(*objectname) [7ms]
[2022-10-14T18:31:12.072Z] > git remote --verbose [2ms]
[2022-10-14T18:31:12.080Z] > git config --get commit.template [1ms]
[2022-10-14T18:31:12.112Z] > git status -z -uall [105ms]
[2022-10-14T18:31:12.119Z] > git symbolic-ref --short HEAD [1ms]
[2022-10-14T18:31:12.132Z] > git for-each-ref --format=%(refname)%00%(upstream:short)%00%(objectname)%00%(upstream:track)%00%(upstream:remotename)%00%(upstream:remoteref) refs/heads/master refs/remotes/master [2ms]
[2022-10-14T18:31:12.147Z] > git remote --verbose [1ms]
[2022-10-14T18:31:12.147Z] > git for-each-ref --sort -committerdate --format %(refname) %(objectname) %(*objectname) [9ms]
[2022-10-14T18:31:12.211Z] > git config --get commit.template [7ms]
[2022-10-14T18:31:56.807Z] > git status -z -uall [6ms]
[2022-10-14T18:31:56.826Z] > git symbolic-ref --short HEAD [9ms]
[2022-10-14T18:31:56.826Z] fatal: ref HEAD is not a symbolic ref
[2022-10-14T18:31:56.833Z] > git ls-files --stage -- /home/nunoamorim/ITI/server.js [8ms]
[2022-10-14T18:31:56.839Z] > git rev-parse HEAD [8ms]
[2022-10-14T18:31:56.848Z] > git remote --verbose [1ms]
[2022-10-14T18:31:56.849Z] > git for-each-ref --sort -committerdate --format %(refname) %(objectname) %(*objectname) [6ms]
[2022-10-14T18:31:56.850Z] > git cat-file -s aa75b861277e8c6a02fbe8ee723554e425915825 [12ms]
[2022-10-14T18:31:56.857Z] > git config --get commit.template [0ms]
[2022-10-14T18:31:56.868Z] > git show --textconv :ITI/server.js [4ms]
[2022-10-14T18:31:56.880Z] > git status -z -uall [73ms]
[2022-10-14T18:31:56.886Z] > git symbolic-ref --short HEAD [1ms]
[2022-10-14T18:31:56.892Z] > git for-each-ref --format=%(refname)%00%(upstream:short)%00%(objectname)%00%(upstream:track)%00%(upstream:remotename)%00%(upstream:remoteref) refs/heads/master refs/remotes/master [1ms]
[2022-10-14T18:31:56.901Z] > git remote --verbose [1ms]
[2022-10-14T18:31:56.902Z] > git for-each-ref --sort -committerdate --format %(refname) %(objectname) %(*objectname) [5ms]
[2022-10-14T18:31:56.976Z] > git config --get commit.template [3ms]
[2022-10-14T18:32:13.704Z] > git status -z -uall [74ms]
[2022-10-14T18:32:13.711Z] > git symbolic-ref --short HEAD [1ms]
[2022-10-14T18:32:13.717Z] > git for-each-ref --format=%(refname)%00%(upstream:short)%00%(objectname)%00%(upstream:track)%00%(upstream:remotename)%00%(upstream:remoteref) refs/heads/master refs/remotes/master [1ms]
[2022-10-14T18:32:13.732Z] > git remote --verbose [1ms]
[2022-10-14T18:32:13.732Z] > git for-each-ref --sort -committerdate --format %(refname) %(objectname) %(*objectname) [9ms]
[2022-10-14T18:32:13.803Z] > git config --get commit.template [4ms]
[2022-10-14T18:32:26.399Z] > git status -z -uall [69ms]
[2022-10-14T18:32:26.408Z] > git symbolic-ref --short HEAD [1ms]
[2022-10-14T18:32:26.415Z] > git for-each-ref --format=%(refname)%00%(upstream:short)%00%(objectname)%00%(upstream:track)%00%(upstream:remotename)%00%(upstream:remoteref) refs/heads/master refs/remotes/master [1ms]
[2022-10-14T18:32:26.428Z] > git remote --verbose [1ms]
[2022-10-14T18:32:26.429Z] > git for-each-ref --sort -committerdate --format %(refname) %(objectname) %(*objectname) [6ms]
[2022-10-14T18:32:26.496Z] > git config --get commit.template [9ms]
[2022-10-14T18:32:45.182Z] > git status -z -uall [72ms]
[2022-10-14T18:32:45.190Z] > git symbolic-ref --short HEAD [1ms]
[2022-10-14T18:32:45.198Z] > git for-each-ref --format=%(refname)%00%(upstream:short)%00%(objectname)%00%(upstream:track)%00%(upstream:remotename)%00%(upstream:remoteref) refs/heads/master refs/remotes/master [2ms]
[2022-10-14T18:32:45.212Z] > git remote --verbose [1ms]
[2022-10-14T18:32:45.212Z] > git for-each-ref --sort -committerdate --format %(refname) %(objectname) %(*objectname) [7ms]
[2022-10-14T18:32:45.287Z] > git config --get commit.template [10ms]
[2022-10-14T18:32:50.371Z] > git status -z -uall [66ms]
[2022-10-14T18:32:50.379Z] > git symbolic-ref --short HEAD [2ms]
[2022-10-14T18:32:50.390Z] > git for-each-ref --format=%(refname)%00%(upstream:short)%00%(objectname)%00%(upstream:track)%00%(upstream:remotename)%00%(upstream:remoteref) refs/heads/master refs/remotes/master [1ms]
[2022-10-14T18:32:50.407Z] > git remote --verbose [1ms]
[2022-10-14T18:32:50.408Z] > git for-each-ref --sort -committerdate --format %(refname) %(objectname) %(*objectname) [10ms]
[2022-10-14T18:32:50.480Z] > git config --get commit.template [1ms]
[2022-10-14T18:32:55.556Z] > git status -z -uall [56ms]
[2022-10-14T18:32:55.562Z] > git symbolic-ref --short HEAD [0ms]
[2022-10-14T18:32:55.570Z] > git for-each-ref --format=%(refname)%00%(upstream:short)%00%(objectname)%00%(upstream:track)%00%(upstream:remotename)%00%(upstream:remoteref) refs/heads/master refs/remotes/master [1ms]
[2022-10-14T18:32:55.582Z] > git remote --verbose [1ms]
[2022-10-14T18:32:55.582Z] > git for-each-ref --sort -committerdate --format %(refname) %(objectname) %(*objectname) [7ms]
[2022-10-14T18:32:55.641Z] > git config --get commit.template [7ms]
[2022-10-14T18:33:52.843Z] > git status -z -uall [74ms]
[2022-10-14T18:33:52.849Z] > git symbolic-ref --short HEAD [1ms]
[2022-10-14T18:33:52.854Z] > git for-each-ref --format=%(refname)%00%(upstream:short)%00%(objectname)%00%(upstream:track)%00%(upstream:remotename)%00%(upstream:remoteref) refs/heads/master refs/remotes/master [1ms]
[2022-10-14T18:33:52.866Z] > git for-each-ref --sort -committerdate --format %(refname) %(objectname) %(*objectname) [6ms]
[2022-10-14T18:33:52.866Z] > git remote --verbose [1ms]
[2022-10-14T18:33:52.933Z] > git config --get commit.template [1ms]
[2022-10-14T18:33:58.006Z] > git status -z -uall [54ms]
[2022-10-14T18:33:58.012Z] > git symbolic-ref --short HEAD [1ms]
[2022-10-14T18:33:58.018Z] > git for-each-ref --format=%(refname)%00%(upstream:short)%00%(objectname)%00%(upstream:track)%00%(upstream:remotename)%00%(upstream:remoteref) refs/heads/master refs/remotes/master [1ms]
[2022-10-14T18:33:58.029Z] > git remote --verbose [1ms]
[2022-10-14T18:33:58.030Z] > git for-each-ref --sort -committerdate --format %(refname) %(objectname) %(*objectname) [7ms]
[2022-10-14T18:33:58.090Z] > git config --get commit.template [8ms]
[2022-10-14T18:35:05.636Z] > git status -z -uall [75ms]
[2022-10-14T18:35:05.642Z] > git symbolic-ref --short HEAD [1ms]
[2022-10-14T18:35:05.648Z] > git for-each-ref --format=%(refname)%00%(upstream:short)%00%(objectname)%00%(upstream:track)%00%(upstream:remotename)%00%(upstream:remoteref) refs/heads/master refs/remotes/master [1ms]
[2022-10-14T18:35:05.661Z] > git for-each-ref --sort -committerdate --format %(refname) %(objectname) %(*objectname) [7ms]
[2022-10-14T18:35:05.661Z] > git remote --verbose [2ms]
[2022-10-14T18:35:05.737Z] > git config --get commit.template [3ms]
[2022-10-14T18:35:06.383Z] > git fetch [838ms]
[2022-10-14T18:35:06.391Z] > git fetch [836ms]
[2022-10-14T18:35:06.407Z] > git status -z -uall [17ms]
[2022-10-14T18:35:06.451Z] > git symbolic-ref --short HEAD [20ms]
[2022-10-14T18:35:06.451Z] fatal: ref HEAD is not a symbolic ref
[2022-10-14T18:35:06.468Z] > git rev-parse HEAD [2ms]
[2022-10-14T18:35:06.497Z] > git remote --verbose [3ms]
[2022-10-14T18:35:06.498Z] > git for-each-ref --sort -committerdate --format %(refname) %(objectname) %(*objectname) [14ms]
[2022-10-14T18:35:06.514Z] > git config --get commit.template [1ms]
[2022-10-14T18:35:06.542Z] > git status -z -uall [143ms]
[2022-10-14T18:35:06.552Z] > git symbolic-ref --short HEAD [1ms]
[2022-10-14T18:35:06.561Z] > git for-each-ref --format=%(refname)%00%(upstream:short)%00%(objectname)%00%(upstream:track)%00%(upstream:remotename)%00%(upstream:remoteref) refs/heads/master refs/remotes/master [2ms]
[2022-10-14T18:35:06.583Z] > git for-each-ref --sort -committerdate --format %(refname) %(objectname) %(*objectname) [12ms]
[2022-10-14T18:35:06.583Z] > git remote --verbose [2ms]
[2022-10-14T18:35:06.681Z] > git config --get commit.template [8ms]
[2022-10-14T18:35:07.539Z] > git ls-files --stage -- /home/nunoamorim/ITI/server.js [3ms]
[2022-10-14T18:35:07.547Z] > git cat-file -s aa75b861277e8c6a02fbe8ee723554e425915825 [1ms]
[2022-10-14T18:35:07.572Z] > git show --textconv :ITI/server.js [4ms]
[2022-10-14T18:35:10.803Z] > git status -z -uall [59ms]
[2022-10-14T18:35:10.811Z] > git symbolic-ref --short HEAD [1ms]
[2022-10-14T18:35:10.821Z] > git for-each-ref --format=%(refname)%00%(upstream:short)%00%(objectname)%00%(upstream:track)%00%(upstream:remotename)%00%(upstream:remoteref) refs/heads/master refs/remotes/master [2ms]
[2022-10-14T18:35:10.839Z] > git remote --verbose [1ms]
[2022-10-14T18:35:10.840Z] > git for-each-ref --sort -committerdate --format %(refname) %(objectname) %(*objectname) [11ms]
[2022-10-14T18:35:10.938Z] > git config --get commit.template [1ms]
[2022-10-14T18:35:16.006Z] > git status -z -uall [59ms]
[2022-10-14T18:35:16.015Z] > git symbolic-ref --short HEAD [1ms]
[2022-10-14T18:35:16.023Z] > git for-each-ref --format=%(refname)%00%(upstream:short)%00%(objectname)%00%(upstream:track)%00%(upstream:remotename)%00%(upstream:remoteref) refs/heads/master refs/remotes/master [1ms]
[2022-10-14T18:35:16.040Z] > git for-each-ref --sort -committerdate --format %(refname) %(objectname) %(*objectname) [9ms]
[2022-10-14T18:35:16.041Z] > git remote --verbose [1ms]
[2022-10-14T18:35:16.118Z] > git config --get commit.template [1ms]
[2022-10-14T18:35:21.184Z] > git status -z -uall [58ms]
[2022-10-14T18:35:21.191Z] > git symbolic-ref --short HEAD [1ms]
[2022-10-14T18:35:21.199Z] > git for-each-ref --format=%(refname)%00%(upstream:short)%00%(objectname)%00%(upstream:track)%00%(upstream:remotename)%00%(upstream:remoteref) refs/heads/master refs/remotes/master [2ms]
[2022-10-14T18:35:21.212Z] > git remote --verbose [1ms]
[2022-10-14T18:35:21.212Z] > git for-each-ref --sort -committerdate --format %(refname) %(objectname) %(*objectname) [7ms]
[2022-10-14T18:35:21.276Z] > git config --get commit.template [8ms]
[2022-10-14T18:35:26.356Z] > git status -z -uall [62ms]
[2022-10-14T18:35:26.363Z] > git symbolic-ref --short HEAD [1ms]
[2022-10-14T18:35:26.370Z] > git for-each-ref --format=%(refname)%00%(upstream:short)%00%(objectname)%00%(upstream:track)%00%(upstream:remotename)%00%(upstream:remoteref) refs/heads/master refs/remotes/master [1ms]
[2022-10-14T18:35:26.382Z] > git remote --verbose [1ms]
[2022-10-14T18:35:26.382Z] > git for-each-ref --sort -committerdate --format %(refname) %(objectname) %(*objectname) [7ms]
[2022-10-14T18:35:26.434Z] > git config --get commit.template [0ms]
[2022-10-14T18:35:53.970Z] > git status -z -uall [67ms]
[2022-10-14T18:35:53.978Z] > git symbolic-ref --short HEAD [1ms]
[2022-10-14T18:35:53.986Z] > git for-each-ref --format=%(refname)%00%(upstream:short)%00%(objectname)%00%(upstream:track)%00%(upstream:remotename)%00%(upstream:remoteref) refs/heads/master refs/remotes/master [1ms]
[2022-10-14T18:35:54.002Z] > git remote --verbose [2ms]
[2022-10-14T18:35:54.002Z] > git for-each-ref --sort -committerdate --format %(refname) %(objectname) %(*objectname) [8ms]
[2022-10-14T18:35:54.074Z] > git config --get commit.template [1ms]
[2022-10-14T18:42:58.449Z] > git status -z -uall [80ms]
[2022-10-14T18:42:58.455Z] > git symbolic-ref --short HEAD [1ms]
[2022-10-14T18:42:58.461Z] > git for-each-ref --format=%(refname)%00%(upstream:short)%00%(objectname)%00%(upstream:track)%00%(upstream:remotename)%00%(upstream:remoteref) refs/heads/master refs/remotes/master [1ms]
[2022-10-14T18:42:58.473Z] > git remote --verbose [1ms]
[2022-10-14T18:42:58.473Z] > git for-each-ref --sort -committerdate --format %(refname) %(objectname) %(*objectname) [7ms]
[2022-10-14T18:42:58.548Z] > git config --get commit.template [3ms]
[2022-10-14T18:42:59.081Z] > git fetch [719ms]
[2022-10-14T18:42:59.101Z] > git fetch [749ms]
[2022-10-14T18:42:59.134Z] > git status -z -uall [10ms]
[2022-10-14T18:42:59.145Z] > git symbolic-ref --short HEAD [2ms]
[2022-10-14T18:42:59.145Z] fatal: ref HEAD is not a symbolic ref
[2022-10-14T18:42:59.162Z] > git rev-parse HEAD [9ms]
[2022-10-14T18:42:59.195Z] > git remote --verbose [2ms]
[2022-10-14T18:42:59.195Z] > git for-each-ref --sort -committerdate --format %(refname) %(objectname) %(*objectname) [15ms]
[2022-10-14T18:42:59.213Z] > git config --get commit.template [3ms]
[2022-10-14T18:42:59.215Z] > git status -z -uall [127ms]
[2022-10-14T18:42:59.221Z] > git symbolic-ref --short HEAD [0ms]
[2022-10-14T18:42:59.231Z] > git for-each-ref --format=%(refname)%00%(upstream:short)%00%(objectname)%00%(upstream:track)%00%(upstream:remotename)%00%(upstream:remoteref) refs/heads/master refs/remotes/master [2ms]
[2022-10-14T18:42:59.241Z] > git for-each-ref --sort -committerdate --format %(refname) %(objectname) %(*objectname) [5ms]
[2022-10-14T18:42:59.242Z] > git remote --verbose [2ms]
[2022-10-14T18:42:59.318Z] > git config --get commit.template [5ms]
[2022-10-14T18:43:11.959Z] > git status -z -uall [8ms]
[2022-10-14T18:43:11.980Z] > git symbolic-ref --short HEAD [11ms]
[2022-10-14T18:43:11.980Z] fatal: ref HEAD is not a symbolic ref
[2022-10-14T18:43:11.988Z] > git ls-files --stage -- /home/nunoamorim/ITI/server.js [9ms]
[2022-10-14T18:43:11.994Z] > git rev-parse HEAD [7ms]
[2022-10-14T18:43:12.007Z] > git for-each-ref --sort -committerdate --format %(refname) %(objectname) %(*objectname) [6ms]
[2022-10-14T18:43:12.007Z] > git cat-file -s aa75b861277e8c6a02fbe8ee723554e425915825 [13ms]
[2022-10-14T18:43:12.008Z] > git remote --verbose [2ms]
[2022-10-14T18:43:12.015Z] > git config --get commit.template [0ms]
[2022-10-14T18:43:12.026Z] > git status -z -uall [68ms]
[2022-10-14T18:43:12.032Z] > git show --textconv :ITI/server.js [9ms]
[2022-10-14T18:43:12.034Z] > git symbolic-ref --short HEAD [2ms]
[2022-10-14T18:43:12.041Z] > git for-each-ref --format=%(refname)%00%(upstream:short)%00%(objectname)%00%(upstream:track)%00%(upstream:remotename)%00%(upstream:remoteref) refs/heads/master refs/remotes/master [1ms]
[2022-10-14T18:43:12.052Z] > git remote --verbose [1ms]
[2022-10-14T18:43:12.053Z] > git for-each-ref --sort -committerdate --format %(refname) %(objectname) %(*objectname) [5ms]
[2022-10-14T18:43:12.109Z] > git config --get commit.template [1ms]
[2022-10-14T18:43:17.182Z] > git status -z -uall [61ms]
[2022-10-14T18:43:17.191Z] > git symbolic-ref --short HEAD [1ms]
[2022-10-14T18:43:17.200Z] > git for-each-ref --format=%(refname)%00%(upstream:short)%00%(objectname)%00%(upstream:track)%00%(upstream:remotename)%00%(upstream:remoteref) refs/heads/master refs/remotes/master [2ms]
[2022-10-14T18:43:17.214Z] > git for-each-ref --sort -committerdate --format %(refname) %(objectname) %(*objectname) [8ms]
[2022-10-14T18:43:17.214Z] > git remote --verbose [2ms]
[2022-10-14T18:43:17.294Z] > git config --get commit.template [3ms]
[2022-10-14T18:48:50.677Z] > git status -z -uall [84ms]
[2022-10-14T18:48:50.690Z] > git symbolic-ref --short HEAD [2ms]
[2022-10-14T18:48:50.699Z] > git for-each-ref --format=%(refname)%00%(upstream:short)%00%(objectname)%00%(upstream:track)%00%(upstream:remotename)%00%(upstream:remoteref) refs/heads/master refs/remotes/master [2ms]
[2022-10-14T18:48:50.716Z] > git remote --verbose [1ms]
[2022-10-14T18:48:50.716Z] > git for-each-ref --sort -committerdate --format %(refname) %(objectname) %(*objectname) [9ms]
[2022-10-14T18:48:50.832Z] > git config --get commit.template [18ms]
[2022-10-14T18:48:51.642Z] > git fetch [1066ms]
[2022-10-14T18:48:51.651Z] > git fetch [1068ms]
[2022-10-14T18:48:51.670Z] > git status -z -uall [19ms]
[2022-10-14T18:48:51.697Z] > git symbolic-ref --short HEAD [1ms]
[2022-10-14T18:48:51.697Z] fatal: ref HEAD is not a symbolic ref
[2022-10-14T18:48:51.715Z] > git rev-parse HEAD [1ms]
[2022-10-14T18:48:51.764Z] > git for-each-ref --sort -committerdate --format %(refname) %(objectname) %(*objectname) [35ms]
[2022-10-14T18:48:51.765Z] > git remote --verbose [22ms]
[2022-10-14T18:48:51.789Z] > git config --get commit.template [2ms]
[2022-10-14T18:48:51.819Z] > git status -z -uall [158ms]
[2022-10-14T18:48:51.827Z] > git symbolic-ref --short HEAD [1ms]
[2022-10-14T18:48:51.837Z] > git for-each-ref --format=%(refname)%00%(upstream:short)%00%(objectname)%00%(upstream:track)%00%(upstream:remotename)%00%(upstream:remoteref) refs/heads/master refs/remotes/master [2ms]
[2022-10-14T18:48:51.857Z] > git remote --verbose [2ms]
[2022-10-14T18:48:51.858Z] > git for-each-ref --sort -committerdate --format %(refname) %(objectname) %(*objectname) [14ms]
[2022-10-14T18:48:51.988Z] > git config --get commit.template [10ms]
[2022-10-14T18:48:52.764Z] > git ls-files --stage -- /home/nunoamorim/ITI/server.js [6ms]
[2022-10-14T18:48:52.775Z] > git cat-file -s aa75b861277e8c6a02fbe8ee723554e425915825 [3ms]
[2022-10-14T18:48:52.800Z] > git show --textconv :ITI/server.js [7ms]
