2022-12-26 17:17:10.775 [info] Log level: Info
2022-12-26 17:17:10.776 [info] Validating found git in: "git"
2022-12-26 17:17:10.776 [info] Using git "2.25.1" from "git"
2022-12-26 17:17:10.777 [info] > git rev-parse --show-toplevel [224ms]
2022-12-26 17:17:10.777 [info] > git rev-parse --git-dir --git-common-dir [191ms]
2022-12-26 17:17:10.777 [info] Open repository: /home/nunoamorim
2022-12-26 17:17:10.781 [info] > git rev-parse --show-toplevel [29ms]
2022-12-26 17:17:10.845 [info] > git config --get commit.template [77ms]
2022-12-26 17:17:10.853 [info] > git rev-parse --show-toplevel [59ms]
2022-12-26 17:17:10.888 [info] > git for-each-ref --format=%(refname)%00%(upstream:short)%00%(objectname)%00%(upstream:track)%00%(upstream:remotename)%00%(upstream:remoteref) refs/heads/master refs/remotes/master [6ms]
2022-12-26 17:17:10.929 [info] > git rev-parse --show-toplevel [61ms]
2022-12-26 17:17:10.942 [info] > git for-each-ref --sort -committerdate --format %(refname) %(objectname) %(*objectname) [14ms]
2022-12-26 17:17:10.944 [info] > git rev-parse --show-toplevel [4ms]
2022-12-26 17:17:10.955 [info] > git rev-parse --show-toplevel [1ms]
2022-12-26 17:17:10.964 [info] > git rev-parse --show-toplevel [2ms]
2022-12-26 17:17:11.278 [info] > git rev-parse --show-toplevel [304ms]
2022-12-26 17:17:11.291 [info] > git rev-parse --git-dir --git-common-dir [2ms]
2022-12-26 17:17:11.309 [info] Open repository: /home/nunoamorim/.nvm
2022-12-26 17:17:11.336 [info] > git rev-parse --show-toplevel [13ms]
2022-12-26 17:17:11.355 [info] > git rev-parse --show-toplevel [10ms]
2022-12-26 17:17:11.370 [info] > git config --get commit.template [33ms]
2022-12-26 17:17:11.372 [info] > git rev-parse --show-toplevel [3ms]
2022-12-26 17:17:11.421 [info] > git status -z -uall [24ms]
2022-12-26 17:17:11.421 [info] > git for-each-ref --sort -committerdate --format %(refname) %(objectname) %(*objectname) [11ms]
2022-12-26 17:17:11.430 [info] > git rev-parse --show-toplevel [45ms]
2022-12-26 17:17:11.454 [info] > git rev-parse --show-toplevel [16ms]
2022-12-26 17:17:11.468 [info] > git config --get commit.template [16ms]
2022-12-26 17:17:11.511 [info] > git status -z -uall [594ms] (cancelled)
2022-12-26 17:17:11.512 [info] > git status -z -uall [16ms]
2022-12-26 17:17:11.540 [info] > git for-each-ref --sort -committerdate --format %(refname) %(objectname) %(*objectname) [30ms]
2022-12-26 17:17:11.585 [info] > git check-ignore -v -z --stdin [56ms]
2022-12-26 17:17:11.754 [info] > git show --textconv :ITI2/docker-compose.yml [63ms]
2022-12-26 17:17:11.779 [info] > git ls-files --stage -- /home/nunoamorim/ITI2/docker-compose.yml [76ms]
2022-12-26 17:17:12.274 [info] > git check-ignore -v -z --stdin [135ms]
2022-12-26 17:17:12.278 [info] > git check-ignore -v -z --stdin [124ms]
2022-12-26 17:17:12.896 [info] > git ls-files --stage -- /home/nunoamorim/ITI2/docker-compose.yml [8ms]
2022-12-26 17:17:12.916 [info] > git show --textconv :ITI2/docker-compose.yml [5ms]
2022-12-26 17:17:14.592 [info] > git fetch [3283ms]
2022-12-26 17:17:14.593 [info] > git fetch [3861ms]
2022-12-26 17:17:14.694 [info] > git config --get commit.template [127ms]
2022-12-26 17:17:14.697 [info] > git config --get commit.template [4ms]
2022-12-26 17:17:14.698 [info] > git config --get commit.template [21ms]
2022-12-26 17:17:14.747 [info] > git status -z -uall [24ms]
2022-12-26 17:17:14.747 [info] > git for-each-ref --format=%(refname)%00%(upstream:short)%00%(objectname)%00%(upstream:track)%00%(upstream:remotename)%00%(upstream:remoteref) refs/heads/master refs/remotes/master [35ms]
2022-12-26 17:17:14.754 [info] > git for-each-ref --format=%(refname)%00%(upstream:short)%00%(objectname)%00%(upstream:track)%00%(upstream:remotename)%00%(upstream:remoteref) refs/heads/master refs/remotes/master [8ms]
2022-12-26 17:17:14.783 [info] > git for-each-ref --sort -committerdate --format %(refname) %(objectname) %(*objectname) [49ms]
2022-12-26 17:17:14.790 [info] > git for-each-ref --sort -committerdate --format %(refname) %(objectname) %(*objectname) [7ms]
2022-12-26 17:17:15.035 [info] > git config --local branch.master.github-pr-owner-number [121ms]
2022-12-26 17:17:16.701 [info] > git status -z -uall [1931ms] (cancelled)
2022-12-26 17:17:17.050 [info] > git ls-files --stage -- /home/nunoamorim/ITI2/docker-compose.yml [5ms]
2022-12-26 17:17:17.097 [info] > git show --textconv :ITI2/docker-compose.yml [13ms]
2022-12-26 17:20:15.575 [info] > git fetch [781ms]
2022-12-26 17:20:15.583 [info] > git config --get commit.template [1ms]
2022-12-26 17:20:15.596 [info] > git status -z -uall [6ms]
2022-12-26 17:20:15.597 [info] > git for-each-ref --sort -committerdate --format %(refname) %(objectname) %(*objectname) [2ms]
2022-12-26 17:20:15.799 [info] > git fetch [459ms]
2022-12-26 17:20:15.812 [info] > git config --get commit.template [6ms]
2022-12-26 17:20:15.812 [info] > git for-each-ref --format=%(refname)%00%(upstream:short)%00%(objectname)%00%(upstream:track)%00%(upstream:remotename)%00%(upstream:remoteref) refs/heads/master refs/remotes/master [1ms]
2022-12-26 17:20:15.826 [info] > git for-each-ref --sort -committerdate --format %(refname) %(objectname) %(*objectname) [2ms]
2022-12-26 17:20:17.197 [info] > git status -z -uall [1380ms] (cancelled)
2022-12-26 17:20:17.263 [info] > git config --get commit.template [20ms]
2022-12-26 17:20:17.292 [info] > git status -z -uall [13ms]
2022-12-26 17:20:17.293 [info] > git for-each-ref --sort -committerdate --format %(refname) %(objectname) %(*objectname) [2ms]
2022-12-26 17:20:17.513 [info] > git ls-files --stage -- /home/nunoamorim/ITI2/docker-compose.yml [4ms]
2022-12-26 17:20:17.533 [info] > git show --textconv :ITI2/docker-compose.yml [4ms]
2022-12-26 17:23:16.412 [info] > git fetch [804ms]
2022-12-26 17:23:16.422 [info] > git config --get commit.template [1ms]
2022-12-26 17:23:16.436 [info] > git status -z -uall [7ms]
2022-12-26 17:23:16.438 [info] > git for-each-ref --sort -committerdate --format %(refname) %(objectname) %(*objectname) [2ms]
2022-12-26 17:23:16.716 [info] > git fetch [526ms]
2022-12-26 17:23:16.730 [info] > git config --get commit.template [7ms]
2022-12-26 17:23:16.731 [info] > git for-each-ref --format=%(refname)%00%(upstream:short)%00%(objectname)%00%(upstream:track)%00%(upstream:remotename)%00%(upstream:remoteref) refs/heads/master refs/remotes/master [2ms]
2022-12-26 17:23:16.750 [info] > git for-each-ref --sort -committerdate --format %(refname) %(objectname) %(*objectname) [2ms]
2022-12-26 17:23:18.863 [info] > git status -z -uall [2124ms] (cancelled)
2022-12-26 17:23:18.980 [info] > git config --get commit.template [38ms]
2022-12-26 17:23:19.013 [info] > git status -z -uall [15ms]
2022-12-26 17:23:19.019 [info] > git for-each-ref --sort -committerdate --format %(refname) %(objectname) %(*objectname) [6ms]
2022-12-26 17:23:19.420 [info] > git ls-files --stage -- /home/nunoamorim/ITI2/docker-compose.yml [5ms]
2022-12-26 17:23:19.513 [info] > git show --textconv :ITI2/docker-compose.yml [12ms]
2022-12-26 17:27:15.502 [info] > git fetch [614ms]
2022-12-26 17:27:15.535 [info] > git config --get commit.template [17ms]
2022-12-26 17:27:15.536 [info] > git for-each-ref --format=%(refname)%00%(upstream:short)%00%(objectname)%00%(upstream:track)%00%(upstream:remotename)%00%(upstream:remoteref) refs/heads/master refs/remotes/master [4ms]
2022-12-26 17:27:15.574 [info] > git for-each-ref --sort -committerdate --format %(refname) %(objectname) %(*objectname) [8ms]
2022-12-26 17:27:15.770 [info] > git fetch [897ms]
2022-12-26 17:27:15.798 [info] > git config --get commit.template [9ms]
2022-12-26 17:27:15.828 [info] > git status -z -uall [16ms]
2022-12-26 17:27:15.834 [info] > git for-each-ref --sort -committerdate --format %(refname) %(objectname) %(*objectname) [4ms]
2022-12-26 17:27:20.818 [info] > git status -z -uall [5266ms] (cancelled)
2022-12-26 17:27:27.378 [info] > git config --get commit.template [2ms]
2022-12-26 17:27:27.406 [info] > git status -z -uall [14ms]
2022-12-26 17:27:27.408 [info] > git for-each-ref --sort -committerdate --format %(refname) %(objectname) %(*objectname) [3ms]
2022-12-26 17:27:27.441 [info] > git ls-files --stage -- /home/nunoamorim/ITI2/docker-compose.yml [5ms]
2022-12-26 17:27:27.513 [info] > git show --textconv :ITI2/docker-compose.yml [8ms]
2022-12-26 17:30:51.185 [info] > git fetch [651ms]
2022-12-26 17:30:51.195 [info] > git config --get commit.template [1ms]
2022-12-26 17:30:51.202 [info] > git for-each-ref --format=%(refname)%00%(upstream:short)%00%(objectname)%00%(upstream:track)%00%(upstream:remotename)%00%(upstream:remoteref) refs/heads/master refs/remotes/master [1ms]
2022-12-26 17:30:51.217 [info] > git for-each-ref --sort -committerdate --format %(refname) %(objectname) %(*objectname) [2ms]
2022-12-26 17:30:51.464 [info] > git fetch [946ms]
2022-12-26 17:30:51.472 [info] > git config --get commit.template [1ms]
2022-12-26 17:30:51.485 [info] > git status -z -uall [8ms]
2022-12-26 17:30:51.486 [info] > git for-each-ref --sort -committerdate --format %(refname) %(objectname) %(*objectname) [2ms]
2022-12-26 17:30:51.680 [info] > git status -z -uall [471ms] (cancelled)
2022-12-26 17:30:53.245 [info] > git config --get commit.template [34ms]
2022-12-26 17:30:53.288 [info] > git status -z -uall [18ms]
2022-12-26 17:30:53.289 [info] > git for-each-ref --sort -committerdate --format %(refname) %(objectname) %(*objectname) [2ms]
2022-12-26 17:30:53.600 [info] > git ls-files --stage -- /home/nunoamorim/ITI2/docker-compose.yml [8ms]
2022-12-26 17:30:53.620 [info] > git show --textconv :ITI2/docker-compose.yml [4ms]
2022-12-26 17:43:46.227 [info] > git fetch [514ms]
2022-12-26 17:43:46.243 [info] > git config --get commit.template [7ms]
2022-12-26 17:43:46.243 [info] > git for-each-ref --format=%(refname)%00%(upstream:short)%00%(objectname)%00%(upstream:track)%00%(upstream:remotename)%00%(upstream:remoteref) refs/heads/master refs/remotes/master [2ms]
2022-12-26 17:43:46.259 [info] > git for-each-ref --sort -committerdate --format %(refname) %(objectname) %(*objectname) [3ms]
2022-12-26 17:43:46.481 [info] > git fetch [779ms]
2022-12-26 17:43:46.493 [info] > git config --get commit.template [1ms]
2022-12-26 17:43:46.503 [info] > git status -z -uall [5ms]
2022-12-26 17:43:46.504 [info] > git for-each-ref --sort -committerdate --format %(refname) %(objectname) %(*objectname) [1ms]
2022-12-26 17:43:47.576 [info] > git config --get commit.template [1ms]
2022-12-26 17:43:47.587 [info] > git status -z -uall [5ms]
2022-12-26 17:43:47.587 [info] > git for-each-ref --sort -committerdate --format %(refname) %(objectname) %(*objectname) [1ms]
2022-12-26 17:43:47.685 [info] > git ls-files --stage -- /home/nunoamorim/ITI2/docker-compose.yml [3ms]
2022-12-26 17:43:47.704 [info] > git show --textconv :ITI2/docker-compose.yml [6ms]
2022-12-26 17:43:49.064 [info] > git status -z -uall [2815ms] (cancelled)
2022-12-26 17:46:39.789 [info] > git show --textconv :ITI2/frontend/server.js [18ms]
2022-12-26 17:46:39.792 [info] > git ls-files --stage -- /home/nunoamorim/ITI2/frontend/server.js [8ms]
2022-12-26 17:46:40.287 [info] > git check-ignore -v -z --stdin [18ms]
2022-12-26 17:46:47.240 [info] > git fetch [728ms]
2022-12-26 17:46:47.248 [info] > git config --get commit.template [1ms]
2022-12-26 17:46:47.260 [info] > git status -z -uall [6ms]
2022-12-26 17:46:47.261 [info] > git for-each-ref --sort -committerdate --format %(refname) %(objectname) %(*objectname) [1ms]
2022-12-26 17:46:48.328 [info] > git config --get commit.template [1ms]
2022-12-26 17:46:48.341 [info] > git status -z -uall [7ms]
2022-12-26 17:46:48.342 [info] > git for-each-ref --sort -committerdate --format %(refname) %(objectname) %(*objectname) [2ms]
2022-12-26 17:46:48.459 [info] > git fetch [447ms]
2022-12-26 17:46:48.469 [info] > git config --get commit.template [0ms]
2022-12-26 17:46:48.477 [info] > git for-each-ref --format=%(refname)%00%(upstream:short)%00%(objectname)%00%(upstream:track)%00%(upstream:remotename)%00%(upstream:remoteref) refs/heads/master refs/remotes/master [1ms]
2022-12-26 17:46:48.500 [info] > git for-each-ref --sort -committerdate --format %(refname) %(objectname) %(*objectname) [1ms]
2022-12-26 17:46:49.684 [info] > git ls-files --stage -- /home/nunoamorim/ITI2/docker-compose.yml [8ms]
2022-12-26 17:46:49.687 [info] > git ls-files --stage -- /home/nunoamorim/ITI2/frontend/server.js [3ms]
2022-12-26 17:46:49.707 [info] > git show --textconv :ITI2/docker-compose.yml [8ms]
2022-12-26 17:46:49.710 [info] > git show --textconv :ITI2/frontend/server.js [4ms]
2022-12-26 17:47:47.379 [info] > git status -z -uall [58895ms] (cancelled)
2022-12-26 17:49:48.006 [info] > git fetch [732ms]
2022-12-26 17:49:48.013 [info] > git config --get commit.template [0ms]
2022-12-26 17:49:48.026 [info] > git status -z -uall [7ms]
2022-12-26 17:49:48.027 [info] > git for-each-ref --sort -committerdate --format %(refname) %(objectname) %(*objectname) [2ms]
2022-12-26 17:49:49.111 [info] > git config --get commit.template [0ms]
2022-12-26 17:49:49.124 [info] > git status -z -uall [7ms]
2022-12-26 17:49:49.125 [info] > git for-each-ref --sort -committerdate --format %(refname) %(objectname) %(*objectname) [2ms]
2022-12-26 17:50:46.577 [info] > git fetch [471ms]
2022-12-26 17:50:46.592 [info] > git config --get commit.template [8ms]
2022-12-26 17:50:46.592 [info] > git for-each-ref --format=%(refname)%00%(upstream:short)%00%(objectname)%00%(upstream:track)%00%(upstream:remotename)%00%(upstream:remoteref) refs/heads/master refs/remotes/master [1ms]
2022-12-26 17:50:46.612 [info] > git for-each-ref --sort -committerdate --format %(refname) %(objectname) %(*objectname) [0ms]
2022-12-26 17:50:47.879 [info] > git status -z -uall [1281ms] (cancelled)
2022-12-26 17:50:48.212 [info] > git ls-files --stage -- /home/nunoamorim/ITI2/docker-compose.yml [9ms]
2022-12-26 17:50:48.215 [info] > git ls-files --stage -- /home/nunoamorim/ITI2/frontend/server.js [4ms]
2022-12-26 17:50:48.263 [info] > git show --textconv :ITI2/docker-compose.yml [35ms]
2022-12-26 17:50:48.265 [info] > git show --textconv :ITI2/frontend/server.js [3ms]
2022-12-26 17:53:37.474 [info] > git fetch [747ms]
2022-12-26 17:53:37.482 [info] > git config --get commit.template [0ms]
2022-12-26 17:53:37.495 [info] > git status -z -uall [6ms]
2022-12-26 17:53:37.496 [info] > git for-each-ref --sort -committerdate --format %(refname) %(objectname) %(*objectname) [1ms]
2022-12-26 17:53:38.570 [info] > git config --get commit.template [1ms]
2022-12-26 17:53:38.583 [info] > git status -z -uall [7ms]
2022-12-26 17:53:38.583 [info] > git for-each-ref --sort -committerdate --format %(refname) %(objectname) %(*objectname) [1ms]
2022-12-26 17:53:47.334 [info] > git fetch [460ms]
2022-12-26 17:53:47.350 [info] > git config --get commit.template [8ms]
2022-12-26 17:53:47.351 [info] > git for-each-ref --format=%(refname)%00%(upstream:short)%00%(objectname)%00%(upstream:track)%00%(upstream:remotename)%00%(upstream:remoteref) refs/heads/master refs/remotes/master [1ms]
2022-12-26 17:53:47.369 [info] > git for-each-ref --sort -committerdate --format %(refname) %(objectname) %(*objectname) [1ms]
2022-12-26 17:53:47.580 [info] > git status -z -uall [224ms] (cancelled)
2022-12-26 17:53:49.011 [info] > git ls-files --stage -- /home/nunoamorim/ITI2/docker-compose.yml [10ms]
2022-12-26 17:53:49.013 [info] > git ls-files --stage -- /home/nunoamorim/ITI2/frontend/server.js [3ms]
2022-12-26 17:53:49.054 [info] > git show --textconv :ITI2/docker-compose.yml [31ms]
2022-12-26 17:53:49.056 [info] > git show --textconv :ITI2/frontend/server.js [3ms]
2022-12-26 17:56:38.206 [info] > git fetch [701ms]
2022-12-26 17:56:38.215 [info] > git config --get commit.template [0ms]
2022-12-26 17:56:38.229 [info] > git status -z -uall [8ms]
2022-12-26 17:56:38.230 [info] > git for-each-ref --sort -committerdate --format %(refname) %(objectname) %(*objectname) [2ms]
2022-12-26 17:56:39.318 [info] > git config --get commit.template [1ms]
2022-12-26 17:56:39.332 [info] > git status -z -uall [7ms]
2022-12-26 17:56:39.333 [info] > git for-each-ref --sort -committerdate --format %(refname) %(objectname) %(*objectname) [2ms]
2022-12-26 17:58:17.115 [info] > git fetch [511ms]
2022-12-26 17:58:17.131 [info] > git config --get commit.template [9ms]
2022-12-26 17:58:17.132 [info] > git for-each-ref --format=%(refname)%00%(upstream:short)%00%(objectname)%00%(upstream:track)%00%(upstream:remotename)%00%(upstream:remoteref) refs/heads/master refs/remotes/master [2ms]
2022-12-26 17:58:17.149 [info] > git for-each-ref --sort -committerdate --format %(refname) %(objectname) %(*objectname) [3ms]
2022-12-26 17:58:18.507 [info] > git status -z -uall [1369ms] (cancelled)
2022-12-26 17:58:18.826 [info] > git ls-files --stage -- /home/nunoamorim/ITI2/docker-compose.yml [11ms]
2022-12-26 17:58:18.829 [info] > git ls-files --stage -- /home/nunoamorim/ITI2/frontend/server.js [6ms]
2022-12-26 17:58:18.851 [info] > git show --textconv :ITI2/docker-compose.yml [10ms]
2022-12-26 17:58:18.853 [info] > git show --textconv :ITI2/frontend/server.js [3ms]
2022-12-26 17:59:39.089 [info] > git fetch [850ms]
2022-12-26 17:59:39.099 [info] > git config --get commit.template [1ms]
2022-12-26 17:59:39.112 [info] > git status -z -uall [7ms]
2022-12-26 17:59:39.114 [info] > git for-each-ref --sort -committerdate --format %(refname) %(objectname) %(*objectname) [1ms]
2022-12-26 17:59:40.180 [info] > git config --get commit.template [1ms]
2022-12-26 17:59:40.194 [info] > git status -z -uall [7ms]
2022-12-26 17:59:40.195 [info] > git for-each-ref --sort -committerdate --format %(refname) %(objectname) %(*objectname) [1ms]
2022-12-26 18:01:17.935 [info] > git fetch [483ms]
2022-12-26 18:01:17.949 [info] > git config --get commit.template [7ms]
2022-12-26 18:01:17.949 [info] > git for-each-ref --format=%(refname)%00%(upstream:short)%00%(objectname)%00%(upstream:track)%00%(upstream:remotename)%00%(upstream:remoteref) refs/heads/master refs/remotes/master [1ms]
2022-12-26 18:01:17.964 [info] > git for-each-ref --sort -committerdate --format %(refname) %(objectname) %(*objectname) [1ms]
2022-12-26 18:01:19.171 [info] > git ls-files --stage -- /home/nunoamorim/ITI2/docker-compose.yml [9ms]
2022-12-26 18:01:19.173 [info] > git ls-files --stage -- /home/nunoamorim/ITI2/frontend/server.js [3ms]
2022-12-26 18:01:19.234 [info] > git show --textconv :ITI2/docker-compose.yml [8ms]
2022-12-26 18:01:19.236 [info] > git show --textconv :ITI2/frontend/server.js [3ms]
2022-12-26 18:01:25.309 [info] > git status -z -uall [7353ms] (cancelled)
2022-12-26 18:02:39.878 [info] > git fetch [755ms]
2022-12-26 18:02:39.885 [info] > git config --get commit.template [1ms]
2022-12-26 18:02:39.898 [info] > git status -z -uall [7ms]
2022-12-26 18:02:39.899 [info] > git for-each-ref --sort -committerdate --format %(refname) %(objectname) %(*objectname) [1ms]
2022-12-26 18:02:40.964 [info] > git config --get commit.template [1ms]
2022-12-26 18:02:40.977 [info] > git status -z -uall [6ms]
2022-12-26 18:02:40.978 [info] > git for-each-ref --sort -committerdate --format %(refname) %(objectname) %(*objectname) [1ms]
2022-12-26 18:04:25.887 [info] > git fetch [571ms]
2022-12-26 18:04:25.895 [info] > git config --get commit.template [0ms]
2022-12-26 18:04:25.901 [info] > git for-each-ref --format=%(refname)%00%(upstream:short)%00%(objectname)%00%(upstream:track)%00%(upstream:remotename)%00%(upstream:remoteref) refs/heads/master refs/remotes/master [1ms]
2022-12-26 18:04:25.916 [info] > git for-each-ref --sort -committerdate --format %(refname) %(objectname) %(*objectname) [1ms]
2022-12-26 18:04:26.126 [info] > git status -z -uall [219ms] (cancelled)
2022-12-26 18:04:27.516 [info] > git ls-files --stage -- /home/nunoamorim/ITI2/docker-compose.yml [11ms]
2022-12-26 18:04:27.518 [info] > git ls-files --stage -- /home/nunoamorim/ITI2/frontend/server.js [3ms]
2022-12-26 18:04:27.533 [info] > git show --textconv :ITI2/docker-compose.yml [3ms]
2022-12-26 18:04:27.545 [info] > git show --textconv :ITI2/frontend/server.js [3ms]
2022-12-26 18:05:40.754 [info] > git fetch [836ms]
2022-12-26 18:05:40.768 [info] > git config --get commit.template [2ms]
2022-12-26 18:05:40.789 [info] > git status -z -uall [11ms]
2022-12-26 18:05:40.791 [info] > git for-each-ref --sort -committerdate --format %(refname) %(objectname) %(*objectname) [2ms]
2022-12-26 18:05:41.862 [info] > git config --get commit.template [2ms]
2022-12-26 18:05:41.883 [info] > git status -z -uall [11ms]
2022-12-26 18:05:41.883 [info] > git for-each-ref --sort -committerdate --format %(refname) %(objectname) %(*objectname) [1ms]
2022-12-26 18:07:27.390 [info] > git ls-files --stage -- /home/nunoamorim/ITI2/docker-compose.yml [30ms]
2022-12-26 18:07:27.394 [info] > git ls-files --stage -- /home/nunoamorim/ITI2/frontend/server.js [6ms]
2022-12-26 18:07:27.435 [info] > git show --textconv :ITI2/docker-compose.yml [19ms]
2022-12-26 18:07:27.438 [info] > git show --textconv :ITI2/frontend/server.js [3ms]
2022-12-26 18:07:27.564 [info] > git fetch [1417ms]
2022-12-26 18:07:27.574 [info] > git config --get commit.template [1ms]
2022-12-26 18:07:27.581 [info] > git for-each-ref --format=%(refname)%00%(upstream:short)%00%(objectname)%00%(upstream:track)%00%(upstream:remotename)%00%(upstream:remoteref) refs/heads/master refs/remotes/master [1ms]
2022-12-26 18:07:27.609 [info] > git for-each-ref --sort -committerdate --format %(refname) %(objectname) %(*objectname) [1ms]
2022-12-26 18:07:27.910 [info] > git status -z -uall [323ms] (cancelled)
2022-12-26 18:07:29.556 [info] > git ls-files --stage -- /home/nunoamorim/ITI2/docker-compose.yml [10ms]
2022-12-26 18:07:29.560 [info] > git ls-files --stage -- /home/nunoamorim/ITI2/frontend/server.js [5ms]
2022-12-26 18:07:29.571 [info] > git show --textconv :ITI2/docker-compose.yml [3ms]
2022-12-26 18:07:29.586 [info] > git show --textconv :ITI2/frontend/server.js [3ms]
2022-12-26 18:08:41.961 [info] > git fetch [1156ms]
2022-12-26 18:08:41.969 [info] > git config --get commit.template [1ms]
2022-12-26 18:08:41.991 [info] > git status -z -uall [14ms]
2022-12-26 18:08:41.993 [info] > git for-each-ref --sort -committerdate --format %(refname) %(objectname) %(*objectname) [1ms]
2022-12-26 18:08:43.060 [info] > git config --get commit.template [1ms]
2022-12-26 18:08:43.072 [info] > git status -z -uall [6ms]
2022-12-26 18:08:43.073 [info] > git for-each-ref --sort -committerdate --format %(refname) %(objectname) %(*objectname) [2ms]
2022-12-26 18:10:28.516 [info] > git fetch [599ms]
2022-12-26 18:10:28.540 [info] > git config --get commit.template [15ms]
2022-12-26 18:10:28.540 [info] > git for-each-ref --format=%(refname)%00%(upstream:short)%00%(objectname)%00%(upstream:track)%00%(upstream:remotename)%00%(upstream:remoteref) refs/heads/master refs/remotes/master [1ms]
2022-12-26 18:10:28.564 [info] > git for-each-ref --sort -committerdate --format %(refname) %(objectname) %(*objectname) [2ms]
2022-12-26 18:10:29.801 [info] > git ls-files --stage -- /home/nunoamorim/ITI2/docker-compose.yml [16ms]
2022-12-26 18:10:29.805 [info] > git ls-files --stage -- /home/nunoamorim/ITI2/frontend/server.js [9ms]
2022-12-26 18:10:31.672 [info] > git status -z -uall [3123ms] (cancelled)
2022-12-26 18:10:31.700 [info] > git show --textconv :ITI2/frontend/server.js [33ms]
2022-12-26 18:10:31.727 [info] > git show --textconv :ITI2/docker-compose.yml [75ms]
2022-12-26 18:11:43.009 [info] > git fetch [1002ms]
2022-12-26 18:11:43.020 [info] > git config --get commit.template [1ms]
2022-12-26 18:11:43.037 [info] > git status -z -uall [7ms]
2022-12-26 18:11:43.038 [info] > git for-each-ref --sort -committerdate --format %(refname) %(objectname) %(*objectname) [1ms]
2022-12-26 18:11:44.132 [info] > git config --get commit.template [1ms]
2022-12-26 18:11:44.147 [info] > git status -z -uall [7ms]
2022-12-26 18:11:44.149 [info] > git for-each-ref --sort -committerdate --format %(refname) %(objectname) %(*objectname) [3ms]
2022-12-26 18:13:32.564 [info] > git fetch [1062ms]
2022-12-26 18:13:32.590 [info] > git config --get commit.template [13ms]
2022-12-26 18:13:32.591 [info] > git for-each-ref --format=%(refname)%00%(upstream:short)%00%(objectname)%00%(upstream:track)%00%(upstream:remotename)%00%(upstream:remoteref) refs/heads/master refs/remotes/master [2ms]
2022-12-26 18:13:32.619 [info] > git for-each-ref --sort -committerdate --format %(refname) %(objectname) %(*objectname) [2ms]
2022-12-26 18:13:33.430 [info] > git status -z -uall [827ms] (cancelled)
2022-12-26 18:13:35.672 [info] > git ls-files --stage -- /home/nunoamorim/ITI2/docker-compose.yml [17ms]
2022-12-26 18:13:35.677 [info] > git ls-files --stage -- /home/nunoamorim/ITI2/frontend/server.js [7ms]
2022-12-26 18:13:35.768 [info] > git show --textconv :ITI2/docker-compose.yml [17ms]
2022-12-26 18:13:35.775 [info] > git show --textconv :ITI2/frontend/server.js [9ms]
2022-12-26 18:14:45.475 [info] > git fetch [1143ms]
2022-12-26 18:14:45.486 [info] > git config --get commit.template [1ms]
2022-12-26 18:14:45.505 [info] > git status -z -uall [10ms]
2022-12-26 18:14:45.506 [info] > git for-each-ref --sort -committerdate --format %(refname) %(objectname) %(*objectname) [2ms]
2022-12-26 18:14:46.584 [info] > git config --get commit.template [1ms]
2022-12-26 18:14:46.596 [info] > git status -z -uall [6ms]
2022-12-26 18:14:46.597 [info] > git for-each-ref --sort -committerdate --format %(refname) %(objectname) %(*objectname) [1ms]
2022-12-26 18:16:34.512 [info] > git fetch [1065ms]
2022-12-26 18:16:34.524 [info] > git config --get commit.template [2ms]
2022-12-26 18:16:34.533 [info] > git for-each-ref --format=%(refname)%00%(upstream:short)%00%(objectname)%00%(upstream:track)%00%(upstream:remotename)%00%(upstream:remoteref) refs/heads/master refs/remotes/master [2ms]
2022-12-26 18:16:34.559 [info] > git for-each-ref --sort -committerdate --format %(refname) %(objectname) %(*objectname) [2ms]
2022-12-26 18:16:34.638 [info] > git ls-files --stage -- /home/nunoamorim/ITI2/docker-compose.yml [11ms]
2022-12-26 18:16:34.643 [info] > git ls-files --stage -- /home/nunoamorim/ITI2/frontend/server.js [6ms]
2022-12-26 18:16:34.671 [info] > git show --textconv :ITI2/docker-compose.yml [15ms]
2022-12-26 18:16:34.672 [info] > git show --textconv :ITI2/frontend/server.js [5ms]
2022-12-26 18:16:37.471 [info] > git status -z -uall [2927ms] (cancelled)
2022-12-26 18:16:38.009 [info] > git ls-files --stage -- /home/nunoamorim/ITI2/docker-compose.yml [12ms]
2022-12-26 18:16:38.012 [info] > git ls-files --stage -- /home/nunoamorim/ITI2/frontend/server.js [4ms]
2022-12-26 18:16:38.036 [info] > git show --textconv :ITI2/docker-compose.yml [11ms]
2022-12-26 18:16:38.040 [info] > git show --textconv :ITI2/frontend/server.js [6ms]
2022-12-26 18:17:51.608 [info] > git fetch [4354ms]
2022-12-26 18:17:51.617 [info] > git config --get commit.template [1ms]
2022-12-26 18:17:51.636 [info] > git status -z -uall [10ms]
2022-12-26 18:17:51.639 [info] > git for-each-ref --sort -committerdate --format %(refname) %(objectname) %(*objectname) [4ms]
2022-12-26 18:17:53.200 [info] > git config --get commit.template [2ms]
2022-12-26 18:17:53.236 [info] > git status -z -uall [21ms]
2022-12-26 18:17:53.240 [info] > git for-each-ref --sort -committerdate --format %(refname) %(objectname) %(*objectname) [5ms]
2022-12-26 18:19:36.945 [info] > git ls-files --stage -- /home/nunoamorim/ITI2/docker-compose.yml [8ms]
2022-12-26 18:19:36.949 [info] > git ls-files --stage -- /home/nunoamorim/ITI2/frontend/server.js [5ms]
2022-12-26 18:19:36.974 [info] > git show --textconv :ITI2/docker-compose.yml [11ms]
2022-12-26 18:19:36.977 [info] > git show --textconv :ITI2/frontend/server.js [3ms]
2022-12-26 18:19:38.431 [info] > git fetch [2730ms]
2022-12-26 18:19:38.451 [info] > git config --get commit.template [10ms]
2022-12-26 18:19:38.452 [info] > git for-each-ref --format=%(refname)%00%(upstream:short)%00%(objectname)%00%(upstream:track)%00%(upstream:remotename)%00%(upstream:remoteref) refs/heads/master refs/remotes/master [2ms]
2022-12-26 18:19:38.473 [info] > git for-each-ref --sort -committerdate --format %(refname) %(objectname) %(*objectname) [1ms]
2022-12-26 18:19:40.262 [info] > git status -z -uall [1804ms] (cancelled)
2022-12-26 18:19:40.703 [info] > git ls-files --stage -- /home/nunoamorim/ITI2/docker-compose.yml [18ms]
2022-12-26 18:19:40.709 [info] > git ls-files --stage -- /home/nunoamorim/ITI2/frontend/server.js [8ms]
2022-12-26 18:19:40.741 [info] > git show --textconv :ITI2/docker-compose.yml [20ms]
2022-12-26 18:19:40.749 [info] > git show --textconv :ITI2/frontend/server.js [10ms]
2022-12-26 18:20:53.853 [info] > git fetch [1345ms]
2022-12-26 18:20:53.864 [info] > git config --get commit.template [1ms]
2022-12-26 18:20:53.882 [info] > git status -z -uall [9ms]
2022-12-26 18:20:53.885 [info] > git for-each-ref --sort -committerdate --format %(refname) %(objectname) %(*objectname) [4ms]
2022-12-26 18:20:54.955 [info] > git config --get commit.template [0ms]
2022-12-26 18:20:54.970 [info] > git status -z -uall [7ms]
2022-12-26 18:20:54.971 [info] > git for-each-ref --sort -committerdate --format %(refname) %(objectname) %(*objectname) [2ms]
2022-12-26 18:22:39.773 [info] > git fetch [844ms]
2022-12-26 18:22:39.795 [info] > git config --get commit.template [12ms]
2022-12-26 18:22:39.795 [info] > git for-each-ref --format=%(refname)%00%(upstream:short)%00%(objectname)%00%(upstream:track)%00%(upstream:remotename)%00%(upstream:remoteref) refs/heads/master refs/remotes/master [1ms]
2022-12-26 18:22:39.814 [info] > git for-each-ref --sort -committerdate --format %(refname) %(objectname) %(*objectname) [3ms]
2022-12-26 18:22:42.596 [info] > git status -z -uall [2792ms] (cancelled)
2022-12-26 18:22:43.063 [info] > git ls-files --stage -- /home/nunoamorim/ITI2/docker-compose.yml [14ms]
2022-12-26 18:22:43.065 [info] > git ls-files --stage -- /home/nunoamorim/ITI2/frontend/server.js [3ms]
2022-12-26 18:22:43.090 [info] > git show --textconv :ITI2/docker-compose.yml [11ms]
2022-12-26 18:22:43.094 [info] > git show --textconv :ITI2/frontend/server.js [5ms]
2022-12-26 18:24:14.501 [info] > git fetch [1186ms]
2022-12-26 18:24:14.514 [info] > git config --get commit.template [2ms]
2022-12-26 18:24:14.540 [info] > git status -z -uall [14ms]
2022-12-26 18:24:14.541 [info] > git for-each-ref --sort -committerdate --format %(refname) %(objectname) %(*objectname) [2ms]
2022-12-26 18:25:20.922 [info] > git config --get commit.template [2ms]
2022-12-26 18:25:20.945 [info] > git status -z -uall [11ms]
2022-12-26 18:25:20.948 [info] > git for-each-ref --sort -committerdate --format %(refname) %(objectname) %(*objectname) [4ms]
2022-12-26 18:25:42.282 [info] > git ls-files --stage -- /home/nunoamorim/ITI2/docker-compose.yml [20ms]
2022-12-26 18:25:42.291 [info] > git ls-files --stage -- /home/nunoamorim/ITI2/frontend/server.js [9ms]
2022-12-26 18:25:42.315 [info] > git show --textconv :ITI2/docker-compose.yml [14ms]
2022-12-26 18:25:42.322 [info] > git show --textconv :ITI2/frontend/server.js [8ms]
2022-12-26 18:25:42.658 [info] > git fetch [1579ms]
2022-12-26 18:25:42.679 [info] > git config --get commit.template [11ms]
2022-12-26 18:25:42.680 [info] > git for-each-ref --format=%(refname)%00%(upstream:short)%00%(objectname)%00%(upstream:track)%00%(upstream:remotename)%00%(upstream:remoteref) refs/heads/master refs/remotes/master [2ms]
2022-12-26 18:25:42.705 [info] > git for-each-ref --sort -committerdate --format %(refname) %(objectname) %(*objectname) [2ms]
2022-12-26 18:25:43.123 [info] > git status -z -uall [431ms] (cancelled)
2022-12-26 18:25:45.232 [info] > git ls-files --stage -- /home/nunoamorim/ITI2/docker-compose.yml [21ms]
2022-12-26 18:25:45.234 [info] > git ls-files --stage -- /home/nunoamorim/ITI2/frontend/server.js [10ms]
2022-12-26 18:25:45.268 [info] > git show --textconv :ITI2/docker-compose.yml [15ms]
2022-12-26 18:25:45.275 [info] > git show --textconv :ITI2/frontend/server.js [8ms]
2022-12-26 18:27:15.849 [info] > git fetch [1295ms]
2022-12-26 18:27:15.860 [info] > git config --get commit.template [1ms]
2022-12-26 18:27:15.878 [info] > git status -z -uall [8ms]
2022-12-26 18:27:15.879 [info] > git for-each-ref --sort -committerdate --format %(refname) %(objectname) %(*objectname) [2ms]
2022-12-26 18:27:16.957 [info] > git config --get commit.template [4ms]
2022-12-26 18:27:16.976 [info] > git status -z -uall [9ms]
2022-12-26 18:27:16.978 [info] > git for-each-ref --sort -committerdate --format %(refname) %(objectname) %(*objectname) [4ms]
2022-12-26 18:28:44.352 [info] > git ls-files --stage -- /home/nunoamorim/ITI2/docker-compose.yml [17ms]
2022-12-26 18:28:44.357 [info] > git ls-files --stage -- /home/nunoamorim/ITI2/frontend/server.js [5ms]
2022-12-26 18:28:44.383 [info] > git show --textconv :ITI2/docker-compose.yml [10ms]
2022-12-26 18:28:44.386 [info] > git show --textconv :ITI2/frontend/server.js [4ms]
2022-12-26 18:28:45.424 [info] > git fetch [2294ms]
2022-12-26 18:28:45.435 [info] > git config --get commit.template [1ms]
2022-12-26 18:28:45.444 [info] > git for-each-ref --format=%(refname)%00%(upstream:short)%00%(objectname)%00%(upstream:track)%00%(upstream:remotename)%00%(upstream:remoteref) refs/heads/master refs/remotes/master [1ms]
2022-12-26 18:28:45.464 [info] > git for-each-ref --sort -committerdate --format %(refname) %(objectname) %(*objectname) [2ms]
2022-12-26 18:28:47.408 [info] > git status -z -uall [1956ms] (cancelled)
2022-12-26 18:28:47.951 [info] > git ls-files --stage -- /home/nunoamorim/ITI2/docker-compose.yml [13ms]
2022-12-26 18:28:47.953 [info] > git ls-files --stage -- /home/nunoamorim/ITI2/frontend/server.js [4ms]
2022-12-26 18:28:47.979 [info] > git show --textconv :ITI2/docker-compose.yml [14ms]
2022-12-26 18:28:47.984 [info] > git show --textconv :ITI2/frontend/server.js [6ms]
2022-12-26 18:31:26.898 [info] > git fetch [3496ms]
2022-12-26 18:31:26.920 [info] > git config --get commit.template [3ms]
2022-12-26 18:31:26.952 [info] > git status -z -uall [15ms]
2022-12-26 18:31:26.954 [info] > git for-each-ref --sort -committerdate --format %(refname) %(objectname) %(*objectname) [2ms]
2022-12-26 18:31:34.643 [info] > git config --get commit.template [3ms]
2022-12-26 18:31:34.676 [info] > git status -z -uall [17ms]
2022-12-26 18:31:34.676 [info] > git for-each-ref --sort -committerdate --format %(refname) %(objectname) %(*objectname) [4ms]
2022-12-26 18:31:47.197 [info] > git ls-files --stage -- /home/nunoamorim/ITI2/docker-compose.yml [11ms]
2022-12-26 18:31:47.200 [info] > git ls-files --stage -- /home/nunoamorim/ITI2/frontend/server.js [4ms]
2022-12-26 18:31:47.220 [info] > git show --textconv :ITI2/docker-compose.yml [10ms]
2022-12-26 18:31:47.222 [info] > git show --textconv :ITI2/frontend/server.js [4ms]
2022-12-26 18:31:48.102 [info] > git fetch [2143ms]
2022-12-26 18:31:48.123 [info] > git config --get commit.template [10ms]
2022-12-26 18:31:48.123 [info] > git for-each-ref --format=%(refname)%00%(upstream:short)%00%(objectname)%00%(upstream:track)%00%(upstream:remotename)%00%(upstream:remoteref) refs/heads/master refs/remotes/master [1ms]
2022-12-26 18:31:48.143 [info] > git for-each-ref --sort -committerdate --format %(refname) %(objectname) %(*objectname) [1ms]
2022-12-26 18:31:50.471 [info] > git status -z -uall [2340ms] (cancelled)
2022-12-26 18:31:51.064 [info] > git ls-files --stage -- /home/nunoamorim/ITI2/docker-compose.yml [11ms]
2022-12-26 18:31:51.069 [info] > git ls-files --stage -- /home/nunoamorim/ITI2/frontend/server.js [6ms]
2022-12-26 18:31:51.093 [info] > git show --textconv :ITI2/docker-compose.yml [12ms]
2022-12-26 18:31:51.098 [info] > git show --textconv :ITI2/frontend/server.js [6ms]
2022-12-26 18:35:56.849 [info] > git ls-files --stage -- /home/nunoamorim/ITI2/docker-compose.yml [21ms]
2022-12-26 18:35:56.854 [info] > git ls-files --stage -- /home/nunoamorim/ITI2/frontend/server.js [7ms]
2022-12-26 18:35:56.947 [info] > git show --textconv :ITI2/docker-compose.yml [15ms]
2022-12-26 18:35:56.958 [info] > git show --textconv :ITI2/frontend/server.js [13ms]
2022-12-26 18:36:00.575 [info] > git fetch [5036ms]
2022-12-26 18:36:00.584 [info] > git config --get commit.template [1ms]
2022-12-26 18:36:00.593 [info] > git for-each-ref --format=%(refname)%00%(upstream:short)%00%(objectname)%00%(upstream:track)%00%(upstream:remotename)%00%(upstream:remoteref) refs/heads/master refs/remotes/master [1ms]
2022-12-26 18:36:00.615 [info] > git for-each-ref --sort -committerdate --format %(refname) %(objectname) %(*objectname) [4ms]
2022-12-26 18:36:00.886 [info] > git fetch [5360ms]
2022-12-26 18:36:00.898 [info] > git config --get commit.template [1ms]
2022-12-26 18:36:00.922 [info] > git status -z -uall [11ms]
2022-12-26 18:36:00.924 [info] > git for-each-ref --sort -committerdate --format %(refname) %(objectname) %(*objectname) [3ms]
2022-12-26 18:36:04.135 [info] > git status -z -uall [3536ms] (cancelled)
2022-12-26 18:36:04.176 [info] > git config --get commit.template [6ms]
2022-12-26 18:36:04.273 [info] > git status -z -uall [74ms]
2022-12-26 18:36:04.275 [info] > git for-each-ref --sort -committerdate --format %(refname) %(objectname) %(*objectname) [47ms]
2022-12-26 18:36:04.688 [info] > git ls-files --stage -- /home/nunoamorim/ITI2/docker-compose.yml [13ms]
2022-12-26 18:36:04.706 [info] > git ls-files --stage -- /home/nunoamorim/ITI2/frontend/server.js [20ms]
2022-12-26 18:36:04.713 [info] > git show --textconv :ITI2/docker-compose.yml [7ms]
2022-12-26 18:36:04.733 [info] > git show --textconv :ITI2/frontend/server.js [5ms]
2022-12-26 18:36:13.162 [info] > git show --textconv :ITI2/frontend/package.json [56ms]
2022-12-26 18:36:13.167 [info] > git ls-files --stage -- /home/nunoamorim/ITI2/frontend/package.json [43ms]
2022-12-26 18:36:20.744 [info] > git show --textconv :ITI2/frontend/package-lock.json [78ms]
2022-12-26 18:36:20.745 [info] > git ls-files --stage -- /home/nunoamorim/ITI2/frontend/package-lock.json [47ms]
2022-12-26 18:37:49.101 [info] > git show --textconv :ITI2/frontend/Dockerfile [63ms]
2022-12-26 18:37:49.112 [info] > git ls-files --stage -- /home/nunoamorim/ITI2/frontend/Dockerfile [43ms]
2022-12-26 18:38:45.996 [info] > git show --textconv :ITI2/traefik.toml [16ms]
2022-12-26 18:38:46.002 [info] > git ls-files --stage -- /home/nunoamorim/ITI2/traefik.toml [7ms]
2022-12-26 18:39:14.576 [info] > git ls-files --stage -- /home/nunoamorim/ITI2/frontend/Dockerfile [20ms]
2022-12-26 18:39:14.578 [info] > git ls-files --stage -- /home/nunoamorim/ITI2/frontend/package-lock.json [38ms]
2022-12-26 18:39:14.578 [info] > git ls-files --stage -- /home/nunoamorim/ITI2/frontend/package.json [97ms]
2022-12-26 18:39:14.579 [info] > git ls-files --stage -- /home/nunoamorim/ITI2/frontend/server.js [116ms]
2022-12-26 18:39:14.580 [info] > git ls-files --stage -- /home/nunoamorim/ITI2/docker-compose.yml [129ms]
2022-12-26 18:39:14.585 [info] > git ls-files --stage -- /home/nunoamorim/ITI2/traefik.toml [16ms]
2022-12-26 18:39:14.973 [info] > git show --textconv :ITI2/frontend/Dockerfile [122ms]
2022-12-26 18:39:14.973 [info] > git show --textconv :ITI2/frontend/package-lock.json [109ms]
2022-12-26 18:39:14.973 [info] > git show --textconv :ITI2/frontend/package.json [101ms]
2022-12-26 18:39:14.973 [info] > git show --textconv :ITI2/frontend/server.js [83ms]
2022-12-26 18:39:14.973 [info] > git show --textconv :ITI2/docker-compose.yml [48ms]
2022-12-26 18:39:14.973 [info] > git show --textconv :ITI2/traefik.toml [30ms]
2022-12-26 18:39:16.984 [info] > git fetch [6577ms]
2022-12-26 18:39:17.000 [info] > git config --get commit.template [2ms]
2022-12-26 18:39:17.023 [info] > git status -z -uall [13ms]
2022-12-26 18:39:17.025 [info] > git for-each-ref --sort -committerdate --format %(refname) %(objectname) %(*objectname) [2ms]
2022-12-26 18:39:19.022 [info] > git config --get commit.template [1ms]
2022-12-26 18:39:19.072 [info] > git status -z -uall [17ms]
2022-12-26 18:39:19.074 [info] > git for-each-ref --sort -committerdate --format %(refname) %(objectname) %(*objectname) [3ms]
2022-12-26 18:39:23.860 [info] > git fetch [13442ms]
2022-12-26 18:39:23.882 [info] > git config --get commit.template [10ms]
2022-12-26 18:39:23.883 [info] > git for-each-ref --format=%(refname)%00%(upstream:short)%00%(objectname)%00%(upstream:track)%00%(upstream:remotename)%00%(upstream:remoteref) refs/heads/master refs/remotes/master [2ms]
2022-12-26 18:39:23.923 [info] > git for-each-ref --sort -committerdate --format %(refname) %(objectname) %(*objectname) [2ms]
2022-12-26 18:39:26.971 [info] > git status -z -uall [3079ms] (cancelled)
2022-12-26 18:39:27.745 [info] > git ls-files --stage -- /home/nunoamorim/ITI2/frontend/Dockerfile [34ms]
2022-12-26 18:39:27.746 [info] > git ls-files --stage -- /home/nunoamorim/ITI2/frontend/package-lock.json [56ms]
2022-12-26 18:39:27.747 [info] > git ls-files --stage -- /home/nunoamorim/ITI2/frontend/package.json [88ms]
2022-12-26 18:39:27.748 [info] > git ls-files --stage -- /home/nunoamorim/ITI2/frontend/server.js [111ms]
2022-12-26 18:39:27.749 [info] > git ls-files --stage -- /home/nunoamorim/ITI2/docker-compose.yml [144ms]
2022-12-26 18:39:27.901 [info] > git show --textconv :ITI2/frontend/Dockerfile [113ms]
2022-12-26 18:39:27.901 [info] > git show --textconv :ITI2/frontend/package-lock.json [71ms]
2022-12-26 18:39:27.901 [info] > git show --textconv :ITI2/frontend/package.json [36ms]
2022-12-26 18:39:27.901 [info] > git show --textconv :ITI2/frontend/server.js [17ms]
2022-12-26 18:39:27.902 [info] > git ls-files --stage -- /home/nunoamorim/ITI2/traefik.toml [160ms]
2022-12-26 18:39:27.926 [info] > git show --textconv :ITI2/docker-compose.yml [26ms]
2022-12-26 18:39:27.933 [info] > git show --textconv :ITI2/traefik.toml [9ms]
2022-12-26 18:42:00.848 [info] > git check-ignore -v -z --stdin [10ms]
2022-12-26 18:42:10.856 [info] > git check-ignore -v -z --stdin [11ms]
2022-12-26 18:42:21.412 [info] > git fetch [4374ms]
2022-12-26 18:42:21.422 [info] > git config --get commit.template [1ms]
2022-12-26 18:42:21.438 [info] > git status -z -uall [7ms]
2022-12-26 18:42:21.441 [info] > git for-each-ref --sort -committerdate --format %(refname) %(objectname) %(*objectname) [3ms]
2022-12-26 18:42:22.523 [info] > git config --get commit.template [3ms]
2022-12-26 18:42:22.541 [info] > git status -z -uall [9ms]
2022-12-26 18:42:22.542 [info] > git for-each-ref --sort -committerdate --format %(refname) %(objectname) %(*objectname) [1ms]
2022-12-26 18:42:26.249 [info] > git ls-files --stage -- /home/nunoamorim/ITI2/frontend/Dockerfile [24ms]
2022-12-26 18:42:26.250 [info] > git ls-files --stage -- /home/nunoamorim/ITI2/frontend/package-lock.json [49ms]
2022-12-26 18:42:26.251 [info] > git ls-files --stage -- /home/nunoamorim/ITI2/frontend/package.json [69ms]
2022-12-26 18:42:26.252 [info] > git ls-files --stage -- /home/nunoamorim/ITI2/frontend/server.js [84ms]
2022-12-26 18:42:26.252 [info] > git ls-files --stage -- /home/nunoamorim/ITI2/docker-compose.yml [100ms]
2022-12-26 18:42:26.256 [info] > git ls-files --stage -- /home/nunoamorim/ITI2/traefik.toml [9ms]
2022-12-26 18:42:26.385 [info] > git show --textconv :ITI2/frontend/Dockerfile [99ms]
2022-12-26 18:42:26.385 [info] > git show --textconv :ITI2/frontend/package-lock.json [82ms]
2022-12-26 18:42:26.385 [info] > git show --textconv :ITI2/frontend/package.json [57ms]
2022-12-26 18:42:26.386 [info] > git show --textconv :ITI2/frontend/server.js [39ms]
2022-12-26 18:42:26.386 [info] > git show --textconv :ITI2/docker-compose.yml [23ms]
2022-12-26 18:42:26.389 [info] > git show --textconv :ITI2/traefik.toml [4ms]
2022-12-26 18:42:28.882 [info] > git fetch [3924ms]
2022-12-26 18:42:28.900 [info] > git config --get commit.template [9ms]
2022-12-26 18:42:28.901 [info] > git for-each-ref --format=%(refname)%00%(upstream:short)%00%(objectname)%00%(upstream:track)%00%(upstream:remotename)%00%(upstream:remoteref) refs/heads/master refs/remotes/master [1ms]
2022-12-26 18:42:28.928 [info] > git for-each-ref --sort -committerdate --format %(refname) %(objectname) %(*objectname) [2ms]
2022-12-26 18:42:30.213 [info] > git ls-files --stage -- /home/nunoamorim/ITI2/frontend/Dockerfile [38ms]
2022-12-26 18:42:30.214 [info] > git ls-files --stage -- /home/nunoamorim/ITI2/frontend/package-lock.json [48ms]
2022-12-26 18:42:30.214 [info] > git ls-files --stage -- /home/nunoamorim/ITI2/frontend/package.json [60ms]
2022-12-26 18:42:30.216 [info] > git ls-files --stage -- /home/nunoamorim/ITI2/frontend/server.js [70ms]
2022-12-26 18:42:30.216 [info] > git ls-files --stage -- /home/nunoamorim/ITI2/docker-compose.yml [85ms]
2022-12-26 18:42:30.217 [info] > git ls-files --stage -- /home/nunoamorim/ITI2/traefik.toml [5ms]
2022-12-26 18:42:30.298 [info] > git show --textconv :ITI2/frontend/Dockerfile [62ms]
2022-12-26 18:42:30.298 [info] > git show --textconv :ITI2/frontend/package-lock.json [51ms]
2022-12-26 18:42:30.298 [info] > git show --textconv :ITI2/frontend/package.json [39ms]
2022-12-26 18:42:30.298 [info] > git show --textconv :ITI2/frontend/server.js [31ms]
2022-12-26 18:42:30.299 [info] > git show --textconv :ITI2/docker-compose.yml [22ms]
2022-12-26 18:42:30.299 [info] > git show --textconv :ITI2/traefik.toml [9ms]
2022-12-26 18:42:35.134 [info] > git show --textconv :ITI2/haproxy/haproxy.cfg [17ms]
2022-12-26 18:42:35.137 [info] > git ls-files --stage -- /home/nunoamorim/ITI2/haproxy/haproxy.cfg [6ms]
2022-12-26 18:42:35.206 [info] > git check-ignore -v -z --stdin [11ms]
2022-12-26 18:42:41.235 [info] > git status -z -uall [12325ms] (cancelled)
2022-12-26 18:44:46.728 [info] > git show --textconv :ITI2/traefik.toml [11ms]
2022-12-26 18:44:46.732 [info] > git ls-files --stage -- /home/nunoamorim/ITI2/traefik.toml [7ms]
2022-12-26 18:45:15.705 [info] > git check-ignore -v -z --stdin [10ms]
2022-12-26 18:45:37.124 [info] > git fetch [5302ms]
2022-12-26 18:45:37.141 [info] > git config --get commit.template [2ms]
2022-12-26 18:45:37.171 [info] > git status -z -uall [16ms]
2022-12-26 18:45:37.174 [info] > git for-each-ref --sort -committerdate --format %(refname) %(objectname) %(*objectname) [3ms]
2022-12-26 18:45:38.250 [info] > git config --get commit.template [1ms]
2022-12-26 18:45:38.266 [info] > git status -z -uall [7ms]
2022-12-26 18:45:38.266 [info] > git for-each-ref --sort -committerdate --format %(refname) %(objectname) %(*objectname) [1ms]
2022-12-26 18:45:39.805 [info] > git ls-files --stage -- /home/nunoamorim/ITI2/frontend/Dockerfile [11ms]
2022-12-26 18:45:39.807 [info] > git ls-files --stage -- /home/nunoamorim/ITI2/frontend/server.js [19ms]
2022-12-26 18:45:39.808 [info] > git ls-files --stage -- /home/nunoamorim/ITI2/docker-compose.yml [34ms]
2022-12-26 18:45:39.809 [info] > git ls-files --stage -- /home/nunoamorim/ITI2/haproxy/haproxy.cfg [7ms]
2022-12-26 18:45:39.856 [info] > git show --textconv :ITI2/frontend/Dockerfile [33ms]
2022-12-26 18:45:39.856 [info] > git show --textconv :ITI2/frontend/server.js [20ms]
2022-12-26 18:45:39.856 [info] > git show --textconv :ITI2/docker-compose.yml [11ms]
2022-12-26 18:45:39.858 [info] > git show --textconv :ITI2/haproxy/haproxy.cfg [4ms]
2022-12-26 18:45:39.969 [info] > git fetch [1390ms]
2022-12-26 18:45:39.990 [info] > git config --get commit.template [11ms]
2022-12-26 18:45:39.991 [info] > git for-each-ref --format=%(refname)%00%(upstream:short)%00%(objectname)%00%(upstream:track)%00%(upstream:remotename)%00%(upstream:remoteref) refs/heads/master refs/remotes/master [2ms]
2022-12-26 18:45:40.013 [info] > git for-each-ref --sort -committerdate --format %(refname) %(objectname) %(*objectname) [2ms]
2022-12-26 18:45:41.224 [info] > git ls-files --stage -- /home/nunoamorim/ITI2/frontend/Dockerfile [13ms]
2022-12-26 18:45:41.226 [info] > git ls-files --stage -- /home/nunoamorim/ITI2/frontend/server.js [29ms]
2022-12-26 18:45:41.226 [info] > git ls-files --stage -- /home/nunoamorim/ITI2/docker-compose.yml [39ms]
2022-12-26 18:45:41.227 [info] > git ls-files --stage -- /home/nunoamorim/ITI2/haproxy/haproxy.cfg [5ms]
2022-12-26 18:45:41.265 [info] > git show --textconv :ITI2/frontend/Dockerfile [26ms]
2022-12-26 18:45:41.265 [info] > git show --textconv :ITI2/frontend/server.js [19ms]
2022-12-26 18:45:41.265 [info] > git show --textconv :ITI2/docker-compose.yml [10ms]
2022-12-26 18:45:41.270 [info] > git show --textconv :ITI2/haproxy/haproxy.cfg [6ms]
2022-12-26 18:46:03.744 [info] > git status -z -uall [23744ms] (cancelled)
2022-12-26 18:48:41.732 [info] > git fetch [4541ms]
2022-12-26 18:48:41.746 [info] > git config --get commit.template [3ms]
2022-12-26 18:48:41.764 [info] > git status -z -uall [10ms]
2022-12-26 18:48:41.766 [info] > git for-each-ref --sort -committerdate --format %(refname) %(objectname) %(*objectname) [1ms]
2022-12-26 18:48:42.884 [info] > git config --get commit.template [2ms]
2022-12-26 18:48:42.911 [info] > git status -z -uall [12ms]
2022-12-26 18:48:42.912 [info] > git for-each-ref --sort -committerdate --format %(refname) %(objectname) %(*objectname) [1ms]
2022-12-26 18:49:02.598 [info] > git ls-files --stage -- /home/nunoamorim/ITI2/frontend/Dockerfile [8ms]
2022-12-26 18:49:02.599 [info] > git ls-files --stage -- /home/nunoamorim/ITI2/frontend/server.js [21ms]
2022-12-26 18:49:02.599 [info] > git ls-files --stage -- /home/nunoamorim/ITI2/docker-compose.yml [34ms]
2022-12-26 18:49:02.600 [info] > git ls-files --stage -- /home/nunoamorim/ITI2/haproxy/haproxy.cfg [3ms]
2022-12-26 18:49:02.641 [info] > git show --textconv :ITI2/frontend/Dockerfile [30ms]
2022-12-26 18:49:02.641 [info] > git show --textconv :ITI2/frontend/server.js [21ms]
2022-12-26 18:49:02.641 [info] > git show --textconv :ITI2/docker-compose.yml [11ms]
2022-12-26 18:49:02.645 [info] > git show --textconv :ITI2/haproxy/haproxy.cfg [4ms]
2022-12-26 18:49:09.858 [info] > git fetch [8491ms]
2022-12-26 18:49:09.879 [info] > git config --get commit.template [10ms]
2022-12-26 18:49:09.880 [info] > git for-each-ref --format=%(refname)%00%(upstream:short)%00%(objectname)%00%(upstream:track)%00%(upstream:remotename)%00%(upstream:remoteref) refs/heads/master refs/remotes/master [2ms]
2022-12-26 18:49:09.909 [info] > git for-each-ref --sort -committerdate --format %(refname) %(objectname) %(*objectname) [7ms]
2022-12-26 18:49:11.919 [info] > git status -z -uall [2029ms] (cancelled)
2022-12-26 18:49:12.634 [info] > git ls-files --stage -- /home/nunoamorim/ITI2/frontend/Dockerfile [10ms]
2022-12-26 18:49:12.635 [info] > git ls-files --stage -- /home/nunoamorim/ITI2/frontend/server.js [26ms]
2022-12-26 18:49:12.636 [info] > git ls-files --stage -- /home/nunoamorim/ITI2/docker-compose.yml [41ms]
2022-12-26 18:49:12.640 [info] > git ls-files --stage -- /home/nunoamorim/ITI2/haproxy/haproxy.cfg [7ms]
2022-12-26 18:49:12.706 [info] > git show --textconv :ITI2/frontend/Dockerfile [55ms]
2022-12-26 18:49:12.706 [info] > git show --textconv :ITI2/frontend/server.js [32ms]
2022-12-26 18:49:12.706 [info] > git show --textconv :ITI2/docker-compose.yml [17ms]
2022-12-26 18:49:12.709 [info] > git show --textconv :ITI2/haproxy/haproxy.cfg [4ms]
2022-12-26 18:51:56.529 [info] > git fetch [14752ms]
2022-12-26 18:51:56.540 [info] > git config --get commit.template [1ms]
2022-12-26 18:51:56.558 [info] > git status -z -uall [9ms]
2022-12-26 18:51:56.561 [info] > git for-each-ref --sort -committerdate --format %(refname) %(objectname) %(*objectname) [2ms]
2022-12-26 18:51:57.634 [info] > git config --get commit.template [2ms]
2022-12-26 18:51:57.652 [info] > git status -z -uall [9ms]
2022-12-26 18:51:57.655 [info] > git for-each-ref --sort -committerdate --format %(refname) %(objectname) %(*objectname) [3ms]
2022-12-26 18:52:11.585 [info] > git ls-files --stage -- /home/nunoamorim/ITI2/frontend/Dockerfile [13ms]
2022-12-26 18:52:11.586 [info] > git ls-files --stage -- /home/nunoamorim/ITI2/frontend/server.js [22ms]
2022-12-26 18:52:11.587 [info] > git ls-files --stage -- /home/nunoamorim/ITI2/docker-compose.yml [29ms]
2022-12-26 18:52:11.587 [info] > git ls-files --stage -- /home/nunoamorim/ITI2/haproxy/haproxy.cfg [3ms]
2022-12-26 18:52:11.624 [info] > git show --textconv :ITI2/frontend/Dockerfile [25ms]
2022-12-26 18:52:11.624 [info] > git show --textconv :ITI2/frontend/server.js [18ms]
2022-12-26 18:52:11.624 [info] > git show --textconv :ITI2/docker-compose.yml [10ms]
2022-12-26 18:52:11.627 [info] > git show --textconv :ITI2/haproxy/haproxy.cfg [4ms]
2022-12-26 18:52:15.183 [info] > git fetch [4831ms]
2022-12-26 18:52:15.203 [info] > git config --get commit.template [10ms]
2022-12-26 18:52:15.204 [info] > git for-each-ref --format=%(refname)%00%(upstream:short)%00%(objectname)%00%(upstream:track)%00%(upstream:remotename)%00%(upstream:remoteref) refs/heads/master refs/remotes/master [2ms]
2022-12-26 18:52:15.236 [info] > git for-each-ref --sort -committerdate --format %(refname) %(objectname) %(*objectname) [2ms]
2022-12-26 18:52:15.502 [info] > git status -z -uall [287ms] (cancelled)
2022-12-26 18:52:17.751 [info] > git ls-files --stage -- /home/nunoamorim/ITI2/frontend/Dockerfile [15ms]
2022-12-26 18:52:17.753 [info] > git ls-files --stage -- /home/nunoamorim/ITI2/frontend/server.js [30ms]
2022-12-26 18:52:17.754 [info] > git ls-files --stage -- /home/nunoamorim/ITI2/docker-compose.yml [50ms]
2022-12-26 18:52:17.757 [info] > git ls-files --stage -- /home/nunoamorim/ITI2/haproxy/haproxy.cfg [8ms]
2022-12-26 18:52:17.813 [info] > git show --textconv :ITI2/frontend/Dockerfile [41ms]
2022-12-26 18:52:17.813 [info] > git show --textconv :ITI2/frontend/server.js [30ms]
2022-12-26 18:52:17.813 [info] > git show --textconv :ITI2/docker-compose.yml [17ms]
2022-12-26 18:52:17.817 [info] > git show --textconv :ITI2/haproxy/haproxy.cfg [5ms]
2022-12-26 18:54:59.046 [info] > git fetch [2474ms]
2022-12-26 18:54:59.059 [info] > git config --get commit.template [2ms]
2022-12-26 18:54:59.084 [info] > git status -z -uall [11ms]
2022-12-26 18:54:59.085 [info] > git for-each-ref --sort -committerdate --format %(refname) %(objectname) %(*objectname) [2ms]
2022-12-26 18:55:00.190 [info] > git config --get commit.template [4ms]
2022-12-26 18:55:00.211 [info] > git status -z -uall [10ms]
2022-12-26 18:55:00.213 [info] > git for-each-ref --sort -committerdate --format %(refname) %(objectname) %(*objectname) [2ms]
2022-12-26 18:55:16.766 [info] > git ls-files --stage -- /home/nunoamorim/ITI2/frontend/Dockerfile [15ms]
2022-12-26 18:55:16.767 [info] > git ls-files --stage -- /home/nunoamorim/ITI2/frontend/server.js [29ms]
2022-12-26 18:55:16.768 [info] > git ls-files --stage -- /home/nunoamorim/ITI2/docker-compose.yml [46ms]
2022-12-26 18:55:16.770 [info] > git ls-files --stage -- /home/nunoamorim/ITI2/haproxy/haproxy.cfg [4ms]
2022-12-26 18:55:16.818 [info] > git show --textconv :ITI2/frontend/Dockerfile [37ms]
2022-12-26 18:55:16.818 [info] > git show --textconv :ITI2/frontend/server.js [28ms]
2022-12-26 18:55:16.818 [info] > git show --textconv :ITI2/docker-compose.yml [19ms]
2022-12-26 18:55:16.822 [info] > git show --textconv :ITI2/haproxy/haproxy.cfg [5ms]
2022-12-26 18:55:22.844 [info] > git fetch [7333ms]
2022-12-26 18:55:22.867 [info] > git config --get commit.template [13ms]
2022-12-26 18:55:22.868 [info] > git for-each-ref --format=%(refname)%00%(upstream:short)%00%(objectname)%00%(upstream:track)%00%(upstream:remotename)%00%(upstream:remoteref) refs/heads/master refs/remotes/master [3ms]
2022-12-26 18:55:22.894 [info] > git for-each-ref --sort -committerdate --format %(refname) %(objectname) %(*objectname) [2ms]
2022-12-26 18:55:25.030 [info] > git status -z -uall [2150ms] (cancelled)
2022-12-26 18:55:25.551 [info] > git ls-files --stage -- /home/nunoamorim/ITI2/frontend/Dockerfile [13ms]
2022-12-26 18:55:25.552 [info] > git ls-files --stage -- /home/nunoamorim/ITI2/frontend/server.js [26ms]
2022-12-26 18:55:25.553 [info] > git ls-files --stage -- /home/nunoamorim/ITI2/docker-compose.yml [41ms]
2022-12-26 18:55:25.554 [info] > git ls-files --stage -- /home/nunoamorim/ITI2/haproxy/haproxy.cfg [4ms]
2022-12-26 18:55:25.607 [info] > git show --textconv :ITI2/frontend/Dockerfile [36ms]
2022-12-26 18:55:25.607 [info] > git show --textconv :ITI2/frontend/server.js [24ms]
2022-12-26 18:55:25.607 [info] > git show --textconv :ITI2/docker-compose.yml [13ms]
2022-12-26 18:55:25.614 [info] > git show --textconv :ITI2/haproxy/haproxy.cfg [8ms]
2022-12-26 18:56:24.225 [info] > git show --textconv :ITI2/frontend/package-lock.json [19ms]
2022-12-26 18:56:24.292 [info] > git ls-files --stage -- /home/nunoamorim/ITI2/frontend/package-lock.json [69ms]
2022-12-26 18:58:24.547 [info] > git ls-files --stage -- /home/nunoamorim/ITI2/haproxy/haproxy.cfg [9ms]
2022-12-26 18:58:24.548 [info] > git ls-files --stage -- /home/nunoamorim/ITI2/frontend/Dockerfile [21ms]
2022-12-26 18:58:24.548 [info] > git ls-files --stage -- /home/nunoamorim/ITI2/frontend/server.js [35ms]
2022-12-26 18:58:24.548 [info] > git ls-files --stage -- /home/nunoamorim/ITI2/docker-compose.yml [48ms]
2022-12-26 18:58:24.553 [info] > git ls-files --stage -- /home/nunoamorim/ITI2/frontend/package-lock.json [8ms]
2022-12-26 18:58:24.616 [info] > git show --textconv :ITI2/haproxy/haproxy.cfg [52ms]
2022-12-26 18:58:24.616 [info] > git show --textconv :ITI2/frontend/Dockerfile [35ms]
2022-12-26 18:58:24.616 [info] > git show --textconv :ITI2/frontend/server.js [23ms]
2022-12-26 18:58:24.616 [info] > git show --textconv :ITI2/docker-compose.yml [12ms]
2022-12-26 18:58:24.621 [info] > git show --textconv :ITI2/frontend/package-lock.json [6ms]
2022-12-26 18:58:33.319 [info] > git fetch [10034ms]
2022-12-26 18:58:33.319 [info] fatal: unable to access 'https://github.com/nunoamorim99/nunoamorim.git/': Could not resolve host: github.com
2022-12-26 19:00:22.396 [info] > git fetch [143295ms]
2022-12-26 19:00:22.406 [info] > git config --get commit.template [0ms]
2022-12-26 19:00:22.426 [info] > git status -z -uall [9ms]
2022-12-26 19:00:22.428 [info] > git for-each-ref --sort -committerdate --format %(refname) %(objectname) %(*objectname) [1ms]
2022-12-26 19:00:23.498 [info] > git config --get commit.template [1ms]
2022-12-26 19:00:23.516 [info] > git status -z -uall [10ms]
2022-12-26 19:00:23.517 [info] > git for-each-ref --sort -committerdate --format %(refname) %(objectname) %(*objectname) [4ms]
2022-12-26 19:01:41.109 [info] > git ls-files --stage -- /home/nunoamorim/ITI2/haproxy/haproxy.cfg [9ms]
2022-12-26 19:01:41.110 [info] > git ls-files --stage -- /home/nunoamorim/ITI2/frontend/Dockerfile [20ms]
2022-12-26 19:01:41.110 [info] > git ls-files --stage -- /home/nunoamorim/ITI2/frontend/server.js [29ms]
2022-12-26 19:01:41.110 [info] > git ls-files --stage -- /home/nunoamorim/ITI2/docker-compose.yml [36ms]
2022-12-26 19:01:41.112 [info] > git ls-files --stage -- /home/nunoamorim/ITI2/frontend/package-lock.json [5ms]
2022-12-26 19:01:41.185 [info] > git show --textconv :ITI2/haproxy/haproxy.cfg [60ms]
2022-12-26 19:01:41.186 [info] > git show --textconv :ITI2/frontend/Dockerfile [52ms]
2022-12-26 19:01:41.186 [info] > git show --textconv :ITI2/frontend/server.js [43ms]
2022-12-26 19:01:41.186 [info] > git show --textconv :ITI2/docker-compose.yml [24ms]
2022-12-26 19:01:41.188 [info] > git show --textconv :ITI2/frontend/package-lock.json [3ms]
2022-12-26 19:01:44.171 [info] > git fetch [4314ms]
2022-12-26 19:01:44.189 [info] > git config --get commit.template [8ms]
2022-12-26 19:01:44.189 [info] > git for-each-ref --format=%(refname)%00%(upstream:short)%00%(objectname)%00%(upstream:track)%00%(upstream:remotename)%00%(upstream:remoteref) refs/heads/master refs/remotes/master [1ms]
2022-12-26 19:01:44.207 [info] > git for-each-ref --sort -committerdate --format %(refname) %(objectname) %(*objectname) [2ms]
2022-12-26 19:01:46.170 [info] > git status -z -uall [1974ms] (cancelled)
2022-12-26 19:01:46.666 [info] > git ls-files --stage -- /home/nunoamorim/ITI2/haproxy/haproxy.cfg [19ms]
2022-12-26 19:01:46.667 [info] > git ls-files --stage -- /home/nunoamorim/ITI2/frontend/Dockerfile [33ms]
2022-12-26 19:01:46.668 [info] > git ls-files --stage -- /home/nunoamorim/ITI2/frontend/server.js [47ms]
2022-12-26 19:01:46.668 [info] > git ls-files --stage -- /home/nunoamorim/ITI2/docker-compose.yml [59ms]
2022-12-26 19:01:46.670 [info] > git ls-files --stage -- /home/nunoamorim/ITI2/frontend/package-lock.json [6ms]
2022-12-26 19:01:46.779 [info] > git show --textconv :ITI2/haproxy/haproxy.cfg [75ms]
2022-12-26 19:01:46.779 [info] > git show --textconv :ITI2/frontend/Dockerfile [57ms]
2022-12-26 19:01:46.779 [info] > git show --textconv :ITI2/frontend/server.js [41ms]
2022-12-26 19:01:46.780 [info] > git show --textconv :ITI2/docker-compose.yml [22ms]
2022-12-26 19:01:46.783 [info] > git show --textconv :ITI2/frontend/package-lock.json [5ms]
2022-12-26 19:03:36.527 [info] > git fetch [5139ms]
2022-12-26 19:03:36.540 [info] > git config --get commit.template [1ms]
2022-12-26 19:03:36.560 [info] > git status -z -uall [11ms]
2022-12-26 19:03:36.561 [info] > git for-each-ref --sort -committerdate --format %(refname) %(objectname) %(*objectname) [2ms]
2022-12-26 19:03:37.635 [info] > git config --get commit.template [1ms]
2022-12-26 19:03:37.657 [info] > git status -z -uall [13ms]
2022-12-26 19:03:37.659 [info] > git for-each-ref --sort -committerdate --format %(refname) %(objectname) %(*objectname) [2ms]
2022-12-26 19:04:46.079 [info] > git ls-files --stage -- /home/nunoamorim/ITI2/haproxy/haproxy.cfg [12ms]
2022-12-26 19:04:46.080 [info] > git ls-files --stage -- /home/nunoamorim/ITI2/frontend/Dockerfile [24ms]
2022-12-26 19:04:46.080 [info] > git ls-files --stage -- /home/nunoamorim/ITI2/frontend/server.js [34ms]
2022-12-26 19:04:46.081 [info] > git ls-files --stage -- /home/nunoamorim/ITI2/docker-compose.yml [44ms]
2022-12-26 19:04:46.082 [info] > git ls-files --stage -- /home/nunoamorim/ITI2/frontend/package-lock.json [4ms]
2022-12-26 19:04:46.150 [info] > git show --textconv :ITI2/haproxy/haproxy.cfg [54ms]
2022-12-26 19:04:46.151 [info] > git show --textconv :ITI2/frontend/Dockerfile [43ms]
2022-12-26 19:04:46.151 [info] > git show --textconv :ITI2/frontend/server.js [30ms]
2022-12-26 19:04:46.151 [info] > git show --textconv :ITI2/docker-compose.yml [11ms]
2022-12-26 19:04:46.154 [info] > git show --textconv :ITI2/frontend/package-lock.json [4ms]
2022-12-26 19:04:52.065 [info] > git fetch [7204ms]
2022-12-26 19:04:52.084 [info] > git config --get commit.template [9ms]
2022-12-26 19:04:52.088 [info] > git for-each-ref --format=%(refname)%00%(upstream:short)%00%(objectname)%00%(upstream:track)%00%(upstream:remotename)%00%(upstream:remoteref) refs/heads/master refs/remotes/master [5ms]
2022-12-26 19:04:52.112 [info] > git for-each-ref --sort -committerdate --format %(refname) %(objectname) %(*objectname) [3ms]
2022-12-26 19:04:53.335 [info] > git ls-files --stage -- /home/nunoamorim/ITI2/haproxy/haproxy.cfg [11ms]
2022-12-26 19:04:53.336 [info] > git ls-files --stage -- /home/nunoamorim/ITI2/frontend/Dockerfile [22ms]
2022-12-26 19:04:53.336 [info] > git ls-files --stage -- /home/nunoamorim/ITI2/frontend/server.js [32ms]
2022-12-26 19:04:53.337 [info] > git ls-files --stage -- /home/nunoamorim/ITI2/docker-compose.yml [43ms]
2022-12-26 19:04:53.339 [info] > git ls-files --stage -- /home/nunoamorim/ITI2/frontend/package-lock.json [5ms]
2022-12-26 19:04:53.402 [info] > git show --textconv :ITI2/haproxy/haproxy.cfg [49ms]
2022-12-26 19:04:53.402 [info] > git show --textconv :ITI2/frontend/Dockerfile [40ms]
2022-12-26 19:04:53.402 [info] > git show --textconv :ITI2/frontend/server.js [28ms]
2022-12-26 19:04:53.402 [info] > git show --textconv :ITI2/docker-compose.yml [19ms]
2022-12-26 19:04:53.406 [info] > git show --textconv :ITI2/frontend/package-lock.json [6ms]
2022-12-26 19:04:57.333 [info] > git status -z -uall [5236ms] (cancelled)
2022-12-26 19:06:51.324 [info] > git fetch [983ms]
2022-12-26 19:06:51.338 [info] > git config --get commit.template [3ms]
2022-12-26 19:06:51.362 [info] > git status -z -uall [11ms]
2022-12-26 19:06:51.363 [info] > git for-each-ref --sort -committerdate --format %(refname) %(objectname) %(*objectname) [2ms]
2022-12-26 19:06:52.443 [info] > git config --get commit.template [1ms]
2022-12-26 19:06:52.466 [info] > git status -z -uall [9ms]
2022-12-26 19:06:52.467 [info] > git for-each-ref --sort -committerdate --format %(refname) %(objectname) %(*objectname) [2ms]
2022-12-26 19:08:17.182 [info] > git ls-files --stage -- /home/nunoamorim/ITI2/haproxy/haproxy.cfg [11ms]
2022-12-26 19:08:17.183 [info] > git ls-files --stage -- /home/nunoamorim/ITI2/frontend/Dockerfile [22ms]
2022-12-26 19:08:17.184 [info] > git ls-files --stage -- /home/nunoamorim/ITI2/frontend/server.js [32ms]
2022-12-26 19:08:17.184 [info] > git ls-files --stage -- /home/nunoamorim/ITI2/docker-compose.yml [43ms]
2022-12-26 19:08:17.186 [info] > git ls-files --stage -- /home/nunoamorim/ITI2/frontend/package-lock.json [6ms]
2022-12-26 19:08:17.242 [info] > git show --textconv :ITI2/haproxy/haproxy.cfg [40ms]
2022-12-26 19:08:17.242 [info] > git show --textconv :ITI2/frontend/Dockerfile [32ms]
2022-12-26 19:08:17.242 [info] > git show --textconv :ITI2/frontend/server.js [23ms]
2022-12-26 19:08:17.242 [info] > git show --textconv :ITI2/docker-compose.yml [14ms]
2022-12-26 19:08:17.245 [info] > git show --textconv :ITI2/frontend/package-lock.json [6ms]
2022-12-26 19:08:19.600 [info] > git fetch [3680ms]
2022-12-26 19:08:19.620 [info] > git config --get commit.template [9ms]
2022-12-26 19:08:19.621 [info] > git for-each-ref --format=%(refname)%00%(upstream:short)%00%(objectname)%00%(upstream:track)%00%(upstream:remotename)%00%(upstream:remoteref) refs/heads/master refs/remotes/master [1ms]
2022-12-26 19:08:19.648 [info] > git for-each-ref --sort -committerdate --format %(refname) %(objectname) %(*objectname) [2ms]
2022-12-26 19:08:20.033 [info] > git status -z -uall [399ms] (cancelled)
2022-12-26 19:08:22.489 [info] > git ls-files --stage -- /home/nunoamorim/ITI2/haproxy/haproxy.cfg [16ms]
2022-12-26 19:08:22.490 [info] > git ls-files --stage -- /home/nunoamorim/ITI2/frontend/Dockerfile [35ms]
2022-12-26 19:08:22.491 [info] > git ls-files --stage -- /home/nunoamorim/ITI2/frontend/server.js [47ms]
2022-12-26 19:08:22.491 [info] > git ls-files --stage -- /home/nunoamorim/ITI2/docker-compose.yml [61ms]
2022-12-26 19:08:22.492 [info] > git ls-files --stage -- /home/nunoamorim/ITI2/frontend/package-lock.json [6ms]
2022-12-26 19:08:22.569 [info] > git show --textconv :ITI2/haproxy/haproxy.cfg [62ms]
2022-12-26 19:08:22.569 [info] > git show --textconv :ITI2/frontend/Dockerfile [51ms]
2022-12-26 19:08:22.569 [info] > git show --textconv :ITI2/frontend/server.js [37ms]
2022-12-26 19:08:22.569 [info] > git show --textconv :ITI2/docker-compose.yml [20ms]
2022-12-26 19:08:22.576 [info] > git show --textconv :ITI2/frontend/package-lock.json [8ms]
2022-12-26 19:09:53.335 [info] > git fetch [1961ms]
2022-12-26 19:09:53.348 [info] > git config --get commit.template [0ms]
2022-12-26 19:09:53.367 [info] > git status -z -uall [9ms]
2022-12-26 19:09:53.368 [info] > git for-each-ref --sort -committerdate --format %(refname) %(objectname) %(*objectname) [2ms]
2022-12-26 19:09:54.442 [info] > git config --get commit.template [2ms]
2022-12-26 19:09:54.464 [info] > git status -z -uall [10ms]
2022-12-26 19:09:54.465 [info] > git for-each-ref --sort -committerdate --format %(refname) %(objectname) %(*objectname) [3ms]
2022-12-26 19:11:21.273 [info] > git ls-files --stage -- /home/nunoamorim/ITI2/haproxy/haproxy.cfg [10ms]
2022-12-26 19:11:21.274 [info] > git ls-files --stage -- /home/nunoamorim/ITI2/frontend/Dockerfile [18ms]
2022-12-26 19:11:21.274 [info] > git ls-files --stage -- /home/nunoamorim/ITI2/frontend/server.js [26ms]
2022-12-26 19:11:21.277 [info] > git ls-files --stage -- /home/nunoamorim/ITI2/docker-compose.yml [35ms]
2022-12-26 19:11:21.277 [info] > git ls-files --stage -- /home/nunoamorim/ITI2/frontend/package-lock.json [6ms]
2022-12-26 19:11:21.325 [info] > git show --textconv :ITI2/haproxy/haproxy.cfg [35ms]
2022-12-26 19:11:21.325 [info] > git show --textconv :ITI2/frontend/Dockerfile [28ms]
2022-12-26 19:11:21.325 [info] > git show --textconv :ITI2/frontend/server.js [20ms]
2022-12-26 19:11:21.325 [info] > git show --textconv :ITI2/docker-compose.yml [12ms]
2022-12-26 19:11:21.328 [info] > git show --textconv :ITI2/frontend/package-lock.json [3ms]
2022-12-26 19:11:23.562 [info] > git fetch [3525ms]
2022-12-26 19:11:23.574 [info] > git config --get commit.template [1ms]
2022-12-26 19:11:23.583 [info] > git for-each-ref --format=%(refname)%00%(upstream:short)%00%(objectname)%00%(upstream:track)%00%(upstream:remotename)%00%(upstream:remoteref) refs/heads/master refs/remotes/master [1ms]
2022-12-26 19:11:23.611 [info] > git for-each-ref --sort -committerdate --format %(refname) %(objectname) %(*objectname) [2ms]
2022-12-26 19:11:25.589 [info] > git status -z -uall [1995ms] (cancelled)
2022-12-26 19:11:26.114 [info] > git ls-files --stage -- /home/nunoamorim/ITI2/frontend/package-lock.json [5ms]
2022-12-26 19:11:26.114 [info] > git ls-files --stage -- /home/nunoamorim/ITI2/haproxy/haproxy.cfg [24ms]
2022-12-26 19:11:26.115 [info] > git ls-files --stage -- /home/nunoamorim/ITI2/frontend/Dockerfile [39ms]
2022-12-26 19:11:26.116 [info] > git ls-files --stage -- /home/nunoamorim/ITI2/frontend/server.js [52ms]
2022-12-26 19:11:26.117 [info] > git ls-files --stage -- /home/nunoamorim/ITI2/docker-compose.yml [67ms]
2022-12-26 19:11:26.249 [info] > git show --textconv :ITI2/frontend/package-lock.json [68ms]
2022-12-26 19:11:26.249 [info] > git show --textconv :ITI2/haproxy/haproxy.cfg [53ms]
2022-12-26 19:11:26.249 [info] > git show --textconv :ITI2/frontend/Dockerfile [36ms]
2022-12-26 19:11:26.250 [info] > git show --textconv :ITI2/frontend/server.js [18ms]
2022-12-26 19:11:26.254 [info] > git show --textconv :ITI2/docker-compose.yml [7ms]
2022-12-26 19:13:15.624 [info] > git fetch [4868ms]
2022-12-26 19:13:15.636 [info] > git config --get commit.template [1ms]
2022-12-26 19:13:15.654 [info] > git status -z -uall [8ms]
2022-12-26 19:13:15.655 [info] > git for-each-ref --sort -committerdate --format %(refname) %(objectname) %(*objectname) [2ms]
2022-12-26 19:13:16.730 [info] > git config --get commit.template [3ms]
2022-12-26 19:13:16.747 [info] > git status -z -uall [10ms]
2022-12-26 19:13:16.747 [info] > git for-each-ref --sort -committerdate --format %(refname) %(objectname) %(*objectname) [1ms]
2022-12-26 19:14:57.379 [info] > git ls-files --stage -- /home/nunoamorim/ITI2/frontend/server.js [12ms]
2022-12-26 19:14:57.380 [info] > git ls-files --stage -- /home/nunoamorim/ITI2/docker-compose.yml [21ms]
2022-12-26 19:14:57.381 [info] > git ls-files --stage -- /home/nunoamorim/ITI2/haproxy/haproxy.cfg [3ms]
2022-12-26 19:14:57.414 [info] > git show --textconv :ITI2/frontend/server.js [20ms]
2022-12-26 19:14:57.414 [info] > git show --textconv :ITI2/docker-compose.yml [13ms]
2022-12-26 19:14:57.418 [info] > git show --textconv :ITI2/haproxy/haproxy.cfg [4ms]
2022-12-26 19:15:00.632 [info] > git fetch [4524ms]
2022-12-26 19:15:00.650 [info] > git config --get commit.template [8ms]
2022-12-26 19:15:00.651 [info] > git for-each-ref --format=%(refname)%00%(upstream:short)%00%(objectname)%00%(upstream:track)%00%(upstream:remotename)%00%(upstream:remoteref) refs/heads/master refs/remotes/master [2ms]
2022-12-26 19:15:00.668 [info] > git for-each-ref --sort -committerdate --format %(refname) %(objectname) %(*objectname) [1ms]
2022-12-26 19:15:00.986 [info] > git status -z -uall [327ms] (cancelled)
2022-12-26 19:15:02.341 [info] > git ls-files --stage -- /home/nunoamorim/ITI2/frontend/server.js [9ms]
2022-12-26 19:15:02.342 [info] > git ls-files --stage -- /home/nunoamorim/ITI2/docker-compose.yml [18ms]
2022-12-26 19:15:02.343 [info] > git ls-files --stage -- /home/nunoamorim/ITI2/haproxy/haproxy.cfg [3ms]
2022-12-26 19:15:02.373 [info] > git show --textconv :ITI2/frontend/server.js [18ms]
2022-12-26 19:15:02.373 [info] > git show --textconv :ITI2/docker-compose.yml [10ms]
2022-12-26 19:15:02.376 [info] > git show --textconv :ITI2/haproxy/haproxy.cfg [4ms]
2022-12-26 19:16:15.719 [info] > git fetch [41ms]
2022-12-26 19:16:15.719 [info] fatal: unable to access 'https://github.com/nvm-sh/nvm.git/': Could not resolve host: github.com
2022-12-26 19:16:16.836 [info] > git config --get commit.template [5ms]
2022-12-26 19:16:16.903 [info] > git status -z -uall [34ms]
2022-12-26 19:16:16.907 [info] > git for-each-ref --sort -committerdate --format %(refname) %(objectname) %(*objectname) [6ms]
2022-12-27 09:31:17.512 [info] > git ls-files --stage -- /home/nunoamorim/ITI2/frontend/server.js [22ms]
2022-12-27 09:31:17.516 [info] > git ls-files --stage -- /home/nunoamorim/ITI2/docker-compose.yml [49ms]
2022-12-27 09:31:17.517 [info] > git ls-files --stage -- /home/nunoamorim/ITI2/haproxy/haproxy.cfg [8ms]
2022-12-27 09:31:17.569 [info] > git show --textconv :ITI2/frontend/server.js [22ms]
2022-12-27 09:31:17.569 [info] > git show --textconv :ITI2/docker-compose.yml [16ms]
2022-12-27 09:31:17.572 [info] > git show --textconv :ITI2/haproxy/haproxy.cfg [4ms]
