2022-12-19 15:06:29.205 [info] Log level: Info
2022-12-19 15:06:29.206 [info] Validating found git in: "git"
2022-12-19 15:06:29.206 [info] Using git "2.25.1" from "git"
2022-12-19 15:06:29.206 [info] > git rev-parse --show-toplevel [160ms]
2022-12-19 15:06:29.206 [info] > git rev-parse --git-dir --git-common-dir [2ms]
2022-12-19 15:06:29.206 [info] Open repository: /home/nunoamorim
2022-12-19 15:06:29.206 [info] > git rev-parse --show-toplevel [12ms]
2022-12-19 15:06:29.206 [info] > git config --get commit.template [11ms]
2022-12-19 15:06:29.206 [info] > git for-each-ref --format=%(refname)%00%(upstream:short)%00%(objectname)%00%(upstream:track)%00%(upstream:remotename)%00%(upstream:remoteref) refs/heads/master refs/remotes/master [3ms]
2022-12-19 15:06:29.206 [info] > git for-each-ref --sort -committerdate --format %(refname) %(objectname) %(*objectname) [2ms]
2022-12-19 15:06:29.533 [info] > git fetch [584ms]
2022-12-19 15:06:29.566 [info] > git status -z -uall [561ms] (cancelled)
2022-12-19 15:06:29.572 [info] > git config --get commit.template [9ms]
2022-12-19 15:06:29.572 [info] > git config --get commit.template [18ms]
2022-12-19 15:06:29.620 [info] > git for-each-ref --format=%(refname)%00%(upstream:short)%00%(objectname)%00%(upstream:track)%00%(upstream:remotename)%00%(upstream:remoteref) refs/heads/master refs/remotes/master [9ms]
2022-12-19 15:06:29.623 [info] > git for-each-ref --format=%(refname)%00%(upstream:short)%00%(objectname)%00%(upstream:track)%00%(upstream:remotename)%00%(upstream:remoteref) refs/heads/master refs/remotes/master [5ms]
2022-12-19 15:06:29.640 [info] > git for-each-ref --sort -committerdate --format %(refname) %(objectname) %(*objectname) [3ms]
2022-12-19 15:06:29.776 [info] > git check-ignore -v -z --stdin [72ms]
2022-12-19 15:06:29.893 [info] > git status -z -uall [263ms] (cancelled)
2022-12-19 15:06:30.470 [info] > git config --local branch.master.github-pr-owner-number [117ms]
2022-12-19 15:06:31.577 [info] > git check-ignore -v -z --stdin [56ms]
2022-12-19 15:06:39.259 [info] > git show --textconv :ITI2/ITI/server2.js [11ms]
2022-12-19 15:06:39.264 [info] > git ls-files --stage -- /home/nunoamorim/ITI2/ITI/server2.js [7ms]
2022-12-19 15:06:44.437 [info] > git show --textconv :ITI2/ITI/ficheiro.pdf [13ms]
2022-12-19 15:06:44.444 [info] > git ls-files --stage -- /home/nunoamorim/ITI2/ITI/ficheiro.pdf [9ms]
2022-12-19 15:06:51.141 [info] > git show --textconv :ITI2/ITI/docker-compose.yml [18ms]
2022-12-19 15:06:51.147 [info] > git ls-files --stage -- /home/nunoamorim/ITI2/ITI/docker-compose.yml [9ms]
2022-12-19 15:06:54.228 [info] > git check-ignore -v -z --stdin [20ms]
2022-12-19 15:09:30.169 [info] > git fetch [522ms]
2022-12-19 15:09:30.210 [info] > git config --get commit.template [7ms]
2022-12-19 15:09:30.240 [info] > git for-each-ref --format=%(refname)%00%(upstream:short)%00%(objectname)%00%(upstream:track)%00%(upstream:remotename)%00%(upstream:remoteref) refs/heads/master refs/remotes/master [6ms]
2022-12-19 15:09:30.307 [info] > git for-each-ref --sort -committerdate --format %(refname) %(objectname) %(*objectname) [7ms]
2022-12-19 15:09:33.104 [info] > git status -z -uall [2843ms] (cancelled)
2022-12-19 15:09:33.620 [info] > git ls-files --stage -- /home/nunoamorim/ITI2/ITI/ficheiro.pdf [11ms]
2022-12-19 15:09:33.621 [info] > git ls-files --stage -- /home/nunoamorim/ITI2/ITI/server2.js [25ms]
2022-12-19 15:09:33.622 [info] > git ls-files --stage -- /home/nunoamorim/ITI2/ITI/docker-compose.yml [4ms]
2022-12-19 15:09:33.704 [info] > git show --textconv :ITI2/ITI/ficheiro.pdf [22ms]
2022-12-19 15:09:33.704 [info] > git show --textconv :ITI2/ITI/server2.js [12ms]
2022-12-19 15:09:33.707 [info] > git show --textconv :ITI2/ITI/docker-compose.yml [5ms]
2022-12-19 15:13:38.778 [info] > git fetch [2819ms]
2022-12-19 15:13:38.807 [info] > git config --get commit.template [12ms]
2022-12-19 15:13:38.808 [info] > git for-each-ref --format=%(refname)%00%(upstream:short)%00%(objectname)%00%(upstream:track)%00%(upstream:remotename)%00%(upstream:remoteref) refs/heads/master refs/remotes/master [3ms]
2022-12-19 15:13:38.834 [info] > git for-each-ref --sort -committerdate --format %(refname) %(objectname) %(*objectname) [2ms]
2022-12-19 15:13:42.262 [info] > git status -z -uall [3443ms] (cancelled)
2022-12-19 15:28:35.346 [info] > git ls-files --stage -- /home/nunoamorim/ITI2/ITI/ficheiro.pdf [12ms]
2022-12-19 15:28:35.348 [info] > git ls-files --stage -- /home/nunoamorim/ITI2/ITI/server2.js [26ms]
2022-12-19 15:28:35.351 [info] > git ls-files --stage -- /home/nunoamorim/ITI2/ITI/docker-compose.yml [8ms]
2022-12-19 15:28:35.400 [info] > git show --textconv :ITI2/ITI/ficheiro.pdf [27ms]
2022-12-19 15:28:35.401 [info] > git show --textconv :ITI2/ITI/server2.js [15ms]
2022-12-19 15:28:35.401 [info] > git show --textconv :ITI2/ITI/docker-compose.yml [3ms]
2022-12-19 15:28:36.601 [info] > git ls-files --stage -- /home/nunoamorim/ITI2/ITI/ficheiro.pdf [8ms]
2022-12-19 15:28:36.602 [info] > git ls-files --stage -- /home/nunoamorim/ITI2/ITI/server2.js [15ms]
2022-12-19 15:28:36.603 [info] > git ls-files --stage -- /home/nunoamorim/ITI2/ITI/docker-compose.yml [4ms]
2022-12-19 15:28:36.632 [info] > git show --textconv :ITI2/ITI/ficheiro.pdf [20ms]
2022-12-19 15:28:36.633 [info] > git show --textconv :ITI2/ITI/server2.js [15ms]
2022-12-19 15:28:36.638 [info] > git show --textconv :ITI2/ITI/docker-compose.yml [6ms]
2022-12-19 15:28:39.759 [info] > git fetch [4457ms]
2022-12-19 15:28:39.774 [info] > git config --get commit.template [6ms]
2022-12-19 15:28:39.775 [info] > git for-each-ref --format=%(refname)%00%(upstream:short)%00%(objectname)%00%(upstream:track)%00%(upstream:remotename)%00%(upstream:remoteref) refs/heads/master refs/remotes/master [2ms]
2022-12-19 15:28:39.792 [info] > git for-each-ref --sort -committerdate --format %(refname) %(objectname) %(*objectname) [2ms]
2022-12-19 15:28:40.051 [info] > git status -z -uall [270ms] (cancelled)
2022-12-19 16:11:16.809 [info] > git ls-files --stage -- /home/nunoamorim/ITI2/ITI/ficheiro.pdf [16ms]
2022-12-19 16:11:16.809 [info] > git ls-files --stage -- /home/nunoamorim/ITI2/ITI/server2.js [32ms]
2022-12-19 16:11:16.810 [info] > git ls-files --stage -- /home/nunoamorim/ITI2/ITI/docker-compose.yml [5ms]
2022-12-19 16:11:16.839 [info] > git show --textconv :ITI2/ITI/ficheiro.pdf [18ms]
2022-12-19 16:11:16.839 [info] > git show --textconv :ITI2/ITI/server2.js [11ms]
2022-12-19 16:11:16.841 [info] > git show --textconv :ITI2/ITI/docker-compose.yml [3ms]
2022-12-19 16:11:17.371 [info] > git fetch [636ms]
2022-12-19 16:11:17.380 [info] > git config --get commit.template [1ms]
2022-12-19 16:11:17.386 [info] > git for-each-ref --format=%(refname)%00%(upstream:short)%00%(objectname)%00%(upstream:track)%00%(upstream:remotename)%00%(upstream:remoteref) refs/heads/master refs/remotes/master [1ms]
2022-12-19 16:11:17.399 [info] > git for-each-ref --sort -committerdate --format %(refname) %(objectname) %(*objectname) [1ms]
2022-12-19 16:11:18.725 [info] > git status -z -uall [1334ms] (cancelled)
2022-12-19 16:11:19.237 [info] > git ls-files --stage -- /home/nunoamorim/ITI2/ITI/ficheiro.pdf [8ms]
2022-12-19 16:11:19.238 [info] > git ls-files --stage -- /home/nunoamorim/ITI2/ITI/server2.js [19ms]
2022-12-19 16:11:19.239 [info] > git ls-files --stage -- /home/nunoamorim/ITI2/ITI/docker-compose.yml [3ms]
2022-12-19 16:11:19.355 [info] > git show --textconv :ITI2/ITI/ficheiro.pdf [25ms]
2022-12-19 16:11:19.355 [info] > git show --textconv :ITI2/ITI/server2.js [14ms]
2022-12-19 16:11:19.355 [info] > git show --textconv :ITI2/ITI/docker-compose.yml [4ms]
2022-12-19 16:11:19.493 [info] > git show --textconv :ITI2/ITI/frontend/server.js [11ms]
2022-12-19 16:11:19.498 [info] > git ls-files --stage -- /home/nunoamorim/ITI2/ITI/frontend/server.js [6ms]
2022-12-19 16:14:18.292 [info] > git fetch [536ms]
2022-12-19 16:14:18.302 [info] > git config --get commit.template [1ms]
2022-12-19 16:14:18.308 [info] > git for-each-ref --format=%(refname)%00%(upstream:short)%00%(objectname)%00%(upstream:track)%00%(upstream:remotename)%00%(upstream:remoteref) refs/heads/master refs/remotes/master [1ms]
2022-12-19 16:14:18.321 [info] > git for-each-ref --sort -committerdate --format %(refname) %(objectname) %(*objectname) [2ms]
2022-12-19 16:14:18.514 [info] > git status -z -uall [201ms] (cancelled)
2022-12-19 16:14:19.749 [info] > git ls-files --stage -- /home/nunoamorim/ITI2/ITI/docker-compose.yml [4ms]
2022-12-19 16:14:19.764 [info] > git show --textconv :ITI2/ITI/docker-compose.yml [2ms]
2022-12-19 16:18:49.266 [info] > git fetch [522ms]
2022-12-19 16:18:49.290 [info] > git config --get commit.template [9ms]
2022-12-19 16:18:49.291 [info] > git for-each-ref --format=%(refname)%00%(upstream:short)%00%(objectname)%00%(upstream:track)%00%(upstream:remotename)%00%(upstream:remoteref) refs/heads/master refs/remotes/master [2ms]
2022-12-19 16:18:49.308 [info] > git for-each-ref --sort -committerdate --format %(refname) %(objectname) %(*objectname) [2ms]
2022-12-19 16:18:50.528 [info] > git status -z -uall [1230ms] (cancelled)
2022-12-19 16:18:50.785 [info] > git ls-files --stage -- /home/nunoamorim/ITI2/ITI/docker-compose.yml [3ms]
2022-12-19 16:18:50.803 [info] > git show --textconv :ITI2/ITI/docker-compose.yml [3ms]
2022-12-19 16:21:39.049 [info] > git check-ignore -v -z --stdin [4ms]
2022-12-19 16:21:50.047 [info] > git fetch [492ms]
2022-12-19 16:21:50.056 [info] > git config --get commit.template [2ms]
2022-12-19 16:21:50.062 [info] > git for-each-ref --format=%(refname)%00%(upstream:short)%00%(objectname)%00%(upstream:track)%00%(upstream:remotename)%00%(upstream:remoteref) refs/heads/master refs/remotes/master [1ms]
2022-12-19 16:21:50.076 [info] > git for-each-ref --sort -committerdate --format %(refname) %(objectname) %(*objectname) [2ms]
2022-12-19 16:21:50.272 [info] > git status -z -uall [205ms] (cancelled)
2022-12-19 16:21:51.502 [info] > git ls-files --stage -- /home/nunoamorim/ITI2/ITI/docker-compose.yml [3ms]
2022-12-19 16:21:51.516 [info] > git show --textconv :ITI2/ITI/docker-compose.yml [3ms]
2022-12-19 16:22:15.097 [info] > git check-ignore -v -z --stdin [4ms]
2022-12-19 16:22:21.338 [info] > git check-ignore -v -z --stdin [3ms]
2022-12-19 16:26:07.715 [info] > git fetch [472ms]
2022-12-19 16:26:07.732 [info] > git config --get commit.template [8ms]
2022-12-19 16:26:07.733 [info] > git for-each-ref --format=%(refname)%00%(upstream:short)%00%(objectname)%00%(upstream:track)%00%(upstream:remotename)%00%(upstream:remoteref) refs/heads/master refs/remotes/master [2ms]
2022-12-19 16:26:07.749 [info] > git for-each-ref --sort -committerdate --format %(refname) %(objectname) %(*objectname) [2ms]
2022-12-19 16:26:08.934 [info] > git status -z -uall [1195ms] (cancelled)
2022-12-19 16:26:09.213 [info] > git ls-files --stage -- /home/nunoamorim/ITI2/ITI/docker-compose.yml [3ms]
2022-12-19 16:26:09.230 [info] > git show --textconv :ITI2/ITI/docker-compose.yml [3ms]
2022-12-19 16:26:49.925 [info] > git check-ignore -v -z --stdin [5ms]
2022-12-19 16:27:43.772 [info] > git check-ignore -v -z --stdin [15ms]
2022-12-19 16:27:45.360 [info] > git check-ignore -v -z --stdin [3ms]
2022-12-19 16:31:37.565 [info] > git fetch [537ms]
2022-12-19 16:31:37.575 [info] > git config --get commit.template [0ms]
2022-12-19 16:31:37.583 [info] > git for-each-ref --format=%(refname)%00%(upstream:short)%00%(objectname)%00%(upstream:track)%00%(upstream:remotename)%00%(upstream:remoteref) refs/heads/master refs/remotes/master [1ms]
2022-12-19 16:31:37.603 [info] > git for-each-ref --sort -committerdate --format %(refname) %(objectname) %(*objectname) [1ms]
2022-12-19 16:31:38.864 [info] > git status -z -uall [1273ms] (cancelled)
2022-12-19 16:31:39.135 [info] > git ls-files --stage -- /home/nunoamorim/ITI2/ITI/docker-compose.yml [3ms]
2022-12-19 16:31:39.150 [info] > git show --textconv :ITI2/ITI/docker-compose.yml [3ms]
2022-12-19 16:33:21.459 [info] > git check-ignore -v -z --stdin [7ms]
2022-12-19 16:33:27.252 [info] > git check-ignore -v -z --stdin [14ms]
2022-12-19 16:33:56.244 [info] > git check-ignore -v -z --stdin [4ms]
2022-12-19 16:34:06.224 [info] > git check-ignore -v -z --stdin [4ms]
2022-12-19 16:34:11.926 [info] > git check-ignore -v -z --stdin [4ms]
2022-12-19 16:34:26.358 [info] > git show --textconv :ITI2/ITI/frontend/server.js [16ms]
2022-12-19 16:34:26.388 [info] > git ls-files --stage -- /home/nunoamorim/ITI2/ITI/frontend/server.js [32ms]
2022-12-19 16:34:38.455 [info] > git fetch [589ms]
2022-12-19 16:34:38.467 [info] > git config --get commit.template [6ms]
2022-12-19 16:34:38.468 [info] > git for-each-ref --format=%(refname)%00%(upstream:short)%00%(objectname)%00%(upstream:track)%00%(upstream:remotename)%00%(upstream:remoteref) refs/heads/master refs/remotes/master [2ms]
2022-12-19 16:34:38.483 [info] > git for-each-ref --sort -committerdate --format %(refname) %(objectname) %(*objectname) [1ms]
2022-12-19 16:34:38.693 [info] > git status -z -uall [219ms] (cancelled)
2022-12-19 16:34:39.941 [info] > git ls-files --stage -- /home/nunoamorim/ITI2/ITI/docker-compose.yml [7ms]
2022-12-19 16:34:39.944 [info] > git ls-files --stage -- /home/nunoamorim/ITI2/ITI/frontend/server.js [3ms]
2022-12-19 16:34:39.954 [info] > git show --textconv :ITI2/ITI/docker-compose.yml [3ms]
2022-12-19 16:34:39.967 [info] > git show --textconv :ITI2/ITI/frontend/server.js [4ms]
2022-12-19 16:35:38.060 [info] > git check-ignore -v -z --stdin [3ms]
2022-12-19 16:36:24.788 [info] > git check-ignore -v -z --stdin [4ms]
2022-12-19 16:37:15.438 [info] > git check-ignore -v -z --stdin [3ms]
2022-12-19 16:37:39.173 [info] > git fetch [472ms]
2022-12-19 16:37:39.186 [info] > git config --get commit.template [6ms]
2022-12-19 16:37:39.187 [info] > git for-each-ref --format=%(refname)%00%(upstream:short)%00%(objectname)%00%(upstream:track)%00%(upstream:remotename)%00%(upstream:remoteref) refs/heads/master refs/remotes/master [1ms]
2022-12-19 16:37:39.199 [info] > git for-each-ref --sort -committerdate --format %(refname) %(objectname) %(*objectname) [1ms]
2022-12-19 16:37:40.518 [info] > git status -z -uall [1326ms] (cancelled)
2022-12-19 16:54:42.055 [info] > git ls-files --stage -- /home/nunoamorim/ITI2/ITI/docker-compose.yml [22ms]
2022-12-19 16:54:42.060 [info] > git ls-files --stage -- /home/nunoamorim/ITI2/ITI/frontend/server.js [8ms]
2022-12-19 16:54:42.087 [info] > git show --textconv :ITI2/ITI/docker-compose.yml [15ms]
2022-12-19 16:54:42.090 [info] > git show --textconv :ITI2/ITI/frontend/server.js [4ms]
2022-12-19 16:54:42.650 [info] > git fetch [647ms]
2022-12-19 16:54:42.670 [info] > git config --get commit.template [10ms]
2022-12-19 16:54:42.670 [info] > git for-each-ref --format=%(refname)%00%(upstream:short)%00%(objectname)%00%(upstream:track)%00%(upstream:remotename)%00%(upstream:remoteref) refs/heads/master refs/remotes/master [2ms]
2022-12-19 16:54:42.694 [info] > git for-each-ref --sort -committerdate --format %(refname) %(objectname) %(*objectname) [4ms]
2022-12-19 16:54:43.043 [info] > git status -z -uall [362ms] (cancelled)
2022-12-19 16:54:44.246 [info] > git check-ignore -v -z --stdin [235ms]
2022-12-19 16:54:47.200 [info] > git ls-files --stage -- /home/nunoamorim/ITI2/ITI/docker-compose.yml [8ms]
2022-12-19 16:54:47.202 [info] > git ls-files --stage -- /home/nunoamorim/ITI2/ITI/frontend/server.js [3ms]
2022-12-19 16:54:47.224 [info] > git show --textconv :ITI2/ITI/docker-compose.yml [10ms]
2022-12-19 16:54:47.227 [info] > git show --textconv :ITI2/ITI/frontend/server.js [4ms]
2022-12-19 16:57:43.589 [info] > git fetch [537ms]
2022-12-19 16:57:43.603 [info] > git config --get commit.template [7ms]
2022-12-19 16:57:43.603 [info] > git for-each-ref --format=%(refname)%00%(upstream:short)%00%(objectname)%00%(upstream:track)%00%(upstream:remotename)%00%(upstream:remoteref) refs/heads/master refs/remotes/master [1ms]
2022-12-19 16:57:43.617 [info] > git for-each-ref --sort -committerdate --format %(refname) %(objectname) %(*objectname) [1ms]
2022-12-19 16:57:44.320 [info] > git status -z -uall [711ms] (cancelled)
2022-12-19 16:57:45.484 [info] > git ls-files --stage -- /home/nunoamorim/ITI2/ITI/docker-compose.yml [14ms]
2022-12-19 16:57:45.486 [info] > git ls-files --stage -- /home/nunoamorim/ITI2/ITI/frontend/server.js [3ms]
2022-12-19 16:57:45.503 [info] > git show --textconv :ITI2/ITI/docker-compose.yml [8ms]
2022-12-19 16:57:45.506 [info] > git show --textconv :ITI2/ITI/frontend/server.js [3ms]
