[2022-10-10T13:02:33.398Z] Log level: Info
[2022-10-10T13:02:33.416Z] [info] Validating found git in: git
[2022-10-10T13:02:33.844Z] [info] Using git 2.25.1 from git
[2022-10-10T13:02:34.048Z] > git rev-parse --show-toplevel [152ms]
[2022-10-10T13:02:34.085Z] > git rev-parse --git-dir --git-common-dir [10ms]
[2022-10-10T13:02:34.116Z] [info] Open repository: /home/nunoamorim
[2022-10-10T13:02:34.174Z] > git rev-parse --show-toplevel [10ms]
[2022-10-10T13:02:34.206Z] > git rev-parse --show-toplevel [3ms]
[2022-10-10T13:02:34.274Z] > git rev-parse --show-toplevel [29ms]
[2022-10-10T13:02:34.393Z] > git rev-parse --show-toplevel [106ms]
[2022-10-10T13:02:34.424Z] > git rev-parse --show-toplevel [17ms]
[2022-10-10T13:02:34.441Z] > git rev-parse --git-dir --git-common-dir [6ms]
[2022-10-10T13:02:34.455Z] [info] Open repository: /home/nunoamorim/.nvm
[2022-10-10T13:02:34.503Z] > git rev-parse --show-toplevel [2ms]
[2022-10-10T13:02:34.514Z] > git rev-parse --show-toplevel [2ms]
[2022-10-10T13:02:34.532Z] > git rev-parse --show-toplevel [5ms]
[2022-10-10T13:02:34.554Z] > git status -z -uall [67ms]
[2022-10-10T13:02:34.635Z] > git symbolic-ref --short HEAD [60ms]
[2022-10-10T13:02:34.635Z] fatal: ref HEAD is not a symbolic ref
[2022-10-10T13:02:34.675Z] > git rev-parse HEAD [18ms]
[2022-10-10T13:02:34.715Z] > git remote --verbose [5ms]
[2022-10-10T13:02:34.728Z] > git for-each-ref --sort -committerdate --format %(refname) %(objectname) %(*objectname) [35ms]
[2022-10-10T13:02:34.759Z] > git config --get commit.template [1ms]
[2022-10-10T13:02:34.795Z] > git status -z -uall [13ms]
[2022-10-10T13:02:34.814Z] > git symbolic-ref --short HEAD [10ms]
[2022-10-10T13:02:34.814Z] fatal: ref HEAD is not a symbolic ref
[2022-10-10T13:02:34.883Z] > git rev-parse HEAD [62ms]
[2022-10-10T13:02:34.957Z] > git status -z -uall [809ms]
[2022-10-10T13:02:34.977Z] > git for-each-ref --sort -committerdate --format %(refname) %(objectname) %(*objectname) [70ms]
[2022-10-10T13:02:35.053Z] > git symbolic-ref --short HEAD [77ms]
[2022-10-10T13:02:35.102Z] > git remote --verbose [189ms]
[2022-10-10T13:02:35.152Z] > git for-each-ref --format=%(refname)%00%(upstream:short)%00%(objectname)%00%(upstream:track)%00%(upstream:remotename)%00%(upstream:remoteref) refs/heads/master refs/remotes/master [51ms]
[2022-10-10T13:02:35.240Z] > git remote --verbose [65ms]
[2022-10-10T13:02:35.240Z] > git for-each-ref --sort -committerdate --format %(refname) %(objectname) %(*objectname) [78ms]
[2022-10-10T13:02:35.682Z] > git config --get commit.template [531ms]
[2022-10-10T13:02:37.299Z] > git check-ignore -v -z --stdin [2108ms]
[2022-10-10T13:02:37.310Z] > git check-ignore -v -z --stdin [2095ms]
[2022-10-10T13:02:37.311Z] > git fetch [2844ms]
[2022-10-10T13:02:37.311Z] From https://github.com/nvm-sh/nvm
   a82edf4..7c929f8  master     -> origin/master
[2022-10-10T13:02:37.347Z] > git fetch [3213ms]
[2022-10-10T13:02:37.451Z] > git status -z -uall [104ms]
[2022-10-10T13:02:37.463Z] > git config --get commit.template [169ms]
[2022-10-10T13:02:37.521Z] > git symbolic-ref --short HEAD [58ms]
[2022-10-10T13:02:37.522Z] fatal: ref HEAD is not a symbolic ref
[2022-10-10T13:02:37.535Z] > git rev-parse HEAD [5ms]
[2022-10-10T13:02:37.557Z] > git remote --verbose [4ms]
[2022-10-10T13:02:37.558Z] > git for-each-ref --sort -committerdate --format %(refname) %(objectname) %(*objectname) [13ms]
[2022-10-10T13:02:37.578Z] > git config --get commit.template [5ms]
[2022-10-10T13:02:37.641Z] > git status -z -uall [167ms]
[2022-10-10T13:02:37.652Z] > git symbolic-ref --short HEAD [2ms]
[2022-10-10T13:02:37.685Z] > git for-each-ref --format=%(refname)%00%(upstream:short)%00%(objectname)%00%(upstream:track)%00%(upstream:remotename)%00%(upstream:remoteref) refs/heads/master refs/remotes/master [16ms]
[2022-10-10T13:02:37.710Z] > git remote --verbose [4ms]
[2022-10-10T13:02:37.711Z] > git for-each-ref --sort -committerdate --format %(refname) %(objectname) %(*objectname) [13ms]
[2022-10-10T13:02:39.716Z] > git show --textconv :ITI/server.js [1864ms]
[2022-10-10T13:02:39.717Z] > git config --get commit.template [1833ms]
[2022-10-10T13:02:39.730Z] > git ls-files --stage -- /home/nunoamorim/ITI/server.js [1854ms]
[2022-10-10T13:02:39.818Z] > git cat-file -s 2893a869457c0880a79ad010de1de1dc892b3a6a [76ms]
[2022-10-10T13:02:39.936Z] > git status -z -uall [207ms]
[2022-10-10T13:02:39.948Z] > git symbolic-ref --short HEAD [1ms]
[2022-10-10T13:02:39.965Z] > git for-each-ref --format=%(refname)%00%(upstream:short)%00%(objectname)%00%(upstream:track)%00%(upstream:remotename)%00%(upstream:remoteref) refs/heads/master refs/remotes/master [3ms]
[2022-10-10T13:02:39.996Z] > git for-each-ref --sort -committerdate --format %(refname) %(objectname) %(*objectname) [19ms]
[2022-10-10T13:02:39.997Z] > git remote --verbose [6ms]
[2022-10-10T13:02:41.489Z] > git config --get commit.template [26ms]
[2022-10-10T13:02:41.490Z] > git ls-files --stage -- /home/nunoamorim/ITI/server.js [90ms]
[2022-10-10T13:02:41.512Z] > git cat-file -s 2893a869457c0880a79ad010de1de1dc892b3a6a [4ms]
[2022-10-10T13:02:42.311Z] > git config --local branch.master.github-pr-owner-number [260ms]
[2022-10-10T13:02:44.696Z] > git status -z -uall [127ms]
[2022-10-10T13:02:44.707Z] > git symbolic-ref --short HEAD [2ms]
[2022-10-10T13:02:44.718Z] > git for-each-ref --format=%(refname)%00%(upstream:short)%00%(objectname)%00%(upstream:track)%00%(upstream:remotename)%00%(upstream:remoteref) refs/heads/master refs/remotes/master [2ms]
[2022-10-10T13:02:44.739Z] > git for-each-ref --sort -committerdate --format %(refname) %(objectname) %(*objectname) [11ms]
[2022-10-10T13:02:44.740Z] > git remote --verbose [3ms]
[2022-10-10T13:02:44.852Z] > git config --get commit.template [2ms]
[2022-10-10T13:02:50.018Z] > git status -z -uall [147ms]
[2022-10-10T13:02:50.030Z] > git symbolic-ref --short HEAD [2ms]
[2022-10-10T13:02:50.042Z] > git for-each-ref --format=%(refname)%00%(upstream:short)%00%(objectname)%00%(upstream:track)%00%(upstream:remotename)%00%(upstream:remoteref) refs/heads/master refs/remotes/master [2ms]
[2022-10-10T13:02:50.067Z] > git for-each-ref --sort -committerdate --format %(refname) %(objectname) %(*objectname) [14ms]
[2022-10-10T13:02:50.069Z] > git remote --verbose [4ms]
[2022-10-10T13:02:50.170Z] > git config --get commit.template [12ms]
[2022-10-10T13:02:55.440Z] > git status -z -uall [229ms]
[2022-10-10T13:02:55.451Z] > git symbolic-ref --short HEAD [2ms]
[2022-10-10T13:02:55.465Z] > git for-each-ref --format=%(refname)%00%(upstream:short)%00%(objectname)%00%(upstream:track)%00%(upstream:remotename)%00%(upstream:remoteref) refs/heads/master refs/remotes/master [3ms]
[2022-10-10T13:02:55.493Z] > git for-each-ref --sort -committerdate --format %(refname) %(objectname) %(*objectname) [16ms]
[2022-10-10T13:02:55.495Z] > git remote --verbose [4ms]
[2022-10-10T13:02:56.478Z] > git config --get commit.template [19ms]
[2022-10-10T13:03:01.777Z] > git status -z -uall [269ms]
[2022-10-10T13:03:01.810Z] > git symbolic-ref --short HEAD [6ms]
[2022-10-10T13:03:01.841Z] > git for-each-ref --format=%(refname)%00%(upstream:short)%00%(objectname)%00%(upstream:track)%00%(upstream:remotename)%00%(upstream:remoteref) refs/heads/master refs/remotes/master [6ms]
[2022-10-10T13:03:01.897Z] > git for-each-ref --sort -committerdate --format %(refname) %(objectname) %(*objectname) [32ms]
[2022-10-10T13:03:01.900Z] > git remote --verbose [11ms]
[2022-10-10T13:03:03.260Z] > git config --get commit.template [7ms]
[2022-10-10T13:03:03.881Z] > git show --textconv :ITI/index.html [11ms]
[2022-10-10T13:03:03.888Z] > git ls-files --stage -- /home/nunoamorim/ITI/index.html [8ms]
[2022-10-10T13:03:03.898Z] > git cat-file -s baf584f57cdfe82326d9d370d767e3f6c6094166 [1ms]
[2022-10-10T13:03:08.441Z] > git status -z -uall [156ms]
[2022-10-10T13:03:08.451Z] > git symbolic-ref --short HEAD [1ms]
[2022-10-10T13:03:08.461Z] > git for-each-ref --format=%(refname)%00%(upstream:short)%00%(objectname)%00%(upstream:track)%00%(upstream:remotename)%00%(upstream:remoteref) refs/heads/master refs/remotes/master [2ms]
[2022-10-10T13:03:08.481Z] > git for-each-ref --sort -committerdate --format %(refname) %(objectname) %(*objectname) [10ms]
[2022-10-10T13:03:08.481Z] > git remote --verbose [2ms]
[2022-10-10T13:03:08.580Z] > git config --get commit.template [2ms]
[2022-10-10T13:03:32.643Z] > git status -z -uall [125ms]
[2022-10-10T13:03:32.664Z] > git symbolic-ref --short HEAD [3ms]
[2022-10-10T13:03:32.685Z] > git for-each-ref --format=%(refname)%00%(upstream:short)%00%(objectname)%00%(upstream:track)%00%(upstream:remotename)%00%(upstream:remoteref) refs/heads/master refs/remotes/master [6ms]
[2022-10-10T13:03:32.715Z] > git remote --verbose [4ms]
[2022-10-10T13:03:32.716Z] > git for-each-ref --sort -committerdate --format %(refname) %(objectname) %(*objectname) [18ms]
[2022-10-10T13:03:34.498Z] > git config --get commit.template [41ms]
[2022-10-10T13:03:39.714Z] > git status -z -uall [189ms]
[2022-10-10T13:03:39.727Z] > git symbolic-ref --short HEAD [2ms]
[2022-10-10T13:03:39.741Z] > git for-each-ref --format=%(refname)%00%(upstream:short)%00%(objectname)%00%(upstream:track)%00%(upstream:remotename)%00%(upstream:remoteref) refs/heads/master refs/remotes/master [2ms]
[2022-10-10T13:03:39.766Z] > git for-each-ref --sort -committerdate --format %(refname) %(objectname) %(*objectname) [14ms]
[2022-10-10T13:03:39.766Z] > git remote --verbose [3ms]
[2022-10-10T13:03:39.887Z] > git config --get commit.template [17ms]
[2022-10-10T13:03:45.219Z] > git status -z -uall [300ms]
[2022-10-10T13:03:45.245Z] > git symbolic-ref --short HEAD [3ms]
[2022-10-10T13:03:45.260Z] > git for-each-ref --format=%(refname)%00%(upstream:short)%00%(objectname)%00%(upstream:track)%00%(upstream:remotename)%00%(upstream:remoteref) refs/heads/master refs/remotes/master [2ms]
[2022-10-10T13:03:45.289Z] > git for-each-ref --sort -committerdate --format %(refname) %(objectname) %(*objectname) [15ms]
[2022-10-10T13:03:45.289Z] > git remote --verbose [2ms]
[2022-10-10T13:03:46.340Z] > git config --get commit.template [917ms]
[2022-10-10T13:04:54.656Z] > git status -z -uall [152ms]
[2022-10-10T13:04:54.672Z] > git symbolic-ref --short HEAD [2ms]
[2022-10-10T13:04:54.694Z] > git for-each-ref --format=%(refname)%00%(upstream:short)%00%(objectname)%00%(upstream:track)%00%(upstream:remotename)%00%(upstream:remoteref) refs/heads/master refs/remotes/master [3ms]
[2022-10-10T13:04:54.739Z] > git remote --verbose [8ms]
[2022-10-10T13:04:54.740Z] > git for-each-ref --sort -committerdate --format %(refname) %(objectname) %(*objectname) [28ms]
[2022-10-10T13:04:56.597Z] > git config --get commit.template [29ms]
[2022-10-10T13:11:35.528Z] > git status -z -uall [119ms]
[2022-10-10T13:11:35.536Z] > git symbolic-ref --short HEAD [2ms]
[2022-10-10T13:11:35.546Z] > git for-each-ref --format=%(refname)%00%(upstream:short)%00%(objectname)%00%(upstream:track)%00%(upstream:remotename)%00%(upstream:remoteref) refs/heads/master refs/remotes/master [2ms]
[2022-10-10T13:11:35.582Z] > git remote --verbose [2ms]
[2022-10-10T13:11:35.582Z] > git for-each-ref --sort -committerdate --format %(refname) %(objectname) %(*objectname) [25ms]
[2022-10-10T13:11:36.974Z] > git fetch [1621ms]
[2022-10-10T13:11:36.982Z] > git fetch [1597ms]
[2022-10-10T13:11:36.989Z] > git status -z -uall [8ms]
[2022-10-10T13:11:37.006Z] > git config --get commit.template [37ms]
[2022-10-10T13:11:37.024Z] > git symbolic-ref --short HEAD [19ms]
[2022-10-10T13:11:37.024Z] fatal: ref HEAD is not a symbolic ref
[2022-10-10T13:11:37.048Z] > git rev-parse HEAD [2ms]
[2022-10-10T13:11:37.110Z] > git remote --verbose [27ms]
[2022-10-10T13:11:37.111Z] > git for-each-ref --sort -committerdate --format %(refname) %(objectname) %(*objectname) [53ms]
[2022-10-10T13:11:37.144Z] > git config --get commit.template [1ms]
[2022-10-10T13:11:37.188Z] > git status -z -uall [166ms]
[2022-10-10T13:11:37.199Z] > git symbolic-ref --short HEAD [1ms]
[2022-10-10T13:11:37.208Z] > git for-each-ref --format=%(refname)%00%(upstream:short)%00%(objectname)%00%(upstream:track)%00%(upstream:remotename)%00%(upstream:remoteref) refs/heads/master refs/remotes/master [2ms]
[2022-10-10T13:11:37.230Z] > git remote --verbose [2ms]
[2022-10-10T13:11:37.230Z] > git for-each-ref --sort -committerdate --format %(refname) %(objectname) %(*objectname) [15ms]
[2022-10-10T13:11:37.297Z] > git config --get commit.template [2ms]
[2022-10-10T13:21:29.399Z] > git status -z -uall [176ms]
[2022-10-10T13:21:29.409Z] > git ls-files --stage -- /home/nunoamorim/ITI/index.html [48ms]
[2022-10-10T13:21:29.429Z] > git symbolic-ref --short HEAD [21ms]
[2022-10-10T13:21:29.443Z] > git cat-file -s baf584f57cdfe82326d9d370d767e3f6c6094166 [22ms]
[2022-10-10T13:21:29.446Z] > git for-each-ref --format=%(refname)%00%(upstream:short)%00%(objectname)%00%(upstream:track)%00%(upstream:remotename)%00%(upstream:remoteref) refs/heads/master refs/remotes/master [5ms]
[2022-10-10T13:21:29.490Z] > git remote --verbose [18ms]
[2022-10-10T13:21:29.491Z] > git for-each-ref --sort -committerdate --format %(refname) %(objectname) %(*objectname) [28ms]
[2022-10-10T13:21:32.028Z] > git show --textconv :ITI/index.html [2539ms]
[2022-10-10T13:21:32.031Z] > git fetch [2847ms]
[2022-10-10T13:21:32.048Z] > git fetch [2844ms]
[2022-10-10T13:21:32.093Z] > git status -z -uall [46ms]
[2022-10-10T13:21:32.120Z] > git config --get commit.template [110ms]
[2022-10-10T13:21:32.142Z] > git symbolic-ref --short HEAD [26ms]
[2022-10-10T13:21:32.142Z] fatal: ref HEAD is not a symbolic ref
[2022-10-10T13:21:32.156Z] > git rev-parse HEAD [3ms]
[2022-10-10T13:21:32.195Z] > git remote --verbose [2ms]
[2022-10-10T13:21:32.195Z] > git for-each-ref --sort -committerdate --format %(refname) %(objectname) %(*objectname) [24ms]
[2022-10-10T13:21:32.210Z] > git config --get commit.template [1ms]
[2022-10-10T13:21:32.293Z] > git status -z -uall [153ms]
[2022-10-10T13:21:32.305Z] > git symbolic-ref --short HEAD [3ms]
[2022-10-10T13:21:32.318Z] > git for-each-ref --format=%(refname)%00%(upstream:short)%00%(objectname)%00%(upstream:track)%00%(upstream:remotename)%00%(upstream:remoteref) refs/heads/master refs/remotes/master [3ms]
[2022-10-10T13:21:32.345Z] > git for-each-ref --sort -committerdate --format %(refname) %(objectname) %(*objectname) [13ms]
[2022-10-10T13:21:32.346Z] > git remote --verbose [5ms]
[2022-10-10T13:21:32.457Z] > git config --get commit.template [4ms]
[2022-10-10T13:21:33.734Z] > git ls-files --stage -- /home/nunoamorim/ITI/index.html [5ms]
[2022-10-10T13:21:33.744Z] > git cat-file -s baf584f57cdfe82326d9d370d767e3f6c6094166 [2ms]
[2022-10-10T13:21:33.764Z] > git show --textconv :ITI/index.html [4ms]
[2022-10-10T13:21:41.503Z] > git status -z -uall [268ms]
[2022-10-10T13:21:41.543Z] > git symbolic-ref --short HEAD [8ms]
[2022-10-10T13:21:41.565Z] > git for-each-ref --format=%(refname)%00%(upstream:short)%00%(objectname)%00%(upstream:track)%00%(upstream:remotename)%00%(upstream:remoteref) refs/heads/master refs/remotes/master [5ms]
[2022-10-10T13:21:41.586Z] > git remote --verbose [2ms]
[2022-10-10T13:21:41.587Z] > git for-each-ref --sort -committerdate --format %(refname) %(objectname) %(*objectname) [12ms]
[2022-10-10T13:21:43.415Z] > git config --get commit.template [41ms]
[2022-10-10T13:23:04.294Z] > git status -z -uall [142ms]
[2022-10-10T13:23:04.311Z] > git symbolic-ref --short HEAD [4ms]
[2022-10-10T13:23:04.348Z] > git show --textconv :ITI/server.js [13ms]
[2022-10-10T13:23:04.350Z] > git for-each-ref --format=%(refname)%00%(upstream:short)%00%(objectname)%00%(upstream:track)%00%(upstream:remotename)%00%(upstream:remoteref) refs/heads/master refs/remotes/master [28ms]
[2022-10-10T13:23:04.385Z] > git remote --verbose [9ms]
[2022-10-10T13:23:04.387Z] > git for-each-ref --sort -committerdate --format %(refname) %(objectname) %(*objectname) [24ms]
[2022-10-10T13:23:04.501Z] > git ls-files --stage -- /home/nunoamorim/ITI/server.js [155ms]
[2022-10-10T13:23:04.540Z] > git cat-file -s 2893a869457c0880a79ad010de1de1dc892b3a6a [28ms]
[2022-10-10T13:23:05.860Z] > git config --get commit.template [1328ms]
[2022-10-10T13:23:11.094Z] > git status -z -uall [212ms]
[2022-10-10T13:23:11.128Z] > git symbolic-ref --short HEAD [6ms]
[2022-10-10T13:23:11.163Z] > git for-each-ref --format=%(refname)%00%(upstream:short)%00%(objectname)%00%(upstream:track)%00%(upstream:remotename)%00%(upstream:remoteref) refs/heads/master refs/remotes/master [3ms]
[2022-10-10T13:23:11.212Z] > git for-each-ref --sort -committerdate --format %(refname) %(objectname) %(*objectname) [27ms]
[2022-10-10T13:23:11.214Z] > git remote --verbose [6ms]
[2022-10-10T13:23:12.121Z] > git config --get commit.template [16ms]
[2022-10-10T13:23:17.279Z] > git status -z -uall [91ms]
[2022-10-10T13:23:17.287Z] > git symbolic-ref --short HEAD [1ms]
[2022-10-10T13:23:17.300Z] > git for-each-ref --format=%(refname)%00%(upstream:short)%00%(objectname)%00%(upstream:track)%00%(upstream:remotename)%00%(upstream:remoteref) refs/heads/master refs/remotes/master [4ms]
[2022-10-10T13:23:17.321Z] > git for-each-ref --sort -committerdate --format %(refname) %(objectname) %(*objectname) [11ms]
[2022-10-10T13:23:17.322Z] > git remote --verbose [3ms]
[2022-10-10T13:23:17.435Z] > git config --get commit.template [2ms]
[2022-10-10T13:29:20.938Z] > git status -z -uall [138ms]
[2022-10-10T13:29:20.945Z] > git symbolic-ref --short HEAD [1ms]
[2022-10-10T13:29:20.954Z] > git for-each-ref --format=%(refname)%00%(upstream:short)%00%(objectname)%00%(upstream:track)%00%(upstream:remotename)%00%(upstream:remoteref) refs/heads/master refs/remotes/master [2ms]
[2022-10-10T13:29:20.968Z] > git remote --verbose [1ms]
[2022-10-10T13:29:20.969Z] > git for-each-ref --sort -committerdate --format %(refname) %(objectname) %(*objectname) [9ms]
[2022-10-10T13:29:22.339Z] > git fetch [1565ms]
[2022-10-10T13:29:22.348Z] > git fetch [1559ms]
[2022-10-10T13:29:22.357Z] > git config --get commit.template [28ms]
[2022-10-10T13:29:22.376Z] > git status -z -uall [28ms]
[2022-10-10T13:29:22.401Z] > git symbolic-ref --short HEAD [4ms]
[2022-10-10T13:29:22.401Z] fatal: ref HEAD is not a symbolic ref
[2022-10-10T13:29:22.416Z] > git rev-parse HEAD [1ms]
[2022-10-10T13:29:22.440Z] > git for-each-ref --sort -committerdate --format %(refname) %(objectname) %(*objectname) [15ms]
[2022-10-10T13:29:22.441Z] > git remote --verbose [3ms]
[2022-10-10T13:29:22.469Z] > git config --get commit.template [2ms]
[2022-10-10T13:29:22.552Z] > git status -z -uall [178ms]
[2022-10-10T13:29:22.564Z] > git symbolic-ref --short HEAD [3ms]
[2022-10-10T13:29:22.576Z] > git for-each-ref --format=%(refname)%00%(upstream:short)%00%(objectname)%00%(upstream:track)%00%(upstream:remotename)%00%(upstream:remoteref) refs/heads/master refs/remotes/master [3ms]
[2022-10-10T13:29:22.609Z] > git remote --verbose [2ms]
[2022-10-10T13:29:22.610Z] > git for-each-ref --sort -committerdate --format %(refname) %(objectname) %(*objectname) [20ms]
[2022-10-10T13:29:22.706Z] > git config --get commit.template [2ms]
[2022-10-10T13:29:24.478Z] > git ls-files --stage -- /home/nunoamorim/ITI/server.js [14ms]
[2022-10-10T13:29:24.501Z] > git cat-file -s 2893a869457c0880a79ad010de1de1dc892b3a6a [4ms]
[2022-10-10T13:29:24.572Z] > git show --textconv :ITI/server.js [10ms]
[2022-10-10T13:29:27.534Z] > git status -z -uall [136ms]
[2022-10-10T13:29:27.544Z] > git symbolic-ref --short HEAD [1ms]
[2022-10-10T13:29:27.557Z] > git for-each-ref --format=%(refname)%00%(upstream:short)%00%(objectname)%00%(upstream:track)%00%(upstream:remotename)%00%(upstream:remoteref) refs/heads/master refs/remotes/master [2ms]
[2022-10-10T13:29:27.576Z] > git remote --verbose [2ms]
[2022-10-10T13:29:27.577Z] > git for-each-ref --sort -committerdate --format %(refname) %(objectname) %(*objectname) [11ms]
[2022-10-10T13:29:27.666Z] > git config --get commit.template [2ms]
[2022-10-10T13:29:32.864Z] > git status -z -uall [170ms]
[2022-10-10T13:29:32.881Z] > git symbolic-ref --short HEAD [3ms]
[2022-10-10T13:29:32.898Z] > git for-each-ref --format=%(refname)%00%(upstream:short)%00%(objectname)%00%(upstream:track)%00%(upstream:remotename)%00%(upstream:remoteref) refs/heads/master refs/remotes/master [3ms]
[2022-10-10T13:29:32.926Z] > git for-each-ref --sort -committerdate --format %(refname) %(objectname) %(*objectname) [14ms]
[2022-10-10T13:29:32.927Z] > git remote --verbose [4ms]
[2022-10-10T13:29:33.033Z] > git config --get commit.template [1ms]
[2022-10-10T13:29:38.245Z] > git status -z -uall [183ms]
[2022-10-10T13:29:38.256Z] > git symbolic-ref --short HEAD [2ms]
[2022-10-10T13:29:38.270Z] > git for-each-ref --format=%(refname)%00%(upstream:short)%00%(objectname)%00%(upstream:track)%00%(upstream:remotename)%00%(upstream:remoteref) refs/heads/master refs/remotes/master [2ms]
[2022-10-10T13:29:38.293Z] > git remote --verbose [2ms]
[2022-10-10T13:29:38.293Z] > git for-each-ref --sort -committerdate --format %(refname) %(objectname) %(*objectname) [13ms]
[2022-10-10T13:29:39.242Z] > git config --get commit.template [839ms]
[2022-10-10T13:29:44.450Z] > git status -z -uall [181ms]
[2022-10-10T13:29:44.460Z] > git symbolic-ref --short HEAD [1ms]
[2022-10-10T13:29:44.471Z] > git for-each-ref --format=%(refname)%00%(upstream:short)%00%(objectname)%00%(upstream:track)%00%(upstream:remotename)%00%(upstream:remoteref) refs/heads/master refs/remotes/master [2ms]
[2022-10-10T13:29:44.488Z] > git remote --verbose [2ms]
[2022-10-10T13:29:44.488Z] > git for-each-ref --sort -committerdate --format %(refname) %(objectname) %(*objectname) [9ms]
[2022-10-10T13:29:44.554Z] > git config --get commit.template [1ms]
[2022-10-10T13:29:49.761Z] > git status -z -uall [178ms]
[2022-10-10T13:29:49.773Z] > git symbolic-ref --short HEAD [2ms]
[2022-10-10T13:29:49.784Z] > git for-each-ref --format=%(refname)%00%(upstream:short)%00%(objectname)%00%(upstream:track)%00%(upstream:remotename)%00%(upstream:remoteref) refs/heads/master refs/remotes/master [2ms]
[2022-10-10T13:29:49.805Z] > git for-each-ref --sort -committerdate --format %(refname) %(objectname) %(*objectname) [12ms]
[2022-10-10T13:29:49.806Z] > git remote --verbose [2ms]
[2022-10-10T13:29:49.911Z] > git config --get commit.template [2ms]
[2022-10-10T13:29:55.139Z] > git status -z -uall [205ms]
[2022-10-10T13:29:55.167Z] > git symbolic-ref --short HEAD [6ms]
[2022-10-10T13:29:55.193Z] > git for-each-ref --format=%(refname)%00%(upstream:short)%00%(objectname)%00%(upstream:track)%00%(upstream:remotename)%00%(upstream:remoteref) refs/heads/master refs/remotes/master [5ms]
[2022-10-10T13:29:55.237Z] > git for-each-ref --sort -committerdate --format %(refname) %(objectname) %(*objectname) [24ms]
[2022-10-10T13:29:55.239Z] > git remote --verbose [6ms]
[2022-10-10T13:29:55.383Z] > git config --get commit.template [3ms]
[2022-10-10T13:30:00.573Z] > git status -z -uall [165ms]
[2022-10-10T13:30:00.584Z] > git symbolic-ref --short HEAD [2ms]
[2022-10-10T13:30:00.596Z] > git for-each-ref --format=%(refname)%00%(upstream:short)%00%(objectname)%00%(upstream:track)%00%(upstream:remotename)%00%(upstream:remoteref) refs/heads/master refs/remotes/master [2ms]
[2022-10-10T13:30:00.618Z] > git for-each-ref --sort -committerdate --format %(refname) %(objectname) %(*objectname) [12ms]
[2022-10-10T13:30:00.619Z] > git remote --verbose [3ms]
[2022-10-10T13:30:00.728Z] > git config --get commit.template [24ms]
[2022-10-10T14:19:26.295Z] > git fetch [549ms]
[2022-10-10T14:19:26.342Z] > git status -z -uall [556ms]
[2022-10-10T14:19:26.354Z] > git symbolic-ref --short HEAD [3ms]
[2022-10-10T14:19:26.369Z] > git for-each-ref --format=%(refname)%00%(upstream:short)%00%(objectname)%00%(upstream:track)%00%(upstream:remotename)%00%(upstream:remoteref) refs/heads/master refs/remotes/master [3ms]
[2022-10-10T14:19:26.535Z] > git remote --verbose [36ms]
[2022-10-10T14:19:26.537Z] > git for-each-ref --sort -committerdate --format %(refname) %(objectname) %(*objectname) [149ms]
[2022-10-10T14:19:28.611Z] > git fetch [2900ms]
[2022-10-10T14:19:28.705Z] > git config --get commit.template [113ms]
[2022-10-10T14:19:28.753Z] > git status -z -uall [113ms]
[2022-10-10T14:19:28.784Z] > git symbolic-ref --short HEAD [4ms]
[2022-10-10T14:19:28.784Z] fatal: ref HEAD is not a symbolic ref
[2022-10-10T14:19:28.811Z] > git rev-parse HEAD [16ms]
[2022-10-10T14:19:28.842Z] > git for-each-ref --sort -committerdate --format %(refname) %(objectname) %(*objectname) [20ms]
[2022-10-10T14:19:28.843Z] > git remote --verbose [3ms]
[2022-10-10T14:19:28.880Z] > git config --get commit.template [1ms]
[2022-10-10T14:19:28.909Z] > git status -z -uall [166ms]
[2022-10-10T14:19:28.920Z] > git symbolic-ref --short HEAD [1ms]
[2022-10-10T14:19:28.949Z] > git for-each-ref --format=%(refname)%00%(upstream:short)%00%(objectname)%00%(upstream:track)%00%(upstream:remotename)%00%(upstream:remoteref) refs/heads/master refs/remotes/master [12ms]
[2022-10-10T14:19:28.977Z] > git for-each-ref --sort -committerdate --format %(refname) %(objectname) %(*objectname) [21ms]
[2022-10-10T14:19:28.977Z] > git remote --verbose [2ms]
[2022-10-10T14:19:29.081Z] > git config --get commit.template [12ms]
[2022-10-10T14:43:16.659Z] > git ls-files --stage -- /home/nunoamorim/ITI/server.js [6ms]
[2022-10-10T14:43:16.672Z] > git cat-file -s 2893a869457c0880a79ad010de1de1dc892b3a6a [3ms]
[2022-10-10T14:43:16.694Z] > git show --textconv :ITI/server.js [6ms]
[2022-10-10T14:43:16.743Z] > git status -z -uall [132ms]
[2022-10-10T14:43:16.752Z] > git symbolic-ref --short HEAD [1ms]
[2022-10-10T14:43:16.760Z] > git for-each-ref --format=%(refname)%00%(upstream:short)%00%(objectname)%00%(upstream:track)%00%(upstream:remotename)%00%(upstream:remoteref) refs/heads/master refs/remotes/master [1ms]
[2022-10-10T14:43:16.784Z] > git remote --verbose [1ms]
[2022-10-10T14:43:16.785Z] > git for-each-ref --sort -committerdate --format %(refname) %(objectname) %(*objectname) [15ms]
[2022-10-10T14:43:16.886Z] > git config --get commit.template [4ms]
[2022-10-10T14:43:17.910Z] > git fetch [1347ms]
[2022-10-10T14:43:17.919Z] > git fetch [1328ms]
[2022-10-10T14:43:17.936Z] > git status -z -uall [17ms]
[2022-10-10T14:43:17.984Z] > git symbolic-ref --short HEAD [3ms]
[2022-10-10T14:43:17.984Z] fatal: ref HEAD is not a symbolic ref
[2022-10-10T14:43:18.007Z] > git rev-parse HEAD [13ms]
[2022-10-10T14:43:18.039Z] > git for-each-ref --sort -committerdate --format %(refname) %(objectname) %(*objectname) [23ms]
[2022-10-10T14:43:18.040Z] > git remote --verbose [3ms]
[2022-10-10T14:43:18.093Z] > git config --get commit.template [2ms]
[2022-10-10T14:43:18.107Z] > git status -z -uall [178ms]
[2022-10-10T14:43:18.117Z] > git symbolic-ref --short HEAD [1ms]
[2022-10-10T14:43:18.128Z] > git for-each-ref --format=%(refname)%00%(upstream:short)%00%(objectname)%00%(upstream:track)%00%(upstream:remotename)%00%(upstream:remoteref) refs/heads/master refs/remotes/master [2ms]
[2022-10-10T14:43:18.154Z] > git remote --verbose [2ms]
[2022-10-10T14:43:18.154Z] > git for-each-ref --sort -committerdate --format %(refname) %(objectname) %(*objectname) [17ms]
[2022-10-10T14:43:18.231Z] > git config --get commit.template [3ms]
[2022-10-10T14:43:20.520Z] > git ls-files --stage -- /home/nunoamorim/ITI/server.js [7ms]
[2022-10-10T14:43:20.532Z] > git cat-file -s 2893a869457c0880a79ad010de1de1dc892b3a6a [1ms]
[2022-10-10T14:43:20.553Z] > git show --textconv :ITI/server.js [5ms]
[2022-10-10T14:44:31.181Z] > git status -z -uall [122ms]
[2022-10-10T14:44:31.190Z] > git symbolic-ref --short HEAD [1ms]
[2022-10-10T14:44:31.200Z] > git for-each-ref --format=%(refname)%00%(upstream:short)%00%(objectname)%00%(upstream:track)%00%(upstream:remotename)%00%(upstream:remoteref) refs/heads/master refs/remotes/master [2ms]
[2022-10-10T14:44:31.223Z] > git remote --verbose [1ms]
[2022-10-10T14:44:31.224Z] > git for-each-ref --sort -committerdate --format %(refname) %(objectname) %(*objectname) [15ms]
[2022-10-10T14:44:31.311Z] > git config --get commit.template [18ms]
[2022-10-10T14:51:41.283Z] > git status -z -uall [119ms]
[2022-10-10T14:51:41.293Z] > git symbolic-ref --short HEAD [2ms]
[2022-10-10T14:51:41.302Z] > git for-each-ref --format=%(refname)%00%(upstream:short)%00%(objectname)%00%(upstream:track)%00%(upstream:remotename)%00%(upstream:remoteref) refs/heads/master refs/remotes/master [2ms]
[2022-10-10T14:51:41.321Z] > git remote --verbose [2ms]
[2022-10-10T14:51:41.322Z] > git for-each-ref --sort -committerdate --format %(refname) %(objectname) %(*objectname) [12ms]
[2022-10-10T14:51:41.449Z] > git config --get commit.template [18ms]
[2022-10-10T14:51:42.627Z] > git fetch [1472ms]
[2022-10-10T14:51:42.795Z] > git status -z -uall [142ms]
[2022-10-10T14:51:42.811Z] > git symbolic-ref --short HEAD [1ms]
[2022-10-10T14:51:42.826Z] > git for-each-ref --format=%(refname)%00%(upstream:short)%00%(objectname)%00%(upstream:track)%00%(upstream:remotename)%00%(upstream:remoteref) refs/heads/master refs/remotes/master [6ms]
[2022-10-10T14:51:42.845Z] > git remote --verbose [1ms]
[2022-10-10T14:51:42.846Z] > git for-each-ref --sort -committerdate --format %(refname) %(objectname) %(*objectname) [12ms]
[2022-10-10T14:51:42.931Z] > git config --get commit.template [3ms]
[2022-10-10T14:51:44.127Z] > git fetch [2983ms]
[2022-10-10T14:51:44.163Z] > git status -z -uall [19ms]
[2022-10-10T14:51:44.195Z] > git symbolic-ref --short HEAD [5ms]
[2022-10-10T14:51:44.195Z] fatal: ref HEAD is not a symbolic ref
[2022-10-10T14:51:44.227Z] > git rev-parse HEAD [5ms]
[2022-10-10T14:51:44.249Z] > git for-each-ref --sort -committerdate --format %(refname) %(objectname) %(*objectname) [11ms]
[2022-10-10T14:51:44.250Z] > git remote --verbose [3ms]
[2022-10-10T14:51:44.265Z] > git config --get commit.template [2ms]
[2022-10-10T14:51:45.270Z] > git ls-files --stage -- /home/nunoamorim/ITI/server.js [14ms]
[2022-10-10T14:51:45.287Z] > git cat-file -s 2893a869457c0880a79ad010de1de1dc892b3a6a [2ms]
[2022-10-10T14:51:45.313Z] > git show --textconv :ITI/server.js [5ms]
[2022-10-10T14:51:46.597Z] > git status -z -uall [126ms]
[2022-10-10T14:51:46.610Z] > git symbolic-ref --short HEAD [2ms]
[2022-10-10T14:51:46.625Z] > git for-each-ref --format=%(refname)%00%(upstream:short)%00%(objectname)%00%(upstream:track)%00%(upstream:remotename)%00%(upstream:remoteref) refs/heads/master refs/remotes/master [3ms]
[2022-10-10T14:51:46.652Z] > git for-each-ref --sort -committerdate --format %(refname) %(objectname) %(*objectname) [14ms]
[2022-10-10T14:51:46.654Z] > git remote --verbose [5ms]
[2022-10-10T14:51:46.767Z] > git config --get commit.template [3ms]
[2022-10-10T14:59:15.111Z] > git status -z -uall [133ms]
[2022-10-10T14:59:15.125Z] > git symbolic-ref --short HEAD [2ms]
[2022-10-10T14:59:15.134Z] > git for-each-ref --format=%(refname)%00%(upstream:short)%00%(objectname)%00%(upstream:track)%00%(upstream:remotename)%00%(upstream:remoteref) refs/heads/master refs/remotes/master [2ms]
[2022-10-10T14:59:15.153Z] > git for-each-ref --sort -committerdate --format %(refname) %(objectname) %(*objectname) [11ms]
[2022-10-10T14:59:15.153Z] > git remote --verbose [2ms]
[2022-10-10T14:59:15.247Z] > git config --get commit.template [2ms]
[2022-10-10T14:59:16.209Z] > git fetch [1262ms]
[2022-10-10T14:59:16.468Z] > git status -z -uall [234ms]
[2022-10-10T14:59:16.486Z] > git symbolic-ref --short HEAD [2ms]
[2022-10-10T14:59:16.502Z] > git for-each-ref --format=%(refname)%00%(upstream:short)%00%(objectname)%00%(upstream:track)%00%(upstream:remotename)%00%(upstream:remoteref) refs/heads/master refs/remotes/master [3ms]
[2022-10-10T14:59:16.528Z] > git for-each-ref --sort -committerdate --format %(refname) %(objectname) %(*objectname) [11ms]
[2022-10-10T14:59:16.528Z] > git remote --verbose [2ms]
[2022-10-10T14:59:16.630Z] > git config --get commit.template [1ms]
[2022-10-10T14:59:17.919Z] > git fetch [2957ms]
[2022-10-10T14:59:17.964Z] > git status -z -uall [34ms]
[2022-10-10T14:59:17.989Z] > git symbolic-ref --short HEAD [7ms]
[2022-10-10T14:59:17.989Z] fatal: ref HEAD is not a symbolic ref
[2022-10-10T14:59:18.016Z] > git rev-parse HEAD [3ms]
[2022-10-10T14:59:18.077Z] > git for-each-ref --sort -committerdate --format %(refname) %(objectname) %(*objectname) [49ms]
[2022-10-10T14:59:18.079Z] > git remote --verbose [29ms]
[2022-10-10T14:59:18.107Z] > git config --get commit.template [3ms]
[2022-10-10T14:59:19.101Z] > git ls-files --stage -- /home/nunoamorim/ITI/server.js [46ms]
[2022-10-10T14:59:19.133Z] > git cat-file -s 2893a869457c0880a79ad010de1de1dc892b3a6a [4ms]
[2022-10-10T14:59:19.190Z] > git show --textconv :ITI/server.js [16ms]
[2022-10-10T19:55:30.701Z] > git status -z -uall [115ms]
[2022-10-10T19:55:30.713Z] > git symbolic-ref --short HEAD [1ms]
[2022-10-10T19:55:30.721Z] > git for-each-ref --format=%(refname)%00%(upstream:short)%00%(objectname)%00%(upstream:track)%00%(upstream:remotename)%00%(upstream:remoteref) refs/heads/master refs/remotes/master [1ms]
[2022-10-10T19:55:30.757Z] > git for-each-ref --sort -committerdate --format %(refname) %(objectname) %(*objectname) [20ms]
[2022-10-10T19:55:30.757Z] > git remote --verbose [2ms]
[2022-10-10T19:55:30.815Z] > git config --get commit.template [3ms]
[2022-10-10T19:55:31.442Z] > git fetch [898ms]
[2022-10-10T19:55:31.448Z] > git fetch [915ms]
[2022-10-10T19:55:31.497Z] > git status -z -uall [49ms]
[2022-10-10T19:55:31.513Z] > git symbolic-ref --short HEAD [3ms]
[2022-10-10T19:55:31.513Z] fatal: ref HEAD is not a symbolic ref
[2022-10-10T19:55:31.529Z] > git rev-parse HEAD [2ms]
[2022-10-10T19:55:31.574Z] > git for-each-ref --sort -committerdate --format %(refname) %(objectname) %(*objectname) [23ms]
[2022-10-10T19:55:31.576Z] > git remote --verbose [4ms]
[2022-10-10T19:55:31.639Z] > git config --get commit.template [2ms]
[2022-10-10T19:55:31.688Z] > git status -z -uall [234ms]
[2022-10-10T19:55:31.705Z] > git symbolic-ref --short HEAD [1ms]
[2022-10-10T19:55:31.724Z] > git for-each-ref --format=%(refname)%00%(upstream:short)%00%(objectname)%00%(upstream:track)%00%(upstream:remotename)%00%(upstream:remoteref) refs/heads/master refs/remotes/master [3ms]
[2022-10-10T19:55:31.764Z] > git for-each-ref --sort -committerdate --format %(refname) %(objectname) %(*objectname) [18ms]
[2022-10-10T19:55:31.765Z] > git remote --verbose [9ms]
[2022-10-10T19:55:31.811Z] > git config --get commit.template [2ms]
