2022-12-19 14:30:35.728 [info] Extension host with pid 1593 started
2022-12-19 14:30:35.763 [info] Lock '/home/nunoamorim/.vscode-server/data/User/workspaceStorage/e46e06310a18390e9b11f7366b979b8b/vscode.lock': Lock acquired.
2022-12-19 14:30:35.845 [info] ExtensionService#_doActivateExtension vscode.git-base, startup: true, activationEvent: '*', root cause: vscode.git
2022-12-19 14:30:35.859 [info] ExtensionService#_doActivateExtension vscode.npm, startup: true, activationEvent: 'workspaceContains:package.json'
2022-12-19 14:30:35.927 [info] ExtensionService#_doActivateExtension vscode.git, startup: true, activationEvent: '*'
2022-12-19 14:30:35.928 [info] ExtensionService#_doActivateExtension vscode.github, startup: true, activationEvent: '*'
2022-12-19 14:30:36.465 [info] ExtensionService#_doActivateExtension vscode.debug-auto-launch, startup: false, activationEvent: 'onStartupFinished'
2022-12-19 14:30:36.467 [info] ExtensionService#_doActivateExtension vscode.emmet, startup: false, activationEvent: 'onStartupFinished'
2022-12-19 14:30:36.468 [info] ExtensionService#_doActivateExtension vscode.merge-conflict, startup: false, activationEvent: 'onStartupFinished'
2022-12-19 14:30:36.471 [info] ExtensionService#_doActivateExtension ritwickdey.LiveServer, startup: false, activationEvent: 'onStartupFinished'
2022-12-19 14:30:36.473 [info] Eager extensions activated
2022-12-19 14:30:36.837 [warning] [Decorations] CAPPING events from decorations provider vscode.git 3954
2022-12-19 14:30:38.022 [info] ExtensionService#_doActivateExtension GitHub.vscode-pull-request-github, startup: false, activationEvent: 'onStartupFinished'
2022-12-19 14:30:38.509 [warning] [Decorations] CAPPING events from decorations provider vscode.git 3955
2022-12-19 14:30:49.727 [warning] [Decorations] CAPPING events from decorations provider vscode.git 3956
2022-12-19 14:30:54.849 [warning] [Decorations] CAPPING events from decorations provider vscode.git 3956
2022-12-19 14:31:00.149 [warning] [Decorations] CAPPING events from decorations provider vscode.git 3956
2022-12-19 14:31:05.547 [warning] [Decorations] CAPPING events from decorations provider vscode.git 3956
2022-12-19 14:31:10.895 [warning] [Decorations] CAPPING events from decorations provider vscode.git 3956
2022-12-19 14:31:17.541 [warning] [Decorations] CAPPING events from decorations provider vscode.git 3956
2022-12-19 14:31:23.080 [warning] [Decorations] CAPPING events from decorations provider vscode.git 3956
2022-12-19 14:31:28.403 [warning] [Decorations] CAPPING events from decorations provider vscode.git 3956
2022-12-19 14:31:33.762 [warning] [Decorations] CAPPING events from decorations provider vscode.git 3956
2022-12-19 14:31:40.915 [warning] [Decorations] CAPPING events from decorations provider vscode.git 3956
2022-12-19 14:31:46.205 [warning] [Decorations] CAPPING events from decorations provider vscode.git 3957
2022-12-19 14:31:51.462 [warning] [Decorations] CAPPING events from decorations provider vscode.git 3957
2022-12-19 14:31:56.741 [warning] [Decorations] CAPPING events from decorations provider vscode.git 3957
2022-12-19 14:32:02.185 [warning] [Decorations] CAPPING events from decorations provider vscode.git 3957
2022-12-19 14:32:07.654 [warning] [Decorations] CAPPING events from decorations provider vscode.git 3958
2022-12-19 14:32:13.023 [warning] [Decorations] CAPPING events from decorations provider vscode.git 3958
2022-12-19 14:32:18.507 [warning] [Decorations] CAPPING events from decorations provider vscode.git 3958
2022-12-19 14:32:23.341 [info] ExtensionService#_doActivateExtension ms-azuretools.vscode-docker, startup: false, activationEvent: 'onLanguage:dockerfile'
2022-12-19 14:32:27.838 [warning] [Decorations] CAPPING events from decorations provider vscode.git 4011
2022-12-19 14:32:33.048 [warning] [Decorations] CAPPING events from decorations provider vscode.git 4010
2022-12-19 14:32:38.415 [warning] [Decorations] CAPPING events from decorations provider vscode.git 4010
2022-12-19 14:32:43.862 [warning] [Decorations] CAPPING events from decorations provider vscode.git 4011
2022-12-19 14:32:49.323 [warning] [Decorations] CAPPING events from decorations provider vscode.git 4012
2022-12-19 14:32:54.730 [warning] [Decorations] CAPPING events from decorations provider vscode.git 4012
2022-12-19 14:33:00.073 [warning] [Decorations] CAPPING events from decorations provider vscode.git 4012
2022-12-19 14:33:05.435 [warning] [Decorations] CAPPING events from decorations provider vscode.git 4012
2022-12-19 14:33:10.825 [warning] [Decorations] CAPPING events from decorations provider vscode.git 4012
2022-12-19 14:33:16.353 [warning] [Decorations] CAPPING events from decorations provider vscode.git 4012
2022-12-19 14:33:30.076 [warning] [Decorations] CAPPING events from decorations provider vscode.git 4012
2022-12-19 14:33:35.519 [warning] [Decorations] CAPPING events from decorations provider vscode.git 4012
2022-12-19 14:33:40.846 [warning] [Decorations] CAPPING events from decorations provider vscode.git 4012
2022-12-19 14:33:46.211 [warning] [Decorations] CAPPING events from decorations provider vscode.git 4013
2022-12-19 14:33:50.628 [warning] [Decorations] CAPPING events from decorations provider vscode.git 4013
2022-12-19 14:33:51.817 [warning] [Decorations] CAPPING events from decorations provider vscode.git 4013
2022-12-19 14:33:57.186 [warning] [Decorations] CAPPING events from decorations provider vscode.git 4013
2022-12-19 14:34:02.661 [warning] [Decorations] CAPPING events from decorations provider vscode.git 4013
2022-12-19 14:34:08.171 [warning] [Decorations] CAPPING events from decorations provider vscode.git 4014
2022-12-19 14:34:13.675 [warning] [Decorations] CAPPING events from decorations provider vscode.git 4014
2022-12-19 14:34:19.041 [warning] [Decorations] CAPPING events from decorations provider vscode.git 4014
2022-12-19 14:34:24.550 [warning] [Decorations] CAPPING events from decorations provider vscode.git 4014
2022-12-19 14:34:30.019 [warning] [Decorations] CAPPING events from decorations provider vscode.git 4014
2022-12-19 14:34:35.238 [warning] [Decorations] CAPPING events from decorations provider vscode.git 4014
2022-12-19 14:34:40.707 [warning] [Decorations] CAPPING events from decorations provider vscode.git 4014
2022-12-19 14:34:46.116 [warning] [Decorations] CAPPING events from decorations provider vscode.git 4014
2022-12-19 14:34:51.593 [warning] [Decorations] CAPPING events from decorations provider vscode.git 4014
2022-12-19 14:34:57.128 [warning] [Decorations] CAPPING events from decorations provider vscode.git 4014
2022-12-19 14:35:02.717 [warning] [Decorations] CAPPING events from decorations provider vscode.git 4014
2022-12-19 14:35:08.137 [warning] [Decorations] CAPPING events from decorations provider vscode.git 4014
2022-12-19 14:35:13.590 [warning] [Decorations] CAPPING events from decorations provider vscode.git 4014
2022-12-19 14:35:19.134 [warning] [Decorations] CAPPING events from decorations provider vscode.git 4014
2022-12-19 14:35:24.357 [warning] [Decorations] CAPPING events from decorations provider vscode.git 4014
2022-12-19 14:35:29.738 [warning] [Decorations] CAPPING events from decorations provider vscode.git 4014
2022-12-19 14:35:35.094 [warning] [Decorations] CAPPING events from decorations provider vscode.git 4014
2022-12-19 14:35:40.714 [warning] [Decorations] CAPPING events from decorations provider vscode.git 4015
2022-12-19 14:35:46.278 [warning] [Decorations] CAPPING events from decorations provider vscode.git 4015
2022-12-19 14:35:51.864 [warning] [Decorations] CAPPING events from decorations provider vscode.git 4015
2022-12-19 14:35:57.543 [warning] [Decorations] CAPPING events from decorations provider vscode.git 4045
2022-12-19 14:36:10.507 [warning] [Decorations] CAPPING events from decorations provider vscode.git 4044
2022-12-19 14:36:15.798 [warning] [Decorations] CAPPING events from decorations provider vscode.git 4044
2022-12-19 14:36:18.518 [info] ExtensionService#_doActivateExtension Blackboxapp.blackbox, startup: false, activationEvent: '*'
2022-12-19 14:36:21.059 [warning] [Decorations] CAPPING events from decorations provider vscode.git 4073
2022-12-19 14:36:26.660 [warning] [Decorations] CAPPING events from decorations provider vscode.git 4044
2022-12-19 14:36:32.120 [warning] [Decorations] CAPPING events from decorations provider vscode.git 4044
2022-12-19 14:36:37.496 [warning] [Decorations] CAPPING events from decorations provider vscode.git 4044
2022-12-19 14:36:42.932 [warning] [Decorations] CAPPING events from decorations provider vscode.git 4044
2022-12-19 14:36:48.151 [warning] [Decorations] CAPPING events from decorations provider vscode.git 4044
2022-12-19 14:36:51.474 [warning] [Decorations] CAPPING events from decorations provider vscode.git 4044
2022-12-19 14:36:53.633 [warning] [Decorations] CAPPING events from decorations provider vscode.git 4044
2022-12-19 14:36:58.960 [warning] [Decorations] CAPPING events from decorations provider vscode.git 4044
2022-12-19 14:37:04.266 [warning] [Decorations] CAPPING events from decorations provider vscode.git 4044
2022-12-19 14:37:09.791 [warning] [Decorations] CAPPING events from decorations provider vscode.git 4044
2022-12-19 14:37:15.376 [warning] [Decorations] CAPPING events from decorations provider vscode.git 4044
2022-12-19 14:37:22.089 [warning] [Decorations] CAPPING events from decorations provider vscode.git 4044
2022-12-19 14:37:27.691 [warning] [Decorations] CAPPING events from decorations provider vscode.git 4044
2022-12-19 14:37:34.335 [warning] [Decorations] CAPPING events from decorations provider vscode.git 4045
2022-12-19 14:37:39.820 [warning] [Decorations] CAPPING events from decorations provider vscode.git 4045
2022-12-19 14:37:45.355 [warning] [Decorations] CAPPING events from decorations provider vscode.git 4045
2022-12-19 14:37:52.985 [warning] [Decorations] CAPPING events from decorations provider vscode.git 4045
2022-12-19 14:37:54.087 [info] ExtensionService#_doActivateExtension vscode.typescript-language-features, startup: false, activationEvent: 'onLanguage:javascript'
2022-12-19 14:37:58.299 [warning] [Decorations] CAPPING events from decorations provider vscode.git 4048
2022-12-19 14:38:04.963 [warning] [Decorations] CAPPING events from decorations provider vscode.git 4050
2022-12-19 14:38:11.554 [warning] [Decorations] CAPPING events from decorations provider vscode.git 4051
2022-12-19 14:38:16.852 [warning] [Decorations] CAPPING events from decorations provider vscode.git 4051
2022-12-19 14:38:22.172 [warning] [Decorations] CAPPING events from decorations provider vscode.git 4051
2022-12-19 14:38:27.419 [warning] [Decorations] CAPPING events from decorations provider vscode.git 4051
2022-12-19 14:39:58.315 [warning] [Decorations] CAPPING events from decorations provider vscode.git 4051
2022-12-19 14:40:07.680 [warning] [Decorations] CAPPING events from decorations provider vscode.git 4052
2022-12-19 14:40:09.109 [warning] [Decorations] CAPPING events from decorations provider vscode.git 4052
2022-12-19 14:40:14.321 [warning] [Decorations] CAPPING events from decorations provider vscode.git 4052
2022-12-19 14:40:19.528 [warning] [Decorations] CAPPING events from decorations provider vscode.git 4052
2022-12-19 14:40:24.715 [warning] [Decorations] CAPPING events from decorations provider vscode.git 4052
2022-12-19 14:40:29.914 [warning] [Decorations] CAPPING events from decorations provider vscode.git 4052
2022-12-19 14:40:42.292 [warning] [Decorations] CAPPING events from decorations provider vscode.git 4052
2022-12-19 14:40:47.472 [warning] [Decorations] CAPPING events from decorations provider vscode.git 4052
2022-12-19 14:40:52.645 [warning] [Decorations] CAPPING events from decorations provider vscode.git 4052
2022-12-19 14:41:03.395 [warning] [Decorations] CAPPING events from decorations provider vscode.git 4053
2022-12-19 14:41:08.580 [warning] [Decorations] CAPPING events from decorations provider vscode.git 4055
2022-12-19 14:41:13.798 [warning] [Decorations] CAPPING events from decorations provider vscode.git 4055
2022-12-19 14:41:19.361 [warning] [Decorations] CAPPING events from decorations provider vscode.git 4055
2022-12-19 14:41:25.749 [warning] [Decorations] CAPPING events from decorations provider vscode.git 4055
2022-12-19 14:41:31.030 [warning] [Decorations] CAPPING events from decorations provider vscode.git 4056
2022-12-19 14:41:36.592 [warning] [Decorations] CAPPING events from decorations provider vscode.git 4056
2022-12-19 14:41:42.206 [warning] [Decorations] CAPPING events from decorations provider vscode.git 4056
2022-12-19 14:41:47.447 [warning] [Decorations] CAPPING events from decorations provider vscode.git 4056
2022-12-19 14:41:53.022 [warning] [Decorations] CAPPING events from decorations provider vscode.git 4056
2022-12-19 14:41:58.450 [warning] [Decorations] CAPPING events from decorations provider vscode.git 4056
2022-12-19 14:42:03.816 [warning] [Decorations] CAPPING events from decorations provider vscode.git 4056
2022-12-19 14:42:09.425 [warning] [Decorations] CAPPING events from decorations provider vscode.git 4056
2022-12-19 14:42:14.743 [warning] [Decorations] CAPPING events from decorations provider vscode.git 4056
2022-12-19 14:42:20.323 [warning] [Decorations] CAPPING events from decorations provider vscode.git 4056
2022-12-19 14:42:25.607 [warning] [Decorations] CAPPING events from decorations provider vscode.git 4056
2022-12-19 14:42:31.140 [warning] [Decorations] CAPPING events from decorations provider vscode.git 4056
2022-12-19 14:42:36.516 [warning] [Decorations] CAPPING events from decorations provider vscode.git 4056
2022-12-19 14:42:41.881 [warning] [Decorations] CAPPING events from decorations provider vscode.git 4056
2022-12-19 14:42:47.297 [warning] [Decorations] CAPPING events from decorations provider vscode.git 4057
2022-12-19 14:42:52.664 [warning] [Decorations] CAPPING events from decorations provider vscode.git 4057
2022-12-19 14:42:57.900 [warning] [Decorations] CAPPING events from decorations provider vscode.git 4057
2022-12-19 14:43:03.472 [warning] [Decorations] CAPPING events from decorations provider vscode.git 4057
2022-12-19 14:43:08.641 [warning] [Decorations] CAPPING events from decorations provider vscode.git 4058
2022-12-19 14:43:10.091 [warning] [Decorations] CAPPING events from decorations provider vscode.git 4058
2022-12-19 14:43:15.745 [warning] [Decorations] CAPPING events from decorations provider vscode.git 4059
2022-12-19 14:43:20.992 [warning] [Decorations] CAPPING events from decorations provider vscode.git 4059
2022-12-19 14:43:26.554 [warning] [Decorations] CAPPING events from decorations provider vscode.git 4059
2022-12-19 14:43:32.116 [warning] [Decorations] CAPPING events from decorations provider vscode.git 4059
2022-12-19 14:43:37.533 [warning] [Decorations] CAPPING events from decorations provider vscode.git 4059
2022-12-19 14:43:42.884 [warning] [Decorations] CAPPING events from decorations provider vscode.git 4059
2022-12-19 14:43:48.497 [warning] [Decorations] CAPPING events from decorations provider vscode.git 4059
2022-12-19 14:43:53.904 [warning] [Decorations] CAPPING events from decorations provider vscode.git 4059
2022-12-19 14:44:00.523 [warning] [Decorations] CAPPING events from decorations provider vscode.git 4059
2022-12-19 14:44:06.061 [warning] [Decorations] CAPPING events from decorations provider vscode.git 4059
2022-12-19 14:44:11.483 [warning] [Decorations] CAPPING events from decorations provider vscode.git 4059
2022-12-19 14:44:16.785 [warning] [Decorations] CAPPING events from decorations provider vscode.git 4059
2022-12-19 14:44:22.059 [warning] [Decorations] CAPPING events from decorations provider vscode.git 4059
2022-12-19 14:45:10.561 [warning] [Decorations] CAPPING events from decorations provider vscode.git 4059
2022-12-19 14:45:15.924 [warning] [Decorations] CAPPING events from decorations provider vscode.git 4059
2022-12-19 14:45:21.290 [warning] [Decorations] CAPPING events from decorations provider vscode.git 4059
2022-12-19 14:45:26.663 [warning] [Decorations] CAPPING events from decorations provider vscode.git 4059
2022-12-19 14:45:31.917 [warning] [Decorations] CAPPING events from decorations provider vscode.git 4059
2022-12-19 14:45:37.398 [warning] [Decorations] CAPPING events from decorations provider vscode.git 4059
2022-12-19 14:45:42.874 [warning] [Decorations] CAPPING events from decorations provider vscode.git 4059
2022-12-19 14:45:48.353 [warning] [Decorations] CAPPING events from decorations provider vscode.git 4059
2022-12-19 14:45:53.743 [warning] [Decorations] CAPPING events from decorations provider vscode.git 4059
2022-12-19 14:45:59.091 [warning] [Decorations] CAPPING events from decorations provider vscode.git 4059
2022-12-19 14:46:04.406 [warning] [Decorations] CAPPING events from decorations provider vscode.git 4059
2022-12-19 14:46:09.631 [warning] [Decorations] CAPPING events from decorations provider vscode.git 4059
2022-12-19 14:46:10.974 [warning] [Decorations] CAPPING events from decorations provider vscode.git 4059
2022-12-19 14:46:16.469 [warning] [Decorations] CAPPING events from decorations provider vscode.git 4059
2022-12-19 14:46:21.700 [warning] [Decorations] CAPPING events from decorations provider vscode.git 4059
2022-12-19 14:46:27.009 [warning] [Decorations] CAPPING events from decorations provider vscode.git 4059
2022-12-19 14:46:32.273 [warning] [Decorations] CAPPING events from decorations provider vscode.git 4059
2022-12-19 14:46:37.815 [warning] [Decorations] CAPPING events from decorations provider vscode.git 4059
2022-12-19 14:46:43.184 [warning] [Decorations] CAPPING events from decorations provider vscode.git 4059
2022-12-19 14:46:48.533 [warning] [Decorations] CAPPING events from decorations provider vscode.git 4059
2022-12-19 14:46:53.923 [warning] [Decorations] CAPPING events from decorations provider vscode.git 4059
2022-12-19 14:46:59.397 [warning] [Decorations] CAPPING events from decorations provider vscode.git 4059
2022-12-19 14:47:16.984 [warning] [Decorations] CAPPING events from decorations provider vscode.git 4059
2022-12-19 14:47:22.208 [warning] [Decorations] CAPPING events from decorations provider vscode.git 4059
2022-12-19 14:47:27.460 [warning] [Decorations] CAPPING events from decorations provider vscode.git 4059
2022-12-19 14:47:32.837 [warning] [Decorations] CAPPING events from decorations provider vscode.git 4059
2022-12-19 14:47:38.207 [warning] [Decorations] CAPPING events from decorations provider vscode.git 4059
2022-12-19 14:47:46.018 [warning] [Decorations] CAPPING events from decorations provider vscode.git 4131
2022-12-19 14:47:55.088 [warning] [Decorations] CAPPING events from decorations provider vscode.git 5534
2022-12-19 14:48:00.637 [warning] [Decorations] CAPPING events from decorations provider vscode.git 7606
2022-12-19 14:48:06.181 [warning] [Decorations] CAPPING events from decorations provider vscode.git 7594
2022-12-19 14:48:11.535 [warning] [Decorations] CAPPING events from decorations provider vscode.git 7594
2022-12-19 14:48:16.989 [warning] [Decorations] CAPPING events from decorations provider vscode.git 7594
2022-12-19 14:48:22.463 [warning] [Decorations] CAPPING events from decorations provider vscode.git 7594
2022-12-19 14:50:27.037 [warning] [Decorations] CAPPING events from decorations provider vscode.git 7594
2022-12-19 14:50:30.015 [warning] [Decorations] CAPPING events from decorations provider vscode.git 7594
2022-12-19 14:51:27.549 [warning] [Decorations] CAPPING events from decorations provider vscode.git 7594
2022-12-19 14:51:33.291 [warning] [Decorations] CAPPING events from decorations provider vscode.git 7594
2022-12-19 14:51:38.869 [warning] [Decorations] CAPPING events from decorations provider vscode.git 7593
2022-12-19 14:51:40.568 [info] Extension host terminating: received terminate message from renderer
2022-12-19 14:51:40.571 [info] Lock '/home/nunoamorim/.vscode-server/data/User/workspaceStorage/e46e06310a18390e9b11f7366b979b8b/vscode.lock': Marking the lockfile as scheduled to be released in 6000 ms.
2022-12-19 14:51:40.882 [info] Extension host with pid 1593 exiting with code 0
