2022-12-19 14:58:28.864 [info] Log level: Info
2022-12-19 14:58:28.864 [info] Validating found git in: "git"
2022-12-19 14:58:28.875 [info] Using git "2.25.1" from "git"
2022-12-19 14:58:28.876 [info] > git rev-parse --show-toplevel [308ms]
2022-12-19 14:58:28.876 [info] > git rev-parse --git-dir --git-common-dir [4ms]
2022-12-19 14:58:28.876 [info] Open repository: /home/nunoamorim
2022-12-19 14:58:28.876 [info] > git rev-parse --show-toplevel [232ms]
2022-12-19 14:58:28.876 [info] > git rev-parse --show-toplevel [6ms]
2022-12-19 14:58:28.876 [info] > git config --get commit.template [61ms]
2022-12-19 14:58:28.876 [info] > git rev-parse --show-toplevel [36ms]
2022-12-19 14:58:28.876 [info] > git for-each-ref --format=%(refname)%00%(upstream:short)%00%(objectname)%00%(upstream:track)%00%(upstream:remotename)%00%(upstream:remoteref) refs/heads/master refs/remotes/master [461ms]
2022-12-19 14:58:28.876 [info] > git for-each-ref --sort -committerdate --format %(refname) %(objectname) %(*objectname) [99ms]
2022-12-19 14:58:28.876 [info] > git fetch [921ms]
2022-12-19 14:58:28.876 [info] > git rev-parse --show-toplevel [588ms]
2022-12-19 14:58:28.876 [info] > git status -z -uall [243ms] (cancelled)
2022-12-19 14:58:28.876 [info] > git check-ignore -v -z --stdin [186ms]
2022-12-19 14:58:28.876 [info] > git rev-parse --show-toplevel [94ms]
2022-12-19 14:58:28.876 [info] > git rev-parse --show-toplevel [11ms]
2022-12-19 14:58:28.877 [info] > git config --get commit.template [107ms]
2022-12-19 14:58:28.877 [info] > git config --get commit.template [132ms]
2022-12-19 14:58:28.877 [info] > git for-each-ref --format=%(refname)%00%(upstream:short)%00%(objectname)%00%(upstream:track)%00%(upstream:remotename)%00%(upstream:remoteref) refs/heads/master refs/remotes/master [33ms]
2022-12-19 14:58:28.877 [info] > git rev-parse --git-dir --git-common-dir [55ms]
2022-12-19 14:58:28.877 [info] Open repository: /home/nunoamorim/.nvm
2022-12-19 14:58:29.095 [info] > git rev-parse --show-toplevel [279ms]
2022-12-19 14:58:29.107 [info] > git for-each-ref --format=%(refname)%00%(upstream:short)%00%(objectname)%00%(upstream:track)%00%(upstream:remotename)%00%(upstream:remoteref) refs/heads/master refs/remotes/master [375ms]
2022-12-19 14:58:29.180 [info] > git rev-parse --show-toplevel [74ms]
2022-12-19 14:58:29.199 [info] > git config --get commit.template [109ms]
2022-12-19 14:58:29.216 [info] > git rev-parse --show-toplevel [17ms]
2022-12-19 14:58:29.283 [info] > git for-each-ref --sort -committerdate --format %(refname) %(objectname) %(*objectname) [142ms]
2022-12-19 14:58:29.350 [info] > git show --textconv :ITI/server.js [83ms]
2022-12-19 14:58:29.351 [info] > git status -z -uall [25ms]
2022-12-19 14:58:29.353 [info] > git ls-files --stage -- /home/nunoamorim/ITI/server.js [70ms]
2022-12-19 14:58:29.400 [info] > git cat-file -s bfa6741355c3b27500a0d7b20273e1636b503364 [14ms]
2022-12-19 14:58:29.401 [info] > git for-each-ref --sort -committerdate --format %(refname) %(objectname) %(*objectname) [53ms]
2022-12-19 14:58:29.551 [info] > git fetch [771ms]
2022-12-19 14:58:30.235 [info] > git config --get commit.template [663ms]
2022-12-19 14:58:30.304 [info] > git check-ignore -v -z --stdin [362ms]
2022-12-19 14:58:30.310 [info] > git check-ignore -v -z --stdin [346ms]
2022-12-19 14:58:30.311 [info] > git status -z -uall [43ms]
2022-12-19 14:58:30.475 [info] > git status -z -uall [1351ms]
2022-12-19 14:58:30.476 [info] > git for-each-ref --sort -committerdate --format %(refname) %(objectname) %(*objectname) [184ms]
2022-12-19 14:58:36.632 [info] > git config --local branch.master.github-pr-owner-number [80ms]
2022-12-19 14:58:37.055 [info] > git config --get commit.template [5ms]
2022-12-19 14:58:37.070 [info] > git for-each-ref --format=%(refname)%00%(upstream:short)%00%(objectname)%00%(upstream:track)%00%(upstream:remotename)%00%(upstream:remoteref) refs/heads/master refs/remotes/master [4ms]
2022-12-19 14:58:37.462 [info] > git for-each-ref --sort -committerdate --format %(refname) %(objectname) %(*objectname) [132ms]
2022-12-19 14:58:37.758 [info] > git status -z -uall [496ms]
2022-12-19 14:58:44.138 [info] > git config --get commit.template [15ms]
2022-12-19 14:58:44.140 [info] > git for-each-ref --format=%(refname)%00%(upstream:short)%00%(objectname)%00%(upstream:track)%00%(upstream:remotename)%00%(upstream:remoteref) refs/heads/master refs/remotes/master [4ms]
2022-12-19 14:58:44.179 [info] > git for-each-ref --sort -committerdate --format %(refname) %(objectname) %(*objectname) [5ms]
2022-12-19 14:58:44.341 [info] > git status -z -uall [190ms]
2022-12-19 14:58:50.428 [info] > git config --get commit.template [3ms]
2022-12-19 14:58:50.448 [info] > git for-each-ref --format=%(refname)%00%(upstream:short)%00%(objectname)%00%(upstream:track)%00%(upstream:remotename)%00%(upstream:remoteref) refs/heads/master refs/remotes/master [3ms]
2022-12-19 14:58:50.494 [info] > git for-each-ref --sort -committerdate --format %(refname) %(objectname) %(*objectname) [11ms]
2022-12-19 14:58:50.723 [info] > git status -z -uall [261ms]
2022-12-19 14:58:56.908 [info] > git config --get commit.template [27ms]
2022-12-19 14:58:56.911 [info] > git for-each-ref --format=%(refname)%00%(upstream:short)%00%(objectname)%00%(upstream:track)%00%(upstream:remotename)%00%(upstream:remoteref) refs/heads/master refs/remotes/master [7ms]
2022-12-19 14:58:56.975 [info] > git for-each-ref --sort -committerdate --format %(refname) %(objectname) %(*objectname) [13ms]
2022-12-19 14:58:57.188 [info] > git status -z -uall [254ms]
2022-12-19 14:59:02.397 [info] > git config --get commit.template [42ms]
2022-12-19 14:59:02.400 [info] > git for-each-ref --format=%(refname)%00%(upstream:short)%00%(objectname)%00%(upstream:track)%00%(upstream:remotename)%00%(upstream:remoteref) refs/heads/master refs/remotes/master [8ms]
2022-12-19 14:59:02.515 [info] > git for-each-ref --sort -committerdate --format %(refname) %(objectname) %(*objectname) [38ms]
2022-12-19 14:59:02.766 [info] > git status -z -uall [336ms]
2022-12-19 14:59:17.864 [info] > git config --get commit.template [30ms]
2022-12-19 14:59:17.866 [info] > git for-each-ref --format=%(refname)%00%(upstream:short)%00%(objectname)%00%(upstream:track)%00%(upstream:remotename)%00%(upstream:remoteref) refs/heads/master refs/remotes/master [5ms]
2022-12-19 14:59:17.942 [info] > git for-each-ref --sort -committerdate --format %(refname) %(objectname) %(*objectname) [14ms]
2022-12-19 14:59:18.195 [info] > git status -z -uall [305ms]
2022-12-19 14:59:33.297 [info] > git config --get commit.template [1ms]
2022-12-19 14:59:33.310 [info] > git for-each-ref --format=%(refname)%00%(upstream:short)%00%(objectname)%00%(upstream:track)%00%(upstream:remotename)%00%(upstream:remoteref) refs/heads/master refs/remotes/master [2ms]
2022-12-19 14:59:33.338 [info] > git for-each-ref --sort -committerdate --format %(refname) %(objectname) %(*objectname) [4ms]
2022-12-19 14:59:33.490 [info] > git status -z -uall [168ms]
2022-12-19 14:59:38.718 [info] > git config --get commit.template [2ms]
2022-12-19 14:59:38.735 [info] > git for-each-ref --format=%(refname)%00%(upstream:short)%00%(objectname)%00%(upstream:track)%00%(upstream:remotename)%00%(upstream:remoteref) refs/heads/master refs/remotes/master [3ms]
2022-12-19 14:59:38.796 [info] > git for-each-ref --sort -committerdate --format %(refname) %(objectname) %(*objectname) [9ms]
2022-12-19 14:59:38.972 [info] > git status -z -uall [217ms]
2022-12-19 14:59:42.129 [info] > git check-ignore -v -z --stdin [2944ms]
2022-12-19 14:59:44.310 [info] > git config --get commit.template [2ms]
2022-12-19 14:59:44.338 [info] > git for-each-ref --format=%(refname)%00%(upstream:short)%00%(objectname)%00%(upstream:track)%00%(upstream:remotename)%00%(upstream:remoteref) refs/heads/master refs/remotes/master [12ms]
2022-12-19 14:59:44.379 [info] > git for-each-ref --sort -committerdate --format %(refname) %(objectname) %(*objectname) [3ms]
2022-12-19 14:59:44.699 [info] > git status -z -uall [348ms]
2022-12-19 14:59:50.646 [info] > git config --get commit.template [2ms]
2022-12-19 14:59:50.685 [info] > git for-each-ref --format=%(refname)%00%(upstream:short)%00%(objectname)%00%(upstream:track)%00%(upstream:remotename)%00%(upstream:remoteref) refs/heads/master refs/remotes/master [3ms]
2022-12-19 14:59:50.719 [info] > git for-each-ref --sort -committerdate --format %(refname) %(objectname) %(*objectname) [1ms]
2022-12-19 14:59:51.119 [info] > git status -z -uall [419ms] (cancelled)
2022-12-19 15:00:11.946 [info] > git config --get commit.template [3ms]
2022-12-19 15:00:11.965 [info] > git for-each-ref --format=%(refname)%00%(upstream:short)%00%(objectname)%00%(upstream:track)%00%(upstream:remotename)%00%(upstream:remoteref) refs/heads/master refs/remotes/master [3ms]
2022-12-19 15:00:12.023 [info] > git for-each-ref --sort -committerdate --format %(refname) %(objectname) %(*objectname) [3ms]
2022-12-19 15:00:16.260 [info] > git status -z -uall [4281ms] (cancelled)
2022-12-19 15:00:33.336 [info] > git check-ignore -v -z --stdin [43ms]
2022-12-19 15:01:04.431 [info] > git check-ignore -v -z --stdin [41ms]
2022-12-19 15:01:29.355 [info] > git fetch [588ms]
2022-12-19 15:01:29.377 [info] > git config --get commit.template [11ms]
2022-12-19 15:01:29.378 [info] > git for-each-ref --format=%(refname)%00%(upstream:short)%00%(objectname)%00%(upstream:track)%00%(upstream:remotename)%00%(upstream:remoteref) refs/heads/master refs/remotes/master [2ms]
2022-12-19 15:01:29.415 [info] > git for-each-ref --sort -committerdate --format %(refname) %(objectname) %(*objectname) [2ms]
2022-12-19 15:01:31.659 [info] > git status -z -uall [2271ms] (cancelled)
2022-12-19 15:01:32.269 [info] > git fetch [597ms]
2022-12-19 15:01:32.297 [info] > git config --get commit.template [4ms]
2022-12-19 15:01:32.338 [info] > git status -z -uall [20ms]
2022-12-19 15:01:32.351 [info] > git for-each-ref --sort -committerdate --format %(refname) %(objectname) %(*objectname) [14ms]
2022-12-19 15:01:33.440 [info] > git config --get commit.template [3ms]
2022-12-19 15:01:33.472 [info] > git status -z -uall [16ms]
2022-12-19 15:01:33.474 [info] > git for-each-ref --sort -committerdate --format %(refname) %(objectname) %(*objectname) [4ms]
2022-12-19 15:04:30.542 [info] > git fetch [598ms]
2022-12-19 15:04:30.589 [info] > git config --get commit.template [24ms]
2022-12-19 15:04:30.592 [info] > git for-each-ref --format=%(refname)%00%(upstream:short)%00%(objectname)%00%(upstream:track)%00%(upstream:remotename)%00%(upstream:remoteref) refs/heads/master refs/remotes/master [4ms]
2022-12-19 15:04:30.675 [info] > git for-each-ref --sort -committerdate --format %(refname) %(objectname) %(*objectname) [7ms]
2022-12-19 15:04:33.131 [info] > git status -z -uall [2517ms] (cancelled)
2022-12-19 15:04:33.739 [info] > git fetch [594ms]
2022-12-19 15:04:33.766 [info] > git config --get commit.template [3ms]
2022-12-19 15:04:33.810 [info] > git status -z -uall [22ms]
2022-12-19 15:04:33.814 [info] > git for-each-ref --sort -committerdate --format %(refname) %(objectname) %(*objectname) [5ms]
2022-12-19 15:04:34.923 [info] > git config --get commit.template [4ms]
2022-12-19 15:04:35.004 [info] > git status -z -uall [54ms]
2022-12-19 15:04:35.009 [info] > git for-each-ref --sort -committerdate --format %(refname) %(objectname) %(*objectname) [9ms]
2022-12-19 15:04:39.532 [info] > git show --textconv :ITI2/ITI/docker-compose.yml [57ms]
2022-12-19 15:04:39.534 [info] > git ls-files --stage -- /home/nunoamorim/ITI2/ITI/docker-compose.yml [7ms]
