[2022-10-05T14:00:05.497Z] Log level: Info
[2022-10-05T14:00:05.507Z] [info] Validating found git in: git
[2022-10-05T14:00:05.569Z] [info] Using git 2.25.1 from git
[2022-10-05T14:00:05.616Z] > git rev-parse --show-toplevel [31ms]
[2022-10-05T14:00:05.648Z] > git rev-parse --git-dir --git-common-dir [24ms]
[2022-10-05T14:00:05.662Z] [info] Open repository: /mnt/c/Users/nunom/OneDrive/Documentos/GitHub/ITI
[2022-10-05T14:00:05.851Z] > git status -z -uall [175ms]
[2022-10-05T14:00:05.883Z] > git symbolic-ref --short HEAD [27ms]
[2022-10-05T14:00:05.964Z] > git for-each-ref --format=%(refname)%00%(upstream:short)%00%(objectname)%00%(upstream:track)%00%(upstream:remotename)%00%(upstream:remoteref) refs/heads/main refs/remotes/main [76ms]
[2022-10-05T14:00:05.996Z] > git remote --verbose [23ms]
[2022-10-05T14:00:06.032Z] > git for-each-ref --sort -committerdate --format %(refname) %(objectname) %(*objectname) [65ms]
[2022-10-05T14:00:06.053Z] > git config --get commit.template [10ms]
[2022-10-05T14:00:06.152Z] > git status -z -uall [92ms]
[2022-10-05T14:00:06.183Z] > git symbolic-ref --short HEAD [27ms]
[2022-10-05T14:00:06.258Z] > git for-each-ref --format=%(refname)%00%(upstream:short)%00%(objectname)%00%(upstream:track)%00%(upstream:remotename)%00%(upstream:remoteref) refs/heads/main refs/remotes/main [72ms]
[2022-10-05T14:00:06.285Z] > git remote --verbose [20ms]
[2022-10-05T14:00:06.314Z] > git for-each-ref --sort -committerdate --format %(refname) %(objectname) %(*objectname) [52ms]
[2022-10-05T14:00:06.332Z] > git config --get commit.template [13ms]
[2022-10-05T14:00:06.377Z] > git check-ignore -v -z --stdin [17ms]
[2022-10-05T14:00:07.966Z] > git config --local branch.main.github-pr-owner-number [74ms]
[2022-10-05T14:00:09.392Z] > git fetch [3722ms]
[2022-10-05T14:00:09.528Z] > git status -z -uall [132ms]
[2022-10-05T14:00:09.572Z] > git symbolic-ref --short HEAD [40ms]
[2022-10-05T14:00:09.686Z] > git for-each-ref --format=%(refname)%00%(upstream:short)%00%(objectname)%00%(upstream:track)%00%(upstream:remotename)%00%(upstream:remoteref) refs/heads/main refs/remotes/main [110ms]
[2022-10-05T14:00:09.716Z] > git remote --verbose [23ms]
[2022-10-05T14:00:09.763Z] > git for-each-ref --sort -committerdate --format %(refname) %(objectname) %(*objectname) [73ms]
[2022-10-05T14:00:09.791Z] > git config --get commit.template [19ms]
