2022-12-26 16:38:27.059 [info] Log level: Info
2022-12-26 16:38:27.059 [info] Validating found git in: "git"
2022-12-26 16:38:27.059 [info] Using git "2.25.1" from "git"
2022-12-26 16:38:27.059 [info] > git rev-parse --show-toplevel [87ms]
2022-12-26 16:38:27.059 [info] > git rev-parse --git-dir --git-common-dir [1ms]
2022-12-26 16:38:27.059 [info] Open repository: /home/nunoamorim
2022-12-26 16:38:27.059 [info] > git rev-parse --show-toplevel [22ms]
2022-12-26 16:38:27.059 [info] > git rev-parse --show-toplevel [2ms]
2022-12-26 16:38:27.059 [info] > git config --get commit.template [20ms]
2022-12-26 16:38:27.059 [info] > git rev-parse --show-toplevel [3ms]
2022-12-26 16:38:27.059 [info] > git for-each-ref --format=%(refname)%00%(upstream:short)%00%(objectname)%00%(upstream:track)%00%(upstream:remotename)%00%(upstream:remoteref) refs/heads/master refs/remotes/master [5ms]
2022-12-26 16:38:27.059 [info] > git rev-parse --show-toplevel [36ms]
2022-12-26 16:38:27.059 [info] > git rev-parse --show-toplevel [89ms]
2022-12-26 16:38:27.059 [info] > git for-each-ref --sort -committerdate --format %(refname) %(objectname) %(*objectname) [102ms]
2022-12-26 16:38:27.059 [info] > git rev-parse --show-toplevel [10ms]
2022-12-26 16:38:27.059 [info] > git rev-parse --show-toplevel [2ms]
2022-12-26 16:38:27.059 [info] > git rev-parse --git-dir --git-common-dir [1ms]
2022-12-26 16:38:27.059 [info] Open repository: /home/nunoamorim/.nvm
2022-12-26 16:38:27.059 [info] > git rev-parse --show-toplevel [157ms]
2022-12-26 16:38:27.059 [info] > git rev-parse --show-toplevel [5ms]
2022-12-26 16:38:27.059 [info] > git config --get commit.template [22ms]
2022-12-26 16:38:27.062 [info] > git rev-parse --show-toplevel [7ms]
2022-12-26 16:38:27.087 [info] > git status -z -uall [9ms]
2022-12-26 16:38:27.087 [info] > git rev-parse --show-toplevel [18ms]
2022-12-26 16:38:27.135 [info] > git rev-parse --show-toplevel [40ms]
2022-12-26 16:38:27.141 [info] > git for-each-ref --sort -committerdate --format %(refname) %(objectname) %(*objectname) [56ms]
2022-12-26 16:38:27.162 [info] > git config --get commit.template [2ms]
2022-12-26 16:38:27.178 [info] > git status -z -uall [7ms]
2022-12-26 16:38:27.179 [info] > git for-each-ref --sort -committerdate --format %(refname) %(objectname) %(*objectname) [2ms]
2022-12-26 16:38:27.590 [info] > git check-ignore -v -z --stdin [30ms]
2022-12-26 16:38:27.591 [info] > git check-ignore -v -z --stdin [20ms]
2022-12-26 16:38:27.592 [info] > git show --textconv :ITI2/docker-compose.yml [12ms]
2022-12-26 16:38:27.593 [info] > git ls-files --stage -- /home/nunoamorim/ITI2/docker-compose.yml [6ms]
2022-12-26 16:39:10.194 [info] > git config --local branch.master.github-pr-owner-number [25ms]
2022-12-26 16:39:14.005 [info] > git fetch [47360ms]
2022-12-26 16:39:14.028 [info] > git config --get commit.template [8ms]
2022-12-26 16:39:14.028 [info] > git config --get commit.template [3ms]
2022-12-26 16:39:14.041 [info] > git for-each-ref --format=%(refname)%00%(upstream:short)%00%(objectname)%00%(upstream:track)%00%(upstream:remotename)%00%(upstream:remoteref) refs/heads/master refs/remotes/master [6ms]
2022-12-26 16:39:14.042 [info] > git for-each-ref --format=%(refname)%00%(upstream:short)%00%(objectname)%00%(upstream:track)%00%(upstream:remotename)%00%(upstream:remoteref) refs/heads/master refs/remotes/master [2ms]
2022-12-26 16:39:14.054 [info] > git for-each-ref --sort -committerdate --format %(refname) %(objectname) %(*objectname) [1ms]
2022-12-26 16:39:45.987 [info] > git fetch [79111ms]
2022-12-26 16:39:45.995 [info] > git config --get commit.template [1ms]
2022-12-26 16:39:46.005 [info] > git status -z -uall [5ms]
2022-12-26 16:39:46.007 [info] > git for-each-ref --sort -committerdate --format %(refname) %(objectname) %(*objectname) [1ms]
2022-12-26 16:39:55.236 [info] > git status -z -uall [88505ms] (cancelled)
2022-12-26 16:39:55.400 [info] > git status -z -uall [41353ms] (cancelled)
2022-12-26 16:40:24.310 [info] > git check-ignore -v -z --stdin [6ms]
2022-12-26 16:43:11.488 [info] > git fetch [480ms]
2022-12-26 16:43:11.496 [info] > git config --get commit.template [0ms]
2022-12-26 16:43:11.503 [info] > git for-each-ref --format=%(refname)%00%(upstream:short)%00%(objectname)%00%(upstream:track)%00%(upstream:remotename)%00%(upstream:remoteref) refs/heads/master refs/remotes/master [1ms]
2022-12-26 16:43:11.516 [info] > git for-each-ref --sort -committerdate --format %(refname) %(objectname) %(*objectname) [1ms]
2022-12-26 16:43:11.708 [info] > git fetch [691ms]
2022-12-26 16:43:11.715 [info] > git config --get commit.template [1ms]
2022-12-26 16:43:11.726 [info] > git status -z -uall [4ms]
2022-12-26 16:43:11.727 [info] > git for-each-ref --sort -committerdate --format %(refname) %(objectname) %(*objectname) [1ms]
2022-12-26 16:43:12.066 [info] > git status -z -uall [558ms] (cancelled)
2022-12-26 16:43:38.686 [info] > git config --get commit.template [4ms]
2022-12-26 16:43:38.717 [info] > git status -z -uall [19ms]
2022-12-26 16:43:38.718 [info] > git for-each-ref --sort -committerdate --format %(refname) %(objectname) %(*objectname) [9ms]
2022-12-26 16:43:38.727 [info] > git ls-files --stage -- /home/nunoamorim/ITI2/docker-compose.yml [12ms]
2022-12-26 16:43:38.800 [info] > git show --textconv :ITI2/docker-compose.yml [6ms]
2022-12-26 16:46:24.416 [info] > git fetch [495ms]
2022-12-26 16:46:24.429 [info] > git config --get commit.template [7ms]
2022-12-26 16:46:24.430 [info] > git for-each-ref --format=%(refname)%00%(upstream:short)%00%(objectname)%00%(upstream:track)%00%(upstream:remotename)%00%(upstream:remoteref) refs/heads/master refs/remotes/master [2ms]
2022-12-26 16:46:24.445 [info] > git for-each-ref --sort -committerdate --format %(refname) %(objectname) %(*objectname) [2ms]
2022-12-26 16:46:24.679 [info] > git fetch [770ms]
2022-12-26 16:46:24.685 [info] > git config --get commit.template [1ms]
2022-12-26 16:46:24.694 [info] > git status -z -uall [4ms]
2022-12-26 16:46:24.695 [info] > git for-each-ref --sort -committerdate --format %(refname) %(objectname) %(*objectname) [1ms]
2022-12-26 16:46:24.893 [info] > git status -z -uall [457ms] (cancelled)
2022-12-26 16:46:26.032 [info] > git config --get commit.template [21ms]
2022-12-26 16:46:26.053 [info] > git status -z -uall [9ms]
2022-12-26 16:46:26.054 [info] > git for-each-ref --sort -committerdate --format %(refname) %(objectname) %(*objectname) [2ms]
2022-12-26 16:46:26.245 [info] > git ls-files --stage -- /home/nunoamorim/ITI2/docker-compose.yml [3ms]
2022-12-26 16:46:26.259 [info] > git show --textconv :ITI2/docker-compose.yml [2ms]
2022-12-26 16:52:51.631 [info] > git fetch [526ms]
2022-12-26 16:52:51.660 [info] > git config --get commit.template [13ms]
2022-12-26 16:52:51.661 [info] > git for-each-ref --format=%(refname)%00%(upstream:short)%00%(objectname)%00%(upstream:track)%00%(upstream:remotename)%00%(upstream:remoteref) refs/heads/master refs/remotes/master [3ms]
2022-12-26 16:52:51.714 [info] > git for-each-ref --sort -committerdate --format %(refname) %(objectname) %(*objectname) [7ms]
2022-12-26 16:52:51.932 [info] > git fetch [857ms]
2022-12-26 16:52:51.944 [info] > git config --get commit.template [2ms]
2022-12-26 16:52:51.964 [info] > git status -z -uall [13ms]
2022-12-26 16:52:51.965 [info] > git for-each-ref --sort -committerdate --format %(refname) %(objectname) %(*objectname) [1ms]
2022-12-26 16:52:53.794 [info] > git status -z -uall [2107ms] (cancelled)
2022-12-26 16:52:53.903 [info] > git config --get commit.template [29ms]
2022-12-26 16:52:53.948 [info] > git status -z -uall [29ms]
2022-12-26 16:52:53.950 [info] > git for-each-ref --sort -committerdate --format %(refname) %(objectname) %(*objectname) [3ms]
2022-12-26 16:52:54.264 [info] > git ls-files --stage -- /home/nunoamorim/ITI2/docker-compose.yml [5ms]
2022-12-26 16:52:54.284 [info] > git show --textconv :ITI2/docker-compose.yml [4ms]
2022-12-26 16:59:15.710 [info] > git fetch [624ms]
2022-12-26 16:59:15.725 [info] > git config --get commit.template [7ms]
2022-12-26 16:59:15.725 [info] > git for-each-ref --format=%(refname)%00%(upstream:short)%00%(objectname)%00%(upstream:track)%00%(upstream:remotename)%00%(upstream:remoteref) refs/heads/master refs/remotes/master [1ms]
2022-12-26 16:59:15.744 [info] > git for-each-ref --sort -committerdate --format %(refname) %(objectname) %(*objectname) [2ms]
2022-12-26 16:59:15.938 [info] > git fetch [871ms]
2022-12-26 16:59:15.946 [info] > git config --get commit.template [1ms]
2022-12-26 16:59:15.957 [info] > git status -z -uall [7ms]
2022-12-26 16:59:15.957 [info] > git for-each-ref --sort -committerdate --format %(refname) %(objectname) %(*objectname) [2ms]
2022-12-26 16:59:16.351 [info] > git status -z -uall [619ms] (cancelled)
2022-12-26 16:59:17.417 [info] > git config --get commit.template [1ms]
2022-12-26 16:59:17.447 [info] > git status -z -uall [14ms]
2022-12-26 16:59:17.453 [info] > git for-each-ref --sort -committerdate --format %(refname) %(objectname) %(*objectname) [8ms]
2022-12-26 16:59:17.730 [info] > git ls-files --stage -- /home/nunoamorim/ITI2/docker-compose.yml [4ms]
2022-12-26 16:59:17.759 [info] > git show --textconv :ITI2/docker-compose.yml [3ms]
2022-12-26 17:02:20.657 [info] > git fetch [536ms]
2022-12-26 17:02:20.686 [info] > git config --get commit.template [16ms]
2022-12-26 17:02:20.687 [info] > git for-each-ref --format=%(refname)%00%(upstream:short)%00%(objectname)%00%(upstream:track)%00%(upstream:remotename)%00%(upstream:remoteref) refs/heads/master refs/remotes/master [4ms]
2022-12-26 17:02:20.720 [info] > git for-each-ref --sort -committerdate --format %(refname) %(objectname) %(*objectname) [3ms]
2022-12-26 17:02:20.919 [info] > git fetch [811ms]
2022-12-26 17:02:20.927 [info] > git config --get commit.template [1ms]
2022-12-26 17:02:20.939 [info] > git status -z -uall [6ms]
2022-12-26 17:02:20.940 [info] > git for-each-ref --sort -committerdate --format %(refname) %(objectname) %(*objectname) [2ms]
2022-12-26 17:02:21.321 [info] > git status -z -uall [618ms] (cancelled)
2022-12-26 17:05:06.240 [info] > git config --get commit.template [12ms]
2022-12-26 17:05:06.261 [info] > git status -z -uall [11ms]
2022-12-26 17:05:06.262 [info] > git ls-files --stage -- /home/nunoamorim/ITI2/docker-compose.yml [23ms]
2022-12-26 17:05:06.264 [info] > git for-each-ref --sort -committerdate --format %(refname) %(objectname) %(*objectname) [5ms]
2022-12-26 17:05:06.282 [info] > git show --textconv :ITI2/docker-compose.yml [3ms]
2022-12-26 17:05:21.709 [info] > git fetch [761ms]
2022-12-26 17:05:21.719 [info] > git config --get commit.template [2ms]
2022-12-26 17:05:21.731 [info] > git status -z -uall [7ms]
2022-12-26 17:05:21.732 [info] > git for-each-ref --sort -committerdate --format %(refname) %(objectname) %(*objectname) [2ms]
2022-12-26 17:05:21.802 [info] > git fetch [476ms]
2022-12-26 17:05:21.815 [info] > git config --get commit.template [7ms]
2022-12-26 17:05:21.815 [info] > git for-each-ref --format=%(refname)%00%(upstream:short)%00%(objectname)%00%(upstream:track)%00%(upstream:remotename)%00%(upstream:remoteref) refs/heads/master refs/remotes/master [1ms]
2022-12-26 17:05:21.827 [info] > git for-each-ref --sort -committerdate --format %(refname) %(objectname) %(*objectname) [1ms]
2022-12-26 17:05:22.427 [info] > git status -z -uall [606ms] (cancelled)
2022-12-26 17:05:23.577 [info] > git config --get commit.template [19ms]
2022-12-26 17:05:23.620 [info] > git status -z -uall [19ms]
2022-12-26 17:05:23.629 [info] > git for-each-ref --sort -committerdate --format %(refname) %(objectname) %(*objectname) [12ms]
2022-12-26 17:05:23.954 [info] > git ls-files --stage -- /home/nunoamorim/ITI2/docker-compose.yml [4ms]
2022-12-26 17:05:23.976 [info] > git show --textconv :ITI2/docker-compose.yml [5ms]
2022-12-26 17:05:44.666 [info] > git show --textconv :ITI2/frontend/server.js [15ms]
2022-12-26 17:05:44.668 [info] > git ls-files --stage -- /home/nunoamorim/ITI2/frontend/server.js [7ms]
2022-12-26 17:05:45.218 [info] > git check-ignore -v -z --stdin [7ms]
2022-12-26 17:08:22.477 [info] > git fetch [733ms]
2022-12-26 17:08:22.485 [info] > git config --get commit.template [1ms]
2022-12-26 17:08:22.506 [info] > git status -z -uall [9ms]
2022-12-26 17:08:22.507 [info] > git for-each-ref --sort -committerdate --format %(refname) %(objectname) %(*objectname) [3ms]
2022-12-26 17:08:22.878 [info] > git fetch [449ms]
2022-12-26 17:08:22.885 [info] > git config --get commit.template [0ms]
2022-12-26 17:08:22.890 [info] > git for-each-ref --format=%(refname)%00%(upstream:short)%00%(objectname)%00%(upstream:track)%00%(upstream:remotename)%00%(upstream:remoteref) refs/heads/master refs/remotes/master [1ms]
2022-12-26 17:08:22.918 [info] > git for-each-ref --sort -committerdate --format %(refname) %(objectname) %(*objectname) [0ms]
2022-12-26 17:08:23.580 [info] > git config --get commit.template [1ms]
2022-12-26 17:08:23.589 [info] > git status -z -uall [5ms]
2022-12-26 17:08:23.590 [info] > git for-each-ref --sort -committerdate --format %(refname) %(objectname) %(*objectname) [1ms]
2022-12-26 17:08:24.098 [info] > git ls-files --stage -- /home/nunoamorim/ITI2/docker-compose.yml [9ms]
2022-12-26 17:08:24.111 [info] > git ls-files --stage -- /home/nunoamorim/ITI2/frontend/server.js [14ms]
2022-12-26 17:08:24.112 [info] > git show --textconv :ITI2/docker-compose.yml [2ms]
2022-12-26 17:08:24.125 [info] > git show --textconv :ITI2/frontend/server.js [3ms]
2022-12-26 17:08:25.472 [info] > git status -z -uall [2576ms] (cancelled)
