[2022-10-12T18:20:05.818Z] Log level: Info
[2022-10-12T18:20:05.869Z] [info] Validating found git in: git
[2022-10-12T18:20:05.964Z] [info] Using git 2.25.1 from git
[2022-10-12T18:20:06.005Z] > git rev-parse --show-toplevel [8ms]
[2022-10-12T18:20:06.026Z] > git rev-parse --git-dir --git-common-dir [2ms]
[2022-10-12T18:20:06.046Z] [info] Open repository: /home/nunoamorim
[2022-10-12T18:20:06.091Z] > git rev-parse --show-toplevel [3ms]
[2022-10-12T18:20:06.116Z] > git rev-parse --show-toplevel [6ms]
[2022-10-12T18:20:06.127Z] > git rev-parse --show-toplevel [2ms]
[2022-10-12T18:20:06.150Z] > git rev-parse --show-toplevel [7ms]
[2022-10-12T18:20:06.165Z] > git rev-parse --show-toplevel [2ms]
[2022-10-12T18:20:06.188Z] > git rev-parse --show-toplevel [3ms]
[2022-10-12T18:20:06.208Z] > git rev-parse --git-dir --git-common-dir [4ms]
[2022-10-12T18:20:06.218Z] [info] Open repository: /home/nunoamorim/.nvm
[2022-10-12T18:20:06.468Z] > git status -z -uall [391ms]
[2022-10-12T18:20:06.484Z] > git status -z -uall [209ms]
[2022-10-12T18:20:06.496Z] > git rev-parse --show-toplevel [196ms]
[2022-10-12T18:20:06.522Z] > git rev-parse --show-toplevel [14ms]
[2022-10-12T18:20:06.533Z] > git symbolic-ref --short HEAD [38ms]
[2022-10-12T18:20:06.533Z] fatal: ref HEAD is not a symbolic ref
[2022-10-12T18:20:06.552Z] > git symbolic-ref --short HEAD [69ms]
[2022-10-12T18:20:06.570Z] > git rev-parse HEAD [18ms]
[2022-10-12T18:20:06.588Z] > git rev-parse --show-toplevel [56ms]
[2022-10-12T18:20:06.610Z] > git remote --verbose [23ms]
[2022-10-12T18:20:06.611Z] > git for-each-ref --sort -committerdate --format %(refname) %(objectname) %(*objectname) [34ms]
[2022-10-12T18:20:06.619Z] > git for-each-ref --format=%(refname)%00%(upstream:short)%00%(objectname)%00%(upstream:track)%00%(upstream:remotename)%00%(upstream:remoteref) refs/heads/master refs/remotes/master [57ms]
[2022-10-12T18:20:06.665Z] > git remote --verbose [29ms]
[2022-10-12T18:20:06.666Z] > git for-each-ref --sort -committerdate --format %(refname) %(objectname) %(*objectname) [40ms]
[2022-10-12T18:20:06.667Z] > git fetch [606ms]
[2022-10-12T18:20:06.772Z] > git config --get commit.template [111ms]
[2022-10-12T18:20:06.797Z] > git show --textconv :ITI/server.js [95ms]
[2022-10-12T18:20:06.797Z] > git status -z -uall [12ms]
[2022-10-12T18:20:06.804Z] > git ls-files --stage -- /home/nunoamorim/ITI/server.js [92ms]
[2022-10-12T18:20:06.821Z] > git cat-file -s 62d92cc24f33fade28c4c9770d7edd43394682e3 [8ms]
[2022-10-12T18:20:06.822Z] > git symbolic-ref --short HEAD [18ms]
[2022-10-12T18:20:06.822Z] fatal: ref HEAD is not a symbolic ref
[2022-10-12T18:20:06.834Z] > git config --get commit.template [40ms]
[2022-10-12T18:20:06.899Z] > git rev-parse HEAD [66ms]
[2022-10-12T18:20:07.052Z] > git check-ignore -v -z --stdin [193ms]
[2022-10-12T18:20:07.061Z] > git check-ignore -v -z --stdin [181ms]
[2022-10-12T18:20:07.062Z] > git remote --verbose [141ms]
[2022-10-12T18:20:07.062Z] > git for-each-ref --sort -committerdate --format %(refname) %(objectname) %(*objectname) [149ms]
[2022-10-12T18:20:07.087Z] > git config --get commit.template [5ms]
[2022-10-12T18:20:07.159Z] > git fetch [910ms]
[2022-10-12T18:20:07.199Z] > git status -z -uall [21ms]
[2022-10-12T18:20:07.216Z] > git status -z -uall [369ms]
[2022-10-12T18:20:07.235Z] > git symbolic-ref --short HEAD [6ms]
[2022-10-12T18:20:07.254Z] > git symbolic-ref --short HEAD [42ms]
[2022-10-12T18:20:07.254Z] fatal: ref HEAD is not a symbolic ref
[2022-10-12T18:20:07.276Z] > git rev-parse HEAD [1ms]
[2022-10-12T18:20:07.311Z] > git for-each-ref --format=%(refname)%00%(upstream:short)%00%(objectname)%00%(upstream:track)%00%(upstream:remotename)%00%(upstream:remoteref) refs/heads/master refs/remotes/master [58ms]
[2022-10-12T18:20:07.349Z] > git remote --verbose [10ms]
[2022-10-12T18:20:07.350Z] > git for-each-ref --sort -committerdate --format %(refname) %(objectname) %(*objectname) [26ms]
[2022-10-12T18:20:07.351Z] > git remote --verbose [44ms]
[2022-10-12T18:20:07.351Z] > git for-each-ref --sort -committerdate --format %(refname) %(objectname) %(*objectname) [63ms]
[2022-10-12T18:20:07.395Z] > git config --get commit.template [3ms]
[2022-10-12T18:20:07.414Z] > git config --get commit.template [41ms]
[2022-10-12T18:20:07.759Z] > git status -z -uall [347ms]
[2022-10-12T18:20:07.770Z] > git symbolic-ref --short HEAD [2ms]
[2022-10-12T18:20:07.784Z] > git for-each-ref --format=%(refname)%00%(upstream:short)%00%(objectname)%00%(upstream:track)%00%(upstream:remotename)%00%(upstream:remoteref) refs/heads/master refs/remotes/master [2ms]
[2022-10-12T18:20:07.858Z] > git remote --verbose [51ms]
[2022-10-12T18:20:07.859Z] > git for-each-ref --sort -committerdate --format %(refname) %(objectname) %(*objectname) [62ms]
[2022-10-12T18:20:07.884Z] > git config --get commit.template [5ms]
[2022-10-12T18:20:08.776Z] > git check-ignore -v -z --stdin [16ms]
[2022-10-12T18:20:09.038Z] > git status -z -uall [8ms]
[2022-10-12T18:20:09.049Z] > git symbolic-ref --short HEAD [5ms]
[2022-10-12T18:20:09.049Z] fatal: ref HEAD is not a symbolic ref
[2022-10-12T18:20:09.442Z] > git config --local branch.master.github-pr-owner-number [312ms]
[2022-10-12T18:20:09.468Z] > git rev-parse HEAD [411ms]
[2022-10-12T18:20:09.496Z] > git remote --verbose [11ms]
[2022-10-12T18:20:09.497Z] > git for-each-ref --sort -committerdate --format %(refname) %(objectname) %(*objectname) [21ms]
[2022-10-12T18:20:09.825Z] > git ls-files --stage -- /home/nunoamorim/ITI/server.js [84ms]
[2022-10-12T18:20:09.840Z] > git config --get commit.template [115ms]
[2022-10-12T18:20:09.879Z] > git cat-file -s 62d92cc24f33fade28c4c9770d7edd43394682e3 [39ms]
[2022-10-12T18:20:10.004Z] > git show --textconv :ITI/server.js [15ms]
[2022-10-12T18:20:10.008Z] > git add -A -- /home/nunoamorim/.bash_history /home/nunoamorim/.vscode-server/data/User/History/-4d7ea5e3/entries.json /home/nunoamorim/.vscode-server/data/User/workspaceStorage/a9f5109e99d391079f85d3e92812567a/vscode.lock /home/nunoamorim/.vscode-server/data/logs/20221012T180852/exthost1/exthost.log /home/nunoamorim/.vscode-server/data/logs/20221012T180852/exthost1/output_logging_20221012T180854/2-GitHub Pull Request.log /home/nunoamorim/.vscode-server/data/logs/20221012T180852/exthost1/output_logging_20221012T180854/3-Git.log /home/nunoamorim/.vscode-server/data/logs/20221012T180852/remoteagent.log /home/nunoamorim/ITI/ficheiro.pdf /home/nunoamorim/ITI/server.js /home/nunoamorim/.vscode-server/data/User/History/-4d7ea5e3/5AWL.js /home/nunoamorim/.vscode-server/data/logs/20221012T192000/exthost1/exthost.log /home/nunoamorim/.vscode-server/data/logs/20221012T192000/exthost1/output_logging_20221012T192004/1-TypeScript.log /home/nunoamorim/.vscode-server/data/logs/20221012T192000/exthost1/output_logging_20221012T192004/2-GitHub Pull Request.log /home/nunoamorim/.vscode-server/data/logs/20221012T192000/exthost1/output_logging_20221012T192004/3-Git.log /home/nunoamorim/.vscode-server/data/logs/20221012T192000/ptyhost.log /home/nunoamorim/.vscode-server/data/logs/20221012T192000/remoteagent.log [567ms]
[2022-10-12T18:20:10.210Z] > git status -z -uall [186ms]
[2022-10-12T18:20:10.361Z] > git symbolic-ref --short HEAD [139ms]
[2022-10-12T18:20:10.404Z] > git for-each-ref --format=%(refname)%00%(upstream:short)%00%(objectname)%00%(upstream:track)%00%(upstream:remotename)%00%(upstream:remoteref) refs/heads/master refs/remotes/master [29ms]
[2022-10-12T18:20:10.474Z] > git remote --verbose [48ms]
[2022-10-12T18:20:10.475Z] > git for-each-ref --sort -committerdate --format %(refname) %(objectname) %(*objectname) [60ms]
[2022-10-12T18:20:10.618Z] > git config --get commit.template [64ms]
[2022-10-12T18:20:10.709Z] > git status -z -uall [82ms]
[2022-10-12T18:20:10.726Z] > git symbolic-ref --short HEAD [3ms]
[2022-10-12T18:20:10.740Z] > git for-each-ref --format=%(refname)%00%(upstream:short)%00%(objectname)%00%(upstream:track)%00%(upstream:remotename)%00%(upstream:remoteref) refs/heads/master refs/remotes/master [2ms]
[2022-10-12T18:20:10.778Z] > git remote --verbose [17ms]
[2022-10-12T18:20:10.780Z] > git for-each-ref --sort -committerdate --format %(refname) %(objectname) %(*objectname) [29ms]
[2022-10-12T18:20:10.798Z] > git config --get commit.template [2ms]
[2022-10-12T18:20:11.327Z] > git ls-files --stage -- /home/nunoamorim/ITI/server.js [3ms]
[2022-10-12T18:20:11.334Z] > git cat-file -s aa75b861277e8c6a02fbe8ee723554e425915825 [0ms]
[2022-10-12T18:20:11.352Z] > git show --textconv :ITI/server.js [5ms]
[2022-10-12T18:20:11.383Z] > git check-ignore -v -z --stdin [5ms]
[2022-10-12T18:20:14.864Z] > git -c user.useConfigOnly=true commit --quiet --allow-empty-message --file - [50ms]
[2022-10-12T18:20:14.907Z] > git status -z -uall [38ms]
[2022-10-12T18:20:14.914Z] > git symbolic-ref --short HEAD [1ms]
[2022-10-12T18:20:14.921Z] > git for-each-ref --format=%(refname)%00%(upstream:short)%00%(objectname)%00%(upstream:track)%00%(upstream:remotename)%00%(upstream:remoteref) refs/heads/master refs/remotes/master [1ms]
[2022-10-12T18:20:14.934Z] > git remote --verbose [2ms]
[2022-10-12T18:20:14.934Z] > git for-each-ref --sort -committerdate --format %(refname) %(objectname) %(*objectname) [7ms]
[2022-10-12T18:20:14.983Z] > git config --get commit.template [1ms]
[2022-10-12T18:20:14.992Z] > git config --get commit.template [1ms]
[2022-10-12T18:20:15.112Z] > git config --local branch.master.github-pr-owner-number [63ms]
[2022-10-12T18:20:15.843Z] > git status -z -uall [37ms]
[2022-10-12T18:20:15.851Z] > git symbolic-ref --short HEAD [1ms]
[2022-10-12T18:20:15.858Z] > git for-each-ref --format=%(refname)%00%(upstream:short)%00%(objectname)%00%(upstream:track)%00%(upstream:remotename)%00%(upstream:remoteref) refs/heads/master refs/remotes/master [1ms]
[2022-10-12T18:20:15.871Z] > git remote --verbose [2ms]
[2022-10-12T18:20:15.871Z] > git for-each-ref --sort -committerdate --format %(refname) %(objectname) %(*objectname) [7ms]
[2022-10-12T18:20:15.884Z] > git config --get commit.template [3ms]
[2022-10-12T18:20:16.221Z] > git ls-files --stage -- /home/nunoamorim/ITI/server.js [3ms]
[2022-10-12T18:20:16.227Z] > git cat-file -s aa75b861277e8c6a02fbe8ee723554e425915825 [1ms]
[2022-10-12T18:20:16.244Z] > git show --textconv :ITI/server.js [3ms]
[2022-10-12T18:20:20.927Z] > git status -z -uall [36ms]
[2022-10-12T18:20:20.934Z] > git symbolic-ref --short HEAD [1ms]
[2022-10-12T18:20:20.943Z] > git for-each-ref --format=%(refname)%00%(upstream:short)%00%(objectname)%00%(upstream:track)%00%(upstream:remotename)%00%(upstream:remoteref) refs/heads/master refs/remotes/master [1ms]
[2022-10-12T18:20:20.957Z] > git remote --verbose [1ms]
[2022-10-12T18:20:20.957Z] > git for-each-ref --sort -committerdate --format %(refname) %(objectname) %(*objectname) [7ms]
[2022-10-12T18:20:20.969Z] > git config --get commit.template [3ms]
[2022-10-12T18:20:26.040Z] > git status -z -uall [46ms]
[2022-10-12T18:20:26.047Z] > git symbolic-ref --short HEAD [0ms]
[2022-10-12T18:20:26.054Z] > git for-each-ref --format=%(refname)%00%(upstream:short)%00%(objectname)%00%(upstream:track)%00%(upstream:remotename)%00%(upstream:remoteref) refs/heads/master refs/remotes/master [1ms]
[2022-10-12T18:20:26.067Z] > git remote --verbose [1ms]
[2022-10-12T18:20:26.067Z] > git for-each-ref --sort -committerdate --format %(refname) %(objectname) %(*objectname) [7ms]
[2022-10-12T18:20:26.076Z] > git config --get commit.template [1ms]
[2022-10-12T18:20:31.128Z] > git status -z -uall [36ms]
[2022-10-12T18:20:31.134Z] > git symbolic-ref --short HEAD [1ms]
[2022-10-12T18:20:31.140Z] > git for-each-ref --format=%(refname)%00%(upstream:short)%00%(objectname)%00%(upstream:track)%00%(upstream:remotename)%00%(upstream:remoteref) refs/heads/master refs/remotes/master [1ms]
[2022-10-12T18:20:31.151Z] > git remote --verbose [1ms]
[2022-10-12T18:20:31.151Z] > git for-each-ref --sort -committerdate --format %(refname) %(objectname) %(*objectname) [6ms]
[2022-10-12T18:20:31.158Z] > git config --get commit.template [0ms]
