[2022-10-21T21:25:49.029Z] Log level: Info
[2022-10-21T21:25:49.043Z] [info] Validating found git in: git
[2022-10-21T21:25:49.103Z] [info] Using git 2.25.1 from git
[2022-10-21T21:25:49.165Z] > git rev-parse --show-toplevel [37ms]
[2022-10-21T21:25:49.182Z] > git rev-parse --git-dir --git-common-dir [2ms]
[2022-10-21T21:25:49.200Z] [info] Open repository: /home/nunoamorim
[2022-10-21T21:25:49.328Z] > git rev-parse --show-toplevel [83ms]
[2022-10-21T21:25:49.353Z] > git rev-parse --show-toplevel [3ms]
[2022-10-21T21:25:49.373Z] > git rev-parse --show-toplevel [8ms]
[2022-10-21T21:25:49.383Z] > git rev-parse --show-toplevel [2ms]
[2022-10-21T21:25:49.394Z] > git rev-parse --show-toplevel [3ms]
[2022-10-21T21:25:49.435Z] > git rev-parse --show-toplevel [24ms]
[2022-10-21T21:25:49.460Z] > git rev-parse --git-dir --git-common-dir [13ms]
[2022-10-21T21:25:49.476Z] [info] Open repository: /home/nunoamorim/.nvm
[2022-10-21T21:25:49.582Z] > git status -z -uall [59ms]
[2022-10-21T21:25:49.602Z] > git rev-parse --show-toplevel [70ms]
[2022-10-21T21:25:49.622Z] > git rev-parse --show-toplevel [6ms]
[2022-10-21T21:25:49.636Z] > git symbolic-ref --short HEAD [35ms]
[2022-10-21T21:25:49.636Z] fatal: ref HEAD is not a symbolic ref
[2022-10-21T21:25:49.661Z] > git rev-parse HEAD [2ms]
[2022-10-21T21:25:49.687Z] > git rev-parse --show-toplevel [52ms]
[2022-10-21T21:25:49.708Z] > git remote --verbose [23ms]
[2022-10-21T21:25:49.709Z] > git for-each-ref --sort -committerdate --format %(refname) %(objectname) %(*objectname) [38ms]
[2022-10-21T21:25:49.763Z] > git config --get commit.template [3ms]
[2022-10-21T21:25:50.330Z] > git status -z -uall [1099ms]
[2022-10-21T21:25:50.348Z] > git status -z -uall [567ms]
[2022-10-21T21:25:50.360Z] > git check-ignore -v -z --stdin [88ms]
[2022-10-21T21:25:50.414Z] > git symbolic-ref --short HEAD [55ms]
[2022-10-21T21:25:50.414Z] fatal: ref HEAD is not a symbolic ref
[2022-10-21T21:25:50.435Z] > git symbolic-ref --short HEAD [88ms]
[2022-10-21T21:25:50.475Z] > git show --textconv :ITI/server2.js [80ms]
[2022-10-21T21:25:50.475Z] > git for-each-ref --format=%(refname)%00%(upstream:short)%00%(objectname)%00%(upstream:track)%00%(upstream:remotename)%00%(upstream:remoteref) refs/heads/master refs/remotes/master [10ms]
[2022-10-21T21:25:50.514Z] > git rev-parse HEAD [80ms]
[2022-10-21T21:25:50.541Z] > git ls-files --stage -- /home/nunoamorim/ITI/server2.js [131ms]
[2022-10-21T21:25:50.648Z] > git cat-file -s 3d102245461f76cf1038abdfe8d11df2111d4f53 [86ms]
[2022-10-21T21:25:50.650Z] > git remote --verbose [112ms]
[2022-10-21T21:25:50.651Z] > git for-each-ref --sort -committerdate --format %(refname) %(objectname) %(*objectname) [128ms]
[2022-10-21T21:25:50.656Z] > git remote --verbose [149ms]
[2022-10-21T21:25:50.657Z] > git for-each-ref --sort -committerdate --format %(refname) %(objectname) %(*objectname) [162ms]
[2022-10-21T21:25:50.727Z] > git config --get commit.template [17ms]
[2022-10-21T21:25:50.742Z] > git config --get commit.template [42ms]
[2022-10-21T21:25:50.763Z] > git fetch [1547ms]
[2022-10-21T21:25:50.937Z] > git status -z -uall [196ms]
[2022-10-21T21:25:50.953Z] > git check-ignore -v -z --stdin [25ms]
[2022-10-21T21:25:50.955Z] > git symbolic-ref --short HEAD [8ms]
[2022-10-21T21:25:50.974Z] > git check-ignore -v -z --stdin [63ms]
[2022-10-21T21:25:50.977Z] > git for-each-ref --format=%(refname)%00%(upstream:short)%00%(objectname)%00%(upstream:track)%00%(upstream:remotename)%00%(upstream:remoteref) refs/heads/master refs/remotes/master [4ms]
[2022-10-21T21:25:51.114Z] > git remote --verbose [100ms]
[2022-10-21T21:25:51.115Z] > git for-each-ref --sort -committerdate --format %(refname) %(objectname) %(*objectname) [125ms]
[2022-10-21T21:25:51.154Z] > git fetch [1649ms]
[2022-10-21T21:25:51.165Z] > git config --get commit.template [11ms]
[2022-10-21T21:25:51.183Z] > git status -z -uall [21ms]
[2022-10-21T21:25:51.198Z] > git symbolic-ref --short HEAD [3ms]
[2022-10-21T21:25:51.199Z] fatal: ref HEAD is not a symbolic ref
[2022-10-21T21:25:51.350Z] > git rev-parse HEAD [137ms]
[2022-10-21T21:25:51.379Z] > git status -z -uall [197ms]
[2022-10-21T21:25:51.390Z] > git remote --verbose [21ms]
[2022-10-21T21:25:51.391Z] > git for-each-ref --sort -committerdate --format %(refname) %(objectname) %(*objectname) [30ms]
[2022-10-21T21:25:51.449Z] > git symbolic-ref --short HEAD [60ms]
[2022-10-21T21:25:51.461Z] > git config --get commit.template [57ms]
[2022-10-21T21:25:51.465Z] > git for-each-ref --format=%(refname)%00%(upstream:short)%00%(objectname)%00%(upstream:track)%00%(upstream:remotename)%00%(upstream:remoteref) refs/heads/master refs/remotes/master [8ms]
[2022-10-21T21:25:51.483Z] > git remote --verbose [4ms]
[2022-10-21T21:25:51.484Z] > git for-each-ref --sort -committerdate --format %(refname) %(objectname) %(*objectname) [11ms]
[2022-10-21T21:25:51.504Z] > git config --get commit.template [2ms]
[2022-10-21T21:25:52.655Z] > git status -z -uall [10ms]
[2022-10-21T21:25:52.863Z] > git symbolic-ref --short HEAD [193ms]
[2022-10-21T21:25:52.863Z] fatal: ref HEAD is not a symbolic ref
[2022-10-21T21:25:52.884Z] > git rev-parse HEAD [10ms]
[2022-10-21T21:25:52.966Z] > git remote --verbose [56ms]
[2022-10-21T21:25:52.968Z] > git for-each-ref --sort -committerdate --format %(refname) %(objectname) %(*objectname) [66ms]
[2022-10-21T21:25:53.035Z] > git config --get commit.template [28ms]
[2022-10-21T21:25:53.038Z] > git ls-files --stage -- /home/nunoamorim/ITI/server2.js [49ms]
[2022-10-21T21:25:53.051Z] > git cat-file -s 3d102245461f76cf1038abdfe8d11df2111d4f53 [3ms]
[2022-10-21T21:25:53.143Z] > git show --textconv :ITI/server2.js [13ms]
[2022-10-21T21:25:53.644Z] > git config --local branch.master.github-pr-owner-number [265ms]
[2022-10-21T21:25:57.920Z] > git status -z -uall [204ms]
[2022-10-21T21:25:57.928Z] > git symbolic-ref --short HEAD [2ms]
[2022-10-21T21:25:57.936Z] > git for-each-ref --format=%(refname)%00%(upstream:short)%00%(objectname)%00%(upstream:track)%00%(upstream:remotename)%00%(upstream:remoteref) refs/heads/master refs/remotes/master [2ms]
[2022-10-21T21:25:57.953Z] > git remote --verbose [2ms]
[2022-10-21T21:25:57.953Z] > git for-each-ref --sort -committerdate --format %(refname) %(objectname) %(*objectname) [11ms]
[2022-10-21T21:25:57.968Z] > git config --get commit.template [1ms]
[2022-10-21T21:26:03.136Z] > git status -z -uall [154ms]
[2022-10-21T21:26:03.150Z] > git symbolic-ref --short HEAD [2ms]
[2022-10-21T21:26:03.164Z] > git for-each-ref --format=%(refname)%00%(upstream:short)%00%(objectname)%00%(upstream:track)%00%(upstream:remotename)%00%(upstream:remoteref) refs/heads/master refs/remotes/master [3ms]
[2022-10-21T21:26:03.189Z] > git remote --verbose [3ms]
[2022-10-21T21:26:03.190Z] > git for-each-ref --sort -committerdate --format %(refname) %(objectname) %(*objectname) [14ms]
[2022-10-21T21:26:03.216Z] > git config --get commit.template [3ms]
[2022-10-21T21:26:08.394Z] > git status -z -uall [159ms]
[2022-10-21T21:26:08.407Z] > git symbolic-ref --short HEAD [5ms]
[2022-10-21T21:26:08.418Z] > git for-each-ref --format=%(refname)%00%(upstream:short)%00%(objectname)%00%(upstream:track)%00%(upstream:remotename)%00%(upstream:remoteref) refs/heads/master refs/remotes/master [3ms]
[2022-10-21T21:26:08.440Z] > git remote --verbose [2ms]
[2022-10-21T21:26:08.440Z] > git for-each-ref --sort -committerdate --format %(refname) %(objectname) %(*objectname) [12ms]
[2022-10-21T21:26:08.460Z] > git config --get commit.template [1ms]
[2022-10-21T21:26:13.590Z] > git status -z -uall [107ms]
[2022-10-21T21:26:13.599Z] > git symbolic-ref --short HEAD [2ms]
[2022-10-21T21:26:13.608Z] > git for-each-ref --format=%(refname)%00%(upstream:short)%00%(objectname)%00%(upstream:track)%00%(upstream:remotename)%00%(upstream:remoteref) refs/heads/master refs/remotes/master [1ms]
[2022-10-21T21:26:13.623Z] > git remote --verbose [2ms]
[2022-10-21T21:26:13.623Z] > git for-each-ref --sort -committerdate --format %(refname) %(objectname) %(*objectname) [8ms]
[2022-10-21T21:26:13.636Z] > git config --get commit.template [1ms]
[2022-10-21T21:26:18.886Z] > git status -z -uall [228ms]
[2022-10-21T21:26:18.911Z] > git symbolic-ref --short HEAD [6ms]
[2022-10-21T21:26:18.940Z] > git for-each-ref --format=%(refname)%00%(upstream:short)%00%(objectname)%00%(upstream:track)%00%(upstream:remotename)%00%(upstream:remoteref) refs/heads/master refs/remotes/master [9ms]
[2022-10-21T21:26:18.980Z] > git for-each-ref --sort -committerdate --format %(refname) %(objectname) %(*objectname) [21ms]
[2022-10-21T21:26:18.981Z] > git remote --verbose [6ms]
[2022-10-21T21:26:19.026Z] > git config --get commit.template [4ms]
[2022-10-21T21:26:24.280Z] > git status -z -uall [227ms]
[2022-10-21T21:26:24.302Z] > git symbolic-ref --short HEAD [3ms]
[2022-10-21T21:26:24.325Z] > git for-each-ref --format=%(refname)%00%(upstream:short)%00%(objectname)%00%(upstream:track)%00%(upstream:remotename)%00%(upstream:remoteref) refs/heads/master refs/remotes/master [5ms]
[2022-10-21T21:26:24.366Z] > git remote --verbose [6ms]
[2022-10-21T21:26:24.368Z] > git for-each-ref --sort -committerdate --format %(refname) %(objectname) %(*objectname) [25ms]
[2022-10-21T21:26:24.419Z] > git config --get commit.template [15ms]
[2022-10-21T21:26:29.689Z] > git status -z -uall [246ms]
[2022-10-21T21:26:29.713Z] > git symbolic-ref --short HEAD [4ms]
[2022-10-21T21:26:29.738Z] > git for-each-ref --format=%(refname)%00%(upstream:short)%00%(objectname)%00%(upstream:track)%00%(upstream:remotename)%00%(upstream:remoteref) refs/heads/master refs/remotes/master [5ms]
[2022-10-21T21:26:29.781Z] > git remote --verbose [5ms]
[2022-10-21T21:26:29.783Z] > git for-each-ref --sort -committerdate --format %(refname) %(objectname) %(*objectname) [25ms]
[2022-10-21T21:26:29.822Z] > git config --get commit.template [4ms]
[2022-10-21T21:26:35.044Z] > git status -z -uall [198ms]
[2022-10-21T21:26:35.056Z] > git symbolic-ref --short HEAD [2ms]
[2022-10-21T21:26:35.069Z] > git for-each-ref --format=%(refname)%00%(upstream:short)%00%(objectname)%00%(upstream:track)%00%(upstream:remotename)%00%(upstream:remoteref) refs/heads/master refs/remotes/master [2ms]
[2022-10-21T21:26:35.088Z] > git for-each-ref --sort -committerdate --format %(refname) %(objectname) %(*objectname) [10ms]
[2022-10-21T21:26:35.088Z] > git remote --verbose [2ms]
[2022-10-21T21:26:35.107Z] > git config --get commit.template [2ms]
[2022-10-21T21:26:40.345Z] > git status -z -uall [218ms]
[2022-10-21T21:26:40.361Z] > git symbolic-ref --short HEAD [4ms]
[2022-10-21T21:26:40.375Z] > git for-each-ref --format=%(refname)%00%(upstream:short)%00%(objectname)%00%(upstream:track)%00%(upstream:remotename)%00%(upstream:remoteref) refs/heads/master refs/remotes/master [3ms]
[2022-10-21T21:26:40.399Z] > git remote --verbose [3ms]
[2022-10-21T21:26:40.400Z] > git for-each-ref --sort -committerdate --format %(refname) %(objectname) %(*objectname) [14ms]
[2022-10-21T21:26:40.420Z] > git config --get commit.template [2ms]
[2022-10-21T21:26:45.672Z] > git status -z -uall [228ms]
[2022-10-21T21:26:45.694Z] > git symbolic-ref --short HEAD [6ms]
[2022-10-21T21:26:45.715Z] > git for-each-ref --format=%(refname)%00%(upstream:short)%00%(objectname)%00%(upstream:track)%00%(upstream:remotename)%00%(upstream:remoteref) refs/heads/master refs/remotes/master [6ms]
[2022-10-21T21:26:45.753Z] > git remote --verbose [6ms]
[2022-10-21T21:26:45.754Z] > git for-each-ref --sort -committerdate --format %(refname) %(objectname) %(*objectname) [24ms]
[2022-10-21T21:26:45.803Z] > git config --get commit.template [8ms]
[2022-10-21T21:26:51.064Z] > git status -z -uall [238ms]
[2022-10-21T21:26:51.084Z] > git symbolic-ref --short HEAD [5ms]
[2022-10-21T21:26:51.107Z] > git for-each-ref --format=%(refname)%00%(upstream:short)%00%(objectname)%00%(upstream:track)%00%(upstream:remotename)%00%(upstream:remoteref) refs/heads/master refs/remotes/master [7ms]
[2022-10-21T21:26:51.143Z] > git remote --verbose [6ms]
[2022-10-21T21:26:51.145Z] > git for-each-ref --sort -committerdate --format %(refname) %(objectname) %(*objectname) [22ms]
[2022-10-21T21:26:51.206Z] > git config --get commit.template [11ms]
[2022-10-21T21:26:56.378Z] > git status -z -uall [152ms]
[2022-10-21T21:26:56.389Z] > git symbolic-ref --short HEAD [2ms]
[2022-10-21T21:26:56.400Z] > git for-each-ref --format=%(refname)%00%(upstream:short)%00%(objectname)%00%(upstream:track)%00%(upstream:remotename)%00%(upstream:remoteref) refs/heads/master refs/remotes/master [2ms]
[2022-10-21T21:26:56.417Z] > git for-each-ref --sort -committerdate --format %(refname) %(objectname) %(*objectname) [9ms]
[2022-10-21T21:26:56.417Z] > git remote --verbose [2ms]
[2022-10-21T21:26:56.433Z] > git config --get commit.template [2ms]
[2022-10-21T21:27:01.661Z] > git status -z -uall [204ms]
[2022-10-21T21:27:01.674Z] > git symbolic-ref --short HEAD [3ms]
[2022-10-21T21:27:01.687Z] > git for-each-ref --format=%(refname)%00%(upstream:short)%00%(objectname)%00%(upstream:track)%00%(upstream:remotename)%00%(upstream:remoteref) refs/heads/master refs/remotes/master [2ms]
[2022-10-21T21:27:01.715Z] > git for-each-ref --sort -committerdate --format %(refname) %(objectname) %(*objectname) [16ms]
[2022-10-21T21:27:01.718Z] > git remote --verbose [9ms]
[2022-10-21T21:27:01.748Z] > git config --get commit.template [4ms]
[2022-10-21T21:27:06.848Z] > git status -z -uall [89ms]
[2022-10-21T21:27:06.855Z] > git symbolic-ref --short HEAD [2ms]
[2022-10-21T21:27:06.862Z] > git for-each-ref --format=%(refname)%00%(upstream:short)%00%(objectname)%00%(upstream:track)%00%(upstream:remotename)%00%(upstream:remoteref) refs/heads/master refs/remotes/master [1ms]
[2022-10-21T21:27:06.877Z] > git remote --verbose [2ms]
[2022-10-21T21:27:06.878Z] > git for-each-ref --sort -committerdate --format %(refname) %(objectname) %(*objectname) [9ms]
[2022-10-21T21:27:06.896Z] > git config --get commit.template [2ms]
[2022-10-21T21:27:12.097Z] > git status -z -uall [183ms]
[2022-10-21T21:27:12.113Z] > git symbolic-ref --short HEAD [3ms]
[2022-10-21T21:27:12.130Z] > git for-each-ref --format=%(refname)%00%(upstream:short)%00%(objectname)%00%(upstream:track)%00%(upstream:remotename)%00%(upstream:remoteref) refs/heads/master refs/remotes/master [3ms]
[2022-10-21T21:27:12.158Z] > git remote --verbose [4ms]
[2022-10-21T21:27:12.159Z] > git for-each-ref --sort -committerdate --format %(refname) %(objectname) %(*objectname) [16ms]
[2022-10-21T21:27:12.189Z] > git config --get commit.template [7ms]
[2022-10-21T21:27:17.368Z] > git status -z -uall [159ms]
[2022-10-21T21:27:17.378Z] > git symbolic-ref --short HEAD [2ms]
[2022-10-21T21:27:17.386Z] > git for-each-ref --format=%(refname)%00%(upstream:short)%00%(objectname)%00%(upstream:track)%00%(upstream:remotename)%00%(upstream:remoteref) refs/heads/master refs/remotes/master [1ms]
[2022-10-21T21:27:17.404Z] > git remote --verbose [2ms]
[2022-10-21T21:27:17.405Z] > git for-each-ref --sort -committerdate --format %(refname) %(objectname) %(*objectname) [11ms]
[2022-10-21T21:27:17.421Z] > git config --get commit.template [1ms]
[2022-10-21T21:27:22.606Z] > git status -z -uall [165ms]
[2022-10-21T21:27:22.617Z] > git symbolic-ref --short HEAD [3ms]
[2022-10-21T21:27:22.628Z] > git for-each-ref --format=%(refname)%00%(upstream:short)%00%(objectname)%00%(upstream:track)%00%(upstream:remotename)%00%(upstream:remoteref) refs/heads/master refs/remotes/master [2ms]
[2022-10-21T21:27:22.647Z] > git for-each-ref --sort -committerdate --format %(refname) %(objectname) %(*objectname) [10ms]
[2022-10-21T21:27:22.648Z] > git remote --verbose [3ms]
[2022-10-21T21:27:22.668Z] > git config --get commit.template [3ms]
[2022-10-21T21:27:27.746Z] > git status -z -uall [70ms]
[2022-10-21T21:27:27.753Z] > git symbolic-ref --short HEAD [1ms]
[2022-10-21T21:27:27.763Z] > git for-each-ref --format=%(refname)%00%(upstream:short)%00%(objectname)%00%(upstream:track)%00%(upstream:remotename)%00%(upstream:remoteref) refs/heads/master refs/remotes/master [3ms]
[2022-10-21T21:27:27.775Z] > git for-each-ref --sort -committerdate --format %(refname) %(objectname) %(*objectname) [7ms]
[2022-10-21T21:27:27.776Z] > git remote --verbose [2ms]
[2022-10-21T21:27:27.786Z] > git config --get commit.template [1ms]
[2022-10-21T21:27:33.057Z] > git status -z -uall [249ms]
[2022-10-21T21:27:33.080Z] > git symbolic-ref --short HEAD [4ms]
[2022-10-21T21:27:33.104Z] > git for-each-ref --format=%(refname)%00%(upstream:short)%00%(objectname)%00%(upstream:track)%00%(upstream:remotename)%00%(upstream:remoteref) refs/heads/master refs/remotes/master [4ms]
[2022-10-21T21:27:33.147Z] > git for-each-ref --sort -committerdate --format %(refname) %(objectname) %(*objectname) [25ms]
[2022-10-21T21:27:33.148Z] > git remote --verbose [6ms]
[2022-10-21T21:27:33.184Z] > git config --get commit.template [3ms]
[2022-10-21T21:27:38.451Z] > git status -z -uall [245ms]
[2022-10-21T21:27:38.479Z] > git symbolic-ref --short HEAD [11ms]
[2022-10-21T21:27:38.510Z] > git for-each-ref --format=%(refname)%00%(upstream:short)%00%(objectname)%00%(upstream:track)%00%(upstream:remotename)%00%(upstream:remoteref) refs/heads/master refs/remotes/master [5ms]
[2022-10-21T21:27:38.555Z] > git for-each-ref --sort -committerdate --format %(refname) %(objectname) %(*objectname) [27ms]
[2022-10-21T21:27:38.558Z] > git remote --verbose [8ms]
[2022-10-21T21:27:38.619Z] > git config --get commit.template [14ms]
[2022-10-21T21:27:43.909Z] > git status -z -uall [263ms]
[2022-10-21T21:27:43.930Z] > git symbolic-ref --short HEAD [4ms]
[2022-10-21T21:27:43.953Z] > git for-each-ref --format=%(refname)%00%(upstream:short)%00%(objectname)%00%(upstream:track)%00%(upstream:remotename)%00%(upstream:remoteref) refs/heads/master refs/remotes/master [4ms]
[2022-10-21T21:27:43.995Z] > git for-each-ref --sort -committerdate --format %(refname) %(objectname) %(*objectname) [24ms]
[2022-10-21T21:27:43.997Z] > git remote --verbose [6ms]
[2022-10-21T21:27:44.041Z] > git config --get commit.template [14ms]
[2022-10-21T21:27:49.320Z] > git status -z -uall [256ms]
[2022-10-21T21:27:49.354Z] > git symbolic-ref --short HEAD [5ms]
[2022-10-21T21:27:49.381Z] > git for-each-ref --format=%(refname)%00%(upstream:short)%00%(objectname)%00%(upstream:track)%00%(upstream:remotename)%00%(upstream:remoteref) refs/heads/master refs/remotes/master [5ms]
[2022-10-21T21:27:49.427Z] > git remote --verbose [6ms]
[2022-10-21T21:27:49.432Z] > git for-each-ref --sort -committerdate --format %(refname) %(objectname) %(*objectname) [30ms]
[2022-10-21T21:27:49.492Z] > git config --get commit.template [23ms]
[2022-10-21T21:27:54.735Z] > git status -z -uall [217ms]
[2022-10-21T21:27:54.748Z] > git symbolic-ref --short HEAD [2ms]
[2022-10-21T21:27:54.762Z] > git for-each-ref --format=%(refname)%00%(upstream:short)%00%(objectname)%00%(upstream:track)%00%(upstream:remotename)%00%(upstream:remoteref) refs/heads/master refs/remotes/master [3ms]
[2022-10-21T21:27:54.785Z] > git remote --verbose [2ms]
[2022-10-21T21:27:54.788Z] > git for-each-ref --sort -committerdate --format %(refname) %(objectname) %(*objectname) [16ms]
[2022-10-21T21:27:54.810Z] > git config --get commit.template [4ms]
[2022-10-21T21:28:00.115Z] > git status -z -uall [282ms]
[2022-10-21T21:28:00.143Z] > git symbolic-ref --short HEAD [8ms]
[2022-10-21T21:28:00.169Z] > git for-each-ref --format=%(refname)%00%(upstream:short)%00%(objectname)%00%(upstream:track)%00%(upstream:remotename)%00%(upstream:remoteref) refs/heads/master refs/remotes/master [7ms]
[2022-10-21T21:28:00.219Z] > git remote --verbose [9ms]
[2022-10-21T21:28:00.221Z] > git for-each-ref --sort -committerdate --format %(refname) %(objectname) %(*objectname) [34ms]
[2022-10-21T21:28:00.279Z] > git config --get commit.template [8ms]
[2022-10-21T21:28:05.541Z] > git status -z -uall [237ms]
[2022-10-21T21:28:05.563Z] > git symbolic-ref --short HEAD [3ms]
[2022-10-21T21:28:05.585Z] > git for-each-ref --format=%(refname)%00%(upstream:short)%00%(objectname)%00%(upstream:track)%00%(upstream:remotename)%00%(upstream:remoteref) refs/heads/master refs/remotes/master [5ms]
[2022-10-21T21:28:05.625Z] > git for-each-ref --sort -committerdate --format %(refname) %(objectname) %(*objectname) [22ms]
[2022-10-21T21:28:05.627Z] > git remote --verbose [6ms]
[2022-10-21T21:28:05.685Z] > git config --get commit.template [16ms]
[2022-10-21T21:28:10.950Z] > git status -z -uall [241ms]
[2022-10-21T21:28:10.973Z] > git symbolic-ref --short HEAD [5ms]
[2022-10-21T21:28:10.997Z] > git for-each-ref --format=%(refname)%00%(upstream:short)%00%(objectname)%00%(upstream:track)%00%(upstream:remotename)%00%(upstream:remoteref) refs/heads/master refs/remotes/master [5ms]
[2022-10-21T21:28:11.036Z] > git for-each-ref --sort -committerdate --format %(refname) %(objectname) %(*objectname) [22ms]
[2022-10-21T21:28:11.038Z] > git remote --verbose [6ms]
[2022-10-21T21:28:11.080Z] > git config --get commit.template [10ms]
[2022-10-21T21:28:16.314Z] > git status -z -uall [214ms]
[2022-10-21T21:28:16.337Z] > git symbolic-ref --short HEAD [5ms]
[2022-10-21T21:28:16.361Z] > git for-each-ref --format=%(refname)%00%(upstream:short)%00%(objectname)%00%(upstream:track)%00%(upstream:remotename)%00%(upstream:remoteref) refs/heads/master refs/remotes/master [5ms]
[2022-10-21T21:28:16.411Z] > git for-each-ref --sort -committerdate --format %(refname) %(objectname) %(*objectname) [34ms]
[2022-10-21T21:28:16.413Z] > git remote --verbose [18ms]
[2022-10-21T21:28:16.456Z] > git config --get commit.template [6ms]
[2022-10-21T21:28:21.612Z] > git status -z -uall [141ms]
[2022-10-21T21:28:21.628Z] > git symbolic-ref --short HEAD [4ms]
[2022-10-21T21:28:21.647Z] > git for-each-ref --format=%(refname)%00%(upstream:short)%00%(objectname)%00%(upstream:track)%00%(upstream:remotename)%00%(upstream:remoteref) refs/heads/master refs/remotes/master [4ms]
[2022-10-21T21:28:21.677Z] > git for-each-ref --sort -committerdate --format %(refname) %(objectname) %(*objectname) [18ms]
[2022-10-21T21:28:21.678Z] > git remote --verbose [5ms]
[2022-10-21T21:28:21.736Z] > git config --get commit.template [9ms]
[2022-10-21T21:28:26.914Z] > git status -z -uall [151ms]
[2022-10-21T21:28:26.924Z] > git symbolic-ref --short HEAD [1ms]
[2022-10-21T21:28:26.935Z] > git for-each-ref --format=%(refname)%00%(upstream:short)%00%(objectname)%00%(upstream:track)%00%(upstream:remotename)%00%(upstream:remoteref) refs/heads/master refs/remotes/master [2ms]
[2022-10-21T21:28:26.953Z] > git for-each-ref --sort -committerdate --format %(refname) %(objectname) %(*objectname) [10ms]
[2022-10-21T21:28:26.953Z] > git remote --verbose [2ms]
[2022-10-21T21:28:26.971Z] > git config --get commit.template [1ms]
[2022-10-21T21:28:32.215Z] > git status -z -uall [221ms]
[2022-10-21T21:28:32.236Z] > git symbolic-ref --short HEAD [4ms]
[2022-10-21T21:28:32.260Z] > git for-each-ref --format=%(refname)%00%(upstream:short)%00%(objectname)%00%(upstream:track)%00%(upstream:remotename)%00%(upstream:remoteref) refs/heads/master refs/remotes/master [6ms]
[2022-10-21T21:28:32.298Z] > git for-each-ref --sort -committerdate --format %(refname) %(objectname) %(*objectname) [21ms]
[2022-10-21T21:28:32.300Z] > git remote --verbose [6ms]
[2022-10-21T21:28:32.343Z] > git config --get commit.template [5ms]
[2022-10-21T21:29:01.324Z] > git status -z -uall [87ms]
[2022-10-21T21:29:01.332Z] > git symbolic-ref --short HEAD [1ms]
[2022-10-21T21:29:01.340Z] > git for-each-ref --format=%(refname)%00%(upstream:short)%00%(objectname)%00%(upstream:track)%00%(upstream:remotename)%00%(upstream:remoteref) refs/heads/master refs/remotes/master [2ms]
[2022-10-21T21:29:01.356Z] > git remote --verbose [4ms]
[2022-10-21T21:29:01.357Z] > git for-each-ref --sort -committerdate --format %(refname) %(objectname) %(*objectname) [11ms]
[2022-10-21T21:29:01.369Z] > git config --get commit.template [1ms]
[2022-10-21T21:29:01.663Z] > git fetch [434ms]
[2022-10-21T21:29:01.969Z] > git status -z -uall [284ms]
[2022-10-21T21:29:01.996Z] > git symbolic-ref --short HEAD [5ms]
[2022-10-21T21:29:02.025Z] > git for-each-ref --format=%(refname)%00%(upstream:short)%00%(objectname)%00%(upstream:track)%00%(upstream:remotename)%00%(upstream:remoteref) refs/heads/master refs/remotes/master [8ms]
[2022-10-21T21:29:02.067Z] > git for-each-ref --sort -committerdate --format %(refname) %(objectname) %(*objectname) [23ms]
[2022-10-21T21:29:02.070Z] > git fetch [848ms]
[2022-10-21T21:29:02.092Z] > git remote --verbose [31ms]
[2022-10-21T21:29:02.128Z] > git status -z -uall [38ms]
[2022-10-21T21:29:02.161Z] > git config --get commit.template [34ms]
[2022-10-21T21:29:02.171Z] > git symbolic-ref --short HEAD [14ms]
[2022-10-21T21:29:02.171Z] fatal: ref HEAD is not a symbolic ref
[2022-10-21T21:29:02.268Z] > git rev-parse HEAD [77ms]
[2022-10-21T21:29:02.316Z] > git remote --verbose [10ms]
[2022-10-21T21:29:02.318Z] > git for-each-ref --sort -committerdate --format %(refname) %(objectname) %(*objectname) [31ms]
[2022-10-21T21:29:02.349Z] > git config --get commit.template [5ms]
[2022-10-21T21:29:03.470Z] > git ls-files --stage -- /home/nunoamorim/ITI/server2.js [22ms]
[2022-10-21T21:29:03.495Z] > git cat-file -s 3d102245461f76cf1038abdfe8d11df2111d4f53 [5ms]
[2022-10-21T21:29:03.547Z] > git show --textconv :ITI/server2.js [19ms]
[2022-10-21T21:29:06.614Z] > git status -z -uall [212ms]
[2022-10-21T21:29:06.632Z] > git symbolic-ref --short HEAD [3ms]
[2022-10-21T21:29:06.653Z] > git for-each-ref --format=%(refname)%00%(upstream:short)%00%(objectname)%00%(upstream:track)%00%(upstream:remotename)%00%(upstream:remoteref) refs/heads/master refs/remotes/master [5ms]
[2022-10-21T21:29:06.686Z] > git remote --verbose [4ms]
[2022-10-21T21:29:06.687Z] > git for-each-ref --sort -committerdate --format %(refname) %(objectname) %(*objectname) [20ms]
[2022-10-21T21:29:06.721Z] > git config --get commit.template [4ms]
[2022-10-21T21:29:11.955Z] > git status -z -uall [218ms]
[2022-10-21T21:29:11.978Z] > git symbolic-ref --short HEAD [9ms]
[2022-10-21T21:29:11.995Z] > git for-each-ref --format=%(refname)%00%(upstream:short)%00%(objectname)%00%(upstream:track)%00%(upstream:remotename)%00%(upstream:remoteref) refs/heads/master refs/remotes/master [4ms]
[2022-10-21T21:29:12.016Z] > git for-each-ref --sort -committerdate --format %(refname) %(objectname) %(*objectname) [9ms]
[2022-10-21T21:29:12.017Z] > git remote --verbose [2ms]
[2022-10-21T21:29:12.031Z] > git config --get commit.template [2ms]
[2022-10-21T21:29:17.310Z] > git status -z -uall [258ms]
[2022-10-21T21:29:17.332Z] > git symbolic-ref --short HEAD [4ms]
[2022-10-21T21:29:17.353Z] > git for-each-ref --format=%(refname)%00%(upstream:short)%00%(objectname)%00%(upstream:track)%00%(upstream:remotename)%00%(upstream:remoteref) refs/heads/master refs/remotes/master [5ms]
[2022-10-21T21:29:17.390Z] > git remote --verbose [4ms]
[2022-10-21T21:29:17.391Z] > git for-each-ref --sort -committerdate --format %(refname) %(objectname) %(*objectname) [22ms]
[2022-10-21T21:29:17.428Z] > git config --get commit.template [5ms]
[2022-10-21T21:29:22.544Z] > git status -z -uall [105ms]
[2022-10-21T21:29:22.555Z] > git symbolic-ref --short HEAD [2ms]
[2022-10-21T21:29:22.568Z] > git for-each-ref --format=%(refname)%00%(upstream:short)%00%(objectname)%00%(upstream:track)%00%(upstream:remotename)%00%(upstream:remoteref) refs/heads/master refs/remotes/master [3ms]
[2022-10-21T21:29:22.587Z] > git for-each-ref --sort -committerdate --format %(refname) %(objectname) %(*objectname) [12ms]
[2022-10-21T21:29:22.588Z] > git remote --verbose [4ms]
[2022-10-21T21:29:22.610Z] > git config --get commit.template [3ms]
[2022-10-21T21:29:27.870Z] > git status -z -uall [238ms]
[2022-10-21T21:29:27.892Z] > git symbolic-ref --short HEAD [4ms]
[2022-10-21T21:29:27.912Z] > git for-each-ref --format=%(refname)%00%(upstream:short)%00%(objectname)%00%(upstream:track)%00%(upstream:remotename)%00%(upstream:remoteref) refs/heads/master refs/remotes/master [4ms]
[2022-10-21T21:29:27.952Z] > git remote --verbose [10ms]
[2022-10-21T21:29:27.953Z] > git for-each-ref --sort -committerdate --format %(refname) %(objectname) %(*objectname) [26ms]
[2022-10-21T21:29:28.008Z] > git config --get commit.template [16ms]
[2022-10-21T21:29:33.241Z] > git status -z -uall [208ms]
[2022-10-21T21:29:33.251Z] > git symbolic-ref --short HEAD [2ms]
[2022-10-21T21:29:33.263Z] > git for-each-ref --format=%(refname)%00%(upstream:short)%00%(objectname)%00%(upstream:track)%00%(upstream:remotename)%00%(upstream:remoteref) refs/heads/master refs/remotes/master [3ms]
[2022-10-21T21:29:33.281Z] > git for-each-ref --sort -committerdate --format %(refname) %(objectname) %(*objectname) [10ms]
[2022-10-21T21:29:33.282Z] > git remote --verbose [3ms]
[2022-10-21T21:29:33.301Z] > git config --get commit.template [2ms]
[2022-10-21T21:29:38.420Z] > git status -z -uall [105ms]
[2022-10-21T21:29:38.431Z] > git symbolic-ref --short HEAD [2ms]
[2022-10-21T21:29:38.445Z] > git for-each-ref --format=%(refname)%00%(upstream:short)%00%(objectname)%00%(upstream:track)%00%(upstream:remotename)%00%(upstream:remoteref) refs/heads/master refs/remotes/master [5ms]
[2022-10-21T21:29:38.714Z] > git remote --verbose [247ms]
[2022-10-21T21:29:38.714Z] > git for-each-ref --sort -committerdate --format %(refname) %(objectname) %(*objectname) [259ms]
[2022-10-21T21:29:38.729Z] > git config --get commit.template [1ms]
[2022-10-21T21:29:39.079Z] > git show --textconv :ITI/index.html [37ms]
[2022-10-21T21:29:39.079Z] > git ls-files --stage -- /home/nunoamorim/ITI/index.html [27ms]
[2022-10-21T21:29:39.090Z] > git cat-file -s b036d1f479fea4eb2669ff017f7640643f836f89 [2ms]
[2022-10-21T21:29:43.946Z] > git status -z -uall [196ms]
[2022-10-21T21:29:43.964Z] > git symbolic-ref --short HEAD [3ms]
[2022-10-21T21:29:43.983Z] > git for-each-ref --format=%(refname)%00%(upstream:short)%00%(objectname)%00%(upstream:track)%00%(upstream:remotename)%00%(upstream:remoteref) refs/heads/master refs/remotes/master [4ms]
[2022-10-21T21:29:44.018Z] > git remote --verbose [5ms]
[2022-10-21T21:29:44.019Z] > git for-each-ref --sort -committerdate --format %(refname) %(objectname) %(*objectname) [22ms]
[2022-10-21T21:29:44.052Z] > git config --get commit.template [3ms]
[2022-10-21T21:29:49.283Z] > git status -z -uall [211ms]
[2022-10-21T21:29:49.304Z] > git symbolic-ref --short HEAD [4ms]
[2022-10-21T21:29:49.326Z] > git for-each-ref --format=%(refname)%00%(upstream:short)%00%(objectname)%00%(upstream:track)%00%(upstream:remotename)%00%(upstream:remoteref) refs/heads/master refs/remotes/master [5ms]
[2022-10-21T21:29:49.362Z] > git for-each-ref --sort -committerdate --format %(refname) %(objectname) %(*objectname) [20ms]
[2022-10-21T21:29:49.363Z] > git remote --verbose [5ms]
[2022-10-21T21:29:49.395Z] > git config --get commit.template [3ms]
[2022-10-21T21:29:54.662Z] > git status -z -uall [243ms]
[2022-10-21T21:29:54.673Z] > git symbolic-ref --short HEAD [2ms]
[2022-10-21T21:29:54.684Z] > git for-each-ref --format=%(refname)%00%(upstream:short)%00%(objectname)%00%(upstream:track)%00%(upstream:remotename)%00%(upstream:remoteref) refs/heads/master refs/remotes/master [2ms]
[2022-10-21T21:29:54.704Z] > git remote --verbose [3ms]
[2022-10-21T21:29:54.705Z] > git for-each-ref --sort -committerdate --format %(refname) %(objectname) %(*objectname) [12ms]
[2022-10-21T21:29:54.724Z] > git config --get commit.template [5ms]
[2022-10-21T21:29:59.962Z] > git status -z -uall [216ms]
[2022-10-21T21:29:59.986Z] > git symbolic-ref --short HEAD [5ms]
[2022-10-21T21:30:00.015Z] > git for-each-ref --format=%(refname)%00%(upstream:short)%00%(objectname)%00%(upstream:track)%00%(upstream:remotename)%00%(upstream:remoteref) refs/heads/master refs/remotes/master [9ms]
[2022-10-21T21:30:00.071Z] > git remote --verbose [6ms]
[2022-10-21T21:30:00.073Z] > git for-each-ref --sort -committerdate --format %(refname) %(objectname) %(*objectname) [32ms]
[2022-10-21T21:30:00.135Z] > git config --get commit.template [15ms]
[2022-10-21T21:30:05.328Z] > git status -z -uall [172ms]
[2022-10-21T21:30:05.339Z] > git symbolic-ref --short HEAD [2ms]
[2022-10-21T21:30:05.349Z] > git for-each-ref --format=%(refname)%00%(upstream:short)%00%(objectname)%00%(upstream:track)%00%(upstream:remotename)%00%(upstream:remoteref) refs/heads/master refs/remotes/master [2ms]
[2022-10-21T21:30:05.371Z] > git remote --verbose [4ms]
[2022-10-21T21:30:05.372Z] > git for-each-ref --sort -committerdate --format %(refname) %(objectname) %(*objectname) [14ms]
[2022-10-21T21:30:05.403Z] > git config --get commit.template [3ms]
[2022-10-21T21:30:07.696Z] > git show --textconv :ITI/server2.js [29ms]
[2022-10-21T21:30:07.712Z] > git ls-files --stage -- /home/nunoamorim/ITI/server2.js [25ms]
[2022-10-21T21:30:07.750Z] > git cat-file -s 3d102245461f76cf1038abdfe8d11df2111d4f53 [14ms]
[2022-10-21T21:30:10.687Z] > git status -z -uall [260ms]
[2022-10-21T21:30:10.709Z] > git symbolic-ref --short HEAD [5ms]
[2022-10-21T21:30:10.743Z] > git for-each-ref --format=%(refname)%00%(upstream:short)%00%(objectname)%00%(upstream:track)%00%(upstream:remotename)%00%(upstream:remoteref) refs/heads/master refs/remotes/master [9ms]
[2022-10-21T21:30:10.782Z] > git for-each-ref --sort -committerdate --format %(refname) %(objectname) %(*objectname) [22ms]
[2022-10-21T21:30:10.784Z] > git remote --verbose [7ms]
[2022-10-21T21:30:10.827Z] > git config --get commit.template [5ms]
[2022-10-21T21:30:34.217Z] > git status -z -uall [92ms]
[2022-10-21T21:30:34.226Z] > git symbolic-ref --short HEAD [1ms]
[2022-10-21T21:30:34.234Z] > git for-each-ref --format=%(refname)%00%(upstream:short)%00%(objectname)%00%(upstream:track)%00%(upstream:remotename)%00%(upstream:remoteref) refs/heads/master refs/remotes/master [1ms]
[2022-10-21T21:30:34.250Z] > git remote --verbose [2ms]
[2022-10-21T21:30:34.250Z] > git for-each-ref --sort -committerdate --format %(refname) %(objectname) %(*objectname) [8ms]
[2022-10-21T21:30:34.267Z] > git config --get commit.template [2ms]
[2022-10-21T21:31:37.166Z] > git status -z -uall [137ms]
[2022-10-21T21:31:37.177Z] > git symbolic-ref --short HEAD [2ms]
[2022-10-21T21:31:37.190Z] > git for-each-ref --format=%(refname)%00%(upstream:short)%00%(objectname)%00%(upstream:track)%00%(upstream:remotename)%00%(upstream:remoteref) refs/heads/master refs/remotes/master [2ms]
[2022-10-21T21:31:37.208Z] > git for-each-ref --sort -committerdate --format %(refname) %(objectname) %(*objectname) [9ms]
[2022-10-21T21:31:37.208Z] > git remote --verbose [2ms]
[2022-10-21T21:31:37.225Z] > git config --get commit.template [2ms]
[2022-10-21T21:31:42.339Z] > git status -z -uall [101ms]
[2022-10-21T21:31:42.347Z] > git symbolic-ref --short HEAD [2ms]
[2022-10-21T21:31:42.358Z] > git for-each-ref --format=%(refname)%00%(upstream:short)%00%(objectname)%00%(upstream:track)%00%(upstream:remotename)%00%(upstream:remoteref) refs/heads/master refs/remotes/master [2ms]
[2022-10-21T21:31:42.372Z] > git remote --verbose [1ms]
[2022-10-21T21:31:42.375Z] > git for-each-ref --sort -committerdate --format %(refname) %(objectname) %(*objectname) [10ms]
[2022-10-21T21:31:42.387Z] > git config --get commit.template [1ms]
[2022-10-21T21:31:54.029Z] > git status -z -uall [123ms]
[2022-10-21T21:31:54.039Z] > git symbolic-ref --short HEAD [2ms]
[2022-10-21T21:31:54.051Z] > git for-each-ref --format=%(refname)%00%(upstream:short)%00%(objectname)%00%(upstream:track)%00%(upstream:remotename)%00%(upstream:remoteref) refs/heads/master refs/remotes/master [2ms]
[2022-10-21T21:31:54.074Z] > git remote --verbose [1ms]
[2022-10-21T21:31:54.076Z] > git for-each-ref --sort -committerdate --format %(refname) %(objectname) %(*objectname) [16ms]
[2022-10-21T21:31:54.098Z] > git config --get commit.template [2ms]
[2022-10-21T21:31:59.398Z] > git status -z -uall [152ms]
[2022-10-21T21:31:59.405Z] > git symbolic-ref --short HEAD [1ms]
[2022-10-21T21:31:59.415Z] > git for-each-ref --format=%(refname)%00%(upstream:short)%00%(objectname)%00%(upstream:track)%00%(upstream:remotename)%00%(upstream:remoteref) refs/heads/master refs/remotes/master [2ms]
[2022-10-21T21:31:59.433Z] > git for-each-ref --sort -committerdate --format %(refname) %(objectname) %(*objectname) [12ms]
[2022-10-21T21:31:59.434Z] > git remote --verbose [4ms]
[2022-10-21T21:31:59.450Z] > git config --get commit.template [2ms]
[2022-10-21T21:32:02.721Z] > git fetch [531ms]
[2022-10-21T21:32:02.963Z] > git status -z -uall [225ms]
[2022-10-21T21:32:02.971Z] > git symbolic-ref --short HEAD [1ms]
[2022-10-21T21:32:02.981Z] > git for-each-ref --format=%(refname)%00%(upstream:short)%00%(objectname)%00%(upstream:track)%00%(upstream:remotename)%00%(upstream:remoteref) refs/heads/master refs/remotes/master [2ms]
[2022-10-21T21:32:02.996Z] > git for-each-ref --sort -committerdate --format %(refname) %(objectname) %(*objectname) [8ms]
[2022-10-21T21:32:02.997Z] > git remote --verbose [2ms]
[2022-10-21T21:32:03.014Z] > git config --get commit.template [2ms]
[2022-10-21T21:32:03.269Z] > git fetch [887ms]
[2022-10-21T21:32:03.302Z] > git status -z -uall [12ms]
[2022-10-21T21:32:03.326Z] > git symbolic-ref --short HEAD [4ms]
[2022-10-21T21:32:03.326Z] fatal: ref HEAD is not a symbolic ref
[2022-10-21T21:32:03.354Z] > git rev-parse HEAD [6ms]
[2022-10-21T21:32:03.405Z] > git remote --verbose [6ms]
[2022-10-21T21:32:03.409Z] > git for-each-ref --sort -committerdate --format %(refname) %(objectname) %(*objectname) [34ms]
[2022-10-21T21:32:03.448Z] > git config --get commit.template [9ms]
[2022-10-21T21:32:04.720Z] > git status -z -uall [244ms]
[2022-10-21T21:32:04.743Z] > git ls-files --stage -- /home/nunoamorim/ITI/server2.js [25ms]
[2022-10-21T21:32:04.768Z] > git symbolic-ref --short HEAD [28ms]
[2022-10-21T21:32:04.788Z] > git cat-file -s 3d102245461f76cf1038abdfe8d11df2111d4f53 [23ms]
[2022-10-21T21:32:04.792Z] > git for-each-ref --format=%(refname)%00%(upstream:short)%00%(objectname)%00%(upstream:track)%00%(upstream:remotename)%00%(upstream:remoteref) refs/heads/master refs/remotes/master [5ms]
[2022-10-21T21:32:04.847Z] > git for-each-ref --sort -committerdate --format %(refname) %(objectname) %(*objectname) [37ms]
[2022-10-21T21:32:04.849Z] > git remote --verbose [8ms]
[2022-10-21T21:32:04.933Z] > git show --textconv :ITI/server2.js [36ms]
[2022-10-21T21:32:04.937Z] > git config --get commit.template [14ms]
[2022-10-21T21:32:10.188Z] > git status -z -uall [229ms]
[2022-10-21T21:32:10.217Z] > git symbolic-ref --short HEAD [8ms]
[2022-10-21T21:32:10.253Z] > git for-each-ref --format=%(refname)%00%(upstream:short)%00%(objectname)%00%(upstream:track)%00%(upstream:remotename)%00%(upstream:remoteref) refs/heads/master refs/remotes/master [8ms]
[2022-10-21T21:32:10.305Z] > git remote --verbose [7ms]
[2022-10-21T21:32:10.307Z] > git for-each-ref --sort -committerdate --format %(refname) %(objectname) %(*objectname) [30ms]
[2022-10-21T21:32:10.381Z] > git config --get commit.template [10ms]
[2022-10-21T21:32:20.030Z] > git status -z -uall [311ms]
[2022-10-21T21:32:20.059Z] > git symbolic-ref --short HEAD [7ms]
[2022-10-21T21:32:20.091Z] > git for-each-ref --format=%(refname)%00%(upstream:short)%00%(objectname)%00%(upstream:track)%00%(upstream:remotename)%00%(upstream:remoteref) refs/heads/master refs/remotes/master [6ms]
[2022-10-21T21:32:20.143Z] > git for-each-ref --sort -committerdate --format %(refname) %(objectname) %(*objectname) [27ms]
[2022-10-21T21:32:20.147Z] > git remote --verbose [8ms]
[2022-10-21T21:32:20.195Z] > git config --get commit.template [4ms]
[2022-10-21T21:32:25.524Z] > git status -z -uall [296ms]
[2022-10-21T21:32:25.558Z] > git symbolic-ref --short HEAD [9ms]
[2022-10-21T21:32:25.586Z] > git for-each-ref --format=%(refname)%00%(upstream:short)%00%(objectname)%00%(upstream:track)%00%(upstream:remotename)%00%(upstream:remoteref) refs/heads/master refs/remotes/master [4ms]
[2022-10-21T21:32:25.639Z] > git for-each-ref --sort -committerdate --format %(refname) %(objectname) %(*objectname) [29ms]
[2022-10-21T21:32:25.642Z] > git remote --verbose [10ms]
[2022-10-21T21:32:25.687Z] > git config --get commit.template [4ms]
[2022-10-21T21:32:49.866Z] > git status -z -uall [127ms]
[2022-10-21T21:32:49.879Z] > git symbolic-ref --short HEAD [2ms]
[2022-10-21T21:32:49.892Z] > git for-each-ref --format=%(refname)%00%(upstream:short)%00%(objectname)%00%(upstream:track)%00%(upstream:remotename)%00%(upstream:remoteref) refs/heads/master refs/remotes/master [3ms]
[2022-10-21T21:32:49.914Z] > git remote --verbose [2ms]
[2022-10-21T21:32:49.914Z] > git for-each-ref --sort -committerdate --format %(refname) %(objectname) %(*objectname) [13ms]
[2022-10-21T21:32:49.938Z] > git config --get commit.template [3ms]
[2022-10-21T21:32:55.262Z] > git status -z -uall [299ms]
[2022-10-21T21:32:55.289Z] > git symbolic-ref --short HEAD [5ms]
[2022-10-21T21:32:55.316Z] > git for-each-ref --format=%(refname)%00%(upstream:short)%00%(objectname)%00%(upstream:track)%00%(upstream:remotename)%00%(upstream:remoteref) refs/heads/master refs/remotes/master [6ms]
[2022-10-21T21:32:55.373Z] > git remote --verbose [8ms]
[2022-10-21T21:32:55.374Z] > git for-each-ref --sort -committerdate --format %(refname) %(objectname) %(*objectname) [36ms]
[2022-10-21T21:32:55.421Z] > git config --get commit.template [5ms]
[2022-10-21T21:33:00.632Z] > git status -z -uall [150ms]
[2022-10-21T21:33:00.642Z] > git symbolic-ref --short HEAD [1ms]
[2022-10-21T21:33:00.655Z] > git for-each-ref --format=%(refname)%00%(upstream:short)%00%(objectname)%00%(upstream:track)%00%(upstream:remotename)%00%(upstream:remoteref) refs/heads/master refs/remotes/master [2ms]
[2022-10-21T21:33:00.676Z] > git for-each-ref --sort -committerdate --format %(refname) %(objectname) %(*objectname) [12ms]
[2022-10-21T21:33:00.676Z] > git remote --verbose [3ms]
[2022-10-21T21:33:00.694Z] > git config --get commit.template [3ms]
[2022-10-21T21:33:05.998Z] > git status -z -uall [280ms]
[2022-10-21T21:33:06.029Z] > git symbolic-ref --short HEAD [4ms]
[2022-10-21T21:33:06.057Z] > git for-each-ref --format=%(refname)%00%(upstream:short)%00%(objectname)%00%(upstream:track)%00%(upstream:remotename)%00%(upstream:remoteref) refs/heads/master refs/remotes/master [6ms]
[2022-10-21T21:33:06.105Z] > git for-each-ref --sort -committerdate --format %(refname) %(objectname) %(*objectname) [25ms]
[2022-10-21T21:33:06.106Z] > git remote --verbose [6ms]
[2022-10-21T21:33:06.159Z] > git config --get commit.template [10ms]
[2022-10-21T21:33:11.442Z] > git status -z -uall [257ms]
[2022-10-21T21:33:11.471Z] > git symbolic-ref --short HEAD [6ms]
[2022-10-21T21:33:11.501Z] > git for-each-ref --format=%(refname)%00%(upstream:short)%00%(objectname)%00%(upstream:track)%00%(upstream:remotename)%00%(upstream:remoteref) refs/heads/master refs/remotes/master [7ms]
[2022-10-21T21:33:11.554Z] > git for-each-ref --sort -committerdate --format %(refname) %(objectname) %(*objectname) [29ms]
[2022-10-21T21:33:11.557Z] > git remote --verbose [8ms]
[2022-10-21T21:33:11.621Z] > git config --get commit.template [17ms]
[2022-10-21T21:33:16.616Z] > git show --textconv :ITI/server.js [24ms]
[2022-10-21T21:33:16.620Z] > git ls-files --stage -- /home/nunoamorim/ITI/server.js [13ms]
[2022-10-21T21:33:16.647Z] > git cat-file -s ae73d099347a06c301d7864253f9c3b9192f54cf [14ms]
[2022-10-21T21:33:16.763Z] > git status -z -uall [117ms]
[2022-10-21T21:33:16.772Z] > git symbolic-ref --short HEAD [2ms]
[2022-10-21T21:33:16.781Z] > git for-each-ref --format=%(refname)%00%(upstream:short)%00%(objectname)%00%(upstream:track)%00%(upstream:remotename)%00%(upstream:remoteref) refs/heads/master refs/remotes/master [2ms]
[2022-10-21T21:33:16.799Z] > git remote --verbose [4ms]
[2022-10-21T21:33:16.799Z] > git for-each-ref --sort -committerdate --format %(refname) %(objectname) %(*objectname) [10ms]
[2022-10-21T21:33:16.811Z] > git config --get commit.template [1ms]
[2022-10-21T21:33:22.079Z] > git status -z -uall [244ms]
[2022-10-21T21:33:22.113Z] > git symbolic-ref --short HEAD [9ms]
[2022-10-21T21:33:22.142Z] > git for-each-ref --format=%(refname)%00%(upstream:short)%00%(objectname)%00%(upstream:track)%00%(upstream:remotename)%00%(upstream:remoteref) refs/heads/master refs/remotes/master [6ms]
[2022-10-21T21:33:22.190Z] > git for-each-ref --sort -committerdate --format %(refname) %(objectname) %(*objectname) [26ms]
[2022-10-21T21:33:22.192Z] > git remote --verbose [8ms]
[2022-10-21T21:33:22.230Z] > git config --get commit.template [4ms]
[2022-10-21T21:33:27.471Z] > git status -z -uall [217ms]
[2022-10-21T21:33:27.487Z] > git symbolic-ref --short HEAD [3ms]
[2022-10-21T21:33:27.501Z] > git for-each-ref --format=%(refname)%00%(upstream:short)%00%(objectname)%00%(upstream:track)%00%(upstream:remotename)%00%(upstream:remoteref) refs/heads/master refs/remotes/master [3ms]
[2022-10-21T21:33:27.529Z] > git for-each-ref --sort -committerdate --format %(refname) %(objectname) %(*objectname) [17ms]
[2022-10-21T21:33:27.530Z] > git remote --verbose [7ms]
[2022-10-21T21:33:27.558Z] > git config --get commit.template [7ms]
[2022-10-21T21:33:32.840Z] > git status -z -uall [260ms]
[2022-10-21T21:33:32.870Z] > git symbolic-ref --short HEAD [7ms]
[2022-10-21T21:33:32.899Z] > git for-each-ref --format=%(refname)%00%(upstream:short)%00%(objectname)%00%(upstream:track)%00%(upstream:remotename)%00%(upstream:remoteref) refs/heads/master refs/remotes/master [6ms]
[2022-10-21T21:33:32.941Z] > git remote --verbose [5ms]
[2022-10-21T21:33:32.942Z] > git for-each-ref --sort -committerdate --format %(refname) %(objectname) %(*objectname) [25ms]
[2022-10-21T21:33:32.997Z] > git config --get commit.template [4ms]
[2022-10-21T21:33:37.815Z] > git show --textconv :ITI/server2.js [39ms]
[2022-10-21T21:33:37.824Z] > git ls-files --stage -- /home/nunoamorim/ITI/server2.js [24ms]
[2022-10-21T21:33:37.858Z] > git cat-file -s 3d102245461f76cf1038abdfe8d11df2111d4f53 [6ms]
[2022-10-21T21:33:38.292Z] > git status -z -uall [271ms]
[2022-10-21T21:33:38.320Z] > git symbolic-ref --short HEAD [5ms]
[2022-10-21T21:33:38.350Z] > git for-each-ref --format=%(refname)%00%(upstream:short)%00%(objectname)%00%(upstream:track)%00%(upstream:remotename)%00%(upstream:remoteref) refs/heads/master refs/remotes/master [6ms]
[2022-10-21T21:33:38.407Z] > git for-each-ref --sort -committerdate --format %(refname) %(objectname) %(*objectname) [28ms]
[2022-10-21T21:33:38.409Z] > git remote --verbose [7ms]
[2022-10-21T21:33:38.458Z] > git config --get commit.template [4ms]
[2022-10-21T21:33:43.631Z] > git status -z -uall [135ms]
[2022-10-21T21:33:43.639Z] > git symbolic-ref --short HEAD [1ms]
[2022-10-21T21:33:43.649Z] > git for-each-ref --format=%(refname)%00%(upstream:short)%00%(objectname)%00%(upstream:track)%00%(upstream:remotename)%00%(upstream:remoteref) refs/heads/master refs/remotes/master [1ms]
[2022-10-21T21:33:43.668Z] > git for-each-ref --sort -committerdate --format %(refname) %(objectname) %(*objectname) [11ms]
[2022-10-21T21:33:43.669Z] > git remote --verbose [3ms]
[2022-10-21T21:33:43.694Z] > git config --get commit.template [3ms]
[2022-10-21T21:33:46.033Z] > git show --textconv :ITI/server.js [31ms]
[2022-10-21T21:33:46.043Z] > git ls-files --stage -- /home/nunoamorim/ITI/server.js [14ms]
[2022-10-21T21:33:46.054Z] > git cat-file -s ae73d099347a06c301d7864253f9c3b9192f54cf [2ms]
[2022-10-21T21:33:48.815Z] > git status -z -uall [104ms]
[2022-10-21T21:33:48.829Z] > git symbolic-ref --short HEAD [5ms]
[2022-10-21T21:33:48.841Z] > git for-each-ref --format=%(refname)%00%(upstream:short)%00%(objectname)%00%(upstream:track)%00%(upstream:remotename)%00%(upstream:remoteref) refs/heads/master refs/remotes/master [3ms]
[2022-10-21T21:33:48.863Z] > git remote --verbose [2ms]
[2022-10-21T21:33:48.863Z] > git for-each-ref --sort -committerdate --format %(refname) %(objectname) %(*objectname) [12ms]
[2022-10-21T21:33:48.888Z] > git config --get commit.template [3ms]
[2022-10-21T21:33:55.732Z] > git status -z -uall [200ms]
[2022-10-21T21:33:55.753Z] > git symbolic-ref --short HEAD [3ms]
[2022-10-21T21:33:55.778Z] > git for-each-ref --format=%(refname)%00%(upstream:short)%00%(objectname)%00%(upstream:track)%00%(upstream:remotename)%00%(upstream:remoteref) refs/heads/master refs/remotes/master [4ms]
[2022-10-21T21:33:55.818Z] > git remote --verbose [4ms]
[2022-10-21T21:33:55.819Z] > git for-each-ref --sort -committerdate --format %(refname) %(objectname) %(*objectname) [25ms]
[2022-10-21T21:33:55.853Z] > git config --get commit.template [3ms]
[2022-10-21T21:34:05.229Z] > git status -z -uall [140ms]
[2022-10-21T21:34:05.239Z] > git symbolic-ref --short HEAD [2ms]
[2022-10-21T21:34:05.253Z] > git for-each-ref --format=%(refname)%00%(upstream:short)%00%(objectname)%00%(upstream:track)%00%(upstream:remotename)%00%(upstream:remoteref) refs/heads/master refs/remotes/master [2ms]
[2022-10-21T21:34:05.275Z] > git for-each-ref --sort -committerdate --format %(refname) %(objectname) %(*objectname) [10ms]
[2022-10-21T21:34:05.276Z] > git remote --verbose [3ms]
[2022-10-21T21:34:05.294Z] > git config --get commit.template [2ms]
[2022-10-21T21:34:10.510Z] > git status -z -uall [185ms]
[2022-10-21T21:34:10.519Z] > git symbolic-ref --short HEAD [2ms]
[2022-10-21T21:34:10.528Z] > git for-each-ref --format=%(refname)%00%(upstream:short)%00%(objectname)%00%(upstream:track)%00%(upstream:remotename)%00%(upstream:remoteref) refs/heads/master refs/remotes/master [2ms]
[2022-10-21T21:34:10.546Z] > git remote --verbose [2ms]
[2022-10-21T21:34:10.546Z] > git for-each-ref --sort -committerdate --format %(refname) %(objectname) %(*objectname) [10ms]
[2022-10-21T21:34:10.566Z] > git config --get commit.template [3ms]
[2022-10-21T21:34:43.894Z] > git status -z -uall [119ms]
[2022-10-21T21:34:43.902Z] > git symbolic-ref --short HEAD [2ms]
[2022-10-21T21:34:43.912Z] > git for-each-ref --format=%(refname)%00%(upstream:short)%00%(objectname)%00%(upstream:track)%00%(upstream:remotename)%00%(upstream:remoteref) refs/heads/master refs/remotes/master [2ms]
[2022-10-21T21:34:43.928Z] > git remote --verbose [2ms]
[2022-10-21T21:34:43.929Z] > git for-each-ref --sort -committerdate --format %(refname) %(objectname) %(*objectname) [11ms]
[2022-10-21T21:34:43.945Z] > git config --get commit.template [1ms]
[2022-10-21T21:34:47.063Z] > git check-ignore -v -z --stdin [90ms]
[2022-10-21T21:34:48.430Z] > git check-ignore -v -z --stdin [39ms]
[2022-10-21T21:34:49.235Z] > git status -z -uall [266ms]
[2022-10-21T21:34:49.266Z] > git symbolic-ref --short HEAD [5ms]
[2022-10-21T21:34:49.292Z] > git for-each-ref --format=%(refname)%00%(upstream:short)%00%(objectname)%00%(upstream:track)%00%(upstream:remotename)%00%(upstream:remoteref) refs/heads/master refs/remotes/master [6ms]
[2022-10-21T21:34:49.339Z] > git for-each-ref --sort -committerdate --format %(refname) %(objectname) %(*objectname) [26ms]
[2022-10-21T21:34:49.341Z] > git remote --verbose [8ms]
[2022-10-21T21:34:49.381Z] > git config --get commit.template [3ms]
[2022-10-21T21:34:50.275Z] > git check-ignore -v -z --stdin [36ms]
[2022-10-21T21:34:54.535Z] > git status -z -uall [125ms]
[2022-10-21T21:34:54.546Z] > git symbolic-ref --short HEAD [2ms]
[2022-10-21T21:34:54.558Z] > git for-each-ref --format=%(refname)%00%(upstream:short)%00%(objectname)%00%(upstream:track)%00%(upstream:remotename)%00%(upstream:remoteref) refs/heads/master refs/remotes/master [3ms]
[2022-10-21T21:34:54.577Z] > git for-each-ref --sort -committerdate --format %(refname) %(objectname) %(*objectname) [11ms]
[2022-10-21T21:34:54.577Z] > git remote --verbose [2ms]
[2022-10-21T21:34:54.597Z] > git config --get commit.template [5ms]
