[2022-10-13 15:31:41.936] [exthost] [info] Extension host with pid 610 started
[2022-10-13 15:31:41.953] [exthost] [error] Error: EEXIST: file already exists, open '/home/nunoamorim/.vscode-server/data/User/workspaceStorage/a9f5109e99d391079f85d3e92812567a/vscode.lock'
[2022-10-13 15:31:41.990] [exthost] [info] Lock '/home/nunoamorim/.vscode-server/data/User/workspaceStorage/a9f5109e99d391079f85d3e92812567a/vscode.lock': Could not acquire lock, checking if the file is stale.
[2022-10-13 15:31:41.998] [exthost] [info] Lock '/home/nunoamorim/.vscode-server/data/User/workspaceStorage/a9f5109e99d391079f85d3e92812567a/vscode.lock': The pid 16245 appears to be gone.
[2022-10-13 15:31:41.998] [exthost] [info] Lock '/home/nunoamorim/.vscode-server/data/User/workspaceStorage/a9f5109e99d391079f85d3e92812567a/vscode.lock': Deleting a stale lock.
[2022-10-13 15:31:42.024] [exthost] [info] Lock '/home/nunoamorim/.vscode-server/data/User/workspaceStorage/a9f5109e99d391079f85d3e92812567a/vscode.lock': Lock acquired.
[2022-10-13 15:31:42.350] [exthost] [info] ExtensionService#_doActivateExtension vscode.typescript-language-features, startup: false, activationEvent: 'onLanguage:javascript'
[2022-10-13 15:31:42.353] [exthost] [info] ExtensionService#_doActivateExtension vscode.debug-auto-launch, startup: true, activationEvent: '*'
[2022-10-13 15:31:42.353] [exthost] [info] ExtensionService#_doActivateExtension vscode.git-base, startup: true, activationEvent: '*', root cause: vscode.git
[2022-10-13 15:31:42.354] [exthost] [info] ExtensionService#_doActivateExtension vscode.ipynb, startup: true, activationEvent: '*'
[2022-10-13 15:31:42.926] [exthost] [info] ExtensionService#_doActivateExtension vscode.git, startup: true, activationEvent: '*'
[2022-10-13 15:31:42.927] [exthost] [info] ExtensionService#_doActivateExtension vscode.github, startup: true, activationEvent: '*'
[2022-10-13 15:31:44.073] [exthost] [info] ExtensionService#_doActivateExtension GitHub.vscode-pull-request-github, startup: true, activationEvent: '*'
[2022-10-13 15:31:45.367] [exthost] [warning] [Decorations] CAPPING events from decorations provider vscode.git 3709
[2022-10-13 15:31:47.153] [exthost] [info] ExtensionService#_doActivateExtension vscode.html-language-features, startup: false, activationEvent: 'onLanguage:html'
[2022-10-13 15:31:47.946] [exthost] [warning] [Decorations] CAPPING events from decorations provider vscode.git 3713
[2022-10-13 15:31:50.511] [exthost] [warning] [Decorations] CAPPING events from decorations provider vscode.git 3722
[2022-10-13 15:31:52.238] [exthost] [info] ExtensionService#_doActivateExtension vscode.emmet, startup: false, activationEvent: 'onStartupFinished'
[2022-10-13 15:31:52.238] [exthost] [info] ExtensionService#_doActivateExtension vscode.merge-conflict, startup: false, activationEvent: 'onStartupFinished'
[2022-10-13 15:31:52.239] [exthost] [info] ExtensionService#_doActivateExtension ritwickdey.LiveServer, startup: false, activationEvent: 'onStartupFinished'
[2022-10-13 15:31:52.239] [exthost] [info] Eager extensions activated
[2022-10-13 15:31:55.705] [exthost] [warning] [Decorations] CAPPING events from decorations provider vscode.git 3722
[2022-10-13 15:32:11.630] [exthost] [warning] [Decorations] CAPPING events from decorations provider vscode.git 3722
[2022-10-13 15:32:16.793] [exthost] [warning] [Decorations] CAPPING events from decorations provider vscode.git 3722
[2022-10-13 15:32:21.947] [exthost] [warning] [Decorations] CAPPING events from decorations provider vscode.git 3722
[2022-10-13 15:32:27.102] [exthost] [warning] [Decorations] CAPPING events from decorations provider vscode.git 3722
[2022-10-13 15:32:32.289] [exthost] [warning] [Decorations] CAPPING events from decorations provider vscode.git 3722
[2022-10-13 15:32:37.477] [exthost] [warning] [Decorations] CAPPING events from decorations provider vscode.git 3722
[2022-10-13 15:32:42.676] [exthost] [warning] [Decorations] CAPPING events from decorations provider vscode.git 3722
[2022-10-13 15:32:46.240] [exthost] [warning] [Decorations] CAPPING events from decorations provider vscode.git 3722
[2022-10-13 15:32:47.860] [exthost] [warning] [Decorations] CAPPING events from decorations provider vscode.git 3722
[2022-10-13 15:32:53.031] [exthost] [warning] [Decorations] CAPPING events from decorations provider vscode.git 3722
[2022-10-13 15:32:58.199] [exthost] [warning] [Decorations] CAPPING events from decorations provider vscode.git 3722
[2022-10-13 15:33:17.832] [exthost] [warning] [Decorations] CAPPING events from decorations provider vscode.git 3722
[2022-10-13 15:33:23.030] [exthost] [warning] [Decorations] CAPPING events from decorations provider vscode.git 3722
[2022-10-13 15:33:28.181] [exthost] [warning] [Decorations] CAPPING events from decorations provider vscode.git 3722
[2022-10-13 15:33:33.361] [exthost] [warning] [Decorations] CAPPING events from decorations provider vscode.git 3722
[2022-10-13 15:33:38.572] [exthost] [warning] [Decorations] CAPPING events from decorations provider vscode.git 3722
[2022-10-13 15:33:43.801] [exthost] [warning] [Decorations] CAPPING events from decorations provider vscode.git 3722
[2022-10-13 15:33:55.725] [exthost] [warning] [Decorations] CAPPING events from decorations provider vscode.git 3722
[2022-10-13 15:34:22.295] [exthost] [warning] [Decorations] CAPPING events from decorations provider vscode.git 3722
[2022-10-13 15:34:27.529] [exthost] [warning] [Decorations] CAPPING events from decorations provider vscode.git 3722
[2022-10-13 15:34:32.712] [exthost] [warning] [Decorations] CAPPING events from decorations provider vscode.git 3722
[2022-10-13 15:34:47.050] [exthost] [warning] [Decorations] CAPPING events from decorations provider vscode.git 3722
[2022-10-13 15:34:50.774] [exthost] [warning] [Decorations] CAPPING events from decorations provider vscode.git 3722
[2022-10-13 15:34:52.223] [exthost] [warning] [Decorations] CAPPING events from decorations provider vscode.git 3722
[2022-10-13 15:34:57.430] [exthost] [warning] [Decorations] CAPPING events from decorations provider vscode.git 3722
[2022-10-13 15:35:02.649] [exthost] [warning] [Decorations] CAPPING events from decorations provider vscode.git 3722
[2022-10-13 15:35:07.830] [exthost] [warning] [Decorations] CAPPING events from decorations provider vscode.git 3722
[2022-10-13 15:35:13.006] [exthost] [warning] [Decorations] CAPPING events from decorations provider vscode.git 3722
[2022-10-13 15:35:18.174] [exthost] [warning] [Decorations] CAPPING events from decorations provider vscode.git 3722
[2022-10-13 15:35:23.379] [exthost] [warning] [Decorations] CAPPING events from decorations provider vscode.git 3722
[2022-10-13 15:35:28.762] [exthost] [warning] [Decorations] CAPPING events from decorations provider vscode.git 3722
[2022-10-13 15:35:34.140] [exthost] [warning] [Decorations] CAPPING events from decorations provider vscode.git 3722
[2022-10-13 15:35:40.325] [exthost] [warning] [Decorations] CAPPING events from decorations provider vscode.git 3722
[2022-10-13 15:35:45.511] [exthost] [warning] [Decorations] CAPPING events from decorations provider vscode.git 3722
[2022-10-13 15:36:09.159] [exthost] [warning] [Decorations] CAPPING events from decorations provider vscode.git 3722
[2022-10-13 15:36:15.186] [exthost] [warning] [Decorations] CAPPING events from decorations provider vscode.git 3722
[2022-10-13 15:36:20.415] [exthost] [warning] [Decorations] CAPPING events from decorations provider vscode.git 3722
[2022-10-13 15:36:25.695] [exthost] [warning] [Decorations] CAPPING events from decorations provider vscode.git 3722
[2022-10-13 15:36:31.919] [exthost] [warning] [Decorations] CAPPING events from decorations provider vscode.git 3722
[2022-10-13 15:36:42.355] [exthost] [warning] [Decorations] CAPPING events from decorations provider vscode.git 3722
[2022-10-13 15:36:47.665] [exthost] [warning] [Decorations] CAPPING events from decorations provider vscode.git 3722
[2022-10-13 15:36:52.923] [exthost] [warning] [Decorations] CAPPING events from decorations provider vscode.git 3722
[2022-10-13 15:36:58.168] [exthost] [warning] [Decorations] CAPPING events from decorations provider vscode.git 3722
[2022-10-13 15:37:03.386] [exthost] [warning] [Decorations] CAPPING events from decorations provider vscode.git 3722
[2022-10-13 15:37:09.804] [exthost] [warning] [Decorations] CAPPING events from decorations provider vscode.git 3722
[2022-10-13 15:37:15.013] [exthost] [warning] [Decorations] CAPPING events from decorations provider vscode.git 3722
[2022-10-13 15:37:28.693] [exthost] [warning] [Decorations] CAPPING events from decorations provider vscode.git 3722
[2022-10-13 15:37:33.895] [exthost] [warning] [Decorations] CAPPING events from decorations provider vscode.git 3722
[2022-10-13 15:37:39.238] [exthost] [warning] [Decorations] CAPPING events from decorations provider vscode.git 3722
[2022-10-13 15:37:44.469] [exthost] [warning] [Decorations] CAPPING events from decorations provider vscode.git 3722
[2022-10-13 15:37:55.097] [exthost] [warning] [Decorations] CAPPING events from decorations provider vscode.git 3722
[2022-10-13 15:37:56.294] [exthost] [warning] [Decorations] CAPPING events from decorations provider vscode.git 3722
[2022-10-13 15:38:09.730] [exthost] [warning] [Decorations] CAPPING events from decorations provider vscode.git 3722
[2022-10-13 15:38:18.551] [exthost] [warning] [Decorations] CAPPING events from decorations provider vscode.git 3722
[2022-10-13 15:38:24.467] [exthost] [warning] [Decorations] CAPPING events from decorations provider vscode.git 3722
[2022-10-13 15:38:29.670] [exthost] [warning] [Decorations] CAPPING events from decorations provider vscode.git 3722
[2022-10-13 15:38:49.783] [exthost] [warning] [Decorations] CAPPING events from decorations provider vscode.git 3722
[2022-10-13 15:38:55.104] [exthost] [warning] [Decorations] CAPPING events from decorations provider vscode.git 3722
[2022-10-13 15:39:00.315] [exthost] [warning] [Decorations] CAPPING events from decorations provider vscode.git 3722
[2022-10-13 15:39:05.559] [exthost] [warning] [Decorations] CAPPING events from decorations provider vscode.git 3722
[2022-10-13 15:39:18.613] [exthost] [warning] [Decorations] CAPPING events from decorations provider vscode.git 3722
[2022-10-13 15:39:24.096] [exthost] [warning] [Decorations] CAPPING events from decorations provider vscode.git 3722
[2022-10-13 15:39:30.066] [exthost] [warning] [Decorations] CAPPING events from decorations provider vscode.git 3722
[2022-10-13 15:39:35.320] [exthost] [warning] [Decorations] CAPPING events from decorations provider vscode.git 3722
[2022-10-13 15:39:40.556] [exthost] [warning] [Decorations] CAPPING events from decorations provider vscode.git 3722
[2022-10-13 15:39:53.791] [exthost] [warning] [Decorations] CAPPING events from decorations provider vscode.git 3722
[2022-10-13 15:40:06.987] [exthost] [warning] [Decorations] CAPPING events from decorations provider vscode.git 3722
[2022-10-13 15:40:13.000] [exthost] [warning] [Decorations] CAPPING events from decorations provider vscode.git 3722
[2022-10-13 15:40:18.230] [exthost] [warning] [Decorations] CAPPING events from decorations provider vscode.git 3722
[2022-10-13 15:40:25.316] [exthost] [warning] [Decorations] CAPPING events from decorations provider vscode.git 3722
[2022-10-13 15:40:30.661] [exthost] [warning] [Decorations] CAPPING events from decorations provider vscode.git 3722
[2022-10-13 15:40:36.982] [exthost] [warning] [Decorations] CAPPING events from decorations provider vscode.git 3722
[2022-10-13 15:40:42.213] [exthost] [warning] [Decorations] CAPPING events from decorations provider vscode.git 3722
[2022-10-13 15:40:47.480] [exthost] [warning] [Decorations] CAPPING events from decorations provider vscode.git 3722
[2022-10-13 15:40:52.729] [exthost] [warning] [Decorations] CAPPING events from decorations provider vscode.git 3722
[2022-10-13 15:40:56.962] [exthost] [warning] [Decorations] CAPPING events from decorations provider vscode.git 3722
[2022-10-13 15:40:58.218] [exthost] [warning] [Decorations] CAPPING events from decorations provider vscode.git 3722
[2022-10-13 15:41:04.399] [exthost] [warning] [Decorations] CAPPING events from decorations provider vscode.git 3722
[2022-10-13 15:41:09.625] [exthost] [warning] [Decorations] CAPPING events from decorations provider vscode.git 3722
[2022-10-13 15:41:14.877] [exthost] [warning] [Decorations] CAPPING events from decorations provider vscode.git 3722
[2022-10-13 15:41:20.129] [exthost] [warning] [Decorations] CAPPING events from decorations provider vscode.git 3722
[2022-10-13 15:41:25.399] [exthost] [warning] [Decorations] CAPPING events from decorations provider vscode.git 3722
[2022-10-13 15:41:30.707] [exthost] [warning] [Decorations] CAPPING events from decorations provider vscode.git 3722
[2022-10-13 15:41:38.388] [exthost] [warning] [Decorations] CAPPING events from decorations provider vscode.git 3722
[2022-10-13 15:41:46.560] [exthost] [warning] [Decorations] CAPPING events from decorations provider vscode.git 3722
[2022-10-13 15:41:52.384] [exthost] [warning] [Decorations] CAPPING events from decorations provider vscode.git 3722
[2022-10-13 15:41:57.642] [exthost] [warning] [Decorations] CAPPING events from decorations provider vscode.git 3722
[2022-10-13 15:43:33.452] [exthost] [warning] [Decorations] CAPPING events from decorations provider vscode.git 3722
[2022-10-13 15:43:43.167] [exthost] [warning] [Decorations] CAPPING events from decorations provider vscode.git 3722
[2022-10-13 15:45:16.263] [exthost] [warning] [Decorations] CAPPING events from decorations provider vscode.git 3722
[2022-10-13 15:45:17.448] [exthost] [warning] [Decorations] CAPPING events from decorations provider vscode.git 3722
[2022-10-13 15:45:32.045] [exthost] [warning] [Decorations] CAPPING events from decorations provider vscode.git 3722
[2022-10-13 15:45:37.279] [exthost] [warning] [Decorations] CAPPING events from decorations provider vscode.git 3722
[2022-10-13 15:45:42.633] [exthost] [warning] [Decorations] CAPPING events from decorations provider vscode.git 3722
[2022-10-13 15:45:48.515] [exthost] [warning] [Decorations] CAPPING events from decorations provider vscode.git 3722
[2022-10-13 15:45:53.714] [exthost] [warning] [Decorations] CAPPING events from decorations provider vscode.git 3722
[2022-10-13 15:45:58.932] [exthost] [warning] [Decorations] CAPPING events from decorations provider vscode.git 3722
[2022-10-13 15:46:04.195] [exthost] [warning] [Decorations] CAPPING events from decorations provider vscode.git 3722
[2022-10-13 15:46:09.439] [exthost] [warning] [Decorations] CAPPING events from decorations provider vscode.git 3722
[2022-10-13 15:46:14.761] [exthost] [warning] [Decorations] CAPPING events from decorations provider vscode.git 3722
[2022-10-13 15:46:19.958] [exthost] [warning] [Decorations] CAPPING events from decorations provider vscode.git 3722
[2022-10-13 15:46:25.168] [exthost] [warning] [Decorations] CAPPING events from decorations provider vscode.git 3722
[2022-10-13 15:46:30.378] [exthost] [warning] [Decorations] CAPPING events from decorations provider vscode.git 3722
[2022-10-13 15:46:35.661] [exthost] [warning] [Decorations] CAPPING events from decorations provider vscode.git 3722
[2022-10-13 15:48:05.627] [exthost] [warning] [Decorations] CAPPING events from decorations provider vscode.git 3722
[2022-10-13 15:48:52.814] [exthost] [warning] [Decorations] CAPPING events from decorations provider vscode.git 3722
[2022-10-13 15:48:54.038] [exthost] [warning] [Decorations] CAPPING events from decorations provider vscode.git 3722
[2022-10-13 15:48:58.029] [exthost] [warning] [Decorations] CAPPING events from decorations provider vscode.git 3722
[2022-10-13 15:49:03.226] [exthost] [warning] [Decorations] CAPPING events from decorations provider vscode.git 3722
[2022-10-13 15:49:08.475] [exthost] [warning] [Decorations] CAPPING events from decorations provider vscode.git 3722
[2022-10-13 15:49:16.382] [exthost] [warning] [Decorations] CAPPING events from decorations provider vscode.git 3722
[2022-10-13 15:49:21.598] [exthost] [warning] [Decorations] CAPPING events from decorations provider vscode.git 3722
[2022-10-13 15:49:26.822] [exthost] [warning] [Decorations] CAPPING events from decorations provider vscode.git 3722
[2022-10-13 15:49:32.152] [exthost] [warning] [Decorations] CAPPING events from decorations provider vscode.git 3722
[2022-10-13 15:51:13.234] [exthost] [warning] [Decorations] CAPPING events from decorations provider vscode.git 3722
[2022-10-13 15:51:19.179] [exthost] [warning] [Decorations] CAPPING events from decorations provider vscode.git 3722
[2022-10-13 15:51:24.385] [exthost] [warning] [Decorations] CAPPING events from decorations provider vscode.git 3722
[2022-10-13 15:51:29.686] [exthost] [warning] [Decorations] CAPPING events from decorations provider vscode.git 3722
[2022-10-13 15:51:35.759] [exthost] [warning] [Decorations] CAPPING events from decorations provider vscode.git 3722
[2022-10-13 15:51:40.969] [exthost] [warning] [Decorations] CAPPING events from decorations provider vscode.git 3722
[2022-10-13 15:51:46.181] [exthost] [warning] [Decorations] CAPPING events from decorations provider vscode.git 3722
[2022-10-13 15:51:53.310] [exthost] [warning] [Decorations] CAPPING events from decorations provider vscode.git 3722
[2022-10-13 15:51:54.756] [exthost] [warning] [Decorations] CAPPING events from decorations provider vscode.git 3722
[2022-10-13 15:51:58.741] [exthost] [warning] [Decorations] CAPPING events from decorations provider vscode.git 3722
[2022-10-13 15:52:03.968] [exthost] [warning] [Decorations] CAPPING events from decorations provider vscode.git 3722
[2022-10-13 15:52:09.279] [exthost] [warning] [Decorations] CAPPING events from decorations provider vscode.git 3722
[2022-10-13 15:52:14.512] [exthost] [warning] [Decorations] CAPPING events from decorations provider vscode.git 3722
[2022-10-13 15:53:08.239] [exthost] [warning] [Decorations] CAPPING events from decorations provider vscode.git 3722
[2022-10-13 15:53:14.577] [exthost] [warning] [Decorations] CAPPING events from decorations provider vscode.git 3722
[2022-10-13 15:53:19.903] [exthost] [warning] [Decorations] CAPPING events from decorations provider vscode.git 3722
[2022-10-13 15:57:21.324] [exthost] [warning] [Decorations] CAPPING events from decorations provider vscode.git 3722
[2022-10-13 15:57:22.586] [exthost] [warning] [Decorations] CAPPING events from decorations provider vscode.git 3722
[2022-10-13 15:57:27.466] [exthost] [warning] [Decorations] CAPPING events from decorations provider vscode.git 3722
[2022-10-13 15:57:33.082] [exthost] [warning] [Decorations] CAPPING events from decorations provider vscode.git 3722
[2022-10-13 15:57:40.422] [exthost] [warning] [Decorations] CAPPING events from decorations provider vscode.git 3722
[2022-10-13 15:57:46.882] [exthost] [warning] [Decorations] CAPPING events from decorations provider vscode.git 3722
[2022-10-13 15:57:55.114] [exthost] [warning] [Decorations] CAPPING events from decorations provider vscode.git 3722
[2022-10-13 15:58:00.440] [exthost] [warning] [Decorations] CAPPING events from decorations provider vscode.git 3722
[2022-10-13 16:00:02.383] [exthost] [warning] [Decorations] CAPPING events from decorations provider vscode.git 3722
[2022-10-13 16:00:07.655] [exthost] [warning] [Decorations] CAPPING events from decorations provider vscode.git 3722
[2022-10-13 16:00:33.500] [exthost] [warning] [Decorations] CAPPING events from decorations provider vscode.git 3722
[2022-10-13 16:00:34.321] [exthost] [warning] [Decorations] CAPPING events from decorations provider vscode.git 3722
[2022-10-13 16:00:52.506] [exthost] [warning] [Decorations] CAPPING events from decorations provider vscode.git 3722
[2022-10-13 16:00:57.689] [exthost] [warning] [Decorations] CAPPING events from decorations provider vscode.git 3722
[2022-10-13 16:01:04.936] [exthost] [warning] [Decorations] CAPPING events from decorations provider vscode.git 3722
[2022-10-13 16:02:12.218] [exthost] [warning] [Decorations] CAPPING events from decorations provider vscode.git 3722
[2022-10-13 16:02:17.423] [exthost] [warning] [Decorations] CAPPING events from decorations provider vscode.git 3722
[2022-10-13 16:02:22.668] [exthost] [warning] [Decorations] CAPPING events from decorations provider vscode.git 3722
[2022-10-13 16:03:22.452] [exthost] [warning] [Decorations] CAPPING events from decorations provider vscode.git 3722
[2022-10-13 16:06:11.897] [exthost] [warning] [Decorations] CAPPING events from decorations provider vscode.git 3722
[2022-10-13 16:06:12.984] [exthost] [warning] [Decorations] CAPPING events from decorations provider vscode.git 3722
[2022-10-13 16:06:17.890] [exthost] [warning] [Decorations] CAPPING events from decorations provider vscode.git 3722
[2022-10-13 16:06:23.100] [exthost] [warning] [Decorations] CAPPING events from decorations provider vscode.git 3725
[2022-10-13 16:06:28.332] [exthost] [warning] [Decorations] CAPPING events from decorations provider vscode.git 3725
[2022-10-13 16:06:33.546] [exthost] [warning] [Decorations] CAPPING events from decorations provider vscode.git 3725
[2022-10-13 16:06:38.848] [exthost] [warning] [Decorations] CAPPING events from decorations provider vscode.git 3727
[2022-10-13 16:06:44.068] [exthost] [warning] [Decorations] CAPPING events from decorations provider vscode.git 3727
[2022-10-13 16:06:49.316] [exthost] [warning] [Decorations] CAPPING events from decorations provider vscode.git 3727
[2022-10-13 16:06:55.181] [exthost] [warning] [Decorations] CAPPING events from decorations provider vscode.git 3729
[2022-10-13 16:07:00.447] [exthost] [warning] [Decorations] CAPPING events from decorations provider vscode.git 3731
[2022-10-13 16:07:06.487] [exthost] [warning] [Decorations] CAPPING events from decorations provider vscode.git 3733
[2022-10-13 16:07:12.438] [exthost] [warning] [Decorations] CAPPING events from decorations provider vscode.git 3733
[2022-10-13 16:07:17.684] [exthost] [warning] [Decorations] CAPPING events from decorations provider vscode.git 3733
[2022-10-13 16:07:22.889] [exthost] [warning] [Decorations] CAPPING events from decorations provider vscode.git 3733
[2022-10-13 16:07:28.095] [exthost] [warning] [Decorations] CAPPING events from decorations provider vscode.git 3733
[2022-10-13 16:07:33.348] [exthost] [warning] [Decorations] CAPPING events from decorations provider vscode.git 3733
[2022-10-13 16:07:38.584] [exthost] [warning] [Decorations] CAPPING events from decorations provider vscode.git 3733
[2022-10-13 16:07:45.586] [exthost] [warning] [Decorations] CAPPING events from decorations provider vscode.git 3733
[2022-10-13 16:07:50.782] [exthost] [warning] [Decorations] CAPPING events from decorations provider vscode.git 3733
[2022-10-13 16:07:56.040] [exthost] [warning] [Decorations] CAPPING events from decorations provider vscode.git 3733
[2022-10-13 16:09:07.670] [exthost] [warning] [Decorations] CAPPING events from decorations provider vscode.git 3733
[2022-10-13 16:09:12.911] [exthost] [warning] [Decorations] CAPPING events from decorations provider vscode.git 3733
[2022-10-13 16:09:14.828] [exthost] [warning] [Decorations] CAPPING events from decorations provider vscode.git 3733
[2022-10-13 16:09:18.166] [exthost] [warning] [Decorations] CAPPING events from decorations provider vscode.git 3733
[2022-10-13 16:09:23.481] [exthost] [warning] [Decorations] CAPPING events from decorations provider vscode.git 3733
[2022-10-13 16:09:29.207] [exthost] [warning] [Decorations] CAPPING events from decorations provider vscode.git 3733
[2022-10-13 16:11:42.436] [exthost] [warning] [Decorations] CAPPING events from decorations provider vscode.git 3733
[2022-10-13 16:11:47.646] [exthost] [warning] [Decorations] CAPPING events from decorations provider vscode.git 3733
[2022-10-13 16:11:52.884] [exthost] [warning] [Decorations] CAPPING events from decorations provider vscode.git 3733
[2022-10-13 16:12:26.743] [exthost] [warning] [Decorations] CAPPING events from decorations provider vscode.git 3734
[2022-10-13 16:12:27.431] [exthost] [warning] [Decorations] CAPPING events from decorations provider vscode.git 3734
[2022-10-13 16:12:31.884] [exthost] [warning] [Decorations] CAPPING events from decorations provider vscode.git 3734
[2022-10-13 16:12:37.070] [exthost] [warning] [Decorations] CAPPING events from decorations provider vscode.git 3734
[2022-10-13 16:13:14.261] [exthost] [warning] [Decorations] CAPPING events from decorations provider vscode.git 3734
[2022-10-13 16:13:19.434] [exthost] [warning] [Decorations] CAPPING events from decorations provider vscode.git 3734
[2022-10-13 16:13:24.598] [exthost] [warning] [Decorations] CAPPING events from decorations provider vscode.git 3734
[2022-10-13 16:13:29.801] [exthost] [warning] [Decorations] CAPPING events from decorations provider vscode.git 3734
[2022-10-13 16:13:34.956] [exthost] [warning] [Decorations] CAPPING events from decorations provider vscode.git 3734
[2022-10-13 16:13:40.105] [exthost] [warning] [Decorations] CAPPING events from decorations provider vscode.git 3734
[2022-10-13 16:13:45.261] [exthost] [warning] [Decorations] CAPPING events from decorations provider vscode.git 3734
[2022-10-13 16:13:50.416] [exthost] [warning] [Decorations] CAPPING events from decorations provider vscode.git 3734
[2022-10-13 16:13:55.565] [exthost] [warning] [Decorations] CAPPING events from decorations provider vscode.git 3734
[2022-10-13 16:14:00.716] [exthost] [warning] [Decorations] CAPPING events from decorations provider vscode.git 3734
[2022-10-13 16:14:05.845] [exthost] [warning] [Decorations] CAPPING events from decorations provider vscode.git 3734
[2022-10-13 16:14:11.019] [exthost] [warning] [Decorations] CAPPING events from decorations provider vscode.git 3734
[2022-10-13 16:14:16.203] [exthost] [warning] [Decorations] CAPPING events from decorations provider vscode.git 3734
[2022-10-13 16:14:21.354] [exthost] [warning] [Decorations] CAPPING events from decorations provider vscode.git 3734
[2022-10-13 16:14:26.520] [exthost] [warning] [Decorations] CAPPING events from decorations provider vscode.git 3734
[2022-10-13 16:14:31.667] [exthost] [warning] [Decorations] CAPPING events from decorations provider vscode.git 3734
[2022-10-13 16:14:36.836] [exthost] [warning] [Decorations] CAPPING events from decorations provider vscode.git 3734
[2022-10-13 16:14:42.029] [exthost] [warning] [Decorations] CAPPING events from decorations provider vscode.git 3734
[2022-10-13 16:14:47.222] [exthost] [warning] [Decorations] CAPPING events from decorations provider vscode.git 3734
[2022-10-13 16:14:52.406] [exthost] [warning] [Decorations] CAPPING events from decorations provider vscode.git 3734
[2022-10-13 16:14:57.570] [exthost] [warning] [Decorations] CAPPING events from decorations provider vscode.git 3734
[2022-10-13 16:15:02.734] [exthost] [warning] [Decorations] CAPPING events from decorations provider vscode.git 3734
[2022-10-13 16:15:07.892] [exthost] [warning] [Decorations] CAPPING events from decorations provider vscode.git 3734
[2022-10-13 16:15:13.051] [exthost] [warning] [Decorations] CAPPING events from decorations provider vscode.git 3734
[2022-10-13 16:15:18.210] [exthost] [warning] [Decorations] CAPPING events from decorations provider vscode.git 3734
[2022-10-13 16:15:25.856] [exthost] [warning] [Decorations] CAPPING events from decorations provider vscode.git 3736
[2022-10-13 16:15:27.956] [exthost] [warning] [Decorations] CAPPING events from decorations provider vscode.git 3736
[2022-10-13 16:15:31.013] [exthost] [warning] [Decorations] CAPPING events from decorations provider vscode.git 3736
[2022-10-13 16:16:16.575] [exthost] [warning] [Decorations] CAPPING events from decorations provider vscode.git 3736
[2022-10-13 16:27:48.052] [exthost] [warning] [Decorations] CAPPING events from decorations provider vscode.git 3736
[2022-10-13 16:27:48.750] [exthost] [warning] [Decorations] CAPPING events from decorations provider vscode.git 3736
[2022-10-13 16:27:53.217] [exthost] [warning] [Decorations] CAPPING events from decorations provider vscode.git 3736
[2022-10-13 16:27:58.368] [exthost] [warning] [Decorations] CAPPING events from decorations provider vscode.git 3736
[2022-10-13 16:28:03.500] [exthost] [warning] [Decorations] CAPPING events from decorations provider vscode.git 3738
[2022-10-13 16:28:08.655] [exthost] [warning] [Decorations] CAPPING events from decorations provider vscode.git 3738
[2022-10-13 16:28:13.782] [exthost] [warning] [Decorations] CAPPING events from decorations provider vscode.git 3738
[2022-10-13 16:28:18.936] [exthost] [warning] [Decorations] CAPPING events from decorations provider vscode.git 3738
[2022-10-13 16:28:24.079] [exthost] [warning] [Decorations] CAPPING events from decorations provider vscode.git 3738
[2022-10-13 16:28:29.218] [exthost] [warning] [Decorations] CAPPING events from decorations provider vscode.git 3738
[2022-10-13 16:28:34.355] [exthost] [warning] [Decorations] CAPPING events from decorations provider vscode.git 3740
[2022-10-13 16:28:39.513] [exthost] [warning] [Decorations] CAPPING events from decorations provider vscode.git 3740
[2022-10-13 16:28:52.165] [exthost] [warning] [Decorations] CAPPING events from decorations provider vscode.git 3740
[2022-10-13 16:28:57.322] [exthost] [warning] [Decorations] CAPPING events from decorations provider vscode.git 3740
[2022-10-13 16:29:05.305] [exthost] [warning] [Decorations] CAPPING events from decorations provider vscode.git 5795
[2022-10-13 16:29:10.475] [exthost] [warning] [Decorations] CAPPING events from decorations provider vscode.git 5795
[2022-10-13 16:29:15.641] [exthost] [warning] [Decorations] CAPPING events from decorations provider vscode.git 4392
[2022-10-13 16:29:20.816] [exthost] [warning] [Decorations] CAPPING events from decorations provider vscode.git 4392
[2022-10-13 16:29:36.286] [exthost] [warning] [Decorations] CAPPING events from decorations provider vscode.git 4392
[2022-10-13 16:29:41.464] [exthost] [warning] [Decorations] CAPPING events from decorations provider vscode.git 4392
[2022-10-13 16:29:46.665] [exthost] [warning] [Decorations] CAPPING events from decorations provider vscode.git 4392
[2022-10-13 16:30:17.613] [exthost] [warning] [Decorations] CAPPING events from decorations provider vscode.git 4392
[2022-10-13 16:30:22.786] [exthost] [warning] [Decorations] CAPPING events from decorations provider vscode.git 4392
[2022-10-13 16:30:27.954] [exthost] [warning] [Decorations] CAPPING events from decorations provider vscode.git 4392
[2022-10-13 16:30:33.122] [exthost] [warning] [Decorations] CAPPING events from decorations provider vscode.git 4392
[2022-10-13 16:30:38.314] [exthost] [warning] [Decorations] CAPPING events from decorations provider vscode.git 4392
[2022-10-13 16:30:45.984] [exthost] [warning] [Decorations] CAPPING events from decorations provider vscode.git 4394
[2022-10-13 16:30:49.266] [exthost] [warning] [Decorations] CAPPING events from decorations provider vscode.git 4394
[2022-10-13 16:30:51.127] [exthost] [warning] [Decorations] CAPPING events from decorations provider vscode.git 4394
[2022-10-13 16:30:56.279] [exthost] [warning] [Decorations] CAPPING events from decorations provider vscode.git 4394
[2022-10-13 16:31:02.085] [exthost] [warning] [Decorations] CAPPING events from decorations provider vscode.git 4396
[2022-10-13 16:31:07.261] [exthost] [warning] [Decorations] CAPPING events from decorations provider vscode.git 4396
[2022-10-13 16:31:13.296] [exthost] [warning] [Decorations] CAPPING events from decorations provider vscode.git 4396
[2022-10-13 16:31:21.607] [exthost] [warning] [Decorations] CAPPING events from decorations provider vscode.git 4398
[2022-10-13 16:31:37.621] [exthost] [warning] [Decorations] CAPPING events from decorations provider vscode.git 4398
[2022-10-13 16:31:42.814] [exthost] [warning] [Decorations] CAPPING events from decorations provider vscode.git 4400
[2022-10-13 16:31:54.909] [exthost] [warning] [Decorations] CAPPING events from decorations provider vscode.git 4400
[2022-10-13 16:32:00.134] [exthost] [warning] [Decorations] CAPPING events from decorations provider vscode.git 4402
[2022-10-13 16:32:07.755] [exthost] [warning] [Decorations] CAPPING events from decorations provider vscode.git 4402
[2022-10-13 16:32:12.908] [exthost] [warning] [Decorations] CAPPING events from decorations provider vscode.git 4402
[2022-10-13 16:32:18.076] [exthost] [warning] [Decorations] CAPPING events from decorations provider vscode.git 4402
[2022-10-13 16:32:23.226] [exthost] [warning] [Decorations] CAPPING events from decorations provider vscode.git 4404
[2022-10-13 16:32:28.395] [exthost] [warning] [Decorations] CAPPING events from decorations provider vscode.git 4404
[2022-10-13 16:32:40.399] [exthost] [warning] [Decorations] CAPPING events from decorations provider vscode.git 4404
[2022-10-13 16:32:45.566] [exthost] [warning] [Decorations] CAPPING events from decorations provider vscode.git 4404
[2022-10-13 16:32:50.772] [exthost] [warning] [Decorations] CAPPING events from decorations provider vscode.git 4406
[2022-10-13 16:32:55.945] [exthost] [warning] [Decorations] CAPPING events from decorations provider vscode.git 4406
[2022-10-13 16:33:01.133] [exthost] [warning] [Decorations] CAPPING events from decorations provider vscode.git 4408
[2022-10-13 16:33:06.292] [exthost] [warning] [Decorations] CAPPING events from decorations provider vscode.git 4408
[2022-10-13 16:33:11.477] [exthost] [warning] [Decorations] CAPPING events from decorations provider vscode.git 4408
[2022-10-13 16:33:16.659] [exthost] [warning] [Decorations] CAPPING events from decorations provider vscode.git 4408
[2022-10-13 16:33:21.850] [exthost] [warning] [Decorations] CAPPING events from decorations provider vscode.git 4410
[2022-10-13 16:33:27.008] [exthost] [warning] [Decorations] CAPPING events from decorations provider vscode.git 4410
[2022-10-13 16:33:32.190] [exthost] [warning] [Decorations] CAPPING events from decorations provider vscode.git 4410
[2022-10-13 16:33:56.790] [exthost] [warning] [Decorations] CAPPING events from decorations provider vscode.git 4410
[2022-10-13 16:33:57.600] [exthost] [warning] [Decorations] CAPPING events from decorations provider vscode.git 4410
[2022-10-13 16:34:01.974] [exthost] [warning] [Decorations] CAPPING events from decorations provider vscode.git 4410
[2022-10-13 16:34:07.157] [exthost] [warning] [Decorations] CAPPING events from decorations provider vscode.git 4410
[2022-10-13 16:34:12.363] [exthost] [warning] [Decorations] CAPPING events from decorations provider vscode.git 4410
[2022-10-13 16:34:18.111] [exthost] [warning] [Decorations] CAPPING events from decorations provider vscode.git 4497
[2022-10-13 16:34:23.282] [exthost] [warning] [Decorations] CAPPING events from decorations provider vscode.git 4497
[2022-10-13 16:34:28.439] [exthost] [warning] [Decorations] CAPPING events from decorations provider vscode.git 4497
[2022-10-13 16:34:33.609] [exthost] [warning] [Decorations] CAPPING events from decorations provider vscode.git 4497
[2022-10-13 16:34:38.785] [exthost] [warning] [Decorations] CAPPING events from decorations provider vscode.git 4497
[2022-10-13 16:34:43.964] [exthost] [warning] [Decorations] CAPPING events from decorations provider vscode.git 4497
[2022-10-13 16:34:49.112] [exthost] [warning] [Decorations] CAPPING events from decorations provider vscode.git 4497
[2022-10-13 16:34:54.280] [exthost] [warning] [Decorations] CAPPING events from decorations provider vscode.git 4497
[2022-10-13 16:34:59.467] [exthost] [warning] [Decorations] CAPPING events from decorations provider vscode.git 4497
[2022-10-13 16:35:04.642] [exthost] [warning] [Decorations] CAPPING events from decorations provider vscode.git 4497
[2022-10-13 16:35:09.817] [exthost] [warning] [Decorations] CAPPING events from decorations provider vscode.git 4497
[2022-10-13 16:35:15.016] [exthost] [warning] [Decorations] CAPPING events from decorations provider vscode.git 4497
[2022-10-13 16:35:20.725] [exthost] [warning] [Decorations] CAPPING events from decorations provider vscode.git 4497
[2022-10-13 16:35:25.895] [exthost] [warning] [Decorations] CAPPING events from decorations provider vscode.git 4497
[2022-10-13 16:35:31.079] [exthost] [warning] [Decorations] CAPPING events from decorations provider vscode.git 4497
[2022-10-13 16:35:36.238] [exthost] [warning] [Decorations] CAPPING events from decorations provider vscode.git 4497
[2022-10-13 16:35:41.422] [exthost] [warning] [Decorations] CAPPING events from decorations provider vscode.git 4497
[2022-10-13 16:35:46.598] [exthost] [warning] [Decorations] CAPPING events from decorations provider vscode.git 4497
[2022-10-13 16:35:51.771] [exthost] [warning] [Decorations] CAPPING events from decorations provider vscode.git 4497
[2022-10-13 16:35:56.939] [exthost] [warning] [Decorations] CAPPING events from decorations provider vscode.git 4497
[2022-10-13 16:36:02.149] [exthost] [warning] [Decorations] CAPPING events from decorations provider vscode.git 4497
[2022-10-13 16:36:07.326] [exthost] [warning] [Decorations] CAPPING events from decorations provider vscode.git 4497
[2022-10-13 16:36:12.500] [exthost] [warning] [Decorations] CAPPING events from decorations provider vscode.git 4497
[2022-10-13 16:36:17.651] [exthost] [warning] [Decorations] CAPPING events from decorations provider vscode.git 4497
[2022-10-13 16:36:22.819] [exthost] [warning] [Decorations] CAPPING events from decorations provider vscode.git 4497
[2022-10-13 16:36:28.004] [exthost] [warning] [Decorations] CAPPING events from decorations provider vscode.git 4497
[2022-10-13 16:36:34.724] [exthost] [warning] [Decorations] CAPPING events from decorations provider vscode.git 4497
[2022-10-13 16:36:39.894] [exthost] [warning] [Decorations] CAPPING events from decorations provider vscode.git 4497
[2022-10-13 16:36:45.086] [exthost] [warning] [Decorations] CAPPING events from decorations provider vscode.git 4497
[2022-10-13 16:36:50.244] [exthost] [warning] [Decorations] CAPPING events from decorations provider vscode.git 4497
[2022-10-13 16:36:55.418] [exthost] [warning] [Decorations] CAPPING events from decorations provider vscode.git 4497
[2022-10-13 16:36:58.117] [exthost] [warning] [Decorations] CAPPING events from decorations provider vscode.git 4497
[2022-10-13 16:37:00.628] [exthost] [warning] [Decorations] CAPPING events from decorations provider vscode.git 4497
[2022-10-13 16:37:05.793] [exthost] [warning] [Decorations] CAPPING events from decorations provider vscode.git 4497
[2022-10-13 16:37:10.950] [exthost] [warning] [Decorations] CAPPING events from decorations provider vscode.git 4497
[2022-10-13 16:37:16.114] [exthost] [warning] [Decorations] CAPPING events from decorations provider vscode.git 4497
[2022-10-13 16:37:21.296] [exthost] [warning] [Decorations] CAPPING events from decorations provider vscode.git 4497
[2022-10-13 16:37:26.478] [exthost] [warning] [Decorations] CAPPING events from decorations provider vscode.git 4497
[2022-10-13 16:37:31.648] [exthost] [warning] [Decorations] CAPPING events from decorations provider vscode.git 4497
[2022-10-13 16:37:36.817] [exthost] [warning] [Decorations] CAPPING events from decorations provider vscode.git 4497
[2022-10-13 16:37:42.007] [exthost] [warning] [Decorations] CAPPING events from decorations provider vscode.git 4497
[2022-10-13 16:37:47.196] [exthost] [warning] [Decorations] CAPPING events from decorations provider vscode.git 4497
[2022-10-13 16:37:52.371] [exthost] [warning] [Decorations] CAPPING events from decorations provider vscode.git 4497
[2022-10-13 16:37:57.543] [exthost] [warning] [Decorations] CAPPING events from decorations provider vscode.git 4497
[2022-10-13 16:38:02.735] [exthost] [warning] [Decorations] CAPPING events from decorations provider vscode.git 4497
[2022-10-13 16:38:07.912] [exthost] [warning] [Decorations] CAPPING events from decorations provider vscode.git 4497
[2022-10-13 16:38:13.063] [exthost] [warning] [Decorations] CAPPING events from decorations provider vscode.git 4497
[2022-10-13 16:38:18.228] [exthost] [warning] [Decorations] CAPPING events from decorations provider vscode.git 4497
[2022-10-13 16:38:23.417] [exthost] [warning] [Decorations] CAPPING events from decorations provider vscode.git 4497
[2022-10-13 16:38:28.590] [exthost] [warning] [Decorations] CAPPING events from decorations provider vscode.git 4497
[2022-10-13 16:38:33.746] [exthost] [warning] [Decorations] CAPPING events from decorations provider vscode.git 4497
[2022-10-13 16:38:38.914] [exthost] [warning] [Decorations] CAPPING events from decorations provider vscode.git 4497
[2022-10-13 16:38:44.098] [exthost] [warning] [Decorations] CAPPING events from decorations provider vscode.git 4497
[2022-10-13 16:38:49.253] [exthost] [warning] [Decorations] CAPPING events from decorations provider vscode.git 4497
[2022-10-13 16:38:54.422] [exthost] [warning] [Decorations] CAPPING events from decorations provider vscode.git 4497
[2022-10-13 16:38:59.580] [exthost] [warning] [Decorations] CAPPING events from decorations provider vscode.git 4497
[2022-10-13 16:39:04.843] [exthost] [warning] [Decorations] CAPPING events from decorations provider vscode.git 4497
[2022-10-13 16:39:10.025] [exthost] [warning] [Decorations] CAPPING events from decorations provider vscode.git 4497
[2022-10-13 16:39:15.221] [exthost] [warning] [Decorations] CAPPING events from decorations provider vscode.git 4497
[2022-10-13 16:39:20.388] [exthost] [warning] [Decorations] CAPPING events from decorations provider vscode.git 4497
[2022-10-13 16:39:25.555] [exthost] [warning] [Decorations] CAPPING events from decorations provider vscode.git 4497
[2022-10-13 16:39:31.269] [exthost] [warning] [Decorations] CAPPING events from decorations provider vscode.git 4497
[2022-10-13 16:39:36.445] [exthost] [warning] [Decorations] CAPPING events from decorations provider vscode.git 4497
[2022-10-13 16:39:41.614] [exthost] [warning] [Decorations] CAPPING events from decorations provider vscode.git 4497
[2022-10-13 16:39:46.806] [exthost] [warning] [Decorations] CAPPING events from decorations provider vscode.git 4497
[2022-10-13 16:39:51.990] [exthost] [warning] [Decorations] CAPPING events from decorations provider vscode.git 4497
[2022-10-13 16:39:57.159] [exthost] [warning] [Decorations] CAPPING events from decorations provider vscode.git 4497
[2022-10-13 16:39:58.665] [exthost] [warning] [Decorations] CAPPING events from decorations provider vscode.git 4497
[2022-10-13 16:40:02.323] [exthost] [warning] [Decorations] CAPPING events from decorations provider vscode.git 4497
[2022-10-13 16:40:07.518] [exthost] [warning] [Decorations] CAPPING events from decorations provider vscode.git 4497
[2022-10-13 16:40:13.257] [exthost] [warning] [Decorations] CAPPING events from decorations provider vscode.git 4497
[2022-10-13 16:40:18.445] [exthost] [warning] [Decorations] CAPPING events from decorations provider vscode.git 4497
[2022-10-13 16:40:23.620] [exthost] [warning] [Decorations] CAPPING events from decorations provider vscode.git 4497
[2022-10-13 16:40:28.791] [exthost] [warning] [Decorations] CAPPING events from decorations provider vscode.git 4497
[2022-10-13 16:40:33.999] [exthost] [warning] [Decorations] CAPPING events from decorations provider vscode.git 4497
[2022-10-13 16:40:39.175] [exthost] [warning] [Decorations] CAPPING events from decorations provider vscode.git 4497
[2022-10-13 16:40:44.327] [exthost] [warning] [Decorations] CAPPING events from decorations provider vscode.git 4497
[2022-10-13 16:40:49.491] [exthost] [warning] [Decorations] CAPPING events from decorations provider vscode.git 4497
[2022-10-13 16:40:54.662] [exthost] [warning] [Decorations] CAPPING events from decorations provider vscode.git 4497
[2022-10-13 16:40:59.839] [exthost] [warning] [Decorations] CAPPING events from decorations provider vscode.git 4497
[2022-10-13 16:41:04.994] [exthost] [warning] [Decorations] CAPPING events from decorations provider vscode.git 4497
[2022-10-13 16:41:10.161] [exthost] [warning] [Decorations] CAPPING events from decorations provider vscode.git 4497
[2022-10-13 16:41:16.900] [exthost] [warning] [Decorations] CAPPING events from decorations provider vscode.git 4497
[2022-10-13 16:41:22.078] [exthost] [warning] [Decorations] CAPPING events from decorations provider vscode.git 4497
[2022-10-13 16:41:27.252] [exthost] [warning] [Decorations] CAPPING events from decorations provider vscode.git 4497
[2022-10-13 16:41:32.408] [exthost] [warning] [Decorations] CAPPING events from decorations provider vscode.git 4497
[2022-10-13 16:41:37.593] [exthost] [warning] [Decorations] CAPPING events from decorations provider vscode.git 4497
[2022-10-13 16:41:42.759] [exthost] [warning] [Decorations] CAPPING events from decorations provider vscode.git 4497
[2022-10-13 16:41:47.931] [exthost] [warning] [Decorations] CAPPING events from decorations provider vscode.git 4497
[2022-10-13 16:41:53.097] [exthost] [warning] [Decorations] CAPPING events from decorations provider vscode.git 4497
[2022-10-13 16:41:58.291] [exthost] [warning] [Decorations] CAPPING events from decorations provider vscode.git 4497
[2022-10-13 16:42:03.474] [exthost] [warning] [Decorations] CAPPING events from decorations provider vscode.git 4497
[2022-10-13 16:42:08.649] [exthost] [warning] [Decorations] CAPPING events from decorations provider vscode.git 4497
[2022-10-13 16:42:13.813] [exthost] [warning] [Decorations] CAPPING events from decorations provider vscode.git 4497
[2022-10-13 16:42:19.004] [exthost] [warning] [Decorations] CAPPING events from decorations provider vscode.git 4497
[2022-10-13 16:42:24.731] [exthost] [warning] [Decorations] CAPPING events from decorations provider vscode.git 4497
[2022-10-13 16:42:29.888] [exthost] [warning] [Decorations] CAPPING events from decorations provider vscode.git 4497
[2022-10-13 16:42:35.052] [exthost] [warning] [Decorations] CAPPING events from decorations provider vscode.git 4497
[2022-10-13 16:42:40.243] [exthost] [warning] [Decorations] CAPPING events from decorations provider vscode.git 4497
[2022-10-13 16:42:45.385] [exthost] [warning] [Decorations] CAPPING events from decorations provider vscode.git 4497
[2022-10-13 16:42:50.562] [exthost] [warning] [Decorations] CAPPING events from decorations provider vscode.git 4497
[2022-10-13 16:42:55.733] [exthost] [warning] [Decorations] CAPPING events from decorations provider vscode.git 4497
[2022-10-13 16:42:59.205] [exthost] [warning] [Decorations] CAPPING events from decorations provider vscode.git 4497
[2022-10-13 16:43:04.459] [exthost] [warning] [Decorations] CAPPING events from decorations provider vscode.git 4497
[2022-10-13 16:43:09.637] [exthost] [warning] [Decorations] CAPPING events from decorations provider vscode.git 4497
[2022-10-13 16:43:14.817] [exthost] [warning] [Decorations] CAPPING events from decorations provider vscode.git 4497
[2022-10-13 16:43:19.988] [exthost] [warning] [Decorations] CAPPING events from decorations provider vscode.git 4497
[2022-10-13 16:43:25.185] [exthost] [warning] [Decorations] CAPPING events from decorations provider vscode.git 4497
[2022-10-13 16:44:07.254] [exthost] [warning] [Decorations] CAPPING events from decorations provider vscode.git 4497
[2022-10-13 16:44:12.407] [exthost] [warning] [Decorations] CAPPING events from decorations provider vscode.git 4497
[2022-10-13 16:44:18.158] [exthost] [warning] [Decorations] CAPPING events from decorations provider vscode.git 4497
[2022-10-13 16:44:23.324] [exthost] [warning] [Decorations] CAPPING events from decorations provider vscode.git 4497
[2022-10-13 16:44:28.505] [exthost] [warning] [Decorations] CAPPING events from decorations provider vscode.git 4497
[2022-10-13 16:44:34.227] [exthost] [warning] [Decorations] CAPPING events from decorations provider vscode.git 4497
[2022-10-13 16:44:39.417] [exthost] [warning] [Decorations] CAPPING events from decorations provider vscode.git 4497
[2022-10-13 16:44:44.654] [exthost] [warning] [Decorations] CAPPING events from decorations provider vscode.git 4498
[2022-10-13 16:44:50.416] [exthost] [warning] [Decorations] CAPPING events from decorations provider vscode.git 4498
[2022-10-13 16:44:55.576] [exthost] [warning] [Decorations] CAPPING events from decorations provider vscode.git 4498
[2022-10-13 16:45:05.432] [exthost] [warning] [Decorations] CAPPING events from decorations provider vscode.git 4502
[2022-10-13 16:45:10.604] [exthost] [warning] [Decorations] CAPPING events from decorations provider vscode.git 4502
[2022-10-13 16:45:15.787] [exthost] [warning] [Decorations] CAPPING events from decorations provider vscode.git 4502
[2022-10-13 16:45:22.504] [exthost] [warning] [Decorations] CAPPING events from decorations provider vscode.git 4502
[2022-10-13 16:45:27.683] [exthost] [warning] [Decorations] CAPPING events from decorations provider vscode.git 4504
[2022-10-13 16:45:32.840] [exthost] [warning] [Decorations] CAPPING events from decorations provider vscode.git 4504
[2022-10-13 16:51:26.480] [exthost] [warning] [Decorations] CAPPING events from decorations provider vscode.git 4504
[2022-10-13 16:51:27.289] [exthost] [warning] [Decorations] CAPPING events from decorations provider vscode.git 4504
[2022-10-13 16:51:31.640] [exthost] [warning] [Decorations] CAPPING events from decorations provider vscode.git 4504
[2022-10-13 16:51:36.797] [exthost] [warning] [Decorations] CAPPING events from decorations provider vscode.git 4506
[2022-10-13 16:51:41.942] [exthost] [warning] [Decorations] CAPPING events from decorations provider vscode.git 4506
[2022-10-13 16:51:47.099] [exthost] [warning] [Decorations] CAPPING events from decorations provider vscode.git 4506
[2022-10-13 16:51:52.241] [exthost] [warning] [Decorations] CAPPING events from decorations provider vscode.git 4506
[2022-10-13 16:51:57.379] [exthost] [warning] [Decorations] CAPPING events from decorations provider vscode.git 4506
[2022-10-13 16:52:02.551] [exthost] [warning] [Decorations] CAPPING events from decorations provider vscode.git 4508
[2022-10-13 16:52:07.701] [exthost] [warning] [Decorations] CAPPING events from decorations provider vscode.git 4508
[2022-10-13 16:52:12.912] [exthost] [warning] [Decorations] CAPPING events from decorations provider vscode.git 4508
[2022-10-13 16:52:18.634] [exthost] [warning] [Decorations] CAPPING events from decorations provider vscode.git 4508
[2022-10-13 16:52:23.796] [exthost] [warning] [Decorations] CAPPING events from decorations provider vscode.git 4508
[2022-10-13 16:53:18.476] [exthost] [warning] [Decorations] CAPPING events from decorations provider vscode.git 4508
[2022-10-13 16:53:23.628] [exthost] [warning] [Decorations] CAPPING events from decorations provider vscode.git 4508
[2022-10-13 16:53:28.806] [exthost] [warning] [Decorations] CAPPING events from decorations provider vscode.git 4510
[2022-10-13 16:53:33.971] [exthost] [warning] [Decorations] CAPPING events from decorations provider vscode.git 4596
[2022-10-13 16:53:39.139] [exthost] [warning] [Decorations] CAPPING events from decorations provider vscode.git 4596
[2022-10-13 16:54:13.388] [exthost] [warning] [Decorations] CAPPING events from decorations provider vscode.git 4596
[2022-10-13 16:54:18.547] [exthost] [warning] [Decorations] CAPPING events from decorations provider vscode.git 4596
[2022-10-13 16:54:23.728] [exthost] [warning] [Decorations] CAPPING events from decorations provider vscode.git 4596
[2022-10-13 16:54:27.801] [exthost] [warning] [Decorations] CAPPING events from decorations provider vscode.git 4596
[2022-10-13 16:54:28.891] [exthost] [warning] [Decorations] CAPPING events from decorations provider vscode.git 4596
[2022-10-13 16:54:34.052] [exthost] [warning] [Decorations] CAPPING events from decorations provider vscode.git 4596
[2022-10-13 16:54:39.769] [exthost] [warning] [Decorations] CAPPING events from decorations provider vscode.git 4596
[2022-10-13 16:54:44.971] [exthost] [warning] [Decorations] CAPPING events from decorations provider vscode.git 4596
[2022-10-13 16:54:50.150] [exthost] [warning] [Decorations] CAPPING events from decorations provider vscode.git 4596
[2022-10-13 16:54:55.313] [exthost] [warning] [Decorations] CAPPING events from decorations provider vscode.git 4598
[2022-10-13 16:55:00.485] [exthost] [warning] [Decorations] CAPPING events from decorations provider vscode.git 4598
[2022-10-13 16:55:05.658] [exthost] [warning] [Decorations] CAPPING events from decorations provider vscode.git 4598
[2022-10-13 16:55:19.844] [exthost] [warning] [Decorations] CAPPING events from decorations provider vscode.git 4598
[2022-10-13 16:55:51.209] [exthost] [warning] [Decorations] CAPPING events from decorations provider vscode.git 4598
[2022-10-13 16:55:56.368] [exthost] [warning] [Decorations] CAPPING events from decorations provider vscode.git 4598
[2022-10-13 16:56:01.547] [exthost] [warning] [Decorations] CAPPING events from decorations provider vscode.git 4598
[2022-10-13 16:59:48.668] [exthost] [warning] [Decorations] CAPPING events from decorations provider vscode.git 4600
[2022-10-13 16:59:49.506] [exthost] [warning] [Decorations] CAPPING events from decorations provider vscode.git 4600
[2022-10-13 16:59:53.845] [exthost] [warning] [Decorations] CAPPING events from decorations provider vscode.git 4600
[2022-10-13 16:59:59.019] [exthost] [warning] [Decorations] CAPPING events from decorations provider vscode.git 4602
[2022-10-13 17:00:04.808] [exthost] [warning] [Decorations] CAPPING events from decorations provider vscode.git 4602
[2022-10-13 17:00:10.010] [exthost] [warning] [Decorations] CAPPING events from decorations provider vscode.git 4602
[2022-10-13 17:00:22.081] [exthost] [warning] [Decorations] CAPPING events from decorations provider vscode.git 4602
[2022-10-13 17:00:22.704] [exthost] [info] Extension host terminating: received terminate message from renderer
[2022-10-13 17:00:22.706] [exthost] [info] Lock '/home/nunoamorim/.vscode-server/data/User/workspaceStorage/a9f5109e99d391079f85d3e92812567a/vscode.lock': Marking the lockfile as scheduled to be released in 6000 ms.
[2022-10-13 17:00:22.833] [exthost] [info] Extension host with pid 610 exiting with code 0
