[2022-10-05 15:03:29.704] [exthost] [info] Extension host with pid 2138 started
[2022-10-05 15:03:29.742] [exthost] [info] Lock '/home/nunoamorim/.vscode-server/data/User/workspaceStorage/a9f5109e99d391079f85d3e92812567a/vscode.lock': Lock acquired.
[2022-10-05 15:03:29.840] [exthost] [info] ExtensionService#_doActivateExtension vscode.typescript-language-features, startup: false, activationEvent: 'onLanguage:javascript'
[2022-10-05 15:03:29.932] [exthost] [info] ExtensionService#_doActivateExtension vscode.debug-auto-launch, startup: true, activationEvent: '*'
[2022-10-05 15:03:29.941] [exthost] [info] ExtensionService#_doActivateExtension vscode.git-base, startup: true, activationEvent: '*', root cause: vscode.git
[2022-10-05 15:03:29.948] [exthost] [info] ExtensionService#_doActivateExtension vscode.ipynb, startup: true, activationEvent: '*'
[2022-10-05 15:03:30.175] [exthost] [info] ExtensionService#_doActivateExtension vscode.git, startup: true, activationEvent: '*'
[2022-10-05 15:03:30.326] [exthost] [info] ExtensionService#_doActivateExtension vscode.github, startup: true, activationEvent: '*'
[2022-10-05 15:03:30.448] [exthost] [info] ExtensionService#_doActivateExtension GitHub.vscode-pull-request-github, startup: true, activationEvent: '*'
[2022-10-05 15:03:30.860] [exthost] [warning] [Decorations] CAPPING events from decorations provider vscode.git 1296
[2022-10-05 15:03:31.490] [exthost] [warning] [Decorations] CAPPING events from decorations provider vscode.git 1296
[2022-10-05 15:03:32.004] [exthost] [warning] [Decorations] CAPPING events from decorations provider vscode.git 1299
[2022-10-05 15:03:33.600] [exthost] [info] ExtensionService#_doActivateExtension vscode.emmet, startup: false, activationEvent: 'onStartupFinished'
[2022-10-05 15:03:33.619] [exthost] [info] ExtensionService#_doActivateExtension vscode.merge-conflict, startup: false, activationEvent: 'onStartupFinished'
[2022-10-05 15:03:33.623] [exthost] [info] Eager extensions activated
[2022-10-05 15:03:40.069] [exthost] [warning] [Decorations] CAPPING events from decorations provider vscode.git 1300
[2022-10-05 15:03:44.855] [exthost] [info] ExtensionService#_doActivateExtension vscode.configuration-editing, startup: false, activationEvent: 'onLanguage:json'
[2022-10-05 15:03:44.864] [exthost] [info] ExtensionService#_doActivateExtension vscode.extension-editing, startup: false, activationEvent: 'onLanguage:json'
[2022-10-05 15:03:44.896] [exthost] [info] ExtensionService#_doActivateExtension vscode.json-language-features, startup: false, activationEvent: 'onLanguage:json'
[2022-10-05 15:03:45.013] [exthost] [info] ExtensionService#_doActivateExtension vscode.npm, startup: false, activationEvent: 'onLanguage:json'
[2022-10-05 15:03:45.242] [exthost] [warning] [Decorations] CAPPING events from decorations provider vscode.git 1298
[2022-10-05 15:03:50.310] [exthost] [warning] [Decorations] CAPPING events from decorations provider vscode.git 1299
[2022-10-05 15:03:55.405] [exthost] [warning] [Decorations] CAPPING events from decorations provider vscode.git 1299
[2022-10-05 15:04:00.476] [exthost] [warning] [Decorations] CAPPING events from decorations provider vscode.git 1299
[2022-10-05 15:04:05.550] [exthost] [warning] [Decorations] CAPPING events from decorations provider vscode.git 1299
[2022-10-05 15:05:07.429] [exthost] [warning] [Decorations] CAPPING events from decorations provider vscode.git 1299
[2022-10-05 15:05:12.514] [exthost] [warning] [Decorations] CAPPING events from decorations provider vscode.git 1299
[2022-10-05 15:05:17.593] [exthost] [warning] [Decorations] CAPPING events from decorations provider vscode.git 1299
[2022-10-05 15:05:22.668] [exthost] [warning] [Decorations] CAPPING events from decorations provider vscode.git 1300
[2022-10-05 15:05:27.756] [exthost] [warning] [Decorations] CAPPING events from decorations provider vscode.git 1302
[2022-10-05 15:05:32.843] [exthost] [warning] [Decorations] CAPPING events from decorations provider vscode.git 1302
[2022-10-05 15:05:37.904] [exthost] [warning] [Decorations] CAPPING events from decorations provider vscode.git 1302
[2022-10-05 15:05:42.985] [exthost] [warning] [Decorations] CAPPING events from decorations provider vscode.git 1302
[2022-10-05 15:05:48.047] [exthost] [warning] [Decorations] CAPPING events from decorations provider vscode.git 1302
[2022-10-05 15:05:53.113] [exthost] [warning] [Decorations] CAPPING events from decorations provider vscode.git 1302
[2022-10-05 15:05:58.177] [exthost] [warning] [Decorations] CAPPING events from decorations provider vscode.git 1302
[2022-10-05 15:06:03.275] [exthost] [warning] [Decorations] CAPPING events from decorations provider vscode.git 1302
[2022-10-05 15:06:08.335] [exthost] [warning] [Decorations] CAPPING events from decorations provider vscode.git 1302
[2022-10-05 15:06:13.394] [exthost] [warning] [Decorations] CAPPING events from decorations provider vscode.git 1302
[2022-10-05 15:06:16.790] [exthost] [info] ExtensionService#_doActivateExtension vscode.html-language-features, startup: false, activationEvent: 'onLanguage:html'
[2022-10-05 15:06:18.465] [exthost] [warning] [Decorations] CAPPING events from decorations provider vscode.git 1304
[2022-10-05 15:06:33.005] [exthost] [warning] [Decorations] CAPPING events from decorations provider vscode.git 1304
[2022-10-05 15:06:33.370] [exthost] [warning] [Decorations] CAPPING events from decorations provider vscode.git 1304
[2022-10-05 15:06:38.080] [exthost] [warning] [Decorations] CAPPING events from decorations provider vscode.git 1306
[2022-10-05 15:06:43.149] [exthost] [warning] [Decorations] CAPPING events from decorations provider vscode.git 1306
[2022-10-05 15:07:30.858] [exthost] [warning] [Decorations] CAPPING events from decorations provider vscode.git 1306
[2022-10-05 15:07:35.932] [exthost] [warning] [Decorations] CAPPING events from decorations provider vscode.git 1306
[2022-10-05 15:07:41.009] [exthost] [warning] [Decorations] CAPPING events from decorations provider vscode.git 1306
[2022-10-05 15:07:46.079] [exthost] [warning] [Decorations] CAPPING events from decorations provider vscode.git 1306
[2022-10-05 15:07:51.145] [exthost] [warning] [Decorations] CAPPING events from decorations provider vscode.git 1306
[2022-10-05 15:07:56.212] [exthost] [warning] [Decorations] CAPPING events from decorations provider vscode.git 1306
[2022-10-05 15:08:01.300] [exthost] [warning] [Decorations] CAPPING events from decorations provider vscode.git 1306
[2022-10-05 15:08:06.861] [exthost] [warning] [Decorations] CAPPING events from decorations provider vscode.git 1306
[2022-10-05 15:08:11.934] [exthost] [warning] [Decorations] CAPPING events from decorations provider vscode.git 1306
[2022-10-05 15:08:16.997] [exthost] [warning] [Decorations] CAPPING events from decorations provider vscode.git 1306
[2022-10-05 15:08:22.074] [exthost] [warning] [Decorations] CAPPING events from decorations provider vscode.git 1307
[2022-10-05 15:08:33.890] [exthost] [warning] [Decorations] CAPPING events from decorations provider vscode.git 1309
[2022-10-05 15:08:38.971] [exthost] [warning] [Decorations] CAPPING events from decorations provider vscode.git 1309
[2022-10-05 15:08:44.046] [exthost] [warning] [Decorations] CAPPING events from decorations provider vscode.git 1309
[2022-10-05 15:08:49.143] [exthost] [warning] [Decorations] CAPPING events from decorations provider vscode.git 1309
[2022-10-05 15:08:54.205] [exthost] [warning] [Decorations] CAPPING events from decorations provider vscode.git 1309
[2022-10-05 15:08:59.279] [exthost] [warning] [Decorations] CAPPING events from decorations provider vscode.git 1309
[2022-10-05 15:09:04.891] [exthost] [warning] [Decorations] CAPPING events from decorations provider vscode.git 1309
[2022-10-05 15:09:09.965] [exthost] [warning] [Decorations] CAPPING events from decorations provider vscode.git 1309
[2022-10-05 15:09:15.038] [exthost] [warning] [Decorations] CAPPING events from decorations provider vscode.git 1309
[2022-10-05 15:09:20.119] [exthost] [warning] [Decorations] CAPPING events from decorations provider vscode.git 1309
[2022-10-05 15:09:25.919] [exthost] [warning] [Decorations] CAPPING events from decorations provider vscode.git 1309
[2022-10-05 15:09:31.000] [exthost] [warning] [Decorations] CAPPING events from decorations provider vscode.git 1309
[2022-10-05 15:09:33.870] [exthost] [warning] [Decorations] CAPPING events from decorations provider vscode.git 1309
[2022-10-05 15:09:36.072] [exthost] [warning] [Decorations] CAPPING events from decorations provider vscode.git 1309
[2022-10-05 15:09:41.130] [exthost] [warning] [Decorations] CAPPING events from decorations provider vscode.git 1310
[2022-10-05 15:09:46.202] [exthost] [warning] [Decorations] CAPPING events from decorations provider vscode.git 1310
[2022-10-05 15:09:51.266] [exthost] [warning] [Decorations] CAPPING events from decorations provider vscode.git 1310
[2022-10-05 15:09:56.344] [exthost] [warning] [Decorations] CAPPING events from decorations provider vscode.git 1310
[2022-10-05 15:10:01.430] [exthost] [warning] [Decorations] CAPPING events from decorations provider vscode.git 1310
[2022-10-05 15:10:06.513] [exthost] [warning] [Decorations] CAPPING events from decorations provider vscode.git 1310
[2022-10-05 15:10:11.584] [exthost] [warning] [Decorations] CAPPING events from decorations provider vscode.git 1310
[2022-10-05 15:10:16.660] [exthost] [warning] [Decorations] CAPPING events from decorations provider vscode.git 1310
[2022-10-05 15:10:21.726] [exthost] [warning] [Decorations] CAPPING events from decorations provider vscode.git 1310
[2022-10-05 15:10:26.809] [exthost] [warning] [Decorations] CAPPING events from decorations provider vscode.git 1310
[2022-10-05 15:10:31.876] [exthost] [warning] [Decorations] CAPPING events from decorations provider vscode.git 1310
[2022-10-05 15:10:36.948] [exthost] [warning] [Decorations] CAPPING events from decorations provider vscode.git 1310
[2022-10-05 15:10:42.018] [exthost] [warning] [Decorations] CAPPING events from decorations provider vscode.git 1310
[2022-10-05 15:10:47.103] [exthost] [warning] [Decorations] CAPPING events from decorations provider vscode.git 1310
[2022-10-05 15:10:52.185] [exthost] [warning] [Decorations] CAPPING events from decorations provider vscode.git 1310
[2022-10-05 15:10:57.267] [exthost] [warning] [Decorations] CAPPING events from decorations provider vscode.git 1310
[2022-10-05 15:11:02.354] [exthost] [warning] [Decorations] CAPPING events from decorations provider vscode.git 1337
[2022-10-05 15:11:07.452] [exthost] [warning] [Decorations] CAPPING events from decorations provider vscode.git 5465
[2022-10-05 15:11:21.072] [exthost] [warning] [Decorations] CAPPING events from decorations provider vscode.git 5465
[2022-10-05 15:11:26.180] [exthost] [warning] [Decorations] CAPPING events from decorations provider vscode.git 5465
[2022-10-05 15:11:31.297] [exthost] [warning] [Decorations] CAPPING events from decorations provider vscode.git 5465
[2022-10-05 15:11:36.438] [exthost] [warning] [Decorations] CAPPING events from decorations provider vscode.git 5465
[2022-10-05 15:11:41.583] [exthost] [warning] [Decorations] CAPPING events from decorations provider vscode.git 5465
[2022-10-05 15:11:46.696] [exthost] [warning] [Decorations] CAPPING events from decorations provider vscode.git 5465
[2022-10-05 15:11:51.813] [exthost] [warning] [Decorations] CAPPING events from decorations provider vscode.git 5465
[2022-10-05 15:11:56.921] [exthost] [warning] [Decorations] CAPPING events from decorations provider vscode.git 5465
[2022-10-05 15:12:02.061] [exthost] [warning] [Decorations] CAPPING events from decorations provider vscode.git 5465
[2022-10-05 15:12:07.221] [exthost] [warning] [Decorations] CAPPING events from decorations provider vscode.git 5465
[2022-10-05 15:12:18.256] [exthost] [warning] [Decorations] CAPPING events from decorations provider vscode.git 5465
[2022-10-05 15:12:23.372] [exthost] [warning] [Decorations] CAPPING events from decorations provider vscode.git 5465
[2022-10-05 15:12:28.496] [exthost] [warning] [Decorations] CAPPING events from decorations provider vscode.git 5465
[2022-10-05 15:12:33.624] [exthost] [warning] [Decorations] CAPPING events from decorations provider vscode.git 5465
[2022-10-05 15:12:34.623] [exthost] [warning] [Decorations] CAPPING events from decorations provider vscode.git 5465
[2022-10-05 15:12:38.729] [exthost] [warning] [Decorations] CAPPING events from decorations provider vscode.git 5465
[2022-10-05 15:12:43.855] [exthost] [warning] [Decorations] CAPPING events from decorations provider vscode.git 5465
[2022-10-05 15:12:49.010] [exthost] [warning] [Decorations] CAPPING events from decorations provider vscode.git 5465
[2022-10-05 15:12:54.123] [exthost] [warning] [Decorations] CAPPING events from decorations provider vscode.git 5465
[2022-10-05 15:12:59.256] [exthost] [warning] [Decorations] CAPPING events from decorations provider vscode.git 5465
[2022-10-05 15:13:04.384] [exthost] [warning] [Decorations] CAPPING events from decorations provider vscode.git 5465
[2022-10-05 15:13:09.535] [exthost] [warning] [Decorations] CAPPING events from decorations provider vscode.git 5465
[2022-10-05 15:13:14.658] [exthost] [warning] [Decorations] CAPPING events from decorations provider vscode.git 5465
[2022-10-05 15:13:19.759] [exthost] [warning] [Decorations] CAPPING events from decorations provider vscode.git 5465
[2022-10-05 15:13:24.902] [exthost] [warning] [Decorations] CAPPING events from decorations provider vscode.git 5465
[2022-10-05 15:13:30.043] [exthost] [warning] [Decorations] CAPPING events from decorations provider vscode.git 5465
[2022-10-05 15:13:44.271] [exthost] [warning] [Decorations] CAPPING events from decorations provider vscode.git 5465
[2022-10-05 15:13:49.377] [exthost] [warning] [Decorations] CAPPING events from decorations provider vscode.git 5465
[2022-10-05 15:13:54.503] [exthost] [warning] [Decorations] CAPPING events from decorations provider vscode.git 5465
[2022-10-05 15:13:59.645] [exthost] [warning] [Decorations] CAPPING events from decorations provider vscode.git 5465
[2022-10-05 15:14:04.778] [exthost] [warning] [Decorations] CAPPING events from decorations provider vscode.git 5465
[2022-10-05 15:14:09.890] [exthost] [warning] [Decorations] CAPPING events from decorations provider vscode.git 5465
[2022-10-05 15:14:15.013] [exthost] [warning] [Decorations] CAPPING events from decorations provider vscode.git 5465
[2022-10-05 15:14:20.132] [exthost] [warning] [Decorations] CAPPING events from decorations provider vscode.git 5465
[2022-10-05 15:14:25.235] [exthost] [warning] [Decorations] CAPPING events from decorations provider vscode.git 5465
[2022-10-05 15:14:30.371] [exthost] [warning] [Decorations] CAPPING events from decorations provider vscode.git 5465
[2022-10-05 15:14:42.005] [exthost] [warning] [Decorations] CAPPING events from decorations provider vscode.git 5465
[2022-10-05 15:14:47.144] [exthost] [warning] [Decorations] CAPPING events from decorations provider vscode.git 5465
[2022-10-05 15:14:52.292] [exthost] [warning] [Decorations] CAPPING events from decorations provider vscode.git 5465
[2022-10-05 15:14:57.444] [exthost] [warning] [Decorations] CAPPING events from decorations provider vscode.git 5465
[2022-10-05 15:15:02.570] [exthost] [warning] [Decorations] CAPPING events from decorations provider vscode.git 5465
[2022-10-05 15:15:07.687] [exthost] [warning] [Decorations] CAPPING events from decorations provider vscode.git 5465
[2022-10-05 15:15:12.817] [exthost] [warning] [Decorations] CAPPING events from decorations provider vscode.git 5465
[2022-10-05 15:15:17.949] [exthost] [warning] [Decorations] CAPPING events from decorations provider vscode.git 5465
[2022-10-05 15:15:24.778] [exthost] [warning] [Decorations] CAPPING events from decorations provider vscode.git 5465
[2022-10-05 15:15:29.887] [exthost] [warning] [Decorations] CAPPING events from decorations provider vscode.git 5465
[2022-10-05 15:15:35.158] [exthost] [warning] [Decorations] CAPPING events from decorations provider vscode.git 5465
[2022-10-05 15:15:35.652] [exthost] [warning] [Decorations] CAPPING events from decorations provider vscode.git 5465
[2022-10-05 15:15:40.768] [exthost] [warning] [Decorations] CAPPING events from decorations provider vscode.git 5465
[2022-10-05 15:15:45.888] [exthost] [warning] [Decorations] CAPPING events from decorations provider vscode.git 5465
[2022-10-05 15:15:51.005] [exthost] [warning] [Decorations] CAPPING events from decorations provider vscode.git 5465
[2022-10-05 15:15:56.128] [exthost] [warning] [Decorations] CAPPING events from decorations provider vscode.git 5465
[2022-10-05 15:16:01.232] [exthost] [warning] [Decorations] CAPPING events from decorations provider vscode.git 5465
[2022-10-05 15:16:06.365] [exthost] [warning] [Decorations] CAPPING events from decorations provider vscode.git 5465
[2022-10-05 15:16:11.528] [exthost] [warning] [Decorations] CAPPING events from decorations provider vscode.git 5465
[2022-10-05 15:16:17.159] [exthost] [warning] [Decorations] CAPPING events from decorations provider vscode.git 5465
[2022-10-05 15:16:22.266] [exthost] [warning] [Decorations] CAPPING events from decorations provider vscode.git 5465
[2022-10-05 15:16:27.391] [exthost] [warning] [Decorations] CAPPING events from decorations provider vscode.git 5465
[2022-10-05 15:16:32.525] [exthost] [warning] [Decorations] CAPPING events from decorations provider vscode.git 5465
[2022-10-05 15:16:37.635] [exthost] [warning] [Decorations] CAPPING events from decorations provider vscode.git 5465
[2022-10-05 15:16:42.744] [exthost] [warning] [Decorations] CAPPING events from decorations provider vscode.git 5465
[2022-10-05 15:16:47.866] [exthost] [warning] [Decorations] CAPPING events from decorations provider vscode.git 5465
[2022-10-05 15:16:52.976] [exthost] [warning] [Decorations] CAPPING events from decorations provider vscode.git 5465
[2022-10-05 15:16:58.116] [exthost] [warning] [Decorations] CAPPING events from decorations provider vscode.git 5465
[2022-10-05 15:17:03.242] [exthost] [warning] [Decorations] CAPPING events from decorations provider vscode.git 5465
[2022-10-05 15:17:08.352] [exthost] [warning] [Decorations] CAPPING events from decorations provider vscode.git 5465
[2022-10-05 15:17:13.480] [exthost] [warning] [Decorations] CAPPING events from decorations provider vscode.git 5465
[2022-10-05 15:17:18.608] [exthost] [warning] [Decorations] CAPPING events from decorations provider vscode.git 5465
[2022-10-05 15:17:23.714] [exthost] [warning] [Decorations] CAPPING events from decorations provider vscode.git 5465
[2022-10-05 15:17:28.836] [exthost] [warning] [Decorations] CAPPING events from decorations provider vscode.git 5465
[2022-10-05 15:17:33.971] [exthost] [warning] [Decorations] CAPPING events from decorations provider vscode.git 5465
[2022-10-05 15:17:39.107] [exthost] [warning] [Decorations] CAPPING events from decorations provider vscode.git 5465
[2022-10-05 15:17:44.240] [exthost] [warning] [Decorations] CAPPING events from decorations provider vscode.git 5465
[2022-10-05 15:17:49.357] [exthost] [warning] [Decorations] CAPPING events from decorations provider vscode.git 5465
[2022-10-05 15:17:54.505] [exthost] [warning] [Decorations] CAPPING events from decorations provider vscode.git 5465
[2022-10-05 15:17:59.661] [exthost] [warning] [Decorations] CAPPING events from decorations provider vscode.git 5465
[2022-10-05 15:18:05.338] [exthost] [warning] [Decorations] CAPPING events from decorations provider vscode.git 5465
[2022-10-05 15:18:10.481] [exthost] [warning] [Decorations] CAPPING events from decorations provider vscode.git 9049
[2022-10-05 15:18:11.699] [exthost] [info] ExtensionService#_doActivateExtension ritwickdey.LiveServer, startup: false, activationEvent: 'onStartupFinished'
[2022-10-05 15:18:24.763] [exthost] [warning] [Decorations] CAPPING events from decorations provider vscode.git 13948
[2022-10-05 15:18:33.888] [exthost] [warning] [Decorations] CAPPING events from decorations provider vscode.git 10002
[2022-10-05 15:18:35.761] [exthost] [warning] [Decorations] CAPPING events from decorations provider vscode.git 10000
[2022-10-05 15:22:27.503] [exthost] [warning] [Decorations] CAPPING events from decorations provider vscode.git 10000
[2022-10-05 15:25:41.437] [exthost] [warning] [Decorations] CAPPING events from decorations provider vscode.git 10000
[2022-10-05 15:29:31.750] [exthost] [warning] [Decorations] CAPPING events from decorations provider vscode.git 10000
[2022-10-05 15:32:32.343] [exthost] [warning] [Decorations] CAPPING events from decorations provider vscode.git 10005
[2022-10-05 15:35:47.648] [exthost] [warning] [Decorations] CAPPING events from decorations provider vscode.git 10001
[2022-10-05 15:38:48.369] [exthost] [warning] [Decorations] CAPPING events from decorations provider vscode.git 10006
[2022-10-05 15:41:48.957] [exthost] [warning] [Decorations] CAPPING events from decorations provider vscode.git 10001
[2022-10-05 15:44:49.562] [exthost] [warning] [Decorations] CAPPING events from decorations provider vscode.git 10001
[2022-10-05 15:47:50.206] [exthost] [warning] [Decorations] CAPPING events from decorations provider vscode.git 10003
[2022-10-05 15:50:51.553] [exthost] [warning] [Decorations] CAPPING events from decorations provider vscode.git 10001
[2022-10-05 15:53:52.958] [exthost] [warning] [Decorations] CAPPING events from decorations provider vscode.git 10002
[2022-10-05 15:56:53.570] [exthost] [warning] [Decorations] CAPPING events from decorations provider vscode.git 10000
[2022-10-05 15:59:54.222] [exthost] [warning] [Decorations] CAPPING events from decorations provider vscode.git 10000
[2022-10-05 16:02:54.820] [exthost] [warning] [Decorations] CAPPING events from decorations provider vscode.git 10000
[2022-10-05 16:05:55.427] [exthost] [warning] [Decorations] CAPPING events from decorations provider vscode.git 10000
[2022-10-05 16:08:56.016] [exthost] [warning] [Decorations] CAPPING events from decorations provider vscode.git 10000
[2022-10-05 16:11:56.590] [exthost] [warning] [Decorations] CAPPING events from decorations provider vscode.git 10000
[2022-10-05 16:14:57.156] [exthost] [warning] [Decorations] CAPPING events from decorations provider vscode.git 10000
[2022-10-05 16:17:57.768] [exthost] [warning] [Decorations] CAPPING events from decorations provider vscode.git 10003
[2022-10-05 16:20:58.326] [exthost] [warning] [Decorations] CAPPING events from decorations provider vscode.git 10003
[2022-10-05 16:23:58.907] [exthost] [warning] [Decorations] CAPPING events from decorations provider vscode.git 10002
[2022-10-05 16:26:59.791] [exthost] [warning] [Decorations] CAPPING events from decorations provider vscode.git 10001
[2022-10-05 16:30:00.409] [exthost] [warning] [Decorations] CAPPING events from decorations provider vscode.git 10005
[2022-10-05 16:33:01.855] [exthost] [warning] [Decorations] CAPPING events from decorations provider vscode.git 10001
[2022-10-05 16:36:02.442] [exthost] [warning] [Decorations] CAPPING events from decorations provider vscode.git 10001
[2022-10-05 16:39:03.025] [exthost] [warning] [Decorations] CAPPING events from decorations provider vscode.git 10000
[2022-10-05 16:39:43.511] [exthost] [info] Extension host terminating: received terminate message from renderer
[2022-10-05 16:39:43.512] [exthost] [info] Lock '/home/nunoamorim/.vscode-server/data/User/workspaceStorage/a9f5109e99d391079f85d3e92812567a/vscode.lock': Marking the lockfile as scheduled to be released in 6000 ms.
[2022-10-05 16:39:43.628] [exthost] [info] Extension host with pid 2138 exiting with code 0
