[2022-10-05T14:02:26.708Z] Log level: Info
[2022-10-05T14:02:26.717Z] [info] Validating found git in: git
[2022-10-05T14:02:26.909Z] [info] Using git 2.25.1 from git
[2022-10-05T14:02:26.942Z] > git rev-parse --show-toplevel [13ms]
[2022-10-05T14:02:26.992Z] > git rev-parse --git-dir --git-common-dir [38ms]
[2022-10-05T14:02:26.999Z] [info] Open repository: /home/nunoamorim
[2022-10-05T14:02:27.292Z] > git status -z -uall [281ms]
[2022-10-05T14:02:27.308Z] > git symbolic-ref --short HEAD [11ms]
[2022-10-05T14:02:27.317Z] > git for-each-ref --format=%(refname)%00%(upstream:short)%00%(objectname)%00%(upstream:track)%00%(upstream:remotename)%00%(upstream:remoteref) refs/heads/master refs/remotes/master [2ms]
[2022-10-05T14:02:27.334Z] > git remote --verbose [5ms]
[2022-10-05T14:02:27.335Z] > git for-each-ref --sort -committerdate --format %(refname) %(objectname) %(*objectname) [11ms]
[2022-10-05T14:02:27.381Z] > git config --get commit.template [1ms]
[2022-10-05T14:02:27.409Z] > git status -z -uall [23ms]
[2022-10-05T14:02:27.433Z] > git symbolic-ref --short HEAD [20ms]
[2022-10-05T14:02:27.444Z] > git for-each-ref --format=%(refname)%00%(upstream:short)%00%(objectname)%00%(upstream:track)%00%(upstream:remotename)%00%(upstream:remoteref) refs/heads/master refs/remotes/master [5ms]
[2022-10-05T14:02:27.634Z] > git remote --verbose [182ms]
[2022-10-05T14:02:27.634Z] > git for-each-ref --sort -committerdate --format %(refname) %(objectname) %(*objectname) [186ms]
[2022-10-05T14:02:27.648Z] > git fetch [642ms]
[2022-10-05T14:02:27.672Z] > git check-ignore -v -z --stdin [20ms]
[2022-10-05T14:02:27.674Z] > git config --get commit.template [14ms]
[2022-10-05T14:02:27.698Z] > git status -z -uall [20ms]
[2022-10-05T14:02:27.702Z] > git symbolic-ref --short HEAD [1ms]
[2022-10-05T14:02:27.706Z] > git for-each-ref --format=%(refname)%00%(upstream:short)%00%(objectname)%00%(upstream:track)%00%(upstream:remotename)%00%(upstream:remoteref) refs/heads/master refs/remotes/master [1ms]
[2022-10-05T14:02:27.714Z] > git remote --verbose [1ms]
[2022-10-05T14:02:27.714Z] > git for-each-ref --sort -committerdate --format %(refname) %(objectname) %(*objectname) [4ms]
[2022-10-05T14:02:27.743Z] > git config --get commit.template [6ms]
[2022-10-05T14:02:28.581Z] > git config --local branch.master.github-pr-owner-number [58ms]
[2022-10-05T14:02:31.210Z] > git status -z -uall [18ms]
[2022-10-05T14:02:31.215Z] > git symbolic-ref --short HEAD [1ms]
[2022-10-05T14:02:31.220Z] > git for-each-ref --format=%(refname)%00%(upstream:short)%00%(objectname)%00%(upstream:track)%00%(upstream:remotename)%00%(upstream:remoteref) refs/heads/master refs/remotes/master [1ms]
[2022-10-05T14:02:31.228Z] > git remote --verbose [1ms]
[2022-10-05T14:02:31.228Z] > git for-each-ref --sort -committerdate --format %(refname) %(objectname) %(*objectname) [4ms]
[2022-10-05T14:02:31.244Z] > git config --get commit.template [1ms]
[2022-10-05T14:02:36.268Z] > git status -z -uall [18ms]
[2022-10-05T14:02:36.272Z] > git symbolic-ref --short HEAD [0ms]
[2022-10-05T14:02:36.277Z] > git for-each-ref --format=%(refname)%00%(upstream:short)%00%(objectname)%00%(upstream:track)%00%(upstream:remotename)%00%(upstream:remoteref) refs/heads/master refs/remotes/master [1ms]
[2022-10-05T14:02:36.284Z] > git remote --verbose [0ms]
[2022-10-05T14:02:36.285Z] > git for-each-ref --sort -committerdate --format %(refname) %(objectname) %(*objectname) [5ms]
[2022-10-05T14:02:36.305Z] > git config --get commit.template [4ms]
[2022-10-05T14:02:41.362Z] > git status -z -uall [47ms]
[2022-10-05T14:02:41.367Z] > git symbolic-ref --short HEAD [1ms]
[2022-10-05T14:02:41.374Z] > git for-each-ref --format=%(refname)%00%(upstream:short)%00%(objectname)%00%(upstream:track)%00%(upstream:remotename)%00%(upstream:remoteref) refs/heads/master refs/remotes/master [1ms]
[2022-10-05T14:02:41.382Z] > git remote --verbose [1ms]
[2022-10-05T14:02:41.383Z] > git for-each-ref --sort -committerdate --format %(refname) %(objectname) %(*objectname) [5ms]
[2022-10-05T14:02:41.399Z] > git config --get commit.template [0ms]
[2022-10-05T14:02:46.443Z] > git status -z -uall [26ms]
[2022-10-05T14:02:46.450Z] > git symbolic-ref --short HEAD [1ms]
[2022-10-05T14:02:46.456Z] > git for-each-ref --format=%(refname)%00%(upstream:short)%00%(objectname)%00%(upstream:track)%00%(upstream:remotename)%00%(upstream:remoteref) refs/heads/master refs/remotes/master [1ms]
[2022-10-05T14:02:46.466Z] > git remote --verbose [2ms]
[2022-10-05T14:02:46.466Z] > git for-each-ref --sort -committerdate --format %(refname) %(objectname) %(*objectname) [5ms]
[2022-10-05T14:02:46.492Z] > git config --get commit.template [2ms]
[2022-10-05T14:02:51.516Z] > git status -z -uall [17ms]
[2022-10-05T14:02:51.521Z] > git symbolic-ref --short HEAD [1ms]
[2022-10-05T14:02:51.526Z] > git for-each-ref --format=%(refname)%00%(upstream:short)%00%(objectname)%00%(upstream:track)%00%(upstream:remotename)%00%(upstream:remoteref) refs/heads/master refs/remotes/master [1ms]
[2022-10-05T14:02:51.533Z] > git remote --verbose [1ms]
[2022-10-05T14:02:51.534Z] > git for-each-ref --sort -committerdate --format %(refname) %(objectname) %(*objectname) [5ms]
[2022-10-05T14:02:51.549Z] > git config --get commit.template [0ms]
[2022-10-05T14:02:53.384Z] > git check-ignore -v -z --stdin [5ms]
[2022-10-05T14:02:56.582Z] > git status -z -uall [17ms]
[2022-10-05T14:02:56.587Z] > git symbolic-ref --short HEAD [1ms]
[2022-10-05T14:02:56.592Z] > git for-each-ref --format=%(refname)%00%(upstream:short)%00%(objectname)%00%(upstream:track)%00%(upstream:remotename)%00%(upstream:remoteref) refs/heads/master refs/remotes/master [1ms]
[2022-10-05T14:02:56.599Z] > git remote --verbose [1ms]
[2022-10-05T14:02:56.600Z] > git for-each-ref --sort -committerdate --format %(refname) %(objectname) %(*objectname) [5ms]
[2022-10-05T14:02:56.617Z] > git config --get commit.template [1ms]
